<?xml version="1.0" encoding="UTF-8"?>
<testsuite xmlns:xsi="http://www.w3.org/2001/XMLSchema-instance" xsi:noNamespaceSchemaLocation="https://maven.apache.org/surefire/maven-surefire-plugin/xsd/surefire-test-report-3.0.xsd" version="3.0" name="TestSuite" time="163.239" tests="24" errors="0" skipped="14" failures="7">
  <properties>
[...]
</properties>
  <testcase name="allHeaderTokenMoodPage[https://ai-mood.com/en/block-explorer, Screenshots/](1)" classname="tests.tokenMoodPageTests.AllPageFirefoxTests" time="0">
    <skipped message="*** Images are not similar *** expected [true] but found [false]"/>
    <system-out><![CDATA[The two images are not similar.
Difference found. See the file D:\jenkins-agent-data\workspace\pixelPerfectMultiPlatform_AI_Mood_Prod\Screenshots\TokenMood_page\EnFirefox\Screenshots_allHeaderTokenMoodPage\difference.png for details.
]]></system-out>
    <system-err><![CDATA[SLF4J: Failed to load class "org.slf4j.impl.StaticLoggerBinder".
SLF4J: Defaulting to no-operation (NOP) logger implementation
SLF4J: See http://www.slf4j.org/codes.html#StaticLoggerBinder for further details.
1692607120755	geckodriver	INFO	Listening on 127.0.0.1:8570
1692607121208	mozrunner::runner	INFO	Running command: "C:\\Program Files\\Mozilla Firefox\\firefox.exe" "--marionette" "--remote-debugging-port" "28546" "--remote ... localhost:28546/,http://[::1]:28546/" "-no-remote" "-profile" "C:\\Users\\admin\\AppData\\Local\\Temp\\rust_mozprofileGaSzEW"
console.warn: services.settings: Ignoring preference override of remote settings server
console.warn: services.settings: Allow by setting MOZ_REMOTE_SETTINGS_DEVTOOLS=1 in the environment
1692607121932	Marionette	INFO	Marionette enabled
Dynamically enable window occlusion 0
1692607121937	Marionette	INFO	Listening on port 58317
Read port: 58317
WebDriver BiDi listening on ws://127.0.0.1:28546
1692607122071	RemoteAgent	WARN	TLS certificate errors will be ignored for this session
[ERROR glean_core] Error setting metrics feature config: Json(Error("EOF while parsing a value", line: 1, column: 0))
DevTools listening on ws://127.0.0.1:28546/devtools/browser/12bb499d-1c02-4744-a643-8343430300fb
JavaScript error: , line 0: uncaught exception: Object
]]></system-err>
  </testcase>
  <testcase name="allHeaderTokenMoodPage[https://ai-mood.com/en/block-explorer, Screenshots/](2)" classname="tests.tokenMoodPageTests.AllPageFirefoxTests" time="0">
    <skipped message="*** Images are not similar *** expected [true] but found [false]"/>
    <system-out><![CDATA[The two images are not similar.
Difference found. See the file D:\jenkins-agent-data\workspace\pixelPerfectMultiPlatform_AI_Mood_Prod\Screenshots\TokenMood_page\EnFirefox\Screenshots_allHeaderTokenMoodPage\difference.png for details.
]]></system-out>
    <system-err><![CDATA[org.openqa.selenium.NoSuchElementException: Unable to locate element: //button[@class='accept-cookies-btn']
For documentation on this error, please visit: https://selenium.dev/exceptions/#no_such_element
Build info: version: '4.8.1', revision: '8ebccac989'
System info: os.name: 'Windows 10', os.arch: 'amd64', os.version: '10.0', java.version: '9.0.4'
Driver info: org.openqa.selenium.firefox.FirefoxDriver
Command: [d349efef-1ed6-48d4-9ae7-7fad49dc9c4e, findElement {using=xpath, value=//button[@class='accept-cookies-btn']}]
Capabilities {acceptInsecureCerts: true, browserName: firefox, browserVersion: 113.0.2, moz:accessibilityChecks: false, moz:buildID: 20230522134052, moz:debuggerAddress: 127.0.0.1:28546, moz:geckodriverVersion: 0.33.0, moz:headless: false, moz:platformVersion: 10.0, moz:processID: 7008, moz:profile: C:\Users\admin\AppData\Loca..., moz:shutdownTimeout: 60000, moz:useNonSpecCompliantPointerOrigin: false, moz:webdriverClick: true, moz:windowless: false, pageLoadStrategy: normal, platformName: WINDOWS, proxy: Proxy(), se:cdp: ws://127.0.0.1:28546/devtoo..., se:cdpVersion: 85.0, setWindowRect: true, strictFileInteractability: false, timeouts: {implicit: 0, pageLoad: 300000, script: 30000}, unhandledPromptBehavior: dismiss and notify}
Session ID: d349efef-1ed6-48d4-9ae7-7fad49dc9c4e
	at java.base/jdk.internal.reflect.NativeConstructorAccessorImpl.newInstance0(Native Method)
	at java.base/jdk.internal.reflect.NativeConstructorAccessorImpl.newInstance(NativeConstructorAccessorImpl.java:62)
	at java.base/jdk.internal.reflect.DelegatingConstructorAccessorImpl.newInstance(DelegatingConstructorAccessorImpl.java:45)
	at java.base/java.lang.reflect.Constructor.newInstance(Constructor.java:488)
	at org.openqa.selenium.remote.codec.w3c.W3CHttpResponseCodec.createException(W3CHttpResponseCodec.java:200)
	at org.openqa.selenium.remote.codec.w3c.W3CHttpResponseCodec.decode(W3CHttpResponseCodec.java:133)
	at org.openqa.selenium.remote.codec.w3c.W3CHttpResponseCodec.decode(W3CHttpResponseCodec.java:53)
	at org.openqa.selenium.remote.HttpCommandExecutor.execute(HttpCommandExecutor.java:184)
	at org.openqa.selenium.remote.service.DriverCommandExecutor.invokeExecute(DriverCommandExecutor.java:167)
	at org.openqa.selenium.remote.service.DriverCommandExecutor.execute(DriverCommandExecutor.java:142)
	at org.openqa.selenium.remote.RemoteWebDriver.execute(RemoteWebDriver.java:543)
	at org.openqa.selenium.remote.ElementLocation$ElementFinder$2.findElement(ElementLocation.java:162)
	at org.openqa.selenium.remote.ElementLocation.findElement(ElementLocation.java:60)
	at org.openqa.selenium.remote.RemoteWebDriver.findElement(RemoteWebDriver.java:352)
	at org.openqa.selenium.remote.RemoteWebDriver.findElement(RemoteWebDriver.java:344)
	at pages.base.Action.findElementByXpath(Action.java:30)
	at pages.base.Action.ifButtonIsPresentClick(Action.java:109)
	at tests.tokenMoodPageTests.AllPageFirefoxTests.allHeaderTokenMoodPage(AllPageFirefoxTests.java:23)
	at java.base/jdk.internal.reflect.NativeMethodAccessorImpl.invoke0(Native Method)
	at java.base/jdk.internal.reflect.NativeMethodAccessorImpl.invoke(NativeMethodAccessorImpl.java:62)
	at java.base/jdk.internal.reflect.DelegatingMethodAccessorImpl.invoke(DelegatingMethodAccessorImpl.java:43)
	at java.base/java.lang.reflect.Method.invoke(Method.java:564)
	at org.testng.internal.invokers.MethodInvocationHelper.invokeMethod(MethodInvocationHelper.java:135)
	at org.testng.internal.invokers.TestInvoker.invokeMethod(TestInvoker.java:673)
	at org.testng.internal.invokers.TestInvoker.retryFailed(TestInvoker.java:262)
	at org.testng.internal.invokers.MethodRunner.runInSequence(MethodRunner.java:62)
	at org.testng.internal.invokers.TestInvoker$MethodInvocationAgent.invoke(TestInvoker.java:945)
	at org.testng.internal.invokers.TestInvoker.invokeTestMethods(TestInvoker.java:193)
	at org.testng.internal.invokers.TestMethodWorker.invokeTestMethods(TestMethodWorker.java:146)
	at org.testng.internal.invokers.TestMethodWorker.run(TestMethodWorker.java:128)
	at java.base/java.util.ArrayList.forEach(ArrayList.java:1380)
	at org.testng.TestRunner.privateRun(TestRunner.java:808)
	at org.testng.TestRunner.run(TestRunner.java:603)
	at org.testng.SuiteRunner.runTest(SuiteRunner.java:429)
	at org.testng.SuiteRunner.runSequentially(SuiteRunner.java:423)
	at org.testng.SuiteRunner.privateRun(SuiteRunner.java:383)
	at org.testng.SuiteRunner.run(SuiteRunner.java:326)
	at org.testng.SuiteRunnerWorker.runSuite(SuiteRunnerWorker.java:52)
	at org.testng.SuiteRunnerWorker.run(SuiteRunnerWorker.java:95)
	at org.testng.TestNG.runSuitesSequentially(TestNG.java:1249)
	at org.testng.TestNG.runSuitesLocally(TestNG.java:1169)
	at org.testng.TestNG.runSuites(TestNG.java:1092)
	at org.testng.TestNG.run(TestNG.java:1060)
	at org.apache.maven.surefire.testng.TestNGExecutor.run(TestNGExecutor.java:284)
	at org.apache.maven.surefire.testng.TestNGXmlTestSuite.execute(TestNGXmlTestSuite.java:75)
	at org.apache.maven.surefire.testng.TestNGProvider.invoke(TestNGProvider.java:119)
	at org.apache.maven.surefire.booter.ForkedBooter.runSuitesInProcess(ForkedBooter.java:428)
	at org.apache.maven.surefire.booter.ForkedBooter.execute(ForkedBooter.java:162)
	at org.apache.maven.surefire.booter.ForkedBooter.run(ForkedBooter.java:562)
	at org.apache.maven.surefire.booter.ForkedBooter.main(ForkedBooter.java:548)
]]></system-err>
  </testcase>
  <testcase name="allHeaderTokenMoodPage[https://ai-mood.com/en/block-explorer, Screenshots/](3)" classname="tests.tokenMoodPageTests.AllPageFirefoxTests" time="18.597">
    <failure message="*** Images are not similar *** expected [true] but found [false]" type="java.lang.AssertionError"><![CDATA[java.lang.AssertionError: *** Images are not similar *** expected [true] but found [false]
	at tests.tokenMoodPageTests.AllPageFirefoxTests.allHeaderTokenMoodPage(AllPageFirefoxTests.java:26)
]]></failure>
    <system-out><![CDATA[The two images are not similar.
Difference found. See the file D:\jenkins-agent-data\workspace\pixelPerfectMultiPlatform_AI_Mood_Prod\Screenshots\TokenMood_page\EnFirefox\Screenshots_allHeaderTokenMoodPage\difference.png for details.
]]></system-out>
    <system-err><![CDATA[org.openqa.selenium.NoSuchElementException: Unable to locate element: //button[@class='accept-cookies-btn']
For documentation on this error, please visit: https://selenium.dev/exceptions/#no_such_element
Build info: version: '4.8.1', revision: '8ebccac989'
System info: os.name: 'Windows 10', os.arch: 'amd64', os.version: '10.0', java.version: '9.0.4'
Driver info: org.openqa.selenium.firefox.FirefoxDriver
Command: [d349efef-1ed6-48d4-9ae7-7fad49dc9c4e, findElement {using=xpath, value=//button[@class='accept-cookies-btn']}]
Capabilities {acceptInsecureCerts: true, browserName: firefox, browserVersion: 113.0.2, moz:accessibilityChecks: false, moz:buildID: 20230522134052, moz:debuggerAddress: 127.0.0.1:28546, moz:geckodriverVersion: 0.33.0, moz:headless: false, moz:platformVersion: 10.0, moz:processID: 7008, moz:profile: C:\Users\admin\AppData\Loca..., moz:shutdownTimeout: 60000, moz:useNonSpecCompliantPointerOrigin: false, moz:webdriverClick: true, moz:windowless: false, pageLoadStrategy: normal, platformName: WINDOWS, proxy: Proxy(), se:cdp: ws://127.0.0.1:28546/devtoo..., se:cdpVersion: 85.0, setWindowRect: true, strictFileInteractability: false, timeouts: {implicit: 0, pageLoad: 300000, script: 30000}, unhandledPromptBehavior: dismiss and notify}
Session ID: d349efef-1ed6-48d4-9ae7-7fad49dc9c4e
	at java.base/jdk.internal.reflect.NativeConstructorAccessorImpl.newInstance0(Native Method)
	at java.base/jdk.internal.reflect.NativeConstructorAccessorImpl.newInstance(NativeConstructorAccessorImpl.java:62)
	at java.base/jdk.internal.reflect.DelegatingConstructorAccessorImpl.newInstance(DelegatingConstructorAccessorImpl.java:45)
	at java.base/java.lang.reflect.Constructor.newInstance(Constructor.java:488)
	at org.openqa.selenium.remote.codec.w3c.W3CHttpResponseCodec.createException(W3CHttpResponseCodec.java:200)
	at org.openqa.selenium.remote.codec.w3c.W3CHttpResponseCodec.decode(W3CHttpResponseCodec.java:133)
	at org.openqa.selenium.remote.codec.w3c.W3CHttpResponseCodec.decode(W3CHttpResponseCodec.java:53)
	at org.openqa.selenium.remote.HttpCommandExecutor.execute(HttpCommandExecutor.java:184)
	at org.openqa.selenium.remote.service.DriverCommandExecutor.invokeExecute(DriverCommandExecutor.java:167)
	at org.openqa.selenium.remote.service.DriverCommandExecutor.execute(DriverCommandExecutor.java:142)
	at org.openqa.selenium.remote.RemoteWebDriver.execute(RemoteWebDriver.java:543)
	at org.openqa.selenium.remote.ElementLocation$ElementFinder$2.findElement(ElementLocation.java:162)
	at org.openqa.selenium.remote.ElementLocation.findElement(ElementLocation.java:60)
	at org.openqa.selenium.remote.RemoteWebDriver.findElement(RemoteWebDriver.java:352)
	at org.openqa.selenium.remote.RemoteWebDriver.findElement(RemoteWebDriver.java:344)
	at pages.base.Action.findElementByXpath(Action.java:30)
	at pages.base.Action.ifButtonIsPresentClick(Action.java:109)
	at tests.tokenMoodPageTests.AllPageFirefoxTests.allHeaderTokenMoodPage(AllPageFirefoxTests.java:23)
	at java.base/jdk.internal.reflect.NativeMethodAccessorImpl.invoke0(Native Method)
	at java.base/jdk.internal.reflect.NativeMethodAccessorImpl.invoke(NativeMethodAccessorImpl.java:62)
	at java.base/jdk.internal.reflect.DelegatingMethodAccessorImpl.invoke(DelegatingMethodAccessorImpl.java:43)
	at java.base/java.lang.reflect.Method.invoke(Method.java:564)
	at org.testng.internal.invokers.MethodInvocationHelper.invokeMethod(MethodInvocationHelper.java:135)
	at org.testng.internal.invokers.TestInvoker.invokeMethod(TestInvoker.java:673)
	at org.testng.internal.invokers.TestInvoker.retryFailed(TestInvoker.java:262)
	at org.testng.internal.invokers.MethodRunner.runInSequence(MethodRunner.java:62)
	at org.testng.internal.invokers.TestInvoker$MethodInvocationAgent.invoke(TestInvoker.java:945)
	at org.testng.internal.invokers.TestInvoker.invokeTestMethods(TestInvoker.java:193)
	at org.testng.internal.invokers.TestMethodWorker.invokeTestMethods(TestMethodWorker.java:146)
	at org.testng.internal.invokers.TestMethodWorker.run(TestMethodWorker.java:128)
	at java.base/java.util.ArrayList.forEach(ArrayList.java:1380)
	at org.testng.TestRunner.privateRun(TestRunner.java:808)
	at org.testng.TestRunner.run(TestRunner.java:603)
	at org.testng.SuiteRunner.runTest(SuiteRunner.java:429)
	at org.testng.SuiteRunner.runSequentially(SuiteRunner.java:423)
	at org.testng.SuiteRunner.privateRun(SuiteRunner.java:383)
	at org.testng.SuiteRunner.run(SuiteRunner.java:326)
	at org.testng.SuiteRunnerWorker.runSuite(SuiteRunnerWorker.java:52)
	at org.testng.SuiteRunnerWorker.run(SuiteRunnerWorker.java:95)
	at org.testng.TestNG.runSuitesSequentially(TestNG.java:1249)
	at org.testng.TestNG.runSuitesLocally(TestNG.java:1169)
	at org.testng.TestNG.runSuites(TestNG.java:1092)
	at org.testng.TestNG.run(TestNG.java:1060)
	at org.apache.maven.surefire.testng.TestNGExecutor.run(TestNGExecutor.java:284)
	at org.apache.maven.surefire.testng.TestNGXmlTestSuite.execute(TestNGXmlTestSuite.java:75)
	at org.apache.maven.surefire.testng.TestNGProvider.invoke(TestNGProvider.java:119)
	at org.apache.maven.surefire.booter.ForkedBooter.runSuitesInProcess(ForkedBooter.java:428)
	at org.apache.maven.surefire.booter.ForkedBooter.execute(ForkedBooter.java:162)
	at org.apache.maven.surefire.booter.ForkedBooter.run(ForkedBooter.java:562)
	at org.apache.maven.surefire.booter.ForkedBooter.main(ForkedBooter.java:548)
]]></system-err>
  </testcase>
  <testcase name="getStartedHeaderTokenMoodPage[https://ai-mood.com/en/block-explorer, Screenshots/](1)" classname="tests.tokenMoodPageTests.AllPageFirefoxTests" time="0">
    <skipped message="*** Images are not similar *** expected [true] but found [false]"/>
    <system-out><![CDATA[The two images are not similar.
Difference found. See the file D:\jenkins-agent-data\workspace\pixelPerfectMultiPlatform_AI_Mood_Prod\Screenshots\TokenMood_page\EnFirefox\Screenshots_getStartedHeaderTokenMoodPage\difference.png for details.
]]></system-out>
  </testcase>
  <testcase name="getStartedHeaderTokenMoodPage[https://ai-mood.com/en/block-explorer, Screenshots/](2)" classname="tests.tokenMoodPageTests.AllPageFirefoxTests" time="0">
    <skipped message="*** Images are not similar *** expected [true] but found [false]"/>
    <system-out><![CDATA[The two images are not similar.
Difference found. See the file D:\jenkins-agent-data\workspace\pixelPerfectMultiPlatform_AI_Mood_Prod\Screenshots\TokenMood_page\EnFirefox\Screenshots_getStartedHeaderTokenMoodPage\difference.png for details.
]]></system-out>
  </testcase>
  <testcase name="getStartedHeaderTokenMoodPage[https://ai-mood.com/en/block-explorer, Screenshots/](3)" classname="tests.tokenMoodPageTests.AllPageFirefoxTests" time="3.574">
    <failure message="*** Images are not similar *** expected [true] but found [false]" type="java.lang.AssertionError"><![CDATA[java.lang.AssertionError: *** Images are not similar *** expected [true] but found [false]
	at tests.tokenMoodPageTests.AllPageFirefoxTests.getStartedHeaderTokenMoodPage(AllPageFirefoxTests.java:44)
]]></failure>
    <system-out><![CDATA[The two images are not similar.
Difference found. See the file D:\jenkins-agent-data\workspace\pixelPerfectMultiPlatform_AI_Mood_Prod\Screenshots\TokenMood_page\EnFirefox\Screenshots_getStartedHeaderTokenMoodPage\difference.png for details.
]]></system-out>
  </testcase>
  <testcase name="learnHeaderTokenMoodPage[https://ai-mood.com/en/block-explorer, Screenshots/](1)" classname="tests.tokenMoodPageTests.AllPageFirefoxTests" time="0">
    <skipped message="*** Images are not similar *** expected [true] but found [false]"/>
    <system-out><![CDATA[The two images are not similar.
Difference found. See the file D:\jenkins-agent-data\workspace\pixelPerfectMultiPlatform_AI_Mood_Prod\Screenshots\TokenMood_page\EnFirefox\Screenshots_learnHeaderTokenMoodPage\difference.png for details.
]]></system-out>
  </testcase>
  <testcase name="learnHeaderTokenMoodPage[https://ai-mood.com/en/block-explorer, Screenshots/](2)" classname="tests.tokenMoodPageTests.AllPageFirefoxTests" time="0">
    <skipped message="*** Images are not similar *** expected [true] but found [false]"/>
    <system-out><![CDATA[The two images are not similar.
Difference found. See the file D:\jenkins-agent-data\workspace\pixelPerfectMultiPlatform_AI_Mood_Prod\Screenshots\TokenMood_page\EnFirefox\Screenshots_learnHeaderTokenMoodPage\difference.png for details.
]]></system-out>
  </testcase>
  <testcase name="learnHeaderTokenMoodPage[https://ai-mood.com/en/block-explorer, Screenshots/](3)" classname="tests.tokenMoodPageTests.AllPageFirefoxTests" time="3.725">
    <failure message="*** Images are not similar *** expected [true] but found [false]" type="java.lang.AssertionError"><![CDATA[java.lang.AssertionError: *** Images are not similar *** expected [true] but found [false]
	at tests.tokenMoodPageTests.AllPageFirefoxTests.learnHeaderTokenMoodPage(AllPageFirefoxTests.java:62)
]]></failure>
    <system-out><![CDATA[The two images are not similar.
Difference found. See the file D:\jenkins-agent-data\workspace\pixelPerfectMultiPlatform_AI_Mood_Prod\Screenshots\TokenMood_page\EnFirefox\Screenshots_learnHeaderTokenMoodPage\difference.png for details.
]]></system-out>
  </testcase>
  <testcase name="resourcesHeaderTokenMoodPage[https://ai-mood.com/en/block-explorer, Screenshots/](1)" classname="tests.tokenMoodPageTests.AllPageFirefoxTests" time="0">
    <skipped message="*** Images are not similar *** expected [true] but found [false]"/>
    <system-out><![CDATA[The two images are not similar.
Difference found. See the file D:\jenkins-agent-data\workspace\pixelPerfectMultiPlatform_AI_Mood_Prod\Screenshots\TokenMood_page\EnFirefox\Screenshots_resourcesHeaderTokenMoodPage\difference.png for details.
]]></system-out>
  </testcase>
  <testcase name="resourcesHeaderTokenMoodPage[https://ai-mood.com/en/block-explorer, Screenshots/](2)" classname="tests.tokenMoodPageTests.AllPageFirefoxTests" time="0">
    <skipped message="*** Images are not similar *** expected [true] but found [false]"/>
    <system-out><![CDATA[The two images are not similar.
Difference found. See the file D:\jenkins-agent-data\workspace\pixelPerfectMultiPlatform_AI_Mood_Prod\Screenshots\TokenMood_page\EnFirefox\Screenshots_resourcesHeaderTokenMoodPage\difference.png for details.
]]></system-out>
  </testcase>
  <testcase name="resourcesHeaderTokenMoodPage[https://ai-mood.com/en/block-explorer, Screenshots/](3)" classname="tests.tokenMoodPageTests.AllPageFirefoxTests" time="3.652">
    <failure message="*** Images are not similar *** expected [true] but found [false]" type="java.lang.AssertionError"><![CDATA[java.lang.AssertionError: *** Images are not similar *** expected [true] but found [false]
	at tests.tokenMoodPageTests.AllPageFirefoxTests.resourcesHeaderTokenMoodPage(AllPageFirefoxTests.java:80)
]]></failure>
    <system-out><![CDATA[The two images are not similar.
Difference found. See the file D:\jenkins-agent-data\workspace\pixelPerfectMultiPlatform_AI_Mood_Prod\Screenshots\TokenMood_page\EnFirefox\Screenshots_resourcesHeaderTokenMoodPage\difference.png for details.
]]></system-out>
  </testcase>
  <testcase name="mainSectionTokenMoodPage[https://ai-mood.com/en/block-explorer, Screenshots/](1)" classname="tests.tokenMoodPageTests.AllPageFirefoxTests" time="6.064">
    <system-out><![CDATA[The two images are similar.
]]></system-out>
  </testcase>
  <testcase name="statisticsSectionTokenMoodPage[https://ai-mood.com/en/block-explorer, Screenshots/](1)" classname="tests.tokenMoodPageTests.AllPageFirefoxTests" time="0">
    <skipped message="*** Images are not similar *** expected [true] but found [false]"/>
    <system-out><![CDATA[The two images are not similar.
Difference found. See the file D:\jenkins-agent-data\workspace\pixelPerfectMultiPlatform_AI_Mood_Prod\Screenshots\TokenMood_page\EnFirefox\Screenshots_statisticsSectionTokenMoodPage\difference.png for details.
]]></system-out>
  </testcase>
  <testcase name="statisticsSectionTokenMoodPage[https://ai-mood.com/en/block-explorer, Screenshots/](2)" classname="tests.tokenMoodPageTests.AllPageFirefoxTests" time="0">
    <skipped message="*** Images are not similar *** expected [true] but found [false]"/>
    <system-out><![CDATA[The two images are not similar.
Difference found. See the file D:\jenkins-agent-data\workspace\pixelPerfectMultiPlatform_AI_Mood_Prod\Screenshots\TokenMood_page\EnFirefox\Screenshots_statisticsSectionTokenMoodPage\difference.png for details.
]]></system-out>
  </testcase>
  <testcase name="statisticsSectionTokenMoodPage[https://ai-mood.com/en/block-explorer, Screenshots/](3)" classname="tests.tokenMoodPageTests.AllPageFirefoxTests" time="6.059">
    <failure message="*** Images are not similar *** expected [true] but found [false]" type="java.lang.AssertionError"><![CDATA[java.lang.AssertionError: *** Images are not similar *** expected [true] but found [false]
	at tests.tokenMoodPageTests.AllPageFirefoxTests.statisticsSectionTokenMoodPage(AllPageFirefoxTests.java:137)
]]></failure>
    <system-out><![CDATA[The two images are not similar.
Difference found. See the file D:\jenkins-agent-data\workspace\pixelPerfectMultiPlatform_AI_Mood_Prod\Screenshots\TokenMood_page\EnFirefox\Screenshots_statisticsSectionTokenMoodPage\difference.png for details.
]]></system-out>
  </testcase>
  <testcase name="allFooterTokenMoodPage[https://ai-mood.com/en/block-explorer, Screenshots/](1)" classname="tests.tokenMoodPageTests.AllPageFirefoxTests" time="0">
    <skipped message="*** Images are not similar *** expected [true] but found [false]"/>
    <system-out><![CDATA[The two images are not similar.
Difference found. See the file D:\jenkins-agent-data\workspace\pixelPerfectMultiPlatform_AI_Mood_Prod\Screenshots\TokenMood_page\EnFirefox\Screenshots_allFooterTokenMoodPage\difference.png for details.
]]></system-out>
  </testcase>
  <testcase name="allFooterTokenMoodPage[https://ai-mood.com/en/block-explorer, Screenshots/](2)" classname="tests.tokenMoodPageTests.AllPageFirefoxTests" time="0">
    <skipped message="*** Images are not similar *** expected [true] but found [false]"/>
    <system-out><![CDATA[The two images are not similar.
Difference found. See the file D:\jenkins-agent-data\workspace\pixelPerfectMultiPlatform_AI_Mood_Prod\Screenshots\TokenMood_page\EnFirefox\Screenshots_allFooterTokenMoodPage\difference.png for details.
]]></system-out>
  </testcase>
  <testcase name="allFooterTokenMoodPage[https://ai-mood.com/en/block-explorer, Screenshots/](3)" classname="tests.tokenMoodPageTests.AllPageFirefoxTests" time="4.694">
    <failure message="*** Images are not similar *** expected [true] but found [false]" type="java.lang.AssertionError"><![CDATA[java.lang.AssertionError: *** Images are not similar *** expected [true] but found [false]
	at tests.tokenMoodPageTests.AllPageFirefoxTests.allFooterTokenMoodPage(AllPageFirefoxTests.java:158)
]]></failure>
    <system-out><![CDATA[The two images are not similar.
Difference found. See the file D:\jenkins-agent-data\workspace\pixelPerfectMultiPlatform_AI_Mood_Prod\Screenshots\TokenMood_page\EnFirefox\Screenshots_allFooterTokenMoodPage\difference.png for details.
]]></system-out>
  </testcase>
  <testcase name="partnFooterTokenMoodPage[https://ai-mood.com/en/block-explorer, Screenshots/](1)" classname="tests.tokenMoodPageTests.AllPageFirefoxTests" time="4.91">
    <system-out><![CDATA[The two images are similar.
]]></system-out>
  </testcase>
  <testcase name="subFooterTokenMoodPage[https://ai-mood.com/en/block-explorer, Screenshots/](1)" classname="tests.tokenMoodPageTests.AllPageFirefoxTests" time="4.917">
    <system-out><![CDATA[The two images are similar.
]]></system-out>
  </testcase>
  <testcase name="copFooterTokenMoodPage[https://ai-mood.com/en/block-explorer, Screenshots/](1)" classname="tests.tokenMoodPageTests.AllPageFirefoxTests" time="0">
    <skipped message="*** Images are not similar *** expected [true] but found [false]"/>
    <system-out><![CDATA[The two images are not similar.
Difference found. See the file D:\jenkins-agent-data\workspace\pixelPerfectMultiPlatform_AI_Mood_Prod\Screenshots\TokenMood_page\EnFirefox\Screenshots_copFooterTokenMoodPage\difference.png for details.
]]></system-out>
  </testcase>
  <testcase name="copFooterTokenMoodPage[https://ai-mood.com/en/block-explorer, Screenshots/](2)" classname="tests.tokenMoodPageTests.AllPageFirefoxTests" time="0">
    <skipped message="*** Images are not similar *** expected [true] but found [false]"/>
    <system-out><![CDATA[The two images are not similar.
Difference found. See the file D:\jenkins-agent-data\workspace\pixelPerfectMultiPlatform_AI_Mood_Prod\Screenshots\TokenMood_page\EnFirefox\Screenshots_copFooterTokenMoodPage\difference.png for details.
]]></system-out>
  </testcase>
  <testcase name="copFooterTokenMoodPage[https://ai-mood.com/en/block-explorer, Screenshots/](3)" classname="tests.tokenMoodPageTests.AllPageFirefoxTests" time="3.528">
    <failure message="*** Images are not similar *** expected [true] but found [false]" type="java.lang.AssertionError"><![CDATA[java.lang.AssertionError: *** Images are not similar *** expected [true] but found [false]
	at tests.tokenMoodPageTests.AllPageFirefoxTests.copFooterTokenMoodPage(AllPageFirefoxTests.java:215)
]]></failure>
    <system-out><![CDATA[The two images are not similar.
Difference found. See the file D:\jenkins-agent-data\workspace\pixelPerfectMultiPlatform_AI_Mood_Prod\Screenshots\TokenMood_page\EnFirefox\Screenshots_copFooterTokenMoodPage\difference.png for details.
]]></system-out>
  </testcase>
</testsuite>