<?xml version="1.0" encoding="UTF-8"?>
<testng-results retried="2" ignored="2" total="224" passed="197" failed="23" skipped="0">
  <reporter-output>
  </reporter-output>
  <suite started-at="2023-09-11T14:11:56 EEST" name="WPT" finished-at="2023-09-11T14:35:03 EEST" duration-ms="1386764">
    <groups>
    </groups>
    <test started-at="2023-09-11T14:11:56 EEST" name="ai-mood - Pixel perfect regression" finished-at="2023-09-11T14:35:03 EEST" duration-ms="1386764">
      <class name="tests.marketPlacePageTests.AllPageFirefoxTests">
        <test-method is-config="true" signature="setUp()[pri:0, instance:tests.marketPlacePageTests.AllPageFirefoxTests@1033576a]" started-at="2023-09-11T14:14:38 EEST" name="setUp" finished-at="2023-09-11T14:14:41 EEST" duration-ms="2625" status="PASS">
          <reporter-output>
          </reporter-output>
        </test-method> <!-- setUp -->
        <test-method signature="allHeaderMarketPlacePage(java.lang.String,java.lang.String)[pri:1, instance:tests.marketPlacePageTests.AllPageFirefoxTests@1033576a]" started-at="2023-09-11T14:14:41 EEST" name="allHeaderMarketPlacePage" finished-at="2023-09-11T14:14:51 EEST" duration-ms="10502" status="PASS">
          <params>
            <param index="0">
              <value>
                <![CDATA[https://aimood-stage1.intary.net/en/market-place]]>
              </value>
            </param>
            <param index="1">
              <value>
                <![CDATA[Screenshots_St1/]]>
              </value>
            </param>
          </params>
          <reporter-output>
          </reporter-output>
        </test-method> <!-- allHeaderMarketPlacePage -->
        <test-method signature="getStartedHeaderMarketPlacePage(java.lang.String,java.lang.String)[pri:2, instance:tests.marketPlacePageTests.AllPageFirefoxTests@1033576a]" started-at="2023-09-11T14:14:51 EEST" name="getStartedHeaderMarketPlacePage" finished-at="2023-09-11T14:14:57 EEST" duration-ms="5995" status="PASS">
          <params>
            <param index="0">
              <value>
                <![CDATA[https://aimood-stage1.intary.net/en/market-place]]>
              </value>
            </param>
            <param index="1">
              <value>
                <![CDATA[Screenshots_St1/]]>
              </value>
            </param>
          </params>
          <reporter-output>
          </reporter-output>
        </test-method> <!-- getStartedHeaderMarketPlacePage -->
        <test-method is-config="true" signature="setUp()[pri:0, instance:tests.marketPlacePageTests.AllPageFirefoxTests@1033576a]" started-at="2023-09-11T14:14:51 EEST" name="setUp" finished-at="2023-09-11T14:14:51 EEST" duration-ms="0" status="PASS">
          <reporter-output>
          </reporter-output>
        </test-method> <!-- setUp -->
        <test-method is-config="true" signature="setUp()[pri:0, instance:tests.marketPlacePageTests.AllPageFirefoxTests@1033576a]" started-at="2023-09-11T14:14:57 EEST" name="setUp" finished-at="2023-09-11T14:14:57 EEST" duration-ms="1" status="PASS">
          <reporter-output>
          </reporter-output>
        </test-method> <!-- setUp -->
        <test-method signature="learnHeaderMarketPlacePage(java.lang.String,java.lang.String)[pri:3, instance:tests.marketPlacePageTests.AllPageFirefoxTests@1033576a]" started-at="2023-09-11T14:14:57 EEST" name="learnHeaderMarketPlacePage" finished-at="2023-09-11T14:15:03 EEST" duration-ms="6002" status="PASS">
          <params>
            <param index="0">
              <value>
                <![CDATA[https://aimood-stage1.intary.net/en/market-place]]>
              </value>
            </param>
            <param index="1">
              <value>
                <![CDATA[Screenshots_St1/]]>
              </value>
            </param>
          </params>
          <reporter-output>
          </reporter-output>
        </test-method> <!-- learnHeaderMarketPlacePage -->
        <test-method is-config="true" signature="setUp()[pri:0, instance:tests.marketPlacePageTests.AllPageFirefoxTests@1033576a]" started-at="2023-09-11T14:15:03 EEST" name="setUp" finished-at="2023-09-11T14:15:03 EEST" duration-ms="1" status="PASS">
          <reporter-output>
          </reporter-output>
        </test-method> <!-- setUp -->
        <test-method signature="resourcesHeaderMarketPlacePage(java.lang.String,java.lang.String)[pri:4, instance:tests.marketPlacePageTests.AllPageFirefoxTests@1033576a]" started-at="2023-09-11T14:15:03 EEST" name="resourcesHeaderMarketPlacePage" finished-at="2023-09-11T14:15:09 EEST" duration-ms="6069" status="PASS">
          <params>
            <param index="0">
              <value>
                <![CDATA[https://aimood-stage1.intary.net/en/market-place]]>
              </value>
            </param>
            <param index="1">
              <value>
                <![CDATA[Screenshots_St1/]]>
              </value>
            </param>
          </params>
          <reporter-output>
          </reporter-output>
        </test-method> <!-- resourcesHeaderMarketPlacePage -->
        <test-method signature="mainSectionMarketPlacePage(java.lang.String,java.lang.String)[pri:6, instance:tests.marketPlacePageTests.AllPageFirefoxTests@1033576a]" started-at="2023-09-11T14:15:09 EEST" name="mainSectionMarketPlacePage" finished-at="2023-09-11T14:15:16 EEST" duration-ms="6981" status="PASS">
          <params>
            <param index="0">
              <value>
                <![CDATA[https://aimood-stage1.intary.net/en/market-place]]>
              </value>
            </param>
            <param index="1">
              <value>
                <![CDATA[Screenshots_St1/]]>
              </value>
            </param>
          </params>
          <reporter-output>
          </reporter-output>
        </test-method> <!-- mainSectionMarketPlacePage -->
        <test-method is-config="true" signature="setUp()[pri:0, instance:tests.marketPlacePageTests.AllPageFirefoxTests@1033576a]" started-at="2023-09-11T14:15:09 EEST" name="setUp" finished-at="2023-09-11T14:15:09 EEST" duration-ms="0" status="PASS">
          <reporter-output>
          </reporter-output>
        </test-method> <!-- setUp -->
        <test-method signature="statisticsSectionMarketPlacePage(java.lang.String,java.lang.String)[pri:7, instance:tests.marketPlacePageTests.AllPageFirefoxTests@1033576a]" started-at="2023-09-11T14:15:16 EEST" name="statisticsSectionMarketPlacePage" finished-at="2023-09-11T14:15:22 EEST" duration-ms="6269" status="PASS">
          <params>
            <param index="0">
              <value>
                <![CDATA[https://aimood-stage1.intary.net/en/market-place]]>
              </value>
            </param>
            <param index="1">
              <value>
                <![CDATA[Screenshots_St1/]]>
              </value>
            </param>
          </params>
          <reporter-output>
          </reporter-output>
        </test-method> <!-- statisticsSectionMarketPlacePage -->
        <test-method is-config="true" signature="setUp()[pri:0, instance:tests.marketPlacePageTests.AllPageFirefoxTests@1033576a]" started-at="2023-09-11T14:15:16 EEST" name="setUp" finished-at="2023-09-11T14:15:16 EEST" duration-ms="0" status="PASS">
          <reporter-output>
          </reporter-output>
        </test-method> <!-- setUp -->
        <test-method signature="allFooterMarketPlacePage(java.lang.String,java.lang.String)[pri:8, instance:tests.marketPlacePageTests.AllPageFirefoxTests@1033576a]" started-at="2023-09-11T14:15:22 EEST" name="allFooterMarketPlacePage" finished-at="2023-09-11T14:15:28 EEST" duration-ms="6003" status="PASS">
          <params>
            <param index="0">
              <value>
                <![CDATA[https://aimood-stage1.intary.net/en/market-place]]>
              </value>
            </param>
            <param index="1">
              <value>
                <![CDATA[Screenshots_St1/]]>
              </value>
            </param>
          </params>
          <reporter-output>
          </reporter-output>
        </test-method> <!-- allFooterMarketPlacePage -->
        <test-method is-config="true" signature="setUp()[pri:0, instance:tests.marketPlacePageTests.AllPageFirefoxTests@1033576a]" started-at="2023-09-11T14:15:22 EEST" name="setUp" finished-at="2023-09-11T14:15:22 EEST" duration-ms="0" status="PASS">
          <reporter-output>
          </reporter-output>
        </test-method> <!-- setUp -->
        <test-method is-config="true" signature="tearDown()[pri:0, instance:tests.marketPlacePageTests.AllPageFirefoxTests@1033576a]" started-at="2023-09-11T14:15:28 EEST" name="tearDown" finished-at="2023-09-11T14:15:30 EEST" duration-ms="1635" status="PASS">
          <reporter-output>
          </reporter-output>
        </test-method> <!-- tearDown -->
      </class> <!-- tests.marketPlacePageTests.AllPageFirefoxTests -->
      <class name="tests.resetPasswordPage2Tests.AllPageFirefoxTests">
        <test-method is-config="true" signature="setUp()[pri:0, instance:tests.resetPasswordPage2Tests.AllPageFirefoxTests@548a24a]" started-at="2023-09-11T14:30:49 EEST" name="setUp" finished-at="2023-09-11T14:30:52 EEST" duration-ms="2636" status="PASS">
          <reporter-output>
          </reporter-output>
        </test-method> <!-- setUp -->
        <test-method signature="allHeaderResetPasswordPage2(java.lang.String,java.lang.String)[pri:1, instance:tests.resetPasswordPage2Tests.AllPageFirefoxTests@548a24a]" started-at="2023-09-11T14:30:52 EEST" name="allHeaderResetPasswordPage2" finished-at="2023-09-11T14:31:01 EEST" duration-ms="8895" status="PASS">
          <params>
            <param index="0">
              <value>
                <![CDATA[https://aimood-stage1.intary.net/en/reset-password-2]]>
              </value>
            </param>
            <param index="1">
              <value>
                <![CDATA[Screenshots_St1/]]>
              </value>
            </param>
          </params>
          <reporter-output>
          </reporter-output>
        </test-method> <!-- allHeaderResetPasswordPage2 -->
        <test-method signature="getStartedHeaderResetPasswordPage2(java.lang.String,java.lang.String)[pri:2, instance:tests.resetPasswordPage2Tests.AllPageFirefoxTests@548a24a]" started-at="2023-09-11T14:31:01 EEST" name="getStartedHeaderResetPasswordPage2" finished-at="2023-09-11T14:31:06 EEST" duration-ms="5127" status="PASS">
          <params>
            <param index="0">
              <value>
                <![CDATA[https://aimood-stage1.intary.net/en/reset-password-2]]>
              </value>
            </param>
            <param index="1">
              <value>
                <![CDATA[Screenshots_St1/]]>
              </value>
            </param>
          </params>
          <reporter-output>
          </reporter-output>
        </test-method> <!-- getStartedHeaderResetPasswordPage2 -->
        <test-method is-config="true" signature="setUp()[pri:0, instance:tests.resetPasswordPage2Tests.AllPageFirefoxTests@548a24a]" started-at="2023-09-11T14:31:01 EEST" name="setUp" finished-at="2023-09-11T14:31:01 EEST" duration-ms="0" status="PASS">
          <reporter-output>
          </reporter-output>
        </test-method> <!-- setUp -->
        <test-method signature="learnHeaderResetPasswordPage2(java.lang.String,java.lang.String)[pri:3, instance:tests.resetPasswordPage2Tests.AllPageFirefoxTests@548a24a]" started-at="2023-09-11T14:31:06 EEST" name="learnHeaderResetPasswordPage2" finished-at="2023-09-11T14:31:11 EEST" duration-ms="5107" status="PASS">
          <params>
            <param index="0">
              <value>
                <![CDATA[https://aimood-stage1.intary.net/en/reset-password-2]]>
              </value>
            </param>
            <param index="1">
              <value>
                <![CDATA[Screenshots_St1/]]>
              </value>
            </param>
          </params>
          <reporter-output>
          </reporter-output>
        </test-method> <!-- learnHeaderResetPasswordPage2 -->
        <test-method is-config="true" signature="setUp()[pri:0, instance:tests.resetPasswordPage2Tests.AllPageFirefoxTests@548a24a]" started-at="2023-09-11T14:31:06 EEST" name="setUp" finished-at="2023-09-11T14:31:06 EEST" duration-ms="0" status="PASS">
          <reporter-output>
          </reporter-output>
        </test-method> <!-- setUp -->
        <test-method is-config="true" signature="setUp()[pri:0, instance:tests.resetPasswordPage2Tests.AllPageFirefoxTests@548a24a]" started-at="2023-09-11T14:31:11 EEST" name="setUp" finished-at="2023-09-11T14:31:11 EEST" duration-ms="1" status="PASS">
          <reporter-output>
          </reporter-output>
        </test-method> <!-- setUp -->
        <test-method signature="resourcesHeaderResetPasswordPage2(java.lang.String,java.lang.String)[pri:4, instance:tests.resetPasswordPage2Tests.AllPageFirefoxTests@548a24a]" started-at="2023-09-11T14:31:11 EEST" name="resourcesHeaderResetPasswordPage2" finished-at="2023-09-11T14:31:16 EEST" duration-ms="5168" status="PASS">
          <params>
            <param index="0">
              <value>
                <![CDATA[https://aimood-stage1.intary.net/en/reset-password-2]]>
              </value>
            </param>
            <param index="1">
              <value>
                <![CDATA[Screenshots_St1/]]>
              </value>
            </param>
          </params>
          <reporter-output>
          </reporter-output>
        </test-method> <!-- resourcesHeaderResetPasswordPage2 -->
        <test-method signature="mainSectionResetPasswordPage2(java.lang.String,java.lang.String)[pri:6, instance:tests.resetPasswordPage2Tests.AllPageFirefoxTests@548a24a]" started-at="2023-09-11T14:31:16 EEST" name="mainSectionResetPasswordPage2" finished-at="2023-09-11T14:31:23 EEST" duration-ms="6959" status="PASS">
          <params>
            <param index="0">
              <value>
                <![CDATA[https://aimood-stage1.intary.net/en/reset-password-2]]>
              </value>
            </param>
            <param index="1">
              <value>
                <![CDATA[Screenshots_St1/]]>
              </value>
            </param>
          </params>
          <reporter-output>
          </reporter-output>
        </test-method> <!-- mainSectionResetPasswordPage2 -->
        <test-method is-config="true" signature="setUp()[pri:0, instance:tests.resetPasswordPage2Tests.AllPageFirefoxTests@548a24a]" started-at="2023-09-11T14:31:16 EEST" name="setUp" finished-at="2023-09-11T14:31:16 EEST" duration-ms="0" status="PASS">
          <reporter-output>
          </reporter-output>
        </test-method> <!-- setUp -->
        <test-method signature="allFooterResetPasswordPage2(java.lang.String,java.lang.String)[pri:7, instance:tests.resetPasswordPage2Tests.AllPageFirefoxTests@548a24a]" started-at="2023-09-11T14:31:23 EEST" name="allFooterResetPasswordPage2" finished-at="2023-09-11T14:31:29 EEST" duration-ms="6004" status="PASS">
          <params>
            <param index="0">
              <value>
                <![CDATA[https://aimood-stage1.intary.net/en/reset-password-2]]>
              </value>
            </param>
            <param index="1">
              <value>
                <![CDATA[Screenshots_St1/]]>
              </value>
            </param>
          </params>
          <reporter-output>
          </reporter-output>
        </test-method> <!-- allFooterResetPasswordPage2 -->
        <test-method is-config="true" signature="setUp()[pri:0, instance:tests.resetPasswordPage2Tests.AllPageFirefoxTests@548a24a]" started-at="2023-09-11T14:31:23 EEST" name="setUp" finished-at="2023-09-11T14:31:23 EEST" duration-ms="0" status="PASS">
          <reporter-output>
          </reporter-output>
        </test-method> <!-- setUp -->
        <test-method is-config="true" signature="tearDown()[pri:0, instance:tests.resetPasswordPage2Tests.AllPageFirefoxTests@548a24a]" started-at="2023-09-11T14:31:29 EEST" name="tearDown" finished-at="2023-09-11T14:31:30 EEST" duration-ms="1368" status="PASS">
          <reporter-output>
          </reporter-output>
        </test-method> <!-- tearDown -->
      </class> <!-- tests.resetPasswordPage2Tests.AllPageFirefoxTests -->
      <class name="tests.signInPageTests.AllPageChromeTests">
        <test-method is-config="true" signature="setUp()[pri:0, instance:tests.signInPageTests.AllPageChromeTests@3f4faf53]" started-at="2023-09-11T14:33:04 EEST" name="setUp" finished-at="2023-09-11T14:33:05 EEST" duration-ms="812" status="PASS">
          <reporter-output>
          </reporter-output>
        </test-method> <!-- setUp -->
        <test-method signature="allHeaderSignInPage(java.lang.String,java.lang.String)[pri:1, instance:tests.signInPageTests.AllPageChromeTests@3f4faf53]" started-at="2023-09-11T14:33:05 EEST" name="allHeaderSignInPage" finished-at="2023-09-11T14:33:13 EEST" duration-ms="8331" status="PASS">
          <params>
            <param index="0">
              <value>
                <![CDATA[https://aimood-stage1.intary.net/en/login]]>
              </value>
            </param>
            <param index="1">
              <value>
                <![CDATA[Screenshots_St1/]]>
              </value>
            </param>
          </params>
          <reporter-output>
          </reporter-output>
        </test-method> <!-- allHeaderSignInPage -->
        <test-method signature="getStartedHeaderSignInPage(java.lang.String,java.lang.String)[pri:2, instance:tests.signInPageTests.AllPageChromeTests@3f4faf53]" started-at="2023-09-11T14:33:13 EEST" name="getStartedHeaderSignInPage" finished-at="2023-09-11T14:33:18 EEST" duration-ms="5345" status="PASS">
          <params>
            <param index="0">
              <value>
                <![CDATA[https://aimood-stage1.intary.net/en/login]]>
              </value>
            </param>
            <param index="1">
              <value>
                <![CDATA[Screenshots_St1/]]>
              </value>
            </param>
          </params>
          <reporter-output>
          </reporter-output>
        </test-method> <!-- getStartedHeaderSignInPage -->
        <test-method is-config="true" signature="setUp()[pri:0, instance:tests.signInPageTests.AllPageChromeTests@3f4faf53]" started-at="2023-09-11T14:33:13 EEST" name="setUp" finished-at="2023-09-11T14:33:13 EEST" duration-ms="0" status="PASS">
          <reporter-output>
          </reporter-output>
        </test-method> <!-- setUp -->
        <test-method is-config="true" signature="setUp()[pri:0, instance:tests.signInPageTests.AllPageChromeTests@3f4faf53]" started-at="2023-09-11T14:33:18 EEST" name="setUp" finished-at="2023-09-11T14:33:18 EEST" duration-ms="1" status="PASS">
          <reporter-output>
          </reporter-output>
        </test-method> <!-- setUp -->
        <test-method signature="learnHeaderSignInPage(java.lang.String,java.lang.String)[pri:3, instance:tests.signInPageTests.AllPageChromeTests@3f4faf53]" started-at="2023-09-11T14:33:18 EEST" name="learnHeaderSignInPage" finished-at="2023-09-11T14:33:24 EEST" duration-ms="5334" status="PASS">
          <params>
            <param index="0">
              <value>
                <![CDATA[https://aimood-stage1.intary.net/en/login]]>
              </value>
            </param>
            <param index="1">
              <value>
                <![CDATA[Screenshots_St1/]]>
              </value>
            </param>
          </params>
          <reporter-output>
          </reporter-output>
        </test-method> <!-- learnHeaderSignInPage -->
        <test-method signature="resourcesHeaderSignInPage(java.lang.String,java.lang.String)[pri:4, instance:tests.signInPageTests.AllPageChromeTests@3f4faf53]" started-at="2023-09-11T14:33:24 EEST" name="resourcesHeaderSignInPage" finished-at="2023-09-11T14:33:29 EEST" duration-ms="5295" status="PASS">
          <params>
            <param index="0">
              <value>
                <![CDATA[https://aimood-stage1.intary.net/en/login]]>
              </value>
            </param>
            <param index="1">
              <value>
                <![CDATA[Screenshots_St1/]]>
              </value>
            </param>
          </params>
          <reporter-output>
          </reporter-output>
        </test-method> <!-- resourcesHeaderSignInPage -->
        <test-method is-config="true" signature="setUp()[pri:0, instance:tests.signInPageTests.AllPageChromeTests@3f4faf53]" started-at="2023-09-11T14:33:24 EEST" name="setUp" finished-at="2023-09-11T14:33:24 EEST" duration-ms="0" status="PASS">
          <reporter-output>
          </reporter-output>
        </test-method> <!-- setUp -->
        <test-method signature="mainSectionSignInPage(java.lang.String,java.lang.String)[pri:6, instance:tests.signInPageTests.AllPageChromeTests@3f4faf53]" started-at="2023-09-11T14:33:29 EEST" name="mainSectionSignInPage" finished-at="2023-09-11T14:33:36 EEST" duration-ms="7214" status="PASS">
          <params>
            <param index="0">
              <value>
                <![CDATA[https://aimood-stage1.intary.net/en/login]]>
              </value>
            </param>
            <param index="1">
              <value>
                <![CDATA[Screenshots_St1/]]>
              </value>
            </param>
          </params>
          <reporter-output>
          </reporter-output>
        </test-method> <!-- mainSectionSignInPage -->
        <test-method is-config="true" signature="setUp()[pri:0, instance:tests.signInPageTests.AllPageChromeTests@3f4faf53]" started-at="2023-09-11T14:33:29 EEST" name="setUp" finished-at="2023-09-11T14:33:29 EEST" duration-ms="0" status="PASS">
          <reporter-output>
          </reporter-output>
        </test-method> <!-- setUp -->
        <test-method signature="allFooterSignInPage(java.lang.String,java.lang.String)[pri:7, instance:tests.signInPageTests.AllPageChromeTests@3f4faf53]" started-at="2023-09-11T14:33:36 EEST" name="allFooterSignInPage" finished-at="2023-09-11T14:33:42 EEST" duration-ms="6220" status="PASS">
          <params>
            <param index="0">
              <value>
                <![CDATA[https://aimood-stage1.intary.net/en/login]]>
              </value>
            </param>
            <param index="1">
              <value>
                <![CDATA[Screenshots_St1/]]>
              </value>
            </param>
          </params>
          <reporter-output>
          </reporter-output>
        </test-method> <!-- allFooterSignInPage -->
        <test-method is-config="true" signature="setUp()[pri:0, instance:tests.signInPageTests.AllPageChromeTests@3f4faf53]" started-at="2023-09-11T14:33:36 EEST" name="setUp" finished-at="2023-09-11T14:33:36 EEST" duration-ms="0" status="PASS">
          <reporter-output>
          </reporter-output>
        </test-method> <!-- setUp -->
        <test-method is-config="true" signature="tearDown()[pri:0, instance:tests.signInPageTests.AllPageChromeTests@3f4faf53]" started-at="2023-09-11T14:33:42 EEST" name="tearDown" finished-at="2023-09-11T14:33:43 EEST" duration-ms="656" status="PASS">
          <reporter-output>
          </reporter-output>
        </test-method> <!-- tearDown -->
      </class> <!-- tests.signInPageTests.AllPageChromeTests -->
      <class name="tests.walletPageTests.AllPageFirefoxTests">
        <test-method is-config="true" signature="setUp()[pri:0, instance:tests.walletPageTests.AllPageFirefoxTests@6d60fe40]" started-at="2023-09-11T14:22:04 EEST" name="setUp" finished-at="2023-09-11T14:22:06 EEST" duration-ms="2422" status="PASS">
          <reporter-output>
          </reporter-output>
        </test-method> <!-- setUp -->
        <test-method signature="allHeaderWalletPage(java.lang.String,java.lang.String)[pri:1, instance:tests.walletPageTests.AllPageFirefoxTests@6d60fe40]" started-at="2023-09-11T14:22:06 EEST" name="allHeaderWalletPage" finished-at="2023-09-11T14:22:17 EEST" duration-ms="10408" status="PASS">
          <params>
            <param index="0">
              <value>
                <![CDATA[https://aimood-stage1.intary.net/en/the-aimood-wallet]]>
              </value>
            </param>
            <param index="1">
              <value>
                <![CDATA[Screenshots_St1/]]>
              </value>
            </param>
          </params>
          <reporter-output>
          </reporter-output>
        </test-method> <!-- allHeaderWalletPage -->
        <test-method signature="getStartedHeaderWalletPage(java.lang.String,java.lang.String)[pri:2, instance:tests.walletPageTests.AllPageFirefoxTests@6d60fe40]" started-at="2023-09-11T14:22:17 EEST" name="getStartedHeaderWalletPage" finished-at="2023-09-11T14:22:22 EEST" duration-ms="5104" status="PASS">
          <params>
            <param index="0">
              <value>
                <![CDATA[https://aimood-stage1.intary.net/en/the-aimood-wallet]]>
              </value>
            </param>
            <param index="1">
              <value>
                <![CDATA[Screenshots_St1/]]>
              </value>
            </param>
          </params>
          <reporter-output>
          </reporter-output>
        </test-method> <!-- getStartedHeaderWalletPage -->
        <test-method is-config="true" signature="setUp()[pri:0, instance:tests.walletPageTests.AllPageFirefoxTests@6d60fe40]" started-at="2023-09-11T14:22:17 EEST" name="setUp" finished-at="2023-09-11T14:22:17 EEST" duration-ms="0" status="PASS">
          <reporter-output>
          </reporter-output>
        </test-method> <!-- setUp -->
        <test-method signature="learnHeaderWalletPage(java.lang.String,java.lang.String)[pri:3, instance:tests.walletPageTests.AllPageFirefoxTests@6d60fe40]" started-at="2023-09-11T14:22:22 EEST" name="learnHeaderWalletPage" finished-at="2023-09-11T14:22:27 EEST" duration-ms="5103" status="PASS">
          <params>
            <param index="0">
              <value>
                <![CDATA[https://aimood-stage1.intary.net/en/the-aimood-wallet]]>
              </value>
            </param>
            <param index="1">
              <value>
                <![CDATA[Screenshots_St1/]]>
              </value>
            </param>
          </params>
          <reporter-output>
          </reporter-output>
        </test-method> <!-- learnHeaderWalletPage -->
        <test-method is-config="true" signature="setUp()[pri:0, instance:tests.walletPageTests.AllPageFirefoxTests@6d60fe40]" started-at="2023-09-11T14:22:22 EEST" name="setUp" finished-at="2023-09-11T14:22:22 EEST" duration-ms="0" status="PASS">
          <reporter-output>
          </reporter-output>
        </test-method> <!-- setUp -->
        <test-method signature="resourcesHeaderWalletPage(java.lang.String,java.lang.String)[pri:4, instance:tests.walletPageTests.AllPageFirefoxTests@6d60fe40]" started-at="2023-09-11T14:22:27 EEST" name="resourcesHeaderWalletPage" finished-at="2023-09-11T14:22:32 EEST" duration-ms="5162" status="PASS">
          <params>
            <param index="0">
              <value>
                <![CDATA[https://aimood-stage1.intary.net/en/the-aimood-wallet]]>
              </value>
            </param>
            <param index="1">
              <value>
                <![CDATA[Screenshots_St1/]]>
              </value>
            </param>
          </params>
          <reporter-output>
          </reporter-output>
        </test-method> <!-- resourcesHeaderWalletPage -->
        <test-method is-config="true" signature="setUp()[pri:0, instance:tests.walletPageTests.AllPageFirefoxTests@6d60fe40]" started-at="2023-09-11T14:22:27 EEST" name="setUp" finished-at="2023-09-11T14:22:27 EEST" duration-ms="0" status="PASS">
          <reporter-output>
          </reporter-output>
        </test-method> <!-- setUp -->
        <test-method signature="mainSectionWalletPage(java.lang.String,java.lang.String)[pri:6, instance:tests.walletPageTests.AllPageFirefoxTests@6d60fe40]" started-at="2023-09-11T14:22:32 EEST" name="mainSectionWalletPage" finished-at="2023-09-11T14:22:38 EEST" duration-ms="5918" status="PASS">
          <params>
            <param index="0">
              <value>
                <![CDATA[https://aimood-stage1.intary.net/en/the-aimood-wallet]]>
              </value>
            </param>
            <param index="1">
              <value>
                <![CDATA[Screenshots_St1/]]>
              </value>
            </param>
          </params>
          <reporter-output>
          </reporter-output>
        </test-method> <!-- mainSectionWalletPage -->
        <test-method is-config="true" signature="setUp()[pri:0, instance:tests.walletPageTests.AllPageFirefoxTests@6d60fe40]" started-at="2023-09-11T14:22:32 EEST" name="setUp" finished-at="2023-09-11T14:22:32 EEST" duration-ms="0" status="PASS">
          <reporter-output>
          </reporter-output>
        </test-method> <!-- setUp -->
        <test-method is-config="true" signature="setUp()[pri:0, instance:tests.walletPageTests.AllPageFirefoxTests@6d60fe40]" started-at="2023-09-11T14:22:38 EEST" name="setUp" finished-at="2023-09-11T14:22:38 EEST" duration-ms="1" status="PASS">
          <reporter-output>
          </reporter-output>
        </test-method> <!-- setUp -->
        <test-method signature="delegatedSectionWalletPage(java.lang.String,java.lang.String)[pri:7, instance:tests.walletPageTests.AllPageFirefoxTests@6d60fe40]" started-at="2023-09-11T14:22:38 EEST" name="delegatedSectionWalletPage" finished-at="2023-09-11T14:22:44 EEST" duration-ms="6235" status="PASS">
          <params>
            <param index="0">
              <value>
                <![CDATA[https://aimood-stage1.intary.net/en/the-aimood-wallet]]>
              </value>
            </param>
            <param index="1">
              <value>
                <![CDATA[Screenshots_St1/]]>
              </value>
            </param>
          </params>
          <reporter-output>
          </reporter-output>
        </test-method> <!-- delegatedSectionWalletPage -->
        <test-method signature="allFooterWalletPage(java.lang.String,java.lang.String)[pri:8, instance:tests.walletPageTests.AllPageFirefoxTests@6d60fe40]" started-at="2023-09-11T14:22:44 EEST" name="allFooterWalletPage" finished-at="2023-09-11T14:22:50 EEST" duration-ms="6012" status="PASS">
          <params>
            <param index="0">
              <value>
                <![CDATA[https://aimood-stage1.intary.net/en/the-aimood-wallet]]>
              </value>
            </param>
            <param index="1">
              <value>
                <![CDATA[Screenshots_St1/]]>
              </value>
            </param>
          </params>
          <reporter-output>
          </reporter-output>
        </test-method> <!-- allFooterWalletPage -->
        <test-method is-config="true" signature="setUp()[pri:0, instance:tests.walletPageTests.AllPageFirefoxTests@6d60fe40]" started-at="2023-09-11T14:22:44 EEST" name="setUp" finished-at="2023-09-11T14:22:44 EEST" duration-ms="0" status="PASS">
          <reporter-output>
          </reporter-output>
        </test-method> <!-- setUp -->
        <test-method is-config="true" signature="tearDown()[pri:0, instance:tests.walletPageTests.AllPageFirefoxTests@6d60fe40]" started-at="2023-09-11T14:22:50 EEST" name="tearDown" finished-at="2023-09-11T14:22:52 EEST" duration-ms="1570" status="PASS">
          <reporter-output>
          </reporter-output>
        </test-method> <!-- tearDown -->
      </class> <!-- tests.walletPageTests.AllPageFirefoxTests -->
      <class name="tests.resetPasswordPage2Tests.AllPageChromeTests">
        <test-method is-config="true" signature="setUp()[pri:0, instance:tests.resetPasswordPage2Tests.AllPageChromeTests@433defed]" started-at="2023-09-11T14:31:30 EEST" name="setUp" finished-at="2023-09-11T14:31:31 EEST" duration-ms="772" status="PASS">
          <reporter-output>
          </reporter-output>
        </test-method> <!-- setUp -->
        <test-method signature="allHeaderResetPasswordPage2(java.lang.String,java.lang.String)[pri:1, instance:tests.resetPasswordPage2Tests.AllPageChromeTests@433defed]" started-at="2023-09-11T14:31:31 EEST" name="allHeaderResetPasswordPage2" finished-at="2023-09-11T14:31:40 EEST" duration-ms="8291" status="PASS">
          <params>
            <param index="0">
              <value>
                <![CDATA[https://aimood-stage1.intary.net/en/reset-password-2]]>
              </value>
            </param>
            <param index="1">
              <value>
                <![CDATA[Screenshots_St1/]]>
              </value>
            </param>
          </params>
          <reporter-output>
          </reporter-output>
        </test-method> <!-- allHeaderResetPasswordPage2 -->
        <test-method signature="getStartedHeaderResetPasswordPage2(java.lang.String,java.lang.String)[pri:2, instance:tests.resetPasswordPage2Tests.AllPageChromeTests@433defed]" started-at="2023-09-11T14:31:40 EEST" name="getStartedHeaderResetPasswordPage2" finished-at="2023-09-11T14:31:45 EEST" duration-ms="5354" status="PASS">
          <params>
            <param index="0">
              <value>
                <![CDATA[https://aimood-stage1.intary.net/en/reset-password-2]]>
              </value>
            </param>
            <param index="1">
              <value>
                <![CDATA[Screenshots_St1/]]>
              </value>
            </param>
          </params>
          <reporter-output>
          </reporter-output>
        </test-method> <!-- getStartedHeaderResetPasswordPage2 -->
        <test-method is-config="true" signature="setUp()[pri:0, instance:tests.resetPasswordPage2Tests.AllPageChromeTests@433defed]" started-at="2023-09-11T14:31:40 EEST" name="setUp" finished-at="2023-09-11T14:31:40 EEST" duration-ms="0" status="PASS">
          <reporter-output>
          </reporter-output>
        </test-method> <!-- setUp -->
        <test-method is-config="true" signature="setUp()[pri:0, instance:tests.resetPasswordPage2Tests.AllPageChromeTests@433defed]" started-at="2023-09-11T14:31:45 EEST" name="setUp" finished-at="2023-09-11T14:31:45 EEST" duration-ms="1" status="PASS">
          <reporter-output>
          </reporter-output>
        </test-method> <!-- setUp -->
        <test-method signature="learnHeaderResetPasswordPage2(java.lang.String,java.lang.String)[pri:3, instance:tests.resetPasswordPage2Tests.AllPageChromeTests@433defed]" started-at="2023-09-11T14:31:45 EEST" name="learnHeaderResetPasswordPage2" finished-at="2023-09-11T14:31:50 EEST" duration-ms="5294" status="PASS">
          <params>
            <param index="0">
              <value>
                <![CDATA[https://aimood-stage1.intary.net/en/reset-password-2]]>
              </value>
            </param>
            <param index="1">
              <value>
                <![CDATA[Screenshots_St1/]]>
              </value>
            </param>
          </params>
          <reporter-output>
          </reporter-output>
        </test-method> <!-- learnHeaderResetPasswordPage2 -->
        <test-method signature="resourcesHeaderResetPasswordPage2(java.lang.String,java.lang.String)[pri:4, instance:tests.resetPasswordPage2Tests.AllPageChromeTests@433defed]" started-at="2023-09-11T14:31:50 EEST" name="resourcesHeaderResetPasswordPage2" finished-at="2023-09-11T14:31:55 EEST" duration-ms="5267" status="PASS">
          <params>
            <param index="0">
              <value>
                <![CDATA[https://aimood-stage1.intary.net/en/reset-password-2]]>
              </value>
            </param>
            <param index="1">
              <value>
                <![CDATA[Screenshots_St1/]]>
              </value>
            </param>
          </params>
          <reporter-output>
          </reporter-output>
        </test-method> <!-- resourcesHeaderResetPasswordPage2 -->
        <test-method is-config="true" signature="setUp()[pri:0, instance:tests.resetPasswordPage2Tests.AllPageChromeTests@433defed]" started-at="2023-09-11T14:31:50 EEST" name="setUp" finished-at="2023-09-11T14:31:50 EEST" duration-ms="0" status="PASS">
          <reporter-output>
          </reporter-output>
        </test-method> <!-- setUp -->
        <test-method signature="mainSectionResetPasswordPage2(java.lang.String,java.lang.String)[pri:6, instance:tests.resetPasswordPage2Tests.AllPageChromeTests@433defed]" started-at="2023-09-11T14:31:55 EEST" name="mainSectionResetPasswordPage2" finished-at="2023-09-11T14:32:03 EEST" duration-ms="7198" status="PASS">
          <params>
            <param index="0">
              <value>
                <![CDATA[https://aimood-stage1.intary.net/en/reset-password-2]]>
              </value>
            </param>
            <param index="1">
              <value>
                <![CDATA[Screenshots_St1/]]>
              </value>
            </param>
          </params>
          <reporter-output>
          </reporter-output>
        </test-method> <!-- mainSectionResetPasswordPage2 -->
        <test-method is-config="true" signature="setUp()[pri:0, instance:tests.resetPasswordPage2Tests.AllPageChromeTests@433defed]" started-at="2023-09-11T14:31:55 EEST" name="setUp" finished-at="2023-09-11T14:31:55 EEST" duration-ms="0" status="PASS">
          <reporter-output>
          </reporter-output>
        </test-method> <!-- setUp -->
        <test-method signature="allFooterResetPasswordPage2(java.lang.String,java.lang.String)[pri:7, instance:tests.resetPasswordPage2Tests.AllPageChromeTests@433defed]" started-at="2023-09-11T14:32:03 EEST" name="allFooterResetPasswordPage2" finished-at="2023-09-11T14:32:09 EEST" duration-ms="6233" status="PASS">
          <params>
            <param index="0">
              <value>
                <![CDATA[https://aimood-stage1.intary.net/en/reset-password-2]]>
              </value>
            </param>
            <param index="1">
              <value>
                <![CDATA[Screenshots_St1/]]>
              </value>
            </param>
          </params>
          <reporter-output>
          </reporter-output>
        </test-method> <!-- allFooterResetPasswordPage2 -->
        <test-method is-config="true" signature="setUp()[pri:0, instance:tests.resetPasswordPage2Tests.AllPageChromeTests@433defed]" started-at="2023-09-11T14:32:03 EEST" name="setUp" finished-at="2023-09-11T14:32:03 EEST" duration-ms="0" status="PASS">
          <reporter-output>
          </reporter-output>
        </test-method> <!-- setUp -->
        <test-method is-config="true" signature="tearDown()[pri:0, instance:tests.resetPasswordPage2Tests.AllPageChromeTests@433defed]" started-at="2023-09-11T14:32:09 EEST" name="tearDown" finished-at="2023-09-11T14:32:09 EEST" duration-ms="640" status="PASS">
          <reporter-output>
          </reporter-output>
        </test-method> <!-- tearDown -->
      </class> <!-- tests.resetPasswordPage2Tests.AllPageChromeTests -->
      <class name="tests.walletPageTests.AllPageChromeTests">
        <test-method is-config="true" signature="setUp()[pri:0, instance:tests.walletPageTests.AllPageChromeTests@792b749c]" started-at="2023-09-11T14:22:52 EEST" name="setUp" finished-at="2023-09-11T14:22:52 EEST" duration-ms="769" status="PASS">
          <reporter-output>
          </reporter-output>
        </test-method> <!-- setUp -->
        <test-method signature="allHeaderWalletPage(java.lang.String,java.lang.String)[pri:1, instance:tests.walletPageTests.AllPageChromeTests@792b749c]" started-at="2023-09-11T14:22:52 EEST" name="allHeaderWalletPage" finished-at="2023-09-11T14:23:00 EEST" duration-ms="7604" status="PASS">
          <params>
            <param index="0">
              <value>
                <![CDATA[https://aimood-stage1.intary.net/en/the-aimood-wallet]]>
              </value>
            </param>
            <param index="1">
              <value>
                <![CDATA[Screenshots_St1/]]>
              </value>
            </param>
          </params>
          <reporter-output>
          </reporter-output>
        </test-method> <!-- allHeaderWalletPage -->
        <test-method signature="getStartedHeaderWalletPage(java.lang.String,java.lang.String)[pri:2, instance:tests.walletPageTests.AllPageChromeTests@792b749c]" started-at="2023-09-11T14:23:00 EEST" name="getStartedHeaderWalletPage" finished-at="2023-09-11T14:23:05 EEST" duration-ms="5379" status="PASS">
          <params>
            <param index="0">
              <value>
                <![CDATA[https://aimood-stage1.intary.net/en/the-aimood-wallet]]>
              </value>
            </param>
            <param index="1">
              <value>
                <![CDATA[Screenshots_St1/]]>
              </value>
            </param>
          </params>
          <reporter-output>
          </reporter-output>
        </test-method> <!-- getStartedHeaderWalletPage -->
        <test-method is-config="true" signature="setUp()[pri:0, instance:tests.walletPageTests.AllPageChromeTests@792b749c]" started-at="2023-09-11T14:23:00 EEST" name="setUp" finished-at="2023-09-11T14:23:00 EEST" duration-ms="0" status="PASS">
          <reporter-output>
          </reporter-output>
        </test-method> <!-- setUp -->
        <test-method is-config="true" signature="setUp()[pri:0, instance:tests.walletPageTests.AllPageChromeTests@792b749c]" started-at="2023-09-11T14:23:05 EEST" name="setUp" finished-at="2023-09-11T14:23:05 EEST" duration-ms="1" status="PASS">
          <reporter-output>
          </reporter-output>
        </test-method> <!-- setUp -->
        <test-method signature="learnHeaderWalletPage(java.lang.String,java.lang.String)[pri:3, instance:tests.walletPageTests.AllPageChromeTests@792b749c]" started-at="2023-09-11T14:23:05 EEST" name="learnHeaderWalletPage" finished-at="2023-09-11T14:23:11 EEST" duration-ms="5301" status="PASS">
          <params>
            <param index="0">
              <value>
                <![CDATA[https://aimood-stage1.intary.net/en/the-aimood-wallet]]>
              </value>
            </param>
            <param index="1">
              <value>
                <![CDATA[Screenshots_St1/]]>
              </value>
            </param>
          </params>
          <reporter-output>
          </reporter-output>
        </test-method> <!-- learnHeaderWalletPage -->
        <test-method is-config="true" signature="setUp()[pri:0, instance:tests.walletPageTests.AllPageChromeTests@792b749c]" started-at="2023-09-11T14:23:11 EEST" name="setUp" finished-at="2023-09-11T14:23:11 EEST" duration-ms="1" status="PASS">
          <reporter-output>
          </reporter-output>
        </test-method> <!-- setUp -->
        <test-method signature="resourcesHeaderWalletPage(java.lang.String,java.lang.String)[pri:4, instance:tests.walletPageTests.AllPageChromeTests@792b749c]" started-at="2023-09-11T14:23:11 EEST" name="resourcesHeaderWalletPage" finished-at="2023-09-11T14:23:16 EEST" duration-ms="5265" status="PASS">
          <params>
            <param index="0">
              <value>
                <![CDATA[https://aimood-stage1.intary.net/en/the-aimood-wallet]]>
              </value>
            </param>
            <param index="1">
              <value>
                <![CDATA[Screenshots_St1/]]>
              </value>
            </param>
          </params>
          <reporter-output>
          </reporter-output>
        </test-method> <!-- resourcesHeaderWalletPage -->
        <test-method signature="mainSectionWalletPage(java.lang.String,java.lang.String)[pri:6, instance:tests.walletPageTests.AllPageChromeTests@792b749c]" started-at="2023-09-11T14:23:16 EEST" name="mainSectionWalletPage" finished-at="2023-09-11T14:23:22 EEST" duration-ms="6210" status="PASS">
          <params>
            <param index="0">
              <value>
                <![CDATA[https://aimood-stage1.intary.net/en/the-aimood-wallet]]>
              </value>
            </param>
            <param index="1">
              <value>
                <![CDATA[Screenshots_St1/]]>
              </value>
            </param>
          </params>
          <reporter-output>
          </reporter-output>
        </test-method> <!-- mainSectionWalletPage -->
        <test-method is-config="true" signature="setUp()[pri:0, instance:tests.walletPageTests.AllPageChromeTests@792b749c]" started-at="2023-09-11T14:23:16 EEST" name="setUp" finished-at="2023-09-11T14:23:16 EEST" duration-ms="0" status="PASS">
          <reporter-output>
          </reporter-output>
        </test-method> <!-- setUp -->
        <test-method is-config="true" signature="setUp()[pri:0, instance:tests.walletPageTests.AllPageChromeTests@792b749c]" started-at="2023-09-11T14:23:22 EEST" name="setUp" finished-at="2023-09-11T14:23:22 EEST" duration-ms="1" status="PASS">
          <reporter-output>
          </reporter-output>
        </test-method> <!-- setUp -->
        <test-method signature="delegatedSectionWalletPage(java.lang.String,java.lang.String)[pri:7, instance:tests.walletPageTests.AllPageChromeTests@792b749c]" started-at="2023-09-11T14:23:22 EEST" name="delegatedSectionWalletPage" finished-at="2023-09-11T14:23:29 EEST" duration-ms="6580" status="PASS">
          <params>
            <param index="0">
              <value>
                <![CDATA[https://aimood-stage1.intary.net/en/the-aimood-wallet]]>
              </value>
            </param>
            <param index="1">
              <value>
                <![CDATA[Screenshots_St1/]]>
              </value>
            </param>
          </params>
          <reporter-output>
          </reporter-output>
        </test-method> <!-- delegatedSectionWalletPage -->
        <test-method is-config="true" signature="setUp()[pri:0, instance:tests.walletPageTests.AllPageChromeTests@792b749c]" started-at="2023-09-11T14:23:29 EEST" name="setUp" finished-at="2023-09-11T14:23:29 EEST" duration-ms="1" status="PASS">
          <reporter-output>
          </reporter-output>
        </test-method> <!-- setUp -->
        <test-method signature="allFooterWalletPage(java.lang.String,java.lang.String)[pri:8, instance:tests.walletPageTests.AllPageChromeTests@792b749c]" started-at="2023-09-11T14:23:29 EEST" name="allFooterWalletPage" finished-at="2023-09-11T14:23:35 EEST" duration-ms="6241" status="PASS">
          <params>
            <param index="0">
              <value>
                <![CDATA[https://aimood-stage1.intary.net/en/the-aimood-wallet]]>
              </value>
            </param>
            <param index="1">
              <value>
                <![CDATA[Screenshots_St1/]]>
              </value>
            </param>
          </params>
          <reporter-output>
          </reporter-output>
        </test-method> <!-- allFooterWalletPage -->
        <test-method is-config="true" signature="tearDown()[pri:0, instance:tests.walletPageTests.AllPageChromeTests@792b749c]" started-at="2023-09-11T14:23:35 EEST" name="tearDown" finished-at="2023-09-11T14:23:36 EEST" duration-ms="637" status="PASS">
          <reporter-output>
          </reporter-output>
        </test-method> <!-- tearDown -->
      </class> <!-- tests.walletPageTests.AllPageChromeTests -->
      <class name="tests.SignIn.SignInFirefoxTests">
        <test-method signature="allHeaderMainPage(java.lang.String,java.lang.String)[pri:1, instance:tests.SignIn.SignInFirefoxTests@1972e513]" started-at="2023-09-11T14:29:29 EEST" name="allHeaderMainPage" finished-at="2023-09-11T14:29:29 EEST" duration-ms="0" status="FAIL">
          <exception class="org.testng.TestNGException">
            <message>
              <![CDATA[
Parameter 'SignIn_page' is required by @Test on method allHeaderMainPage but has not been marked @Optional or defined
in D:\jenkins-agent-data\workspace\pixelPerfectMultiPlatform_AI_Mood_St1\testngMasterStage1.xml]]>
            </message>
            <full-stacktrace>
              <![CDATA[org.testng.TestNGException: 
Parameter 'SignIn_page' is required by @Test on method allHeaderMainPage but has not been marked @Optional or defined
in D:\jenkins-agent-data\workspace\pixelPerfectMultiPlatform_AI_Mood_St1\testngMasterStage1.xml
at org.testng.internal.Parameters.createParams(Parameters.java:267)
at org.testng.internal.Parameters.createParametersForMethod(Parameters.java:355)
at org.testng.internal.Parameters.createParameters(Parameters.java:684)
at org.testng.internal.Parameters.handleParameters(Parameters.java:879)
at org.testng.internal.Parameters.handleParameters(Parameters.java:728)
at org.testng.internal.invokers.ParameterHandler.handleParameters(ParameterHandler.java:72)
at org.testng.internal.invokers.ParameterHandler.createParameters(ParameterHandler.java:51)
at org.testng.internal.invokers.TestInvoker$MethodInvocationAgent.invoke(TestInvoker.java:911)
at org.testng.internal.invokers.TestInvoker.invokeTestMethods(TestInvoker.java:200)
at org.testng.internal.invokers.TestMethodWorker.invokeTestMethods(TestMethodWorker.java:148)
at org.testng.internal.invokers.TestMethodWorker.run(TestMethodWorker.java:128)
at java.base/java.util.ArrayList.forEach(ArrayList.java:1540)
at org.testng.TestRunner.privateRun(TestRunner.java:848)
at org.testng.TestRunner.run(TestRunner.java:621)
at org.testng.SuiteRunner.runTest(SuiteRunner.java:443)
at org.testng.SuiteRunner.runSequentially(SuiteRunner.java:437)
at org.testng.SuiteRunner.privateRun(SuiteRunner.java:397)
at org.testng.SuiteRunner.run(SuiteRunner.java:336)
at org.testng.SuiteRunnerWorker.runSuite(SuiteRunnerWorker.java:52)
at org.testng.SuiteRunnerWorker.run(SuiteRunnerWorker.java:95)
at org.testng.TestNG.runSuitesSequentially(TestNG.java:1280)
at org.testng.TestNG.runSuitesLocally(TestNG.java:1200)
at org.testng.TestNG.runSuites(TestNG.java:1114)
at org.testng.TestNG.run(TestNG.java:1082)
at org.apache.maven.surefire.testng.TestNGExecutor.run(TestNGExecutor.java:284)
at org.apache.maven.surefire.testng.TestNGXmlTestSuite.execute(TestNGXmlTestSuite.java:75)
at org.apache.maven.surefire.testng.TestNGProvider.invoke(TestNGProvider.java:119)
at org.apache.maven.surefire.booter.ForkedBooter.runSuitesInProcess(ForkedBooter.java:428)
at org.apache.maven.surefire.booter.ForkedBooter.execute(ForkedBooter.java:162)
at org.apache.maven.surefire.booter.ForkedBooter.run(ForkedBooter.java:562)
at org.apache.maven.surefire.booter.ForkedBooter.main(ForkedBooter.java:548)
]]>
            </full-stacktrace>
          </exception> <!-- org.testng.TestNGException -->
          <reporter-output>
          </reporter-output>
        </test-method> <!-- allHeaderMainPage -->
        <test-method signature="mainBlockWhitePaperPage(java.lang.String,java.lang.String)[pri:2, instance:tests.SignIn.SignInFirefoxTests@1972e513]" started-at="2023-09-11T14:29:29 EEST" name="mainBlockWhitePaperPage" finished-at="2023-09-11T14:29:29 EEST" duration-ms="0" status="FAIL">
          <exception class="org.testng.TestNGException">
            <message>
              <![CDATA[
Parameter 'SignIn_page' is required by @Test on method mainBlockWhitePaperPage but has not been marked @Optional or defined
in D:\jenkins-agent-data\workspace\pixelPerfectMultiPlatform_AI_Mood_St1\testngMasterStage1.xml]]>
            </message>
            <full-stacktrace>
              <![CDATA[org.testng.TestNGException: 
Parameter 'SignIn_page' is required by @Test on method mainBlockWhitePaperPage but has not been marked @Optional or defined
in D:\jenkins-agent-data\workspace\pixelPerfectMultiPlatform_AI_Mood_St1\testngMasterStage1.xml
at org.testng.internal.Parameters.createParams(Parameters.java:267)
at org.testng.internal.Parameters.createParametersForMethod(Parameters.java:355)
at org.testng.internal.Parameters.createParameters(Parameters.java:684)
at org.testng.internal.Parameters.handleParameters(Parameters.java:879)
at org.testng.internal.Parameters.handleParameters(Parameters.java:728)
at org.testng.internal.invokers.ParameterHandler.handleParameters(ParameterHandler.java:72)
at org.testng.internal.invokers.ParameterHandler.createParameters(ParameterHandler.java:51)
at org.testng.internal.invokers.TestInvoker$MethodInvocationAgent.invoke(TestInvoker.java:911)
at org.testng.internal.invokers.TestInvoker.invokeTestMethods(TestInvoker.java:200)
at org.testng.internal.invokers.TestMethodWorker.invokeTestMethods(TestMethodWorker.java:148)
at org.testng.internal.invokers.TestMethodWorker.run(TestMethodWorker.java:128)
at java.base/java.util.ArrayList.forEach(ArrayList.java:1540)
at org.testng.TestRunner.privateRun(TestRunner.java:848)
at org.testng.TestRunner.run(TestRunner.java:621)
at org.testng.SuiteRunner.runTest(SuiteRunner.java:443)
at org.testng.SuiteRunner.runSequentially(SuiteRunner.java:437)
at org.testng.SuiteRunner.privateRun(SuiteRunner.java:397)
at org.testng.SuiteRunner.run(SuiteRunner.java:336)
at org.testng.SuiteRunnerWorker.runSuite(SuiteRunnerWorker.java:52)
at org.testng.SuiteRunnerWorker.run(SuiteRunnerWorker.java:95)
at org.testng.TestNG.runSuitesSequentially(TestNG.java:1280)
at org.testng.TestNG.runSuitesLocally(TestNG.java:1200)
at org.testng.TestNG.runSuites(TestNG.java:1114)
at org.testng.TestNG.run(TestNG.java:1082)
at org.apache.maven.surefire.testng.TestNGExecutor.run(TestNGExecutor.java:284)
at org.apache.maven.surefire.testng.TestNGXmlTestSuite.execute(TestNGXmlTestSuite.java:75)
at org.apache.maven.surefire.testng.TestNGProvider.invoke(TestNGProvider.java:119)
at org.apache.maven.surefire.booter.ForkedBooter.runSuitesInProcess(ForkedBooter.java:428)
at org.apache.maven.surefire.booter.ForkedBooter.execute(ForkedBooter.java:162)
at org.apache.maven.surefire.booter.ForkedBooter.run(ForkedBooter.java:562)
at org.apache.maven.surefire.booter.ForkedBooter.main(ForkedBooter.java:548)
]]>
            </full-stacktrace>
          </exception> <!-- org.testng.TestNGException -->
          <reporter-output>
          </reporter-output>
        </test-method> <!-- mainBlockWhitePaperPage -->
        <test-method signature="Dont(java.lang.String,java.lang.String)[pri:4, instance:tests.SignIn.SignInFirefoxTests@1972e513]" started-at="2023-09-11T14:29:29 EEST" name="Dont" finished-at="2023-09-11T14:29:29 EEST" duration-ms="0" status="FAIL">
          <exception class="org.testng.TestNGException">
            <message>
              <![CDATA[
Parameter 'SignIn_page' is required by @Test on method Dont but has not been marked @Optional or defined
in D:\jenkins-agent-data\workspace\pixelPerfectMultiPlatform_AI_Mood_St1\testngMasterStage1.xml]]>
            </message>
            <full-stacktrace>
              <![CDATA[org.testng.TestNGException: 
Parameter 'SignIn_page' is required by @Test on method Dont but has not been marked @Optional or defined
in D:\jenkins-agent-data\workspace\pixelPerfectMultiPlatform_AI_Mood_St1\testngMasterStage1.xml
at org.testng.internal.Parameters.createParams(Parameters.java:267)
at org.testng.internal.Parameters.createParametersForMethod(Parameters.java:355)
at org.testng.internal.Parameters.createParameters(Parameters.java:684)
at org.testng.internal.Parameters.handleParameters(Parameters.java:879)
at org.testng.internal.Parameters.handleParameters(Parameters.java:728)
at org.testng.internal.invokers.ParameterHandler.handleParameters(ParameterHandler.java:72)
at org.testng.internal.invokers.ParameterHandler.createParameters(ParameterHandler.java:51)
at org.testng.internal.invokers.TestInvoker$MethodInvocationAgent.invoke(TestInvoker.java:911)
at org.testng.internal.invokers.TestInvoker.invokeTestMethods(TestInvoker.java:200)
at org.testng.internal.invokers.TestMethodWorker.invokeTestMethods(TestMethodWorker.java:148)
at org.testng.internal.invokers.TestMethodWorker.run(TestMethodWorker.java:128)
at java.base/java.util.ArrayList.forEach(ArrayList.java:1540)
at org.testng.TestRunner.privateRun(TestRunner.java:848)
at org.testng.TestRunner.run(TestRunner.java:621)
at org.testng.SuiteRunner.runTest(SuiteRunner.java:443)
at org.testng.SuiteRunner.runSequentially(SuiteRunner.java:437)
at org.testng.SuiteRunner.privateRun(SuiteRunner.java:397)
at org.testng.SuiteRunner.run(SuiteRunner.java:336)
at org.testng.SuiteRunnerWorker.runSuite(SuiteRunnerWorker.java:52)
at org.testng.SuiteRunnerWorker.run(SuiteRunnerWorker.java:95)
at org.testng.TestNG.runSuitesSequentially(TestNG.java:1280)
at org.testng.TestNG.runSuitesLocally(TestNG.java:1200)
at org.testng.TestNG.runSuites(TestNG.java:1114)
at org.testng.TestNG.run(TestNG.java:1082)
at org.apache.maven.surefire.testng.TestNGExecutor.run(TestNGExecutor.java:284)
at org.apache.maven.surefire.testng.TestNGXmlTestSuite.execute(TestNGXmlTestSuite.java:75)
at org.apache.maven.surefire.testng.TestNGProvider.invoke(TestNGProvider.java:119)
at org.apache.maven.surefire.booter.ForkedBooter.runSuitesInProcess(ForkedBooter.java:428)
at org.apache.maven.surefire.booter.ForkedBooter.execute(ForkedBooter.java:162)
at org.apache.maven.surefire.booter.ForkedBooter.run(ForkedBooter.java:562)
at org.apache.maven.surefire.booter.ForkedBooter.main(ForkedBooter.java:548)
]]>
            </full-stacktrace>
          </exception> <!-- org.testng.TestNGException -->
          <reporter-output>
          </reporter-output>
        </test-method> <!-- Dont -->
        <test-method signature="Forgot(java.lang.String,java.lang.String)[pri:3, instance:tests.SignIn.SignInFirefoxTests@1972e513]" started-at="2023-09-11T14:29:29 EEST" name="Forgot" finished-at="2023-09-11T14:29:29 EEST" duration-ms="0" status="FAIL">
          <exception class="org.testng.TestNGException">
            <message>
              <![CDATA[
Parameter 'SignIn_page' is required by @Test on method Forgot but has not been marked @Optional or defined
in D:\jenkins-agent-data\workspace\pixelPerfectMultiPlatform_AI_Mood_St1\testngMasterStage1.xml]]>
            </message>
            <full-stacktrace>
              <![CDATA[org.testng.TestNGException: 
Parameter 'SignIn_page' is required by @Test on method Forgot but has not been marked @Optional or defined
in D:\jenkins-agent-data\workspace\pixelPerfectMultiPlatform_AI_Mood_St1\testngMasterStage1.xml
at org.testng.internal.Parameters.createParams(Parameters.java:267)
at org.testng.internal.Parameters.createParametersForMethod(Parameters.java:355)
at org.testng.internal.Parameters.createParameters(Parameters.java:684)
at org.testng.internal.Parameters.handleParameters(Parameters.java:879)
at org.testng.internal.Parameters.handleParameters(Parameters.java:728)
at org.testng.internal.invokers.ParameterHandler.handleParameters(ParameterHandler.java:72)
at org.testng.internal.invokers.ParameterHandler.createParameters(ParameterHandler.java:51)
at org.testng.internal.invokers.TestInvoker$MethodInvocationAgent.invoke(TestInvoker.java:911)
at org.testng.internal.invokers.TestInvoker.invokeTestMethods(TestInvoker.java:200)
at org.testng.internal.invokers.TestMethodWorker.invokeTestMethods(TestMethodWorker.java:148)
at org.testng.internal.invokers.TestMethodWorker.run(TestMethodWorker.java:128)
at java.base/java.util.ArrayList.forEach(ArrayList.java:1540)
at org.testng.TestRunner.privateRun(TestRunner.java:848)
at org.testng.TestRunner.run(TestRunner.java:621)
at org.testng.SuiteRunner.runTest(SuiteRunner.java:443)
at org.testng.SuiteRunner.runSequentially(SuiteRunner.java:437)
at org.testng.SuiteRunner.privateRun(SuiteRunner.java:397)
at org.testng.SuiteRunner.run(SuiteRunner.java:336)
at org.testng.SuiteRunnerWorker.runSuite(SuiteRunnerWorker.java:52)
at org.testng.SuiteRunnerWorker.run(SuiteRunnerWorker.java:95)
at org.testng.TestNG.runSuitesSequentially(TestNG.java:1280)
at org.testng.TestNG.runSuitesLocally(TestNG.java:1200)
at org.testng.TestNG.runSuites(TestNG.java:1114)
at org.testng.TestNG.run(TestNG.java:1082)
at org.apache.maven.surefire.testng.TestNGExecutor.run(TestNGExecutor.java:284)
at org.apache.maven.surefire.testng.TestNGXmlTestSuite.execute(TestNGXmlTestSuite.java:75)
at org.apache.maven.surefire.testng.TestNGProvider.invoke(TestNGProvider.java:119)
at org.apache.maven.surefire.booter.ForkedBooter.runSuitesInProcess(ForkedBooter.java:428)
at org.apache.maven.surefire.booter.ForkedBooter.execute(ForkedBooter.java:162)
at org.apache.maven.surefire.booter.ForkedBooter.run(ForkedBooter.java:562)
at org.apache.maven.surefire.booter.ForkedBooter.main(ForkedBooter.java:548)
]]>
            </full-stacktrace>
          </exception> <!-- org.testng.TestNGException -->
          <reporter-output>
          </reporter-output>
        </test-method> <!-- Forgot -->
        <test-method signature="allFooterMainPage(java.lang.String,java.lang.String)[pri:6, instance:tests.SignIn.SignInFirefoxTests@1972e513]" started-at="2023-09-11T14:29:29 EEST" name="allFooterMainPage" finished-at="2023-09-11T14:29:29 EEST" duration-ms="0" status="FAIL">
          <exception class="org.testng.TestNGException">
            <message>
              <![CDATA[
Parameter 'SignIn_page' is required by @Test on method allFooterMainPage but has not been marked @Optional or defined
in D:\jenkins-agent-data\workspace\pixelPerfectMultiPlatform_AI_Mood_St1\testngMasterStage1.xml]]>
            </message>
            <full-stacktrace>
              <![CDATA[org.testng.TestNGException: 
Parameter 'SignIn_page' is required by @Test on method allFooterMainPage but has not been marked @Optional or defined
in D:\jenkins-agent-data\workspace\pixelPerfectMultiPlatform_AI_Mood_St1\testngMasterStage1.xml
at org.testng.internal.Parameters.createParams(Parameters.java:267)
at org.testng.internal.Parameters.createParametersForMethod(Parameters.java:355)
at org.testng.internal.Parameters.createParameters(Parameters.java:684)
at org.testng.internal.Parameters.handleParameters(Parameters.java:879)
at org.testng.internal.Parameters.handleParameters(Parameters.java:728)
at org.testng.internal.invokers.ParameterHandler.handleParameters(ParameterHandler.java:72)
at org.testng.internal.invokers.ParameterHandler.createParameters(ParameterHandler.java:51)
at org.testng.internal.invokers.TestInvoker$MethodInvocationAgent.invoke(TestInvoker.java:911)
at org.testng.internal.invokers.TestInvoker.invokeTestMethods(TestInvoker.java:200)
at org.testng.internal.invokers.TestMethodWorker.invokeTestMethods(TestMethodWorker.java:148)
at org.testng.internal.invokers.TestMethodWorker.run(TestMethodWorker.java:128)
at java.base/java.util.ArrayList.forEach(ArrayList.java:1540)
at org.testng.TestRunner.privateRun(TestRunner.java:848)
at org.testng.TestRunner.run(TestRunner.java:621)
at org.testng.SuiteRunner.runTest(SuiteRunner.java:443)
at org.testng.SuiteRunner.runSequentially(SuiteRunner.java:437)
at org.testng.SuiteRunner.privateRun(SuiteRunner.java:397)
at org.testng.SuiteRunner.run(SuiteRunner.java:336)
at org.testng.SuiteRunnerWorker.runSuite(SuiteRunnerWorker.java:52)
at org.testng.SuiteRunnerWorker.run(SuiteRunnerWorker.java:95)
at org.testng.TestNG.runSuitesSequentially(TestNG.java:1280)
at org.testng.TestNG.runSuitesLocally(TestNG.java:1200)
at org.testng.TestNG.runSuites(TestNG.java:1114)
at org.testng.TestNG.run(TestNG.java:1082)
at org.apache.maven.surefire.testng.TestNGExecutor.run(TestNGExecutor.java:284)
at org.apache.maven.surefire.testng.TestNGXmlTestSuite.execute(TestNGXmlTestSuite.java:75)
at org.apache.maven.surefire.testng.TestNGProvider.invoke(TestNGProvider.java:119)
at org.apache.maven.surefire.booter.ForkedBooter.runSuitesInProcess(ForkedBooter.java:428)
at org.apache.maven.surefire.booter.ForkedBooter.execute(ForkedBooter.java:162)
at org.apache.maven.surefire.booter.ForkedBooter.run(ForkedBooter.java:562)
at org.apache.maven.surefire.booter.ForkedBooter.main(ForkedBooter.java:548)
]]>
            </full-stacktrace>
          </exception> <!-- org.testng.TestNGException -->
          <reporter-output>
          </reporter-output>
        </test-method> <!-- allFooterMainPage -->
        <test-method signature="allPageSignInPage(java.lang.String,java.lang.String)[pri:5, instance:tests.SignIn.SignInFirefoxTests@1972e513]" started-at="2023-09-11T14:29:29 EEST" name="allPageSignInPage" finished-at="2023-09-11T14:29:29 EEST" duration-ms="0" status="FAIL">
          <exception class="org.testng.TestNGException">
            <message>
              <![CDATA[
Parameter 'SignIn_page' is required by @Test on method allPageSignInPage but has not been marked @Optional or defined
in D:\jenkins-agent-data\workspace\pixelPerfectMultiPlatform_AI_Mood_St1\testngMasterStage1.xml]]>
            </message>
            <full-stacktrace>
              <![CDATA[org.testng.TestNGException: 
Parameter 'SignIn_page' is required by @Test on method allPageSignInPage but has not been marked @Optional or defined
in D:\jenkins-agent-data\workspace\pixelPerfectMultiPlatform_AI_Mood_St1\testngMasterStage1.xml
at org.testng.internal.Parameters.createParams(Parameters.java:267)
at org.testng.internal.Parameters.createParametersForMethod(Parameters.java:355)
at org.testng.internal.Parameters.createParameters(Parameters.java:684)
at org.testng.internal.Parameters.handleParameters(Parameters.java:879)
at org.testng.internal.Parameters.handleParameters(Parameters.java:728)
at org.testng.internal.invokers.ParameterHandler.handleParameters(ParameterHandler.java:72)
at org.testng.internal.invokers.ParameterHandler.createParameters(ParameterHandler.java:51)
at org.testng.internal.invokers.TestInvoker$MethodInvocationAgent.invoke(TestInvoker.java:911)
at org.testng.internal.invokers.TestInvoker.invokeTestMethods(TestInvoker.java:200)
at org.testng.internal.invokers.TestMethodWorker.invokeTestMethods(TestMethodWorker.java:148)
at org.testng.internal.invokers.TestMethodWorker.run(TestMethodWorker.java:128)
at java.base/java.util.ArrayList.forEach(ArrayList.java:1540)
at org.testng.TestRunner.privateRun(TestRunner.java:848)
at org.testng.TestRunner.run(TestRunner.java:621)
at org.testng.SuiteRunner.runTest(SuiteRunner.java:443)
at org.testng.SuiteRunner.runSequentially(SuiteRunner.java:437)
at org.testng.SuiteRunner.privateRun(SuiteRunner.java:397)
at org.testng.SuiteRunner.run(SuiteRunner.java:336)
at org.testng.SuiteRunnerWorker.runSuite(SuiteRunnerWorker.java:52)
at org.testng.SuiteRunnerWorker.run(SuiteRunnerWorker.java:95)
at org.testng.TestNG.runSuitesSequentially(TestNG.java:1280)
at org.testng.TestNG.runSuitesLocally(TestNG.java:1200)
at org.testng.TestNG.runSuites(TestNG.java:1114)
at org.testng.TestNG.run(TestNG.java:1082)
at org.apache.maven.surefire.testng.TestNGExecutor.run(TestNGExecutor.java:284)
at org.apache.maven.surefire.testng.TestNGXmlTestSuite.execute(TestNGXmlTestSuite.java:75)
at org.apache.maven.surefire.testng.TestNGProvider.invoke(TestNGProvider.java:119)
at org.apache.maven.surefire.booter.ForkedBooter.runSuitesInProcess(ForkedBooter.java:428)
at org.apache.maven.surefire.booter.ForkedBooter.execute(ForkedBooter.java:162)
at org.apache.maven.surefire.booter.ForkedBooter.run(ForkedBooter.java:562)
at org.apache.maven.surefire.booter.ForkedBooter.main(ForkedBooter.java:548)
]]>
            </full-stacktrace>
          </exception> <!-- org.testng.TestNGException -->
          <reporter-output>
          </reporter-output>
        </test-method> <!-- allPageSignInPage -->
        <test-method is-config="true" signature="tearDown()[pri:0, instance:tests.SignIn.SignInFirefoxTests@1972e513]" started-at="2023-09-11T14:29:29 EEST" name="tearDown" finished-at="2023-09-11T14:29:29 EEST" duration-ms="0" status="FAIL">
          <exception class="java.lang.NullPointerException">
            <full-stacktrace>
              <![CDATA[java.lang.NullPointerException
at tests.base.BaseTest.tearDown(BaseTest.java:37)
at jdk.internal.reflect.GeneratedMethodAccessor4.invoke(Unknown Source)
at java.base/jdk.internal.reflect.DelegatingMethodAccessorImpl.invoke(DelegatingMethodAccessorImpl.java:43)
at java.base/java.lang.reflect.Method.invoke(Method.java:566)
at org.testng.internal.invokers.MethodInvocationHelper.invokeMethod(MethodInvocationHelper.java:139)
at org.testng.internal.invokers.MethodInvocationHelper.invokeMethodConsideringTimeout(MethodInvocationHelper.java:69)
at org.testng.internal.invokers.ConfigInvoker.invokeConfigurationMethod(ConfigInvoker.java:390)
at org.testng.internal.invokers.ConfigInvoker.invokeConfigurations(ConfigInvoker.java:325)
at org.testng.internal.invokers.TestMethodWorker.invokeAfterClassConfigurations(TestMethodWorker.java:229)
at org.testng.internal.invokers.TestMethodWorker.invokeAfterClassMethods(TestMethodWorker.java:215)
at org.testng.internal.invokers.TestMethodWorker.run(TestMethodWorker.java:131)
at java.base/java.util.ArrayList.forEach(ArrayList.java:1540)
at org.testng.TestRunner.privateRun(TestRunner.java:848)
at org.testng.TestRunner.run(TestRunner.java:621)
at org.testng.SuiteRunner.runTest(SuiteRunner.java:443)
at org.testng.SuiteRunner.runSequentially(SuiteRunner.java:437)
at org.testng.SuiteRunner.privateRun(SuiteRunner.java:397)
at org.testng.SuiteRunner.run(SuiteRunner.java:336)
at org.testng.SuiteRunnerWorker.runSuite(SuiteRunnerWorker.java:52)
at org.testng.SuiteRunnerWorker.run(SuiteRunnerWorker.java:95)
at org.testng.TestNG.runSuitesSequentially(TestNG.java:1280)
at org.testng.TestNG.runSuitesLocally(TestNG.java:1200)
at org.testng.TestNG.runSuites(TestNG.java:1114)
at org.testng.TestNG.run(TestNG.java:1082)
at org.apache.maven.surefire.testng.TestNGExecutor.run(TestNGExecutor.java:284)
at org.apache.maven.surefire.testng.TestNGXmlTestSuite.execute(TestNGXmlTestSuite.java:75)
at org.apache.maven.surefire.testng.TestNGProvider.invoke(TestNGProvider.java:119)
at org.apache.maven.surefire.booter.ForkedBooter.runSuitesInProcess(ForkedBooter.java:428)
at org.apache.maven.surefire.booter.ForkedBooter.execute(ForkedBooter.java:162)
at org.apache.maven.surefire.booter.ForkedBooter.run(ForkedBooter.java:562)
at org.apache.maven.surefire.booter.ForkedBooter.main(ForkedBooter.java:548)
]]>
            </full-stacktrace>
          </exception> <!-- java.lang.NullPointerException -->
          <reporter-output>
          </reporter-output>
        </test-method> <!-- tearDown -->
      </class> <!-- tests.SignIn.SignInFirefoxTests -->
      <class name="tests.WhatIsAimood.WhatIsAimoodChromeTests">
        <test-method is-config="true" signature="setUp()[pri:0, instance:tests.WhatIsAimood.WhatIsAimoodChromeTests@302c971f]" started-at="2023-09-11T14:28:36 EEST" name="setUp" finished-at="2023-09-11T14:28:37 EEST" duration-ms="1074" status="PASS">
          <reporter-output>
          </reporter-output>
        </test-method> <!-- setUp -->
        <test-method signature="allHeaderWhatIsAimoodPage(java.lang.String,java.lang.String)[pri:1, instance:tests.WhatIsAimood.WhatIsAimoodChromeTests@302c971f]" started-at="2023-09-11T14:28:37 EEST" name="allHeaderWhatIsAimoodPage" finished-at="2023-09-11T14:28:47 EEST" duration-ms="9258" status="PASS">
          <params>
            <param index="0">
              <value>
                <![CDATA[https://aimood-stage1.intary.net/en/what-is-aimood]]>
              </value>
            </param>
            <param index="1">
              <value>
                <![CDATA[Screenshots_St1/]]>
              </value>
            </param>
          </params>
          <reporter-output>
          </reporter-output>
        </test-method> <!-- allHeaderWhatIsAimoodPage -->
        <test-method signature="getStartedHeaderWhatIsAimoodPage(java.lang.String,java.lang.String)[pri:2, instance:tests.WhatIsAimood.WhatIsAimoodChromeTests@302c971f]" started-at="2023-09-11T14:28:47 EEST" name="getStartedHeaderWhatIsAimoodPage" finished-at="2023-09-11T14:28:52 EEST" duration-ms="5407" status="PASS">
          <params>
            <param index="0">
              <value>
                <![CDATA[https://aimood-stage1.intary.net/en/what-is-aimood]]>
              </value>
            </param>
            <param index="1">
              <value>
                <![CDATA[Screenshots_St1/]]>
              </value>
            </param>
          </params>
          <reporter-output>
          </reporter-output>
        </test-method> <!-- getStartedHeaderWhatIsAimoodPage -->
        <test-method is-config="true" signature="setUp()[pri:0, instance:tests.WhatIsAimood.WhatIsAimoodChromeTests@302c971f]" started-at="2023-09-11T14:28:47 EEST" name="setUp" finished-at="2023-09-11T14:28:47 EEST" duration-ms="0" status="PASS">
          <reporter-output>
          </reporter-output>
        </test-method> <!-- setUp -->
        <test-method signature="learnHeaderWhatIsAimoodPage(java.lang.String,java.lang.String)[pri:3, instance:tests.WhatIsAimood.WhatIsAimoodChromeTests@302c971f]" started-at="2023-09-11T14:28:52 EEST" name="learnHeaderWhatIsAimoodPage" finished-at="2023-09-11T14:28:57 EEST" duration-ms="5307" status="PASS">
          <params>
            <param index="0">
              <value>
                <![CDATA[https://aimood-stage1.intary.net/en/what-is-aimood]]>
              </value>
            </param>
            <param index="1">
              <value>
                <![CDATA[Screenshots_St1/]]>
              </value>
            </param>
          </params>
          <reporter-output>
          </reporter-output>
        </test-method> <!-- learnHeaderWhatIsAimoodPage -->
        <test-method is-config="true" signature="setUp()[pri:0, instance:tests.WhatIsAimood.WhatIsAimoodChromeTests@302c971f]" started-at="2023-09-11T14:28:52 EEST" name="setUp" finished-at="2023-09-11T14:28:52 EEST" duration-ms="0" status="PASS">
          <reporter-output>
          </reporter-output>
        </test-method> <!-- setUp -->
        <test-method signature="resourcesHeaderWhatIsAimoodPage(java.lang.String,java.lang.String)[pri:4, instance:tests.WhatIsAimood.WhatIsAimoodChromeTests@302c971f]" started-at="2023-09-11T14:28:57 EEST" name="resourcesHeaderWhatIsAimoodPage" finished-at="2023-09-11T14:29:03 EEST" duration-ms="5312" status="PASS">
          <params>
            <param index="0">
              <value>
                <![CDATA[https://aimood-stage1.intary.net/en/what-is-aimood]]>
              </value>
            </param>
            <param index="1">
              <value>
                <![CDATA[Screenshots_St1/]]>
              </value>
            </param>
          </params>
          <reporter-output>
          </reporter-output>
        </test-method> <!-- resourcesHeaderWhatIsAimoodPage -->
        <test-method is-config="true" signature="setUp()[pri:0, instance:tests.WhatIsAimood.WhatIsAimoodChromeTests@302c971f]" started-at="2023-09-11T14:28:57 EEST" name="setUp" finished-at="2023-09-11T14:28:57 EEST" duration-ms="0" status="PASS">
          <reporter-output>
          </reporter-output>
        </test-method> <!-- setUp -->
        <test-method signature="mainBlockWhatIsAimoodPage(java.lang.String,java.lang.String)[pri:6, instance:tests.WhatIsAimood.WhatIsAimoodChromeTests@302c971f]" started-at="2023-09-11T14:29:03 EEST" name="mainBlockWhatIsAimoodPage" finished-at="2023-09-11T14:29:09 EEST" duration-ms="6249" status="PASS">
          <params>
            <param index="0">
              <value>
                <![CDATA[https://aimood-stage1.intary.net/en/what-is-aimood]]>
              </value>
            </param>
            <param index="1">
              <value>
                <![CDATA[Screenshots_St1/]]>
              </value>
            </param>
          </params>
          <reporter-output>
          </reporter-output>
        </test-method> <!-- mainBlockWhatIsAimoodPage -->
        <test-method is-config="true" signature="setUp()[pri:0, instance:tests.WhatIsAimood.WhatIsAimoodChromeTests@302c971f]" started-at="2023-09-11T14:29:03 EEST" name="setUp" finished-at="2023-09-11T14:29:03 EEST" duration-ms="0" status="PASS">
          <reporter-output>
          </reporter-output>
        </test-method> <!-- setUp -->
        <test-method signature="whyChooseWhatIsAimoodPage(java.lang.String,java.lang.String)[pri:7, instance:tests.WhatIsAimood.WhatIsAimoodChromeTests@302c971f]" started-at="2023-09-11T14:29:09 EEST" name="whyChooseWhatIsAimoodPage" finished-at="2023-09-11T14:29:16 EEST" duration-ms="6545" status="PASS">
          <params>
            <param index="0">
              <value>
                <![CDATA[https://aimood-stage1.intary.net/en/what-is-aimood]]>
              </value>
            </param>
            <param index="1">
              <value>
                <![CDATA[Screenshots_St1/]]>
              </value>
            </param>
          </params>
          <reporter-output>
          </reporter-output>
        </test-method> <!-- whyChooseWhatIsAimoodPage -->
        <test-method is-config="true" signature="setUp()[pri:0, instance:tests.WhatIsAimood.WhatIsAimoodChromeTests@302c971f]" started-at="2023-09-11T14:29:09 EEST" name="setUp" finished-at="2023-09-11T14:29:09 EEST" duration-ms="0" status="PASS">
          <reporter-output>
          </reporter-output>
        </test-method> <!-- setUp -->
        <test-method signature="ecosystemWhatIsAimoodPage(java.lang.String,java.lang.String)[pri:8, instance:tests.WhatIsAimood.WhatIsAimoodChromeTests@302c971f]" started-at="2023-09-11T14:29:16 EEST" name="ecosystemWhatIsAimoodPage" finished-at="2023-09-11T14:29:22 EEST" duration-ms="6647" status="PASS">
          <params>
            <param index="0">
              <value>
                <![CDATA[https://aimood-stage1.intary.net/en/what-is-aimood]]>
              </value>
            </param>
            <param index="1">
              <value>
                <![CDATA[Screenshots_St1/]]>
              </value>
            </param>
          </params>
          <reporter-output>
          </reporter-output>
        </test-method> <!-- ecosystemWhatIsAimoodPage -->
        <test-method is-config="true" signature="setUp()[pri:0, instance:tests.WhatIsAimood.WhatIsAimoodChromeTests@302c971f]" started-at="2023-09-11T14:29:16 EEST" name="setUp" finished-at="2023-09-11T14:29:16 EEST" duration-ms="0" status="PASS">
          <reporter-output>
          </reporter-output>
        </test-method> <!-- setUp -->
        <test-method signature="allFooterWhatIsAimoodPage(java.lang.String,java.lang.String)[pri:9, instance:tests.WhatIsAimood.WhatIsAimoodChromeTests@302c971f]" started-at="2023-09-11T14:29:22 EEST" name="allFooterWhatIsAimoodPage" finished-at="2023-09-11T14:29:28 EEST" duration-ms="6285" status="PASS">
          <params>
            <param index="0">
              <value>
                <![CDATA[https://aimood-stage1.intary.net/en/what-is-aimood]]>
              </value>
            </param>
            <param index="1">
              <value>
                <![CDATA[Screenshots_St1/]]>
              </value>
            </param>
          </params>
          <reporter-output>
          </reporter-output>
        </test-method> <!-- allFooterWhatIsAimoodPage -->
        <test-method is-config="true" signature="setUp()[pri:0, instance:tests.WhatIsAimood.WhatIsAimoodChromeTests@302c971f]" started-at="2023-09-11T14:29:22 EEST" name="setUp" finished-at="2023-09-11T14:29:22 EEST" duration-ms="0" status="PASS">
          <reporter-output>
          </reporter-output>
        </test-method> <!-- setUp -->
        <test-method is-config="true" signature="tearDown()[pri:0, instance:tests.WhatIsAimood.WhatIsAimoodChromeTests@302c971f]" started-at="2023-09-11T14:29:28 EEST" name="tearDown" finished-at="2023-09-11T14:29:29 EEST" duration-ms="638" status="PASS">
          <reporter-output>
          </reporter-output>
        </test-method> <!-- tearDown -->
      </class> <!-- tests.WhatIsAimood.WhatIsAimoodChromeTests -->
      <class name="tests.tokenMoodPageTests.AllPageChromeTests">
[...]
          <exception class="org.testng.TestNGException">
            <message>
              <![CDATA[
Parameter 'SignUp_page' is required by @Test on method allPageSignUpPage but has not been marked @Optional or defined
in D:\jenkins-agent-data\workspace\pixelPerfectMultiPlatform_AI_Mood_St1\testngMasterStage1.xml]]>
            </message>
            <full-stacktrace>
              <![CDATA[org.testng.TestNGException: 
Parameter 'SignUp_page' is required by @Test on method allPageSignUpPage but has not been marked @Optional or defined
in D:\jenkins-agent-data\workspace\pixelPerfectMultiPlatform_AI_Mood_St1\testngMasterStage1.xml
at org.testng.internal.Parameters.createParams(Parameters.java:267)
at org.testng.internal.Parameters.createParametersForMethod(Parameters.java:355)
at org.testng.internal.Parameters.createParameters(Parameters.java:684)
at org.testng.internal.Parameters.handleParameters(Parameters.java:879)
at org.testng.internal.Parameters.handleParameters(Parameters.java:728)
at org.testng.internal.invokers.ParameterHandler.handleParameters(ParameterHandler.java:72)
at org.testng.internal.invokers.ParameterHandler.createParameters(ParameterHandler.java:51)
at org.testng.internal.invokers.TestInvoker$MethodInvocationAgent.invoke(TestInvoker.java:911)
at org.testng.internal.invokers.TestInvoker.invokeTestMethods(TestInvoker.java:200)
at org.testng.internal.invokers.TestMethodWorker.invokeTestMethods(TestMethodWorker.java:148)
at org.testng.internal.invokers.TestMethodWorker.run(TestMethodWorker.java:128)
at java.base/java.util.ArrayList.forEach(ArrayList.java:1540)
at org.testng.TestRunner.privateRun(TestRunner.java:848)
at org.testng.TestRunner.run(TestRunner.java:621)
at org.testng.SuiteRunner.runTest(SuiteRunner.java:443)
at org.testng.SuiteRunner.runSequentially(SuiteRunner.java:437)
at org.testng.SuiteRunner.privateRun(SuiteRunner.java:397)
at org.testng.SuiteRunner.run(SuiteRunner.java:336)
at org.testng.SuiteRunnerWorker.runSuite(SuiteRunnerWorker.java:52)
at org.testng.SuiteRunnerWorker.run(SuiteRunnerWorker.java:95)
at org.testng.TestNG.runSuitesSequentially(TestNG.java:1280)
at org.testng.TestNG.runSuitesLocally(TestNG.java:1200)
at org.testng.TestNG.runSuites(TestNG.java:1114)
at org.testng.TestNG.run(TestNG.java:1082)
at org.apache.maven.surefire.testng.TestNGExecutor.run(TestNGExecutor.java:284)
at org.apache.maven.surefire.testng.TestNGXmlTestSuite.execute(TestNGXmlTestSuite.java:75)
at org.apache.maven.surefire.testng.TestNGProvider.invoke(TestNGProvider.java:119)
at org.apache.maven.surefire.booter.ForkedBooter.runSuitesInProcess(ForkedBooter.java:428)
at org.apache.maven.surefire.booter.ForkedBooter.execute(ForkedBooter.java:162)
at org.apache.maven.surefire.booter.ForkedBooter.run(ForkedBooter.java:562)
at org.apache.maven.surefire.booter.ForkedBooter.main(ForkedBooter.java:548)
]]>
            </full-stacktrace>
          </exception> <!-- org.testng.TestNGException -->
          <reporter-output>
          </reporter-output>
        </test-method> <!-- allPageSignUpPage -->
        <test-method signature="allFooterSignUp(java.lang.String,java.lang.String)[pri:6, instance:tests.SignUp.SignUpFirefoxTests@35841320]" started-at="2023-09-11T14:29:29 EEST" name="allFooterSignUp" finished-at="2023-09-11T14:29:29 EEST" duration-ms="0" status="FAIL">
          <exception class="org.testng.TestNGException">
            <message>
              <![CDATA[
Parameter 'SignUp_page' is required by @Test on method allFooterSignUp but has not been marked @Optional or defined
in D:\jenkins-agent-data\workspace\pixelPerfectMultiPlatform_AI_Mood_St1\testngMasterStage1.xml]]>
            </message>
            <full-stacktrace>
              <![CDATA[org.testng.TestNGException: 
Parameter 'SignUp_page' is required by @Test on method allFooterSignUp but has not been marked @Optional or defined
in D:\jenkins-agent-data\workspace\pixelPerfectMultiPlatform_AI_Mood_St1\testngMasterStage1.xml
at org.testng.internal.Parameters.createParams(Parameters.java:267)
at org.testng.internal.Parameters.createParametersForMethod(Parameters.java:355)
at org.testng.internal.Parameters.createParameters(Parameters.java:684)
at org.testng.internal.Parameters.handleParameters(Parameters.java:879)
at org.testng.internal.Parameters.handleParameters(Parameters.java:728)
at org.testng.internal.invokers.ParameterHandler.handleParameters(ParameterHandler.java:72)
at org.testng.internal.invokers.ParameterHandler.createParameters(ParameterHandler.java:51)
at org.testng.internal.invokers.TestInvoker$MethodInvocationAgent.invoke(TestInvoker.java:911)
at org.testng.internal.invokers.TestInvoker.invokeTestMethods(TestInvoker.java:200)
at org.testng.internal.invokers.TestMethodWorker.invokeTestMethods(TestMethodWorker.java:148)
at org.testng.internal.invokers.TestMethodWorker.run(TestMethodWorker.java:128)
at java.base/java.util.ArrayList.forEach(ArrayList.java:1540)
at org.testng.TestRunner.privateRun(TestRunner.java:848)
at org.testng.TestRunner.run(TestRunner.java:621)
at org.testng.SuiteRunner.runTest(SuiteRunner.java:443)
at org.testng.SuiteRunner.runSequentially(SuiteRunner.java:437)
at org.testng.SuiteRunner.privateRun(SuiteRunner.java:397)
at org.testng.SuiteRunner.run(SuiteRunner.java:336)
at org.testng.SuiteRunnerWorker.runSuite(SuiteRunnerWorker.java:52)
at org.testng.SuiteRunnerWorker.run(SuiteRunnerWorker.java:95)
at org.testng.TestNG.runSuitesSequentially(TestNG.java:1280)
at org.testng.TestNG.runSuitesLocally(TestNG.java:1200)
at org.testng.TestNG.runSuites(TestNG.java:1114)
at org.testng.TestNG.run(TestNG.java:1082)
at org.apache.maven.surefire.testng.TestNGExecutor.run(TestNGExecutor.java:284)
at org.apache.maven.surefire.testng.TestNGXmlTestSuite.execute(TestNGXmlTestSuite.java:75)
at org.apache.maven.surefire.testng.TestNGProvider.invoke(TestNGProvider.java:119)
at org.apache.maven.surefire.booter.ForkedBooter.runSuitesInProcess(ForkedBooter.java:428)
at org.apache.maven.surefire.booter.ForkedBooter.execute(ForkedBooter.java:162)
at org.apache.maven.surefire.booter.ForkedBooter.run(ForkedBooter.java:562)
at org.apache.maven.surefire.booter.ForkedBooter.main(ForkedBooter.java:548)
]]>
            </full-stacktrace>
          </exception> <!-- org.testng.TestNGException -->
          <reporter-output>
          </reporter-output>
        </test-method> <!-- allFooterSignUp -->
        <test-method is-config="true" signature="tearDown()[pri:0, instance:tests.SignUp.SignUpFirefoxTests@35841320]" started-at="2023-09-11T14:29:29 EEST" name="tearDown" finished-at="2023-09-11T14:29:29 EEST" duration-ms="1" status="FAIL">
          <exception class="java.lang.NullPointerException">
            <full-stacktrace>
              <![CDATA[java.lang.NullPointerException
at tests.base.BaseTest.tearDown(BaseTest.java:37)
at jdk.internal.reflect.GeneratedMethodAccessor4.invoke(Unknown Source)
at java.base/jdk.internal.reflect.DelegatingMethodAccessorImpl.invoke(DelegatingMethodAccessorImpl.java:43)
at java.base/java.lang.reflect.Method.invoke(Method.java:566)
at org.testng.internal.invokers.MethodInvocationHelper.invokeMethod(MethodInvocationHelper.java:139)
at org.testng.internal.invokers.MethodInvocationHelper.invokeMethodConsideringTimeout(MethodInvocationHelper.java:69)
at org.testng.internal.invokers.ConfigInvoker.invokeConfigurationMethod(ConfigInvoker.java:390)
at org.testng.internal.invokers.ConfigInvoker.invokeConfigurations(ConfigInvoker.java:325)
at org.testng.internal.invokers.TestMethodWorker.invokeAfterClassConfigurations(TestMethodWorker.java:229)
at org.testng.internal.invokers.TestMethodWorker.invokeAfterClassMethods(TestMethodWorker.java:215)
at org.testng.internal.invokers.TestMethodWorker.run(TestMethodWorker.java:131)
at java.base/java.util.ArrayList.forEach(ArrayList.java:1540)
at org.testng.TestRunner.privateRun(TestRunner.java:848)
at org.testng.TestRunner.run(TestRunner.java:621)
at org.testng.SuiteRunner.runTest(SuiteRunner.java:443)
at org.testng.SuiteRunner.runSequentially(SuiteRunner.java:437)
at org.testng.SuiteRunner.privateRun(SuiteRunner.java:397)
at org.testng.SuiteRunner.run(SuiteRunner.java:336)
at org.testng.SuiteRunnerWorker.runSuite(SuiteRunnerWorker.java:52)
at org.testng.SuiteRunnerWorker.run(SuiteRunnerWorker.java:95)
at org.testng.TestNG.runSuitesSequentially(TestNG.java:1280)
at org.testng.TestNG.runSuitesLocally(TestNG.java:1200)
at org.testng.TestNG.runSuites(TestNG.java:1114)
at org.testng.TestNG.run(TestNG.java:1082)
at org.apache.maven.surefire.testng.TestNGExecutor.run(TestNGExecutor.java:284)
at org.apache.maven.surefire.testng.TestNGXmlTestSuite.execute(TestNGXmlTestSuite.java:75)
at org.apache.maven.surefire.testng.TestNGProvider.invoke(TestNGProvider.java:119)
at org.apache.maven.surefire.booter.ForkedBooter.runSuitesInProcess(ForkedBooter.java:428)
at org.apache.maven.surefire.booter.ForkedBooter.execute(ForkedBooter.java:162)
at org.apache.maven.surefire.booter.ForkedBooter.run(ForkedBooter.java:562)
at org.apache.maven.surefire.booter.ForkedBooter.main(ForkedBooter.java:548)
]]>
            </full-stacktrace>
          </exception> <!-- java.lang.NullPointerException -->
          <reporter-output>
          </reporter-output>
        </test-method> <!-- tearDown -->
      </class> <!-- tests.SignUp.SignUpFirefoxTests -->
      <class name="tests.whitePaper.WhitePaperChromeTests">
        <test-method is-config="true" signature="setUp()[pri:0, instance:tests.whitePaper.WhitePaperChromeTests@514646ef]" started-at="2023-09-11T14:26:42 EEST" name="setUp" finished-at="2023-09-11T14:26:42 EEST" duration-ms="770" status="PASS">
          <reporter-output>
          </reporter-output>
        </test-method> <!-- setUp -->
        <test-method signature="allHeaderWhitePaperPage(java.lang.String,java.lang.String)[pri:1, instance:tests.whitePaper.WhitePaperChromeTests@514646ef]" started-at="2023-09-11T14:26:42 EEST" name="allHeaderWhitePaperPage" finished-at="2023-09-11T14:26:51 EEST" duration-ms="8867" status="PASS">
          <params>
            <param index="0">
              <value>
                <![CDATA[https://aimood-stage1.intary.net/en/white-paper]]>
              </value>
            </param>
            <param index="1">
              <value>
                <![CDATA[Screenshots_St1/]]>
              </value>
            </param>
          </params>
          <reporter-output>
          </reporter-output>
        </test-method> <!-- allHeaderWhitePaperPage -->
        <test-method is-config="true" signature="setUp()[pri:0, instance:tests.whitePaper.WhitePaperChromeTests@514646ef]" started-at="2023-09-11T14:26:51 EEST" name="setUp" finished-at="2023-09-11T14:26:51 EEST" duration-ms="0" status="PASS">
          <reporter-output>
          </reporter-output>
        </test-method> <!-- setUp -->
        <test-method signature="getStartedHeaderWhitePaperPage(java.lang.String,java.lang.String)[pri:2, instance:tests.whitePaper.WhitePaperChromeTests@514646ef]" started-at="2023-09-11T14:26:51 EEST" name="getStartedHeaderWhitePaperPage" finished-at="2023-09-11T14:26:57 EEST" duration-ms="6254" status="PASS">
          <params>
            <param index="0">
              <value>
                <![CDATA[https://aimood-stage1.intary.net/en/white-paper]]>
              </value>
            </param>
            <param index="1">
              <value>
                <![CDATA[Screenshots_St1/]]>
              </value>
            </param>
          </params>
          <reporter-output>
          </reporter-output>
        </test-method> <!-- getStartedHeaderWhitePaperPage -->
        <test-method signature="marketPlaceHeaderWhitePaperPage(java.lang.String,java.lang.String)[pri:2, instance:tests.whitePaper.WhitePaperChromeTests@514646ef]" started-at="2023-09-11T14:26:57 EEST" name="marketPlaceHeaderWhitePaperPage" finished-at="2023-09-11T14:27:04 EEST" duration-ms="6246" status="PASS">
          <params>
            <param index="0">
              <value>
                <![CDATA[https://aimood-stage1.intary.net/en/white-paper]]>
              </value>
            </param>
            <param index="1">
              <value>
                <![CDATA[Screenshots_St1/]]>
              </value>
            </param>
          </params>
          <reporter-output>
          </reporter-output>
        </test-method> <!-- marketPlaceHeaderWhitePaperPage -->
        <test-method is-config="true" signature="setUp()[pri:0, instance:tests.whitePaper.WhitePaperChromeTests@514646ef]" started-at="2023-09-11T14:26:57 EEST" name="setUp" finished-at="2023-09-11T14:26:57 EEST" duration-ms="0" status="PASS">
          <reporter-output>
          </reporter-output>
        </test-method> <!-- setUp -->
        <test-method signature="whitePaperHeaderWhitePaperPage(java.lang.String,java.lang.String)[pri:2, instance:tests.whitePaper.WhitePaperChromeTests@514646ef]" started-at="2023-09-11T14:27:04 EEST" name="whitePaperHeaderWhitePaperPage" finished-at="2023-09-11T14:27:10 EEST" duration-ms="6201" status="PASS">
          <params>
            <param index="0">
              <value>
                <![CDATA[https://aimood-stage1.intary.net/en/white-paper]]>
              </value>
            </param>
            <param index="1">
              <value>
                <![CDATA[Screenshots_St1/]]>
              </value>
            </param>
          </params>
          <reporter-output>
          </reporter-output>
        </test-method> <!-- whitePaperHeaderWhitePaperPage -->
        <test-method is-config="true" signature="setUp()[pri:0, instance:tests.whitePaper.WhitePaperChromeTests@514646ef]" started-at="2023-09-11T14:27:04 EEST" name="setUp" finished-at="2023-09-11T14:27:04 EEST" duration-ms="0" status="PASS">
          <reporter-output>
          </reporter-output>
        </test-method> <!-- setUp -->
        <test-method is-config="true" signature="setUp()[pri:0, instance:tests.whitePaper.WhitePaperChromeTests@514646ef]" started-at="2023-09-11T14:27:10 EEST" name="setUp" finished-at="2023-09-11T14:27:10 EEST" duration-ms="0" status="PASS">
          <reporter-output>
          </reporter-output>
        </test-method> <!-- setUp -->
        <test-method signature="learnHeaderWhitePaperPage(java.lang.String,java.lang.String)[pri:3, instance:tests.whitePaper.WhitePaperChromeTests@514646ef]" started-at="2023-09-11T14:27:10 EEST" name="learnHeaderWhitePaperPage" finished-at="2023-09-11T14:27:16 EEST" duration-ms="6197" status="PASS">
          <params>
            <param index="0">
              <value>
                <![CDATA[https://aimood-stage1.intary.net/en/white-paper]]>
              </value>
            </param>
            <param index="1">
              <value>
                <![CDATA[Screenshots_St1/]]>
              </value>
            </param>
          </params>
          <reporter-output>
          </reporter-output>
        </test-method> <!-- learnHeaderWhitePaperPage -->
        <test-method is-config="true" signature="setUp()[pri:0, instance:tests.whitePaper.WhitePaperChromeTests@514646ef]" started-at="2023-09-11T14:27:16 EEST" name="setUp" finished-at="2023-09-11T14:27:16 EEST" duration-ms="1" status="PASS">
          <reporter-output>
          </reporter-output>
        </test-method> <!-- setUp -->
        <test-method signature="resourcesHeaderWhitePaperPage(java.lang.String,java.lang.String)[pri:4, instance:tests.whitePaper.WhitePaperChromeTests@514646ef]" started-at="2023-09-11T14:27:16 EEST" name="resourcesHeaderWhitePaperPage" finished-at="2023-09-11T14:27:22 EEST" duration-ms="6256" status="PASS">
          <params>
            <param index="0">
              <value>
                <![CDATA[https://aimood-stage1.intary.net/en/white-paper]]>
              </value>
            </param>
            <param index="1">
              <value>
                <![CDATA[Screenshots_St1/]]>
              </value>
            </param>
          </params>
          <reporter-output>
          </reporter-output>
        </test-method> <!-- resourcesHeaderWhitePaperPage -->
        <test-method signature="mainBlockWhitePaperPage(java.lang.String,java.lang.String)[pri:5, instance:tests.whitePaper.WhitePaperChromeTests@514646ef]" started-at="2023-09-11T14:27:22 EEST" name="mainBlockWhitePaperPage" finished-at="2023-09-11T14:27:29 EEST" duration-ms="6246" status="PASS">
          <params>
            <param index="0">
              <value>
                <![CDATA[https://aimood-stage1.intary.net/en/white-paper]]>
              </value>
            </param>
            <param index="1">
              <value>
                <![CDATA[Screenshots_St1/]]>
              </value>
            </param>
          </params>
          <reporter-output>
          </reporter-output>
        </test-method> <!-- mainBlockWhitePaperPage -->
        <test-method is-config="true" signature="setUp()[pri:0, instance:tests.whitePaper.WhitePaperChromeTests@514646ef]" started-at="2023-09-11T14:27:22 EEST" name="setUp" finished-at="2023-09-11T14:27:22 EEST" duration-ms="0" status="PASS">
          <reporter-output>
          </reporter-output>
        </test-method> <!-- setUp -->
        <test-method signature="EweuimtPage(java.lang.String,java.lang.String)[pri:6, instance:tests.whitePaper.WhitePaperChromeTests@514646ef]" started-at="2023-09-11T14:27:29 EEST" name="EweuimtPage" finished-at="2023-09-11T14:27:35 EEST" duration-ms="6642" status="PASS">
          <params>
            <param index="0">
              <value>
                <![CDATA[https://aimood-stage1.intary.net/en/white-paper]]>
              </value>
            </param>
            <param index="1">
              <value>
                <![CDATA[Screenshots_St1/]]>
              </value>
            </param>
          </params>
          <reporter-output>
          </reporter-output>
        </test-method> <!-- EweuimtPage -->
        <test-method is-config="true" signature="setUp()[pri:0, instance:tests.whitePaper.WhitePaperChromeTests@514646ef]" started-at="2023-09-11T14:27:29 EEST" name="setUp" finished-at="2023-09-11T14:27:29 EEST" duration-ms="0" status="PASS">
          <reporter-output>
          </reporter-output>
        </test-method> <!-- setUp -->
        <test-method is-config="true" signature="setUp()[pri:0, instance:tests.whitePaper.WhitePaperChromeTests@514646ef]" started-at="2023-09-11T14:27:35 EEST" name="setUp" finished-at="2023-09-11T14:27:35 EEST" duration-ms="1" status="PASS">
          <reporter-output>
          </reporter-output>
        </test-method> <!-- setUp -->
        <test-method signature="allFooterWhitePaperPage(java.lang.String,java.lang.String)[pri:7, instance:tests.whitePaper.WhitePaperChromeTests@514646ef]" started-at="2023-09-11T14:27:35 EEST" name="allFooterWhitePaperPage" finished-at="2023-09-11T14:27:41 EEST" duration-ms="6251" status="PASS">
          <params>
            <param index="0">
              <value>
                <![CDATA[https://aimood-stage1.intary.net/en/white-paper]]>
              </value>
            </param>
            <param index="1">
              <value>
                <![CDATA[Screenshots_St1/]]>
              </value>
            </param>
          </params>
          <reporter-output>
          </reporter-output>
        </test-method> <!-- allFooterWhitePaperPage -->
        <test-method is-config="true" signature="tearDown()[pri:0, instance:tests.whitePaper.WhitePaperChromeTests@514646ef]" started-at="2023-09-11T14:27:41 EEST" name="tearDown" finished-at="2023-09-11T14:27:42 EEST" duration-ms="640" status="PASS">
          <reporter-output>
          </reporter-output>
        </test-method> <!-- tearDown -->
      </class> <!-- tests.whitePaper.WhitePaperChromeTests -->
    </test> <!-- ai-mood - Pixel perfect regression -->
  </suite> <!-- WPT -->
</testng-results>
