<?xml version="1.0" encoding="UTF-8"?>
<testng-results ignored="0" total="20" passed="20" failed="0" skipped="0">
  <reporter-output>
  </reporter-output>
  <suite started-at="2023-08-16T11:39:31 EEST" name="WPT" finished-at="2023-08-16T11:41:17 EEST" duration-ms="105951">
    <groups>
    </groups>
    <test started-at="2023-08-16T11:39:31 EEST" name="ai-mood - Pixel perfect regression" finished-at="2023-08-16T11:41:17 EEST" duration-ms="105951">
      <class name="tests.marketPlacePageTests.AllPageFirefoxTests">
        <test-method is-config="true" signature="setUp()[pri:0, instance:tests.marketPlacePageTests.AllPageFirefoxTests@2c1b194a]" started-at="2023-08-16T11:39:31 EEST" name="setUp" finished-at="2023-08-16T11:39:34 EEST" duration-ms="3589" status="PASS">
          <reporter-output>
          </reporter-output>
        </test-method> <!-- setUp -->
        <test-method signature="allHeaderMarketPlacePage(java.lang.String,java.lang.String)[pri:1, instance:tests.marketPlacePageTests.AllPageFirefoxTests@2c1b194a]" started-at="2023-08-16T11:39:34 EEST" name="allHeaderMarketPlacePage" finished-at="2023-08-16T11:39:41 EEST" duration-ms="6444" status="PASS">
          <params>
            <param index="0">
              <value>
                <![CDATA[https://ai-mood.com/en/market-place]]>
              </value>
            </param>
            <param index="1">
              <value>
                <![CDATA[Screenshots/]]>
              </value>
            </param>
          </params>
          <reporter-output>
          </reporter-output>
        </test-method> <!-- allHeaderMarketPlacePage -->
        <test-method is-config="true" signature="setUp()[pri:0, instance:tests.marketPlacePageTests.AllPageFirefoxTests@2c1b194a]" started-at="2023-08-16T11:39:41 EEST" name="setUp" finished-at="2023-08-16T11:39:41 EEST" duration-ms="0" status="PASS">
          <reporter-output>
          </reporter-output>
        </test-method> <!-- setUp -->
        <test-method signature="getStartedHeaderMarketPlacePage(java.lang.String,java.lang.String)[pri:2, instance:tests.marketPlacePageTests.AllPageFirefoxTests@2c1b194a]" started-at="2023-08-16T11:39:41 EEST" name="getStartedHeaderMarketPlacePage" finished-at="2023-08-16T11:39:45 EEST" duration-ms="4154" status="PASS">
          <params>
            <param index="0">
              <value>
                <![CDATA[https://ai-mood.com/en/market-place]]>
              </value>
            </param>
            <param index="1">
              <value>
                <![CDATA[Screenshots/]]>
              </value>
            </param>
          </params>
          <reporter-output>
          </reporter-output>
        </test-method> <!-- getStartedHeaderMarketPlacePage -->
        <test-method is-config="true" signature="setUp()[pri:0, instance:tests.marketPlacePageTests.AllPageFirefoxTests@2c1b194a]" started-at="2023-08-16T11:39:45 EEST" name="setUp" finished-at="2023-08-16T11:39:45 EEST" duration-ms="0" status="PASS">
          <reporter-output>
          </reporter-output>
        </test-method> <!-- setUp -->
        <test-method signature="learnHeaderMarketPlacePage(java.lang.String,java.lang.String)[pri:3, instance:tests.marketPlacePageTests.AllPageFirefoxTests@2c1b194a]" started-at="2023-08-16T11:39:45 EEST" name="learnHeaderMarketPlacePage" finished-at="2023-08-16T11:39:49 EEST" duration-ms="4125" status="PASS">
          <params>
            <param index="0">
              <value>
                <![CDATA[https://ai-mood.com/en/market-place]]>
              </value>
            </param>
            <param index="1">
              <value>
                <![CDATA[Screenshots/]]>
              </value>
            </param>
          </params>
          <reporter-output>
          </reporter-output>
        </test-method> <!-- learnHeaderMarketPlacePage -->
        <test-method is-config="true" signature="setUp()[pri:0, instance:tests.marketPlacePageTests.AllPageFirefoxTests@2c1b194a]" started-at="2023-08-16T11:39:49 EEST" name="setUp" finished-at="2023-08-16T11:39:49 EEST" duration-ms="1" status="PASS">
          <reporter-output>
          </reporter-output>
        </test-method> <!-- setUp -->
        <test-method signature="resourcesHeaderMarketPlacePage(java.lang.String,java.lang.String)[pri:4, instance:tests.marketPlacePageTests.AllPageFirefoxTests@2c1b194a]" started-at="2023-08-16T11:39:49 EEST" name="resourcesHeaderMarketPlacePage" finished-at="2023-08-16T11:39:53 EEST" duration-ms="4156" status="PASS">
          <params>
            <param index="0">
              <value>
                <![CDATA[https://ai-mood.com/en/market-place]]>
              </value>
            </param>
            <param index="1">
              <value>
                <![CDATA[Screenshots/]]>
              </value>
            </param>
          </params>
          <reporter-output>
          </reporter-output>
        </test-method> <!-- resourcesHeaderMarketPlacePage -->
        <test-method is-config="true" signature="setUp()[pri:0, instance:tests.marketPlacePageTests.AllPageFirefoxTests@2c1b194a]" started-at="2023-08-16T11:39:53 EEST" name="setUp" finished-at="2023-08-16T11:39:53 EEST" duration-ms="1" status="PASS">
          <reporter-output>
          </reporter-output>
        </test-method> <!-- setUp -->
        <test-method signature="mainSectionMarketPlacePage(java.lang.String,java.lang.String)[pri:6, instance:tests.marketPlacePageTests.AllPageFirefoxTests@2c1b194a]" started-at="2023-08-16T11:39:53 EEST" name="mainSectionMarketPlacePage" finished-at="2023-08-16T11:39:58 EEST" duration-ms="4945" status="PASS">
          <params>
            <param index="0">
              <value>
                <![CDATA[https://ai-mood.com/en/market-place]]>
              </value>
            </param>
            <param index="1">
              <value>
                <![CDATA[Screenshots/]]>
              </value>
            </param>
          </params>
          <reporter-output>
          </reporter-output>
        </test-method> <!-- mainSectionMarketPlacePage -->
        <test-method is-config="true" signature="setUp()[pri:0, instance:tests.marketPlacePageTests.AllPageFirefoxTests@2c1b194a]" started-at="2023-08-16T11:39:58 EEST" name="setUp" finished-at="2023-08-16T11:39:58 EEST" duration-ms="0" status="PASS">
          <reporter-output>
          </reporter-output>
        </test-method> <!-- setUp -->
        <test-method signature="statisticsSectionMarketPlacePage(java.lang.String,java.lang.String)[pri:7, instance:tests.marketPlacePageTests.AllPageFirefoxTests@2c1b194a]" started-at="2023-08-16T11:39:58 EEST" name="statisticsSectionMarketPlacePage" finished-at="2023-08-16T11:40:04 EEST" duration-ms="5349" status="PASS">
          <params>
            <param index="0">
              <value>
                <![CDATA[https://ai-mood.com/en/market-place]]>
              </value>
            </param>
            <param index="1">
              <value>
                <![CDATA[Screenshots/]]>
              </value>
            </param>
          </params>
          <reporter-output>
          </reporter-output>
        </test-method> <!-- statisticsSectionMarketPlacePage -->
        <test-method is-config="true" signature="setUp()[pri:0, instance:tests.marketPlacePageTests.AllPageFirefoxTests@2c1b194a]" started-at="2023-08-16T11:40:04 EEST" name="setUp" finished-at="2023-08-16T11:40:04 EEST" duration-ms="1" status="PASS">
          <reporter-output>
          </reporter-output>
        </test-method> <!-- setUp -->
        <test-method signature="allFooterMarketPlacePage(java.lang.String,java.lang.String)[pri:8, instance:tests.marketPlacePageTests.AllPageFirefoxTests@2c1b194a]" started-at="2023-08-16T11:40:04 EEST" name="allFooterMarketPlacePage" finished-at="2023-08-16T11:40:09 EEST" duration-ms="5015" status="PASS">
          <params>
            <param index="0">
              <value>
                <![CDATA[https://ai-mood.com/en/market-place]]>
              </value>
            </param>
            <param index="1">
              <value>
                <![CDATA[Screenshots/]]>
              </value>
            </param>
          </params>
          <reporter-output>
          </reporter-output>
        </test-method> <!-- allFooterMarketPlacePage -->
        <test-method is-config="true" signature="setUp()[pri:0, instance:tests.marketPlacePageTests.AllPageFirefoxTests@2c1b194a]" started-at="2023-08-16T11:40:09 EEST" name="setUp" finished-at="2023-08-16T11:40:09 EEST" duration-ms="1" status="PASS">
          <reporter-output>
          </reporter-output>
        </test-method> <!-- setUp -->
        <test-method signature="partnFooterMarketPlacePage(java.lang.String,java.lang.String)[pri:9, instance:tests.marketPlacePageTests.AllPageFirefoxTests@2c1b194a]" started-at="2023-08-16T11:40:09 EEST" name="partnFooterMarketPlacePage" finished-at="2023-08-16T11:40:13 EEST" duration-ms="4939" status="PASS">
          <params>
            <param index="0">
              <value>
                <![CDATA[https://ai-mood.com/en/market-place]]>
              </value>
            </param>
            <param index="1">
              <value>
                <![CDATA[Screenshots/]]>
              </value>
            </param>
          </params>
          <reporter-output>
          </reporter-output>
        </test-method> <!-- partnFooterMarketPlacePage -->
        <test-method is-config="true" signature="setUp()[pri:0, instance:tests.marketPlacePageTests.AllPageFirefoxTests@2c1b194a]" started-at="2023-08-16T11:40:13 EEST" name="setUp" finished-at="2023-08-16T11:40:13 EEST" duration-ms="1" status="PASS">
          <reporter-output>
          </reporter-output>
        </test-method> <!-- setUp -->
        <test-method signature="subFooterMarketPlacePage(java.lang.String,java.lang.String)[pri:10, instance:tests.marketPlacePageTests.AllPageFirefoxTests@2c1b194a]" started-at="2023-08-16T11:40:13 EEST" name="subFooterMarketPlacePage" finished-at="2023-08-16T11:40:18 EEST" duration-ms="4963" status="PASS">
          <params>
            <param index="0">
              <value>
                <![CDATA[https://ai-mood.com/en/market-place]]>
              </value>
            </param>
            <param index="1">
              <value>
                <![CDATA[Screenshots/]]>
              </value>
            </param>
          </params>
          <reporter-output>
          </reporter-output>
        </test-method> <!-- subFooterMarketPlacePage -->
        <test-method is-config="true" signature="setUp()[pri:0, instance:tests.marketPlacePageTests.AllPageFirefoxTests@2c1b194a]" started-at="2023-08-16T11:40:18 EEST" name="setUp" finished-at="2023-08-16T11:40:18 EEST" duration-ms="1" status="PASS">
          <reporter-output>
          </reporter-output>
        </test-method> <!-- setUp -->
        <test-method signature="copFooterMarketPlacePage(java.lang.String,java.lang.String)[pri:11, instance:tests.marketPlacePageTests.AllPageFirefoxTests@2c1b194a]" started-at="2023-08-16T11:40:18 EEST" name="copFooterMarketPlacePage" finished-at="2023-08-16T11:40:23 EEST" duration-ms="4041" status="PASS">
          <params>
            <param index="0">
              <value>
                <![CDATA[https://ai-mood.com/en/market-place]]>
              </value>
            </param>
            <param index="1">
              <value>
                <![CDATA[Screenshots/]]>
              </value>
            </param>
          </params>
          <reporter-output>
          </reporter-output>
        </test-method> <!-- copFooterMarketPlacePage -->
        <test-method is-config="true" signature="tearDown()[pri:0, instance:tests.marketPlacePageTests.AllPageFirefoxTests@2c1b194a]" started-at="2023-08-16T11:40:23 EEST" name="tearDown" finished-at="2023-08-16T11:40:24 EEST" duration-ms="1877" status="PASS">
          <reporter-output>
          </reporter-output>
        </test-method> <!-- tearDown -->
      </class> <!-- tests.marketPlacePageTests.AllPageFirefoxTests -->
      <class name="tests.marketPlacePageTests.AllPageChromeTests">
        <test-method is-config="true" signature="setUp()[pri:0, instance:tests.marketPlacePageTests.AllPageChromeTests@60bd273d]" started-at="2023-08-16T11:40:24 EEST" name="setUp" finished-at="2023-08-16T11:40:26 EEST" duration-ms="1885" status="PASS">
          <reporter-output>
          </reporter-output>
        </test-method> <!-- setUp -->
        <test-method signature="allHeaderMarketPlacePage(java.lang.String,java.lang.String)[pri:1, instance:tests.marketPlacePageTests.AllPageChromeTests@60bd273d]" started-at="2023-08-16T11:40:26 EEST" name="allHeaderMarketPlacePage" finished-at="2023-08-16T11:40:32 EEST" duration-ms="5656" status="PASS">
          <params>
            <param index="0">
              <value>
                <![CDATA[https://ai-mood.com/en/market-place]]>
              </value>
            </param>
            <param index="1">
              <value>
                <![CDATA[Screenshots/]]>
              </value>
            </param>
          </params>
          <reporter-output>
          </reporter-output>
        </test-method> <!-- allHeaderMarketPlacePage -->
        <test-method signature="getStartedHeaderMarketPlacePage(java.lang.String,java.lang.String)[pri:2, instance:tests.marketPlacePageTests.AllPageChromeTests@60bd273d]" started-at="2023-08-16T11:40:32 EEST" name="getStartedHeaderMarketPlacePage" finished-at="2023-08-16T11:40:36 EEST" duration-ms="4420" status="PASS">
          <params>
            <param index="0">
              <value>
                <![CDATA[https://ai-mood.com/en/market-place]]>
              </value>
            </param>
            <param index="1">
              <value>
                <![CDATA[Screenshots/]]>
              </value>
            </param>
          </params>
          <reporter-output>
          </reporter-output>
        </test-method> <!-- getStartedHeaderMarketPlacePage -->
        <test-method is-config="true" signature="setUp()[pri:0, instance:tests.marketPlacePageTests.AllPageChromeTests@60bd273d]" started-at="2023-08-16T11:40:32 EEST" name="setUp" finished-at="2023-08-16T11:40:32 EEST" duration-ms="0" status="PASS">
          <reporter-output>
          </reporter-output>
        </test-method> <!-- setUp -->
        <test-method is-config="true" signature="setUp()[pri:0, instance:tests.marketPlacePageTests.AllPageChromeTests@60bd273d]" started-at="2023-08-16T11:40:36 EEST" name="setUp" finished-at="2023-08-16T11:40:36 EEST" duration-ms="0" status="PASS">
          <reporter-output>
          </reporter-output>
        </test-method> <!-- setUp -->
        <test-method signature="learnHeaderMarketPlacePage(java.lang.String,java.lang.String)[pri:3, instance:tests.marketPlacePageTests.AllPageChromeTests@60bd273d]" started-at="2023-08-16T11:40:36 EEST" name="learnHeaderMarketPlacePage" finished-at="2023-08-16T11:40:41 EEST" duration-ms="4315" status="PASS">
          <params>
            <param index="0">
              <value>
                <![CDATA[https://ai-mood.com/en/market-place]]>
              </value>
            </param>
            <param index="1">
              <value>
                <![CDATA[Screenshots/]]>
              </value>
            </param>
          </params>
          <reporter-output>
          </reporter-output>
        </test-method> <!-- learnHeaderMarketPlacePage -->
        <test-method signature="resourcesHeaderMarketPlacePage(java.lang.String,java.lang.String)[pri:4, instance:tests.marketPlacePageTests.AllPageChromeTests@60bd273d]" started-at="2023-08-16T11:40:41 EEST" name="resourcesHeaderMarketPlacePage" finished-at="2023-08-16T11:40:45 EEST" duration-ms="4362" status="PASS">
          <params>
            <param index="0">
              <value>
                <![CDATA[https://ai-mood.com/en/market-place]]>
              </value>
            </param>
            <param index="1">
              <value>
                <![CDATA[Screenshots/]]>
              </value>
            </param>
          </params>
          <reporter-output>
          </reporter-output>
        </test-method> <!-- resourcesHeaderMarketPlacePage -->
        <test-method is-config="true" signature="setUp()[pri:0, instance:tests.marketPlacePageTests.AllPageChromeTests@60bd273d]" started-at="2023-08-16T11:40:41 EEST" name="setUp" finished-at="2023-08-16T11:40:41 EEST" duration-ms="0" status="PASS">
          <reporter-output>
          </reporter-output>
        </test-method> <!-- setUp -->
        <test-method is-config="true" signature="setUp()[pri:0, instance:tests.marketPlacePageTests.AllPageChromeTests@60bd273d]" started-at="2023-08-16T11:40:45 EEST" name="setUp" finished-at="2023-08-16T11:40:45 EEST" duration-ms="1" status="PASS">
          <reporter-output>
          </reporter-output>
        </test-method> <!-- setUp -->
        <test-method signature="mainSectionMarketPlacePage(java.lang.String,java.lang.String)[pri:6, instance:tests.marketPlacePageTests.AllPageChromeTests@60bd273d]" started-at="2023-08-16T11:40:45 EEST" name="mainSectionMarketPlacePage" finished-at="2023-08-16T11:40:50 EEST" duration-ms="5246" status="PASS">
          <params>
            <param index="0">
              <value>
                <![CDATA[https://ai-mood.com/en/market-place]]>
              </value>
            </param>
            <param index="1">
              <value>
                <![CDATA[Screenshots/]]>
              </value>
            </param>
          </params>
          <reporter-output>
          </reporter-output>
        </test-method> <!-- mainSectionMarketPlacePage -->
        <test-method is-config="true" signature="setUp()[pri:0, instance:tests.marketPlacePageTests.AllPageChromeTests@60bd273d]" started-at="2023-08-16T11:40:50 EEST" name="setUp" finished-at="2023-08-16T11:40:50 EEST" duration-ms="1" status="PASS">
          <reporter-output>
          </reporter-output>
        </test-method> <!-- setUp -->
        <test-method signature="statisticsSectionMarketPlacePage(java.lang.String,java.lang.String)[pri:7, instance:tests.marketPlacePageTests.AllPageChromeTests@60bd273d]" started-at="2023-08-16T11:40:50 EEST" name="statisticsSectionMarketPlacePage" finished-at="2023-08-16T11:40:56 EEST" duration-ms="5901" status="PASS">
          <params>
            <param index="0">
              <value>
                <![CDATA[https://ai-mood.com/en/market-place]]>
              </value>
            </param>
            <param index="1">
              <value>
                <![CDATA[Screenshots/]]>
              </value>
            </param>
          </params>
          <reporter-output>
          </reporter-output>
        </test-method> <!-- statisticsSectionMarketPlacePage -->
        <test-method is-config="true" signature="setUp()[pri:0, instance:tests.marketPlacePageTests.AllPageChromeTests@60bd273d]" started-at="2023-08-16T11:40:56 EEST" name="setUp" finished-at="2023-08-16T11:40:56 EEST" duration-ms="0" status="PASS">
          <reporter-output>
          </reporter-output>
        </test-method> <!-- setUp -->
        <test-method signature="allFooterMarketPlacePage(java.lang.String,java.lang.String)[pri:8, instance:tests.marketPlacePageTests.AllPageChromeTests@60bd273d]" started-at="2023-08-16T11:40:56 EEST" name="allFooterMarketPlacePage" finished-at="2023-08-16T11:41:01 EEST" duration-ms="5312" status="PASS">
          <params>
            <param index="0">
              <value>
                <![CDATA[https://ai-mood.com/en/market-place]]>
              </value>
            </param>
            <param index="1">
              <value>
                <![CDATA[Screenshots/]]>
              </value>
            </param>
          </params>
          <reporter-output>
          </reporter-output>
        </test-method> <!-- allFooterMarketPlacePage -->
        <test-method is-config="true" signature="setUp()[pri:0, instance:tests.marketPlacePageTests.AllPageChromeTests@60bd273d]" started-at="2023-08-16T11:41:01 EEST" name="setUp" finished-at="2023-08-16T11:41:01 EEST" duration-ms="0" status="PASS">
          <reporter-output>
          </reporter-output>
        </test-method> <!-- setUp -->
        <test-method signature="partnFooterMarketPlacePage(java.lang.String,java.lang.String)[pri:9, instance:tests.marketPlacePageTests.AllPageChromeTests@60bd273d]" started-at="2023-08-16T11:41:01 EEST" name="partnFooterMarketPlacePage" finished-at="2023-08-16T11:41:07 EEST" duration-ms="5167" status="PASS">
          <params>
            <param index="0">
              <value>
                <![CDATA[https://ai-mood.com/en/market-place]]>
              </value>
            </param>
            <param index="1">
              <value>
                <![CDATA[Screenshots/]]>
              </value>
            </param>
          </params>
          <reporter-output>
          </reporter-output>
        </test-method> <!-- partnFooterMarketPlacePage -->
        <test-method signature="subFooterMarketPlacePage(java.lang.String,java.lang.String)[pri:10, instance:tests.marketPlacePageTests.AllPageChromeTests@60bd273d]" started-at="2023-08-16T11:41:07 EEST" name="subFooterMarketPlacePage" finished-at="2023-08-16T11:41:12 EEST" duration-ms="5145" status="PASS">
          <params>
            <param index="0">
              <value>
                <![CDATA[https://ai-mood.com/en/market-place]]>
              </value>
            </param>
            <param index="1">
              <value>
                <![CDATA[Screenshots/]]>
              </value>
            </param>
          </params>
          <reporter-output>
          </reporter-output>
        </test-method> <!-- subFooterMarketPlacePage -->
        <test-method is-config="true" signature="setUp()[pri:0, instance:tests.marketPlacePageTests.AllPageChromeTests@60bd273d]" started-at="2023-08-16T11:41:07 EEST" name="setUp" finished-at="2023-08-16T11:41:07 EEST" duration-ms="0" status="PASS">
          <reporter-output>
          </reporter-output>
        </test-method> <!-- setUp -->
        <test-method is-config="true" signature="setUp()[pri:0, instance:tests.marketPlacePageTests.AllPageChromeTests@60bd273d]" started-at="2023-08-16T11:41:12 EEST" name="setUp" finished-at="2023-08-16T11:41:12 EEST" duration-ms="0" status="PASS">
          <reporter-output>
          </reporter-output>
        </test-method> <!-- setUp -->
        <test-method signature="copFooterMarketPlacePage(java.lang.String,java.lang.String)[pri:11, instance:tests.marketPlacePageTests.AllPageChromeTests@60bd273d]" started-at="2023-08-16T11:41:12 EEST" name="copFooterMarketPlacePage" finished-at="2023-08-16T11:41:16 EEST" duration-ms="4209" status="PASS">
          <params>
            <param index="0">
              <value>
                <![CDATA[https://ai-mood.com/en/market-place]]>
              </value>
            </param>
            <param index="1">
              <value>
                <![CDATA[Screenshots/]]>
              </value>
            </param>
          </params>
          <reporter-output>
          </reporter-output>
        </test-method> <!-- copFooterMarketPlacePage -->
        <test-method is-config="true" signature="tearDown()[pri:0, instance:tests.marketPlacePageTests.AllPageChromeTests@60bd273d]" started-at="2023-08-16T11:41:16 EEST" name="tearDown" finished-at="2023-08-16T11:41:17 EEST" duration-ms="673" status="PASS">
          <reporter-output>
          </reporter-output>
        </test-method> <!-- tearDown -->
      </class> <!-- tests.marketPlacePageTests.AllPageChromeTests -->
    </test> <!-- ai-mood - Pixel perfect regression -->
  </suite> <!-- WPT -->
</testng-results>
