<?xml version="1.0" encoding="UTF-8"?>
<testng-results ignored="0" total="116" passed="116" failed="0" skipped="0">
  <reporter-output>
  </reporter-output>
  <suite started-at="2023-09-08T11:17:27 EEST" name="WPT" finished-at="2023-09-08T11:32:59 EEST" duration-ms="931774">
    <groups>
    </groups>
    <test started-at="2023-09-08T11:17:27 EEST" name="ai-mood - Pixel perfect regression" finished-at="2023-09-08T11:32:59 EEST" duration-ms="931774">
      <class name="tests.marketPlacePageTests.AllPageFirefoxTests">
        <test-method is-config="true" signature="setUp()[pri:0, instance:tests.marketPlacePageTests.AllPageFirefoxTests@5afa3c9]" started-at="2023-09-08T11:20:08 EEST" name="setUp" finished-at="2023-09-08T11:20:11 EEST" duration-ms="2513" status="PASS">
          <reporter-output>
          </reporter-output>
        </test-method> <!-- setUp -->
        <test-method signature="allHeaderMarketPlacePage(java.lang.String,java.lang.String)[pri:1, instance:tests.marketPlacePageTests.AllPageFirefoxTests@5afa3c9]" started-at="2023-09-08T11:20:11 EEST" name="allHeaderMarketPlacePage" finished-at="2023-09-08T11:20:18 EEST" duration-ms="7343" status="PASS">
          <params>
            <param index="0">
              <value>
                <![CDATA[https://ai-mood.com/en/market-place]]>
              </value>
            </param>
            <param index="1">
              <value>
                <![CDATA[Screenshots/]]>
              </value>
            </param>
          </params>
          <reporter-output>
          </reporter-output>
        </test-method> <!-- allHeaderMarketPlacePage -->
        <test-method signature="getStartedHeaderMarketPlacePage(java.lang.String,java.lang.String)[pri:2, instance:tests.marketPlacePageTests.AllPageFirefoxTests@5afa3c9]" started-at="2023-09-08T11:20:18 EEST" name="getStartedHeaderMarketPlacePage" finished-at="2023-09-08T11:20:26 EEST" duration-ms="8035" status="PASS">
          <params>
            <param index="0">
              <value>
                <![CDATA[https://ai-mood.com/en/market-place]]>
              </value>
            </param>
            <param index="1">
              <value>
                <![CDATA[Screenshots/]]>
              </value>
            </param>
          </params>
          <reporter-output>
          </reporter-output>
        </test-method> <!-- getStartedHeaderMarketPlacePage -->
        <test-method is-config="true" signature="setUp()[pri:0, instance:tests.marketPlacePageTests.AllPageFirefoxTests@5afa3c9]" started-at="2023-09-08T11:20:18 EEST" name="setUp" finished-at="2023-09-08T11:20:18 EEST" duration-ms="0" status="PASS">
          <reporter-output>
          </reporter-output>
        </test-method> <!-- setUp -->
        <test-method is-config="true" signature="setUp()[pri:0, instance:tests.marketPlacePageTests.AllPageFirefoxTests@5afa3c9]" started-at="2023-09-08T11:20:26 EEST" name="setUp" finished-at="2023-09-08T11:20:26 EEST" duration-ms="1" status="PASS">
          <reporter-output>
          </reporter-output>
        </test-method> <!-- setUp -->
        <test-method signature="learnHeaderMarketPlacePage(java.lang.String,java.lang.String)[pri:3, instance:tests.marketPlacePageTests.AllPageFirefoxTests@5afa3c9]" started-at="2023-09-08T11:20:26 EEST" name="learnHeaderMarketPlacePage" finished-at="2023-09-08T11:20:31 EEST" duration-ms="5092" status="PASS">
          <params>
            <param index="0">
              <value>
                <![CDATA[https://ai-mood.com/en/market-place]]>
              </value>
            </param>
            <param index="1">
              <value>
                <![CDATA[Screenshots/]]>
              </value>
            </param>
          </params>
          <reporter-output>
          </reporter-output>
        </test-method> <!-- learnHeaderMarketPlacePage -->
        <test-method is-config="true" signature="setUp()[pri:0, instance:tests.marketPlacePageTests.AllPageFirefoxTests@5afa3c9]" started-at="2023-09-08T11:20:31 EEST" name="setUp" finished-at="2023-09-08T11:20:31 EEST" duration-ms="1" status="PASS">
          <reporter-output>
          </reporter-output>
        </test-method> <!-- setUp -->
        <test-method signature="resourcesHeaderMarketPlacePage(java.lang.String,java.lang.String)[pri:4, instance:tests.marketPlacePageTests.AllPageFirefoxTests@5afa3c9]" started-at="2023-09-08T11:20:31 EEST" name="resourcesHeaderMarketPlacePage" finished-at="2023-09-08T11:20:39 EEST" duration-ms="7989" status="PASS">
          <params>
            <param index="0">
              <value>
                <![CDATA[https://ai-mood.com/en/market-place]]>
              </value>
            </param>
            <param index="1">
              <value>
                <![CDATA[Screenshots/]]>
              </value>
            </param>
          </params>
          <reporter-output>
          </reporter-output>
        </test-method> <!-- resourcesHeaderMarketPlacePage -->
        <test-method is-config="true" signature="setUp()[pri:0, instance:tests.marketPlacePageTests.AllPageFirefoxTests@5afa3c9]" started-at="2023-09-08T11:20:39 EEST" name="setUp" finished-at="2023-09-08T11:20:39 EEST" duration-ms="1" status="PASS">
          <reporter-output>
          </reporter-output>
        </test-method> <!-- setUp -->
        <test-method signature="mainSectionMarketPlacePage(java.lang.String,java.lang.String)[pri:6, instance:tests.marketPlacePageTests.AllPageFirefoxTests@5afa3c9]" started-at="2023-09-08T11:20:39 EEST" name="mainSectionMarketPlacePage" finished-at="2023-09-08T11:20:46 EEST" duration-ms="6918" status="PASS">
          <params>
            <param index="0">
              <value>
                <![CDATA[https://ai-mood.com/en/market-place]]>
              </value>
            </param>
            <param index="1">
              <value>
                <![CDATA[Screenshots/]]>
              </value>
            </param>
          </params>
          <reporter-output>
          </reporter-output>
        </test-method> <!-- mainSectionMarketPlacePage -->
        <test-method is-config="true" signature="setUp()[pri:0, instance:tests.marketPlacePageTests.AllPageFirefoxTests@5afa3c9]" started-at="2023-09-08T11:20:46 EEST" name="setUp" finished-at="2023-09-08T11:20:46 EEST" duration-ms="1" status="PASS">
          <reporter-output>
          </reporter-output>
        </test-method> <!-- setUp -->
        <test-method signature="statisticsSectionMarketPlacePage(java.lang.String,java.lang.String)[pri:7, instance:tests.marketPlacePageTests.AllPageFirefoxTests@5afa3c9]" started-at="2023-09-08T11:20:46 EEST" name="statisticsSectionMarketPlacePage" finished-at="2023-09-08T11:20:52 EEST" duration-ms="6196" status="PASS">
          <params>
            <param index="0">
              <value>
                <![CDATA[https://ai-mood.com/en/market-place]]>
              </value>
            </param>
            <param index="1">
              <value>
                <![CDATA[Screenshots/]]>
              </value>
            </param>
          </params>
          <reporter-output>
          </reporter-output>
        </test-method> <!-- statisticsSectionMarketPlacePage -->
        <test-method signature="allFooterMarketPlacePage(java.lang.String,java.lang.String)[pri:8, instance:tests.marketPlacePageTests.AllPageFirefoxTests@5afa3c9]" started-at="2023-09-08T11:20:52 EEST" name="allFooterMarketPlacePage" finished-at="2023-09-08T11:20:58 EEST" duration-ms="5898" status="PASS">
          <params>
            <param index="0">
              <value>
                <![CDATA[https://ai-mood.com/en/market-place]]>
              </value>
            </param>
            <param index="1">
              <value>
                <![CDATA[Screenshots/]]>
              </value>
            </param>
          </params>
          <reporter-output>
          </reporter-output>
        </test-method> <!-- allFooterMarketPlacePage -->
        <test-method is-config="true" signature="setUp()[pri:0, instance:tests.marketPlacePageTests.AllPageFirefoxTests@5afa3c9]" started-at="2023-09-08T11:20:52 EEST" name="setUp" finished-at="2023-09-08T11:20:52 EEST" duration-ms="0" status="PASS">
          <reporter-output>
          </reporter-output>
        </test-method> <!-- setUp -->
        <test-method is-config="true" signature="tearDown()[pri:0, instance:tests.marketPlacePageTests.AllPageFirefoxTests@5afa3c9]" started-at="2023-09-08T11:20:58 EEST" name="tearDown" finished-at="2023-09-08T11:20:59 EEST" duration-ms="1230" status="PASS">
          <reporter-output>
          </reporter-output>
        </test-method> <!-- tearDown -->
      </class> <!-- tests.marketPlacePageTests.AllPageFirefoxTests -->
      <class name="tests.marketPlacePageTests.AllPageChromeTests">
        <test-method is-config="true" signature="setUp()[pri:0, instance:tests.marketPlacePageTests.AllPageChromeTests@72035809]" started-at="2023-09-08T11:20:59 EEST" name="setUp" finished-at="2023-09-08T11:21:00 EEST" duration-ms="770" status="PASS">
          <reporter-output>
          </reporter-output>
        </test-method> <!-- setUp -->
        <test-method signature="allHeaderMarketPlacePage(java.lang.String,java.lang.String)[pri:1, instance:tests.marketPlacePageTests.AllPageChromeTests@72035809]" started-at="2023-09-08T11:21:00 EEST" name="allHeaderMarketPlacePage" finished-at="2023-09-08T11:21:18 EEST" duration-ms="18092" status="PASS">
          <params>
            <param index="0">
              <value>
                <![CDATA[https://ai-mood.com/en/market-place]]>
              </value>
            </param>
            <param index="1">
              <value>
                <![CDATA[Screenshots/]]>
              </value>
            </param>
          </params>
          <reporter-output>
          </reporter-output>
        </test-method> <!-- allHeaderMarketPlacePage -->
        <test-method is-config="true" signature="setUp()[pri:0, instance:tests.marketPlacePageTests.AllPageChromeTests@72035809]" started-at="2023-09-08T11:21:18 EEST" name="setUp" finished-at="2023-09-08T11:21:18 EEST" duration-ms="1" status="PASS">
          <reporter-output>
          </reporter-output>
        </test-method> <!-- setUp -->
        <test-method signature="getStartedHeaderMarketPlacePage(java.lang.String,java.lang.String)[pri:2, instance:tests.marketPlacePageTests.AllPageChromeTests@72035809]" started-at="2023-09-08T11:21:18 EEST" name="getStartedHeaderMarketPlacePage" finished-at="2023-09-08T11:21:26 EEST" duration-ms="8284" status="PASS">
          <params>
            <param index="0">
              <value>
                <![CDATA[https://ai-mood.com/en/market-place]]>
              </value>
            </param>
            <param index="1">
              <value>
                <![CDATA[Screenshots/]]>
              </value>
            </param>
          </params>
          <reporter-output>
          </reporter-output>
        </test-method> <!-- getStartedHeaderMarketPlacePage -->
        <test-method is-config="true" signature="setUp()[pri:0, instance:tests.marketPlacePageTests.AllPageChromeTests@72035809]" started-at="2023-09-08T11:21:26 EEST" name="setUp" finished-at="2023-09-08T11:21:26 EEST" duration-ms="0" status="PASS">
          <reporter-output>
          </reporter-output>
        </test-method> <!-- setUp -->
        <test-method signature="learnHeaderMarketPlacePage(java.lang.String,java.lang.String)[pri:3, instance:tests.marketPlacePageTests.AllPageChromeTests@72035809]" started-at="2023-09-08T11:21:26 EEST" name="learnHeaderMarketPlacePage" finished-at="2023-09-08T11:21:35 EEST" duration-ms="8204" status="PASS">
          <params>
            <param index="0">
              <value>
                <![CDATA[https://ai-mood.com/en/market-place]]>
              </value>
            </param>
            <param index="1">
              <value>
                <![CDATA[Screenshots/]]>
              </value>
            </param>
          </params>
          <reporter-output>
          </reporter-output>
        </test-method> <!-- learnHeaderMarketPlacePage -->
        <test-method signature="resourcesHeaderMarketPlacePage(java.lang.String,java.lang.String)[pri:4, instance:tests.marketPlacePageTests.AllPageChromeTests@72035809]" started-at="2023-09-08T11:21:35 EEST" name="resourcesHeaderMarketPlacePage" finished-at="2023-09-08T11:21:43 EEST" duration-ms="8199" status="PASS">
          <params>
            <param index="0">
              <value>
                <![CDATA[https://ai-mood.com/en/market-place]]>
              </value>
            </param>
            <param index="1">
              <value>
                <![CDATA[Screenshots/]]>
              </value>
            </param>
          </params>
          <reporter-output>
          </reporter-output>
        </test-method> <!-- resourcesHeaderMarketPlacePage -->
        <test-method is-config="true" signature="setUp()[pri:0, instance:tests.marketPlacePageTests.AllPageChromeTests@72035809]" started-at="2023-09-08T11:21:35 EEST" name="setUp" finished-at="2023-09-08T11:21:35 EEST" duration-ms="0" status="PASS">
          <reporter-output>
          </reporter-output>
        </test-method> <!-- setUp -->
        <test-method signature="mainSectionMarketPlacePage(java.lang.String,java.lang.String)[pri:6, instance:tests.marketPlacePageTests.AllPageChromeTests@72035809]" started-at="2023-09-08T11:21:43 EEST" name="mainSectionMarketPlacePage" finished-at="2023-09-08T11:21:50 EEST" duration-ms="7275" status="PASS">
          <params>
            <param index="0">
              <value>
                <![CDATA[https://ai-mood.com/en/market-place]]>
              </value>
            </param>
            <param index="1">
              <value>
                <![CDATA[Screenshots/]]>
              </value>
            </param>
          </params>
          <reporter-output>
          </reporter-output>
        </test-method> <!-- mainSectionMarketPlacePage -->
        <test-method is-config="true" signature="setUp()[pri:0, instance:tests.marketPlacePageTests.AllPageChromeTests@72035809]" started-at="2023-09-08T11:21:43 EEST" name="setUp" finished-at="2023-09-08T11:21:43 EEST" duration-ms="0" status="PASS">
          <reporter-output>
          </reporter-output>
        </test-method> <!-- setUp -->
        <test-method signature="statisticsSectionMarketPlacePage(java.lang.String,java.lang.String)[pri:7, instance:tests.marketPlacePageTests.AllPageChromeTests@72035809]" started-at="2023-09-08T11:21:50 EEST" name="statisticsSectionMarketPlacePage" finished-at="2023-09-08T11:21:57 EEST" duration-ms="6656" status="PASS">
          <params>
            <param index="0">
              <value>
                <![CDATA[https://ai-mood.com/en/market-place]]>
              </value>
            </param>
            <param index="1">
              <value>
                <![CDATA[Screenshots/]]>
              </value>
            </param>
          </params>
          <reporter-output>
          </reporter-output>
        </test-method> <!-- statisticsSectionMarketPlacePage -->
        <test-method is-config="true" signature="setUp()[pri:0, instance:tests.marketPlacePageTests.AllPageChromeTests@72035809]" started-at="2023-09-08T11:21:50 EEST" name="setUp" finished-at="2023-09-08T11:21:50 EEST" duration-ms="0" status="PASS">
          <reporter-output>
          </reporter-output>
        </test-method> <!-- setUp -->
        <test-method signature="allFooterMarketPlacePage(java.lang.String,java.lang.String)[pri:8, instance:tests.marketPlacePageTests.AllPageChromeTests@72035809]" started-at="2023-09-08T11:21:57 EEST" name="allFooterMarketPlacePage" finished-at="2023-09-08T11:22:03 EEST" duration-ms="6251" status="PASS">
          <params>
            <param index="0">
              <value>
                <![CDATA[https://ai-mood.com/en/market-place]]>
              </value>
            </param>
            <param index="1">
              <value>
                <![CDATA[Screenshots/]]>
              </value>
            </param>
          </params>
          <reporter-output>
          </reporter-output>
        </test-method> <!-- allFooterMarketPlacePage -->
        <test-method is-config="true" signature="setUp()[pri:0, instance:tests.marketPlacePageTests.AllPageChromeTests@72035809]" started-at="2023-09-08T11:21:57 EEST" name="setUp" finished-at="2023-09-08T11:21:57 EEST" duration-ms="0" status="PASS">
          <reporter-output>
          </reporter-output>
        </test-method> <!-- setUp -->
        <test-method is-config="true" signature="tearDown()[pri:0, instance:tests.marketPlacePageTests.AllPageChromeTests@72035809]" started-at="2023-09-08T11:22:03 EEST" name="tearDown" finished-at="2023-09-08T11:22:04 EEST" duration-ms="670" status="PASS">
          <reporter-output>
          </reporter-output>
        </test-method> <!-- tearDown -->
      </class> <!-- tests.marketPlacePageTests.AllPageChromeTests -->
      <class name="tests.fundPageTests.AllPageChromeTests">
        <test-method is-config="true" signature="setUp()[pri:0, instance:tests.fundPageTests.AllPageChromeTests@68c9133c]" started-at="2023-09-08T11:25:36 EEST" name="setUp" finished-at="2023-09-08T11:25:37 EEST" duration-ms="751" status="PASS">
          <reporter-output>
          </reporter-output>
        </test-method> <!-- setUp -->
        <test-method signature="allHeaderFundPage(java.lang.String,java.lang.String)[pri:1, instance:tests.fundPageTests.AllPageChromeTests@68c9133c]" started-at="2023-09-08T11:25:37 EEST" name="allHeaderFundPage" finished-at="2023-09-08T11:26:44 EEST" duration-ms="67164" status="PASS">
          <params>
            <param index="0">
              <value>
                <![CDATA[https://ai-mood.com/en/fund]]>
              </value>
            </param>
            <param index="1">
              <value>
                <![CDATA[Screenshots/]]>
              </value>
            </param>
          </params>
          <reporter-output>
          </reporter-output>
        </test-method> <!-- allHeaderFundPage -->
        <test-method signature="getStartedHeaderFundPage(java.lang.String,java.lang.String)[pri:2, instance:tests.fundPageTests.AllPageChromeTests@68c9133c]" started-at="2023-09-08T11:26:44 EEST" name="getStartedHeaderFundPage" finished-at="2023-09-08T11:26:50 EEST" duration-ms="5363" status="PASS">
          <params>
            <param index="0">
              <value>
                <![CDATA[https://ai-mood.com/en/fund]]>
              </value>
            </param>
            <param index="1">
              <value>
                <![CDATA[Screenshots/]]>
              </value>
            </param>
          </params>
          <reporter-output>
          </reporter-output>
        </test-method> <!-- getStartedHeaderFundPage -->
        <test-method is-config="true" signature="setUp()[pri:0, instance:tests.fundPageTests.AllPageChromeTests@68c9133c]" started-at="2023-09-08T11:26:44 EEST" name="setUp" finished-at="2023-09-08T11:26:44 EEST" duration-ms="0" status="PASS">
          <reporter-output>
          </reporter-output>
        </test-method> <!-- setUp -->
        <test-method signature="learnHeaderFundPage(java.lang.String,java.lang.String)[pri:3, instance:tests.fundPageTests.AllPageChromeTests@68c9133c]" started-at="2023-09-08T11:26:50 EEST" name="learnHeaderFundPage" finished-at="2023-09-08T11:26:55 EEST" duration-ms="5313" status="PASS">
          <params>
            <param index="0">
              <value>
                <![CDATA[https://ai-mood.com/en/fund]]>
              </value>
            </param>
            <param index="1">
              <value>
                <![CDATA[Screenshots/]]>
              </value>
            </param>
          </params>
          <reporter-output>
          </reporter-output>
        </test-method> <!-- learnHeaderFundPage -->
        <test-method is-config="true" signature="setUp()[pri:0, instance:tests.fundPageTests.AllPageChromeTests@68c9133c]" started-at="2023-09-08T11:26:50 EEST" name="setUp" finished-at="2023-09-08T11:26:50 EEST" duration-ms="0" status="PASS">
          <reporter-output>
          </reporter-output>
        </test-method> <!-- setUp -->
        <test-method is-config="true" signature="setUp()[pri:0, instance:tests.fundPageTests.AllPageChromeTests@68c9133c]" started-at="2023-09-08T11:26:55 EEST" name="setUp" finished-at="2023-09-08T11:26:55 EEST" duration-ms="1" status="PASS">
          <reporter-output>
          </reporter-output>
        </test-method> <!-- setUp -->
        <test-method signature="resourcesHeaderFundPage(java.lang.String,java.lang.String)[pri:4, instance:tests.fundPageTests.AllPageChromeTests@68c9133c]" started-at="2023-09-08T11:26:55 EEST" name="resourcesHeaderFundPage" finished-at="2023-09-08T11:27:00 EEST" duration-ms="5268" status="PASS">
          <params>
            <param index="0">
              <value>
                <![CDATA[https://ai-mood.com/en/fund]]>
              </value>
            </param>
            <param index="1">
              <value>
                <![CDATA[Screenshots/]]>
              </value>
            </param>
          </params>
          <reporter-output>
          </reporter-output>
        </test-method> <!-- resourcesHeaderFundPage -->
        <test-method is-config="true" signature="setUp()[pri:0, instance:tests.fundPageTests.AllPageChromeTests@68c9133c]" started-at="2023-09-08T11:27:00 EEST" name="setUp" finished-at="2023-09-08T11:27:00 EEST" duration-ms="1" status="PASS">
          <reporter-output>
          </reporter-output>
        </test-method> <!-- setUp -->
        <test-method signature="mainSectionFundPage(java.lang.String,java.lang.String)[pri:6, instance:tests.fundPageTests.AllPageChromeTests@68c9133c]" started-at="2023-09-08T11:27:00 EEST" name="mainSectionFundPage" finished-at="2023-09-08T11:27:07 EEST" duration-ms="7164" status="PASS">
          <params>
            <param index="0">
              <value>
                <![CDATA[https://ai-mood.com/en/fund]]>
              </value>
            </param>
            <param index="1">
              <value>
                <![CDATA[Screenshots/]]>
              </value>
            </param>
          </params>
          <reporter-output>
          </reporter-output>
        </test-method> <!-- mainSectionFundPage -->
        <test-method is-config="true" signature="setUp()[pri:0, instance:tests.fundPageTests.AllPageChromeTests@68c9133c]" started-at="2023-09-08T11:27:07 EEST" name="setUp" finished-at="2023-09-08T11:27:07 EEST" duration-ms="1" status="PASS">
          <reporter-output>
          </reporter-output>
        </test-method> <!-- setUp -->
        <test-method signature="allFooterFundPage(java.lang.String,java.lang.String)[pri:7, instance:tests.fundPageTests.AllPageChromeTests@68c9133c]" started-at="2023-09-08T11:27:07 EEST" name="allFooterFundPage" finished-at="2023-09-08T11:27:14 EEST" duration-ms="6255" status="PASS">
          <params>
            <param index="0">
              <value>
                <![CDATA[https://ai-mood.com/en/fund]]>
              </value>
            </param>
            <param index="1">
              <value>
                <![CDATA[Screenshots/]]>
              </value>
            </param>
          </params>
          <reporter-output>
          </reporter-output>
        </test-method> <!-- allFooterFundPage -->
        <test-method is-config="true" signature="tearDown()[pri:0, instance:tests.fundPageTests.AllPageChromeTests@68c9133c]" started-at="2023-09-08T11:27:14 EEST" name="tearDown" finished-at="2023-09-08T11:27:14 EEST" duration-ms="657" status="PASS">
          <reporter-output>
          </reporter-output>
        </test-method> <!-- tearDown -->
      </class> <!-- tests.fundPageTests.AllPageChromeTests -->
      <class name="tests.affiliateProgramPageTests.AllPageChromeTests">
        <test-method is-config="true" signature="setUp()[pri:0, instance:tests.affiliateProgramPageTests.AllPageChromeTests@5e2c3d18]" started-at="2023-09-08T11:28:10 EEST" name="setUp" finished-at="2023-09-08T11:28:11 EEST" duration-ms="828" status="PASS">
          <reporter-output>
          </reporter-output>
        </test-method> <!-- setUp -->
        <test-method signature="allHeaderAffiliateProgramPage(java.lang.String,java.lang.String)[pri:1, instance:tests.affiliateProgramPageTests.AllPageChromeTests@5e2c3d18]" started-at="2023-09-08T11:28:11 EEST" name="allHeaderAffiliateProgramPage" finished-at="2023-09-08T11:28:19 EEST" duration-ms="7858" status="PASS">
          <params>
            <param index="0">
              <value>
                <![CDATA[https://ai-mood.com/en/affiliate-program]]>
              </value>
            </param>
            <param index="1">
              <value>
                <![CDATA[Screenshots/]]>
              </value>
            </param>
          </params>
          <reporter-output>
          </reporter-output>
        </test-method> <!-- allHeaderAffiliateProgramPage -->
        <test-method is-config="true" signature="setUp()[pri:0, instance:tests.affiliateProgramPageTests.AllPageChromeTests@5e2c3d18]" started-at="2023-09-08T11:28:19 EEST" name="setUp" finished-at="2023-09-08T11:28:19 EEST" duration-ms="1" status="PASS">
          <reporter-output>
          </reporter-output>
        </test-method> <!-- setUp -->
        <test-method signature="getStartedHeaderAffiliateProgramPage(java.lang.String,java.lang.String)[pri:2, instance:tests.affiliateProgramPageTests.AllPageChromeTests@5e2c3d18]" started-at="2023-09-08T11:28:19 EEST" name="getStartedHeaderAffiliateProgramPage" finished-at="2023-09-08T11:28:24 EEST" duration-ms="5362" status="PASS">
          <params>
            <param index="0">
              <value>
                <![CDATA[https://ai-mood.com/en/affiliate-program]]>
              </value>
            </param>
            <param index="1">
              <value>
                <![CDATA[Screenshots/]]>
              </value>
            </param>
          </params>
          <reporter-output>
          </reporter-output>
        </test-method> <!-- getStartedHeaderAffiliateProgramPage -->
        <test-method is-config="true" signature="setUp()[pri:0, instance:tests.affiliateProgramPageTests.AllPageChromeTests@5e2c3d18]" started-at="2023-09-08T11:28:24 EEST" name="setUp" finished-at="2023-09-08T11:28:24 EEST" duration-ms="1" status="PASS">
          <reporter-output>
          </reporter-output>
        </test-method> <!-- setUp -->
        <test-method signature="learnHeaderAffiliateProgramPage(java.lang.String,java.lang.String)[pri:3, instance:tests.affiliateProgramPageTests.AllPageChromeTests@5e2c3d18]" started-at="2023-09-08T11:28:24 EEST" name="learnHeaderAffiliateProgramPage" finished-at="2023-09-08T11:28:30 EEST" duration-ms="5286" status="PASS">
          <params>
            <param index="0">
              <value>
                <![CDATA[https://ai-mood.com/en/affiliate-program]]>
              </value>
            </param>
            <param index="1">
              <value>
                <![CDATA[Screenshots/]]>
              </value>
            </param>
          </params>
          <reporter-output>
          </reporter-output>
        </test-method> <!-- learnHeaderAffiliateProgramPage -->
        <test-method is-config="true" signature="setUp()[pri:0, instance:tests.affiliateProgramPageTests.AllPageChromeTests@5e2c3d18]" started-at="2023-09-08T11:28:30 EEST" name="setUp" finished-at="2023-09-08T11:28:30 EEST" duration-ms="0" status="PASS">
          <reporter-output>
          </reporter-output>
        </test-method> <!-- setUp -->
        <test-method signature="resourcesHeaderAffiliateProgramPage(java.lang.String,java.lang.String)[pri:4, instance:tests.affiliateProgramPageTests.AllPageChromeTests@5e2c3d18]" started-at="2023-09-08T11:28:30 EEST" name="resourcesHeaderAffiliateProgramPage" finished-at="2023-09-08T11:28:35 EEST" duration-ms="5294" status="PASS">
          <params>
            <param index="0">
              <value>
                <![CDATA[https://ai-mood.com/en/affiliate-program]]>
              </value>
            </param>
            <param index="1">
              <value>
                <![CDATA[Screenshots/]]>
              </value>
            </param>
          </params>
          <reporter-output>
          </reporter-output>
        </test-method> <!-- resourcesHeaderAffiliateProgramPage -->
        <test-method signature="mainSectionAffiliateProgramPage(java.lang.String,java.lang.String)[pri:6, instance:tests.affiliateProgramPageTests.AllPageChromeTests@5e2c3d18]" started-at="2023-09-08T11:28:35 EEST" name="mainSectionAffiliateProgramPage" finished-at="2023-09-08T11:28:42 EEST" duration-ms="7245" status="PASS">
          <params>
            <param index="0">
              <value>
                <![CDATA[https://ai-mood.com/en/affiliate-program]]>
              </value>
            </param>
            <param index="1">
              <value>
                <![CDATA[Screenshots/]]>
              </value>
            </param>
          </params>
          <reporter-output>
          </reporter-output>
        </test-method> <!-- mainSectionAffiliateProgramPage -->
        <test-method is-config="true" signature="setUp()[pri:0, instance:tests.affiliateProgramPageTests.AllPageChromeTests@5e2c3d18]" started-at="2023-09-08T11:28:35 EEST" name="setUp" finished-at="2023-09-08T11:28:35 EEST" duration-ms="0" status="PASS">
          <reporter-output>
          </reporter-output>
        </test-method> <!-- setUp -->
        <test-method signature="affiliateSectionAffiliateProgramPage(java.lang.String,java.lang.String)[pri:7, instance:tests.affiliateProgramPageTests.AllPageChromeTests@5e2c3d18]" started-at="2023-09-08T11:28:42 EEST" name="affiliateSectionAffiliateProgramPage" finished-at="2023-09-08T11:28:50 EEST" duration-ms="7581" status="PASS">
          <params>
            <param index="0">
              <value>
                <![CDATA[https://ai-mood.com/en/affiliate-program]]>
              </value>
            </param>
            <param index="1">
              <value>
                <![CDATA[Screenshots/]]>
              </value>
            </param>
          </params>
          <reporter-output>
          </reporter-output>
        </test-method> <!-- affiliateSectionAffiliateProgramPage -->
        <test-method is-config="true" signature="setUp()[pri:0, instance:tests.affiliateProgramPageTests.AllPageChromeTests@5e2c3d18]" started-at="2023-09-08T11:28:42 EEST" name="setUp" finished-at="2023-09-08T11:28:42 EEST" duration-ms="0" status="PASS">
          <reporter-output>
          </reporter-output>
        </test-method> <!-- setUp -->
        <test-method signature="allFooterAffiliateProgramPage(java.lang.String,java.lang.String)[pri:8, instance:tests.affiliateProgramPageTests.AllPageChromeTests@5e2c3d18]" started-at="2023-09-08T11:28:50 EEST" name="allFooterAffiliateProgramPage" finished-at="2023-09-08T11:28:56 EEST" duration-ms="6251" status="PASS">
          <params>
            <param index="0">
              <value>
                <![CDATA[https://ai-mood.com/en/affiliate-program]]>
              </value>
            </param>
            <param index="1">
              <value>
                <![CDATA[Screenshots/]]>
              </value>
            </param>
          </params>
          <reporter-output>
          </reporter-output>
        </test-method> <!-- allFooterAffiliateProgramPage -->
        <test-method is-config="true" signature="setUp()[pri:0, instance:tests.affiliateProgramPageTests.AllPageChromeTests@5e2c3d18]" started-at="2023-09-08T11:28:50 EEST" name="setUp" finished-at="2023-09-08T11:28:50 EEST" duration-ms="0" status="PASS">
          <reporter-output>
          </reporter-output>
        </test-method> <!-- setUp -->
        <test-method is-config="true" signature="tearDown()[pri:0, instance:tests.affiliateProgramPageTests.AllPageChromeTests@5e2c3d18]" started-at="2023-09-08T11:28:56 EEST" name="tearDown" finished-at="2023-09-08T11:28:57 EEST" duration-ms="626" status="PASS">
          <reporter-output>
          </reporter-output>
        </test-method> <!-- tearDown -->
      </class> <!-- tests.affiliateProgramPageTests.AllPageChromeTests -->
      <class name="tests.tokenMoodPageTests.AllPageFirefoxTests">
        <test-method is-config="true" signature="setUp()[pri:0, instance:tests.tokenMoodPageTests.AllPageFirefoxTests@606e4010]" started-at="2023-09-08T11:23:20 EEST" name="setUp" finished-at="2023-09-08T11:23:23 EEST" duration-ms="2558" status="PASS">
          <reporter-output>
          </reporter-output>
        </test-method> <!-- setUp -->
        <test-method signature="allHeaderTokenMoodPage(java.lang.String,java.lang.String)[pri:1, instance:tests.tokenMoodPageTests.AllPageFirefoxTests@606e4010]" started-at="2023-09-08T11:23:23 EEST" name="allHeaderTokenMoodPage" finished-at="2023-09-08T11:23:33 EEST" duration-ms="10056" status="PASS">
          <params>
            <param index="0">
              <value>
                <![CDATA[https://ai-mood.com/en/token-mood]]>
              </value>
            </param>
            <param index="1">
              <value>
                <![CDATA[Screenshots/]]>
              </value>
            </param>
          </params>
          <reporter-output>
          </reporter-output>
        </test-method> <!-- allHeaderTokenMoodPage -->
        <test-method signature="getStartedHeaderTokenMoodPage(java.lang.String,java.lang.String)[pri:2, instance:tests.tokenMoodPageTests.AllPageFirefoxTests@606e4010]" started-at="2023-09-08T11:23:33 EEST" name="getStartedHeaderTokenMoodPage" finished-at="2023-09-08T11:23:38 EEST" duration-ms="5115" status="PASS">
          <params>
            <param index="0">
              <value>
                <![CDATA[https://ai-mood.com/en/token-mood]]>
              </value>
            </param>
            <param index="1">
              <value>
                <![CDATA[Screenshots/]]>
              </value>
            </param>
          </params>
          <reporter-output>
          </reporter-output>
        </test-method> <!-- getStartedHeaderTokenMoodPage -->
        <test-method is-config="true" signature="setUp()[pri:0, instance:tests.tokenMoodPageTests.AllPageFirefoxTests@606e4010]" started-at="2023-09-08T11:23:33 EEST" name="setUp" finished-at="2023-09-08T11:23:33 EEST" duration-ms="0" status="PASS">
          <reporter-output>
          </reporter-output>
        </test-method> <!-- setUp -->
        <test-method is-config="true" signature="setUp()[pri:0, instance:tests.tokenMoodPageTests.AllPageFirefoxTests@606e4010]" started-at="2023-09-08T11:23:38 EEST" name="setUp" finished-at="2023-09-08T11:23:38 EEST" duration-ms="1" status="PASS">
          <reporter-output>
          </reporter-output>
        </test-method> <!-- setUp -->
        <test-method signature="learnHeaderTokenMoodPage(java.lang.String,java.lang.String)[pri:3, instance:tests.tokenMoodPageTests.AllPageFirefoxTests@606e4010]" started-at="2023-09-08T11:23:38 EEST" name="learnHeaderTokenMoodPage" finished-at="2023-09-08T11:23:43 EEST" duration-ms="5072" status="PASS">
          <params>
            <param index="0">
              <value>
                <![CDATA[https://ai-mood.com/en/token-mood]]>
              </value>
            </param>
            <param index="1">
              <value>
                <![CDATA[Screenshots/]]>
              </value>
            </param>
          </params>
          <reporter-output>
          </reporter-output>
        </test-method> <!-- learnHeaderTokenMoodPage -->
        <test-method is-config="true" signature="setUp()[pri:0, instance:tests.tokenMoodPageTests.AllPageFirefoxTests@606e4010]" started-at="2023-09-08T11:23:43 EEST" name="setUp" finished-at="2023-09-08T11:23:43 EEST" duration-ms="1" status="PASS">
          <reporter-output>
          </reporter-output>
        </test-method> <!-- setUp -->
        <test-method signature="resourcesHeaderTokenMoodPage(java.lang.String,java.lang.String)[pri:4, instance:tests.tokenMoodPageTests.AllPageFirefoxTests@606e4010]" started-at="2023-09-08T11:23:43 EEST" name="resourcesHeaderTokenMoodPage" finished-at="2023-09-08T11:23:48 EEST" duration-ms="5146" status="PASS">
          <params>
            <param index="0">
              <value>
                <![CDATA[https://ai-mood.com/en/token-mood]]>
              </value>
            </param>
            <param index="1">
              <value>
                <![CDATA[Screenshots/]]>
              </value>
            </param>
          </params>
          <reporter-output>
          </reporter-output>
        </test-method> <!-- resourcesHeaderTokenMoodPage -->
        <test-method signature="mainSectionTokenMoodPage(java.lang.String,java.lang.String)[pri:6, instance:tests.tokenMoodPageTests.AllPageFirefoxTests@606e4010]" started-at="2023-09-08T11:23:48 EEST" name="mainSectionTokenMoodPage" finished-at="2023-09-08T11:23:55 EEST" duration-ms="6941" status="PASS">
          <params>
            <param index="0">
              <value>
                <![CDATA[https://ai-mood.com/en/token-mood]]>
              </value>
            </param>
            <param index="1">
              <value>
                <![CDATA[Screenshots/]]>
              </value>
            </param>
          </params>
          <reporter-output>
          </reporter-output>
        </test-method> <!-- mainSectionTokenMoodPage -->
        <test-method is-config="true" signature="setUp()[pri:0, instance:tests.tokenMoodPageTests.AllPageFirefoxTests@606e4010]" started-at="2023-09-08T11:23:48 EEST" name="setUp" finished-at="2023-09-08T11:23:48 EEST" duration-ms="0" status="PASS">
          <reporter-output>
          </reporter-output>
        </test-method> <!-- setUp -->
        <test-method signature="statisticsSectionTokenMoodPage(java.lang.String,java.lang.String)[pri:7, instance:tests.tokenMoodPageTests.AllPageFirefoxTests@606e4010]" started-at="2023-09-08T11:23:55 EEST" name="statisticsSectionTokenMoodPage" finished-at="2023-09-08T11:24:02 EEST" duration-ms="7349" status="PASS">
          <params>
            <param index="0">
              <value>
                <![CDATA[https://ai-mood.com/en/token-mood]]>
              </value>
            </param>
            <param index="1">
              <value>
                <![CDATA[Screenshots/]]>
              </value>
            </param>
          </params>
          <reporter-output>
          </reporter-output>
        </test-method> <!-- statisticsSectionTokenMoodPage -->
        <test-method is-config="true" signature="setUp()[pri:0, instance:tests.tokenMoodPageTests.AllPageFirefoxTests@606e4010]" started-at="2023-09-08T11:23:55 EEST" name="setUp" finished-at="2023-09-08T11:23:55 EEST" duration-ms="0" status="PASS">
          <reporter-output>
          </reporter-output>
        </test-method> <!-- setUp -->
        <test-method is-config="true" signature="setUp()[pri:0, instance:tests.tokenMoodPageTests.AllPageFirefoxTests@606e4010]" started-at="2023-09-08T11:24:02 EEST" name="setUp" finished-at="2023-09-08T11:24:02 EEST" duration-ms="0" status="PASS">
          <reporter-output>
          </reporter-output>
        </test-method> <!-- setUp -->
        <test-method signature="allFooterTokenMoodPage(java.lang.String,java.lang.String)[pri:8, instance:tests.tokenMoodPageTests.AllPageFirefoxTests@606e4010]" started-at="2023-09-08T11:24:02 EEST" name="allFooterTokenMoodPage" finished-at="2023-09-08T11:24:08 EEST" duration-ms="5988" status="PASS">
          <params>
            <param index="0">
              <value>
                <![CDATA[https://ai-mood.com/en/token-mood]]>
              </value>
            </param>
            <param index="1">
              <value>
                <![CDATA[Screenshots/]]>
              </value>
            </param>
          </params>
          <reporter-output>
          </reporter-output>
        </test-method> <!-- allFooterTokenMoodPage -->
        <test-method is-config="true" signature="tearDown()[pri:0, instance:tests.tokenMoodPageTests.AllPageFirefoxTests@606e4010]" started-at="2023-09-08T11:24:08 EEST" name="tearDown" finished-at="2023-09-08T11:24:10 EEST" duration-ms="1522" status="PASS">
          <reporter-output>
          </reporter-output>
        </test-method> <!-- tearDown -->
      </class> <!-- tests.tokenMoodPageTests.AllPageFirefoxTests -->
      <class name="tests.stakingPageTests.AllPageChromeTests">
        <test-method is-config="true" signature="setUp()[pri:0, instance:tests.stakingPageTests.AllPageChromeTests@645aa696]" started-at="2023-09-08T11:31:56 EEST" name="setUp" finished-at="2023-09-08T11:31:57 EEST" duration-ms="827" status="PASS">
          <reporter-output>
          </reporter-output>
        </test-method> <!-- setUp -->
        <test-method signature="allHeaderStakingPage(java.lang.String,java.lang.String)[pri:1, instance:tests.stakingPageTests.AllPageChromeTests@645aa696]" started-at="2023-09-08T11:31:57 EEST" name="allHeaderStakingPage" finished-at="2023-09-08T11:32:07 EEST" duration-ms="9733" status="PASS">
          <params>
            <param index="0">
              <value>
                <![CDATA[https://ai-mood.com/en/stake-delegate]]>
              </value>
            </param>
            <param index="1">
              <value>
                <![CDATA[Screenshots/]]>
              </value>
            </param>
          </params>
          <reporter-output>
          </reporter-output>
        </test-method> <!-- allHeaderStakingPage -->
        <test-method is-config="true" signature="setUp()[pri:0, instance:tests.stakingPageTests.AllPageChromeTests@645aa696]" started-at="2023-09-08T11:32:07 EEST" name="setUp" finished-at="2023-09-08T11:32:07 EEST" duration-ms="1" status="PASS">
          <reporter-output>
          </reporter-output>
        </test-method> <!-- setUp -->
        <test-method signature="getStartedHeaderStakingPage(java.lang.String,java.lang.String)[pri:2, instance:tests.stakingPageTests.AllPageChromeTests@645aa696]" started-at="2023-09-08T11:32:07 EEST" name="getStartedHeaderStakingPage" finished-at="2023-09-08T11:32:13 EEST" duration-ms="6276" status="PASS">
          <params>
            <param index="0">
              <value>
                <![CDATA[https://ai-mood.com/en/stake-delegate]]>
              </value>
            </param>
            <param index="1">
              <value>
                <![CDATA[Screenshots/]]>
              </value>
            </param>
          </params>
          <reporter-output>
          </reporter-output>
        </test-method> <!-- getStartedHeaderStakingPage -->
        <test-method signature="learnHeaderStakingPage(java.lang.String,java.lang.String)[pri:3, instance:tests.stakingPageTests.AllPageChromeTests@645aa696]" started-at="2023-09-08T11:32:13 EEST" name="learnHeaderStakingPage" finished-at="2023-09-08T11:32:19 EEST" duration-ms="6235" status="PASS">
          <params>
            <param index="0">
              <value>
                <![CDATA[https://ai-mood.com/en/stake-delegate]]>
              </value>
            </param>
            <param index="1">
              <value>
                <![CDATA[Screenshots/]]>
              </value>
            </param>
          </params>
          <reporter-output>
          </reporter-output>
        </test-method> <!-- learnHeaderStakingPage -->
        <test-method is-config="true" signature="setUp()[pri:0, instance:tests.stakingPageTests.AllPageChromeTests@645aa696]" started-at="2023-09-08T11:32:13 EEST" name="setUp" finished-at="2023-09-08T11:32:13 EEST" duration-ms="0" status="PASS">
          <reporter-output>
          </reporter-output>
        </test-method> <!-- setUp -->
        <test-method signature="resourcesHeaderStakingPage(java.lang.String,java.lang.String)[pri:4, instance:tests.stakingPageTests.AllPageChromeTests@645aa696]" started-at="2023-09-08T11:32:19 EEST" name="resourcesHeaderStakingPage" finished-at="2023-09-08T11:32:26 EEST" duration-ms="6233" status="PASS">
          <params>
            <param index="0">
              <value>
                <![CDATA[https://ai-mood.com/en/stake-delegate]]>
              </value>
            </param>
            <param index="1">
              <value>
                <![CDATA[Screenshots/]]>
              </value>
            </param>
          </params>
          <reporter-output>
          </reporter-output>
        </test-method> <!-- resourcesHeaderStakingPage -->
        <test-method is-config="true" signature="setUp()[pri:0, instance:tests.stakingPageTests.AllPageChromeTests@645aa696]" started-at="2023-09-08T11:32:19 EEST" name="setUp" finished-at="2023-09-08T11:32:19 EEST" duration-ms="0" status="PASS">
          <reporter-output>
          </reporter-output>
        </test-method> <!-- setUp -->
        <test-method is-config="true" signature="setUp()[pri:0, instance:tests.stakingPageTests.AllPageChromeTests@645aa696]" started-at="2023-09-08T11:32:26 EEST" name="setUp" finished-at="2023-09-08T11:32:26 EEST" duration-ms="0" status="PASS">
          <reporter-output>
          </reporter-output>
        </test-method> <!-- setUp -->
        <test-method signature="mainSectionStakingPage(java.lang.String,java.lang.String)[pri:6, instance:tests.stakingPageTests.AllPageChromeTests@645aa696]" started-at="2023-09-08T11:32:26 EEST" name="mainSectionStakingPage" finished-at="2023-09-08T11:32:33 EEST" duration-ms="7262" status="PASS">
          <params>
            <param index="0">
              <value>
                <![CDATA[https://ai-mood.com/en/stake-delegate]]>
              </value>
            </param>
            <param index="1">
              <value>
                <![CDATA[Screenshots/]]>
              </value>
            </param>
          </params>
          <reporter-output>
          </reporter-output>
        </test-method> <!-- mainSectionStakingPage -->
        <test-method is-config="true" signature="setUp()[pri:0, instance:tests.stakingPageTests.AllPageChromeTests@645aa696]" started-at="2023-09-08T11:32:33 EEST" name="setUp" finished-at="2023-09-08T11:32:33 EEST" duration-ms="1" status="PASS">
          <reporter-output>
          </reporter-output>
        </test-method> <!-- setUp -->
        <test-method signature="delegatedSectionStakingPage(java.lang.String,java.lang.String)[pri:7, instance:tests.stakingPageTests.AllPageChromeTests@645aa696]" started-at="2023-09-08T11:32:33 EEST" name="delegatedSectionStakingPage" finished-at="2023-09-08T11:32:43 EEST" duration-ms="9573" status="PASS">
          <params>
            <param index="0">
              <value>
                <![CDATA[https://ai-mood.com/en/stake-delegate]]>
              </value>
            </param>
            <param index="1">
              <value>
                <![CDATA[Screenshots/]]>
              </value>
            </param>
          </params>
          <reporter-output>
          </reporter-output>
        </test-method> <!-- delegatedSectionStakingPage -->
        <test-method signature="calcStakSectionStakingPage(java.lang.String,java.lang.String)[pri:8, instance:tests.stakingPageTests.AllPageChromeTests@645aa696]" started-at="2023-09-08T11:32:43 EEST" name="calcStakSectionStakingPage" finished-at="2023-09-08T11:32:52 EEST" duration-ms="9782" status="PASS">
          <params>
            <param index="0">
              <value>
                <![CDATA[https://ai-mood.com/en/stake-delegate]]>
              </value>
            </param>
            <param index="1">
              <value>
                <![CDATA[Screenshots/]]>
              </value>
            </param>
          </params>
          <reporter-output>
          </reporter-output>
        </test-method> <!-- calcStakSectionStakingPage -->
        <test-method is-config="true" signature="setUp()[pri:0, instance:tests.stakingPageTests.AllPageChromeTests@645aa696]" started-at="2023-09-08T11:32:43 EEST" name="setUp" finished-at="2023-09-08T11:32:43 EEST" duration-ms="0" status="PASS">
          <reporter-output>
          </reporter-output>
        </test-method> <!-- setUp -->
        <test-method signature="allFooterStakingPage(java.lang.String,java.lang.String)[pri:9, instance:tests.stakingPageTests.AllPageChromeTests@645aa696]" started-at="2023-09-08T11:32:52 EEST" name="allFooterStakingPage" finished-at="2023-09-08T11:32:59 EEST" duration-ms="6261" status="PASS">
          <params>
            <param index="0">
              <value>
                <![CDATA[https://ai-mood.com/en/stake-delegate]]>
              </value>
            </param>
            <param index="1">
              <value>
                <![CDATA[Screenshots/]]>
              </value>
            </param>
          </params>
          <reporter-output>
          </reporter-output>
        </test-method> <!-- allFooterStakingPage -->
        <test-method is-config="true" signature="setUp()[pri:0, instance:tests.stakingPageTests.AllPageChromeTests@645aa696]" started-at="2023-09-08T11:32:52 EEST" name="setUp" finished-at="2023-09-08T11:32:52 EEST" duration-ms="0" status="PASS">
          <reporter-output>
          </reporter-output>
        </test-method> <!-- setUp -->
        <test-method is-config="true" signature="tearDown()[pri:0, instance:tests.stakingPageTests.AllPageChromeTests@645aa696]" started-at="2023-09-08T11:32:59 EEST" name="tearDown" finished-at="2023-09-08T11:32:59 EEST" duration-ms="654" status="PASS">
          <reporter-output>
          </reporter-output>
        </test-method> <!-- tearDown -->
      </class> <!-- tests.stakingPageTests.AllPageChromeTests -->
      <class name="tests.walletPageTests.AllPageFirefoxTests">
        <test-method is-config="true" signature="setUp()[pri:0, instance:tests.walletPageTests.AllPageFirefoxTests@2cb4893b]" started-at="2023-09-08T11:28:57 EEST" name="setUp" finished-at="2023-09-08T11:28:59 EEST" duration-ms="2413" status="PASS">
          <reporter-output>
          </reporter-output>
        </test-method> <!-- setUp -->
        <test-method signature="allHeaderWalletPage(java.lang.String,java.lang.String)[pri:1, instance:tests.walletPageTests.AllPageFirefoxTests@2cb4893b]" started-at="2023-09-08T11:28:59 EEST" name="allHeaderWalletPage" finished-at="2023-09-08T11:29:11 EEST" duration-ms="11490" status="PASS">
          <params>
            <param index="0">
              <value>
                <![CDATA[https://ai-mood.com/en/the-aimood-wallet]]>
              </value>
            </param>
            <param index="1">
              <value>
                <![CDATA[Screenshots/]]>
              </value>
            </param>
          </params>
          <reporter-output>
          </reporter-output>
        </test-method> <!-- allHeaderWalletPage -->
        <test-method signature="getStartedHeaderWalletPage(java.lang.String,java.lang.String)[pri:2, instance:tests.walletPageTests.AllPageFirefoxTests@2cb4893b]" started-at="2023-09-08T11:29:11 EEST" name="getStartedHeaderWalletPage" finished-at="2023-09-08T11:29:16 EEST" duration-ms="5092" status="PASS">
          <params>
            <param index="0">
              <value>
                <![CDATA[https://ai-mood.com/en/the-aimood-wallet]]>
              </value>
            </param>
            <param index="1">
              <value>
                <![CDATA[Screenshots/]]>
              </value>
            </param>
          </params>
          <reporter-output>
          </reporter-output>
        </test-method> <!-- getStartedHeaderWalletPage -->
        <test-method is-config="true" signature="setUp()[pri:0, instance:tests.walletPageTests.AllPageFirefoxTests@2cb4893b]" started-at="2023-09-08T11:29:11 EEST" name="setUp" finished-at="2023-09-08T11:29:11 EEST" duration-ms="0" status="PASS">
          <reporter-output>
          </reporter-output>
        </test-method> <!-- setUp -->
        <test-method signature="learnHeaderWalletPage(java.lang.String,java.lang.String)[pri:3, instance:tests.walletPageTests.AllPageFirefoxTests@2cb4893b]" started-at="2023-09-08T11:29:16 EEST" name="learnHeaderWalletPage" finished-at="2023-09-08T11:29:21 EEST" duration-ms="5073" status="PASS">
          <params>
            <param index="0">
              <value>
                <![CDATA[https://ai-mood.com/en/the-aimood-wallet]]>
              </value>
            </param>
            <param index="1">
              <value>
                <![CDATA[Screenshots/]]>
              </value>
            </param>
          </params>
          <reporter-output>
          </reporter-output>
        </test-method> <!-- learnHeaderWalletPage -->
        <test-method is-config="true" signature="setUp()[pri:0, instance:tests.walletPageTests.AllPageFirefoxTests@2cb4893b]" started-at="2023-09-08T11:29:16 EEST" name="setUp" finished-at="2023-09-08T11:29:16 EEST" duration-ms="0" status="PASS">
          <reporter-output>
          </reporter-output>
        </test-method> <!-- setUp -->
        <test-method signature="resourcesHeaderWalletPage(java.lang.String,java.lang.String)[pri:4, instance:tests.walletPageTests.AllPageFirefoxTests@2cb4893b]" started-at="2023-09-08T11:29:21 EEST" name="resourcesHeaderWalletPage" finished-at="2023-09-08T11:29:26 EEST" duration-ms="5132" status="PASS">
          <params>
            <param index="0">
              <value>
                <![CDATA[https://ai-mood.com/en/the-aimood-wallet]]>
              </value>
            </param>
            <param index="1">
              <value>
                <![CDATA[Screenshots/]]>
              </value>
            </param>
          </params>
          <reporter-output>
          </reporter-output>
        </test-method> <!-- resourcesHeaderWalletPage -->
        <test-method is-config="true" signature="setUp()[pri:0, instance:tests.walletPageTests.AllPageFirefoxTests@2cb4893b]" started-at="2023-09-08T11:29:21 EEST" name="setUp" finished-at="2023-09-08T11:29:21 EEST" duration-ms="0" status="PASS">
          <reporter-output>
          </reporter-output>
        </test-method> <!-- setUp -->
        <test-method signature="mainSectionWalletPage(java.lang.String,java.lang.String)[pri:6, instance:tests.walletPageTests.AllPageFirefoxTests@2cb4893b]" started-at="2023-09-08T11:29:26 EEST" name="mainSectionWalletPage" finished-at="2023-09-08T11:29:32 EEST" duration-ms="5892" status="PASS">
          <params>
            <param index="0">
              <value>
                <![CDATA[https://ai-mood.com/en/the-aimood-wallet]]>
              </value>
            </param>
            <param index="1">
              <value>
                <![CDATA[Screenshots/]]>
              </value>
            </param>
          </params>
          <reporter-output>
          </reporter-output>
        </test-method> <!-- mainSectionWalletPage -->
        <test-method is-config="true" signature="setUp()[pri:0, instance:tests.walletPageTests.AllPageFirefoxTests@2cb4893b]" started-at="2023-09-08T11:29:26 EEST" name="setUp" finished-at="2023-09-08T11:29:26 EEST" duration-ms="0" status="PASS">
          <reporter-output>
          </reporter-output>
        </test-method> <!-- setUp -->
        <test-method signature="delegatedSectionWalletPage(java.lang.String,java.lang.String)[pri:7, instance:tests.walletPageTests.AllPageFirefoxTests@2cb4893b]" started-at="2023-09-08T11:29:32 EEST" name="delegatedSectionWalletPage" finished-at="2023-09-08T11:29:38 EEST" duration-ms="6123" status="PASS">
          <params>
            <param index="0">
              <value>
                <![CDATA[https://ai-mood.com/en/the-aimood-wallet]]>
              </value>
            </param>
            <param index="1">
              <value>
                <![CDATA[Screenshots/]]>
              </value>
            </param>
          </params>
          <reporter-output>
          </reporter-output>
        </test-method> <!-- delegatedSectionWalletPage -->
        <test-method is-config="true" signature="setUp()[pri:0, instance:tests.walletPageTests.AllPageFirefoxTests@2cb4893b]" started-at="2023-09-08T11:29:32 EEST" name="setUp" finished-at="2023-09-08T11:29:32 EEST" duration-ms="0" status="PASS">
          <reporter-output>
          </reporter-output>
        </test-method> <!-- setUp -->
        <test-method signature="allFooterWalletPage(java.lang.String,java.lang.String)[pri:8, instance:tests.walletPageTests.AllPageFirefoxTests@2cb4893b]" started-at="2023-09-08T11:29:38 EEST" name="allFooterWalletPage" finished-at="2023-09-08T11:29:44 EEST" duration-ms="5870" status="PASS">
          <params>
            <param index="0">
              <value>
                <![CDATA[https://ai-mood.com/en/the-aimood-wallet]]>
              </value>
            </param>
            <param index="1">
              <value>
                <![CDATA[Screenshots/]]>
              </value>
            </param>
          </params>
          <reporter-output>
          </reporter-output>
        </test-method> <!-- allFooterWalletPage -->
        <test-method is-config="true" signature="setUp()[pri:0, instance:tests.walletPageTests.AllPageFirefoxTests@2cb4893b]" started-at="2023-09-08T11:29:38 EEST" name="setUp" finished-at="2023-09-08T11:29:38 EEST" duration-ms="0" status="PASS">
          <reporter-output>
          </reporter-output>
        </test-method> <!-- setUp -->
        <test-method is-config="true" signature="tearDown()[pri:0, instance:tests.walletPageTests.AllPageFirefoxTests@2cb4893b]" started-at="2023-09-08T11:29:44 EEST" name="tearDown" finished-at="2023-09-08T11:29:46 EEST" duration-ms="2688" status="PASS">
          <reporter-output>
          </reporter-output>
        </test-method> <!-- tearDown -->
      </class> <!-- tests.walletPageTests.AllPageFirefoxTests -->
      <class name="tests.fundPageTests.AllPageFirefoxTests">
        <test-method is-config="true" signature="setUp()[pri:0, instance:tests.fundPageTests.AllPageFirefoxTests@48075da3]" started-at="2023-09-08T11:24:56 EEST" name="setUp" finished-at="2023-09-08T11:24:59 EEST" duration-ms="2434" status="PASS">
          <reporter-output>
          </reporter-output>
        </test-method> <!-- setUp -->
        <test-method signature="allHeaderFundPage(java.lang.String,java.lang.String)[pri:1, instance:tests.fundPageTests.AllPageFirefoxTests@48075da3]" started-at="2023-09-08T11:24:59 EEST" name="allHeaderFundPage" finished-at="2023-09-08T11:25:07 EEST" duration-ms="7990" status="PASS">
          <params>
            <param index="0">
              <value>
                <![CDATA[https://ai-mood.com/en/fund]]>
              </value>
            </param>
            <param index="1">
              <value>
                <![CDATA[Screenshots/]]>
              </value>
            </param>
          </params>
          <reporter-output>
          </reporter-output>
        </test-method> <!-- allHeaderFundPage -->
        <test-method is-config="true" signature="setUp()[pri:0, instance:tests.fundPageTests.AllPageFirefoxTests@48075da3]" started-at="2023-09-08T11:25:07 EEST" name="setUp" finished-at="2023-09-08T11:25:07 EEST" duration-ms="0" status="PASS">
          <reporter-output>
          </reporter-output>
        </test-method> <!-- setUp -->
        <test-method signature="getStartedHeaderFundPage(java.lang.String,java.lang.String)[pri:2, instance:tests.fundPageTests.AllPageFirefoxTests@48075da3]" started-at="2023-09-08T11:25:07 EEST" name="getStartedHeaderFundPage" finished-at="2023-09-08T11:25:12 EEST" duration-ms="5094" status="PASS">
          <params>
            <param index="0">
              <value>
                <![CDATA[https://ai-mood.com/en/fund]]>
              </value>
            </param>
            <param index="1">
              <value>
                <![CDATA[Screenshots/]]>
              </value>
            </param>
          </params>
          <reporter-output>
          </reporter-output>
        </test-method> <!-- getStartedHeaderFundPage -->
        <test-method signature="learnHeaderFundPage(java.lang.String,java.lang.String)[pri:3, instance:tests.fundPageTests.AllPageFirefoxTests@48075da3]" started-at="2023-09-08T11:25:12 EEST" name="learnHeaderFundPage" finished-at="2023-09-08T11:25:17 EEST" duration-ms="5089" status="PASS">
          <params>
            <param index="0">
              <value>
                <![CDATA[https://ai-mood.com/en/fund]]>
              </value>
            </param>
            <param index="1">
              <value>
                <![CDATA[Screenshots/]]>
              </value>
            </param>
          </params>
          <reporter-output>
          </reporter-output>
        </test-method> <!-- learnHeaderFundPage -->
        <test-method is-config="true" signature="setUp()[pri:0, instance:tests.fundPageTests.AllPageFirefoxTests@48075da3]" started-at="2023-09-08T11:25:12 EEST" name="setUp" finished-at="2023-09-08T11:25:12 EEST" duration-ms="0" status="PASS">
          <reporter-output>
          </reporter-output>
        </test-method> <!-- setUp -->
        <test-method is-config="true" signature="setUp()[pri:0, instance:tests.fundPageTests.AllPageFirefoxTests@48075da3]" started-at="2023-09-08T11:25:17 EEST" name="setUp" finished-at="2023-09-08T11:25:17 EEST" duration-ms="1" status="PASS">
          <reporter-output>
          </reporter-output>
        </test-method> <!-- setUp -->
        <test-method signature="resourcesHeaderFundPage(java.lang.String,java.lang.String)[pri:4, instance:tests.fundPageTests.AllPageFirefoxTests@48075da3]" started-at="2023-09-08T11:25:17 EEST" name="resourcesHeaderFundPage" finished-at="2023-09-08T11:25:22 EEST" duration-ms="5184" status="PASS">
          <params>
            <param index="0">
              <value>
                <![CDATA[https://ai-mood.com/en/fund]]>
              </value>
            </param>
            <param index="1">
              <value>
                <![CDATA[Screenshots/]]>
              </value>
            </param>
          </params>
          <reporter-output>
          </reporter-output>
        </test-method> <!-- resourcesHeaderFundPage -->
        <test-method is-config="true" signature="setUp()[pri:0, instance:tests.fundPageTests.AllPageFirefoxTests@48075da3]" started-at="2023-09-08T11:25:22 EEST" name="setUp" finished-at="2023-09-08T11:25:22 EEST" duration-ms="0" status="PASS">
          <reporter-output>
          </reporter-output>
        </test-method> <!-- setUp -->
        <test-method signature="mainSectionFundPage(java.lang.String,java.lang.String)[pri:6, instance:tests.fundPageTests.AllPageFirefoxTests@48075da3]" started-at="2023-09-08T11:25:22 EEST" name="mainSectionFundPage" finished-at="2023-09-08T11:25:29 EEST" duration-ms="6905" status="PASS">
          <params>
            <param index="0">
              <value>
                <![CDATA[https://ai-mood.com/en/fund]]>
              </value>
            </param>
            <param index="1">
              <value>
                <![CDATA[Screenshots/]]>
              </value>
            </param>
          </params>
          <reporter-output>
          </reporter-output>
        </test-method> <!-- mainSectionFundPage -->
        <test-method signature="allFooterFundPage(java.lang.String,java.lang.String)[pri:7, instance:tests.fundPageTests.AllPageFirefoxTests@48075da3]" started-at="2023-09-08T11:25:29 EEST" name="allFooterFundPage" finished-at="2023-09-08T11:25:35 EEST" duration-ms="5938" status="PASS">
          <params>
            <param index="0">
              <value>
                <![CDATA[https://ai-mood.com/en/fund]]>
              </value>
            </param>
            <param index="1">
              <value>
                <![CDATA[Screenshots/]]>
              </value>
            </param>
          </params>
          <reporter-output>
          </reporter-output>
        </test-method> <!-- allFooterFundPage -->
        <test-method is-config="true" signature="setUp()[pri:0, instance:tests.fundPageTests.AllPageFirefoxTests@48075da3]" started-at="2023-09-08T11:25:29 EEST" name="setUp" finished-at="2023-09-08T11:25:29 EEST" duration-ms="0" status="PASS">
          <reporter-output>
          </reporter-output>
        </test-method> <!-- setUp -->
        <test-method is-config="true" signature="tearDown()[pri:0, instance:tests.fundPageTests.AllPageFirefoxTests@48075da3]" started-at="2023-09-08T11:25:35 EEST" name="tearDown" finished-at="2023-09-08T11:25:36 EEST" duration-ms="1278" status="PASS">
          <reporter-output>
          </reporter-output>
        </test-method> <!-- tearDown -->
      </class> <!-- tests.fundPageTests.AllPageFirefoxTests -->
      <class name="tests.buySellMoodCoinTests.AllPageFirefoxTests">
        <test-method is-config="true" signature="setUp()[pri:0, instance:tests.buySellMoodCoinTests.AllPageFirefoxTests@909217e]" started-at="2023-09-08T11:22:04 EEST" name="setUp" finished-at="2023-09-08T11:22:06 EEST" duration-ms="2420" status="PASS">
          <reporter-output>
          </reporter-output>
        </test-method> <!-- setUp -->
        <test-method signature="allHeaderBuySellMoodCoinPage(java.lang.String,java.lang.String)[pri:1, instance:tests.buySellMoodCoinTests.AllPageFirefoxTests@909217e]" started-at="2023-09-08T11:22:06 EEST" name="allHeaderBuySellMoodCoinPage" finished-at="2023-09-08T11:22:13 EEST" duration-ms="7161" status="PASS">
          <params>
            <param index="0">
              <value>
                <![CDATA[https://ai-mood.com/en/buy-sell-aimood-coin]]>
              </value>
            </param>
            <param index="1">
              <value>
                <![CDATA[Screenshots/]]>
              </value>
            </param>
          </params>
          <reporter-output>
          </reporter-output>
        </test-method> <!-- allHeaderBuySellMoodCoinPage -->
        <test-method is-config="true" signature="setUp()[pri:0, instance:tests.buySellMoodCoinTests.AllPageFirefoxTests@909217e]" started-at="2023-09-08T11:22:13 EEST" name="setUp" finished-at="2023-09-08T11:22:13 EEST" duration-ms="0" status="PASS">
          <reporter-output>
          </reporter-output>
        </test-method> <!-- setUp -->
        <test-method signature="getStartedHeaderBuySellMoodCoinPage(java.lang.String,java.lang.String)[pri:2, instance:tests.buySellMoodCoinTests.AllPageFirefoxTests@909217e]" started-at="2023-09-08T11:22:13 EEST" name="getStartedHeaderBuySellMoodCoinPage" finished-at="2023-09-08T11:22:18 EEST" duration-ms="5103" status="PASS">
          <params>
            <param index="0">
              <value>
                <![CDATA[https://ai-mood.com/en/buy-sell-aimood-coin]]>
              </value>
            </param>
            <param index="1">
              <value>
                <![CDATA[Screenshots/]]>
              </value>
            </param>
          </params>
          <reporter-output>
          </reporter-output>
        </test-method> <!-- getStartedHeaderBuySellMoodCoinPage -->
        <test-method is-config="true" signature="setUp()[pri:0, instance:tests.buySellMoodCoinTests.AllPageFirefoxTests@909217e]" started-at="2023-09-08T11:22:18 EEST" name="setUp" finished-at="2023-09-08T11:22:18 EEST" duration-ms="1" status="PASS">
          <reporter-output>
          </reporter-output>
        </test-method> <!-- setUp -->
        <test-method signature="learnHeaderBuySellMoodCoinPage(java.lang.String,java.lang.String)[pri:3, instance:tests.buySellMoodCoinTests.AllPageFirefoxTests@909217e]" started-at="2023-09-08T11:22:18 EEST" name="learnHeaderBuySellMoodCoinPage" finished-at="2023-09-08T11:22:23 EEST" duration-ms="5101" status="PASS">
          <params>
            <param index="0">
              <value>
                <![CDATA[https://ai-mood.com/en/buy-sell-aimood-coin]]>
              </value>
            </param>
            <param index="1">
              <value>
                <![CDATA[Screenshots/]]>
              </value>
            </param>
          </params>
          <reporter-output>
          </reporter-output>
        </test-method> <!-- learnHeaderBuySellMoodCoinPage -->
        <test-method is-config="true" signature="setUp()[pri:0, instance:tests.buySellMoodCoinTests.AllPageFirefoxTests@909217e]" started-at="2023-09-08T11:22:23 EEST" name="setUp" finished-at="2023-09-08T11:22:23 EEST" duration-ms="0" status="PASS">
          <reporter-output>
          </reporter-output>
        </test-method> <!-- setUp -->
        <test-method signature="resourcesHeaderBuySellMoodCoinPage(java.lang.String,java.lang.String)[pri:4, instance:tests.buySellMoodCoinTests.AllPageFirefoxTests@909217e]" started-at="2023-09-08T11:22:23 EEST" name="resourcesHeaderBuySellMoodCoinPage" finished-at="2023-09-08T11:22:29 EEST" duration-ms="5142" status="PASS">
          <params>
            <param index="0">
              <value>
                <![CDATA[https://ai-mood.com/en/buy-sell-aimood-coin]]>
              </value>
            </param>
            <param index="1">
              <value>
                <![CDATA[Screenshots/]]>
              </value>
            </param>
          </params>
          <reporter-output>
          </reporter-output>
        </test-method> <!-- resourcesHeaderBuySellMoodCoinPage -->
        <test-method is-config="true" signature="setUp()[pri:0, instance:tests.buySellMoodCoinTests.AllPageFirefoxTests@909217e]" started-at="2023-09-08T11:22:29 EEST" name="setUp" finished-at="2023-09-08T11:22:29 EEST" duration-ms="0" status="PASS">
          <reporter-output>
          </reporter-output>
        </test-method> <!-- setUp -->
        <test-method signature="mainSectionBuySellMoodCoinPage(java.lang.String,java.lang.String)[pri:6, instance:tests.buySellMoodCoinTests.AllPageFirefoxTests@909217e]" started-at="2023-09-08T11:22:29 EEST" name="mainSectionBuySellMoodCoinPage" finished-at="2023-09-08T11:22:36 EEST" duration-ms="6895" status="PASS">
          <params>
            <param index="0">
              <value>
                <![CDATA[https://ai-mood.com/en/buy-sell-aimood-coin]]>
              </value>
            </param>
            <param index="1">
              <value>
                <![CDATA[Screenshots/]]>
              </value>
            </param>
          </params>
          <reporter-output>
          </reporter-output>
        </test-method> <!-- mainSectionBuySellMoodCoinPage -->
        <test-method signature="allFooterBuySellMoodCoinPage(java.lang.String,java.lang.String)[pri:7, instance:tests.buySellMoodCoinTests.AllPageFirefoxTests@909217e]" started-at="2023-09-08T11:22:36 EEST" name="allFooterBuySellMoodCoinPage" finished-at="2023-09-08T11:22:42 EEST" duration-ms="6017" status="PASS">
          <params>
            <param index="0">
              <value>
                <![CDATA[https://ai-mood.com/en/buy-sell-aimood-coin]]>
              </value>
            </param>
            <param index="1">
              <value>
                <![CDATA[Screenshots/]]>
              </value>
            </param>
          </params>
          <reporter-output>
          </reporter-output>
        </test-method> <!-- allFooterBuySellMoodCoinPage -->
        <test-method is-config="true" signature="setUp()[pri:0, instance:tests.buySellMoodCoinTests.AllPageFirefoxTests@909217e]" started-at="2023-09-08T11:22:36 EEST" name="setUp" finished-at="2023-09-08T11:22:36 EEST" duration-ms="0" status="PASS">
          <reporter-output>
          </reporter-output>
        </test-method> <!-- setUp -->
        <test-method is-config="true" signature="tearDown()[pri:0, instance:tests.buySellMoodCoinTests.AllPageFirefoxTests@909217e]" started-at="2023-09-08T11:22:42 EEST" name="tearDown" finished-at="2023-09-08T11:22:43 EEST" duration-ms="1306" status="PASS">
          <reporter-output>
          </reporter-output>
        </test-method> <!-- tearDown -->
      </class> <!-- tests.buySellMoodCoinTests.AllPageFirefoxTests -->
      <class name="tests.walletPageTests.AllPageChromeTests">
        <test-method is-config="true" signature="setUp()[pri:0, instance:tests.walletPageTests.AllPageChromeTests@cc43f62]" started-at="2023-09-08T11:29:46 EEST" name="setUp" finished-at="2023-09-08T11:29:47 EEST" duration-ms="830" status="PASS">
          <reporter-output>
          </reporter-output>
        </test-method> <!-- setUp -->
        <test-method signature="allHeaderWalletPage(java.lang.String,java.lang.String)[pri:1, instance:tests.walletPageTests.AllPageChromeTests@cc43f62]" started-at="2023-09-08T11:29:47 EEST" name="allHeaderWalletPage" finished-at="2023-09-08T11:30:19 EEST" duration-ms="31933" status="PASS">
          <params>
            <param index="0">
              <value>
                <![CDATA[https://ai-mood.com/en/the-aimood-wallet]]>
              </value>
            </param>
            <param index="1">
              <value>
                <![CDATA[Screenshots/]]>
              </value>
            </param>
          </params>
          <reporter-output>
          </reporter-output>
        </test-method> <!-- allHeaderWalletPage -->
        <test-method signature="getStartedHeaderWalletPage(java.lang.String,java.lang.String)[pri:2, instance:tests.walletPageTests.AllPageChromeTests@cc43f62]" started-at="2023-09-08T11:30:19 EEST" name="getStartedHeaderWalletPage" finished-at="2023-09-08T11:30:25 EEST" duration-ms="5332" status="PASS">
          <params>
            <param index="0">
              <value>
                <![CDATA[https://ai-mood.com/en/the-aimood-wallet]]>
              </value>
            </param>
            <param index="1">
              <value>
                <![CDATA[Screenshots/]]>
              </value>
            </param>
          </params>
          <reporter-output>
          </reporter-output>
        </test-method> <!-- getStartedHeaderWalletPage -->
        <test-method is-config="true" signature="setUp()[pri:0, instance:tests.walletPageTests.AllPageChromeTests@cc43f62]" started-at="2023-09-08T11:30:19 EEST" name="setUp" finished-at="2023-09-08T11:30:19 EEST" duration-ms="0" status="PASS">
          <reporter-output>
          </reporter-output>
        </test-method> <!-- setUp -->
        <test-method signature="learnHeaderWalletPage(java.lang.String,java.lang.String)[pri:3, instance:tests.walletPageTests.AllPageChromeTests@cc43f62]" started-at="2023-09-08T11:30:25 EEST" name="learnHeaderWalletPage" finished-at="2023-09-08T11:30:30 EEST" duration-ms="5296" status="PASS">
          <params>
            <param index="0">
              <value>
                <![CDATA[https://ai-mood.com/en/the-aimood-wallet]]>
              </value>
            </param>
            <param index="1">
              <value>
                <![CDATA[Screenshots/]]>
              </value>
            </param>
          </params>
          <reporter-output>
          </reporter-output>
        </test-method> <!-- learnHeaderWalletPage -->
        <test-method is-config="true" signature="setUp()[pri:0, instance:tests.walletPageTests.AllPageChromeTests@cc43f62]" started-at="2023-09-08T11:30:25 EEST" name="setUp" finished-at="2023-09-08T11:30:25 EEST" duration-ms="0" status="PASS">
          <reporter-output>
          </reporter-output>
        </test-method> <!-- setUp -->
        <test-method signature="resourcesHeaderWalletPage(java.lang.String,java.lang.String)[pri:4, instance:tests.walletPageTests.AllPageChromeTests@cc43f62]" started-at="2023-09-08T11:30:30 EEST" name="resourcesHeaderWalletPage" finished-at="2023-09-08T11:30:35 EEST" duration-ms="5300" status="PASS">
          <params>
            <param index="0">
              <value>
                <![CDATA[https://ai-mood.com/en/the-aimood-wallet]]>
              </value>
            </param>
            <param index="1">
              <value>
                <![CDATA[Screenshots/]]>
              </value>
            </param>
          </params>
          <reporter-output>
          </reporter-output>
        </test-method> <!-- resourcesHeaderWalletPage -->
        <test-method is-config="true" signature="setUp()[pri:0, instance:tests.walletPageTests.AllPageChromeTests@cc43f62]" started-at="2023-09-08T11:30:30 EEST" name="setUp" finished-at="2023-09-08T11:30:30 EEST" duration-ms="0" status="PASS">
          <reporter-output>
          </reporter-output>
        </test-method> <!-- setUp -->
        <test-method is-config="true" signature="setUp()[pri:0, instance:tests.walletPageTests.AllPageChromeTests@cc43f62]" started-at="2023-09-08T11:30:35 EEST" name="setUp" finished-at="2023-09-08T11:30:35 EEST" duration-ms="0" status="PASS">
          <reporter-output>
          </reporter-output>
        </test-method> <!-- setUp -->
        <test-method signature="mainSectionWalletPage(java.lang.String,java.lang.String)[pri:6, instance:tests.walletPageTests.AllPageChromeTests@cc43f62]" started-at="2023-09-08T11:30:35 EEST" name="mainSectionWalletPage" finished-at="2023-09-08T11:30:41 EEST" duration-ms="6220" status="PASS">
          <params>
            <param index="0">
              <value>
                <![CDATA[https://ai-mood.com/en/the-aimood-wallet]]>
              </value>
            </param>
            <param index="1">
              <value>
                <![CDATA[Screenshots/]]>
              </value>
            </param>
          </params>
          <reporter-output>
          </reporter-output>
        </test-method> <!-- mainSectionWalletPage -->
        <test-method signature="delegatedSectionWalletPage(java.lang.String,java.lang.String)[pri:7, instance:tests.walletPageTests.AllPageChromeTests@cc43f62]" started-at="2023-09-08T11:30:41 EEST" name="delegatedSectionWalletPage" finished-at="2023-09-08T11:30:48 EEST" duration-ms="6554" status="PASS">
          <params>
            <param index="0">
              <value>
                <![CDATA[https://ai-mood.com/en/the-aimood-wallet]]>
              </value>
            </param>
            <param index="1">
              <value>
                <![CDATA[Screenshots/]]>
              </value>
            </param>
          </params>
          <reporter-output>
          </reporter-output>
        </test-method> <!-- delegatedSectionWalletPage -->
        <test-method is-config="true" signature="setUp()[pri:0, instance:tests.walletPageTests.AllPageChromeTests@cc43f62]" started-at="2023-09-08T11:30:41 EEST" name="setUp" finished-at="2023-09-08T11:30:41 EEST" duration-ms="0" status="PASS">
          <reporter-output>
          </reporter-output>
        </test-method> <!-- setUp -->
        <test-method is-config="true" signature="setUp()[pri:0, instance:tests.walletPageTests.AllPageChromeTests@cc43f62]" started-at="2023-09-08T11:30:48 EEST" name="setUp" finished-at="2023-09-08T11:30:48 EEST" duration-ms="0" status="PASS">
          <reporter-output>
          </reporter-output>
        </test-method> <!-- setUp -->
        <test-method signature="allFooterWalletPage(java.lang.String,java.lang.String)[pri:8, instance:tests.walletPageTests.AllPageChromeTests@cc43f62]" started-at="2023-09-08T11:30:48 EEST" name="allFooterWalletPage" finished-at="2023-09-08T11:30:54 EEST" duration-ms="6316" status="PASS">
          <params>
            <param index="0">
              <value>
                <![CDATA[https://ai-mood.com/en/the-aimood-wallet]]>
              </value>
            </param>
            <param index="1">
              <value>
                <![CDATA[Screenshots/]]>
              </value>
            </param>
          </params>
          <reporter-output>
          </reporter-output>
[...]
          <params>
            <param index="0">
              <value>
                <![CDATA[https://ai-mood.com/en/]]>
              </value>
            </param>
            <param index="1">
              <value>
                <![CDATA[Screenshots/]]>
              </value>
            </param>
          </params>
          <reporter-output>
          </reporter-output>
        </test-method> <!-- learnHeaderMainPage -->
        <test-method is-config="true" signature="setUp()[pri:0, instance:tests.mainPageTests.AllPageFirefoxTests@26d9b808]" started-at="2023-09-08T11:17:48 EEST" name="setUp" finished-at="2023-09-08T11:17:48 EEST" duration-ms="0" status="PASS">
          <reporter-output>
          </reporter-output>
        </test-method> <!-- setUp -->
        <test-method is-config="true" signature="setUp()[pri:0, instance:tests.mainPageTests.AllPageFirefoxTests@26d9b808]" started-at="2023-09-08T11:17:54 EEST" name="setUp" finished-at="2023-09-08T11:17:54 EEST" duration-ms="1" status="PASS">
          <reporter-output>
          </reporter-output>
        </test-method> <!-- setUp -->
        <test-method signature="resourcesHeaderMainPage(java.lang.String,java.lang.String)[pri:4, instance:tests.mainPageTests.AllPageFirefoxTests@26d9b808]" started-at="2023-09-08T11:17:54 EEST" name="resourcesHeaderMainPage" finished-at="2023-09-08T11:17:59 EEST" duration-ms="5558" status="PASS">
          <params>
            <param index="0">
              <value>
                <![CDATA[https://ai-mood.com/en/]]>
              </value>
            </param>
            <param index="1">
              <value>
                <![CDATA[Screenshots/]]>
              </value>
            </param>
          </params>
          <reporter-output>
          </reporter-output>
        </test-method> <!-- resourcesHeaderMainPage -->
        <test-method is-config="true" signature="setUp()[pri:0, instance:tests.mainPageTests.AllPageFirefoxTests@26d9b808]" started-at="2023-09-08T11:17:59 EEST" name="setUp" finished-at="2023-09-08T11:17:59 EEST" duration-ms="0" status="PASS">
          <reporter-output>
          </reporter-output>
        </test-method> <!-- setUp -->
        <test-method signature="mainSectionMainPage(java.lang.String,java.lang.String)[pri:6, instance:tests.mainPageTests.AllPageFirefoxTests@26d9b808]" started-at="2023-09-08T11:17:59 EEST" name="mainSectionMainPage" finished-at="2023-09-08T11:18:05 EEST" duration-ms="6109" status="PASS">
          <params>
            <param index="0">
              <value>
                <![CDATA[https://ai-mood.com/en/]]>
              </value>
            </param>
            <param index="1">
              <value>
                <![CDATA[Screenshots/]]>
              </value>
            </param>
          </params>
          <reporter-output>
          </reporter-output>
        </test-method> <!-- mainSectionMainPage -->
        <test-method signature="videoSectionMainPage(java.lang.String,java.lang.String)[pri:7, instance:tests.mainPageTests.AllPageFirefoxTests@26d9b808]" started-at="2023-09-08T11:18:05 EEST" name="videoSectionMainPage" finished-at="2023-09-08T11:18:12 EEST" duration-ms="6420" status="PASS">
          <params>
            <param index="0">
              <value>
                <![CDATA[https://ai-mood.com/en/]]>
              </value>
            </param>
            <param index="1">
              <value>
                <![CDATA[Screenshots/]]>
              </value>
            </param>
          </params>
          <reporter-output>
          </reporter-output>
        </test-method> <!-- videoSectionMainPage -->
        <test-method is-config="true" signature="setUp()[pri:0, instance:tests.mainPageTests.AllPageFirefoxTests@26d9b808]" started-at="2023-09-08T11:18:05 EEST" name="setUp" finished-at="2023-09-08T11:18:05 EEST" duration-ms="0" status="PASS">
          <reporter-output>
          </reporter-output>
        </test-method> <!-- setUp -->
        <test-method signature="roadmapSectionMainPage(java.lang.String,java.lang.String)[pri:8, instance:tests.mainPageTests.AllPageFirefoxTests@26d9b808]" started-at="2023-09-08T11:18:12 EEST" name="roadmapSectionMainPage" finished-at="2023-09-08T11:18:18 EEST" duration-ms="6593" status="PASS">
          <params>
            <param index="0">
              <value>
                <![CDATA[https://ai-mood.com/en/]]>
              </value>
            </param>
            <param index="1">
              <value>
                <![CDATA[Screenshots/]]>
              </value>
            </param>
          </params>
          <reporter-output>
          </reporter-output>
        </test-method> <!-- roadmapSectionMainPage -->
        <test-method is-config="true" signature="setUp()[pri:0, instance:tests.mainPageTests.AllPageFirefoxTests@26d9b808]" started-at="2023-09-08T11:18:12 EEST" name="setUp" finished-at="2023-09-08T11:18:12 EEST" duration-ms="0" status="PASS">
          <reporter-output>
          </reporter-output>
        </test-method> <!-- setUp -->
        <test-method signature="statisticsSectionMainPage(java.lang.String,java.lang.String)[pri:9, instance:tests.mainPageTests.AllPageFirefoxTests@26d9b808]" started-at="2023-09-08T11:18:18 EEST" name="statisticsSectionMainPage" finished-at="2023-09-08T11:18:25 EEST" duration-ms="6332" status="PASS">
          <params>
            <param index="0">
              <value>
                <![CDATA[https://ai-mood.com/en/]]>
              </value>
            </param>
            <param index="1">
              <value>
                <![CDATA[Screenshots/]]>
              </value>
            </param>
          </params>
          <reporter-output>
          </reporter-output>
        </test-method> <!-- statisticsSectionMainPage -->
        <test-method is-config="true" signature="setUp()[pri:0, instance:tests.mainPageTests.AllPageFirefoxTests@26d9b808]" started-at="2023-09-08T11:18:18 EEST" name="setUp" finished-at="2023-09-08T11:18:18 EEST" duration-ms="0" status="PASS">
          <reporter-output>
          </reporter-output>
        </test-method> <!-- setUp -->
        <test-method is-config="true" signature="setUp()[pri:0, instance:tests.mainPageTests.AllPageFirefoxTests@26d9b808]" started-at="2023-09-08T11:18:25 EEST" name="setUp" finished-at="2023-09-08T11:18:25 EEST" duration-ms="1" status="PASS">
          <reporter-output>
          </reporter-output>
        </test-method> <!-- setUp -->
        <test-method signature="leaningSectionMainPage(java.lang.String,java.lang.String)[pri:10, instance:tests.mainPageTests.AllPageFirefoxTests@26d9b808]" started-at="2023-09-08T11:18:25 EEST" name="leaningSectionMainPage" finished-at="2023-09-08T11:18:31 EEST" duration-ms="6674" status="PASS">
          <params>
            <param index="0">
              <value>
                <![CDATA[https://ai-mood.com/en/]]>
              </value>
            </param>
            <param index="1">
              <value>
                <![CDATA[Screenshots/]]>
              </value>
            </param>
          </params>
          <reporter-output>
          </reporter-output>
        </test-method> <!-- leaningSectionMainPage -->
        <test-method signature="allFooterMainPage(java.lang.String,java.lang.String)[pri:11, instance:tests.mainPageTests.AllPageFirefoxTests@26d9b808]" started-at="2023-09-08T11:18:31 EEST" name="allFooterMainPage" finished-at="2023-09-08T11:18:37 EEST" duration-ms="5959" status="PASS">
          <params>
            <param index="0">
              <value>
                <![CDATA[https://ai-mood.com/en/]]>
              </value>
            </param>
            <param index="1">
              <value>
                <![CDATA[Screenshots/]]>
              </value>
            </param>
          </params>
          <reporter-output>
          </reporter-output>
        </test-method> <!-- allFooterMainPage -->
        <test-method is-config="true" signature="setUp()[pri:0, instance:tests.mainPageTests.AllPageFirefoxTests@26d9b808]" started-at="2023-09-08T11:18:31 EEST" name="setUp" finished-at="2023-09-08T11:18:31 EEST" duration-ms="0" status="PASS">
          <reporter-output>
          </reporter-output>
        </test-method> <!-- setUp -->
        <test-method is-config="true" signature="tearDown()[pri:0, instance:tests.mainPageTests.AllPageFirefoxTests@26d9b808]" started-at="2023-09-08T11:18:37 EEST" name="tearDown" finished-at="2023-09-08T11:18:39 EEST" duration-ms="1665" status="PASS">
          <reporter-output>
          </reporter-output>
        </test-method> <!-- tearDown -->
      </class> <!-- tests.mainPageTests.AllPageFirefoxTests -->
      <class name="tests.mainPageTests.AllPageChromeTests">
        <test-method is-config="true" signature="setUp()[pri:0, instance:tests.mainPageTests.AllPageChromeTests@72cc7e6f]" started-at="2023-09-08T11:18:39 EEST" name="setUp" finished-at="2023-09-08T11:18:40 EEST" duration-ms="844" status="PASS">
          <reporter-output>
          </reporter-output>
        </test-method> <!-- setUp -->
        <test-method signature="allHeaderMainPage(java.lang.String,java.lang.String)[pri:1, instance:tests.mainPageTests.AllPageChromeTests@72cc7e6f]" started-at="2023-09-08T11:18:40 EEST" name="allHeaderMainPage" finished-at="2023-09-08T11:18:51 EEST" duration-ms="10827" status="PASS">
          <params>
            <param index="0">
              <value>
                <![CDATA[https://ai-mood.com/en/]]>
              </value>
            </param>
            <param index="1">
              <value>
                <![CDATA[Screenshots/]]>
              </value>
            </param>
          </params>
          <reporter-output>
          </reporter-output>
        </test-method> <!-- allHeaderMainPage -->
        <test-method signature="getStartedHeaderMainPage(java.lang.String,java.lang.String)[pri:2, instance:tests.mainPageTests.AllPageChromeTests@72cc7e6f]" started-at="2023-09-08T11:18:51 EEST" name="getStartedHeaderMainPage" finished-at="2023-09-08T11:18:58 EEST" duration-ms="7883" status="PASS">
          <params>
            <param index="0">
              <value>
                <![CDATA[https://ai-mood.com/en/]]>
              </value>
            </param>
            <param index="1">
              <value>
                <![CDATA[Screenshots/]]>
              </value>
            </param>
          </params>
          <reporter-output>
          </reporter-output>
        </test-method> <!-- getStartedHeaderMainPage -->
        <test-method is-config="true" signature="setUp()[pri:0, instance:tests.mainPageTests.AllPageChromeTests@72cc7e6f]" started-at="2023-09-08T11:18:51 EEST" name="setUp" finished-at="2023-09-08T11:18:51 EEST" duration-ms="0" status="PASS">
          <reporter-output>
          </reporter-output>
        </test-method> <!-- setUp -->
        <test-method signature="learnHeaderMainPage(java.lang.String,java.lang.String)[pri:3, instance:tests.mainPageTests.AllPageChromeTests@72cc7e6f]" started-at="2023-09-08T11:18:58 EEST" name="learnHeaderMainPage" finished-at="2023-09-08T11:19:08 EEST" duration-ms="9286" status="PASS">
          <params>
            <param index="0">
              <value>
                <![CDATA[https://ai-mood.com/en/]]>
              </value>
            </param>
            <param index="1">
              <value>
                <![CDATA[Screenshots/]]>
              </value>
            </param>
          </params>
          <reporter-output>
          </reporter-output>
        </test-method> <!-- learnHeaderMainPage -->
        <test-method is-config="true" signature="setUp()[pri:0, instance:tests.mainPageTests.AllPageChromeTests@72cc7e6f]" started-at="2023-09-08T11:18:58 EEST" name="setUp" finished-at="2023-09-08T11:18:58 EEST" duration-ms="0" status="PASS">
          <reporter-output>
          </reporter-output>
        </test-method> <!-- setUp -->
        <test-method signature="resourcesHeaderMainPage(java.lang.String,java.lang.String)[pri:4, instance:tests.mainPageTests.AllPageChromeTests@72cc7e6f]" started-at="2023-09-08T11:19:08 EEST" name="resourcesHeaderMainPage" finished-at="2023-09-08T11:19:13 EEST" duration-ms="5371" status="PASS">
          <params>
            <param index="0">
              <value>
                <![CDATA[https://ai-mood.com/en/]]>
              </value>
            </param>
            <param index="1">
              <value>
                <![CDATA[Screenshots/]]>
              </value>
            </param>
          </params>
          <reporter-output>
          </reporter-output>
        </test-method> <!-- resourcesHeaderMainPage -->
        <test-method is-config="true" signature="setUp()[pri:0, instance:tests.mainPageTests.AllPageChromeTests@72cc7e6f]" started-at="2023-09-08T11:19:08 EEST" name="setUp" finished-at="2023-09-08T11:19:08 EEST" duration-ms="0" status="PASS">
          <reporter-output>
          </reporter-output>
        </test-method> <!-- setUp -->
        <test-method signature="mainSectionMainPage(java.lang.String,java.lang.String)[pri:6, instance:tests.mainPageTests.AllPageChromeTests@72cc7e6f]" started-at="2023-09-08T11:19:13 EEST" name="mainSectionMainPage" finished-at="2023-09-08T11:19:20 EEST" duration-ms="7399" status="PASS">
          <params>
            <param index="0">
              <value>
                <![CDATA[https://ai-mood.com/en/]]>
              </value>
            </param>
            <param index="1">
              <value>
                <![CDATA[Screenshots/]]>
              </value>
            </param>
          </params>
          <reporter-output>
          </reporter-output>
        </test-method> <!-- mainSectionMainPage -->
        <test-method is-config="true" signature="setUp()[pri:0, instance:tests.mainPageTests.AllPageChromeTests@72cc7e6f]" started-at="2023-09-08T11:19:13 EEST" name="setUp" finished-at="2023-09-08T11:19:13 EEST" duration-ms="0" status="PASS">
          <reporter-output>
          </reporter-output>
        </test-method> <!-- setUp -->
        <test-method is-config="true" signature="setUp()[pri:0, instance:tests.mainPageTests.AllPageChromeTests@72cc7e6f]" started-at="2023-09-08T11:19:20 EEST" name="setUp" finished-at="2023-09-08T11:19:20 EEST" duration-ms="0" status="PASS">
          <reporter-output>
          </reporter-output>
        </test-method> <!-- setUp -->
        <test-method signature="videoSectionMainPage(java.lang.String,java.lang.String)[pri:7, instance:tests.mainPageTests.AllPageChromeTests@72cc7e6f]" started-at="2023-09-08T11:19:20 EEST" name="videoSectionMainPage" finished-at="2023-09-08T11:19:28 EEST" duration-ms="7781" status="PASS">
          <params>
            <param index="0">
              <value>
                <![CDATA[https://ai-mood.com/en/]]>
              </value>
            </param>
            <param index="1">
              <value>
                <![CDATA[Screenshots/]]>
              </value>
            </param>
          </params>
          <reporter-output>
          </reporter-output>
        </test-method> <!-- videoSectionMainPage -->
        <test-method signature="roadmapSectionMainPage(java.lang.String,java.lang.String)[pri:8, instance:tests.mainPageTests.AllPageChromeTests@72cc7e6f]" started-at="2023-09-08T11:19:28 EEST" name="roadmapSectionMainPage" finished-at="2023-09-08T11:19:39 EEST" duration-ms="10640" status="PASS">
          <params>
            <param index="0">
              <value>
                <![CDATA[https://ai-mood.com/en/]]>
              </value>
            </param>
            <param index="1">
              <value>
                <![CDATA[Screenshots/]]>
              </value>
            </param>
          </params>
          <reporter-output>
          </reporter-output>
        </test-method> <!-- roadmapSectionMainPage -->
        <test-method is-config="true" signature="setUp()[pri:0, instance:tests.mainPageTests.AllPageChromeTests@72cc7e6f]" started-at="2023-09-08T11:19:28 EEST" name="setUp" finished-at="2023-09-08T11:19:28 EEST" duration-ms="0" status="PASS">
          <reporter-output>
          </reporter-output>
        </test-method> <!-- setUp -->
        <test-method signature="statisticsSectionMainPage(java.lang.String,java.lang.String)[pri:9, instance:tests.mainPageTests.AllPageChromeTests@72cc7e6f]" started-at="2023-09-08T11:19:39 EEST" name="statisticsSectionMainPage" finished-at="2023-09-08T11:19:51 EEST" duration-ms="11925" status="PASS">
          <params>
            <param index="0">
              <value>
                <![CDATA[https://ai-mood.com/en/]]>
              </value>
            </param>
            <param index="1">
              <value>
                <![CDATA[Screenshots/]]>
              </value>
            </param>
          </params>
          <reporter-output>
          </reporter-output>
        </test-method> <!-- statisticsSectionMainPage -->
        <test-method is-config="true" signature="setUp()[pri:0, instance:tests.mainPageTests.AllPageChromeTests@72cc7e6f]" started-at="2023-09-08T11:19:39 EEST" name="setUp" finished-at="2023-09-08T11:19:39 EEST" duration-ms="0" status="PASS">
          <reporter-output>
          </reporter-output>
        </test-method> <!-- setUp -->
        <test-method signature="leaningSectionMainPage(java.lang.String,java.lang.String)[pri:10, instance:tests.mainPageTests.AllPageChromeTests@72cc7e6f]" started-at="2023-09-08T11:19:51 EEST" name="leaningSectionMainPage" finished-at="2023-09-08T11:20:01 EEST" duration-ms="10175" status="PASS">
          <params>
            <param index="0">
              <value>
                <![CDATA[https://ai-mood.com/en/]]>
              </value>
            </param>
            <param index="1">
              <value>
                <![CDATA[Screenshots/]]>
              </value>
            </param>
          </params>
          <reporter-output>
          </reporter-output>
        </test-method> <!-- leaningSectionMainPage -->
        <test-method is-config="true" signature="setUp()[pri:0, instance:tests.mainPageTests.AllPageChromeTests@72cc7e6f]" started-at="2023-09-08T11:19:51 EEST" name="setUp" finished-at="2023-09-08T11:19:51 EEST" duration-ms="0" status="PASS">
          <reporter-output>
          </reporter-output>
        </test-method> <!-- setUp -->
        <test-method signature="allFooterMainPage(java.lang.String,java.lang.String)[pri:11, instance:tests.mainPageTests.AllPageChromeTests@72cc7e6f]" started-at="2023-09-08T11:20:01 EEST" name="allFooterMainPage" finished-at="2023-09-08T11:20:07 EEST" duration-ms="6363" status="PASS">
          <params>
            <param index="0">
              <value>
                <![CDATA[https://ai-mood.com/en/]]>
              </value>
            </param>
            <param index="1">
              <value>
                <![CDATA[Screenshots/]]>
              </value>
            </param>
          </params>
          <reporter-output>
          </reporter-output>
        </test-method> <!-- allFooterMainPage -->
        <test-method is-config="true" signature="setUp()[pri:0, instance:tests.mainPageTests.AllPageChromeTests@72cc7e6f]" started-at="2023-09-08T11:20:01 EEST" name="setUp" finished-at="2023-09-08T11:20:01 EEST" duration-ms="0" status="PASS">
          <reporter-output>
          </reporter-output>
        </test-method> <!-- setUp -->
        <test-method is-config="true" signature="tearDown()[pri:0, instance:tests.mainPageTests.AllPageChromeTests@72cc7e6f]" started-at="2023-09-08T11:20:07 EEST" name="tearDown" finished-at="2023-09-08T11:20:08 EEST" duration-ms="688" status="PASS">
          <reporter-output>
          </reporter-output>
        </test-method> <!-- tearDown -->
      </class> <!-- tests.mainPageTests.AllPageChromeTests -->
    </test> <!-- ai-mood - Pixel perfect regression -->
  </suite> <!-- WPT -->
</testng-results>
