<?xml version="1.0" encoding="UTF-8"?>
<testng-results ignored="0" total="9" passed="9" failed="0" skipped="0">
  <reporter-output>
  </reporter-output>
  <suite started-at="2023-09-13T11:49:40 EEST" name="WPT" finished-at="2023-09-13T11:50:46 EEST" duration-ms="66335">
    <groups>
    </groups>
    <test started-at="2023-09-13T11:49:40 EEST" name="ai-mood - Pixel perfect regression" finished-at="2023-09-13T11:50:46 EEST" duration-ms="66335">
      <class name="tests.whitePaper.WhitePaperFirefoxTests">
        <test-method is-config="true" signature="setUp()[pri:0, instance:tests.whitePaper.WhitePaperFirefoxTests@5e600dd5]" started-at="2023-09-13T11:49:40 EEST" name="setUp" finished-at="2023-09-13T11:49:44 EEST" duration-ms="4114" status="PASS">
          <reporter-output>
          </reporter-output>
        </test-method> <!-- setUp -->
        <test-method signature="allHeaderWhitePaperPage(java.lang.String,java.lang.String)[pri:1, instance:tests.whitePaper.WhitePaperFirefoxTests@5e600dd5]" started-at="2023-09-13T11:49:44 EEST" name="allHeaderWhitePaperPage" finished-at="2023-09-13T11:49:56 EEST" duration-ms="12179" status="PASS">
          <params>
            <param index="0">
              <value>
                <![CDATA[https://ai-mood.com/en/white-paper]]>
              </value>
            </param>
            <param index="1">
              <value>
                <![CDATA[Screenshots/]]>
              </value>
            </param>
          </params>
          <reporter-output>
          </reporter-output>
        </test-method> <!-- allHeaderWhitePaperPage -->
        <test-method is-config="true" signature="setUp()[pri:0, instance:tests.whitePaper.WhitePaperFirefoxTests@5e600dd5]" started-at="2023-09-13T11:49:56 EEST" name="setUp" finished-at="2023-09-13T11:49:56 EEST" duration-ms="1" status="PASS">
          <reporter-output>
          </reporter-output>
        </test-method> <!-- setUp -->
        <test-method signature="getStartedHeaderWhitePaperPage(java.lang.String,java.lang.String)[pri:2, instance:tests.whitePaper.WhitePaperFirefoxTests@5e600dd5]" started-at="2023-09-13T11:49:56 EEST" name="getStartedHeaderWhitePaperPage" finished-at="2023-09-13T11:50:02 EEST" duration-ms="6087" status="PASS">
          <params>
            <param index="0">
              <value>
                <![CDATA[https://ai-mood.com/en/white-paper]]>
              </value>
            </param>
            <param index="1">
              <value>
                <![CDATA[Screenshots/]]>
              </value>
            </param>
          </params>
          <reporter-output>
          </reporter-output>
        </test-method> <!-- getStartedHeaderWhitePaperPage -->
        <test-method signature="marketPlaceHeaderWhitePaperPage(java.lang.String,java.lang.String)[pri:2, instance:tests.whitePaper.WhitePaperFirefoxTests@5e600dd5]" started-at="2023-09-13T11:50:02 EEST" name="marketPlaceHeaderWhitePaperPage" finished-at="2023-09-13T11:50:09 EEST" duration-ms="6147" status="PASS">
          <params>
            <param index="0">
              <value>
                <![CDATA[https://ai-mood.com/en/white-paper]]>
              </value>
            </param>
            <param index="1">
              <value>
                <![CDATA[Screenshots/]]>
              </value>
            </param>
          </params>
          <reporter-output>
          </reporter-output>
        </test-method> <!-- marketPlaceHeaderWhitePaperPage -->
        <test-method is-config="true" signature="setUp()[pri:0, instance:tests.whitePaper.WhitePaperFirefoxTests@5e600dd5]" started-at="2023-09-13T11:50:02 EEST" name="setUp" finished-at="2023-09-13T11:50:02 EEST" duration-ms="0" status="PASS">
          <reporter-output>
          </reporter-output>
        </test-method> <!-- setUp -->
        <test-method is-config="true" signature="setUp()[pri:0, instance:tests.whitePaper.WhitePaperFirefoxTests@5e600dd5]" started-at="2023-09-13T11:50:09 EEST" name="setUp" finished-at="2023-09-13T11:50:09 EEST" duration-ms="0" status="PASS">
          <reporter-output>
          </reporter-output>
        </test-method> <!-- setUp -->
        <test-method signature="whitePaperHeaderWhitePaperPage(java.lang.String,java.lang.String)[pri:2, instance:tests.whitePaper.WhitePaperFirefoxTests@5e600dd5]" started-at="2023-09-13T11:50:09 EEST" name="whitePaperHeaderWhitePaperPage" finished-at="2023-09-13T11:50:15 EEST" duration-ms="6061" status="PASS">
          <params>
            <param index="0">
              <value>
                <![CDATA[https://ai-mood.com/en/white-paper]]>
              </value>
            </param>
            <param index="1">
              <value>
                <![CDATA[Screenshots/]]>
              </value>
            </param>
          </params>
          <reporter-output>
          </reporter-output>
        </test-method> <!-- whitePaperHeaderWhitePaperPage -->
        <test-method signature="learnHeaderWhitePaperPage(java.lang.String,java.lang.String)[pri:3, instance:tests.whitePaper.WhitePaperFirefoxTests@5e600dd5]" started-at="2023-09-13T11:50:15 EEST" name="learnHeaderWhitePaperPage" finished-at="2023-09-13T11:50:21 EEST" duration-ms="5977" status="PASS">
          <params>
            <param index="0">
              <value>
                <![CDATA[https://ai-mood.com/en/white-paper]]>
              </value>
            </param>
            <param index="1">
              <value>
                <![CDATA[Screenshots/]]>
              </value>
            </param>
          </params>
          <reporter-output>
          </reporter-output>
        </test-method> <!-- learnHeaderWhitePaperPage -->
        <test-method is-config="true" signature="setUp()[pri:0, instance:tests.whitePaper.WhitePaperFirefoxTests@5e600dd5]" started-at="2023-09-13T11:50:15 EEST" name="setUp" finished-at="2023-09-13T11:50:15 EEST" duration-ms="0" status="PASS">
          <reporter-output>
          </reporter-output>
        </test-method> <!-- setUp -->
        <test-method signature="resourcesHeaderWhitePaperPage(java.lang.String,java.lang.String)[pri:4, instance:tests.whitePaper.WhitePaperFirefoxTests@5e600dd5]" started-at="2023-09-13T11:50:21 EEST" name="resourcesHeaderWhitePaperPage" finished-at="2023-09-13T11:50:27 EEST" duration-ms="5923" status="PASS">
          <params>
            <param index="0">
              <value>
                <![CDATA[https://ai-mood.com/en/white-paper]]>
              </value>
            </param>
            <param index="1">
              <value>
                <![CDATA[Screenshots/]]>
              </value>
            </param>
          </params>
          <reporter-output>
          </reporter-output>
        </test-method> <!-- resourcesHeaderWhitePaperPage -->
        <test-method is-config="true" signature="setUp()[pri:0, instance:tests.whitePaper.WhitePaperFirefoxTests@5e600dd5]" started-at="2023-09-13T11:50:21 EEST" name="setUp" finished-at="2023-09-13T11:50:21 EEST" duration-ms="0" status="PASS">
          <reporter-output>
          </reporter-output>
        </test-method> <!-- setUp -->
        <test-method signature="mainBlockWhitePaperPage(java.lang.String,java.lang.String)[pri:5, instance:tests.whitePaper.WhitePaperFirefoxTests@5e600dd5]" started-at="2023-09-13T11:50:27 EEST" name="mainBlockWhitePaperPage" finished-at="2023-09-13T11:50:33 EEST" duration-ms="5986" status="PASS">
          <params>
            <param index="0">
              <value>
                <![CDATA[https://ai-mood.com/en/white-paper]]>
              </value>
            </param>
            <param index="1">
              <value>
                <![CDATA[Screenshots/]]>
              </value>
            </param>
          </params>
          <reporter-output>
          </reporter-output>
        </test-method> <!-- mainBlockWhitePaperPage -->
        <test-method is-config="true" signature="setUp()[pri:0, instance:tests.whitePaper.WhitePaperFirefoxTests@5e600dd5]" started-at="2023-09-13T11:50:27 EEST" name="setUp" finished-at="2023-09-13T11:50:27 EEST" duration-ms="0" status="PASS">
          <reporter-output>
          </reporter-output>
        </test-method> <!-- setUp -->
        <test-method is-config="true" signature="setUp()[pri:0, instance:tests.whitePaper.WhitePaperFirefoxTests@5e600dd5]" started-at="2023-09-13T11:50:33 EEST" name="setUp" finished-at="2023-09-13T11:50:33 EEST" duration-ms="0" status="PASS">
          <reporter-output>
          </reporter-output>
        </test-method> <!-- setUp -->
        <test-method signature="marketTokenWhitePaperPage(java.lang.String,java.lang.String)[pri:6, instance:tests.whitePaper.WhitePaperFirefoxTests@5e600dd5]" started-at="2023-09-13T11:50:33 EEST" name="marketTokenWhitePaperPage" finished-at="2023-09-13T11:50:39 EEST" duration-ms="6281" status="PASS">
          <params>
            <param index="0">
              <value>
                <![CDATA[https://ai-mood.com/en/white-paper]]>
              </value>
            </param>
            <param index="1">
              <value>
                <![CDATA[Screenshots/]]>
              </value>
            </param>
          </params>
          <reporter-output>
          </reporter-output>
        </test-method> <!-- marketTokenWhitePaperPage -->
        <test-method signature="allFooterWhitePaperPage(java.lang.String,java.lang.String)[pri:7, instance:tests.whitePaper.WhitePaperFirefoxTests@5e600dd5]" started-at="2023-09-13T11:50:39 EEST" name="allFooterWhitePaperPage" finished-at="2023-09-13T11:50:45 EEST" duration-ms="5909" status="PASS">
          <params>
            <param index="0">
              <value>
                <![CDATA[https://ai-mood.com/en/white-paper]]>
              </value>
            </param>
            <param index="1">
              <value>
                <![CDATA[Screenshots/]]>
              </value>
            </param>
          </params>
          <reporter-output>
          </reporter-output>
        </test-method> <!-- allFooterWhitePaperPage -->
        <test-method is-config="true" signature="setUp()[pri:0, instance:tests.whitePaper.WhitePaperFirefoxTests@5e600dd5]" started-at="2023-09-13T11:50:39 EEST" name="setUp" finished-at="2023-09-13T11:50:39 EEST" duration-ms="0" status="PASS">
          <reporter-output>
          </reporter-output>
        </test-method> <!-- setUp -->
        <test-method is-config="true" signature="tearDown()[pri:0, instance:tests.whitePaper.WhitePaperFirefoxTests@5e600dd5]" started-at="2023-09-13T11:50:45 EEST" name="tearDown" finished-at="2023-09-13T11:50:46 EEST" duration-ms="1599" status="PASS">
          <reporter-output>
          </reporter-output>
        </test-method> <!-- tearDown -->
      </class> <!-- tests.whitePaper.WhitePaperFirefoxTests -->
    </test> <!-- ai-mood - Pixel perfect regression -->
  </suite> <!-- WPT -->
</testng-results>
