<?xml version="1.0" encoding="UTF-8"?>
<testng-results ignored="0" total="20" passed="20" failed="0" skipped="0">
  <reporter-output>
  </reporter-output>
  <suite started-at="2023-08-23T19:03:43 EEST" name="WPT" finished-at="2023-08-23T19:05:48 EEST" duration-ms="124961">
    <groups>
    </groups>
    <test started-at="2023-08-23T19:03:43 EEST" name="ai-mood - Pixel perfect regression" finished-at="2023-08-23T19:05:48 EEST" duration-ms="124961">
      <class name="tests.marketPlacePageTests.AllPageFirefoxTests">
        <test-method is-config="true" signature="setUp()[pri:0, instance:tests.marketPlacePageTests.AllPageFirefoxTests@5562c41e]" started-at="2023-08-23T19:03:43 EEST" name="setUp" finished-at="2023-08-23T19:03:47 EEST" duration-ms="3526" status="PASS">
          <reporter-output>
          </reporter-output>
        </test-method> <!-- setUp -->
        <test-method signature="allHeaderMarketPlacePage(java.lang.String,java.lang.String)[pri:1, instance:tests.marketPlacePageTests.AllPageFirefoxTests@5562c41e]" started-at="2023-08-23T19:03:47 EEST" name="allHeaderMarketPlacePage" finished-at="2023-08-23T19:03:55 EEST" duration-ms="8887" status="PASS">
          <params>
            <param index="0">
              <value>
                <![CDATA[https://ai-mood.com/en/market-place]]>
              </value>
            </param>
            <param index="1">
              <value>
                <![CDATA[Screenshots/]]>
              </value>
            </param>
          </params>
          <reporter-output>
          </reporter-output>
        </test-method> <!-- allHeaderMarketPlacePage -->
        <test-method signature="getStartedHeaderMarketPlacePage(java.lang.String,java.lang.String)[pri:2, instance:tests.marketPlacePageTests.AllPageFirefoxTests@5562c41e]" started-at="2023-08-23T19:03:55 EEST" name="getStartedHeaderMarketPlacePage" finished-at="2023-08-23T19:04:03 EEST" duration-ms="7038" status="PASS">
          <params>
            <param index="0">
              <value>
                <![CDATA[https://ai-mood.com/en/market-place]]>
              </value>
            </param>
            <param index="1">
              <value>
                <![CDATA[Screenshots/]]>
              </value>
            </param>
          </params>
          <reporter-output>
          </reporter-output>
        </test-method> <!-- getStartedHeaderMarketPlacePage -->
        <test-method is-config="true" signature="setUp()[pri:0, instance:tests.marketPlacePageTests.AllPageFirefoxTests@5562c41e]" started-at="2023-08-23T19:03:55 EEST" name="setUp" finished-at="2023-08-23T19:03:55 EEST" duration-ms="0" status="PASS">
          <reporter-output>
          </reporter-output>
        </test-method> <!-- setUp -->
        <test-method is-config="true" signature="setUp()[pri:0, instance:tests.marketPlacePageTests.AllPageFirefoxTests@5562c41e]" started-at="2023-08-23T19:04:03 EEST" name="setUp" finished-at="2023-08-23T19:04:03 EEST" duration-ms="0" status="PASS">
          <reporter-output>
          </reporter-output>
        </test-method> <!-- setUp -->
        <test-method signature="learnHeaderMarketPlacePage(java.lang.String,java.lang.String)[pri:3, instance:tests.marketPlacePageTests.AllPageFirefoxTests@5562c41e]" started-at="2023-08-23T19:04:03 EEST" name="learnHeaderMarketPlacePage" finished-at="2023-08-23T19:04:07 EEST" duration-ms="4113" status="PASS">
          <params>
            <param index="0">
              <value>
                <![CDATA[https://ai-mood.com/en/market-place]]>
              </value>
            </param>
            <param index="1">
              <value>
                <![CDATA[Screenshots/]]>
              </value>
            </param>
          </params>
          <reporter-output>
          </reporter-output>
        </test-method> <!-- learnHeaderMarketPlacePage -->
        <test-method is-config="true" signature="setUp()[pri:0, instance:tests.marketPlacePageTests.AllPageFirefoxTests@5562c41e]" started-at="2023-08-23T19:04:07 EEST" name="setUp" finished-at="2023-08-23T19:04:07 EEST" duration-ms="0" status="PASS">
          <reporter-output>
          </reporter-output>
        </test-method> <!-- setUp -->
        <test-method signature="resourcesHeaderMarketPlacePage(java.lang.String,java.lang.String)[pri:4, instance:tests.marketPlacePageTests.AllPageFirefoxTests@5562c41e]" started-at="2023-08-23T19:04:07 EEST" name="resourcesHeaderMarketPlacePage" finished-at="2023-08-23T19:04:14 EEST" duration-ms="7029" status="PASS">
          <params>
            <param index="0">
              <value>
                <![CDATA[https://ai-mood.com/en/market-place]]>
              </value>
            </param>
            <param index="1">
              <value>
                <![CDATA[Screenshots/]]>
              </value>
            </param>
          </params>
          <reporter-output>
          </reporter-output>
        </test-method> <!-- resourcesHeaderMarketPlacePage -->
        <test-method is-config="true" signature="setUp()[pri:0, instance:tests.marketPlacePageTests.AllPageFirefoxTests@5562c41e]" started-at="2023-08-23T19:04:14 EEST" name="setUp" finished-at="2023-08-23T19:04:14 EEST" duration-ms="1" status="PASS">
          <reporter-output>
          </reporter-output>
        </test-method> <!-- setUp -->
        <test-method signature="mainSectionMarketPlacePage(java.lang.String,java.lang.String)[pri:6, instance:tests.marketPlacePageTests.AllPageFirefoxTests@5562c41e]" started-at="2023-08-23T19:04:14 EEST" name="mainSectionMarketPlacePage" finished-at="2023-08-23T19:04:20 EEST" duration-ms="5908" status="PASS">
          <params>
            <param index="0">
              <value>
                <![CDATA[https://ai-mood.com/en/market-place]]>
              </value>
            </param>
            <param index="1">
              <value>
                <![CDATA[Screenshots/]]>
              </value>
            </param>
          </params>
          <reporter-output>
          </reporter-output>
        </test-method> <!-- mainSectionMarketPlacePage -->
        <test-method signature="statisticsSectionMarketPlacePage(java.lang.String,java.lang.String)[pri:7, instance:tests.marketPlacePageTests.AllPageFirefoxTests@5562c41e]" started-at="2023-08-23T19:04:20 EEST" name="statisticsSectionMarketPlacePage" finished-at="2023-08-23T19:04:25 EEST" duration-ms="5368" status="PASS">
          <params>
            <param index="0">
              <value>
                <![CDATA[https://ai-mood.com/en/market-place]]>
              </value>
            </param>
            <param index="1">
              <value>
                <![CDATA[Screenshots/]]>
              </value>
            </param>
          </params>
          <reporter-output>
          </reporter-output>
        </test-method> <!-- statisticsSectionMarketPlacePage -->
        <test-method is-config="true" signature="setUp()[pri:0, instance:tests.marketPlacePageTests.AllPageFirefoxTests@5562c41e]" started-at="2023-08-23T19:04:20 EEST" name="setUp" finished-at="2023-08-23T19:04:20 EEST" duration-ms="0" status="PASS">
          <reporter-output>
          </reporter-output>
        </test-method> <!-- setUp -->
        <test-method signature="allFooterMarketPlacePage(java.lang.String,java.lang.String)[pri:8, instance:tests.marketPlacePageTests.AllPageFirefoxTests@5562c41e]" started-at="2023-08-23T19:04:25 EEST" name="allFooterMarketPlacePage" finished-at="2023-08-23T19:04:30 EEST" duration-ms="5008" status="PASS">
          <params>
            <param index="0">
              <value>
                <![CDATA[https://ai-mood.com/en/market-place]]>
              </value>
            </param>
            <param index="1">
              <value>
                <![CDATA[Screenshots/]]>
              </value>
            </param>
          </params>
          <reporter-output>
          </reporter-output>
        </test-method> <!-- allFooterMarketPlacePage -->
        <test-method is-config="true" signature="setUp()[pri:0, instance:tests.marketPlacePageTests.AllPageFirefoxTests@5562c41e]" started-at="2023-08-23T19:04:25 EEST" name="setUp" finished-at="2023-08-23T19:04:25 EEST" duration-ms="0" status="PASS">
          <reporter-output>
          </reporter-output>
        </test-method> <!-- setUp -->
        <test-method signature="partnFooterMarketPlacePage(java.lang.String,java.lang.String)[pri:9, instance:tests.marketPlacePageTests.AllPageFirefoxTests@5562c41e]" started-at="2023-08-23T19:04:30 EEST" name="partnFooterMarketPlacePage" finished-at="2023-08-23T19:04:35 EEST" duration-ms="4895" status="PASS">
          <params>
            <param index="0">
              <value>
                <![CDATA[https://ai-mood.com/en/market-place]]>
              </value>
            </param>
            <param index="1">
              <value>
                <![CDATA[Screenshots/]]>
              </value>
            </param>
          </params>
          <reporter-output>
          </reporter-output>
        </test-method> <!-- partnFooterMarketPlacePage -->
        <test-method is-config="true" signature="setUp()[pri:0, instance:tests.marketPlacePageTests.AllPageFirefoxTests@5562c41e]" started-at="2023-08-23T19:04:30 EEST" name="setUp" finished-at="2023-08-23T19:04:30 EEST" duration-ms="0" status="PASS">
          <reporter-output>
          </reporter-output>
        </test-method> <!-- setUp -->
        <test-method is-config="true" signature="setUp()[pri:0, instance:tests.marketPlacePageTests.AllPageFirefoxTests@5562c41e]" started-at="2023-08-23T19:04:35 EEST" name="setUp" finished-at="2023-08-23T19:04:35 EEST" duration-ms="0" status="PASS">
          <reporter-output>
          </reporter-output>
        </test-method> <!-- setUp -->
        <test-method signature="subFooterMarketPlacePage(java.lang.String,java.lang.String)[pri:10, instance:tests.marketPlacePageTests.AllPageFirefoxTests@5562c41e]" started-at="2023-08-23T19:04:35 EEST" name="subFooterMarketPlacePage" finished-at="2023-08-23T19:04:40 EEST" duration-ms="4887" status="PASS">
          <params>
            <param index="0">
              <value>
                <![CDATA[https://ai-mood.com/en/market-place]]>
              </value>
            </param>
            <param index="1">
              <value>
                <![CDATA[Screenshots/]]>
              </value>
            </param>
          </params>
          <reporter-output>
          </reporter-output>
        </test-method> <!-- subFooterMarketPlacePage -->
        <test-method signature="copFooterMarketPlacePage(java.lang.String,java.lang.String)[pri:11, instance:tests.marketPlacePageTests.AllPageFirefoxTests@5562c41e]" started-at="2023-08-23T19:04:40 EEST" name="copFooterMarketPlacePage" finished-at="2023-08-23T19:04:44 EEST" duration-ms="4056" status="PASS">
          <params>
            <param index="0">
              <value>
                <![CDATA[https://ai-mood.com/en/market-place]]>
              </value>
            </param>
            <param index="1">
              <value>
                <![CDATA[Screenshots/]]>
              </value>
            </param>
          </params>
          <reporter-output>
          </reporter-output>
        </test-method> <!-- copFooterMarketPlacePage -->
        <test-method is-config="true" signature="setUp()[pri:0, instance:tests.marketPlacePageTests.AllPageFirefoxTests@5562c41e]" started-at="2023-08-23T19:04:40 EEST" name="setUp" finished-at="2023-08-23T19:04:40 EEST" duration-ms="0" status="PASS">
          <reporter-output>
          </reporter-output>
        </test-method> <!-- setUp -->
        <test-method is-config="true" signature="tearDown()[pri:0, instance:tests.marketPlacePageTests.AllPageFirefoxTests@5562c41e]" started-at="2023-08-23T19:04:44 EEST" name="tearDown" finished-at="2023-08-23T19:04:45 EEST" duration-ms="1464" status="PASS">
          <reporter-output>
          </reporter-output>
        </test-method> <!-- tearDown -->
      </class> <!-- tests.marketPlacePageTests.AllPageFirefoxTests -->
      <class name="tests.marketPlacePageTests.AllPageChromeTests">
        <test-method is-config="true" signature="setUp()[pri:0, instance:tests.marketPlacePageTests.AllPageChromeTests@43dac38f]" started-at="2023-08-23T19:04:45 EEST" name="setUp" finished-at="2023-08-23T19:04:46 EEST" duration-ms="877" status="PASS">
          <reporter-output>
          </reporter-output>
        </test-method> <!-- setUp -->
        <test-method signature="allHeaderMarketPlacePage(java.lang.String,java.lang.String)[pri:1, instance:tests.marketPlacePageTests.AllPageChromeTests@43dac38f]" started-at="2023-08-23T19:04:46 EEST" name="allHeaderMarketPlacePage" finished-at="2023-08-23T19:04:54 EEST" duration-ms="7662" status="PASS">
          <params>
            <param index="0">
              <value>
                <![CDATA[https://ai-mood.com/en/market-place]]>
              </value>
            </param>
            <param index="1">
              <value>
                <![CDATA[Screenshots/]]>
              </value>
            </param>
          </params>
          <reporter-output>
          </reporter-output>
        </test-method> <!-- allHeaderMarketPlacePage -->
        <test-method signature="getStartedHeaderMarketPlacePage(java.lang.String,java.lang.String)[pri:2, instance:tests.marketPlacePageTests.AllPageChromeTests@43dac38f]" started-at="2023-08-23T19:04:54 EEST" name="getStartedHeaderMarketPlacePage" finished-at="2023-08-23T19:05:01 EEST" duration-ms="7297" status="PASS">
          <params>
            <param index="0">
              <value>
                <![CDATA[https://ai-mood.com/en/market-place]]>
              </value>
            </param>
            <param index="1">
              <value>
                <![CDATA[Screenshots/]]>
              </value>
            </param>
          </params>
          <reporter-output>
          </reporter-output>
        </test-method> <!-- getStartedHeaderMarketPlacePage -->
        <test-method is-config="true" signature="setUp()[pri:0, instance:tests.marketPlacePageTests.AllPageChromeTests@43dac38f]" started-at="2023-08-23T19:04:54 EEST" name="setUp" finished-at="2023-08-23T19:04:54 EEST" duration-ms="0" status="PASS">
          <reporter-output>
          </reporter-output>
        </test-method> <!-- setUp -->
        <test-method signature="learnHeaderMarketPlacePage(java.lang.String,java.lang.String)[pri:3, instance:tests.marketPlacePageTests.AllPageChromeTests@43dac38f]" started-at="2023-08-23T19:05:01 EEST" name="learnHeaderMarketPlacePage" finished-at="2023-08-23T19:05:08 EEST" duration-ms="7232" status="PASS">
          <params>
            <param index="0">
              <value>
                <![CDATA[https://ai-mood.com/en/market-place]]>
              </value>
            </param>
            <param index="1">
              <value>
                <![CDATA[Screenshots/]]>
              </value>
            </param>
          </params>
          <reporter-output>
          </reporter-output>
        </test-method> <!-- learnHeaderMarketPlacePage -->
        <test-method is-config="true" signature="setUp()[pri:0, instance:tests.marketPlacePageTests.AllPageChromeTests@43dac38f]" started-at="2023-08-23T19:05:01 EEST" name="setUp" finished-at="2023-08-23T19:05:01 EEST" duration-ms="0" status="PASS">
          <reporter-output>
          </reporter-output>
        </test-method> <!-- setUp -->
        <test-method is-config="true" signature="setUp()[pri:0, instance:tests.marketPlacePageTests.AllPageChromeTests@43dac38f]" started-at="2023-08-23T19:05:08 EEST" name="setUp" finished-at="2023-08-23T19:05:08 EEST" duration-ms="0" status="PASS">
          <reporter-output>
          </reporter-output>
        </test-method> <!-- setUp -->
        <test-method signature="resourcesHeaderMarketPlacePage(java.lang.String,java.lang.String)[pri:4, instance:tests.marketPlacePageTests.AllPageChromeTests@43dac38f]" started-at="2023-08-23T19:05:08 EEST" name="resourcesHeaderMarketPlacePage" finished-at="2023-08-23T19:05:16 EEST" duration-ms="7212" status="PASS">
          <params>
            <param index="0">
              <value>
                <![CDATA[https://ai-mood.com/en/market-place]]>
              </value>
            </param>
            <param index="1">
              <value>
                <![CDATA[Screenshots/]]>
              </value>
            </param>
          </params>
          <reporter-output>
          </reporter-output>
        </test-method> <!-- resourcesHeaderMarketPlacePage -->
        <test-method signature="mainSectionMarketPlacePage(java.lang.String,java.lang.String)[pri:6, instance:tests.marketPlacePageTests.AllPageChromeTests@43dac38f]" started-at="2023-08-23T19:05:16 EEST" name="mainSectionMarketPlacePage" finished-at="2023-08-23T19:05:22 EEST" duration-ms="6260" status="PASS">
          <params>
            <param index="0">
              <value>
                <![CDATA[https://ai-mood.com/en/market-place]]>
              </value>
            </param>
            <param index="1">
              <value>
                <![CDATA[Screenshots/]]>
              </value>
            </param>
          </params>
          <reporter-output>
          </reporter-output>
        </test-method> <!-- mainSectionMarketPlacePage -->
        <test-method is-config="true" signature="setUp()[pri:0, instance:tests.marketPlacePageTests.AllPageChromeTests@43dac38f]" started-at="2023-08-23T19:05:16 EEST" name="setUp" finished-at="2023-08-23T19:05:16 EEST" duration-ms="0" status="PASS">
          <reporter-output>
          </reporter-output>
        </test-method> <!-- setUp -->
        <test-method is-config="true" signature="setUp()[pri:0, instance:tests.marketPlacePageTests.AllPageChromeTests@43dac38f]" started-at="2023-08-23T19:05:22 EEST" name="setUp" finished-at="2023-08-23T19:05:22 EEST" duration-ms="1" status="PASS">
          <reporter-output>
          </reporter-output>
        </test-method> <!-- setUp -->
        <test-method signature="statisticsSectionMarketPlacePage(java.lang.String,java.lang.String)[pri:7, instance:tests.marketPlacePageTests.AllPageChromeTests@43dac38f]" started-at="2023-08-23T19:05:22 EEST" name="statisticsSectionMarketPlacePage" finished-at="2023-08-23T19:05:28 EEST" duration-ms="5735" status="PASS">
          <params>
            <param index="0">
              <value>
                <![CDATA[https://ai-mood.com/en/market-place]]>
              </value>
            </param>
            <param index="1">
              <value>
                <![CDATA[Screenshots/]]>
              </value>
            </param>
          </params>
          <reporter-output>
          </reporter-output>
        </test-method> <!-- statisticsSectionMarketPlacePage -->
        <test-method is-config="true" signature="setUp()[pri:0, instance:tests.marketPlacePageTests.AllPageChromeTests@43dac38f]" started-at="2023-08-23T19:05:28 EEST" name="setUp" finished-at="2023-08-23T19:05:28 EEST" duration-ms="0" status="PASS">
          <reporter-output>
          </reporter-output>
        </test-method> <!-- setUp -->
        <test-method signature="allFooterMarketPlacePage(java.lang.String,java.lang.String)[pri:8, instance:tests.marketPlacePageTests.AllPageChromeTests@43dac38f]" started-at="2023-08-23T19:05:28 EEST" name="allFooterMarketPlacePage" finished-at="2023-08-23T19:05:33 EEST" duration-ms="5273" status="PASS">
          <params>
            <param index="0">
              <value>
                <![CDATA[https://ai-mood.com/en/market-place]]>
              </value>
            </param>
            <param index="1">
              <value>
                <![CDATA[Screenshots/]]>
              </value>
            </param>
          </params>
          <reporter-output>
          </reporter-output>
        </test-method> <!-- allFooterMarketPlacePage -->
        <test-method is-config="true" signature="setUp()[pri:0, instance:tests.marketPlacePageTests.AllPageChromeTests@43dac38f]" started-at="2023-08-23T19:05:33 EEST" name="setUp" finished-at="2023-08-23T19:05:33 EEST" duration-ms="1" status="PASS">
          <reporter-output>
          </reporter-output>
        </test-method> <!-- setUp -->
        <test-method signature="partnFooterMarketPlacePage(java.lang.String,java.lang.String)[pri:9, instance:tests.marketPlacePageTests.AllPageChromeTests@43dac38f]" started-at="2023-08-23T19:05:33 EEST" name="partnFooterMarketPlacePage" finished-at="2023-08-23T19:05:38 EEST" duration-ms="5164" status="PASS">
          <params>
            <param index="0">
              <value>
                <![CDATA[https://ai-mood.com/en/market-place]]>
              </value>
            </param>
            <param index="1">
              <value>
                <![CDATA[Screenshots/]]>
              </value>
            </param>
          </params>
          <reporter-output>
          </reporter-output>
        </test-method> <!-- partnFooterMarketPlacePage -->
        <test-method is-config="true" signature="setUp()[pri:0, instance:tests.marketPlacePageTests.AllPageChromeTests@43dac38f]" started-at="2023-08-23T19:05:38 EEST" name="setUp" finished-at="2023-08-23T19:05:38 EEST" duration-ms="0" status="PASS">
          <reporter-output>
          </reporter-output>
        </test-method> <!-- setUp -->
        <test-method signature="subFooterMarketPlacePage(java.lang.String,java.lang.String)[pri:10, instance:tests.marketPlacePageTests.AllPageChromeTests@43dac38f]" started-at="2023-08-23T19:05:38 EEST" name="subFooterMarketPlacePage" finished-at="2023-08-23T19:05:43 EEST" duration-ms="5137" status="PASS">
          <params>
            <param index="0">
              <value>
                <![CDATA[https://ai-mood.com/en/market-place]]>
              </value>
            </param>
            <param index="1">
              <value>
                <![CDATA[Screenshots/]]>
              </value>
            </param>
          </params>
          <reporter-output>
          </reporter-output>
        </test-method> <!-- subFooterMarketPlacePage -->
        <test-method is-config="true" signature="setUp()[pri:0, instance:tests.marketPlacePageTests.AllPageChromeTests@43dac38f]" started-at="2023-08-23T19:05:43 EEST" name="setUp" finished-at="2023-08-23T19:05:43 EEST" duration-ms="1" status="PASS">
          <reporter-output>
          </reporter-output>
        </test-method> <!-- setUp -->
        <test-method signature="copFooterMarketPlacePage(java.lang.String,java.lang.String)[pri:11, instance:tests.marketPlacePageTests.AllPageChromeTests@43dac38f]" started-at="2023-08-23T19:05:43 EEST" name="copFooterMarketPlacePage" finished-at="2023-08-23T19:05:47 EEST" duration-ms="4216" status="PASS">
          <params>
            <param index="0">
              <value>
                <![CDATA[https://ai-mood.com/en/market-place]]>
              </value>
            </param>
            <param index="1">
              <value>
                <![CDATA[Screenshots/]]>
              </value>
            </param>
          </params>
          <reporter-output>
          </reporter-output>
        </test-method> <!-- copFooterMarketPlacePage -->
        <test-method is-config="true" signature="tearDown()[pri:0, instance:tests.marketPlacePageTests.AllPageChromeTests@43dac38f]" started-at="2023-08-23T19:05:47 EEST" name="tearDown" finished-at="2023-08-23T19:05:48 EEST" duration-ms="655" status="PASS">
          <reporter-output>
          </reporter-output>
        </test-method> <!-- tearDown -->
      </class> <!-- tests.marketPlacePageTests.AllPageChromeTests -->
    </test> <!-- ai-mood - Pixel perfect regression -->
  </suite> <!-- WPT -->
</testng-results>
