<?xml version="1.0" encoding="UTF-8"?>
<testng-results ignored="0" total="9" passed="9" failed="0" skipped="0">
  <reporter-output>
  </reporter-output>
  <suite started-at="2023-09-06T17:29:15 EEST" name="WPT" finished-at="2023-09-06T17:30:21 EEST" duration-ms="65265">
    <groups>
    </groups>
    <test started-at="2023-09-06T17:29:15 EEST" name="ai-mood - Pixel perfect regression" finished-at="2023-09-06T17:30:21 EEST" duration-ms="65265">
      <class name="tests.whitePaper.WhitePaperFirefoxTests">
        <test-method is-config="true" signature="setUp()[pri:0, instance:tests.whitePaper.WhitePaperFirefoxTests@5e600dd5]" started-at="2023-09-06T17:29:16 EEST" name="setUp" finished-at="2023-09-06T17:29:20 EEST" duration-ms="4214" status="PASS">
          <reporter-output>
          </reporter-output>
        </test-method> <!-- setUp -->
        <test-method signature="allHeaderWhitePaperPage(java.lang.String,java.lang.String)[pri:1, instance:tests.whitePaper.WhitePaperFirefoxTests@5e600dd5]" started-at="2023-09-06T17:29:20 EEST" name="allHeaderWhitePaperPage" finished-at="2023-09-06T17:29:31 EEST" duration-ms="11114" status="PASS">
          <params>
            <param index="0">
              <value>
                <![CDATA[https://aimood-stage2.intary.net/en/white-paper]]>
              </value>
            </param>
            <param index="1">
              <value>
                <![CDATA[Screenshots_St1/]]>
              </value>
            </param>
          </params>
          <reporter-output>
          </reporter-output>
        </test-method> <!-- allHeaderWhitePaperPage -->
        <test-method signature="getStartedHeaderWhitePaperPage(java.lang.String,java.lang.String)[pri:2, instance:tests.whitePaper.WhitePaperFirefoxTests@5e600dd5]" started-at="2023-09-06T17:29:31 EEST" name="getStartedHeaderWhitePaperPage" finished-at="2023-09-06T17:29:37 EEST" duration-ms="6108" status="PASS">
          <params>
            <param index="0">
              <value>
                <![CDATA[https://aimood-stage2.intary.net/en/white-paper]]>
              </value>
            </param>
            <param index="1">
              <value>
                <![CDATA[Screenshots_St1/]]>
              </value>
            </param>
          </params>
          <reporter-output>
          </reporter-output>
        </test-method> <!-- getStartedHeaderWhitePaperPage -->
        <test-method is-config="true" signature="setUp()[pri:0, instance:tests.whitePaper.WhitePaperFirefoxTests@5e600dd5]" started-at="2023-09-06T17:29:31 EEST" name="setUp" finished-at="2023-09-06T17:29:31 EEST" duration-ms="0" status="PASS">
          <reporter-output>
          </reporter-output>
        </test-method> <!-- setUp -->
        <test-method signature="marketPlaceHeaderWhitePaperPage(java.lang.String,java.lang.String)[pri:2, instance:tests.whitePaper.WhitePaperFirefoxTests@5e600dd5]" started-at="2023-09-06T17:29:37 EEST" name="marketPlaceHeaderWhitePaperPage" finished-at="2023-09-06T17:29:43 EEST" duration-ms="6019" status="PASS">
          <params>
            <param index="0">
              <value>
                <![CDATA[https://aimood-stage2.intary.net/en/white-paper]]>
              </value>
            </param>
            <param index="1">
              <value>
                <![CDATA[Screenshots_St1/]]>
              </value>
            </param>
          </params>
          <reporter-output>
          </reporter-output>
        </test-method> <!-- marketPlaceHeaderWhitePaperPage -->
        <test-method is-config="true" signature="setUp()[pri:0, instance:tests.whitePaper.WhitePaperFirefoxTests@5e600dd5]" started-at="2023-09-06T17:29:37 EEST" name="setUp" finished-at="2023-09-06T17:29:37 EEST" duration-ms="0" status="PASS">
          <reporter-output>
          </reporter-output>
        </test-method> <!-- setUp -->
        <test-method signature="whitePaperHeaderWhitePaperPage(java.lang.String,java.lang.String)[pri:2, instance:tests.whitePaper.WhitePaperFirefoxTests@5e600dd5]" started-at="2023-09-06T17:29:43 EEST" name="whitePaperHeaderWhitePaperPage" finished-at="2023-09-06T17:29:49 EEST" duration-ms="6066" status="PASS">
          <params>
            <param index="0">
              <value>
                <![CDATA[https://aimood-stage2.intary.net/en/white-paper]]>
              </value>
            </param>
            <param index="1">
              <value>
                <![CDATA[Screenshots_St1/]]>
              </value>
            </param>
          </params>
          <reporter-output>
          </reporter-output>
        </test-method> <!-- whitePaperHeaderWhitePaperPage -->
        <test-method is-config="true" signature="setUp()[pri:0, instance:tests.whitePaper.WhitePaperFirefoxTests@5e600dd5]" started-at="2023-09-06T17:29:43 EEST" name="setUp" finished-at="2023-09-06T17:29:43 EEST" duration-ms="0" status="PASS">
          <reporter-output>
          </reporter-output>
        </test-method> <!-- setUp -->
        <test-method signature="learnHeaderWhitePaperPage(java.lang.String,java.lang.String)[pri:3, instance:tests.whitePaper.WhitePaperFirefoxTests@5e600dd5]" started-at="2023-09-06T17:29:49 EEST" name="learnHeaderWhitePaperPage" finished-at="2023-09-06T17:29:55 EEST" duration-ms="5956" status="PASS">
          <params>
            <param index="0">
              <value>
                <![CDATA[https://aimood-stage2.intary.net/en/white-paper]]>
              </value>
            </param>
            <param index="1">
              <value>
                <![CDATA[Screenshots_St1/]]>
              </value>
            </param>
          </params>
          <reporter-output>
          </reporter-output>
        </test-method> <!-- learnHeaderWhitePaperPage -->
        <test-method is-config="true" signature="setUp()[pri:0, instance:tests.whitePaper.WhitePaperFirefoxTests@5e600dd5]" started-at="2023-09-06T17:29:49 EEST" name="setUp" finished-at="2023-09-06T17:29:49 EEST" duration-ms="0" status="PASS">
          <reporter-output>
          </reporter-output>
        </test-method> <!-- setUp -->
        <test-method signature="resourcesHeaderWhitePaperPage(java.lang.String,java.lang.String)[pri:4, instance:tests.whitePaper.WhitePaperFirefoxTests@5e600dd5]" started-at="2023-09-06T17:29:55 EEST" name="resourcesHeaderWhitePaperPage" finished-at="2023-09-06T17:30:01 EEST" duration-ms="5993" status="PASS">
          <params>
            <param index="0">
              <value>
                <![CDATA[https://aimood-stage2.intary.net/en/white-paper]]>
              </value>
            </param>
            <param index="1">
              <value>
                <![CDATA[Screenshots_St1/]]>
              </value>
            </param>
          </params>
          <reporter-output>
          </reporter-output>
        </test-method> <!-- resourcesHeaderWhitePaperPage -->
        <test-method is-config="true" signature="setUp()[pri:0, instance:tests.whitePaper.WhitePaperFirefoxTests@5e600dd5]" started-at="2023-09-06T17:29:55 EEST" name="setUp" finished-at="2023-09-06T17:29:55 EEST" duration-ms="0" status="PASS">
          <reporter-output>
          </reporter-output>
        </test-method> <!-- setUp -->
        <test-method is-config="true" signature="setUp()[pri:0, instance:tests.whitePaper.WhitePaperFirefoxTests@5e600dd5]" started-at="2023-09-06T17:30:01 EEST" name="setUp" finished-at="2023-09-06T17:30:01 EEST" duration-ms="0" status="PASS">
          <reporter-output>
          </reporter-output>
        </test-method> <!-- setUp -->
        <test-method signature="mainBlockWhitePaperPage(java.lang.String,java.lang.String)[pri:5, instance:tests.whitePaper.WhitePaperFirefoxTests@5e600dd5]" started-at="2023-09-06T17:30:01 EEST" name="mainBlockWhitePaperPage" finished-at="2023-09-06T17:30:07 EEST" duration-ms="5977" status="PASS">
          <params>
            <param index="0">
              <value>
                <![CDATA[https://aimood-stage2.intary.net/en/white-paper]]>
              </value>
            </param>
            <param index="1">
              <value>
                <![CDATA[Screenshots_St1/]]>
              </value>
            </param>
          </params>
          <reporter-output>
          </reporter-output>
        </test-method> <!-- mainBlockWhitePaperPage -->
        <test-method signature="marketTokenWhitePaperPage(java.lang.String,java.lang.String)[pri:6, instance:tests.whitePaper.WhitePaperFirefoxTests@5e600dd5]" started-at="2023-09-06T17:30:07 EEST" name="marketTokenWhitePaperPage" finished-at="2023-09-06T17:30:13 EEST" duration-ms="6204" status="PASS">
          <params>
            <param index="0">
              <value>
                <![CDATA[https://aimood-stage2.intary.net/en/white-paper]]>
              </value>
            </param>
            <param index="1">
              <value>
                <![CDATA[Screenshots_St1/]]>
              </value>
            </param>
          </params>
          <reporter-output>
          </reporter-output>
        </test-method> <!-- marketTokenWhitePaperPage -->
        <test-method is-config="true" signature="setUp()[pri:0, instance:tests.whitePaper.WhitePaperFirefoxTests@5e600dd5]" started-at="2023-09-06T17:30:07 EEST" name="setUp" finished-at="2023-09-06T17:30:07 EEST" duration-ms="0" status="PASS">
          <reporter-output>
          </reporter-output>
        </test-method> <!-- setUp -->
        <test-method is-config="true" signature="setUp()[pri:0, instance:tests.whitePaper.WhitePaperFirefoxTests@5e600dd5]" started-at="2023-09-06T17:30:13 EEST" name="setUp" finished-at="2023-09-06T17:30:13 EEST" duration-ms="1" status="PASS">
          <reporter-output>
          </reporter-output>
        </test-method> <!-- setUp -->
        <test-method signature="allFooterWhitePaperPage(java.lang.String,java.lang.String)[pri:7, instance:tests.whitePaper.WhitePaperFirefoxTests@5e600dd5]" started-at="2023-09-06T17:30:13 EEST" name="allFooterWhitePaperPage" finished-at="2023-09-06T17:30:19 EEST" duration-ms="5914" status="PASS">
          <params>
            <param index="0">
              <value>
                <![CDATA[https://aimood-stage2.intary.net/en/white-paper]]>
              </value>
            </param>
            <param index="1">
              <value>
                <![CDATA[Screenshots_St1/]]>
              </value>
            </param>
          </params>
          <reporter-output>
          </reporter-output>
        </test-method> <!-- allFooterWhitePaperPage -->
        <test-method is-config="true" signature="tearDown()[pri:0, instance:tests.whitePaper.WhitePaperFirefoxTests@5e600dd5]" started-at="2023-09-06T17:30:19 EEST" name="tearDown" finished-at="2023-09-06T17:30:21 EEST" duration-ms="1628" status="PASS">
          <reporter-output>
          </reporter-output>
        </test-method> <!-- tearDown -->
      </class> <!-- tests.whitePaper.WhitePaperFirefoxTests -->
    </test> <!-- ai-mood - Pixel perfect regression -->
  </suite> <!-- WPT -->
</testng-results>
