-------------------------------------------------------------------------------
Test set: TestSuite
-------------------------------------------------------------------------------
Tests run: 50, Failures: 16, Errors: 0, Skipped: 32, Time elapsed: 281.96 s <<< FAILURE! - in TestSuite
tests.buySellMoodCoinTests.AllPageChromeTests.allHeaderBuySellMoodCoinPage[https://ai-mood.com/en/buy-sell-aimood-coin, Screenshots/](3)  Time elapsed: 18.694 s  <<< FAILURE!
java.lang.AssertionError: *** Images are not similar *** expected [true] but found [false]
	at tests.buySellMoodCoinTests.AllPageChromeTests.allHeaderBuySellMoodCoinPage(AllPageChromeTests.java:26)

tests.buySellMoodCoinTests.AllPageChromeTests.getStartedHeaderBuySellMoodCoinPage[https://ai-mood.com/en/buy-sell-aimood-coin, Screenshots/](3)  Time elapsed: 3.751 s  <<< FAILURE!
java.lang.AssertionError: *** Images are not similar *** expected [true] but found [false]
	at tests.buySellMoodCoinTests.AllPageChromeTests.getStartedHeaderBuySellMoodCoinPage(AllPageChromeTests.java:44)

tests.buySellMoodCoinTests.AllPageChromeTests.learnHeaderBuySellMoodCoinPage[https://ai-mood.com/en/buy-sell-aimood-coin, Screenshots/](3)  Time elapsed: 3.783 s  <<< FAILURE!
java.lang.AssertionError: *** Images are not similar *** expected [true] but found [false]
	at tests.buySellMoodCoinTests.AllPageChromeTests.learnHeaderBuySellMoodCoinPage(AllPageChromeTests.java:62)

tests.buySellMoodCoinTests.AllPageChromeTests.resourcesHeaderBuySellMoodCoinPage[https://ai-mood.com/en/buy-sell-aimood-coin, Screenshots/](3)  Time elapsed: 3.782 s  <<< FAILURE!
java.lang.AssertionError: *** Images are not similar *** expected [true] but found [false]
	at tests.buySellMoodCoinTests.AllPageChromeTests.resourcesHeaderBuySellMoodCoinPage(AllPageChromeTests.java:80)

tests.buySellMoodCoinTests.AllPageChromeTests.mainSectionBuySellMoodCoinPage[https://ai-mood.com/en/buy-sell-aimood-coin, Screenshots/](3)  Time elapsed: 5.789 s  <<< FAILURE!
java.lang.AssertionError: *** Images are not similar *** expected [true] but found [false]
	at tests.buySellMoodCoinTests.AllPageChromeTests.mainSectionBuySellMoodCoinPage(AllPageChromeTests.java:118)

tests.buySellMoodCoinTests.AllPageChromeTests.allFooterBuySellMoodCoinPage[https://ai-mood.com/en/buy-sell-aimood-coin, Screenshots/](3)  Time elapsed: 4.847 s  <<< FAILURE!
java.lang.AssertionError: *** Images are not similar *** expected [true] but found [false]
	at tests.buySellMoodCoinTests.AllPageChromeTests.allFooterBuySellMoodCoinPage(AllPageChromeTests.java:139)

tests.buySellMoodCoinTests.AllPageChromeTests.subFooterBuySellMoodCoinPage[https://ai-mood.com/en/buy-sell-aimood-coin, Screenshots/](3)  Time elapsed: 4.606 s  <<< FAILURE!
java.lang.AssertionError: *** Images are not similar *** expected [true] but found [false]
	at tests.buySellMoodCoinTests.AllPageChromeTests.subFooterBuySellMoodCoinPage(AllPageChromeTests.java:177)

tests.buySellMoodCoinTests.AllPageChromeTests.copFooterBuySellMoodCoinPage[https://ai-mood.com/en/buy-sell-aimood-coin, Screenshots/](3)  Time elapsed: 3.7 s  <<< FAILURE!
java.lang.AssertionError: *** Images are not similar *** expected [true] but found [false]
	at tests.buySellMoodCoinTests.AllPageChromeTests.copFooterBuySellMoodCoinPage(AllPageChromeTests.java:196)

tests.buySellMoodCoinTests.AllPageFirefoxTests.allHeaderBuySellMoodCoinPage[https://ai-mood.com/en/buy-sell-aimood-coin, Screenshots/](3)  Time elapsed: 18.496 s  <<< FAILURE!
java.lang.AssertionError: *** Images are not similar *** expected [true] but found [false]
	at tests.buySellMoodCoinTests.AllPageFirefoxTests.allHeaderBuySellMoodCoinPage(AllPageFirefoxTests.java:26)

tests.buySellMoodCoinTests.AllPageFirefoxTests.getStartedHeaderBuySellMoodCoinPage[https://ai-mood.com/en/buy-sell-aimood-coin, Screenshots/](3)  Time elapsed: 3.508 s  <<< FAILURE!
java.lang.AssertionError: *** Images are not similar *** expected [true] but found [false]
	at tests.buySellMoodCoinTests.AllPageFirefoxTests.getStartedHeaderBuySellMoodCoinPage(AllPageFirefoxTests.java:44)

tests.buySellMoodCoinTests.AllPageFirefoxTests.learnHeaderBuySellMoodCoinPage[https://ai-mood.com/en/buy-sell-aimood-coin, Screenshots/](3)  Time elapsed: 3.498 s  <<< FAILURE!
java.lang.AssertionError: *** Images are not similar *** expected [true] but found [false]
	at tests.buySellMoodCoinTests.AllPageFirefoxTests.learnHeaderBuySellMoodCoinPage(AllPageFirefoxTests.java:62)

tests.buySellMoodCoinTests.AllPageFirefoxTests.resourcesHeaderBuySellMoodCoinPage[https://ai-mood.com/en/buy-sell-aimood-coin, Screenshots/](3)  Time elapsed: 3.487 s  <<< FAILURE!
java.lang.AssertionError: *** Images are not similar *** expected [true] but found [false]
	at tests.buySellMoodCoinTests.AllPageFirefoxTests.resourcesHeaderBuySellMoodCoinPage(AllPageFirefoxTests.java:80)

tests.buySellMoodCoinTests.AllPageFirefoxTests.mainSectionBuySellMoodCoinPage[https://ai-mood.com/en/buy-sell-aimood-coin, Screenshots/](3)  Time elapsed: 5.682 s  <<< FAILURE!
java.lang.AssertionError: *** Images are not similar *** expected [true] but found [false]
	at tests.buySellMoodCoinTests.AllPageFirefoxTests.mainSectionBuySellMoodCoinPage(AllPageFirefoxTests.java:118)

tests.buySellMoodCoinTests.AllPageFirefoxTests.allFooterBuySellMoodCoinPage[https://ai-mood.com/en/buy-sell-aimood-coin, Screenshots/](3)  Time elapsed: 4.604 s  <<< FAILURE!
java.lang.AssertionError: *** Images are not similar *** expected [true] but found [false]
	at tests.buySellMoodCoinTests.AllPageFirefoxTests.allFooterBuySellMoodCoinPage(AllPageFirefoxTests.java:139)

tests.buySellMoodCoinTests.AllPageFirefoxTests.subFooterBuySellMoodCoinPage[https://ai-mood.com/en/buy-sell-aimood-coin, Screenshots/](3)  Time elapsed: 4.453 s  <<< FAILURE!
java.lang.AssertionError: *** Images are not similar *** expected [true] but found [false]
	at tests.buySellMoodCoinTests.AllPageFirefoxTests.subFooterBuySellMoodCoinPage(AllPageFirefoxTests.java:177)

tests.buySellMoodCoinTests.AllPageFirefoxTests.copFooterBuySellMoodCoinPage[https://ai-mood.com/en/buy-sell-aimood-coin, Screenshots/](3)  Time elapsed: 3.397 s  <<< FAILURE!
java.lang.AssertionError: *** Images are not similar *** expected [true] but found [false]
	at tests.buySellMoodCoinTests.AllPageFirefoxTests.copFooterBuySellMoodCoinPage(AllPageFirefoxTests.java:196)

