-------------------------------------------------------------------------------
Test set: TestSuite
-------------------------------------------------------------------------------
Tests run: 122, Failures: 13, Errors: 0, Skipped: 86, Time elapsed: 318.769 s <<< FAILURE! - in TestSuite
tests.mainPageTests.AllPageChromeTests.setUp  Time elapsed: 8.148 s  <<< FAILURE!
org.openqa.selenium.SessionNotCreatedException: 
Could not start a new session. Response code 500. Message: session not created: This version of ChromeDriver only supports Chrome version 114
Current browser version is 116.0.5845.96 with binary path C:\Program Files\Google\Chrome\Application\chrome.exe 
Host info: host: 'WIN-RU0SR3DOB67', ip: '172.27.251.215'
Build info: version: '4.8.1', revision: '8ebccac989'
System info: os.name: 'Windows 10', os.arch: 'amd64', os.version: '10.0', java.version: '9.0.4'
Driver info: org.openqa.selenium.chrome.ChromeDriver
Command: [null, newSession {capabilities=[Capabilities {browserName: chrome, goog:chromeOptions: {args: [--remote-allow-origins=*], extensions: []}}], desiredCapabilities=Capabilities {browserName: chrome, goog:chromeOptions: {args: [--remote-allow-origins=*], extensions: []}}}]

tests.marketPlacePageTests.AllPageFirefoxTests.allFooterMarketPlacePage[https://ai-mood.com/en/market-place, Screenshots/](3)  Time elapsed: 4.61 s  <<< FAILURE!
java.lang.AssertionError: *** Images are not similar *** expected [true] but found [false]
	at tests.marketPlacePageTests.AllPageFirefoxTests.allFooterMarketPlacePage(AllPageFirefoxTests.java:158)

tests.marketPlacePageTests.AllPageChromeTests.setUp  Time elapsed: 26.764 s  <<< FAILURE!
org.openqa.selenium.SessionNotCreatedException: 
Could not start a new session. Response code 500. Message: session not created: This version of ChromeDriver only supports Chrome version 114
Current browser version is 116.0.5845.96 with binary path C:\Program Files\Google\Chrome\Application\chrome.exe 
Host info: host: 'WIN-RU0SR3DOB67', ip: '172.27.251.215'
Build info: version: '4.8.1', revision: '8ebccac989'
System info: os.name: 'Windows 10', os.arch: 'amd64', os.version: '10.0', java.version: '9.0.4'
Driver info: org.openqa.selenium.chrome.ChromeDriver
Command: [null, newSession {capabilities=[Capabilities {browserName: chrome, goog:chromeOptions: {args: [--remote-allow-origins=*], extensions: []}}], desiredCapabilities=Capabilities {browserName: chrome, goog:chromeOptions: {args: [--remote-allow-origins=*], extensions: []}}}]

tests.walletPageTests.AllPageFirefoxTests.allHeaderWalletPage[https://ai-mood.com/en/the-aimood-wallet, Screenshots/](3)  Time elapsed: 18.494 s  <<< FAILURE!
java.lang.AssertionError: *** Images are not similar *** expected [true] but found [false]
	at tests.walletPageTests.AllPageFirefoxTests.allHeaderWalletPage(AllPageFirefoxTests.java:26)

tests.walletPageTests.AllPageFirefoxTests.getStartedHeaderWalletPage[https://ai-mood.com/en/the-aimood-wallet, Screenshots/](3)  Time elapsed: 3.495 s  <<< FAILURE!
java.lang.AssertionError: *** Images are not similar *** expected [true] but found [false]
	at tests.walletPageTests.AllPageFirefoxTests.getStartedHeaderWalletPage(AllPageFirefoxTests.java:44)

tests.walletPageTests.AllPageFirefoxTests.learnHeaderWalletPage[https://ai-mood.com/en/the-aimood-wallet, Screenshots/](3)  Time elapsed: 3.469 s  <<< FAILURE!
java.lang.AssertionError: *** Images are not similar *** expected [true] but found [false]
	at tests.walletPageTests.AllPageFirefoxTests.learnHeaderWalletPage(AllPageFirefoxTests.java:62)

tests.walletPageTests.AllPageFirefoxTests.resourcesHeaderWalletPage[https://ai-mood.com/en/the-aimood-wallet, Screenshots/](3)  Time elapsed: 3.504 s  <<< FAILURE!
java.lang.AssertionError: *** Images are not similar *** expected [true] but found [false]
	at tests.walletPageTests.AllPageFirefoxTests.resourcesHeaderWalletPage(AllPageFirefoxTests.java:80)

tests.walletPageTests.AllPageFirefoxTests.mainSectionWalletPage[https://ai-mood.com/en/the-aimood-wallet, Screenshots/](3)  Time elapsed: 4.583 s  <<< FAILURE!
java.lang.AssertionError: *** Images are not similar *** expected [true] but found [false]
	at tests.walletPageTests.AllPageFirefoxTests.mainSectionWalletPage(AllPageFirefoxTests.java:118)

tests.walletPageTests.AllPageFirefoxTests.delegatedSectionWalletPage[https://ai-mood.com/en/the-aimood-wallet, Screenshots/](3)  Time elapsed: 5.112 s  <<< FAILURE!
java.lang.AssertionError: *** Images are not similar *** expected [true] but found [false]
	at tests.walletPageTests.AllPageFirefoxTests.delegatedSectionWalletPage(AllPageFirefoxTests.java:137)

tests.walletPageTests.AllPageFirefoxTests.allFooterWalletPage[https://ai-mood.com/en/the-aimood-wallet, Screenshots/](3)  Time elapsed: 4.792 s  <<< FAILURE!
java.lang.AssertionError: *** Images are not similar *** expected [true] but found [false]
	at tests.walletPageTests.AllPageFirefoxTests.allFooterWalletPage(AllPageFirefoxTests.java:158)

tests.walletPageTests.AllPageFirefoxTests.partnFooterWalletPage[https://ai-mood.com/en/the-aimood-wallet, Screenshots/](3)  Time elapsed: 4.368 s  <<< FAILURE!
java.lang.AssertionError: *** Images are not similar *** expected [true] but found [false]
	at tests.walletPageTests.AllPageFirefoxTests.partnFooterWalletPage(AllPageFirefoxTests.java:177)

tests.walletPageTests.AllPageFirefoxTests.copFooterWalletPage[https://ai-mood.com/en/the-aimood-wallet, Screenshots/](3)  Time elapsed: 3.475 s  <<< FAILURE!
java.lang.AssertionError: *** Images are not similar *** expected [true] but found [false]
	at tests.walletPageTests.AllPageFirefoxTests.copFooterWalletPage(AllPageFirefoxTests.java:215)

tests.walletPageTests.AllPageChromeTests.setUp  Time elapsed: 7.403 s  <<< FAILURE!
org.openqa.selenium.SessionNotCreatedException: 
Could not start a new session. Response code 500. Message: session not created: This version of ChromeDriver only supports Chrome version 114
Current browser version is 116.0.5845.96 with binary path C:\Program Files\Google\Chrome\Application\chrome.exe 
Host info: host: 'WIN-RU0SR3DOB67', ip: '172.27.251.215'
Build info: version: '4.8.1', revision: '8ebccac989'
System info: os.name: 'Windows 10', os.arch: 'amd64', os.version: '10.0', java.version: '9.0.4'
Driver info: org.openqa.selenium.chrome.ChromeDriver
Command: [null, newSession {capabilities=[Capabilities {browserName: chrome, goog:chromeOptions: {args: [--remote-allow-origins=*], extensions: []}}], desiredCapabilities=Capabilities {browserName: chrome, goog:chromeOptions: {args: [--remote-allow-origins=*], extensions: []}}}]

