-------------------------------------------------------------------------------
Test set: TestSuite
-------------------------------------------------------------------------------
Tests run: 40, Failures: 10, Errors: 0, Skipped: 20, Time elapsed: 243.799 s <<< FAILURE! - in TestSuite
tests.tokenMoodPageTests.AllPageFirefoxTests.allHeaderTokenMoodPage[https://ai-mood.com/en/block-explorer, Screenshots/](3)  Time elapsed: 18.525 s  <<< FAILURE!
java.lang.AssertionError: *** Images are not similar *** expected [true] but found [false]
	at tests.tokenMoodPageTests.AllPageFirefoxTests.allHeaderTokenMoodPage(AllPageFirefoxTests.java:26)

tests.tokenMoodPageTests.AllPageFirefoxTests.resourcesHeaderTokenMoodPage[https://ai-mood.com/en/block-explorer, Screenshots/](3)  Time elapsed: 3.544 s  <<< FAILURE!
java.lang.AssertionError: *** Images are not similar *** expected [true] but found [false]
	at tests.tokenMoodPageTests.AllPageFirefoxTests.resourcesHeaderTokenMoodPage(AllPageFirefoxTests.java:80)

tests.tokenMoodPageTests.AllPageFirefoxTests.allFooterTokenMoodPage[https://ai-mood.com/en/block-explorer, Screenshots/](3)  Time elapsed: 4.592 s  <<< FAILURE!
java.lang.AssertionError: *** Images are not similar *** expected [true] but found [false]
	at tests.tokenMoodPageTests.AllPageFirefoxTests.allFooterTokenMoodPage(AllPageFirefoxTests.java:158)

tests.tokenMoodPageTests.AllPageFirefoxTests.subFooterTokenMoodPage[https://ai-mood.com/en/block-explorer, Screenshots/](3)  Time elapsed: 4.409 s  <<< FAILURE!
java.lang.AssertionError: *** Images are not similar *** expected [true] but found [false]
	at tests.tokenMoodPageTests.AllPageFirefoxTests.subFooterTokenMoodPage(AllPageFirefoxTests.java:196)

tests.tokenMoodPageTests.AllPageFirefoxTests.copFooterTokenMoodPage[https://ai-mood.com/en/block-explorer, Screenshots/](3)  Time elapsed: 3.448 s  <<< FAILURE!
java.lang.AssertionError: *** Images are not similar *** expected [true] but found [false]
	at tests.tokenMoodPageTests.AllPageFirefoxTests.copFooterTokenMoodPage(AllPageFirefoxTests.java:215)

tests.tokenMoodPageTests.AllPageChromeTests.allHeaderTokenMoodPage[https://ai-mood.com/en/block-explorer, Screenshots/](3)  Time elapsed: 18.719 s  <<< FAILURE!
java.lang.AssertionError: *** Images are not similar *** expected [true] but found [false]
	at tests.tokenMoodPageTests.AllPageChromeTests.allHeaderTokenMoodPage(AllPageChromeTests.java:26)

tests.tokenMoodPageTests.AllPageChromeTests.resourcesHeaderTokenMoodPage[https://ai-mood.com/en/block-explorer, Screenshots/](3)  Time elapsed: 3.816 s  <<< FAILURE!
java.lang.AssertionError: *** Images are not similar *** expected [true] but found [false]
	at tests.tokenMoodPageTests.AllPageChromeTests.resourcesHeaderTokenMoodPage(AllPageChromeTests.java:80)

tests.tokenMoodPageTests.AllPageChromeTests.allFooterTokenMoodPage[https://ai-mood.com/en/block-explorer, Screenshots/](3)  Time elapsed: 4.947 s  <<< FAILURE!
java.lang.AssertionError: *** Images are not similar *** expected [true] but found [false]
	at tests.tokenMoodPageTests.AllPageChromeTests.allFooterTokenMoodPage(AllPageChromeTests.java:158)

tests.tokenMoodPageTests.AllPageChromeTests.subFooterTokenMoodPage[https://ai-mood.com/en/block-explorer, Screenshots/](3)  Time elapsed: 4.662 s  <<< FAILURE!
java.lang.AssertionError: *** Images are not similar *** expected [true] but found [false]
	at tests.tokenMoodPageTests.AllPageChromeTests.subFooterTokenMoodPage(AllPageChromeTests.java:196)

tests.tokenMoodPageTests.AllPageChromeTests.copFooterTokenMoodPage[https://ai-mood.com/en/block-explorer, Screenshots/](3)  Time elapsed: 3.712 s  <<< FAILURE!
java.lang.AssertionError: *** Images are not similar *** expected [true] but found [false]
	at tests.tokenMoodPageTests.AllPageChromeTests.copFooterTokenMoodPage(AllPageChromeTests.java:215)

