-------------------------------------------------------------------------------
Test set: TestSuite
-------------------------------------------------------------------------------
Tests run: 274, Failures: 7, Errors: 0, Skipped: 0, Time elapsed: 2,176.67 s <<< FAILURE! - in TestSuite
tests.accountSettingsPageTests.AllPageFirefoxTests.getStartedHeaderAccountSettingsPage[https://aimood-stage1.intary.net/en/account/settings, Screenshots_St1/](1)  Time elapsed: 7.45 s  <<< FAILURE!
java.lang.AssertionError: *** Images are not similar *** expected [true] but found [false]
	at tests.accountSettingsPageTests.AllPageFirefoxTests.getStartedHeaderAccountSettingsPage(AllPageFirefoxTests.java:61)

tests.accountSettingsPageTests.AllPageFirefoxTests.learnHeaderAccountSettingsPage[https://aimood-stage1.intary.net/en/account/settings, Screenshots_St1/](1)  Time elapsed: 7.574 s  <<< FAILURE!
java.lang.AssertionError: *** Images are not similar *** expected [true] but found [false]
	at tests.accountSettingsPageTests.AllPageFirefoxTests.learnHeaderAccountSettingsPage(AllPageFirefoxTests.java:81)

tests.accountSettingsPageTests.AllPageFirefoxTests.resourcesHeaderAccountSettingsPage[https://aimood-stage1.intary.net/en/account/settings, Screenshots_St1/](1)  Time elapsed: 7.366 s  <<< FAILURE!
java.lang.AssertionError: *** Images are not similar *** expected [true] but found [false]
	at tests.accountSettingsPageTests.AllPageFirefoxTests.resourcesHeaderAccountSettingsPage(AllPageFirefoxTests.java:101)

tests.accountSettingsPageTests.AllPageFirefoxTests.mainSectionAccountSettingsPage[https://aimood-stage1.intary.net/en/account/settings, Screenshots_St1/](1)  Time elapsed: 7.891 s  <<< FAILURE!
java.lang.AssertionError: *** Images are not similar *** expected [true] but found [false]
	at tests.accountSettingsPageTests.AllPageFirefoxTests.mainSectionAccountSettingsPage(AllPageFirefoxTests.java:177)

tests.accountSettingsPageTests.AllPageFirefoxTests.allFooterAccountSettingsPage[https://aimood-stage1.intary.net/en/account/settings, Screenshots_St1/](1)  Time elapsed: 6.386 s  <<< FAILURE!
java.lang.AssertionError: *** Images are not similar *** expected [true] but found [false]
	at tests.accountSettingsPageTests.AllPageFirefoxTests.allFooterAccountSettingsPage(AllPageFirefoxTests.java:198)

tests.accountAffiliateProgramPageTests.AllPageFirefoxTests.mainSectionAccountAffiliateProgramPage[https://aimood-stage1.intary.net/en/account/affiliate-program, Screenshots_St1/](1)  Time elapsed: 8.13 s  <<< FAILURE!
java.lang.AssertionError: *** Images are not similar *** expected [true] but found [false]
	at tests.accountAffiliateProgramPageTests.AllPageFirefoxTests.mainSectionAccountAffiliateProgramPage(AllPageFirefoxTests.java:179)

tests.accountAffiliateProgramPageTests.AllPageChromeTests.allFooterAccountAffiliateProgramPage[https://aimood-stage1.intary.net/en/account/affiliate-program, Screenshots_St1/](1)  Time elapsed: 5.987 s  <<< FAILURE!
java.lang.AssertionError: *** Images are not similar *** expected [true] but found [false]
	at tests.accountAffiliateProgramPageTests.AllPageChromeTests.allFooterAccountAffiliateProgramPage(AllPageChromeTests.java:204)

