<?xml version="1.0" encoding="UTF-8"?>
<testng-results ignored="0" total="20" passed="20" failed="0" skipped="0">
  <reporter-output>
  </reporter-output>
  <suite started-at="2023-08-15T11:57:40 EEST" name="WPT" finished-at="2023-08-15T11:59:27 EEST" duration-ms="106619">
    <groups>
    </groups>
    <test started-at="2023-08-15T11:57:40 EEST" name="ai-mood - Pixel perfect regression" finished-at="2023-08-15T11:59:27 EEST" duration-ms="106619">
      <class name="tests.tokenMoodPageTests.AllPageChromeTests">
        <test-method is-config="true" signature="setUp()[pri:0, instance:tests.tokenMoodPageTests.AllPageChromeTests@4f80542f]" started-at="2023-08-15T11:58:35 EEST" name="setUp" finished-at="2023-08-15T11:58:37 EEST" duration-ms="1865" status="PASS">
          <reporter-output>
          </reporter-output>
        </test-method> <!-- setUp -->
        <test-method signature="allHeaderTokenMoodPage(java.lang.String,java.lang.String)[pri:1, instance:tests.tokenMoodPageTests.AllPageChromeTests@4f80542f]" started-at="2023-08-15T11:58:37 EEST" name="allHeaderTokenMoodPage" finished-at="2023-08-15T11:58:43 EEST" duration-ms="5892" status="PASS">
          <params>
            <param index="0">
              <value>
                <![CDATA[https://ai-mood.com/en/block-explorer]]>
              </value>
            </param>
            <param index="1">
              <value>
                <![CDATA[Screenshots/]]>
              </value>
            </param>
          </params>
          <reporter-output>
          </reporter-output>
        </test-method> <!-- allHeaderTokenMoodPage -->
        <test-method is-config="true" signature="setUp()[pri:0, instance:tests.tokenMoodPageTests.AllPageChromeTests@4f80542f]" started-at="2023-08-15T11:58:43 EEST" name="setUp" finished-at="2023-08-15T11:58:43 EEST" duration-ms="0" status="PASS">
          <reporter-output>
          </reporter-output>
        </test-method> <!-- setUp -->
        <test-method signature="getStartedHeaderTokenMoodPage(java.lang.String,java.lang.String)[pri:2, instance:tests.tokenMoodPageTests.AllPageChromeTests@4f80542f]" started-at="2023-08-15T11:58:43 EEST" name="getStartedHeaderTokenMoodPage" finished-at="2023-08-15T11:58:47 EEST" duration-ms="4477" status="PASS">
          <params>
            <param index="0">
              <value>
                <![CDATA[https://ai-mood.com/en/block-explorer]]>
              </value>
            </param>
            <param index="1">
              <value>
                <![CDATA[Screenshots/]]>
              </value>
            </param>
          </params>
          <reporter-output>
          </reporter-output>
        </test-method> <!-- getStartedHeaderTokenMoodPage -->
        <test-method signature="learnHeaderTokenMoodPage(java.lang.String,java.lang.String)[pri:3, instance:tests.tokenMoodPageTests.AllPageChromeTests@4f80542f]" started-at="2023-08-15T11:58:47 EEST" name="learnHeaderTokenMoodPage" finished-at="2023-08-15T11:58:51 EEST" duration-ms="4322" status="PASS">
          <params>
            <param index="0">
              <value>
                <![CDATA[https://ai-mood.com/en/block-explorer]]>
              </value>
            </param>
            <param index="1">
              <value>
                <![CDATA[Screenshots/]]>
              </value>
            </param>
          </params>
          <reporter-output>
          </reporter-output>
        </test-method> <!-- learnHeaderTokenMoodPage -->
        <test-method is-config="true" signature="setUp()[pri:0, instance:tests.tokenMoodPageTests.AllPageChromeTests@4f80542f]" started-at="2023-08-15T11:58:47 EEST" name="setUp" finished-at="2023-08-15T11:58:47 EEST" duration-ms="0" status="PASS">
          <reporter-output>
          </reporter-output>
        </test-method> <!-- setUp -->
        <test-method signature="resourcesHeaderTokenMoodPage(java.lang.String,java.lang.String)[pri:4, instance:tests.tokenMoodPageTests.AllPageChromeTests@4f80542f]" started-at="2023-08-15T11:58:51 EEST" name="resourcesHeaderTokenMoodPage" finished-at="2023-08-15T11:58:56 EEST" duration-ms="4327" status="PASS">
          <params>
            <param index="0">
              <value>
                <![CDATA[https://ai-mood.com/en/block-explorer]]>
              </value>
            </param>
            <param index="1">
              <value>
                <![CDATA[Screenshots/]]>
              </value>
            </param>
          </params>
          <reporter-output>
          </reporter-output>
        </test-method> <!-- resourcesHeaderTokenMoodPage -->
        <test-method is-config="true" signature="setUp()[pri:0, instance:tests.tokenMoodPageTests.AllPageChromeTests@4f80542f]" started-at="2023-08-15T11:58:51 EEST" name="setUp" finished-at="2023-08-15T11:58:51 EEST" duration-ms="0" status="PASS">
          <reporter-output>
          </reporter-output>
        </test-method> <!-- setUp -->
        <test-method signature="mainSectionTokenMoodPage(java.lang.String,java.lang.String)[pri:6, instance:tests.tokenMoodPageTests.AllPageChromeTests@4f80542f]" started-at="2023-08-15T11:58:56 EEST" name="mainSectionTokenMoodPage" finished-at="2023-08-15T11:59:01 EEST" duration-ms="5215" status="PASS">
          <params>
            <param index="0">
              <value>
                <![CDATA[https://ai-mood.com/en/block-explorer]]>
              </value>
            </param>
            <param index="1">
              <value>
                <![CDATA[Screenshots/]]>
              </value>
            </param>
          </params>
          <reporter-output>
          </reporter-output>
        </test-method> <!-- mainSectionTokenMoodPage -->
        <test-method is-config="true" signature="setUp()[pri:0, instance:tests.tokenMoodPageTests.AllPageChromeTests@4f80542f]" started-at="2023-08-15T11:58:56 EEST" name="setUp" finished-at="2023-08-15T11:58:56 EEST" duration-ms="0" status="PASS">
          <reporter-output>
          </reporter-output>
        </test-method> <!-- setUp -->
        <test-method is-config="true" signature="setUp()[pri:0, instance:tests.tokenMoodPageTests.AllPageChromeTests@4f80542f]" started-at="2023-08-15T11:59:01 EEST" name="setUp" finished-at="2023-08-15T11:59:01 EEST" duration-ms="1" status="PASS">
          <reporter-output>
          </reporter-output>
        </test-method> <!-- setUp -->
        <test-method signature="statisticsSectionTokenMoodPage(java.lang.String,java.lang.String)[pri:7, instance:tests.tokenMoodPageTests.AllPageChromeTests@4f80542f]" started-at="2023-08-15T11:59:01 EEST" name="statisticsSectionTokenMoodPage" finished-at="2023-08-15T11:59:07 EEST" duration-ms="5765" status="PASS">
          <params>
            <param index="0">
              <value>
                <![CDATA[https://ai-mood.com/en/block-explorer]]>
              </value>
            </param>
            <param index="1">
              <value>
                <![CDATA[Screenshots/]]>
              </value>
            </param>
          </params>
          <reporter-output>
          </reporter-output>
        </test-method> <!-- statisticsSectionTokenMoodPage -->
        <test-method signature="allFooterTokenMoodPage(java.lang.String,java.lang.String)[pri:8, instance:tests.tokenMoodPageTests.AllPageChromeTests@4f80542f]" started-at="2023-08-15T11:59:07 EEST" name="allFooterTokenMoodPage" finished-at="2023-08-15T11:59:12 EEST" duration-ms="5282" status="PASS">
          <params>
            <param index="0">
              <value>
                <![CDATA[https://ai-mood.com/en/block-explorer]]>
              </value>
            </param>
            <param index="1">
              <value>
                <![CDATA[Screenshots/]]>
              </value>
            </param>
          </params>
          <reporter-output>
          </reporter-output>
        </test-method> <!-- allFooterTokenMoodPage -->
        <test-method is-config="true" signature="setUp()[pri:0, instance:tests.tokenMoodPageTests.AllPageChromeTests@4f80542f]" started-at="2023-08-15T11:59:07 EEST" name="setUp" finished-at="2023-08-15T11:59:07 EEST" duration-ms="0" status="PASS">
          <reporter-output>
          </reporter-output>
        </test-method> <!-- setUp -->
        <test-method is-config="true" signature="setUp()[pri:0, instance:tests.tokenMoodPageTests.AllPageChromeTests@4f80542f]" started-at="2023-08-15T11:59:12 EEST" name="setUp" finished-at="2023-08-15T11:59:12 EEST" duration-ms="0" status="PASS">
          <reporter-output>
          </reporter-output>
        </test-method> <!-- setUp -->
        <test-method signature="partnFooterTokenMoodPage(java.lang.String,java.lang.String)[pri:9, instance:tests.tokenMoodPageTests.AllPageChromeTests@4f80542f]" started-at="2023-08-15T11:59:12 EEST" name="partnFooterTokenMoodPage" finished-at="2023-08-15T11:59:17 EEST" duration-ms="5156" status="PASS">
          <params>
            <param index="0">
              <value>
                <![CDATA[https://ai-mood.com/en/block-explorer]]>
              </value>
            </param>
            <param index="1">
              <value>
                <![CDATA[Screenshots/]]>
              </value>
            </param>
          </params>
          <reporter-output>
          </reporter-output>
        </test-method> <!-- partnFooterTokenMoodPage -->
        <test-method is-config="true" signature="setUp()[pri:0, instance:tests.tokenMoodPageTests.AllPageChromeTests@4f80542f]" started-at="2023-08-15T11:59:17 EEST" name="setUp" finished-at="2023-08-15T11:59:17 EEST" duration-ms="1" status="PASS">
          <reporter-output>
          </reporter-output>
        </test-method> <!-- setUp -->
        <test-method signature="subFooterTokenMoodPage(java.lang.String,java.lang.String)[pri:10, instance:tests.tokenMoodPageTests.AllPageChromeTests@4f80542f]" started-at="2023-08-15T11:59:17 EEST" name="subFooterTokenMoodPage" finished-at="2023-08-15T11:59:22 EEST" duration-ms="5151" status="PASS">
          <params>
            <param index="0">
              <value>
                <![CDATA[https://ai-mood.com/en/block-explorer]]>
              </value>
            </param>
            <param index="1">
              <value>
                <![CDATA[Screenshots/]]>
              </value>
            </param>
          </params>
          <reporter-output>
          </reporter-output>
        </test-method> <!-- subFooterTokenMoodPage -->
        <test-method is-config="true" signature="setUp()[pri:0, instance:tests.tokenMoodPageTests.AllPageChromeTests@4f80542f]" started-at="2023-08-15T11:59:22 EEST" name="setUp" finished-at="2023-08-15T11:59:22 EEST" duration-ms="0" status="PASS">
          <reporter-output>
          </reporter-output>
        </test-method> <!-- setUp -->
        <test-method signature="copFooterTokenMoodPage(java.lang.String,java.lang.String)[pri:11, instance:tests.tokenMoodPageTests.AllPageChromeTests@4f80542f]" started-at="2023-08-15T11:59:22 EEST" name="copFooterTokenMoodPage" finished-at="2023-08-15T11:59:26 EEST" duration-ms="4198" status="PASS">
          <params>
            <param index="0">
              <value>
                <![CDATA[https://ai-mood.com/en/block-explorer]]>
              </value>
            </param>
            <param index="1">
              <value>
                <![CDATA[Screenshots/]]>
              </value>
            </param>
          </params>
          <reporter-output>
          </reporter-output>
        </test-method> <!-- copFooterTokenMoodPage -->
        <test-method is-config="true" signature="tearDown()[pri:0, instance:tests.tokenMoodPageTests.AllPageChromeTests@4f80542f]" started-at="2023-08-15T11:59:26 EEST" name="tearDown" finished-at="2023-08-15T11:59:27 EEST" duration-ms="655" status="PASS">
          <reporter-output>
          </reporter-output>
        </test-method> <!-- tearDown -->
      </class> <!-- tests.tokenMoodPageTests.AllPageChromeTests -->
      <class name="tests.tokenMoodPageTests.AllPageFirefoxTests">
        <test-method is-config="true" signature="setUp()[pri:0, instance:tests.tokenMoodPageTests.AllPageFirefoxTests@32502377]" started-at="2023-08-15T11:57:40 EEST" name="setUp" finished-at="2023-08-15T11:57:44 EEST" duration-ms="3533" status="PASS">
          <reporter-output>
          </reporter-output>
        </test-method> <!-- setUp -->
        <test-method signature="allHeaderTokenMoodPage(java.lang.String,java.lang.String)[pri:1, instance:tests.tokenMoodPageTests.AllPageFirefoxTests@32502377]" started-at="2023-08-15T11:57:44 EEST" name="allHeaderTokenMoodPage" finished-at="2023-08-15T11:57:51 EEST" duration-ms="7162" status="PASS">
          <params>
            <param index="0">
              <value>
                <![CDATA[https://ai-mood.com/en/block-explorer]]>
              </value>
            </param>
            <param index="1">
              <value>
                <![CDATA[Screenshots/]]>
              </value>
            </param>
          </params>
          <reporter-output>
          </reporter-output>
        </test-method> <!-- allHeaderTokenMoodPage -->
        <test-method is-config="true" signature="setUp()[pri:0, instance:tests.tokenMoodPageTests.AllPageFirefoxTests@32502377]" started-at="2023-08-15T11:57:51 EEST" name="setUp" finished-at="2023-08-15T11:57:51 EEST" duration-ms="0" status="PASS">
          <reporter-output>
          </reporter-output>
        </test-method> <!-- setUp -->
        <test-method signature="getStartedHeaderTokenMoodPage(java.lang.String,java.lang.String)[pri:2, instance:tests.tokenMoodPageTests.AllPageFirefoxTests@32502377]" started-at="2023-08-15T11:57:51 EEST" name="getStartedHeaderTokenMoodPage" finished-at="2023-08-15T11:57:55 EEST" duration-ms="4132" status="PASS">
          <params>
            <param index="0">
              <value>
                <![CDATA[https://ai-mood.com/en/block-explorer]]>
              </value>
            </param>
            <param index="1">
              <value>
                <![CDATA[Screenshots/]]>
              </value>
            </param>
          </params>
          <reporter-output>
          </reporter-output>
        </test-method> <!-- getStartedHeaderTokenMoodPage -->
        <test-method signature="learnHeaderTokenMoodPage(java.lang.String,java.lang.String)[pri:3, instance:tests.tokenMoodPageTests.AllPageFirefoxTests@32502377]" started-at="2023-08-15T11:57:55 EEST" name="learnHeaderTokenMoodPage" finished-at="2023-08-15T11:57:59 EEST" duration-ms="4112" status="PASS">
          <params>
            <param index="0">
              <value>
                <![CDATA[https://ai-mood.com/en/block-explorer]]>
              </value>
            </param>
            <param index="1">
              <value>
                <![CDATA[Screenshots/]]>
              </value>
            </param>
          </params>
          <reporter-output>
          </reporter-output>
        </test-method> <!-- learnHeaderTokenMoodPage -->
        <test-method is-config="true" signature="setUp()[pri:0, instance:tests.tokenMoodPageTests.AllPageFirefoxTests@32502377]" started-at="2023-08-15T11:57:55 EEST" name="setUp" finished-at="2023-08-15T11:57:55 EEST" duration-ms="0" status="PASS">
          <reporter-output>
          </reporter-output>
        </test-method> <!-- setUp -->
        <test-method is-config="true" signature="setUp()[pri:0, instance:tests.tokenMoodPageTests.AllPageFirefoxTests@32502377]" started-at="2023-08-15T11:57:59 EEST" name="setUp" finished-at="2023-08-15T11:57:59 EEST" duration-ms="0" status="PASS">
          <reporter-output>
          </reporter-output>
        </test-method> <!-- setUp -->
        <test-method signature="resourcesHeaderTokenMoodPage(java.lang.String,java.lang.String)[pri:4, instance:tests.tokenMoodPageTests.AllPageFirefoxTests@32502377]" started-at="2023-08-15T11:57:59 EEST" name="resourcesHeaderTokenMoodPage" finished-at="2023-08-15T11:58:04 EEST" duration-ms="4149" status="PASS">
          <params>
            <param index="0">
              <value>
                <![CDATA[https://ai-mood.com/en/block-explorer]]>
              </value>
            </param>
            <param index="1">
              <value>
                <![CDATA[Screenshots/]]>
              </value>
            </param>
          </params>
          <reporter-output>
          </reporter-output>
        </test-method> <!-- resourcesHeaderTokenMoodPage -->
        <test-method is-config="true" signature="setUp()[pri:0, instance:tests.tokenMoodPageTests.AllPageFirefoxTests@32502377]" started-at="2023-08-15T11:58:04 EEST" name="setUp" finished-at="2023-08-15T11:58:04 EEST" duration-ms="1" status="PASS">
          <reporter-output>
          </reporter-output>
        </test-method> <!-- setUp -->
        <test-method signature="mainSectionTokenMoodPage(java.lang.String,java.lang.String)[pri:6, instance:tests.tokenMoodPageTests.AllPageFirefoxTests@32502377]" started-at="2023-08-15T11:58:04 EEST" name="mainSectionTokenMoodPage" finished-at="2023-08-15T11:58:09 EEST" duration-ms="4924" status="PASS">
          <params>
            <param index="0">
              <value>
                <![CDATA[https://ai-mood.com/en/block-explorer]]>
              </value>
            </param>
            <param index="1">
              <value>
                <![CDATA[Screenshots/]]>
              </value>
            </param>
          </params>
          <reporter-output>
          </reporter-output>
        </test-method> <!-- mainSectionTokenMoodPage -->
        <test-method is-config="true" signature="setUp()[pri:0, instance:tests.tokenMoodPageTests.AllPageFirefoxTests@32502377]" started-at="2023-08-15T11:58:09 EEST" name="setUp" finished-at="2023-08-15T11:58:09 EEST" duration-ms="1" status="PASS">
          <reporter-output>
          </reporter-output>
        </test-method> <!-- setUp -->
        <test-method signature="statisticsSectionTokenMoodPage(java.lang.String,java.lang.String)[pri:7, instance:tests.tokenMoodPageTests.AllPageFirefoxTests@32502377]" started-at="2023-08-15T11:58:09 EEST" name="statisticsSectionTokenMoodPage" finished-at="2023-08-15T11:58:14 EEST" duration-ms="5267" status="PASS">
          <params>
            <param index="0">
              <value>
                <![CDATA[https://ai-mood.com/en/block-explorer]]>
              </value>
            </param>
            <param index="1">
              <value>
                <![CDATA[Screenshots/]]>
              </value>
            </param>
          </params>
          <reporter-output>
          </reporter-output>
        </test-method> <!-- statisticsSectionTokenMoodPage -->
        <test-method is-config="true" signature="setUp()[pri:0, instance:tests.tokenMoodPageTests.AllPageFirefoxTests@32502377]" started-at="2023-08-15T11:58:14 EEST" name="setUp" finished-at="2023-08-15T11:58:14 EEST" duration-ms="0" status="PASS">
          <reporter-output>
          </reporter-output>
        </test-method> <!-- setUp -->
        <test-method signature="allFooterTokenMoodPage(java.lang.String,java.lang.String)[pri:8, instance:tests.tokenMoodPageTests.AllPageFirefoxTests@32502377]" started-at="2023-08-15T11:58:14 EEST" name="allFooterTokenMoodPage" finished-at="2023-08-15T11:58:19 EEST" duration-ms="5030" status="PASS">
          <params>
            <param index="0">
              <value>
                <![CDATA[https://ai-mood.com/en/block-explorer]]>
              </value>
            </param>
            <param index="1">
              <value>
                <![CDATA[Screenshots/]]>
              </value>
            </param>
          </params>
          <reporter-output>
          </reporter-output>
        </test-method> <!-- allFooterTokenMoodPage -->
        <test-method is-config="true" signature="setUp()[pri:0, instance:tests.tokenMoodPageTests.AllPageFirefoxTests@32502377]" started-at="2023-08-15T11:58:19 EEST" name="setUp" finished-at="2023-08-15T11:58:19 EEST" duration-ms="1" status="PASS">
          <reporter-output>
          </reporter-output>
        </test-method> <!-- setUp -->
        <test-method signature="partnFooterTokenMoodPage(java.lang.String,java.lang.String)[pri:9, instance:tests.tokenMoodPageTests.AllPageFirefoxTests@32502377]" started-at="2023-08-15T11:58:19 EEST" name="partnFooterTokenMoodPage" finished-at="2023-08-15T11:58:24 EEST" duration-ms="4935" status="PASS">
          <params>
            <param index="0">
              <value>
                <![CDATA[https://ai-mood.com/en/block-explorer]]>
              </value>
            </param>
            <param index="1">
              <value>
                <![CDATA[Screenshots/]]>
              </value>
            </param>
          </params>
          <reporter-output>
          </reporter-output>
        </test-method> <!-- partnFooterTokenMoodPage -->
        <test-method is-config="true" signature="setUp()[pri:0, instance:tests.tokenMoodPageTests.AllPageFirefoxTests@32502377]" started-at="2023-08-15T11:58:24 EEST" name="setUp" finished-at="2023-08-15T11:58:24 EEST" duration-ms="0" status="PASS">
          <reporter-output>
          </reporter-output>
        </test-method> <!-- setUp -->
        <test-method signature="subFooterTokenMoodPage(java.lang.String,java.lang.String)[pri:10, instance:tests.tokenMoodPageTests.AllPageFirefoxTests@32502377]" started-at="2023-08-15T11:58:24 EEST" name="subFooterTokenMoodPage" finished-at="2023-08-15T11:58:29 EEST" duration-ms="5002" status="PASS">
          <params>
            <param index="0">
              <value>
                <![CDATA[https://ai-mood.com/en/block-explorer]]>
              </value>
            </param>
            <param index="1">
              <value>
                <![CDATA[Screenshots/]]>
              </value>
            </param>
          </params>
          <reporter-output>
          </reporter-output>
        </test-method> <!-- subFooterTokenMoodPage -->
        <test-method is-config="true" signature="setUp()[pri:0, instance:tests.tokenMoodPageTests.AllPageFirefoxTests@32502377]" started-at="2023-08-15T11:58:29 EEST" name="setUp" finished-at="2023-08-15T11:58:29 EEST" duration-ms="1" status="PASS">
          <reporter-output>
          </reporter-output>
        </test-method> <!-- setUp -->
        <test-method signature="copFooterTokenMoodPage(java.lang.String,java.lang.String)[pri:11, instance:tests.tokenMoodPageTests.AllPageFirefoxTests@32502377]" started-at="2023-08-15T11:58:29 EEST" name="copFooterTokenMoodPage" finished-at="2023-08-15T11:58:33 EEST" duration-ms="4059" status="PASS">
          <params>
            <param index="0">
              <value>
                <![CDATA[https://ai-mood.com/en/block-explorer]]>
              </value>
            </param>
            <param index="1">
              <value>
                <![CDATA[Screenshots/]]>
              </value>
            </param>
          </params>
          <reporter-output>
          </reporter-output>
        </test-method> <!-- copFooterTokenMoodPage -->
        <test-method is-config="true" signature="tearDown()[pri:0, instance:tests.tokenMoodPageTests.AllPageFirefoxTests@32502377]" started-at="2023-08-15T11:58:33 EEST" name="tearDown" finished-at="2023-08-15T11:58:35 EEST" duration-ms="1939" status="PASS">
          <reporter-output>
          </reporter-output>
        </test-method> <!-- tearDown -->
      </class> <!-- tests.tokenMoodPageTests.AllPageFirefoxTests -->
    </test> <!-- ai-mood - Pixel perfect regression -->
  </suite> <!-- WPT -->
</testng-results>
