-------------------------------------------------------------------------------
Test set: TestSuite
-------------------------------------------------------------------------------
Tests run: 13, Failures: 1, Errors: 0, Skipped: 0, Time elapsed: 74.377 s <<< FAILURE! - in TestSuite
tests.mainPageTests.AllPageChromeTests.leaningSectionMainPage[https://ai-mood.com/en, Screenshots/](1)  Time elapsed: 4.908 s  <<< FAILURE!
java.lang.AssertionError: *** Images are not similar *** expected [true] but found [false]
	at tests.mainPageTests.AllPageChromeTests.leaningSectionMainPage(AllPageChromeTests.java:194)

