<?xml version="1.0" encoding="UTF-8"?>
<testng-results ignored="0" total="116" passed="116" failed="0" skipped="0">
  <reporter-output>
  </reporter-output>
  <suite started-at="2023-09-08T10:54:46 EEST" name="WPT" finished-at="2023-09-08T11:08:36 EEST" duration-ms="829242">
    <groups>
    </groups>
    <test started-at="2023-09-08T10:54:46 EEST" name="ai-mood - Pixel perfect regression" finished-at="2023-09-08T11:08:36 EEST" duration-ms="829242">
      <class name="tests.marketPlacePageTests.AllPageFirefoxTests">
        <test-method is-config="true" signature="setUp()[pri:0, instance:tests.marketPlacePageTests.AllPageFirefoxTests@5afa3c9]" started-at="2023-09-08T10:57:30 EEST" name="setUp" finished-at="2023-09-08T10:57:32 EEST" duration-ms="2433" status="PASS">
          <reporter-output>
          </reporter-output>
        </test-method> <!-- setUp -->
        <test-method signature="allHeaderMarketPlacePage(java.lang.String,java.lang.String)[pri:1, instance:tests.marketPlacePageTests.AllPageFirefoxTests@5afa3c9]" started-at="2023-09-08T10:57:32 EEST" name="allHeaderMarketPlacePage" finished-at="2023-09-08T10:57:41 EEST" duration-ms="8268" status="PASS">
          <params>
            <param index="0">
              <value>
                <![CDATA[https://ai-mood.com/en/market-place]]>
              </value>
            </param>
            <param index="1">
              <value>
                <![CDATA[Screenshots/]]>
              </value>
            </param>
          </params>
          <reporter-output>
          </reporter-output>
        </test-method> <!-- allHeaderMarketPlacePage -->
        <test-method is-config="true" signature="setUp()[pri:0, instance:tests.marketPlacePageTests.AllPageFirefoxTests@5afa3c9]" started-at="2023-09-08T10:57:41 EEST" name="setUp" finished-at="2023-09-08T10:57:41 EEST" duration-ms="1" status="PASS">
          <reporter-output>
          </reporter-output>
        </test-method> <!-- setUp -->
        <test-method signature="getStartedHeaderMarketPlacePage(java.lang.String,java.lang.String)[pri:2, instance:tests.marketPlacePageTests.AllPageFirefoxTests@5afa3c9]" started-at="2023-09-08T10:57:41 EEST" name="getStartedHeaderMarketPlacePage" finished-at="2023-09-08T10:57:49 EEST" duration-ms="8014" status="PASS">
          <params>
            <param index="0">
              <value>
                <![CDATA[https://ai-mood.com/en/market-place]]>
              </value>
            </param>
            <param index="1">
              <value>
                <![CDATA[Screenshots/]]>
              </value>
            </param>
          </params>
          <reporter-output>
          </reporter-output>
        </test-method> <!-- getStartedHeaderMarketPlacePage -->
        <test-method signature="learnHeaderMarketPlacePage(java.lang.String,java.lang.String)[pri:3, instance:tests.marketPlacePageTests.AllPageFirefoxTests@5afa3c9]" started-at="2023-09-08T10:57:49 EEST" name="learnHeaderMarketPlacePage" finished-at="2023-09-08T10:57:54 EEST" duration-ms="5090" status="PASS">
          <params>
            <param index="0">
              <value>
                <![CDATA[https://ai-mood.com/en/market-place]]>
              </value>
            </param>
            <param index="1">
              <value>
                <![CDATA[Screenshots/]]>
              </value>
            </param>
          </params>
          <reporter-output>
          </reporter-output>
        </test-method> <!-- learnHeaderMarketPlacePage -->
        <test-method is-config="true" signature="setUp()[pri:0, instance:tests.marketPlacePageTests.AllPageFirefoxTests@5afa3c9]" started-at="2023-09-08T10:57:49 EEST" name="setUp" finished-at="2023-09-08T10:57:49 EEST" duration-ms="0" status="PASS">
          <reporter-output>
          </reporter-output>
        </test-method> <!-- setUp -->
        <test-method is-config="true" signature="setUp()[pri:0, instance:tests.marketPlacePageTests.AllPageFirefoxTests@5afa3c9]" started-at="2023-09-08T10:57:54 EEST" name="setUp" finished-at="2023-09-08T10:57:54 EEST" duration-ms="1" status="PASS">
          <reporter-output>
          </reporter-output>
        </test-method> <!-- setUp -->
        <test-method signature="resourcesHeaderMarketPlacePage(java.lang.String,java.lang.String)[pri:4, instance:tests.marketPlacePageTests.AllPageFirefoxTests@5afa3c9]" started-at="2023-09-08T10:57:54 EEST" name="resourcesHeaderMarketPlacePage" finished-at="2023-09-08T10:58:02 EEST" duration-ms="8077" status="PASS">
          <params>
            <param index="0">
              <value>
                <![CDATA[https://ai-mood.com/en/market-place]]>
              </value>
            </param>
            <param index="1">
              <value>
                <![CDATA[Screenshots/]]>
              </value>
            </param>
          </params>
          <reporter-output>
          </reporter-output>
        </test-method> <!-- resourcesHeaderMarketPlacePage -->
        <test-method is-config="true" signature="setUp()[pri:0, instance:tests.marketPlacePageTests.AllPageFirefoxTests@5afa3c9]" started-at="2023-09-08T10:58:02 EEST" name="setUp" finished-at="2023-09-08T10:58:02 EEST" duration-ms="1" status="PASS">
          <reporter-output>
          </reporter-output>
        </test-method> <!-- setUp -->
        <test-method signature="mainSectionMarketPlacePage(java.lang.String,java.lang.String)[pri:6, instance:tests.marketPlacePageTests.AllPageFirefoxTests@5afa3c9]" started-at="2023-09-08T10:58:02 EEST" name="mainSectionMarketPlacePage" finished-at="2023-09-08T10:58:09 EEST" duration-ms="6917" status="PASS">
          <params>
            <param index="0">
              <value>
                <![CDATA[https://ai-mood.com/en/market-place]]>
              </value>
            </param>
            <param index="1">
              <value>
                <![CDATA[Screenshots/]]>
              </value>
            </param>
          </params>
          <reporter-output>
          </reporter-output>
        </test-method> <!-- mainSectionMarketPlacePage -->
        <test-method is-config="true" signature="setUp()[pri:0, instance:tests.marketPlacePageTests.AllPageFirefoxTests@5afa3c9]" started-at="2023-09-08T10:58:09 EEST" name="setUp" finished-at="2023-09-08T10:58:09 EEST" duration-ms="1" status="PASS">
          <reporter-output>
          </reporter-output>
        </test-method> <!-- setUp -->
        <test-method signature="statisticsSectionMarketPlacePage(java.lang.String,java.lang.String)[pri:7, instance:tests.marketPlacePageTests.AllPageFirefoxTests@5afa3c9]" started-at="2023-09-08T10:58:09 EEST" name="statisticsSectionMarketPlacePage" finished-at="2023-09-08T10:58:15 EEST" duration-ms="6284" status="PASS">
          <params>
            <param index="0">
              <value>
                <![CDATA[https://ai-mood.com/en/market-place]]>
              </value>
            </param>
            <param index="1">
              <value>
                <![CDATA[Screenshots/]]>
              </value>
            </param>
          </params>
          <reporter-output>
          </reporter-output>
        </test-method> <!-- statisticsSectionMarketPlacePage -->
        <test-method is-config="true" signature="setUp()[pri:0, instance:tests.marketPlacePageTests.AllPageFirefoxTests@5afa3c9]" started-at="2023-09-08T10:58:15 EEST" name="setUp" finished-at="2023-09-08T10:58:15 EEST" duration-ms="1" status="PASS">
          <reporter-output>
          </reporter-output>
        </test-method> <!-- setUp -->
        <test-method signature="allFooterMarketPlacePage(java.lang.String,java.lang.String)[pri:8, instance:tests.marketPlacePageTests.AllPageFirefoxTests@5afa3c9]" started-at="2023-09-08T10:58:15 EEST" name="allFooterMarketPlacePage" finished-at="2023-09-08T10:58:21 EEST" duration-ms="5935" status="PASS">
          <params>
            <param index="0">
              <value>
                <![CDATA[https://ai-mood.com/en/market-place]]>
              </value>
            </param>
            <param index="1">
              <value>
                <![CDATA[Screenshots/]]>
              </value>
            </param>
          </params>
          <reporter-output>
          </reporter-output>
        </test-method> <!-- allFooterMarketPlacePage -->
        <test-method is-config="true" signature="tearDown()[pri:0, instance:tests.marketPlacePageTests.AllPageFirefoxTests@5afa3c9]" started-at="2023-09-08T10:58:21 EEST" name="tearDown" finished-at="2023-09-08T10:58:23 EEST" duration-ms="1603" status="PASS">
          <reporter-output>
          </reporter-output>
        </test-method> <!-- tearDown -->
      </class> <!-- tests.marketPlacePageTests.AllPageFirefoxTests -->
      <class name="tests.marketPlacePageTests.AllPageChromeTests">
        <test-method is-config="true" signature="setUp()[pri:0, instance:tests.marketPlacePageTests.AllPageChromeTests@72035809]" started-at="2023-09-08T10:58:23 EEST" name="setUp" finished-at="2023-09-08T10:58:23 EEST" duration-ms="787" status="PASS">
          <reporter-output>
          </reporter-output>
        </test-method> <!-- setUp -->
        <test-method signature="allHeaderMarketPlacePage(java.lang.String,java.lang.String)[pri:1, instance:tests.marketPlacePageTests.AllPageChromeTests@72035809]" started-at="2023-09-08T10:58:23 EEST" name="allHeaderMarketPlacePage" finished-at="2023-09-08T10:58:31 EEST" duration-ms="7972" status="PASS">
          <params>
            <param index="0">
              <value>
                <![CDATA[https://ai-mood.com/en/market-place]]>
              </value>
            </param>
            <param index="1">
              <value>
                <![CDATA[Screenshots/]]>
              </value>
            </param>
          </params>
          <reporter-output>
          </reporter-output>
        </test-method> <!-- allHeaderMarketPlacePage -->
        <test-method signature="getStartedHeaderMarketPlacePage(java.lang.String,java.lang.String)[pri:2, instance:tests.marketPlacePageTests.AllPageChromeTests@72035809]" started-at="2023-09-08T10:58:31 EEST" name="getStartedHeaderMarketPlacePage" finished-at="2023-09-08T10:58:40 EEST" duration-ms="8302" status="PASS">
          <params>
            <param index="0">
              <value>
                <![CDATA[https://ai-mood.com/en/market-place]]>
              </value>
            </param>
            <param index="1">
              <value>
                <![CDATA[Screenshots/]]>
              </value>
            </param>
          </params>
          <reporter-output>
          </reporter-output>
        </test-method> <!-- getStartedHeaderMarketPlacePage -->
        <test-method is-config="true" signature="setUp()[pri:0, instance:tests.marketPlacePageTests.AllPageChromeTests@72035809]" started-at="2023-09-08T10:58:31 EEST" name="setUp" finished-at="2023-09-08T10:58:31 EEST" duration-ms="0" status="PASS">
          <reporter-output>
          </reporter-output>
        </test-method> <!-- setUp -->
        <test-method signature="learnHeaderMarketPlacePage(java.lang.String,java.lang.String)[pri:3, instance:tests.marketPlacePageTests.AllPageChromeTests@72035809]" started-at="2023-09-08T10:58:40 EEST" name="learnHeaderMarketPlacePage" finished-at="2023-09-08T10:58:48 EEST" duration-ms="8277" status="PASS">
          <params>
            <param index="0">
              <value>
                <![CDATA[https://ai-mood.com/en/market-place]]>
              </value>
            </param>
            <param index="1">
              <value>
                <![CDATA[Screenshots/]]>
              </value>
            </param>
          </params>
          <reporter-output>
          </reporter-output>
        </test-method> <!-- learnHeaderMarketPlacePage -->
        <test-method is-config="true" signature="setUp()[pri:0, instance:tests.marketPlacePageTests.AllPageChromeTests@72035809]" started-at="2023-09-08T10:58:40 EEST" name="setUp" finished-at="2023-09-08T10:58:40 EEST" duration-ms="0" status="PASS">
          <reporter-output>
          </reporter-output>
        </test-method> <!-- setUp -->
        <test-method signature="resourcesHeaderMarketPlacePage(java.lang.String,java.lang.String)[pri:4, instance:tests.marketPlacePageTests.AllPageChromeTests@72035809]" started-at="2023-09-08T10:58:48 EEST" name="resourcesHeaderMarketPlacePage" finished-at="2023-09-08T10:58:56 EEST" duration-ms="8198" status="PASS">
          <params>
            <param index="0">
              <value>
                <![CDATA[https://ai-mood.com/en/market-place]]>
              </value>
            </param>
            <param index="1">
              <value>
                <![CDATA[Screenshots/]]>
              </value>
            </param>
          </params>
          <reporter-output>
          </reporter-output>
        </test-method> <!-- resourcesHeaderMarketPlacePage -->
        <test-method is-config="true" signature="setUp()[pri:0, instance:tests.marketPlacePageTests.AllPageChromeTests@72035809]" started-at="2023-09-08T10:58:48 EEST" name="setUp" finished-at="2023-09-08T10:58:48 EEST" duration-ms="0" status="PASS">
          <reporter-output>
          </reporter-output>
        </test-method> <!-- setUp -->
        <test-method signature="mainSectionMarketPlacePage(java.lang.String,java.lang.String)[pri:6, instance:tests.marketPlacePageTests.AllPageChromeTests@72035809]" started-at="2023-09-08T10:58:56 EEST" name="mainSectionMarketPlacePage" finished-at="2023-09-08T10:59:03 EEST" duration-ms="7282" status="PASS">
          <params>
            <param index="0">
              <value>
                <![CDATA[https://ai-mood.com/en/market-place]]>
              </value>
            </param>
            <param index="1">
              <value>
                <![CDATA[Screenshots/]]>
              </value>
            </param>
          </params>
          <reporter-output>
          </reporter-output>
        </test-method> <!-- mainSectionMarketPlacePage -->
        <test-method is-config="true" signature="setUp()[pri:0, instance:tests.marketPlacePageTests.AllPageChromeTests@72035809]" started-at="2023-09-08T10:58:56 EEST" name="setUp" finished-at="2023-09-08T10:58:56 EEST" duration-ms="0" status="PASS">
          <reporter-output>
          </reporter-output>
        </test-method> <!-- setUp -->
        <test-method signature="statisticsSectionMarketPlacePage(java.lang.String,java.lang.String)[pri:7, instance:tests.marketPlacePageTests.AllPageChromeTests@72035809]" started-at="2023-09-08T10:59:03 EEST" name="statisticsSectionMarketPlacePage" finished-at="2023-09-08T10:59:10 EEST" duration-ms="6675" status="PASS">
          <params>
            <param index="0">
              <value>
                <![CDATA[https://ai-mood.com/en/market-place]]>
              </value>
            </param>
            <param index="1">
              <value>
                <![CDATA[Screenshots/]]>
              </value>
            </param>
          </params>
          <reporter-output>
          </reporter-output>
        </test-method> <!-- statisticsSectionMarketPlacePage -->
        <test-method is-config="true" signature="setUp()[pri:0, instance:tests.marketPlacePageTests.AllPageChromeTests@72035809]" started-at="2023-09-08T10:59:03 EEST" name="setUp" finished-at="2023-09-08T10:59:03 EEST" duration-ms="0" status="PASS">
          <reporter-output>
          </reporter-output>
        </test-method> <!-- setUp -->
        <test-method signature="allFooterMarketPlacePage(java.lang.String,java.lang.String)[pri:8, instance:tests.marketPlacePageTests.AllPageChromeTests@72035809]" started-at="2023-09-08T10:59:10 EEST" name="allFooterMarketPlacePage" finished-at="2023-09-08T10:59:16 EEST" duration-ms="6238" status="PASS">
          <params>
            <param index="0">
              <value>
                <![CDATA[https://ai-mood.com/en/market-place]]>
              </value>
            </param>
            <param index="1">
              <value>
                <![CDATA[Screenshots/]]>
              </value>
            </param>
          </params>
          <reporter-output>
          </reporter-output>
        </test-method> <!-- allFooterMarketPlacePage -->
        <test-method is-config="true" signature="setUp()[pri:0, instance:tests.marketPlacePageTests.AllPageChromeTests@72035809]" started-at="2023-09-08T10:59:10 EEST" name="setUp" finished-at="2023-09-08T10:59:10 EEST" duration-ms="0" status="PASS">
          <reporter-output>
          </reporter-output>
        </test-method> <!-- setUp -->
        <test-method is-config="true" signature="tearDown()[pri:0, instance:tests.marketPlacePageTests.AllPageChromeTests@72035809]" started-at="2023-09-08T10:59:16 EEST" name="tearDown" finished-at="2023-09-08T10:59:17 EEST" duration-ms="656" status="PASS">
          <reporter-output>
          </reporter-output>
        </test-method> <!-- tearDown -->
      </class> <!-- tests.marketPlacePageTests.AllPageChromeTests -->
      <class name="tests.fundPageTests.AllPageChromeTests">
        <test-method is-config="true" signature="setUp()[pri:0, instance:tests.fundPageTests.AllPageChromeTests@68c9133c]" started-at="2023-09-08T11:02:48 EEST" name="setUp" finished-at="2023-09-08T11:02:49 EEST" duration-ms="796" status="PASS">
          <reporter-output>
          </reporter-output>
        </test-method> <!-- setUp -->
        <test-method signature="allHeaderFundPage(java.lang.String,java.lang.String)[pri:1, instance:tests.fundPageTests.AllPageChromeTests@68c9133c]" started-at="2023-09-08T11:02:49 EEST" name="allHeaderFundPage" finished-at="2023-09-08T11:02:56 EEST" duration-ms="7610" status="PASS">
          <params>
            <param index="0">
              <value>
                <![CDATA[https://ai-mood.com/en/fund]]>
              </value>
            </param>
            <param index="1">
              <value>
                <![CDATA[Screenshots/]]>
              </value>
            </param>
          </params>
          <reporter-output>
          </reporter-output>
        </test-method> <!-- allHeaderFundPage -->
        <test-method signature="getStartedHeaderFundPage(java.lang.String,java.lang.String)[pri:2, instance:tests.fundPageTests.AllPageChromeTests@68c9133c]" started-at="2023-09-08T11:02:56 EEST" name="getStartedHeaderFundPage" finished-at="2023-09-08T11:03:02 EEST" duration-ms="5355" status="PASS">
          <params>
            <param index="0">
              <value>
                <![CDATA[https://ai-mood.com/en/fund]]>
              </value>
            </param>
            <param index="1">
              <value>
                <![CDATA[Screenshots/]]>
              </value>
            </param>
          </params>
          <reporter-output>
          </reporter-output>
        </test-method> <!-- getStartedHeaderFundPage -->
        <test-method is-config="true" signature="setUp()[pri:0, instance:tests.fundPageTests.AllPageChromeTests@68c9133c]" started-at="2023-09-08T11:02:56 EEST" name="setUp" finished-at="2023-09-08T11:02:56 EEST" duration-ms="0" status="PASS">
          <reporter-output>
          </reporter-output>
        </test-method> <!-- setUp -->
        <test-method is-config="true" signature="setUp()[pri:0, instance:tests.fundPageTests.AllPageChromeTests@68c9133c]" started-at="2023-09-08T11:03:02 EEST" name="setUp" finished-at="2023-09-08T11:03:02 EEST" duration-ms="1" status="PASS">
          <reporter-output>
          </reporter-output>
        </test-method> <!-- setUp -->
        <test-method signature="learnHeaderFundPage(java.lang.String,java.lang.String)[pri:3, instance:tests.fundPageTests.AllPageChromeTests@68c9133c]" started-at="2023-09-08T11:03:02 EEST" name="learnHeaderFundPage" finished-at="2023-09-08T11:03:07 EEST" duration-ms="5297" status="PASS">
          <params>
            <param index="0">
              <value>
                <![CDATA[https://ai-mood.com/en/fund]]>
              </value>
            </param>
            <param index="1">
              <value>
                <![CDATA[Screenshots/]]>
              </value>
            </param>
          </params>
          <reporter-output>
          </reporter-output>
        </test-method> <!-- learnHeaderFundPage -->
        <test-method is-config="true" signature="setUp()[pri:0, instance:tests.fundPageTests.AllPageChromeTests@68c9133c]" started-at="2023-09-08T11:03:07 EEST" name="setUp" finished-at="2023-09-08T11:03:07 EEST" duration-ms="1" status="PASS">
          <reporter-output>
          </reporter-output>
        </test-method> <!-- setUp -->
        <test-method signature="resourcesHeaderFundPage(java.lang.String,java.lang.String)[pri:4, instance:tests.fundPageTests.AllPageChromeTests@68c9133c]" started-at="2023-09-08T11:03:07 EEST" name="resourcesHeaderFundPage" finished-at="2023-09-08T11:03:12 EEST" duration-ms="5287" status="PASS">
          <params>
            <param index="0">
              <value>
                <![CDATA[https://ai-mood.com/en/fund]]>
              </value>
            </param>
            <param index="1">
              <value>
                <![CDATA[Screenshots/]]>
              </value>
            </param>
          </params>
          <reporter-output>
          </reporter-output>
        </test-method> <!-- resourcesHeaderFundPage -->
        <test-method signature="mainSectionFundPage(java.lang.String,java.lang.String)[pri:6, instance:tests.fundPageTests.AllPageChromeTests@68c9133c]" started-at="2023-09-08T11:03:12 EEST" name="mainSectionFundPage" finished-at="2023-09-08T11:03:20 EEST" duration-ms="7214" status="PASS">
          <params>
            <param index="0">
              <value>
                <![CDATA[https://ai-mood.com/en/fund]]>
              </value>
            </param>
            <param index="1">
              <value>
                <![CDATA[Screenshots/]]>
              </value>
            </param>
          </params>
          <reporter-output>
          </reporter-output>
        </test-method> <!-- mainSectionFundPage -->
        <test-method is-config="true" signature="setUp()[pri:0, instance:tests.fundPageTests.AllPageChromeTests@68c9133c]" started-at="2023-09-08T11:03:12 EEST" name="setUp" finished-at="2023-09-08T11:03:12 EEST" duration-ms="0" status="PASS">
          <reporter-output>
          </reporter-output>
        </test-method> <!-- setUp -->
        <test-method signature="allFooterFundPage(java.lang.String,java.lang.String)[pri:7, instance:tests.fundPageTests.AllPageChromeTests@68c9133c]" started-at="2023-09-08T11:03:20 EEST" name="allFooterFundPage" finished-at="2023-09-08T11:03:26 EEST" duration-ms="6262" status="PASS">
          <params>
            <param index="0">
              <value>
                <![CDATA[https://ai-mood.com/en/fund]]>
              </value>
            </param>
            <param index="1">
              <value>
                <![CDATA[Screenshots/]]>
              </value>
            </param>
          </params>
          <reporter-output>
          </reporter-output>
        </test-method> <!-- allFooterFundPage -->
        <test-method is-config="true" signature="setUp()[pri:0, instance:tests.fundPageTests.AllPageChromeTests@68c9133c]" started-at="2023-09-08T11:03:20 EEST" name="setUp" finished-at="2023-09-08T11:03:20 EEST" duration-ms="0" status="PASS">
          <reporter-output>
          </reporter-output>
        </test-method> <!-- setUp -->
        <test-method is-config="true" signature="tearDown()[pri:0, instance:tests.fundPageTests.AllPageChromeTests@68c9133c]" started-at="2023-09-08T11:03:26 EEST" name="tearDown" finished-at="2023-09-08T11:03:27 EEST" duration-ms="628" status="PASS">
          <reporter-output>
          </reporter-output>
        </test-method> <!-- tearDown -->
      </class> <!-- tests.fundPageTests.AllPageChromeTests -->
      <class name="tests.affiliateProgramPageTests.AllPageChromeTests">
        <test-method is-config="true" signature="setUp()[pri:0, instance:tests.affiliateProgramPageTests.AllPageChromeTests@5e2c3d18]" started-at="2023-09-08T11:04:15 EEST" name="setUp" finished-at="2023-09-08T11:04:16 EEST" duration-ms="878" status="PASS">
          <reporter-output>
          </reporter-output>
        </test-method> <!-- setUp -->
        <test-method signature="allHeaderAffiliateProgramPage(java.lang.String,java.lang.String)[pri:1, instance:tests.affiliateProgramPageTests.AllPageChromeTests@5e2c3d18]" started-at="2023-09-08T11:04:16 EEST" name="allHeaderAffiliateProgramPage" finished-at="2023-09-08T11:04:24 EEST" duration-ms="8076" status="PASS">
          <params>
            <param index="0">
              <value>
                <![CDATA[https://ai-mood.com/en/affiliate-program]]>
              </value>
            </param>
            <param index="1">
              <value>
                <![CDATA[Screenshots/]]>
              </value>
            </param>
          </params>
          <reporter-output>
          </reporter-output>
        </test-method> <!-- allHeaderAffiliateProgramPage -->
        <test-method signature="getStartedHeaderAffiliateProgramPage(java.lang.String,java.lang.String)[pri:2, instance:tests.affiliateProgramPageTests.AllPageChromeTests@5e2c3d18]" started-at="2023-09-08T11:04:24 EEST" name="getStartedHeaderAffiliateProgramPage" finished-at="2023-09-08T11:04:29 EEST" duration-ms="5383" status="PASS">
          <params>
            <param index="0">
              <value>
                <![CDATA[https://ai-mood.com/en/affiliate-program]]>
              </value>
            </param>
            <param index="1">
              <value>
                <![CDATA[Screenshots/]]>
              </value>
            </param>
          </params>
          <reporter-output>
          </reporter-output>
        </test-method> <!-- getStartedHeaderAffiliateProgramPage -->
        <test-method is-config="true" signature="setUp()[pri:0, instance:tests.affiliateProgramPageTests.AllPageChromeTests@5e2c3d18]" started-at="2023-09-08T11:04:24 EEST" name="setUp" finished-at="2023-09-08T11:04:24 EEST" duration-ms="0" status="PASS">
          <reporter-output>
          </reporter-output>
        </test-method> <!-- setUp -->
        <test-method signature="learnHeaderAffiliateProgramPage(java.lang.String,java.lang.String)[pri:3, instance:tests.affiliateProgramPageTests.AllPageChromeTests@5e2c3d18]" started-at="2023-09-08T11:04:29 EEST" name="learnHeaderAffiliateProgramPage" finished-at="2023-09-08T11:04:34 EEST" duration-ms="5278" status="PASS">
          <params>
            <param index="0">
              <value>
                <![CDATA[https://ai-mood.com/en/affiliate-program]]>
              </value>
            </param>
            <param index="1">
              <value>
                <![CDATA[Screenshots/]]>
              </value>
            </param>
          </params>
          <reporter-output>
          </reporter-output>
        </test-method> <!-- learnHeaderAffiliateProgramPage -->
        <test-method is-config="true" signature="setUp()[pri:0, instance:tests.affiliateProgramPageTests.AllPageChromeTests@5e2c3d18]" started-at="2023-09-08T11:04:29 EEST" name="setUp" finished-at="2023-09-08T11:04:29 EEST" duration-ms="0" status="PASS">
          <reporter-output>
          </reporter-output>
        </test-method> <!-- setUp -->
        <test-method signature="resourcesHeaderAffiliateProgramPage(java.lang.String,java.lang.String)[pri:4, instance:tests.affiliateProgramPageTests.AllPageChromeTests@5e2c3d18]" started-at="2023-09-08T11:04:34 EEST" name="resourcesHeaderAffiliateProgramPage" finished-at="2023-09-08T11:04:40 EEST" duration-ms="5296" status="PASS">
          <params>
            <param index="0">
              <value>
                <![CDATA[https://ai-mood.com/en/affiliate-program]]>
              </value>
            </param>
            <param index="1">
              <value>
                <![CDATA[Screenshots/]]>
              </value>
            </param>
          </params>
          <reporter-output>
          </reporter-output>
        </test-method> <!-- resourcesHeaderAffiliateProgramPage -->
        <test-method is-config="true" signature="setUp()[pri:0, instance:tests.affiliateProgramPageTests.AllPageChromeTests@5e2c3d18]" started-at="2023-09-08T11:04:34 EEST" name="setUp" finished-at="2023-09-08T11:04:34 EEST" duration-ms="0" status="PASS">
          <reporter-output>
          </reporter-output>
        </test-method> <!-- setUp -->
        <test-method is-config="true" signature="setUp()[pri:0, instance:tests.affiliateProgramPageTests.AllPageChromeTests@5e2c3d18]" started-at="2023-09-08T11:04:40 EEST" name="setUp" finished-at="2023-09-08T11:04:40 EEST" duration-ms="1" status="PASS">
          <reporter-output>
          </reporter-output>
        </test-method> <!-- setUp -->
        <test-method signature="mainSectionAffiliateProgramPage(java.lang.String,java.lang.String)[pri:6, instance:tests.affiliateProgramPageTests.AllPageChromeTests@5e2c3d18]" started-at="2023-09-08T11:04:40 EEST" name="mainSectionAffiliateProgramPage" finished-at="2023-09-08T11:04:47 EEST" duration-ms="7195" status="PASS">
          <params>
            <param index="0">
              <value>
                <![CDATA[https://ai-mood.com/en/affiliate-program]]>
              </value>
            </param>
            <param index="1">
              <value>
                <![CDATA[Screenshots/]]>
              </value>
            </param>
          </params>
          <reporter-output>
          </reporter-output>
        </test-method> <!-- mainSectionAffiliateProgramPage -->
        <test-method signature="affiliateSectionAffiliateProgramPage(java.lang.String,java.lang.String)[pri:7, instance:tests.affiliateProgramPageTests.AllPageChromeTests@5e2c3d18]" started-at="2023-09-08T11:04:47 EEST" name="affiliateSectionAffiliateProgramPage" finished-at="2023-09-08T11:04:54 EEST" duration-ms="7565" status="PASS">
          <params>
            <param index="0">
              <value>
                <![CDATA[https://ai-mood.com/en/affiliate-program]]>
              </value>
            </param>
            <param index="1">
              <value>
                <![CDATA[Screenshots/]]>
              </value>
            </param>
          </params>
          <reporter-output>
          </reporter-output>
        </test-method> <!-- affiliateSectionAffiliateProgramPage -->
        <test-method is-config="true" signature="setUp()[pri:0, instance:tests.affiliateProgramPageTests.AllPageChromeTests@5e2c3d18]" started-at="2023-09-08T11:04:47 EEST" name="setUp" finished-at="2023-09-08T11:04:47 EEST" duration-ms="0" status="PASS">
          <reporter-output>
          </reporter-output>
        </test-method> <!-- setUp -->
        <test-method signature="allFooterAffiliateProgramPage(java.lang.String,java.lang.String)[pri:8, instance:tests.affiliateProgramPageTests.AllPageChromeTests@5e2c3d18]" started-at="2023-09-08T11:04:54 EEST" name="allFooterAffiliateProgramPage" finished-at="2023-09-08T11:05:01 EEST" duration-ms="6250" status="PASS">
          <params>
            <param index="0">
              <value>
                <![CDATA[https://ai-mood.com/en/affiliate-program]]>
              </value>
            </param>
            <param index="1">
              <value>
                <![CDATA[Screenshots/]]>
              </value>
            </param>
          </params>
          <reporter-output>
          </reporter-output>
        </test-method> <!-- allFooterAffiliateProgramPage -->
        <test-method is-config="true" signature="setUp()[pri:0, instance:tests.affiliateProgramPageTests.AllPageChromeTests@5e2c3d18]" started-at="2023-09-08T11:04:54 EEST" name="setUp" finished-at="2023-09-08T11:04:54 EEST" duration-ms="0" status="PASS">
          <reporter-output>
          </reporter-output>
        </test-method> <!-- setUp -->
        <test-method is-config="true" signature="tearDown()[pri:0, instance:tests.affiliateProgramPageTests.AllPageChromeTests@5e2c3d18]" started-at="2023-09-08T11:05:01 EEST" name="tearDown" finished-at="2023-09-08T11:05:01 EEST" duration-ms="658" status="PASS">
          <reporter-output>
          </reporter-output>
        </test-method> <!-- tearDown -->
      </class> <!-- tests.affiliateProgramPageTests.AllPageChromeTests -->
      <class name="tests.tokenMoodPageTests.AllPageFirefoxTests">
        <test-method is-config="true" signature="setUp()[pri:0, instance:tests.tokenMoodPageTests.AllPageFirefoxTests@606e4010]" started-at="2023-09-08T11:00:33 EEST" name="setUp" finished-at="2023-09-08T11:00:36 EEST" duration-ms="2436" status="PASS">
          <reporter-output>
          </reporter-output>
        </test-method> <!-- setUp -->
        <test-method signature="allHeaderTokenMoodPage(java.lang.String,java.lang.String)[pri:1, instance:tests.tokenMoodPageTests.AllPageFirefoxTests@606e4010]" started-at="2023-09-08T11:00:36 EEST" name="allHeaderTokenMoodPage" finished-at="2023-09-08T11:00:45 EEST" duration-ms="8980" status="PASS">
          <params>
            <param index="0">
              <value>
                <![CDATA[https://ai-mood.com/en/token-mood]]>
              </value>
            </param>
            <param index="1">
              <value>
                <![CDATA[Screenshots/]]>
              </value>
            </param>
          </params>
          <reporter-output>
          </reporter-output>
        </test-method> <!-- allHeaderTokenMoodPage -->
        <test-method is-config="true" signature="setUp()[pri:0, instance:tests.tokenMoodPageTests.AllPageFirefoxTests@606e4010]" started-at="2023-09-08T11:00:45 EEST" name="setUp" finished-at="2023-09-08T11:00:45 EEST" duration-ms="0" status="PASS">
          <reporter-output>
          </reporter-output>
        </test-method> <!-- setUp -->
        <test-method signature="getStartedHeaderTokenMoodPage(java.lang.String,java.lang.String)[pri:2, instance:tests.tokenMoodPageTests.AllPageFirefoxTests@606e4010]" started-at="2023-09-08T11:00:45 EEST" name="getStartedHeaderTokenMoodPage" finished-at="2023-09-08T11:00:50 EEST" duration-ms="5101" status="PASS">
          <params>
            <param index="0">
              <value>
                <![CDATA[https://ai-mood.com/en/token-mood]]>
              </value>
            </param>
            <param index="1">
              <value>
                <![CDATA[Screenshots/]]>
              </value>
            </param>
          </params>
          <reporter-output>
          </reporter-output>
        </test-method> <!-- getStartedHeaderTokenMoodPage -->
        <test-method signature="learnHeaderTokenMoodPage(java.lang.String,java.lang.String)[pri:3, instance:tests.tokenMoodPageTests.AllPageFirefoxTests@606e4010]" started-at="2023-09-08T11:00:50 EEST" name="learnHeaderTokenMoodPage" finished-at="2023-09-08T11:00:55 EEST" duration-ms="5109" status="PASS">
          <params>
            <param index="0">
              <value>
                <![CDATA[https://ai-mood.com/en/token-mood]]>
              </value>
            </param>
            <param index="1">
              <value>
                <![CDATA[Screenshots/]]>
              </value>
            </param>
          </params>
          <reporter-output>
          </reporter-output>
        </test-method> <!-- learnHeaderTokenMoodPage -->
        <test-method is-config="true" signature="setUp()[pri:0, instance:tests.tokenMoodPageTests.AllPageFirefoxTests@606e4010]" started-at="2023-09-08T11:00:50 EEST" name="setUp" finished-at="2023-09-08T11:00:50 EEST" duration-ms="0" status="PASS">
          <reporter-output>
          </reporter-output>
        </test-method> <!-- setUp -->
        <test-method signature="resourcesHeaderTokenMoodPage(java.lang.String,java.lang.String)[pri:4, instance:tests.tokenMoodPageTests.AllPageFirefoxTests@606e4010]" started-at="2023-09-08T11:00:55 EEST" name="resourcesHeaderTokenMoodPage" finished-at="2023-09-08T11:01:00 EEST" duration-ms="5137" status="PASS">
          <params>
            <param index="0">
              <value>
                <![CDATA[https://ai-mood.com/en/token-mood]]>
              </value>
            </param>
            <param index="1">
              <value>
                <![CDATA[Screenshots/]]>
              </value>
            </param>
          </params>
          <reporter-output>
          </reporter-output>
        </test-method> <!-- resourcesHeaderTokenMoodPage -->
        <test-method is-config="true" signature="setUp()[pri:0, instance:tests.tokenMoodPageTests.AllPageFirefoxTests@606e4010]" started-at="2023-09-08T11:00:55 EEST" name="setUp" finished-at="2023-09-08T11:00:55 EEST" duration-ms="0" status="PASS">
          <reporter-output>
          </reporter-output>
        </test-method> <!-- setUp -->
        <test-method signature="mainSectionTokenMoodPage(java.lang.String,java.lang.String)[pri:6, instance:tests.tokenMoodPageTests.AllPageFirefoxTests@606e4010]" started-at="2023-09-08T11:01:00 EEST" name="mainSectionTokenMoodPage" finished-at="2023-09-08T11:01:07 EEST" duration-ms="6964" status="PASS">
          <params>
            <param index="0">
              <value>
                <![CDATA[https://ai-mood.com/en/token-mood]]>
              </value>
            </param>
            <param index="1">
              <value>
                <![CDATA[Screenshots/]]>
              </value>
            </param>
          </params>
          <reporter-output>
          </reporter-output>
        </test-method> <!-- mainSectionTokenMoodPage -->
        <test-method is-config="true" signature="setUp()[pri:0, instance:tests.tokenMoodPageTests.AllPageFirefoxTests@606e4010]" started-at="2023-09-08T11:01:00 EEST" name="setUp" finished-at="2023-09-08T11:01:00 EEST" duration-ms="0" status="PASS">
          <reporter-output>
          </reporter-output>
        </test-method> <!-- setUp -->
        <test-method signature="statisticsSectionTokenMoodPage(java.lang.String,java.lang.String)[pri:7, instance:tests.tokenMoodPageTests.AllPageFirefoxTests@606e4010]" started-at="2023-09-08T11:01:07 EEST" name="statisticsSectionTokenMoodPage" finished-at="2023-09-08T11:01:14 EEST" duration-ms="7390" status="PASS">
          <params>
            <param index="0">
              <value>
                <![CDATA[https://ai-mood.com/en/token-mood]]>
              </value>
            </param>
            <param index="1">
              <value>
                <![CDATA[Screenshots/]]>
              </value>
            </param>
          </params>
          <reporter-output>
          </reporter-output>
        </test-method> <!-- statisticsSectionTokenMoodPage -->
        <test-method is-config="true" signature="setUp()[pri:0, instance:tests.tokenMoodPageTests.AllPageFirefoxTests@606e4010]" started-at="2023-09-08T11:01:07 EEST" name="setUp" finished-at="2023-09-08T11:01:07 EEST" duration-ms="0" status="PASS">
          <reporter-output>
          </reporter-output>
        </test-method> <!-- setUp -->
        <test-method is-config="true" signature="setUp()[pri:0, instance:tests.tokenMoodPageTests.AllPageFirefoxTests@606e4010]" started-at="2023-09-08T11:01:14 EEST" name="setUp" finished-at="2023-09-08T11:01:14 EEST" duration-ms="1" status="PASS">
          <reporter-output>
          </reporter-output>
        </test-method> <!-- setUp -->
        <test-method signature="allFooterTokenMoodPage(java.lang.String,java.lang.String)[pri:8, instance:tests.tokenMoodPageTests.AllPageFirefoxTests@606e4010]" started-at="2023-09-08T11:01:14 EEST" name="allFooterTokenMoodPage" finished-at="2023-09-08T11:01:20 EEST" duration-ms="5982" status="PASS">
          <params>
            <param index="0">
              <value>
                <![CDATA[https://ai-mood.com/en/token-mood]]>
              </value>
            </param>
            <param index="1">
              <value>
                <![CDATA[Screenshots/]]>
              </value>
            </param>
          </params>
          <reporter-output>
          </reporter-output>
        </test-method> <!-- allFooterTokenMoodPage -->
        <test-method is-config="true" signature="tearDown()[pri:0, instance:tests.tokenMoodPageTests.AllPageFirefoxTests@606e4010]" started-at="2023-09-08T11:01:20 EEST" name="tearDown" finished-at="2023-09-08T11:01:22 EEST" duration-ms="1687" status="PASS">
          <reporter-output>
          </reporter-output>
        </test-method> <!-- tearDown -->
      </class> <!-- tests.tokenMoodPageTests.AllPageFirefoxTests -->
      <class name="tests.stakingPageTests.AllPageChromeTests">
        <test-method is-config="true" signature="setUp()[pri:0, instance:tests.stakingPageTests.AllPageChromeTests@645aa696]" started-at="2023-09-08T11:07:34 EEST" name="setUp" finished-at="2023-09-08T11:07:35 EEST" duration-ms="812" status="PASS">
          <reporter-output>
          </reporter-output>
        </test-method> <!-- setUp -->
        <test-method signature="allHeaderStakingPage(java.lang.String,java.lang.String)[pri:1, instance:tests.stakingPageTests.AllPageChromeTests@645aa696]" started-at="2023-09-08T11:07:35 EEST" name="allHeaderStakingPage" finished-at="2023-09-08T11:07:43 EEST" duration-ms="8795" status="PASS">
          <params>
            <param index="0">
              <value>
                <![CDATA[https://ai-mood.com/en/stake-delegate]]>
              </value>
            </param>
            <param index="1">
              <value>
                <![CDATA[Screenshots/]]>
              </value>
            </param>
          </params>
          <reporter-output>
          </reporter-output>
        </test-method> <!-- allHeaderStakingPage -->
        <test-method signature="getStartedHeaderStakingPage(java.lang.String,java.lang.String)[pri:2, instance:tests.stakingPageTests.AllPageChromeTests@645aa696]" started-at="2023-09-08T11:07:43 EEST" name="getStartedHeaderStakingPage" finished-at="2023-09-08T11:07:50 EEST" duration-ms="6291" status="PASS">
          <params>
            <param index="0">
              <value>
                <![CDATA[https://ai-mood.com/en/stake-delegate]]>
              </value>
            </param>
            <param index="1">
              <value>
                <![CDATA[Screenshots/]]>
              </value>
            </param>
          </params>
          <reporter-output>
          </reporter-output>
        </test-method> <!-- getStartedHeaderStakingPage -->
        <test-method is-config="true" signature="setUp()[pri:0, instance:tests.stakingPageTests.AllPageChromeTests@645aa696]" started-at="2023-09-08T11:07:43 EEST" name="setUp" finished-at="2023-09-08T11:07:43 EEST" duration-ms="0" status="PASS">
          <reporter-output>
          </reporter-output>
        </test-method> <!-- setUp -->
        <test-method signature="learnHeaderStakingPage(java.lang.String,java.lang.String)[pri:3, instance:tests.stakingPageTests.AllPageChromeTests@645aa696]" started-at="2023-09-08T11:07:50 EEST" name="learnHeaderStakingPage" finished-at="2023-09-08T11:07:56 EEST" duration-ms="6209" status="PASS">
          <params>
            <param index="0">
              <value>
                <![CDATA[https://ai-mood.com/en/stake-delegate]]>
              </value>
            </param>
            <param index="1">
              <value>
                <![CDATA[Screenshots/]]>
              </value>
            </param>
          </params>
          <reporter-output>
          </reporter-output>
        </test-method> <!-- learnHeaderStakingPage -->
        <test-method is-config="true" signature="setUp()[pri:0, instance:tests.stakingPageTests.AllPageChromeTests@645aa696]" started-at="2023-09-08T11:07:50 EEST" name="setUp" finished-at="2023-09-08T11:07:50 EEST" duration-ms="0" status="PASS">
          <reporter-output>
          </reporter-output>
        </test-method> <!-- setUp -->
        <test-method signature="resourcesHeaderStakingPage(java.lang.String,java.lang.String)[pri:4, instance:tests.stakingPageTests.AllPageChromeTests@645aa696]" started-at="2023-09-08T11:07:56 EEST" name="resourcesHeaderStakingPage" finished-at="2023-09-08T11:08:02 EEST" duration-ms="6203" status="PASS">
          <params>
            <param index="0">
              <value>
                <![CDATA[https://ai-mood.com/en/stake-delegate]]>
              </value>
            </param>
            <param index="1">
              <value>
                <![CDATA[Screenshots/]]>
              </value>
            </param>
          </params>
          <reporter-output>
          </reporter-output>
        </test-method> <!-- resourcesHeaderStakingPage -->
        <test-method is-config="true" signature="setUp()[pri:0, instance:tests.stakingPageTests.AllPageChromeTests@645aa696]" started-at="2023-09-08T11:07:56 EEST" name="setUp" finished-at="2023-09-08T11:07:56 EEST" duration-ms="0" status="PASS">
          <reporter-output>
          </reporter-output>
        </test-method> <!-- setUp -->
        <test-method signature="mainSectionStakingPage(java.lang.String,java.lang.String)[pri:6, instance:tests.stakingPageTests.AllPageChromeTests@645aa696]" started-at="2023-09-08T11:08:02 EEST" name="mainSectionStakingPage" finished-at="2023-09-08T11:08:09 EEST" duration-ms="7237" status="PASS">
          <params>
            <param index="0">
              <value>
                <![CDATA[https://ai-mood.com/en/stake-delegate]]>
              </value>
            </param>
            <param index="1">
              <value>
                <![CDATA[Screenshots/]]>
              </value>
            </param>
          </params>
          <reporter-output>
          </reporter-output>
        </test-method> <!-- mainSectionStakingPage -->
        <test-method is-config="true" signature="setUp()[pri:0, instance:tests.stakingPageTests.AllPageChromeTests@645aa696]" started-at="2023-09-08T11:08:02 EEST" name="setUp" finished-at="2023-09-08T11:08:02 EEST" duration-ms="0" status="PASS">
          <reporter-output>
          </reporter-output>
        </test-method> <!-- setUp -->
        <test-method signature="delegatedSectionStakingPage(java.lang.String,java.lang.String)[pri:7, instance:tests.stakingPageTests.AllPageChromeTests@645aa696]" started-at="2023-09-08T11:08:09 EEST" name="delegatedSectionStakingPage" finished-at="2023-09-08T11:08:19 EEST" duration-ms="9556" status="PASS">
          <params>
            <param index="0">
              <value>
                <![CDATA[https://ai-mood.com/en/stake-delegate]]>
              </value>
            </param>
            <param index="1">
              <value>
                <![CDATA[Screenshots/]]>
              </value>
            </param>
          </params>
          <reporter-output>
          </reporter-output>
        </test-method> <!-- delegatedSectionStakingPage -->
        <test-method is-config="true" signature="setUp()[pri:0, instance:tests.stakingPageTests.AllPageChromeTests@645aa696]" started-at="2023-09-08T11:08:09 EEST" name="setUp" finished-at="2023-09-08T11:08:09 EEST" duration-ms="0" status="PASS">
          <reporter-output>
          </reporter-output>
        </test-method> <!-- setUp -->
        <test-method signature="calcStakSectionStakingPage(java.lang.String,java.lang.String)[pri:8, instance:tests.stakingPageTests.AllPageChromeTests@645aa696]" started-at="2023-09-08T11:08:19 EEST" name="calcStakSectionStakingPage" finished-at="2023-09-08T11:08:29 EEST" duration-ms="9800" status="PASS">
          <params>
            <param index="0">
              <value>
                <![CDATA[https://ai-mood.com/en/stake-delegate]]>
              </value>
            </param>
            <param index="1">
              <value>
                <![CDATA[Screenshots/]]>
              </value>
            </param>
          </params>
          <reporter-output>
          </reporter-output>
        </test-method> <!-- calcStakSectionStakingPage -->
        <test-method is-config="true" signature="setUp()[pri:0, instance:tests.stakingPageTests.AllPageChromeTests@645aa696]" started-at="2023-09-08T11:08:19 EEST" name="setUp" finished-at="2023-09-08T11:08:19 EEST" duration-ms="0" status="PASS">
          <reporter-output>
          </reporter-output>
        </test-method> <!-- setUp -->
        <test-method signature="allFooterStakingPage(java.lang.String,java.lang.String)[pri:9, instance:tests.stakingPageTests.AllPageChromeTests@645aa696]" started-at="2023-09-08T11:08:29 EEST" name="allFooterStakingPage" finished-at="2023-09-08T11:08:35 EEST" duration-ms="6301" status="PASS">
          <params>
            <param index="0">
              <value>
                <![CDATA[https://ai-mood.com/en/stake-delegate]]>
              </value>
            </param>
            <param index="1">
              <value>
                <![CDATA[Screenshots/]]>
              </value>
            </param>
          </params>
          <reporter-output>
          </reporter-output>
        </test-method> <!-- allFooterStakingPage -->
        <test-method is-config="true" signature="setUp()[pri:0, instance:tests.stakingPageTests.AllPageChromeTests@645aa696]" started-at="2023-09-08T11:08:29 EEST" name="setUp" finished-at="2023-09-08T11:08:29 EEST" duration-ms="0" status="PASS">
          <reporter-output>
          </reporter-output>
        </test-method> <!-- setUp -->
        <test-method is-config="true" signature="tearDown()[pri:0, instance:tests.stakingPageTests.AllPageChromeTests@645aa696]" started-at="2023-09-08T11:08:35 EEST" name="tearDown" finished-at="2023-09-08T11:08:36 EEST" duration-ms="627" status="PASS">
          <reporter-output>
          </reporter-output>
        </test-method> <!-- tearDown -->
      </class> <!-- tests.stakingPageTests.AllPageChromeTests -->
      <class name="tests.walletPageTests.AllPageFirefoxTests">
        <test-method is-config="true" signature="setUp()[pri:0, instance:tests.walletPageTests.AllPageFirefoxTests@2cb4893b]" started-at="2023-09-08T11:05:01 EEST" name="setUp" finished-at="2023-09-08T11:05:04 EEST" duration-ms="2439" status="PASS">
          <reporter-output>
          </reporter-output>
        </test-method> <!-- setUp -->
        <test-method signature="allHeaderWalletPage(java.lang.String,java.lang.String)[pri:1, instance:tests.walletPageTests.AllPageFirefoxTests@2cb4893b]" started-at="2023-09-08T11:05:04 EEST" name="allHeaderWalletPage" finished-at="2023-09-08T11:05:12 EEST" duration-ms="8647" status="PASS">
          <params>
            <param index="0">
              <value>
                <![CDATA[https://ai-mood.com/en/the-aimood-wallet]]>
              </value>
            </param>
            <param index="1">
              <value>
                <![CDATA[Screenshots/]]>
              </value>
            </param>
          </params>
          <reporter-output>
          </reporter-output>
        </test-method> <!-- allHeaderWalletPage -->
        <test-method signature="getStartedHeaderWalletPage(java.lang.String,java.lang.String)[pri:2, instance:tests.walletPageTests.AllPageFirefoxTests@2cb4893b]" started-at="2023-09-08T11:05:12 EEST" name="getStartedHeaderWalletPage" finished-at="2023-09-08T11:05:18 EEST" duration-ms="5087" status="PASS">
          <params>
            <param index="0">
              <value>
                <![CDATA[https://ai-mood.com/en/the-aimood-wallet]]>
              </value>
            </param>
            <param index="1">
              <value>
                <![CDATA[Screenshots/]]>
              </value>
            </param>
          </params>
          <reporter-output>
          </reporter-output>
        </test-method> <!-- getStartedHeaderWalletPage -->
        <test-method is-config="true" signature="setUp()[pri:0, instance:tests.walletPageTests.AllPageFirefoxTests@2cb4893b]" started-at="2023-09-08T11:05:12 EEST" name="setUp" finished-at="2023-09-08T11:05:12 EEST" duration-ms="0" status="PASS">
          <reporter-output>
          </reporter-output>
        </test-method> <!-- setUp -->
        <test-method signature="learnHeaderWalletPage(java.lang.String,java.lang.String)[pri:3, instance:tests.walletPageTests.AllPageFirefoxTests@2cb4893b]" started-at="2023-09-08T11:05:18 EEST" name="learnHeaderWalletPage" finished-at="2023-09-08T11:05:23 EEST" duration-ms="5101" status="PASS">
          <params>
            <param index="0">
              <value>
                <![CDATA[https://ai-mood.com/en/the-aimood-wallet]]>
              </value>
            </param>
            <param index="1">
              <value>
                <![CDATA[Screenshots/]]>
              </value>
            </param>
          </params>
          <reporter-output>
          </reporter-output>
        </test-method> <!-- learnHeaderWalletPage -->
        <test-method is-config="true" signature="setUp()[pri:0, instance:tests.walletPageTests.AllPageFirefoxTests@2cb4893b]" started-at="2023-09-08T11:05:18 EEST" name="setUp" finished-at="2023-09-08T11:05:18 EEST" duration-ms="0" status="PASS">
          <reporter-output>
          </reporter-output>
        </test-method> <!-- setUp -->
        <test-method signature="resourcesHeaderWalletPage(java.lang.String,java.lang.String)[pri:4, instance:tests.walletPageTests.AllPageFirefoxTests@2cb4893b]" started-at="2023-09-08T11:05:23 EEST" name="resourcesHeaderWalletPage" finished-at="2023-09-08T11:05:28 EEST" duration-ms="5157" status="PASS">
          <params>
            <param index="0">
              <value>
                <![CDATA[https://ai-mood.com/en/the-aimood-wallet]]>
              </value>
            </param>
            <param index="1">
              <value>
                <![CDATA[Screenshots/]]>
              </value>
            </param>
          </params>
          <reporter-output>
          </reporter-output>
        </test-method> <!-- resourcesHeaderWalletPage -->
        <test-method is-config="true" signature="setUp()[pri:0, instance:tests.walletPageTests.AllPageFirefoxTests@2cb4893b]" started-at="2023-09-08T11:05:23 EEST" name="setUp" finished-at="2023-09-08T11:05:23 EEST" duration-ms="0" status="PASS">
          <reporter-output>
          </reporter-output>
        </test-method> <!-- setUp -->
        <test-method is-config="true" signature="setUp()[pri:0, instance:tests.walletPageTests.AllPageFirefoxTests@2cb4893b]" started-at="2023-09-08T11:05:28 EEST" name="setUp" finished-at="2023-09-08T11:05:28 EEST" duration-ms="1" status="PASS">
          <reporter-output>
          </reporter-output>
        </test-method> <!-- setUp -->
        <test-method signature="mainSectionWalletPage(java.lang.String,java.lang.String)[pri:6, instance:tests.walletPageTests.AllPageFirefoxTests@2cb4893b]" started-at="2023-09-08T11:05:28 EEST" name="mainSectionWalletPage" finished-at="2023-09-08T11:05:34 EEST" duration-ms="5917" status="PASS">
          <params>
            <param index="0">
              <value>
                <![CDATA[https://ai-mood.com/en/the-aimood-wallet]]>
              </value>
            </param>
            <param index="1">
              <value>
                <![CDATA[Screenshots/]]>
              </value>
            </param>
          </params>
          <reporter-output>
          </reporter-output>
        </test-method> <!-- mainSectionWalletPage -->
        <test-method signature="delegatedSectionWalletPage(java.lang.String,java.lang.String)[pri:7, instance:tests.walletPageTests.AllPageFirefoxTests@2cb4893b]" started-at="2023-09-08T11:05:34 EEST" name="delegatedSectionWalletPage" finished-at="2023-09-08T11:05:40 EEST" duration-ms="6177" status="PASS">
          <params>
            <param index="0">
              <value>
                <![CDATA[https://ai-mood.com/en/the-aimood-wallet]]>
              </value>
            </param>
            <param index="1">
              <value>
                <![CDATA[Screenshots/]]>
              </value>
            </param>
          </params>
          <reporter-output>
          </reporter-output>
        </test-method> <!-- delegatedSectionWalletPage -->
        <test-method is-config="true" signature="setUp()[pri:0, instance:tests.walletPageTests.AllPageFirefoxTests@2cb4893b]" started-at="2023-09-08T11:05:34 EEST" name="setUp" finished-at="2023-09-08T11:05:34 EEST" duration-ms="0" status="PASS">
          <reporter-output>
          </reporter-output>
        </test-method> <!-- setUp -->
        <test-method signature="allFooterWalletPage(java.lang.String,java.lang.String)[pri:8, instance:tests.walletPageTests.AllPageFirefoxTests@2cb4893b]" started-at="2023-09-08T11:05:40 EEST" name="allFooterWalletPage" finished-at="2023-09-08T11:05:46 EEST" duration-ms="5988" status="PASS">
          <params>
            <param index="0">
              <value>
                <![CDATA[https://ai-mood.com/en/the-aimood-wallet]]>
              </value>
            </param>
            <param index="1">
              <value>
                <![CDATA[Screenshots/]]>
              </value>
            </param>
          </params>
          <reporter-output>
          </reporter-output>
        </test-method> <!-- allFooterWalletPage -->
        <test-method is-config="true" signature="setUp()[pri:0, instance:tests.walletPageTests.AllPageFirefoxTests@2cb4893b]" started-at="2023-09-08T11:05:40 EEST" name="setUp" finished-at="2023-09-08T11:05:40 EEST" duration-ms="0" status="PASS">
          <reporter-output>
          </reporter-output>
        </test-method> <!-- setUp -->
        <test-method is-config="true" signature="tearDown()[pri:0, instance:tests.walletPageTests.AllPageFirefoxTests@2cb4893b]" started-at="2023-09-08T11:05:46 EEST" name="tearDown" finished-at="2023-09-08T11:05:47 EEST" duration-ms="1475" status="PASS">
          <reporter-output>
          </reporter-output>
        </test-method> <!-- tearDown -->
      </class> <!-- tests.walletPageTests.AllPageFirefoxTests -->
      <class name="tests.fundPageTests.AllPageFirefoxTests">
        <test-method is-config="true" signature="setUp()[pri:0, instance:tests.fundPageTests.AllPageFirefoxTests@48075da3]" started-at="2023-09-08T11:02:08 EEST" name="setUp" finished-at="2023-09-08T11:02:11 EEST" duration-ms="2409" status="PASS">
          <reporter-output>
          </reporter-output>
        </test-method> <!-- setUp -->
        <test-method signature="allHeaderFundPage(java.lang.String,java.lang.String)[pri:1, instance:tests.fundPageTests.AllPageFirefoxTests@48075da3]" started-at="2023-09-08T11:02:11 EEST" name="allHeaderFundPage" finished-at="2023-09-08T11:02:18 EEST" duration-ms="7771" status="PASS">
          <params>
            <param index="0">
              <value>
                <![CDATA[https://ai-mood.com/en/fund]]>
              </value>
            </param>
            <param index="1">
              <value>
                <![CDATA[Screenshots/]]>
              </value>
            </param>
          </params>
          <reporter-output>
          </reporter-output>
        </test-method> <!-- allHeaderFundPage -->
        <test-method signature="getStartedHeaderFundPage(java.lang.String,java.lang.String)[pri:2, instance:tests.fundPageTests.AllPageFirefoxTests@48075da3]" started-at="2023-09-08T11:02:18 EEST" name="getStartedHeaderFundPage" finished-at="2023-09-08T11:02:24 EEST" duration-ms="5110" status="PASS">
          <params>
            <param index="0">
              <value>
                <![CDATA[https://ai-mood.com/en/fund]]>
              </value>
            </param>
            <param index="1">
              <value>
                <![CDATA[Screenshots/]]>
              </value>
            </param>
          </params>
          <reporter-output>
          </reporter-output>
        </test-method> <!-- getStartedHeaderFundPage -->
        <test-method is-config="true" signature="setUp()[pri:0, instance:tests.fundPageTests.AllPageFirefoxTests@48075da3]" started-at="2023-09-08T11:02:18 EEST" name="setUp" finished-at="2023-09-08T11:02:18 EEST" duration-ms="0" status="PASS">
          <reporter-output>
          </reporter-output>
        </test-method> <!-- setUp -->
        <test-method signature="learnHeaderFundPage(java.lang.String,java.lang.String)[pri:3, instance:tests.fundPageTests.AllPageFirefoxTests@48075da3]" started-at="2023-09-08T11:02:24 EEST" name="learnHeaderFundPage" finished-at="2023-09-08T11:02:29 EEST" duration-ms="5111" status="PASS">
          <params>
            <param index="0">
              <value>
                <![CDATA[https://ai-mood.com/en/fund]]>
              </value>
            </param>
            <param index="1">
              <value>
                <![CDATA[Screenshots/]]>
              </value>
            </param>
          </params>
          <reporter-output>
          </reporter-output>
        </test-method> <!-- learnHeaderFundPage -->
        <test-method is-config="true" signature="setUp()[pri:0, instance:tests.fundPageTests.AllPageFirefoxTests@48075da3]" started-at="2023-09-08T11:02:24 EEST" name="setUp" finished-at="2023-09-08T11:02:24 EEST" duration-ms="0" status="PASS">
          <reporter-output>
          </reporter-output>
        </test-method> <!-- setUp -->
        <test-method is-config="true" signature="setUp()[pri:0, instance:tests.fundPageTests.AllPageFirefoxTests@48075da3]" started-at="2023-09-08T11:02:29 EEST" name="setUp" finished-at="2023-09-08T11:02:29 EEST" duration-ms="1" status="PASS">
          <reporter-output>
          </reporter-output>
        </test-method> <!-- setUp -->
        <test-method signature="resourcesHeaderFundPage(java.lang.String,java.lang.String)[pri:4, instance:tests.fundPageTests.AllPageFirefoxTests@48075da3]" started-at="2023-09-08T11:02:29 EEST" name="resourcesHeaderFundPage" finished-at="2023-09-08T11:02:34 EEST" duration-ms="5158" status="PASS">
          <params>
            <param index="0">
              <value>
                <![CDATA[https://ai-mood.com/en/fund]]>
              </value>
            </param>
            <param index="1">
              <value>
                <![CDATA[Screenshots/]]>
              </value>
            </param>
          </params>
          <reporter-output>
          </reporter-output>
        </test-method> <!-- resourcesHeaderFundPage -->
        <test-method is-config="true" signature="setUp()[pri:0, instance:tests.fundPageTests.AllPageFirefoxTests@48075da3]" started-at="2023-09-08T11:02:34 EEST" name="setUp" finished-at="2023-09-08T11:02:34 EEST" duration-ms="1" status="PASS">
          <reporter-output>
          </reporter-output>
        </test-method> <!-- setUp -->
        <test-method signature="mainSectionFundPage(java.lang.String,java.lang.String)[pri:6, instance:tests.fundPageTests.AllPageFirefoxTests@48075da3]" started-at="2023-09-08T11:02:34 EEST" name="mainSectionFundPage" finished-at="2023-09-08T11:02:41 EEST" duration-ms="6922" status="PASS">
          <params>
            <param index="0">
              <value>
                <![CDATA[https://ai-mood.com/en/fund]]>
              </value>
            </param>
            <param index="1">
              <value>
                <![CDATA[Screenshots/]]>
              </value>
            </param>
          </params>
          <reporter-output>
          </reporter-output>
        </test-method> <!-- mainSectionFundPage -->
        <test-method signature="allFooterFundPage(java.lang.String,java.lang.String)[pri:7, instance:tests.fundPageTests.AllPageFirefoxTests@48075da3]" started-at="2023-09-08T11:02:41 EEST" name="allFooterFundPage" finished-at="2023-09-08T11:02:47 EEST" duration-ms="5959" status="PASS">
          <params>
            <param index="0">
              <value>
                <![CDATA[https://ai-mood.com/en/fund]]>
              </value>
            </param>
            <param index="1">
              <value>
                <![CDATA[Screenshots/]]>
              </value>
            </param>
          </params>
          <reporter-output>
          </reporter-output>
        </test-method> <!-- allFooterFundPage -->
        <test-method is-config="true" signature="setUp()[pri:0, instance:tests.fundPageTests.AllPageFirefoxTests@48075da3]" started-at="2023-09-08T11:02:41 EEST" name="setUp" finished-at="2023-09-08T11:02:41 EEST" duration-ms="0" status="PASS">
          <reporter-output>
          </reporter-output>
        </test-method> <!-- setUp -->
        <test-method is-config="true" signature="tearDown()[pri:0, instance:tests.fundPageTests.AllPageFirefoxTests@48075da3]" started-at="2023-09-08T11:02:47 EEST" name="tearDown" finished-at="2023-09-08T11:02:48 EEST" duration-ms="1356" status="PASS">
          <reporter-output>
          </reporter-output>
        </test-method> <!-- tearDown -->
      </class> <!-- tests.fundPageTests.AllPageFirefoxTests -->
      <class name="tests.buySellMoodCoinTests.AllPageFirefoxTests">
        <test-method is-config="true" signature="setUp()[pri:0, instance:tests.buySellMoodCoinTests.AllPageFirefoxTests@909217e]" started-at="2023-09-08T10:59:17 EEST" name="setUp" finished-at="2023-09-08T10:59:20 EEST" duration-ms="2569" status="PASS">
          <reporter-output>
          </reporter-output>
        </test-method> <!-- setUp -->
        <test-method signature="allHeaderBuySellMoodCoinPage(java.lang.String,java.lang.String)[pri:1, instance:tests.buySellMoodCoinTests.AllPageFirefoxTests@909217e]" started-at="2023-09-08T10:59:20 EEST" name="allHeaderBuySellMoodCoinPage" finished-at="2023-09-08T10:59:26 EEST" duration-ms="6873" status="PASS">
          <params>
            <param index="0">
              <value>
                <![CDATA[https://ai-mood.com/en/buy-sell-aimood-coin]]>
              </value>
            </param>
            <param index="1">
              <value>
                <![CDATA[Screenshots/]]>
              </value>
            </param>
          </params>
          <reporter-output>
          </reporter-output>
        </test-method> <!-- allHeaderBuySellMoodCoinPage -->
        <test-method is-config="true" signature="setUp()[pri:0, instance:tests.buySellMoodCoinTests.AllPageFirefoxTests@909217e]" started-at="2023-09-08T10:59:26 EEST" name="setUp" finished-at="2023-09-08T10:59:26 EEST" duration-ms="1" status="PASS">
          <reporter-output>
          </reporter-output>
        </test-method> <!-- setUp -->
        <test-method signature="getStartedHeaderBuySellMoodCoinPage(java.lang.String,java.lang.String)[pri:2, instance:tests.buySellMoodCoinTests.AllPageFirefoxTests@909217e]" started-at="2023-09-08T10:59:26 EEST" name="getStartedHeaderBuySellMoodCoinPage" finished-at="2023-09-08T10:59:31 EEST" duration-ms="5103" status="PASS">
          <params>
            <param index="0">
              <value>
                <![CDATA[https://ai-mood.com/en/buy-sell-aimood-coin]]>
              </value>
            </param>
            <param index="1">
              <value>
                <![CDATA[Screenshots/]]>
              </value>
            </param>
          </params>
          <reporter-output>
          </reporter-output>
        </test-method> <!-- getStartedHeaderBuySellMoodCoinPage -->
        <test-method is-config="true" signature="setUp()[pri:0, instance:tests.buySellMoodCoinTests.AllPageFirefoxTests@909217e]" started-at="2023-09-08T10:59:31 EEST" name="setUp" finished-at="2023-09-08T10:59:31 EEST" duration-ms="1" status="PASS">
          <reporter-output>
          </reporter-output>
        </test-method> <!-- setUp -->
        <test-method signature="learnHeaderBuySellMoodCoinPage(java.lang.String,java.lang.String)[pri:3, instance:tests.buySellMoodCoinTests.AllPageFirefoxTests@909217e]" started-at="2023-09-08T10:59:31 EEST" name="learnHeaderBuySellMoodCoinPage" finished-at="2023-09-08T10:59:37 EEST" duration-ms="5109" status="PASS">
          <params>
            <param index="0">
              <value>
                <![CDATA[https://ai-mood.com/en/buy-sell-aimood-coin]]>
              </value>
            </param>
            <param index="1">
              <value>
                <![CDATA[Screenshots/]]>
              </value>
            </param>
          </params>
          <reporter-output>
          </reporter-output>
        </test-method> <!-- learnHeaderBuySellMoodCoinPage -->
        <test-method signature="resourcesHeaderBuySellMoodCoinPage(java.lang.String,java.lang.String)[pri:4, instance:tests.buySellMoodCoinTests.AllPageFirefoxTests@909217e]" started-at="2023-09-08T10:59:37 EEST" name="resourcesHeaderBuySellMoodCoinPage" finished-at="2023-09-08T10:59:42 EEST" duration-ms="5145" status="PASS">
          <params>
            <param index="0">
              <value>
                <![CDATA[https://ai-mood.com/en/buy-sell-aimood-coin]]>
              </value>
            </param>
            <param index="1">
              <value>
                <![CDATA[Screenshots/]]>
              </value>
            </param>
          </params>
          <reporter-output>
          </reporter-output>
        </test-method> <!-- resourcesHeaderBuySellMoodCoinPage -->
        <test-method is-config="true" signature="setUp()[pri:0, instance:tests.buySellMoodCoinTests.AllPageFirefoxTests@909217e]" started-at="2023-09-08T10:59:37 EEST" name="setUp" finished-at="2023-09-08T10:59:37 EEST" duration-ms="0" status="PASS">
          <reporter-output>
          </reporter-output>
        </test-method> <!-- setUp -->
        <test-method is-config="true" signature="setUp()[pri:0, instance:tests.buySellMoodCoinTests.AllPageFirefoxTests@909217e]" started-at="2023-09-08T10:59:42 EEST" name="setUp" finished-at="2023-09-08T10:59:42 EEST" duration-ms="1" status="PASS">
          <reporter-output>
          </reporter-output>
        </test-method> <!-- setUp -->
        <test-method signature="mainSectionBuySellMoodCoinPage(java.lang.String,java.lang.String)[pri:6, instance:tests.buySellMoodCoinTests.AllPageFirefoxTests@909217e]" started-at="2023-09-08T10:59:42 EEST" name="mainSectionBuySellMoodCoinPage" finished-at="2023-09-08T10:59:49 EEST" duration-ms="6882" status="PASS">
          <params>
            <param index="0">
              <value>
                <![CDATA[https://ai-mood.com/en/buy-sell-aimood-coin]]>
              </value>
            </param>
            <param index="1">
              <value>
                <![CDATA[Screenshots/]]>
              </value>
            </param>
          </params>
          <reporter-output>
          </reporter-output>
        </test-method> <!-- mainSectionBuySellMoodCoinPage -->
        <test-method signature="allFooterBuySellMoodCoinPage(java.lang.String,java.lang.String)[pri:7, instance:tests.buySellMoodCoinTests.AllPageFirefoxTests@909217e]" started-at="2023-09-08T10:59:49 EEST" name="allFooterBuySellMoodCoinPage" finished-at="2023-09-08T10:59:55 EEST" duration-ms="5947" status="PASS">
          <params>
            <param index="0">
              <value>
                <![CDATA[https://ai-mood.com/en/buy-sell-aimood-coin]]>
              </value>
            </param>
            <param index="1">
              <value>
                <![CDATA[Screenshots/]]>
              </value>
            </param>
          </params>
          <reporter-output>
          </reporter-output>
        </test-method> <!-- allFooterBuySellMoodCoinPage -->
        <test-method is-config="true" signature="setUp()[pri:0, instance:tests.buySellMoodCoinTests.AllPageFirefoxTests@909217e]" started-at="2023-09-08T10:59:49 EEST" name="setUp" finished-at="2023-09-08T10:59:49 EEST" duration-ms="0" status="PASS">
          <reporter-output>
          </reporter-output>
        </test-method> <!-- setUp -->
        <test-method is-config="true" signature="tearDown()[pri:0, instance:tests.buySellMoodCoinTests.AllPageFirefoxTests@909217e]" started-at="2023-09-08T10:59:55 EEST" name="tearDown" finished-at="2023-09-08T10:59:56 EEST" duration-ms="1215" status="PASS">
          <reporter-output>
          </reporter-output>
        </test-method> <!-- tearDown -->
      </class> <!-- tests.buySellMoodCoinTests.AllPageFirefoxTests -->
      <class name="tests.walletPageTests.AllPageChromeTests">
        <test-method is-config="true" signature="setUp()[pri:0, instance:tests.walletPageTests.AllPageChromeTests@cc43f62]" started-at="2023-09-08T11:05:47 EEST" name="setUp" finished-at="2023-09-08T11:05:48 EEST" duration-ms="798" status="PASS">
          <reporter-output>
          </reporter-output>
        </test-method> <!-- setUp -->
        <test-method signature="allHeaderWalletPage(java.lang.String,java.lang.String)[pri:1, instance:tests.walletPageTests.AllPageChromeTests@cc43f62]" started-at="2023-09-08T11:05:48 EEST" name="allHeaderWalletPage" finished-at="2023-09-08T11:05:56 EEST" duration-ms="7701" status="PASS">
          <params>
            <param index="0">
              <value>
                <![CDATA[https://ai-mood.com/en/the-aimood-wallet]]>
              </value>
            </param>
            <param index="1">
              <value>
                <![CDATA[Screenshots/]]>
              </value>
            </param>
          </params>
          <reporter-output>
          </reporter-output>
        </test-method> <!-- allHeaderWalletPage -->
        <test-method is-config="true" signature="setUp()[pri:0, instance:tests.walletPageTests.AllPageChromeTests@cc43f62]" started-at="2023-09-08T11:05:56 EEST" name="setUp" finished-at="2023-09-08T11:05:56 EEST" duration-ms="0" status="PASS">
          <reporter-output>
          </reporter-output>
        </test-method> <!-- setUp -->
        <test-method signature="getStartedHeaderWalletPage(java.lang.String,java.lang.String)[pri:2, instance:tests.walletPageTests.AllPageChromeTests@cc43f62]" started-at="2023-09-08T11:05:56 EEST" name="getStartedHeaderWalletPage" finished-at="2023-09-08T11:06:01 EEST" duration-ms="5323" status="PASS">
          <params>
            <param index="0">
              <value>
                <![CDATA[https://ai-mood.com/en/the-aimood-wallet]]>
              </value>
            </param>
            <param index="1">
              <value>
                <![CDATA[Screenshots/]]>
              </value>
            </param>
          </params>
          <reporter-output>
          </reporter-output>
        </test-method> <!-- getStartedHeaderWalletPage -->
        <test-method is-config="true" signature="setUp()[pri:0, instance:tests.walletPageTests.AllPageChromeTests@cc43f62]" started-at="2023-09-08T11:06:01 EEST" name="setUp" finished-at="2023-09-08T11:06:01 EEST" duration-ms="1" status="PASS">
          <reporter-output>
          </reporter-output>
        </test-method> <!-- setUp -->
        <test-method signature="learnHeaderWalletPage(java.lang.String,java.lang.String)[pri:3, instance:tests.walletPageTests.AllPageChromeTests@cc43f62]" started-at="2023-09-08T11:06:01 EEST" name="learnHeaderWalletPage" finished-at="2023-09-08T11:06:06 EEST" duration-ms="5282" status="PASS">
          <params>
            <param index="0">
              <value>
                <![CDATA[https://ai-mood.com/en/the-aimood-wallet]]>
              </value>
            </param>
            <param index="1">
              <value>
                <![CDATA[Screenshots/]]>
              </value>
            </param>
          </params>
          <reporter-output>
          </reporter-output>
        </test-method> <!-- learnHeaderWalletPage -->
        <test-method signature="resourcesHeaderWalletPage(java.lang.String,java.lang.String)[pri:4, instance:tests.walletPageTests.AllPageChromeTests@cc43f62]" started-at="2023-09-08T11:06:06 EEST" name="resourcesHeaderWalletPage" finished-at="2023-09-08T11:06:12 EEST" duration-ms="5337" status="PASS">
          <params>
            <param index="0">
              <value>
                <![CDATA[https://ai-mood.com/en/the-aimood-wallet]]>
              </value>
            </param>
            <param index="1">
              <value>
                <![CDATA[Screenshots/]]>
              </value>
            </param>
          </params>
          <reporter-output>
          </reporter-output>
        </test-method> <!-- resourcesHeaderWalletPage -->
        <test-method is-config="true" signature="setUp()[pri:0, instance:tests.walletPageTests.AllPageChromeTests@cc43f62]" started-at="2023-09-08T11:06:06 EEST" name="setUp" finished-at="2023-09-08T11:06:06 EEST" duration-ms="0" status="PASS">
          <reporter-output>
          </reporter-output>
        </test-method> <!-- setUp -->
        <test-method is-config="true" signature="setUp()[pri:0, instance:tests.walletPageTests.AllPageChromeTests@cc43f62]" started-at="2023-09-08T11:06:12 EEST" name="setUp" finished-at="2023-09-08T11:06:12 EEST" duration-ms="1" status="PASS">
          <reporter-output>
          </reporter-output>
        </test-method> <!-- setUp -->
        <test-method signature="mainSectionWalletPage(java.lang.String,java.lang.String)[pri:6, instance:tests.walletPageTests.AllPageChromeTests@cc43f62]" started-at="2023-09-08T11:06:12 EEST" name="mainSectionWalletPage" finished-at="2023-09-08T11:06:18 EEST" duration-ms="6209" status="PASS">
          <params>
            <param index="0">
              <value>
                <![CDATA[https://ai-mood.com/en/the-aimood-wallet]]>
              </value>
            </param>
            <param index="1">
              <value>
                <![CDATA[Screenshots/]]>
              </value>
            </param>
          </params>
          <reporter-output>
          </reporter-output>
        </test-method> <!-- mainSectionWalletPage -->
        <test-method is-config="true" signature="setUp()[pri:0, instance:tests.walletPageTests.AllPageChromeTests@cc43f62]" started-at="2023-09-08T11:06:18 EEST" name="setUp" finished-at="2023-09-08T11:06:18 EEST" duration-ms="1" status="PASS">
          <reporter-output>
          </reporter-output>
        </test-method> <!-- setUp -->
        <test-method signature="delegatedSectionWalletPage(java.lang.String,java.lang.String)[pri:7, instance:tests.walletPageTests.AllPageChromeTests@cc43f62]" started-at="2023-09-08T11:06:18 EEST" name="delegatedSectionWalletPage" finished-at="2023-09-08T11:06:25 EEST" duration-ms="6556" status="PASS">
          <params>
            <param index="0">
              <value>
                <![CDATA[https://ai-mood.com/en/the-aimood-wallet]]>
              </value>
            </param>
            <param index="1">
              <value>
                <![CDATA[Screenshots/]]>
              </value>
            </param>
          </params>
          <reporter-output>
          </reporter-output>
        </test-method> <!-- delegatedSectionWalletPage -->
        <test-method is-config="true" signature="setUp()[pri:0, instance:tests.walletPageTests.AllPageChromeTests@cc43f62]" started-at="2023-09-08T11:06:25 EEST" name="setUp" finished-at="2023-09-08T11:06:25 EEST" duration-ms="1" status="PASS">
          <reporter-output>
          </reporter-output>
        </test-method> <!-- setUp -->
        <test-method signature="allFooterWalletPage(java.lang.String,java.lang.String)[pri:8, instance:tests.walletPageTests.AllPageChromeTests@cc43f62]" started-at="2023-09-08T11:06:25 EEST" name="allFooterWalletPage" finished-at="2023-09-08T11:06:31 EEST" duration-ms="6235" status="PASS">
          <params>
            <param index="0">
              <value>
                <![CDATA[https://ai-mood.com/en/the-aimood-wallet]]>
              </value>
            </param>
            <param index="1">
              <value>
                <![CDATA[Screenshots/]]>
              </value>
            </param>
          </params>
          <reporter-output>
          </reporter-output>
[...]
          <params>
            <param index="0">
              <value>
                <![CDATA[https://ai-mood.com/en/]]>
              </value>
            </param>
            <param index="1">
              <value>
                <![CDATA[Screenshots/]]>
              </value>
            </param>
          </params>
          <reporter-output>
          </reporter-output>
        </test-method> <!-- learnHeaderMainPage -->
        <test-method is-config="true" signature="setUp()[pri:0, instance:tests.mainPageTests.AllPageFirefoxTests@26d9b808]" started-at="2023-09-08T10:55:07 EEST" name="setUp" finished-at="2023-09-08T10:55:07 EEST" duration-ms="0" status="PASS">
          <reporter-output>
          </reporter-output>
        </test-method> <!-- setUp -->
        <test-method signature="resourcesHeaderMainPage(java.lang.String,java.lang.String)[pri:4, instance:tests.mainPageTests.AllPageFirefoxTests@26d9b808]" started-at="2023-09-08T10:55:12 EEST" name="resourcesHeaderMainPage" finished-at="2023-09-08T10:55:18 EEST" duration-ms="5628" status="PASS">
          <params>
            <param index="0">
              <value>
                <![CDATA[https://ai-mood.com/en/]]>
              </value>
            </param>
            <param index="1">
              <value>
                <![CDATA[Screenshots/]]>
              </value>
            </param>
          </params>
          <reporter-output>
          </reporter-output>
        </test-method> <!-- resourcesHeaderMainPage -->
        <test-method is-config="true" signature="setUp()[pri:0, instance:tests.mainPageTests.AllPageFirefoxTests@26d9b808]" started-at="2023-09-08T10:55:12 EEST" name="setUp" finished-at="2023-09-08T10:55:12 EEST" duration-ms="0" status="PASS">
          <reporter-output>
          </reporter-output>
        </test-method> <!-- setUp -->
        <test-method signature="mainSectionMainPage(java.lang.String,java.lang.String)[pri:6, instance:tests.mainPageTests.AllPageFirefoxTests@26d9b808]" started-at="2023-09-08T10:55:18 EEST" name="mainSectionMainPage" finished-at="2023-09-08T10:55:24 EEST" duration-ms="6106" status="PASS">
          <params>
            <param index="0">
              <value>
                <![CDATA[https://ai-mood.com/en/]]>
              </value>
            </param>
            <param index="1">
              <value>
                <![CDATA[Screenshots/]]>
              </value>
            </param>
          </params>
          <reporter-output>
          </reporter-output>
        </test-method> <!-- mainSectionMainPage -->
        <test-method is-config="true" signature="setUp()[pri:0, instance:tests.mainPageTests.AllPageFirefoxTests@26d9b808]" started-at="2023-09-08T10:55:18 EEST" name="setUp" finished-at="2023-09-08T10:55:18 EEST" duration-ms="0" status="PASS">
          <reporter-output>
          </reporter-output>
        </test-method> <!-- setUp -->
        <test-method is-config="true" signature="setUp()[pri:0, instance:tests.mainPageTests.AllPageFirefoxTests@26d9b808]" started-at="2023-09-08T10:55:24 EEST" name="setUp" finished-at="2023-09-08T10:55:24 EEST" duration-ms="1" status="PASS">
          <reporter-output>
          </reporter-output>
        </test-method> <!-- setUp -->
        <test-method signature="videoSectionMainPage(java.lang.String,java.lang.String)[pri:7, instance:tests.mainPageTests.AllPageFirefoxTests@26d9b808]" started-at="2023-09-08T10:55:24 EEST" name="videoSectionMainPage" finished-at="2023-09-08T10:55:30 EEST" duration-ms="6414" status="PASS">
          <params>
            <param index="0">
              <value>
                <![CDATA[https://ai-mood.com/en/]]>
              </value>
            </param>
            <param index="1">
              <value>
                <![CDATA[Screenshots/]]>
              </value>
            </param>
          </params>
          <reporter-output>
          </reporter-output>
        </test-method> <!-- videoSectionMainPage -->
        <test-method signature="roadmapSectionMainPage(java.lang.String,java.lang.String)[pri:8, instance:tests.mainPageTests.AllPageFirefoxTests@26d9b808]" started-at="2023-09-08T10:55:30 EEST" name="roadmapSectionMainPage" finished-at="2023-09-08T10:55:37 EEST" duration-ms="6598" status="PASS">
          <params>
            <param index="0">
              <value>
                <![CDATA[https://ai-mood.com/en/]]>
              </value>
            </param>
            <param index="1">
              <value>
                <![CDATA[Screenshots/]]>
              </value>
            </param>
          </params>
          <reporter-output>
          </reporter-output>
        </test-method> <!-- roadmapSectionMainPage -->
        <test-method is-config="true" signature="setUp()[pri:0, instance:tests.mainPageTests.AllPageFirefoxTests@26d9b808]" started-at="2023-09-08T10:55:30 EEST" name="setUp" finished-at="2023-09-08T10:55:30 EEST" duration-ms="0" status="PASS">
          <reporter-output>
          </reporter-output>
        </test-method> <!-- setUp -->
        <test-method is-config="true" signature="setUp()[pri:0, instance:tests.mainPageTests.AllPageFirefoxTests@26d9b808]" started-at="2023-09-08T10:55:37 EEST" name="setUp" finished-at="2023-09-08T10:55:37 EEST" duration-ms="1" status="PASS">
          <reporter-output>
          </reporter-output>
        </test-method> <!-- setUp -->
        <test-method signature="statisticsSectionMainPage(java.lang.String,java.lang.String)[pri:9, instance:tests.mainPageTests.AllPageFirefoxTests@26d9b808]" started-at="2023-09-08T10:55:37 EEST" name="statisticsSectionMainPage" finished-at="2023-09-08T10:55:43 EEST" duration-ms="6358" status="PASS">
          <params>
            <param index="0">
              <value>
                <![CDATA[https://ai-mood.com/en/]]>
              </value>
            </param>
            <param index="1">
              <value>
                <![CDATA[Screenshots/]]>
              </value>
            </param>
          </params>
          <reporter-output>
          </reporter-output>
        </test-method> <!-- statisticsSectionMainPage -->
        <test-method is-config="true" signature="setUp()[pri:0, instance:tests.mainPageTests.AllPageFirefoxTests@26d9b808]" started-at="2023-09-08T10:55:43 EEST" name="setUp" finished-at="2023-09-08T10:55:43 EEST" duration-ms="1" status="PASS">
          <reporter-output>
          </reporter-output>
        </test-method> <!-- setUp -->
        <test-method signature="leaningSectionMainPage(java.lang.String,java.lang.String)[pri:10, instance:tests.mainPageTests.AllPageFirefoxTests@26d9b808]" started-at="2023-09-08T10:55:43 EEST" name="leaningSectionMainPage" finished-at="2023-09-08T10:55:49 EEST" duration-ms="6355" status="PASS">
          <params>
            <param index="0">
              <value>
                <![CDATA[https://ai-mood.com/en/]]>
              </value>
            </param>
            <param index="1">
              <value>
                <![CDATA[Screenshots/]]>
              </value>
            </param>
          </params>
          <reporter-output>
          </reporter-output>
        </test-method> <!-- leaningSectionMainPage -->
        <test-method is-config="true" signature="setUp()[pri:0, instance:tests.mainPageTests.AllPageFirefoxTests@26d9b808]" started-at="2023-09-08T10:55:49 EEST" name="setUp" finished-at="2023-09-08T10:55:49 EEST" duration-ms="1" status="PASS">
          <reporter-output>
          </reporter-output>
        </test-method> <!-- setUp -->
        <test-method signature="allFooterMainPage(java.lang.String,java.lang.String)[pri:11, instance:tests.mainPageTests.AllPageFirefoxTests@26d9b808]" started-at="2023-09-08T10:55:49 EEST" name="allFooterMainPage" finished-at="2023-09-08T10:55:56 EEST" duration-ms="6398" status="PASS">
          <params>
            <param index="0">
              <value>
                <![CDATA[https://ai-mood.com/en/]]>
              </value>
            </param>
            <param index="1">
              <value>
                <![CDATA[Screenshots/]]>
              </value>
            </param>
          </params>
          <reporter-output>
          </reporter-output>
        </test-method> <!-- allFooterMainPage -->
        <test-method is-config="true" signature="tearDown()[pri:0, instance:tests.mainPageTests.AllPageFirefoxTests@26d9b808]" started-at="2023-09-08T10:55:56 EEST" name="tearDown" finished-at="2023-09-08T10:55:57 EEST" duration-ms="1553" status="PASS">
          <reporter-output>
          </reporter-output>
        </test-method> <!-- tearDown -->
      </class> <!-- tests.mainPageTests.AllPageFirefoxTests -->
      <class name="tests.mainPageTests.AllPageChromeTests">
        <test-method is-config="true" signature="setUp()[pri:0, instance:tests.mainPageTests.AllPageChromeTests@72cc7e6f]" started-at="2023-09-08T10:55:57 EEST" name="setUp" finished-at="2023-09-08T10:55:58 EEST" duration-ms="877" status="PASS">
          <reporter-output>
          </reporter-output>
        </test-method> <!-- setUp -->
        <test-method signature="allHeaderMainPage(java.lang.String,java.lang.String)[pri:1, instance:tests.mainPageTests.AllPageChromeTests@72cc7e6f]" started-at="2023-09-08T10:55:58 EEST" name="allHeaderMainPage" finished-at="2023-09-08T10:56:12 EEST" duration-ms="14176" status="PASS">
          <params>
            <param index="0">
              <value>
                <![CDATA[https://ai-mood.com/en/]]>
              </value>
            </param>
            <param index="1">
              <value>
                <![CDATA[Screenshots/]]>
              </value>
            </param>
          </params>
          <reporter-output>
          </reporter-output>
        </test-method> <!-- allHeaderMainPage -->
        <test-method signature="getStartedHeaderMainPage(java.lang.String,java.lang.String)[pri:2, instance:tests.mainPageTests.AllPageChromeTests@72cc7e6f]" started-at="2023-09-08T10:56:12 EEST" name="getStartedHeaderMainPage" finished-at="2023-09-08T10:56:20 EEST" duration-ms="7787" status="PASS">
          <params>
            <param index="0">
              <value>
                <![CDATA[https://ai-mood.com/en/]]>
              </value>
            </param>
            <param index="1">
              <value>
                <![CDATA[Screenshots/]]>
              </value>
            </param>
          </params>
          <reporter-output>
          </reporter-output>
        </test-method> <!-- getStartedHeaderMainPage -->
        <test-method is-config="true" signature="setUp()[pri:0, instance:tests.mainPageTests.AllPageChromeTests@72cc7e6f]" started-at="2023-09-08T10:56:12 EEST" name="setUp" finished-at="2023-09-08T10:56:12 EEST" duration-ms="0" status="PASS">
          <reporter-output>
          </reporter-output>
        </test-method> <!-- setUp -->
        <test-method signature="learnHeaderMainPage(java.lang.String,java.lang.String)[pri:3, instance:tests.mainPageTests.AllPageChromeTests@72cc7e6f]" started-at="2023-09-08T10:56:20 EEST" name="learnHeaderMainPage" finished-at="2023-09-08T10:56:30 EEST" duration-ms="9400" status="PASS">
          <params>
            <param index="0">
              <value>
                <![CDATA[https://ai-mood.com/en/]]>
              </value>
            </param>
            <param index="1">
              <value>
                <![CDATA[Screenshots/]]>
              </value>
            </param>
          </params>
          <reporter-output>
          </reporter-output>
        </test-method> <!-- learnHeaderMainPage -->
        <test-method is-config="true" signature="setUp()[pri:0, instance:tests.mainPageTests.AllPageChromeTests@72cc7e6f]" started-at="2023-09-08T10:56:20 EEST" name="setUp" finished-at="2023-09-08T10:56:20 EEST" duration-ms="0" status="PASS">
          <reporter-output>
          </reporter-output>
        </test-method> <!-- setUp -->
        <test-method signature="resourcesHeaderMainPage(java.lang.String,java.lang.String)[pri:4, instance:tests.mainPageTests.AllPageChromeTests@72cc7e6f]" started-at="2023-09-08T10:56:30 EEST" name="resourcesHeaderMainPage" finished-at="2023-09-08T10:56:35 EEST" duration-ms="5396" status="PASS">
          <params>
            <param index="0">
              <value>
                <![CDATA[https://ai-mood.com/en/]]>
              </value>
            </param>
            <param index="1">
              <value>
                <![CDATA[Screenshots/]]>
              </value>
            </param>
          </params>
          <reporter-output>
          </reporter-output>
        </test-method> <!-- resourcesHeaderMainPage -->
        <test-method is-config="true" signature="setUp()[pri:0, instance:tests.mainPageTests.AllPageChromeTests@72cc7e6f]" started-at="2023-09-08T10:56:30 EEST" name="setUp" finished-at="2023-09-08T10:56:30 EEST" duration-ms="0" status="PASS">
          <reporter-output>
          </reporter-output>
        </test-method> <!-- setUp -->
        <test-method signature="mainSectionMainPage(java.lang.String,java.lang.String)[pri:6, instance:tests.mainPageTests.AllPageChromeTests@72cc7e6f]" started-at="2023-09-08T10:56:35 EEST" name="mainSectionMainPage" finished-at="2023-09-08T10:56:42 EEST" duration-ms="7341" status="PASS">
          <params>
            <param index="0">
              <value>
                <![CDATA[https://ai-mood.com/en/]]>
              </value>
            </param>
            <param index="1">
              <value>
                <![CDATA[Screenshots/]]>
              </value>
            </param>
          </params>
          <reporter-output>
          </reporter-output>
        </test-method> <!-- mainSectionMainPage -->
        <test-method is-config="true" signature="setUp()[pri:0, instance:tests.mainPageTests.AllPageChromeTests@72cc7e6f]" started-at="2023-09-08T10:56:35 EEST" name="setUp" finished-at="2023-09-08T10:56:35 EEST" duration-ms="0" status="PASS">
          <reporter-output>
          </reporter-output>
        </test-method> <!-- setUp -->
        <test-method is-config="true" signature="setUp()[pri:0, instance:tests.mainPageTests.AllPageChromeTests@72cc7e6f]" started-at="2023-09-08T10:56:42 EEST" name="setUp" finished-at="2023-09-08T10:56:42 EEST" duration-ms="1" status="PASS">
          <reporter-output>
          </reporter-output>
        </test-method> <!-- setUp -->
        <test-method signature="videoSectionMainPage(java.lang.String,java.lang.String)[pri:7, instance:tests.mainPageTests.AllPageChromeTests@72cc7e6f]" started-at="2023-09-08T10:56:42 EEST" name="videoSectionMainPage" finished-at="2023-09-08T10:56:50 EEST" duration-ms="7767" status="PASS">
          <params>
            <param index="0">
              <value>
                <![CDATA[https://ai-mood.com/en/]]>
              </value>
            </param>
            <param index="1">
              <value>
                <![CDATA[Screenshots/]]>
              </value>
            </param>
          </params>
          <reporter-output>
          </reporter-output>
        </test-method> <!-- videoSectionMainPage -->
        <test-method signature="roadmapSectionMainPage(java.lang.String,java.lang.String)[pri:8, instance:tests.mainPageTests.AllPageChromeTests@72cc7e6f]" started-at="2023-09-08T10:56:50 EEST" name="roadmapSectionMainPage" finished-at="2023-09-08T10:57:01 EEST" duration-ms="10642" status="PASS">
          <params>
            <param index="0">
              <value>
                <![CDATA[https://ai-mood.com/en/]]>
              </value>
            </param>
            <param index="1">
              <value>
                <![CDATA[Screenshots/]]>
              </value>
            </param>
          </params>
          <reporter-output>
          </reporter-output>
        </test-method> <!-- roadmapSectionMainPage -->
        <test-method is-config="true" signature="setUp()[pri:0, instance:tests.mainPageTests.AllPageChromeTests@72cc7e6f]" started-at="2023-09-08T10:56:50 EEST" name="setUp" finished-at="2023-09-08T10:56:50 EEST" duration-ms="0" status="PASS">
          <reporter-output>
          </reporter-output>
        </test-method> <!-- setUp -->
        <test-method signature="statisticsSectionMainPage(java.lang.String,java.lang.String)[pri:9, instance:tests.mainPageTests.AllPageChromeTests@72cc7e6f]" started-at="2023-09-08T10:57:01 EEST" name="statisticsSectionMainPage" finished-at="2023-09-08T10:57:13 EEST" duration-ms="11969" status="PASS">
          <params>
            <param index="0">
              <value>
                <![CDATA[https://ai-mood.com/en/]]>
              </value>
            </param>
            <param index="1">
              <value>
                <![CDATA[Screenshots/]]>
              </value>
            </param>
          </params>
          <reporter-output>
          </reporter-output>
        </test-method> <!-- statisticsSectionMainPage -->
        <test-method is-config="true" signature="setUp()[pri:0, instance:tests.mainPageTests.AllPageChromeTests@72cc7e6f]" started-at="2023-09-08T10:57:01 EEST" name="setUp" finished-at="2023-09-08T10:57:01 EEST" duration-ms="0" status="PASS">
          <reporter-output>
          </reporter-output>
        </test-method> <!-- setUp -->
        <test-method signature="leaningSectionMainPage(java.lang.String,java.lang.String)[pri:10, instance:tests.mainPageTests.AllPageChromeTests@72cc7e6f]" started-at="2023-09-08T10:57:13 EEST" name="leaningSectionMainPage" finished-at="2023-09-08T10:57:23 EEST" duration-ms="10151" status="PASS">
          <params>
            <param index="0">
              <value>
                <![CDATA[https://ai-mood.com/en/]]>
              </value>
            </param>
            <param index="1">
              <value>
                <![CDATA[Screenshots/]]>
              </value>
            </param>
          </params>
          <reporter-output>
          </reporter-output>
        </test-method> <!-- leaningSectionMainPage -->
        <test-method is-config="true" signature="setUp()[pri:0, instance:tests.mainPageTests.AllPageChromeTests@72cc7e6f]" started-at="2023-09-08T10:57:13 EEST" name="setUp" finished-at="2023-09-08T10:57:13 EEST" duration-ms="0" status="PASS">
          <reporter-output>
          </reporter-output>
        </test-method> <!-- setUp -->
        <test-method signature="allFooterMainPage(java.lang.String,java.lang.String)[pri:11, instance:tests.mainPageTests.AllPageChromeTests@72cc7e6f]" started-at="2023-09-08T10:57:23 EEST" name="allFooterMainPage" finished-at="2023-09-08T10:57:29 EEST" duration-ms="6361" status="PASS">
          <params>
            <param index="0">
              <value>
                <![CDATA[https://ai-mood.com/en/]]>
              </value>
            </param>
            <param index="1">
              <value>
                <![CDATA[Screenshots/]]>
              </value>
            </param>
          </params>
          <reporter-output>
          </reporter-output>
        </test-method> <!-- allFooterMainPage -->
        <test-method is-config="true" signature="setUp()[pri:0, instance:tests.mainPageTests.AllPageChromeTests@72cc7e6f]" started-at="2023-09-08T10:57:23 EEST" name="setUp" finished-at="2023-09-08T10:57:23 EEST" duration-ms="0" status="PASS">
          <reporter-output>
          </reporter-output>
        </test-method> <!-- setUp -->
        <test-method is-config="true" signature="tearDown()[pri:0, instance:tests.mainPageTests.AllPageChromeTests@72cc7e6f]" started-at="2023-09-08T10:57:29 EEST" name="tearDown" finished-at="2023-09-08T10:57:30 EEST" duration-ms="659" status="PASS">
          <reporter-output>
          </reporter-output>
        </test-method> <!-- tearDown -->
      </class> <!-- tests.mainPageTests.AllPageChromeTests -->
    </test> <!-- ai-mood - Pixel perfect regression -->
  </suite> <!-- WPT -->
</testng-results>
