-------------------------------------------------------------------------------
Test set: TestSuite
-------------------------------------------------------------------------------
Tests run: 40, Failures: 10, Errors: 0, Skipped: 20, Time elapsed: 200.278 s <<< FAILURE! - in TestSuite
tests.tokenMoodPageTests.AllPageFirefoxTests.getStartedHeaderTokenMoodPage[https://ai-mood.com/en/block-explorer, Screenshots/](3)  Time elapsed: 3.669 s  <<< FAILURE!
java.lang.AssertionError: *** Images are not similar *** expected [true] but found [false]
	at tests.tokenMoodPageTests.AllPageFirefoxTests.getStartedHeaderTokenMoodPage(AllPageFirefoxTests.java:44)

tests.tokenMoodPageTests.AllPageFirefoxTests.learnHeaderTokenMoodPage[https://ai-mood.com/en/block-explorer, Screenshots/](3)  Time elapsed: 3.612 s  <<< FAILURE!
java.lang.AssertionError: *** Images are not similar *** expected [true] but found [false]
	at tests.tokenMoodPageTests.AllPageFirefoxTests.learnHeaderTokenMoodPage(AllPageFirefoxTests.java:62)

tests.tokenMoodPageTests.AllPageFirefoxTests.resourcesHeaderTokenMoodPage[https://ai-mood.com/en/block-explorer, Screenshots/](3)  Time elapsed: 3.644 s  <<< FAILURE!
java.lang.AssertionError: *** Images are not similar *** expected [true] but found [false]
	at tests.tokenMoodPageTests.AllPageFirefoxTests.resourcesHeaderTokenMoodPage(AllPageFirefoxTests.java:80)

tests.tokenMoodPageTests.AllPageFirefoxTests.mainSectionTokenMoodPage[https://ai-mood.com/en/block-explorer, Screenshots/](3)  Time elapsed: 5.58 s  <<< FAILURE!
java.lang.AssertionError: *** Images are not similar *** expected [true] but found [false]
	at tests.tokenMoodPageTests.AllPageFirefoxTests.mainSectionTokenMoodPage(AllPageFirefoxTests.java:118)

tests.tokenMoodPageTests.AllPageFirefoxTests.subFooterTokenMoodPage[https://ai-mood.com/en/block-explorer, Screenshots/](3)  Time elapsed: 4.511 s  <<< FAILURE!
java.lang.AssertionError: *** Images are not similar *** expected [true] but found [false]
	at tests.tokenMoodPageTests.AllPageFirefoxTests.subFooterTokenMoodPage(AllPageFirefoxTests.java:196)

tests.tokenMoodPageTests.AllPageChromeTests.getStartedHeaderTokenMoodPage[https://ai-mood.com/en/block-explorer, Screenshots/](3)  Time elapsed: 3.862 s  <<< FAILURE!
java.lang.AssertionError: *** Images are not similar *** expected [true] but found [false]
	at tests.tokenMoodPageTests.AllPageChromeTests.getStartedHeaderTokenMoodPage(AllPageChromeTests.java:44)

tests.tokenMoodPageTests.AllPageChromeTests.learnHeaderTokenMoodPage[https://ai-mood.com/en/block-explorer, Screenshots/](3)  Time elapsed: 3.898 s  <<< FAILURE!
java.lang.AssertionError: *** Images are not similar *** expected [true] but found [false]
	at tests.tokenMoodPageTests.AllPageChromeTests.learnHeaderTokenMoodPage(AllPageChromeTests.java:62)

tests.tokenMoodPageTests.AllPageChromeTests.resourcesHeaderTokenMoodPage[https://ai-mood.com/en/block-explorer, Screenshots/](3)  Time elapsed: 3.933 s  <<< FAILURE!
java.lang.AssertionError: *** Images are not similar *** expected [true] but found [false]
	at tests.tokenMoodPageTests.AllPageChromeTests.resourcesHeaderTokenMoodPage(AllPageChromeTests.java:80)

tests.tokenMoodPageTests.AllPageChromeTests.mainSectionTokenMoodPage[https://ai-mood.com/en/block-explorer, Screenshots/](3)  Time elapsed: 5.921 s  <<< FAILURE!
java.lang.AssertionError: *** Images are not similar *** expected [true] but found [false]
	at tests.tokenMoodPageTests.AllPageChromeTests.mainSectionTokenMoodPage(AllPageChromeTests.java:118)

tests.tokenMoodPageTests.AllPageChromeTests.subFooterTokenMoodPage[https://ai-mood.com/en/block-explorer, Screenshots/](3)  Time elapsed: 4.73 s  <<< FAILURE!
java.lang.AssertionError: *** Images are not similar *** expected [true] but found [false]
	at tests.tokenMoodPageTests.AllPageChromeTests.subFooterTokenMoodPage(AllPageChromeTests.java:196)

