<?xml version="1.0" encoding="UTF-8"?>
<testng-results ignored="0" total="20" passed="20" failed="0" skipped="0">
  <reporter-output>
  </reporter-output>
  <suite started-at="2023-08-25T15:16:11 EEST" name="WPT" finished-at="2023-08-25T15:18:01 EEST" duration-ms="109931">
    <groups>
    </groups>
    <test started-at="2023-08-25T15:16:11 EEST" name="ai-mood - Pixel perfect regression" finished-at="2023-08-25T15:18:01 EEST" duration-ms="109931">
      <class name="tests.walletPageTests.AllPageChromeTests">
        <test-method is-config="true" signature="setUp()[pri:0, instance:tests.walletPageTests.AllPageChromeTests@43dac38f]" started-at="2023-08-25T15:17:07 EEST" name="setUp" finished-at="2023-08-25T15:17:08 EEST" duration-ms="817" status="PASS">
          <reporter-output>
          </reporter-output>
        </test-method> <!-- setUp -->
        <test-method signature="allHeaderWalletPage(java.lang.String,java.lang.String)[pri:1, instance:tests.walletPageTests.AllPageChromeTests@43dac38f]" started-at="2023-08-25T15:17:08 EEST" name="allHeaderWalletPage" finished-at="2023-08-25T15:17:16 EEST" duration-ms="8743" status="PASS">
          <params>
            <param index="0">
              <value>
                <![CDATA[https://ai-mood.com/en/the-aimood-wallet]]>
              </value>
            </param>
            <param index="1">
              <value>
                <![CDATA[Screenshots/]]>
              </value>
            </param>
          </params>
          <reporter-output>
          </reporter-output>
        </test-method> <!-- allHeaderWalletPage -->
        <test-method signature="getStartedHeaderWalletPage(java.lang.String,java.lang.String)[pri:2, instance:tests.walletPageTests.AllPageChromeTests@43dac38f]" started-at="2023-08-25T15:17:16 EEST" name="getStartedHeaderWalletPage" finished-at="2023-08-25T15:17:21 EEST" duration-ms="4678" status="PASS">
          <params>
            <param index="0">
              <value>
                <![CDATA[https://ai-mood.com/en/the-aimood-wallet]]>
              </value>
            </param>
            <param index="1">
              <value>
                <![CDATA[Screenshots/]]>
              </value>
            </param>
          </params>
          <reporter-output>
          </reporter-output>
        </test-method> <!-- getStartedHeaderWalletPage -->
        <test-method is-config="true" signature="setUp()[pri:0, instance:tests.walletPageTests.AllPageChromeTests@43dac38f]" started-at="2023-08-25T15:17:16 EEST" name="setUp" finished-at="2023-08-25T15:17:16 EEST" duration-ms="0" status="PASS">
          <reporter-output>
          </reporter-output>
        </test-method> <!-- setUp -->
        <test-method is-config="true" signature="setUp()[pri:0, instance:tests.walletPageTests.AllPageChromeTests@43dac38f]" started-at="2023-08-25T15:17:21 EEST" name="setUp" finished-at="2023-08-25T15:17:21 EEST" duration-ms="0" status="PASS">
          <reporter-output>
          </reporter-output>
        </test-method> <!-- setUp -->
        <test-method signature="learnHeaderWalletPage(java.lang.String,java.lang.String)[pri:3, instance:tests.walletPageTests.AllPageChromeTests@43dac38f]" started-at="2023-08-25T15:17:21 EEST" name="learnHeaderWalletPage" finished-at="2023-08-25T15:17:25 EEST" duration-ms="4324" status="PASS">
          <params>
            <param index="0">
              <value>
                <![CDATA[https://ai-mood.com/en/the-aimood-wallet]]>
              </value>
            </param>
            <param index="1">
              <value>
                <![CDATA[Screenshots/]]>
              </value>
            </param>
          </params>
          <reporter-output>
          </reporter-output>
        </test-method> <!-- learnHeaderWalletPage -->
        <test-method signature="resourcesHeaderWalletPage(java.lang.String,java.lang.String)[pri:4, instance:tests.walletPageTests.AllPageChromeTests@43dac38f]" started-at="2023-08-25T15:17:25 EEST" name="resourcesHeaderWalletPage" finished-at="2023-08-25T15:17:30 EEST" duration-ms="4298" status="PASS">
          <params>
            <param index="0">
              <value>
                <![CDATA[https://ai-mood.com/en/the-aimood-wallet]]>
              </value>
            </param>
            <param index="1">
              <value>
                <![CDATA[Screenshots/]]>
              </value>
            </param>
          </params>
          <reporter-output>
          </reporter-output>
        </test-method> <!-- resourcesHeaderWalletPage -->
        <test-method is-config="true" signature="setUp()[pri:0, instance:tests.walletPageTests.AllPageChromeTests@43dac38f]" started-at="2023-08-25T15:17:25 EEST" name="setUp" finished-at="2023-08-25T15:17:25 EEST" duration-ms="0" status="PASS">
          <reporter-output>
          </reporter-output>
        </test-method> <!-- setUp -->
        <test-method is-config="true" signature="setUp()[pri:0, instance:tests.walletPageTests.AllPageChromeTests@43dac38f]" started-at="2023-08-25T15:17:30 EEST" name="setUp" finished-at="2023-08-25T15:17:30 EEST" duration-ms="1" status="PASS">
          <reporter-output>
          </reporter-output>
        </test-method> <!-- setUp -->
        <test-method signature="mainSectionWalletPage(java.lang.String,java.lang.String)[pri:6, instance:tests.walletPageTests.AllPageChromeTests@43dac38f]" started-at="2023-08-25T15:17:30 EEST" name="mainSectionWalletPage" finished-at="2023-08-25T15:17:35 EEST" duration-ms="5236" status="PASS">
          <params>
            <param index="0">
              <value>
                <![CDATA[https://ai-mood.com/en/the-aimood-wallet]]>
              </value>
            </param>
            <param index="1">
              <value>
                <![CDATA[Screenshots/]]>
              </value>
            </param>
          </params>
          <reporter-output>
          </reporter-output>
        </test-method> <!-- mainSectionWalletPage -->
        <test-method signature="delegatedSectionWalletPage(java.lang.String,java.lang.String)[pri:7, instance:tests.walletPageTests.AllPageChromeTests@43dac38f]" started-at="2023-08-25T15:17:35 EEST" name="delegatedSectionWalletPage" finished-at="2023-08-25T15:17:41 EEST" duration-ms="5557" status="PASS">
          <params>
            <param index="0">
              <value>
                <![CDATA[https://ai-mood.com/en/the-aimood-wallet]]>
              </value>
            </param>
            <param index="1">
              <value>
                <![CDATA[Screenshots/]]>
              </value>
            </param>
          </params>
          <reporter-output>
          </reporter-output>
        </test-method> <!-- delegatedSectionWalletPage -->
        <test-method is-config="true" signature="setUp()[pri:0, instance:tests.walletPageTests.AllPageChromeTests@43dac38f]" started-at="2023-08-25T15:17:35 EEST" name="setUp" finished-at="2023-08-25T15:17:35 EEST" duration-ms="0" status="PASS">
          <reporter-output>
          </reporter-output>
        </test-method> <!-- setUp -->
        <test-method is-config="true" signature="setUp()[pri:0, instance:tests.walletPageTests.AllPageChromeTests@43dac38f]" started-at="2023-08-25T15:17:41 EEST" name="setUp" finished-at="2023-08-25T15:17:41 EEST" duration-ms="0" status="PASS">
          <reporter-output>
          </reporter-output>
        </test-method> <!-- setUp -->
        <test-method signature="allFooterWalletPage(java.lang.String,java.lang.String)[pri:8, instance:tests.walletPageTests.AllPageChromeTests@43dac38f]" started-at="2023-08-25T15:17:41 EEST" name="allFooterWalletPage" finished-at="2023-08-25T15:17:46 EEST" duration-ms="5293" status="PASS">
          <params>
            <param index="0">
              <value>
                <![CDATA[https://ai-mood.com/en/the-aimood-wallet]]>
              </value>
            </param>
            <param index="1">
              <value>
                <![CDATA[Screenshots/]]>
              </value>
            </param>
          </params>
          <reporter-output>
          </reporter-output>
        </test-method> <!-- allFooterWalletPage -->
        <test-method is-config="true" signature="setUp()[pri:0, instance:tests.walletPageTests.AllPageChromeTests@43dac38f]" started-at="2023-08-25T15:17:46 EEST" name="setUp" finished-at="2023-08-25T15:17:46 EEST" duration-ms="0" status="PASS">
          <reporter-output>
          </reporter-output>
        </test-method> <!-- setUp -->
        <test-method signature="partnFooterWalletPage(java.lang.String,java.lang.String)[pri:9, instance:tests.walletPageTests.AllPageChromeTests@43dac38f]" started-at="2023-08-25T15:17:46 EEST" name="partnFooterWalletPage" finished-at="2023-08-25T15:17:51 EEST" duration-ms="5115" status="PASS">
          <params>
            <param index="0">
              <value>
                <![CDATA[https://ai-mood.com/en/the-aimood-wallet]]>
              </value>
            </param>
            <param index="1">
              <value>
                <![CDATA[Screenshots/]]>
              </value>
            </param>
          </params>
          <reporter-output>
          </reporter-output>
        </test-method> <!-- partnFooterWalletPage -->
        <test-method is-config="true" signature="setUp()[pri:0, instance:tests.walletPageTests.AllPageChromeTests@43dac38f]" started-at="2023-08-25T15:17:51 EEST" name="setUp" finished-at="2023-08-25T15:17:51 EEST" duration-ms="0" status="PASS">
          <reporter-output>
          </reporter-output>
        </test-method> <!-- setUp -->
        <test-method signature="subFooterWalletPage(java.lang.String,java.lang.String)[pri:10, instance:tests.walletPageTests.AllPageChromeTests@43dac38f]" started-at="2023-08-25T15:17:51 EEST" name="subFooterWalletPage" finished-at="2023-08-25T15:17:56 EEST" duration-ms="5162" status="PASS">
          <params>
            <param index="0">
              <value>
                <![CDATA[https://ai-mood.com/en/the-aimood-wallet]]>
              </value>
            </param>
            <param index="1">
              <value>
                <![CDATA[Screenshots/]]>
              </value>
            </param>
          </params>
          <reporter-output>
          </reporter-output>
        </test-method> <!-- subFooterWalletPage -->
        <test-method signature="copFooterWalletPage(java.lang.String,java.lang.String)[pri:11, instance:tests.walletPageTests.AllPageChromeTests@43dac38f]" started-at="2023-08-25T15:17:56 EEST" name="copFooterWalletPage" finished-at="2023-08-25T15:18:00 EEST" duration-ms="4229" status="PASS">
          <params>
            <param index="0">
              <value>
                <![CDATA[https://ai-mood.com/en/the-aimood-wallet]]>
              </value>
            </param>
            <param index="1">
              <value>
                <![CDATA[Screenshots/]]>
              </value>
            </param>
          </params>
          <reporter-output>
          </reporter-output>
        </test-method> <!-- copFooterWalletPage -->
        <test-method is-config="true" signature="setUp()[pri:0, instance:tests.walletPageTests.AllPageChromeTests@43dac38f]" started-at="2023-08-25T15:17:56 EEST" name="setUp" finished-at="2023-08-25T15:17:56 EEST" duration-ms="0" status="PASS">
          <reporter-output>
          </reporter-output>
        </test-method> <!-- setUp -->
        <test-method is-config="true" signature="tearDown()[pri:0, instance:tests.walletPageTests.AllPageChromeTests@43dac38f]" started-at="2023-08-25T15:18:00 EEST" name="tearDown" finished-at="2023-08-25T15:18:01 EEST" duration-ms="643" status="PASS">
          <reporter-output>
          </reporter-output>
        </test-method> <!-- tearDown -->
      </class> <!-- tests.walletPageTests.AllPageChromeTests -->
      <class name="tests.walletPageTests.AllPageFirefoxTests">
        <test-method is-config="true" signature="setUp()[pri:0, instance:tests.walletPageTests.AllPageFirefoxTests@5562c41e]" started-at="2023-08-25T15:16:11 EEST" name="setUp" finished-at="2023-08-25T15:16:15 EEST" duration-ms="3545" status="PASS">
          <reporter-output>
          </reporter-output>
        </test-method> <!-- setUp -->
        <test-method signature="allHeaderWalletPage(java.lang.String,java.lang.String)[pri:1, instance:tests.walletPageTests.AllPageFirefoxTests@5562c41e]" started-at="2023-08-25T15:16:15 EEST" name="allHeaderWalletPage" finished-at="2023-08-25T15:16:24 EEST" duration-ms="9485" status="PASS">
          <params>
            <param index="0">
              <value>
                <![CDATA[https://ai-mood.com/en/the-aimood-wallet]]>
              </value>
            </param>
            <param index="1">
              <value>
                <![CDATA[Screenshots/]]>
              </value>
            </param>
          </params>
          <reporter-output>
          </reporter-output>
        </test-method> <!-- allHeaderWalletPage -->
        <test-method is-config="true" signature="setUp()[pri:0, instance:tests.walletPageTests.AllPageFirefoxTests@5562c41e]" started-at="2023-08-25T15:16:24 EEST" name="setUp" finished-at="2023-08-25T15:16:24 EEST" duration-ms="0" status="PASS">
          <reporter-output>
          </reporter-output>
        </test-method> <!-- setUp -->
        <test-method signature="getStartedHeaderWalletPage(java.lang.String,java.lang.String)[pri:2, instance:tests.walletPageTests.AllPageFirefoxTests@5562c41e]" started-at="2023-08-25T15:16:24 EEST" name="getStartedHeaderWalletPage" finished-at="2023-08-25T15:16:28 EEST" duration-ms="4131" status="PASS">
          <params>
            <param index="0">
              <value>
                <![CDATA[https://ai-mood.com/en/the-aimood-wallet]]>
              </value>
            </param>
            <param index="1">
              <value>
                <![CDATA[Screenshots/]]>
              </value>
            </param>
          </params>
          <reporter-output>
          </reporter-output>
        </test-method> <!-- getStartedHeaderWalletPage -->
        <test-method is-config="true" signature="setUp()[pri:0, instance:tests.walletPageTests.AllPageFirefoxTests@5562c41e]" started-at="2023-08-25T15:16:28 EEST" name="setUp" finished-at="2023-08-25T15:16:28 EEST" duration-ms="0" status="PASS">
          <reporter-output>
          </reporter-output>
        </test-method> <!-- setUp -->
        <test-method signature="learnHeaderWalletPage(java.lang.String,java.lang.String)[pri:3, instance:tests.walletPageTests.AllPageFirefoxTests@5562c41e]" started-at="2023-08-25T15:16:28 EEST" name="learnHeaderWalletPage" finished-at="2023-08-25T15:16:32 EEST" duration-ms="4095" status="PASS">
          <params>
            <param index="0">
              <value>
                <![CDATA[https://ai-mood.com/en/the-aimood-wallet]]>
              </value>
            </param>
            <param index="1">
              <value>
                <![CDATA[Screenshots/]]>
              </value>
            </param>
          </params>
          <reporter-output>
          </reporter-output>
        </test-method> <!-- learnHeaderWalletPage -->
        <test-method signature="resourcesHeaderWalletPage(java.lang.String,java.lang.String)[pri:4, instance:tests.walletPageTests.AllPageFirefoxTests@5562c41e]" started-at="2023-08-25T15:16:32 EEST" name="resourcesHeaderWalletPage" finished-at="2023-08-25T15:16:36 EEST" duration-ms="4129" status="PASS">
          <params>
            <param index="0">
              <value>
                <![CDATA[https://ai-mood.com/en/the-aimood-wallet]]>
              </value>
            </param>
            <param index="1">
              <value>
                <![CDATA[Screenshots/]]>
              </value>
            </param>
          </params>
          <reporter-output>
          </reporter-output>
        </test-method> <!-- resourcesHeaderWalletPage -->
        <test-method is-config="true" signature="setUp()[pri:0, instance:tests.walletPageTests.AllPageFirefoxTests@5562c41e]" started-at="2023-08-25T15:16:32 EEST" name="setUp" finished-at="2023-08-25T15:16:32 EEST" duration-ms="0" status="PASS">
          <reporter-output>
          </reporter-output>
        </test-method> <!-- setUp -->
        <test-method signature="mainSectionWalletPage(java.lang.String,java.lang.String)[pri:6, instance:tests.walletPageTests.AllPageFirefoxTests@5562c41e]" started-at="2023-08-25T15:16:36 EEST" name="mainSectionWalletPage" finished-at="2023-08-25T15:16:41 EEST" duration-ms="4903" status="PASS">
          <params>
            <param index="0">
              <value>
                <![CDATA[https://ai-mood.com/en/the-aimood-wallet]]>
              </value>
            </param>
            <param index="1">
              <value>
                <![CDATA[Screenshots/]]>
              </value>
            </param>
          </params>
          <reporter-output>
          </reporter-output>
        </test-method> <!-- mainSectionWalletPage -->
        <test-method is-config="true" signature="setUp()[pri:0, instance:tests.walletPageTests.AllPageFirefoxTests@5562c41e]" started-at="2023-08-25T15:16:36 EEST" name="setUp" finished-at="2023-08-25T15:16:36 EEST" duration-ms="0" status="PASS">
          <reporter-output>
          </reporter-output>
        </test-method> <!-- setUp -->
        <test-method signature="delegatedSectionWalletPage(java.lang.String,java.lang.String)[pri:7, instance:tests.walletPageTests.AllPageFirefoxTests@5562c41e]" started-at="2023-08-25T15:16:41 EEST" name="delegatedSectionWalletPage" finished-at="2023-08-25T15:16:47 EEST" duration-ms="5287" status="PASS">
          <params>
            <param index="0">
              <value>
                <![CDATA[https://ai-mood.com/en/the-aimood-wallet]]>
              </value>
            </param>
            <param index="1">
              <value>
                <![CDATA[Screenshots/]]>
              </value>
            </param>
          </params>
          <reporter-output>
          </reporter-output>
        </test-method> <!-- delegatedSectionWalletPage -->
        <test-method is-config="true" signature="setUp()[pri:0, instance:tests.walletPageTests.AllPageFirefoxTests@5562c41e]" started-at="2023-08-25T15:16:41 EEST" name="setUp" finished-at="2023-08-25T15:16:41 EEST" duration-ms="0" status="PASS">
          <reporter-output>
          </reporter-output>
        </test-method> <!-- setUp -->
        <test-method is-config="true" signature="setUp()[pri:0, instance:tests.walletPageTests.AllPageFirefoxTests@5562c41e]" started-at="2023-08-25T15:16:47 EEST" name="setUp" finished-at="2023-08-25T15:16:47 EEST" duration-ms="1" status="PASS">
          <reporter-output>
          </reporter-output>
        </test-method> <!-- setUp -->
        <test-method signature="allFooterWalletPage(java.lang.String,java.lang.String)[pri:8, instance:tests.walletPageTests.AllPageFirefoxTests@5562c41e]" started-at="2023-08-25T15:16:47 EEST" name="allFooterWalletPage" finished-at="2023-08-25T15:16:52 EEST" duration-ms="4975" status="PASS">
          <params>
            <param index="0">
              <value>
                <![CDATA[https://ai-mood.com/en/the-aimood-wallet]]>
              </value>
            </param>
            <param index="1">
              <value>
                <![CDATA[Screenshots/]]>
              </value>
            </param>
          </params>
          <reporter-output>
          </reporter-output>
        </test-method> <!-- allFooterWalletPage -->
        <test-method signature="partnFooterWalletPage(java.lang.String,java.lang.String)[pri:9, instance:tests.walletPageTests.AllPageFirefoxTests@5562c41e]" started-at="2023-08-25T15:16:52 EEST" name="partnFooterWalletPage" finished-at="2023-08-25T15:16:57 EEST" duration-ms="4893" status="PASS">
          <params>
            <param index="0">
              <value>
                <![CDATA[https://ai-mood.com/en/the-aimood-wallet]]>
              </value>
            </param>
            <param index="1">
              <value>
                <![CDATA[Screenshots/]]>
              </value>
            </param>
          </params>
          <reporter-output>
          </reporter-output>
        </test-method> <!-- partnFooterWalletPage -->
        <test-method is-config="true" signature="setUp()[pri:0, instance:tests.walletPageTests.AllPageFirefoxTests@5562c41e]" started-at="2023-08-25T15:16:52 EEST" name="setUp" finished-at="2023-08-25T15:16:52 EEST" duration-ms="0" status="PASS">
          <reporter-output>
          </reporter-output>
        </test-method> <!-- setUp -->
        <test-method signature="subFooterWalletPage(java.lang.String,java.lang.String)[pri:10, instance:tests.walletPageTests.AllPageFirefoxTests@5562c41e]" started-at="2023-08-25T15:16:57 EEST" name="subFooterWalletPage" finished-at="2023-08-25T15:17:02 EEST" duration-ms="4962" status="PASS">
          <params>
            <param index="0">
              <value>
                <![CDATA[https://ai-mood.com/en/the-aimood-wallet]]>
              </value>
            </param>
            <param index="1">
              <value>
                <![CDATA[Screenshots/]]>
              </value>
            </param>
          </params>
          <reporter-output>
          </reporter-output>
        </test-method> <!-- subFooterWalletPage -->
        <test-method is-config="true" signature="setUp()[pri:0, instance:tests.walletPageTests.AllPageFirefoxTests@5562c41e]" started-at="2023-08-25T15:16:57 EEST" name="setUp" finished-at="2023-08-25T15:16:57 EEST" duration-ms="0" status="PASS">
          <reporter-output>
          </reporter-output>
        </test-method> <!-- setUp -->
        <test-method is-config="true" signature="setUp()[pri:0, instance:tests.walletPageTests.AllPageFirefoxTests@5562c41e]" started-at="2023-08-25T15:17:02 EEST" name="setUp" finished-at="2023-08-25T15:17:02 EEST" duration-ms="0" status="PASS">
          <reporter-output>
          </reporter-output>
        </test-method> <!-- setUp -->
        <test-method signature="copFooterWalletPage(java.lang.String,java.lang.String)[pri:11, instance:tests.walletPageTests.AllPageFirefoxTests@5562c41e]" started-at="2023-08-25T15:17:02 EEST" name="copFooterWalletPage" finished-at="2023-08-25T15:17:05 EEST" duration-ms="3964" status="PASS">
          <params>
            <param index="0">
              <value>
                <![CDATA[https://ai-mood.com/en/the-aimood-wallet]]>
              </value>
            </param>
            <param index="1">
              <value>
                <![CDATA[Screenshots/]]>
              </value>
            </param>
          </params>
          <reporter-output>
          </reporter-output>
        </test-method> <!-- copFooterWalletPage -->
        <test-method is-config="true" signature="tearDown()[pri:0, instance:tests.walletPageTests.AllPageFirefoxTests@5562c41e]" started-at="2023-08-25T15:17:05 EEST" name="tearDown" finished-at="2023-08-25T15:17:07 EEST" duration-ms="1415" status="PASS">
          <reporter-output>
          </reporter-output>
        </test-method> <!-- tearDown -->
      </class> <!-- tests.walletPageTests.AllPageFirefoxTests -->
    </test> <!-- ai-mood - Pixel perfect regression -->
  </suite> <!-- WPT -->
</testng-results>
