<?xml version="1.0" encoding="UTF-8"?>
<testng-results retried="2" ignored="2" total="16" passed="12" failed="0" skipped="0">
  <reporter-output>
  </reporter-output>
  <suite started-at="2023-08-30T17:06:54 EEST" name="WPT" finished-at="2023-08-30T17:08:26 EEST" duration-ms="91868">
    <groups>
    </groups>
    <test started-at="2023-08-30T17:06:54 EEST" name="ai-mood - Pixel perfect regression" finished-at="2023-08-30T17:08:26 EEST" duration-ms="91868">
      <class name="tests.SignIn.SignInFirefoxTests">
        <test-method is-config="true" signature="setUp()[pri:0, instance:tests.SignIn.SignInFirefoxTests@7674f035]" started-at="2023-08-30T17:07:28 EEST" name="setUp" finished-at="2023-08-30T17:07:30 EEST" duration-ms="2437" status="PASS">
          <reporter-output>
          </reporter-output>
        </test-method> <!-- setUp -->
        <test-method signature="allHeaderMainPage(java.lang.String,java.lang.String)[pri:1, instance:tests.SignIn.SignInFirefoxTests@7674f035]" started-at="2023-08-30T17:07:30 EEST" name="allHeaderMainPage" finished-at="2023-08-30T17:07:39 EEST" duration-ms="8337" status="PASS">
          <params>
            <param index="0">
              <value>
                <![CDATA[https://ai-mood.com/en/login]]>
              </value>
            </param>
            <param index="1">
              <value>
                <![CDATA[Screenshots/]]>
              </value>
            </param>
          </params>
          <reporter-output>
          </reporter-output>
        </test-method> <!-- allHeaderMainPage -->
        <test-method is-config="true" signature="setUp()[pri:0, instance:tests.SignIn.SignInFirefoxTests@7674f035]" started-at="2023-08-30T17:07:39 EEST" name="setUp" finished-at="2023-08-30T17:07:39 EEST" duration-ms="1" status="PASS">
          <reporter-output>
          </reporter-output>
        </test-method> <!-- setUp -->
        <test-method retried="true" signature="mainBlockWhitePaperPage(java.lang.String,java.lang.String)[pri:2, instance:tests.SignIn.SignInFirefoxTests@7674f035]" started-at="2023-08-30T17:07:39 EEST" name="mainBlockWhitePaperPage" finished-at="2023-08-30T17:07:45 EEST" duration-ms="6629" status="SKIP">
          <params>
            <param index="0">
              <value>
                <![CDATA[https://ai-mood.com/en/login]]>
              </value>
            </param>
            <param index="1">
              <value>
                <![CDATA[Screenshots/]]>
              </value>
            </param>
          </params>
          <exception class="java.lang.AssertionError">
            <message>
              <![CDATA[*** Images are not similar *** expected [true] but found [false]]]>
            </message>
            <full-stacktrace>
              <![CDATA[java.lang.AssertionError: *** Images are not similar *** expected [true] but found [false]
at org.testng.Assert.fail(Assert.java:111)
at org.testng.Assert.failNotEquals(Assert.java:1578)
at org.testng.Assert.assertTrue(Assert.java:57)
at pages.pixel_perfect.PixelPerfectAssert.byElement(PixelPerfectAssert.java:109)
at tests.SignIn.SignInFirefoxTests.mainBlockWhitePaperPage(SignInFirefoxTests.java:43)
at java.base/jdk.internal.reflect.NativeMethodAccessorImpl.invoke0(Native Method)
at java.base/jdk.internal.reflect.NativeMethodAccessorImpl.invoke(NativeMethodAccessorImpl.java:62)
at java.base/jdk.internal.reflect.DelegatingMethodAccessorImpl.invoke(DelegatingMethodAccessorImpl.java:43)
at java.base/java.lang.reflect.Method.invoke(Method.java:566)
at org.testng.internal.invokers.MethodInvocationHelper.invokeMethod(MethodInvocationHelper.java:139)
at org.testng.internal.invokers.TestInvoker.invokeMethod(TestInvoker.java:664)
at org.testng.internal.invokers.TestInvoker.invokeTestMethod(TestInvoker.java:227)
at org.testng.internal.invokers.MethodRunner.runInSequence(MethodRunner.java:50)
at org.testng.internal.invokers.TestInvoker$MethodInvocationAgent.invoke(TestInvoker.java:957)
at org.testng.internal.invokers.TestInvoker.invokeTestMethods(TestInvoker.java:200)
at org.testng.internal.invokers.TestMethodWorker.invokeTestMethods(TestMethodWorker.java:148)
at org.testng.internal.invokers.TestMethodWorker.run(TestMethodWorker.java:128)
at java.base/java.util.ArrayList.forEach(ArrayList.java:1540)
at org.testng.TestRunner.privateRun(TestRunner.java:848)
at org.testng.TestRunner.run(TestRunner.java:621)
at org.testng.SuiteRunner.runTest(SuiteRunner.java:443)
at org.testng.SuiteRunner.runSequentially(SuiteRunner.java:437)
at org.testng.SuiteRunner.privateRun(SuiteRunner.java:397)
at org.testng.SuiteRunner.run(SuiteRunner.java:336)
at org.testng.SuiteRunnerWorker.runSuite(SuiteRunnerWorker.java:52)
at org.testng.SuiteRunnerWorker.run(SuiteRunnerWorker.java:95)
at org.testng.TestNG.runSuitesSequentially(TestNG.java:1280)
at org.testng.TestNG.runSuitesLocally(TestNG.java:1200)
at org.testng.TestNG.runSuites(TestNG.java:1114)
at org.testng.TestNG.run(TestNG.java:1082)
at org.apache.maven.surefire.testng.TestNGExecutor.run(TestNGExecutor.java:284)
at org.apache.maven.surefire.testng.TestNGXmlTestSuite.execute(TestNGXmlTestSuite.java:75)
at org.apache.maven.surefire.testng.TestNGProvider.invoke(TestNGProvider.java:119)
at org.apache.maven.surefire.booter.ForkedBooter.runSuitesInProcess(ForkedBooter.java:428)
at org.apache.maven.surefire.booter.ForkedBooter.execute(ForkedBooter.java:162)
at org.apache.maven.surefire.booter.ForkedBooter.run(ForkedBooter.java:562)
at org.apache.maven.surefire.booter.ForkedBooter.main(ForkedBooter.java:548)
]]>
            </full-stacktrace>
          </exception> <!-- java.lang.AssertionError -->
          <reporter-output>
          </reporter-output>
        </test-method> <!-- mainBlockWhitePaperPage -->
        <test-method is-config="true" signature="setUp()[pri:0, instance:tests.SignIn.SignInFirefoxTests@7674f035]" started-at="2023-08-30T17:07:45 EEST" name="setUp" finished-at="2023-08-30T17:07:45 EEST" duration-ms="1" status="PASS">
          <reporter-output>
          </reporter-output>
        </test-method> <!-- setUp -->
        <test-method retried="true" signature="mainBlockWhitePaperPage(java.lang.String,java.lang.String)[pri:2, instance:tests.SignIn.SignInFirefoxTests@7674f035]" started-at="2023-08-30T17:07:45 EEST" name="mainBlockWhitePaperPage" finished-at="2023-08-30T17:07:52 EEST" duration-ms="6567" status="SKIP">
          <params>
            <param index="0">
              <value>
                <![CDATA[https://ai-mood.com/en/login]]>
              </value>
            </param>
            <param index="1">
              <value>
                <![CDATA[Screenshots/]]>
              </value>
            </param>
          </params>
          <exception class="java.lang.AssertionError">
            <message>
              <![CDATA[*** Images are not similar *** expected [true] but found [false]]]>
            </message>
            <full-stacktrace>
              <![CDATA[java.lang.AssertionError: *** Images are not similar *** expected [true] but found [false]
at org.testng.Assert.fail(Assert.java:111)
at org.testng.Assert.failNotEquals(Assert.java:1578)
at org.testng.Assert.assertTrue(Assert.java:57)
at pages.pixel_perfect.PixelPerfectAssert.byElement(PixelPerfectAssert.java:109)
at tests.SignIn.SignInFirefoxTests.mainBlockWhitePaperPage(SignInFirefoxTests.java:43)
at java.base/jdk.internal.reflect.NativeMethodAccessorImpl.invoke0(Native Method)
at java.base/jdk.internal.reflect.NativeMethodAccessorImpl.invoke(NativeMethodAccessorImpl.java:62)
at java.base/jdk.internal.reflect.DelegatingMethodAccessorImpl.invoke(DelegatingMethodAccessorImpl.java:43)
at java.base/java.lang.reflect.Method.invoke(Method.java:566)
at org.testng.internal.invokers.MethodInvocationHelper.invokeMethod(MethodInvocationHelper.java:139)
at org.testng.internal.invokers.TestInvoker.invokeMethod(TestInvoker.java:664)
at org.testng.internal.invokers.TestInvoker.retryFailed(TestInvoker.java:248)
at org.testng.internal.invokers.MethodRunner.runInSequence(MethodRunner.java:62)
at org.testng.internal.invokers.TestInvoker$MethodInvocationAgent.invoke(TestInvoker.java:957)
at org.testng.internal.invokers.TestInvoker.invokeTestMethods(TestInvoker.java:200)
at org.testng.internal.invokers.TestMethodWorker.invokeTestMethods(TestMethodWorker.java:148)
at org.testng.internal.invokers.TestMethodWorker.run(TestMethodWorker.java:128)
at java.base/java.util.ArrayList.forEach(ArrayList.java:1540)
at org.testng.TestRunner.privateRun(TestRunner.java:848)
at org.testng.TestRunner.run(TestRunner.java:621)
at org.testng.SuiteRunner.runTest(SuiteRunner.java:443)
at org.testng.SuiteRunner.runSequentially(SuiteRunner.java:437)
at org.testng.SuiteRunner.privateRun(SuiteRunner.java:397)
at org.testng.SuiteRunner.run(SuiteRunner.java:336)
at org.testng.SuiteRunnerWorker.runSuite(SuiteRunnerWorker.java:52)
at org.testng.SuiteRunnerWorker.run(SuiteRunnerWorker.java:95)
at org.testng.TestNG.runSuitesSequentially(TestNG.java:1280)
at org.testng.TestNG.runSuitesLocally(TestNG.java:1200)
at org.testng.TestNG.runSuites(TestNG.java:1114)
at org.testng.TestNG.run(TestNG.java:1082)
at org.apache.maven.surefire.testng.TestNGExecutor.run(TestNGExecutor.java:284)
at org.apache.maven.surefire.testng.TestNGXmlTestSuite.execute(TestNGXmlTestSuite.java:75)
at org.apache.maven.surefire.testng.TestNGProvider.invoke(TestNGProvider.java:119)
at org.apache.maven.surefire.booter.ForkedBooter.runSuitesInProcess(ForkedBooter.java:428)
at org.apache.maven.surefire.booter.ForkedBooter.execute(ForkedBooter.java:162)
at org.apache.maven.surefire.booter.ForkedBooter.run(ForkedBooter.java:562)
at org.apache.maven.surefire.booter.ForkedBooter.main(ForkedBooter.java:548)
]]>
            </full-stacktrace>
          </exception> <!-- java.lang.AssertionError -->
          <reporter-output>
          </reporter-output>
        </test-method> <!-- mainBlockWhitePaperPage -->
        <test-method is-config="true" signature="setUp()[pri:0, instance:tests.SignIn.SignInFirefoxTests@7674f035]" started-at="2023-08-30T17:07:52 EEST" name="setUp" finished-at="2023-08-30T17:07:52 EEST" duration-ms="0" status="PASS">
          <reporter-output>
          </reporter-output>
        </test-method> <!-- setUp -->
        <test-method signature="mainBlockWhitePaperPage(java.lang.String,java.lang.String)[pri:2, instance:tests.SignIn.SignInFirefoxTests@7674f035]" started-at="2023-08-30T17:07:52 EEST" name="mainBlockWhitePaperPage" finished-at="2023-08-30T17:07:59 EEST" duration-ms="6943" status="PASS">
          <params>
            <param index="0">
              <value>
                <![CDATA[https://ai-mood.com/en/login]]>
              </value>
            </param>
            <param index="1">
              <value>
                <![CDATA[Screenshots/]]>
              </value>
            </param>
          </params>
          <reporter-output>
          </reporter-output>
        </test-method> <!-- mainBlockWhitePaperPage -->
        <test-method is-config="true" signature="setUp()[pri:0, instance:tests.SignIn.SignInFirefoxTests@7674f035]" started-at="2023-08-30T17:07:59 EEST" name="setUp" finished-at="2023-08-30T17:07:59 EEST" duration-ms="1" status="PASS">
          <reporter-output>
          </reporter-output>
        </test-method> <!-- setUp -->
        <test-method signature="Forgot(java.lang.String,java.lang.String)[pri:3, instance:tests.SignIn.SignInFirefoxTests@7674f035]" started-at="2023-08-30T17:07:59 EEST" name="Forgot" finished-at="2023-08-30T17:08:06 EEST" duration-ms="6830" status="PASS">
          <params>
            <param index="0">
              <value>
                <![CDATA[https://ai-mood.com/en/login]]>
              </value>
            </param>
            <param index="1">
              <value>
                <![CDATA[Screenshots/]]>
              </value>
            </param>
          </params>
          <reporter-output>
          </reporter-output>
        </test-method> <!-- Forgot -->
        <test-method signature="Dont(java.lang.String,java.lang.String)[pri:4, instance:tests.SignIn.SignInFirefoxTests@7674f035]" started-at="2023-08-30T17:08:06 EEST" name="Dont" finished-at="2023-08-30T17:08:12 EEST" duration-ms="6860" status="PASS">
          <params>
            <param index="0">
              <value>
                <![CDATA[https://ai-mood.com/en/login]]>
              </value>
            </param>
            <param index="1">
              <value>
                <![CDATA[Screenshots/]]>
              </value>
            </param>
          </params>
          <reporter-output>
          </reporter-output>
        </test-method> <!-- Dont -->
        <test-method is-config="true" signature="setUp()[pri:0, instance:tests.SignIn.SignInFirefoxTests@7674f035]" started-at="2023-08-30T17:08:06 EEST" name="setUp" finished-at="2023-08-30T17:08:06 EEST" duration-ms="0" status="PASS">
          <reporter-output>
          </reporter-output>
        </test-method> <!-- setUp -->
        <test-method is-config="true" signature="setUp()[pri:0, instance:tests.SignIn.SignInFirefoxTests@7674f035]" started-at="2023-08-30T17:08:12 EEST" name="setUp" finished-at="2023-08-30T17:08:12 EEST" duration-ms="1" status="PASS">
          <reporter-output>
          </reporter-output>
        </test-method> <!-- setUp -->
        <test-method signature="allPageSignInPage(java.lang.String,java.lang.String)[pri:5, instance:tests.SignIn.SignInFirefoxTests@7674f035]" started-at="2023-08-30T17:08:12 EEST" name="allPageSignInPage" finished-at="2023-08-30T17:08:17 EEST" duration-ms="4964" status="PASS">
          <params>
            <param index="0">
              <value>
                <![CDATA[https://ai-mood.com/en/login]]>
              </value>
            </param>
            <param index="1">
              <value>
                <![CDATA[Screenshots/]]>
              </value>
            </param>
          </params>
          <reporter-output>
          </reporter-output>
        </test-method> <!-- allPageSignInPage -->
        <test-method is-config="true" signature="setUp()[pri:0, instance:tests.SignIn.SignInFirefoxTests@7674f035]" started-at="2023-08-30T17:08:17 EEST" name="setUp" finished-at="2023-08-30T17:08:17 EEST" duration-ms="1" status="PASS">
          <reporter-output>
          </reporter-output>
        </test-method> <!-- setUp -->
        <test-method signature="allFooterMainPage(java.lang.String,java.lang.String)[pri:6, instance:tests.SignIn.SignInFirefoxTests@7674f035]" started-at="2023-08-30T17:08:17 EEST" name="allFooterMainPage" finished-at="2023-08-30T17:08:24 EEST" duration-ms="6832" status="PASS">
          <params>
            <param index="0">
              <value>
                <![CDATA[https://ai-mood.com/en/login]]>
              </value>
            </param>
            <param index="1">
              <value>
                <![CDATA[Screenshots/]]>
              </value>
            </param>
          </params>
          <reporter-output>
          </reporter-output>
        </test-method> <!-- allFooterMainPage -->
        <test-method is-config="true" signature="tearDown()[pri:0, instance:tests.SignIn.SignInFirefoxTests@7674f035]" started-at="2023-08-30T17:08:24 EEST" name="tearDown" finished-at="2023-08-30T17:08:26 EEST" duration-ms="1447" status="PASS">
          <reporter-output>
          </reporter-output>
        </test-method> <!-- tearDown -->
      </class> <!-- tests.SignIn.SignInFirefoxTests -->
      <class name="tests.SignIn.SignInChromeTests">
        <test-method is-config="true" signature="setUp()[pri:0, instance:tests.SignIn.SignInChromeTests@121314f7]" started-at="2023-08-30T17:06:54 EEST" name="setUp" finished-at="2023-08-30T17:06:56 EEST" duration-ms="2147" status="PASS">
          <reporter-output>
          </reporter-output>
        </test-method> <!-- setUp -->
        <test-method signature="allHeaderMainPage(java.lang.String,java.lang.String)[pri:1, instance:tests.SignIn.SignInChromeTests@121314f7]" started-at="2023-08-30T17:06:56 EEST" name="allHeaderMainPage" finished-at="2023-08-30T17:07:02 EEST" duration-ms="5565" status="PASS">
          <params>
            <param index="0">
              <value>
                <![CDATA[https://ai-mood.com/en/login]]>
              </value>
            </param>
            <param index="1">
              <value>
                <![CDATA[Screenshots/]]>
              </value>
            </param>
          </params>
          <reporter-output>
          </reporter-output>
        </test-method> <!-- allHeaderMainPage -->
        <test-method signature="mainBlockWhitePaperPage(java.lang.String,java.lang.String)[pri:2, instance:tests.SignIn.SignInChromeTests@121314f7]" started-at="2023-08-30T17:07:02 EEST" name="mainBlockWhitePaperPage" finished-at="2023-08-30T17:07:07 EEST" duration-ms="5251" status="PASS">
          <params>
            <param index="0">
              <value>
                <![CDATA[https://ai-mood.com/en/login]]>
              </value>
            </param>
            <param index="1">
              <value>
                <![CDATA[Screenshots/]]>
              </value>
            </param>
          </params>
          <reporter-output>
          </reporter-output>
        </test-method> <!-- mainBlockWhitePaperPage -->
        <test-method is-config="true" signature="setUp()[pri:0, instance:tests.SignIn.SignInChromeTests@121314f7]" started-at="2023-08-30T17:07:02 EEST" name="setUp" finished-at="2023-08-30T17:07:02 EEST" duration-ms="0" status="PASS">
          <reporter-output>
          </reporter-output>
        </test-method> <!-- setUp -->
        <test-method is-config="true" signature="setUp()[pri:0, instance:tests.SignIn.SignInChromeTests@121314f7]" started-at="2023-08-30T17:07:07 EEST" name="setUp" finished-at="2023-08-30T17:07:07 EEST" duration-ms="1" status="PASS">
          <reporter-output>
          </reporter-output>
        </test-method> <!-- setUp -->
        <test-method signature="Forgot(java.lang.String,java.lang.String)[pri:3, instance:tests.SignIn.SignInChromeTests@121314f7]" started-at="2023-08-30T17:07:07 EEST" name="Forgot" finished-at="2023-08-30T17:07:12 EEST" duration-ms="5045" status="PASS">
          <params>
            <param index="0">
              <value>
                <![CDATA[https://ai-mood.com/en/login]]>
              </value>
            </param>
            <param index="1">
              <value>
                <![CDATA[Screenshots/]]>
              </value>
            </param>
          </params>
          <reporter-output>
          </reporter-output>
        </test-method> <!-- Forgot -->
        <test-method is-config="true" signature="setUp()[pri:0, instance:tests.SignIn.SignInChromeTests@121314f7]" started-at="2023-08-30T17:07:12 EEST" name="setUp" finished-at="2023-08-30T17:07:12 EEST" duration-ms="1" status="PASS">
          <reporter-output>
          </reporter-output>
        </test-method> <!-- setUp -->
        <test-method signature="Dont(java.lang.String,java.lang.String)[pri:4, instance:tests.SignIn.SignInChromeTests@121314f7]" started-at="2023-08-30T17:07:12 EEST" name="Dont" finished-at="2023-08-30T17:07:17 EEST" duration-ms="5025" status="PASS">
          <params>
            <param index="0">
              <value>
                <![CDATA[https://ai-mood.com/en/login]]>
              </value>
            </param>
            <param index="1">
              <value>
                <![CDATA[Screenshots/]]>
              </value>
            </param>
          </params>
          <reporter-output>
          </reporter-output>
        </test-method> <!-- Dont -->
        <test-method signature="allPageSignInPage(java.lang.String,java.lang.String)[pri:5, instance:tests.SignIn.SignInChromeTests@121314f7]" started-at="2023-08-30T17:07:17 EEST" name="allPageSignInPage" finished-at="2023-08-30T17:07:22 EEST" duration-ms="5241" status="PASS">
          <params>
            <param index="0">
              <value>
                <![CDATA[https://ai-mood.com/en/login]]>
              </value>
            </param>
            <param index="1">
              <value>
                <![CDATA[Screenshots/]]>
              </value>
            </param>
          </params>
          <reporter-output>
          </reporter-output>
        </test-method> <!-- allPageSignInPage -->
        <test-method is-config="true" signature="setUp()[pri:0, instance:tests.SignIn.SignInChromeTests@121314f7]" started-at="2023-08-30T17:07:17 EEST" name="setUp" finished-at="2023-08-30T17:07:17 EEST" duration-ms="0" status="PASS">
          <reporter-output>
          </reporter-output>
        </test-method> <!-- setUp -->
        <test-method signature="allFooterMainPage(java.lang.String,java.lang.String)[pri:6, instance:tests.SignIn.SignInChromeTests@121314f7]" started-at="2023-08-30T17:07:22 EEST" name="allFooterMainPage" finished-at="2023-08-30T17:07:27 EEST" duration-ms="4995" status="PASS">
          <params>
            <param index="0">
              <value>
                <![CDATA[https://ai-mood.com/en/login]]>
              </value>
            </param>
            <param index="1">
              <value>
                <![CDATA[Screenshots/]]>
              </value>
            </param>
          </params>
          <reporter-output>
          </reporter-output>
        </test-method> <!-- allFooterMainPage -->
        <test-method is-config="true" signature="setUp()[pri:0, instance:tests.SignIn.SignInChromeTests@121314f7]" started-at="2023-08-30T17:07:22 EEST" name="setUp" finished-at="2023-08-30T17:07:22 EEST" duration-ms="0" status="PASS">
          <reporter-output>
          </reporter-output>
        </test-method> <!-- setUp -->
        <test-method is-config="true" signature="tearDown()[pri:0, instance:tests.SignIn.SignInChromeTests@121314f7]" started-at="2023-08-30T17:07:27 EEST" name="tearDown" finished-at="2023-08-30T17:07:28 EEST" duration-ms="657" status="PASS">
          <reporter-output>
          </reporter-output>
        </test-method> <!-- tearDown -->
      </class> <!-- tests.SignIn.SignInChromeTests -->
    </test> <!-- ai-mood - Pixel perfect regression -->
  </suite> <!-- WPT -->
</testng-results>
