-------------------------------------------------------------------------------
Test set: TestSuite
-------------------------------------------------------------------------------
Tests run: 27, Failures: 7, Errors: 0, Skipped: 14, Time elapsed: 185.089 s <<< FAILURE! - in TestSuite
tests.mainPageTests.AllPageFirefoxTests.allHeaderMainPage[https://ai-mood.com/en, Screenshots/](3)  Time elapsed: 18.717 s  <<< FAILURE!
java.lang.AssertionError: *** Images are not similar *** expected [true] but found [false]
	at tests.mainPageTests.AllPageFirefoxTests.allHeaderMainPage(AllPageFirefoxTests.java:26)

tests.mainPageTests.AllPageFirefoxTests.mainSectionMainPage[https://ai-mood.com/en, Screenshots/](3)  Time elapsed: 4.731 s  <<< FAILURE!
java.lang.AssertionError: *** Images are not similar *** expected [true] but found [false]
	at tests.mainPageTests.AllPageFirefoxTests.mainSectionMainPage(AllPageFirefoxTests.java:118)

tests.mainPageTests.AllPageFirefoxTests.videoSectionMainPage[https://ai-mood.com/en, Screenshots/](3)  Time elapsed: 5.128 s  <<< FAILURE!
java.lang.AssertionError: *** Images are not similar *** expected [true] but found [false]
	at tests.mainPageTests.AllPageFirefoxTests.videoSectionMainPage(AllPageFirefoxTests.java:137)

tests.mainPageTests.AllPageFirefoxTests.roadmapSectionMainPage[https://ai-mood.com/en, Screenshots/](3)  Time elapsed: 5.077 s  <<< FAILURE!
java.lang.AssertionError: *** Images are not similar *** expected [true] but found [false]
	at tests.mainPageTests.AllPageFirefoxTests.roadmapSectionMainPage(AllPageFirefoxTests.java:156)

tests.mainPageTests.AllPageFirefoxTests.statisticsSectionMainPage[https://ai-mood.com/en, Screenshots/](3)  Time elapsed: 5.093 s  <<< FAILURE!
java.lang.AssertionError: *** Images are not similar *** expected [true] but found [false]
	at tests.mainPageTests.AllPageFirefoxTests.statisticsSectionMainPage(AllPageFirefoxTests.java:175)

tests.mainPageTests.AllPageFirefoxTests.leaningSectionMainPage[https://ai-mood.com/en, Screenshots/](3)  Time elapsed: 5.207 s  <<< FAILURE!
java.lang.AssertionError: *** Images are not similar *** expected [true] but found [false]
	at tests.mainPageTests.AllPageFirefoxTests.leaningSectionMainPage(AllPageFirefoxTests.java:194)

tests.mainPageTests.AllPageFirefoxTests.allFooterMainPage[https://ai-mood.com/en, Screenshots/](3)  Time elapsed: 4.676 s  <<< FAILURE!
java.lang.AssertionError: *** Images are not similar *** expected [true] but found [false]
	at tests.mainPageTests.AllPageFirefoxTests.allFooterMainPage(AllPageFirefoxTests.java:214)

