<?xml version="1.0" encoding="UTF-8"?>
<testng-results ignored="0" total="20" passed="20" failed="0" skipped="0">
  <reporter-output>
  </reporter-output>
  <suite started-at="2023-08-15T11:50:36 EEST" name="WPT" finished-at="2023-08-15T11:52:27 EEST" duration-ms="110315">
    <groups>
    </groups>
    <test started-at="2023-08-15T11:50:36 EEST" name="ai-mood - Pixel perfect regression" finished-at="2023-08-15T11:52:27 EEST" duration-ms="110315">
      <class name="tests.tokenMoodPageTests.AllPageChromeTests">
        <test-method is-config="true" signature="setUp()[pri:0, instance:tests.tokenMoodPageTests.AllPageChromeTests@4f80542f]" started-at="2023-08-15T11:51:34 EEST" name="setUp" finished-at="2023-08-15T11:51:36 EEST" duration-ms="1758" status="PASS">
          <reporter-output>
          </reporter-output>
        </test-method> <!-- setUp -->
        <test-method signature="allHeaderTokenMoodPage(java.lang.String,java.lang.String)[pri:1, instance:tests.tokenMoodPageTests.AllPageChromeTests@4f80542f]" started-at="2023-08-15T11:51:36 EEST" name="allHeaderTokenMoodPage" finished-at="2023-08-15T11:51:42 EEST" duration-ms="6123" status="PASS">
          <params>
            <param index="0">
              <value>
                <![CDATA[https://ai-mood.com/en/block-explorer]]>
              </value>
            </param>
            <param index="1">
              <value>
                <![CDATA[Screenshots/]]>
              </value>
            </param>
          </params>
          <reporter-output>
          </reporter-output>
        </test-method> <!-- allHeaderTokenMoodPage -->
        <test-method signature="getStartedHeaderTokenMoodPage(java.lang.String,java.lang.String)[pri:2, instance:tests.tokenMoodPageTests.AllPageChromeTests@4f80542f]" started-at="2023-08-15T11:51:42 EEST" name="getStartedHeaderTokenMoodPage" finished-at="2023-08-15T11:51:46 EEST" duration-ms="4402" status="PASS">
          <params>
            <param index="0">
              <value>
                <![CDATA[https://ai-mood.com/en/block-explorer]]>
              </value>
            </param>
            <param index="1">
              <value>
                <![CDATA[Screenshots/]]>
              </value>
            </param>
          </params>
          <reporter-output>
          </reporter-output>
        </test-method> <!-- getStartedHeaderTokenMoodPage -->
        <test-method is-config="true" signature="setUp()[pri:0, instance:tests.tokenMoodPageTests.AllPageChromeTests@4f80542f]" started-at="2023-08-15T11:51:42 EEST" name="setUp" finished-at="2023-08-15T11:51:42 EEST" duration-ms="0" status="PASS">
          <reporter-output>
          </reporter-output>
        </test-method> <!-- setUp -->
        <test-method is-config="true" signature="setUp()[pri:0, instance:tests.tokenMoodPageTests.AllPageChromeTests@4f80542f]" started-at="2023-08-15T11:51:46 EEST" name="setUp" finished-at="2023-08-15T11:51:46 EEST" duration-ms="0" status="PASS">
          <reporter-output>
          </reporter-output>
        </test-method> <!-- setUp -->
        <test-method signature="learnHeaderTokenMoodPage(java.lang.String,java.lang.String)[pri:3, instance:tests.tokenMoodPageTests.AllPageChromeTests@4f80542f]" started-at="2023-08-15T11:51:46 EEST" name="learnHeaderTokenMoodPage" finished-at="2023-08-15T11:51:51 EEST" duration-ms="4336" status="PASS">
          <params>
            <param index="0">
              <value>
                <![CDATA[https://ai-mood.com/en/block-explorer]]>
              </value>
            </param>
            <param index="1">
              <value>
                <![CDATA[Screenshots/]]>
              </value>
            </param>
          </params>
          <reporter-output>
          </reporter-output>
        </test-method> <!-- learnHeaderTokenMoodPage -->
        <test-method is-config="true" signature="setUp()[pri:0, instance:tests.tokenMoodPageTests.AllPageChromeTests@4f80542f]" started-at="2023-08-15T11:51:51 EEST" name="setUp" finished-at="2023-08-15T11:51:51 EEST" duration-ms="0" status="PASS">
          <reporter-output>
          </reporter-output>
        </test-method> <!-- setUp -->
        <test-method signature="resourcesHeaderTokenMoodPage(java.lang.String,java.lang.String)[pri:4, instance:tests.tokenMoodPageTests.AllPageChromeTests@4f80542f]" started-at="2023-08-15T11:51:51 EEST" name="resourcesHeaderTokenMoodPage" finished-at="2023-08-15T11:51:55 EEST" duration-ms="4400" status="PASS">
          <params>
            <param index="0">
              <value>
                <![CDATA[https://ai-mood.com/en/block-explorer]]>
              </value>
            </param>
            <param index="1">
              <value>
                <![CDATA[Screenshots/]]>
              </value>
            </param>
          </params>
          <reporter-output>
          </reporter-output>
        </test-method> <!-- resourcesHeaderTokenMoodPage -->
        <test-method signature="mainSectionTokenMoodPage(java.lang.String,java.lang.String)[pri:6, instance:tests.tokenMoodPageTests.AllPageChromeTests@4f80542f]" started-at="2023-08-15T11:51:55 EEST" name="mainSectionTokenMoodPage" finished-at="2023-08-15T11:52:00 EEST" duration-ms="5210" status="PASS">
          <params>
            <param index="0">
              <value>
                <![CDATA[https://ai-mood.com/en/block-explorer]]>
              </value>
            </param>
            <param index="1">
              <value>
                <![CDATA[Screenshots/]]>
              </value>
            </param>
          </params>
          <reporter-output>
          </reporter-output>
        </test-method> <!-- mainSectionTokenMoodPage -->
        <test-method is-config="true" signature="setUp()[pri:0, instance:tests.tokenMoodPageTests.AllPageChromeTests@4f80542f]" started-at="2023-08-15T11:51:55 EEST" name="setUp" finished-at="2023-08-15T11:51:55 EEST" duration-ms="0" status="PASS">
          <reporter-output>
          </reporter-output>
        </test-method> <!-- setUp -->
        <test-method is-config="true" signature="setUp()[pri:0, instance:tests.tokenMoodPageTests.AllPageChromeTests@4f80542f]" started-at="2023-08-15T11:52:00 EEST" name="setUp" finished-at="2023-08-15T11:52:00 EEST" duration-ms="0" status="PASS">
          <reporter-output>
          </reporter-output>
        </test-method> <!-- setUp -->
        <test-method signature="statisticsSectionTokenMoodPage(java.lang.String,java.lang.String)[pri:7, instance:tests.tokenMoodPageTests.AllPageChromeTests@4f80542f]" started-at="2023-08-15T11:52:00 EEST" name="statisticsSectionTokenMoodPage" finished-at="2023-08-15T11:52:06 EEST" duration-ms="5761" status="PASS">
          <params>
            <param index="0">
              <value>
                <![CDATA[https://ai-mood.com/en/block-explorer]]>
              </value>
            </param>
            <param index="1">
              <value>
                <![CDATA[Screenshots/]]>
              </value>
            </param>
          </params>
          <reporter-output>
          </reporter-output>
        </test-method> <!-- statisticsSectionTokenMoodPage -->
        <test-method signature="allFooterTokenMoodPage(java.lang.String,java.lang.String)[pri:8, instance:tests.tokenMoodPageTests.AllPageChromeTests@4f80542f]" started-at="2023-08-15T11:52:06 EEST" name="allFooterTokenMoodPage" finished-at="2023-08-15T11:52:11 EEST" duration-ms="5279" status="PASS">
          <params>
            <param index="0">
              <value>
                <![CDATA[https://ai-mood.com/en/block-explorer]]>
              </value>
            </param>
            <param index="1">
              <value>
                <![CDATA[Screenshots/]]>
              </value>
            </param>
          </params>
          <reporter-output>
          </reporter-output>
        </test-method> <!-- allFooterTokenMoodPage -->
        <test-method is-config="true" signature="setUp()[pri:0, instance:tests.tokenMoodPageTests.AllPageChromeTests@4f80542f]" started-at="2023-08-15T11:52:06 EEST" name="setUp" finished-at="2023-08-15T11:52:06 EEST" duration-ms="0" status="PASS">
          <reporter-output>
          </reporter-output>
        </test-method> <!-- setUp -->
        <test-method signature="partnFooterTokenMoodPage(java.lang.String,java.lang.String)[pri:9, instance:tests.tokenMoodPageTests.AllPageChromeTests@4f80542f]" started-at="2023-08-15T11:52:11 EEST" name="partnFooterTokenMoodPage" finished-at="2023-08-15T11:52:17 EEST" duration-ms="5150" status="PASS">
          <params>
            <param index="0">
              <value>
                <![CDATA[https://ai-mood.com/en/block-explorer]]>
              </value>
            </param>
            <param index="1">
              <value>
                <![CDATA[Screenshots/]]>
              </value>
            </param>
          </params>
          <reporter-output>
          </reporter-output>
        </test-method> <!-- partnFooterTokenMoodPage -->
        <test-method is-config="true" signature="setUp()[pri:0, instance:tests.tokenMoodPageTests.AllPageChromeTests@4f80542f]" started-at="2023-08-15T11:52:11 EEST" name="setUp" finished-at="2023-08-15T11:52:11 EEST" duration-ms="0" status="PASS">
          <reporter-output>
          </reporter-output>
        </test-method> <!-- setUp -->
        <test-method signature="subFooterTokenMoodPage(java.lang.String,java.lang.String)[pri:10, instance:tests.tokenMoodPageTests.AllPageChromeTests@4f80542f]" started-at="2023-08-15T11:52:17 EEST" name="subFooterTokenMoodPage" finished-at="2023-08-15T11:52:22 EEST" duration-ms="5125" status="PASS">
          <params>
            <param index="0">
              <value>
                <![CDATA[https://ai-mood.com/en/block-explorer]]>
              </value>
            </param>
            <param index="1">
              <value>
                <![CDATA[Screenshots/]]>
              </value>
            </param>
          </params>
          <reporter-output>
          </reporter-output>
        </test-method> <!-- subFooterTokenMoodPage -->
        <test-method is-config="true" signature="setUp()[pri:0, instance:tests.tokenMoodPageTests.AllPageChromeTests@4f80542f]" started-at="2023-08-15T11:52:17 EEST" name="setUp" finished-at="2023-08-15T11:52:17 EEST" duration-ms="0" status="PASS">
          <reporter-output>
          </reporter-output>
        </test-method> <!-- setUp -->
        <test-method signature="copFooterTokenMoodPage(java.lang.String,java.lang.String)[pri:11, instance:tests.tokenMoodPageTests.AllPageChromeTests@4f80542f]" started-at="2023-08-15T11:52:22 EEST" name="copFooterTokenMoodPage" finished-at="2023-08-15T11:52:26 EEST" duration-ms="4201" status="PASS">
          <params>
            <param index="0">
              <value>
                <![CDATA[https://ai-mood.com/en/block-explorer]]>
              </value>
            </param>
            <param index="1">
              <value>
                <![CDATA[Screenshots/]]>
              </value>
            </param>
          </params>
          <reporter-output>
          </reporter-output>
        </test-method> <!-- copFooterTokenMoodPage -->
        <test-method is-config="true" signature="setUp()[pri:0, instance:tests.tokenMoodPageTests.AllPageChromeTests@4f80542f]" started-at="2023-08-15T11:52:22 EEST" name="setUp" finished-at="2023-08-15T11:52:22 EEST" duration-ms="0" status="PASS">
          <reporter-output>
          </reporter-output>
        </test-method> <!-- setUp -->
        <test-method is-config="true" signature="tearDown()[pri:0, instance:tests.tokenMoodPageTests.AllPageChromeTests@4f80542f]" started-at="2023-08-15T11:52:26 EEST" name="tearDown" finished-at="2023-08-15T11:52:27 EEST" duration-ms="654" status="PASS">
          <reporter-output>
          </reporter-output>
        </test-method> <!-- tearDown -->
      </class> <!-- tests.tokenMoodPageTests.AllPageChromeTests -->
      <class name="tests.tokenMoodPageTests.AllPageFirefoxTests">
        <test-method is-config="true" signature="setUp()[pri:0, instance:tests.tokenMoodPageTests.AllPageFirefoxTests@32502377]" started-at="2023-08-15T11:50:36 EEST" name="setUp" finished-at="2023-08-15T11:50:40 EEST" duration-ms="3875" status="PASS">
          <reporter-output>
          </reporter-output>
        </test-method> <!-- setUp -->
        <test-method signature="allHeaderTokenMoodPage(java.lang.String,java.lang.String)[pri:1, instance:tests.tokenMoodPageTests.AllPageFirefoxTests@32502377]" started-at="2023-08-15T11:50:40 EEST" name="allHeaderTokenMoodPage" finished-at="2023-08-15T11:50:51 EEST" duration-ms="10647" status="PASS">
          <params>
            <param index="0">
              <value>
                <![CDATA[https://ai-mood.com/en/block-explorer]]>
              </value>
            </param>
            <param index="1">
              <value>
                <![CDATA[Screenshots/]]>
              </value>
            </param>
          </params>
          <reporter-output>
          </reporter-output>
        </test-method> <!-- allHeaderTokenMoodPage -->
        <test-method signature="getStartedHeaderTokenMoodPage(java.lang.String,java.lang.String)[pri:2, instance:tests.tokenMoodPageTests.AllPageFirefoxTests@32502377]" started-at="2023-08-15T11:50:51 EEST" name="getStartedHeaderTokenMoodPage" finished-at="2023-08-15T11:50:55 EEST" duration-ms="4148" status="PASS">
          <params>
            <param index="0">
              <value>
                <![CDATA[https://ai-mood.com/en/block-explorer]]>
              </value>
            </param>
            <param index="1">
              <value>
                <![CDATA[Screenshots/]]>
              </value>
            </param>
          </params>
          <reporter-output>
          </reporter-output>
        </test-method> <!-- getStartedHeaderTokenMoodPage -->
        <test-method is-config="true" signature="setUp()[pri:0, instance:tests.tokenMoodPageTests.AllPageFirefoxTests@32502377]" started-at="2023-08-15T11:50:51 EEST" name="setUp" finished-at="2023-08-15T11:50:51 EEST" duration-ms="0" status="PASS">
          <reporter-output>
          </reporter-output>
        </test-method> <!-- setUp -->
        <test-method is-config="true" signature="setUp()[pri:0, instance:tests.tokenMoodPageTests.AllPageFirefoxTests@32502377]" started-at="2023-08-15T11:50:55 EEST" name="setUp" finished-at="2023-08-15T11:50:55 EEST" duration-ms="0" status="PASS">
          <reporter-output>
          </reporter-output>
        </test-method> <!-- setUp -->
        <test-method signature="learnHeaderTokenMoodPage(java.lang.String,java.lang.String)[pri:3, instance:tests.tokenMoodPageTests.AllPageFirefoxTests@32502377]" started-at="2023-08-15T11:50:55 EEST" name="learnHeaderTokenMoodPage" finished-at="2023-08-15T11:50:59 EEST" duration-ms="4093" status="PASS">
          <params>
            <param index="0">
              <value>
                <![CDATA[https://ai-mood.com/en/block-explorer]]>
              </value>
            </param>
            <param index="1">
              <value>
                <![CDATA[Screenshots/]]>
              </value>
            </param>
          </params>
          <reporter-output>
          </reporter-output>
        </test-method> <!-- learnHeaderTokenMoodPage -->
        <test-method signature="resourcesHeaderTokenMoodPage(java.lang.String,java.lang.String)[pri:4, instance:tests.tokenMoodPageTests.AllPageFirefoxTests@32502377]" started-at="2023-08-15T11:50:59 EEST" name="resourcesHeaderTokenMoodPage" finished-at="2023-08-15T11:51:03 EEST" duration-ms="4075" status="PASS">
          <params>
            <param index="0">
              <value>
                <![CDATA[https://ai-mood.com/en/block-explorer]]>
              </value>
            </param>
            <param index="1">
              <value>
                <![CDATA[Screenshots/]]>
              </value>
            </param>
          </params>
          <reporter-output>
          </reporter-output>
        </test-method> <!-- resourcesHeaderTokenMoodPage -->
        <test-method is-config="true" signature="setUp()[pri:0, instance:tests.tokenMoodPageTests.AllPageFirefoxTests@32502377]" started-at="2023-08-15T11:50:59 EEST" name="setUp" finished-at="2023-08-15T11:50:59 EEST" duration-ms="0" status="PASS">
          <reporter-output>
          </reporter-output>
        </test-method> <!-- setUp -->
        <test-method signature="mainSectionTokenMoodPage(java.lang.String,java.lang.String)[pri:6, instance:tests.tokenMoodPageTests.AllPageFirefoxTests@32502377]" started-at="2023-08-15T11:51:03 EEST" name="mainSectionTokenMoodPage" finished-at="2023-08-15T11:51:08 EEST" duration-ms="4884" status="PASS">
          <params>
            <param index="0">
              <value>
                <![CDATA[https://ai-mood.com/en/block-explorer]]>
              </value>
            </param>
            <param index="1">
              <value>
                <![CDATA[Screenshots/]]>
              </value>
            </param>
          </params>
          <reporter-output>
          </reporter-output>
        </test-method> <!-- mainSectionTokenMoodPage -->
        <test-method is-config="true" signature="setUp()[pri:0, instance:tests.tokenMoodPageTests.AllPageFirefoxTests@32502377]" started-at="2023-08-15T11:51:03 EEST" name="setUp" finished-at="2023-08-15T11:51:03 EEST" duration-ms="0" status="PASS">
          <reporter-output>
          </reporter-output>
        </test-method> <!-- setUp -->
        <test-method signature="statisticsSectionTokenMoodPage(java.lang.String,java.lang.String)[pri:7, instance:tests.tokenMoodPageTests.AllPageFirefoxTests@32502377]" started-at="2023-08-15T11:51:08 EEST" name="statisticsSectionTokenMoodPage" finished-at="2023-08-15T11:51:13 EEST" duration-ms="5367" status="PASS">
          <params>
            <param index="0">
              <value>
                <![CDATA[https://ai-mood.com/en/block-explorer]]>
              </value>
            </param>
            <param index="1">
              <value>
                <![CDATA[Screenshots/]]>
              </value>
            </param>
          </params>
          <reporter-output>
          </reporter-output>
        </test-method> <!-- statisticsSectionTokenMoodPage -->
        <test-method is-config="true" signature="setUp()[pri:0, instance:tests.tokenMoodPageTests.AllPageFirefoxTests@32502377]" started-at="2023-08-15T11:51:08 EEST" name="setUp" finished-at="2023-08-15T11:51:08 EEST" duration-ms="0" status="PASS">
          <reporter-output>
          </reporter-output>
        </test-method> <!-- setUp -->
        <test-method signature="allFooterTokenMoodPage(java.lang.String,java.lang.String)[pri:8, instance:tests.tokenMoodPageTests.AllPageFirefoxTests@32502377]" started-at="2023-08-15T11:51:13 EEST" name="allFooterTokenMoodPage" finished-at="2023-08-15T11:51:18 EEST" duration-ms="5085" status="PASS">
          <params>
            <param index="0">
              <value>
                <![CDATA[https://ai-mood.com/en/block-explorer]]>
              </value>
            </param>
            <param index="1">
              <value>
                <![CDATA[Screenshots/]]>
              </value>
            </param>
          </params>
          <reporter-output>
          </reporter-output>
        </test-method> <!-- allFooterTokenMoodPage -->
        <test-method is-config="true" signature="setUp()[pri:0, instance:tests.tokenMoodPageTests.AllPageFirefoxTests@32502377]" started-at="2023-08-15T11:51:13 EEST" name="setUp" finished-at="2023-08-15T11:51:13 EEST" duration-ms="0" status="PASS">
          <reporter-output>
          </reporter-output>
        </test-method> <!-- setUp -->
        <test-method signature="partnFooterTokenMoodPage(java.lang.String,java.lang.String)[pri:9, instance:tests.tokenMoodPageTests.AllPageFirefoxTests@32502377]" started-at="2023-08-15T11:51:18 EEST" name="partnFooterTokenMoodPage" finished-at="2023-08-15T11:51:23 EEST" duration-ms="4948" status="PASS">
          <params>
            <param index="0">
              <value>
                <![CDATA[https://ai-mood.com/en/block-explorer]]>
              </value>
            </param>
            <param index="1">
              <value>
                <![CDATA[Screenshots/]]>
              </value>
            </param>
          </params>
          <reporter-output>
          </reporter-output>
        </test-method> <!-- partnFooterTokenMoodPage -->
        <test-method is-config="true" signature="setUp()[pri:0, instance:tests.tokenMoodPageTests.AllPageFirefoxTests@32502377]" started-at="2023-08-15T11:51:18 EEST" name="setUp" finished-at="2023-08-15T11:51:18 EEST" duration-ms="0" status="PASS">
          <reporter-output>
          </reporter-output>
        </test-method> <!-- setUp -->
        <test-method is-config="true" signature="setUp()[pri:0, instance:tests.tokenMoodPageTests.AllPageFirefoxTests@32502377]" started-at="2023-08-15T11:51:23 EEST" name="setUp" finished-at="2023-08-15T11:51:23 EEST" duration-ms="0" status="PASS">
          <reporter-output>
          </reporter-output>
        </test-method> <!-- setUp -->
        <test-method signature="subFooterTokenMoodPage(java.lang.String,java.lang.String)[pri:10, instance:tests.tokenMoodPageTests.AllPageFirefoxTests@32502377]" started-at="2023-08-15T11:51:23 EEST" name="subFooterTokenMoodPage" finished-at="2023-08-15T11:51:28 EEST" duration-ms="4945" status="PASS">
          <params>
            <param index="0">
              <value>
                <![CDATA[https://ai-mood.com/en/block-explorer]]>
              </value>
            </param>
            <param index="1">
              <value>
                <![CDATA[Screenshots/]]>
              </value>
            </param>
          </params>
          <reporter-output>
          </reporter-output>
        </test-method> <!-- subFooterTokenMoodPage -->
        <test-method is-config="true" signature="setUp()[pri:0, instance:tests.tokenMoodPageTests.AllPageFirefoxTests@32502377]" started-at="2023-08-15T11:51:28 EEST" name="setUp" finished-at="2023-08-15T11:51:28 EEST" duration-ms="0" status="PASS">
          <reporter-output>
          </reporter-output>
        </test-method> <!-- setUp -->
        <test-method signature="copFooterTokenMoodPage(java.lang.String,java.lang.String)[pri:11, instance:tests.tokenMoodPageTests.AllPageFirefoxTests@32502377]" started-at="2023-08-15T11:51:28 EEST" name="copFooterTokenMoodPage" finished-at="2023-08-15T11:51:32 EEST" duration-ms="3957" status="PASS">
          <params>
            <param index="0">
              <value>
                <![CDATA[https://ai-mood.com/en/block-explorer]]>
              </value>
            </param>
            <param index="1">
              <value>
                <![CDATA[Screenshots/]]>
              </value>
            </param>
          </params>
          <reporter-output>
          </reporter-output>
        </test-method> <!-- copFooterTokenMoodPage -->
        <test-method is-config="true" signature="tearDown()[pri:0, instance:tests.tokenMoodPageTests.AllPageFirefoxTests@32502377]" started-at="2023-08-15T11:51:32 EEST" name="tearDown" finished-at="2023-08-15T11:51:34 EEST" duration-ms="1847" status="PASS">
          <reporter-output>
          </reporter-output>
        </test-method> <!-- tearDown -->
      </class> <!-- tests.tokenMoodPageTests.AllPageFirefoxTests -->
    </test> <!-- ai-mood - Pixel perfect regression -->
  </suite> <!-- WPT -->
</testng-results>
