-------------------------------------------------------------------------------
Test set: TestSuite
-------------------------------------------------------------------------------
Tests run: 20, Failures: 5, Errors: 0, Skipped: 10, Time elapsed: 162.687 s <<< FAILURE! - in TestSuite
tests.WhatIsAimood.WhatIsAimoodFirefoxTests.allHeaderWhatIsAimoodPage[https://aimood-stage2.intary.net/en/what-is-aimood, Screenshots_St1/](3)  Time elapsed: 20.521 s  <<< FAILURE!
java.lang.AssertionError: *** Images are not similar *** expected [true] but found [false]
	at tests.WhatIsAimood.WhatIsAimoodFirefoxTests.allHeaderWhatIsAimoodPage(WhatIsAimoodFirefoxTests.java:27)

tests.WhatIsAimood.WhatIsAimoodFirefoxTests.mainBlockWhatIsAimoodPage[https://aimood-stage2.intary.net/en/what-is-aimood, Screenshots_St1/](3)  Time elapsed: 5.664 s  <<< FAILURE!
java.lang.AssertionError: *** Images are not similar *** expected [true] but found [false]
	at tests.WhatIsAimood.WhatIsAimoodFirefoxTests.mainBlockWhatIsAimoodPage(WhatIsAimoodFirefoxTests.java:44)

tests.WhatIsAimood.WhatIsAimoodFirefoxTests.WhyChooseWhatIsAimoodPage[https://aimood-stage2.intary.net/en/what-is-aimood, Screenshots_St1/](3)  Time elapsed: 6.078 s  <<< FAILURE!
java.lang.AssertionError: *** Images are not similar *** expected [true] but found [false]
	at tests.WhatIsAimood.WhatIsAimoodFirefoxTests.WhyChooseWhatIsAimoodPage(WhatIsAimoodFirefoxTests.java:63)

tests.WhatIsAimood.WhatIsAimoodFirefoxTests.ecosystemWhatIsAimoodPage[https://aimood-stage2.intary.net/en/what-is-aimood, Screenshots_St1/](3)  Time elapsed: 6.138 s  <<< FAILURE!
java.lang.AssertionError: *** Images are not similar *** expected [true] but found [false]
	at tests.WhatIsAimood.WhatIsAimoodFirefoxTests.ecosystemWhatIsAimoodPage(WhatIsAimoodFirefoxTests.java:80)

tests.WhatIsAimood.WhatIsAimoodFirefoxTests.allFooterWhatIsAimoodPage[https://aimood-stage2.intary.net/en/what-is-aimood, Screenshots_St1/](3)  Time elapsed: 5.656 s  <<< FAILURE!
java.lang.AssertionError: *** Images are not similar *** expected [true] but found [false]
	at tests.WhatIsAimood.WhatIsAimoodFirefoxTests.allFooterWhatIsAimoodPage(WhatIsAimoodFirefoxTests.java:99)

