<?xml version="1.0" encoding="UTF-8"?>
<testsuite xmlns:xsi="http://www.w3.org/2001/XMLSchema-instance" xsi:noNamespaceSchemaLocation="https://maven.apache.org/surefire/maven-surefire-plugin/xsd/surefire-test-report-3.0.xsd" version="3.0" name="TestSuite" time="849.962" tests="146" errors="0" skipped="24" failures="11">
  <properties>
[...]
</properties>
  <testcase name="allHeaderMainPage[https://ai-mood.com/en, Screenshots/](1)" classname="tests.mainPageTests.AllPageFirefoxTests" time="28.525">
    <system-out><![CDATA[The two images are similar.
]]></system-out>
    <system-err><![CDATA[SLF4J: Failed to load class "org.slf4j.impl.StaticLoggerBinder".
SLF4J: Defaulting to no-operation (NOP) logger implementation
SLF4J: See http://www.slf4j.org/codes.html#StaticLoggerBinder for further details.
1692188651048	geckodriver	INFO	Listening on 127.0.0.1:15441
1692188651559	mozrunner::runner	INFO	Running command: "C:\\Program Files\\Mozilla Firefox\\firefox.exe" "--marionette" "--remote-debugging-port" "42740" "--remote ... localhost:42740/,http://[::1]:42740/" "-no-remote" "-profile" "C:\\Users\\admin\\AppData\\Local\\Temp\\rust_mozprofile3K4xBP"
console.warn: services.settings: Ignoring preference override of remote settings server
console.warn: services.settings: Allow by setting MOZ_REMOTE_SETTINGS_DEVTOOLS=1 in the environment
1692188651861	Marionette	INFO	Marionette enabled
Dynamically enable window occlusion 0
1692188651866	Marionette	INFO	Listening on port 50879
Read port: 50879
WebDriver BiDi listening on ws://127.0.0.1:42740
1692188651987	RemoteAgent	WARN	TLS certificate errors will be ignored for this session
[ERROR glean_core] Error setting metrics feature config: Json(Error("EOF while parsing a value", line: 1, column: 0))
DevTools listening on ws://127.0.0.1:42740/devtools/browser/34f4273f-40af-4b46-962d-d362917b2b10
JavaScript error: , line 0: uncaught exception: Object
org.openqa.selenium.NoSuchElementException: Unable to locate element: //div[@class='cookies-inner']/p/button
For documentation on this error, please visit: https://selenium.dev/exceptions/#no_such_element
Build info: version: '4.8.1', revision: '8ebccac989'
System info: os.name: 'Windows 10', os.arch: 'amd64', os.version: '10.0', java.version: '9.0.4'
Driver info: org.openqa.selenium.firefox.FirefoxDriver
Command: [450f236b-f2fa-46b3-9ee8-2d4e9f7187ab, findElement {using=xpath, value=//div[@class='cookies-inner']/p/button}]
Capabilities {acceptInsecureCerts: true, browserName: firefox, browserVersion: 113.0.2, moz:accessibilityChecks: false, moz:buildID: 20230522134052, moz:debuggerAddress: 127.0.0.1:42740, moz:geckodriverVersion: 0.33.0, moz:headless: false, moz:platformVersion: 10.0, moz:processID: 1580, moz:profile: C:\Users\admin\AppData\Loca..., moz:shutdownTimeout: 60000, moz:useNonSpecCompliantPointerOrigin: false, moz:webdriverClick: true, moz:windowless: false, pageLoadStrategy: normal, platformName: WINDOWS, proxy: Proxy(), se:cdp: ws://127.0.0.1:42740/devtoo..., se:cdpVersion: 85.0, setWindowRect: true, strictFileInteractability: false, timeouts: {implicit: 0, pageLoad: 300000, script: 30000}, unhandledPromptBehavior: dismiss and notify}
Session ID: 450f236b-f2fa-46b3-9ee8-2d4e9f7187ab
	at java.base/jdk.internal.reflect.NativeConstructorAccessorImpl.newInstance0(Native Method)
	at java.base/jdk.internal.reflect.NativeConstructorAccessorImpl.newInstance(NativeConstructorAccessorImpl.java:62)
	at java.base/jdk.internal.reflect.DelegatingConstructorAccessorImpl.newInstance(DelegatingConstructorAccessorImpl.java:45)
	at java.base/java.lang.reflect.Constructor.newInstance(Constructor.java:488)
	at org.openqa.selenium.remote.codec.w3c.W3CHttpResponseCodec.createException(W3CHttpResponseCodec.java:200)
	at org.openqa.selenium.remote.codec.w3c.W3CHttpResponseCodec.decode(W3CHttpResponseCodec.java:133)
	at org.openqa.selenium.remote.codec.w3c.W3CHttpResponseCodec.decode(W3CHttpResponseCodec.java:53)
	at org.openqa.selenium.remote.HttpCommandExecutor.execute(HttpCommandExecutor.java:184)
	at org.openqa.selenium.remote.service.DriverCommandExecutor.invokeExecute(DriverCommandExecutor.java:167)
	at org.openqa.selenium.remote.service.DriverCommandExecutor.execute(DriverCommandExecutor.java:142)
	at org.openqa.selenium.remote.RemoteWebDriver.execute(RemoteWebDriver.java:543)
	at org.openqa.selenium.remote.ElementLocation$ElementFinder$2.findElement(ElementLocation.java:162)
	at org.openqa.selenium.remote.ElementLocation.findElement(ElementLocation.java:60)
	at org.openqa.selenium.remote.RemoteWebDriver.findElement(RemoteWebDriver.java:352)
	at org.openqa.selenium.remote.RemoteWebDriver.findElement(RemoteWebDriver.java:344)
	at pages.base.Action.findElementByXpath(Action.java:30)
	at pages.base.Action.ifButtonIsPresentClick(Action.java:109)
	at tests.mainPageTests.AllPageFirefoxTests.allHeaderMainPage(AllPageFirefoxTests.java:23)
	at java.base/jdk.internal.reflect.NativeMethodAccessorImpl.invoke0(Native Method)
	at java.base/jdk.internal.reflect.NativeMethodAccessorImpl.invoke(NativeMethodAccessorImpl.java:62)
	at java.base/jdk.internal.reflect.DelegatingMethodAccessorImpl.invoke(DelegatingMethodAccessorImpl.java:43)
	at java.base/java.lang.reflect.Method.invoke(Method.java:564)
	at org.testng.internal.invokers.MethodInvocationHelper.invokeMethod(MethodInvocationHelper.java:135)
	at org.testng.internal.invokers.TestInvoker.invokeMethod(TestInvoker.java:673)
	at org.testng.internal.invokers.TestInvoker.invokeTestMethod(TestInvoker.java:220)
	at org.testng.internal.invokers.MethodRunner.runInSequence(MethodRunner.java:50)
	at org.testng.internal.invokers.TestInvoker$MethodInvocationAgent.invoke(TestInvoker.java:945)
	at org.testng.internal.invokers.TestInvoker.invokeTestMethods(TestInvoker.java:193)
	at org.testng.internal.invokers.TestMethodWorker.invokeTestMethods(TestMethodWorker.java:146)
	at org.testng.internal.invokers.TestMethodWorker.run(TestMethodWorker.java:128)
	at java.base/java.util.ArrayList.forEach(ArrayList.java:1380)
	at org.testng.TestRunner.privateRun(TestRunner.java:808)
	at org.testng.TestRunner.run(TestRunner.java:603)
	at org.testng.SuiteRunner.runTest(SuiteRunner.java:429)
	at org.testng.SuiteRunner.runSequentially(SuiteRunner.java:423)
	at org.testng.SuiteRunner.privateRun(SuiteRunner.java:383)
	at org.testng.SuiteRunner.run(SuiteRunner.java:326)
	at org.testng.SuiteRunnerWorker.runSuite(SuiteRunnerWorker.java:52)
	at org.testng.SuiteRunnerWorker.run(SuiteRunnerWorker.java:95)
	at org.testng.TestNG.runSuitesSequentially(TestNG.java:1249)
	at org.testng.TestNG.runSuitesLocally(TestNG.java:1169)
	at org.testng.TestNG.runSuites(TestNG.java:1092)
	at org.testng.TestNG.run(TestNG.java:1060)
	at org.apache.maven.surefire.testng.TestNGExecutor.run(TestNGExecutor.java:284)
	at org.apache.maven.surefire.testng.TestNGXmlTestSuite.execute(TestNGXmlTestSuite.java:75)
	at org.apache.maven.surefire.testng.TestNGProvider.invoke(TestNGProvider.java:119)
	at org.apache.maven.surefire.booter.ForkedBooter.runSuitesInProcess(ForkedBooter.java:428)
	at org.apache.maven.surefire.booter.ForkedBooter.execute(ForkedBooter.java:162)
	at org.apache.maven.surefire.booter.ForkedBooter.run(ForkedBooter.java:562)
	at org.apache.maven.surefire.booter.ForkedBooter.main(ForkedBooter.java:548)
]]></system-err>
  </testcase>
  <testcase name="getStartedHeaderMainPage[https://ai-mood.com/en, Screenshots/](1)" classname="tests.mainPageTests.AllPageFirefoxTests" time="4.283">
    <system-out><![CDATA[The two images are similar.
]]></system-out>
  </testcase>
  <testcase name="learnHeaderMainPage[https://ai-mood.com/en, Screenshots/](1)" classname="tests.mainPageTests.AllPageFirefoxTests" time="4.288">
    <system-out><![CDATA[The two images are similar.
]]></system-out>
  </testcase>
  <testcase name="resourcesHeaderMainPage[https://ai-mood.com/en, Screenshots/](1)" classname="tests.mainPageTests.AllPageFirefoxTests" time="4.322">
    <system-out><![CDATA[The two images are similar.
]]></system-out>
  </testcase>
  <testcase name="mainSectionMainPage[https://ai-mood.com/en, Screenshots/](1)" classname="tests.mainPageTests.AllPageFirefoxTests" time="5.141">
    <system-out><![CDATA[The two images are similar.
]]></system-out>
  </testcase>
  <testcase name="videoSectionMainPage[https://ai-mood.com/en, Screenshots/](1)" classname="tests.mainPageTests.AllPageFirefoxTests" time="5.403">
    <system-out><![CDATA[The two images are similar.
]]></system-out>
  </testcase>
  <testcase name="roadmapSectionMainPage[https://ai-mood.com/en, Screenshots/](1)" classname="tests.mainPageTests.AllPageFirefoxTests" time="5.315">
    <system-out><![CDATA[The two images are similar.
]]></system-out>
  </testcase>
  <testcase name="statisticsSectionMainPage[https://ai-mood.com/en, Screenshots/](1)" classname="tests.mainPageTests.AllPageFirefoxTests" time="0">
    <skipped message="*** Images are not similar *** expected [true] but found [false]"/>
    <system-out><![CDATA[The two images are not similar.
Difference found. See the file D:\jenkins-agent-data\workspace\pixelPerfectMultiPlatform_AI_Mood_Prod\Screenshots\Main_page\EnFirefox\Screenshots_statisticsSectionMainPage\difference.png for details.
]]></system-out>
  </testcase>
  <testcase name="statisticsSectionMainPage[https://ai-mood.com/en, Screenshots/](2)" classname="tests.mainPageTests.AllPageFirefoxTests" time="5.3">
    <system-out><![CDATA[The two images are similar.
]]></system-out>
  </testcase>
  <testcase name="leaningSectionMainPage[https://ai-mood.com/en, Screenshots/](1)" classname="tests.mainPageTests.AllPageFirefoxTests" time="5.387">
    <system-out><![CDATA[The two images are similar.
]]></system-out>
  </testcase>
  <testcase name="allFooterMainPage[https://ai-mood.com/en, Screenshots/](1)" classname="tests.mainPageTests.AllPageFirefoxTests" time="5.046">
    <system-out><![CDATA[The two images are similar.
]]></system-out>
  </testcase>
  <testcase name="partnFooterMainPage[https://ai-mood.com/en, Screenshots/](1)" classname="tests.mainPageTests.AllPageFirefoxTests" time="4.955">
    <system-out><![CDATA[The two images are similar.
]]></system-out>
  </testcase>
  <testcase name="subFooterMainPage[https://ai-mood.com/en, Screenshots/](1)" classname="tests.mainPageTests.AllPageFirefoxTests" time="5.178">
    <system-out><![CDATA[The two images are similar.
]]></system-out>
  </testcase>
  <testcase name="copFooterMainPage[https://ai-mood.com/en, Screenshots/](1)" classname="tests.mainPageTests.AllPageFirefoxTests" time="4.094">
    <system-out><![CDATA[The two images are similar.
]]></system-out>
  </testcase>
  <testcase name="allHeaderMainPage[https://ai-mood.com/en, Screenshots/](1)" classname="tests.mainPageTests.AllPageChromeTests" time="23.494">
    <system-out><![CDATA[The two images are similar.
]]></system-out>
    <system-err><![CDATA[1692188746730	RemoteAgent	INFO	Perform WebSocket upgrade for incoming connection from 127.0.0.1:51075
1692188746734	CDP	WARN	Invalid browser preferences for CDP. Set "fission.webContentIsolationStrategy"to 0 and "fission.bfcacheInParent" to false before Firefox starts.
1692188746771	Marionette	INFO	Stopped listening on port 50879
[Child 3692, Main Thread] WARNING: JSWindowActorChild::SendRawMessage (Conduits, ConduitClosed) not sent: !CanSend() || !mManager || !mManager->CanSend(): file /builds/worker/checkouts/gecko/dom/ipc/jsactor/JSWindowActorChild.cpp:57
[Child 3692, Main Thread] WARNING: JSWindowActorChild::SendRawMessage (Conduits, ConduitClosed) not sent: !CanSend() || !mManager || !mManager->CanSend(): file /builds/worker/checkouts/gecko/dom/ipc/jsactor/JSWindowActorChild.cpp:57
[Child 3692, Main Thread] WARNING: JSWindowActorChild::SendRawMessage (Conduits, ConduitClosed) not sent: !CanSend() || !mManager || !mManager->CanSend(): file /builds/worker/checkouts/gecko/dom/ipc/jsactor/JSWindowActorChild.cpp:57
[Child 3692, Main Thread] WARNING: JSWindowActorChild::SendRawMessage (Conduits, ConduitClosed) not sent: !CanSend() || !mManager || !mManager->CanSend(): file /builds/worker/checkouts/gecko/dom/ipc/jsactor/JSWindowActorChild.cpp:57
[Child 3692, Main Thread] WARNING: JSWindowActorChild::SendRawMessage (Conduits, ConduitClosed) not sent: !CanSend() || !mManager || !mManager->CanSend(): file /builds/worker/checkouts/gecko/dom/ipc/jsactor/JSWindowActorChild.cpp:57
[Child 3692, Main Thread] WARNING: JSWindowActorChild::SendRawMessage (Conduits, ConduitClosed) not sent: !CanSend() || !mManager || !mManager->CanSend(): file /builds/worker/checkouts/gecko/dom/ipc/jsactor/JSWindowActorChild.cpp:57
[Child 3692, Main Thread] WARNING: JSWindowActorChild::SendRawMessage (Conduits, ConduitClosed) not sent: !CanSend() || !mManager || !mManager->CanSend(): file /builds/worker/checkouts/gecko/dom/ipc/jsactor/JSWindowActorChild.cpp:57
[Child 3692, Main Thread] WARNING: JSWindowActorChild::SendRawMessage (Conduits, ConduitClosed) not sent: !CanSend() || !mManager || !mManager->CanSend(): file /builds/worker/checkouts/gecko/dom/ipc/jsactor/JSWindowActorChild.cpp:57
[Child 3692, Main Thread] WARNING: JSWindowActorChild::SendRawMessage (Conduits, ConduitClosed) not sent: !CanSend() || !mManager || !mManager->CanSend(): file /builds/worker/checkouts/gecko/dom/ipc/jsactor/JSWindowActorChild.cpp:57
Dynamically enable window occlusion 1
Starting ChromeDriver 114.0.5735.90 (386bc09e8f4f2e025eddae123f36f6263096ae49-refs/branch-heads/5735@{#1052}) on port 13653
Only local connections are allowed.
Please see https://chromedriver.chromium.org/security-considerations for suggestions on keeping ChromeDriver safe.
ChromeDriver was started successfully.
[1692188749.939][WARNING]: This version of ChromeDriver has not been tested with Chrome version 115.
серп. 16, 2023 3:25:49 ПП org.openqa.selenium.devtools.CdpVersionFinder findNearestMatch
WARNING: Unable to find CDP implementation matching 115
серп. 16, 2023 3:25:50 ПП org.openqa.selenium.chromium.ChromiumDriver lambda$new$3
WARNING: Unable to find version of CDP to use for . You may need to include a dependency on a specific version of the CDP using something similar to `org.seleniumhq.selenium:selenium-devtools-v86:4.8.1` where the version ("v86") matches the version of the chromium-based browser you're using and the version number of the artifact is the same as Selenium's.
org.openqa.selenium.NoSuchElementException: no such element: Unable to locate element: {"method":"xpath","selector":"//div[@class='cookies-inner']/p/button"}
  (Session info: chrome=115.0.5790.171)
For documentation on this error, please visit: https://selenium.dev/exceptions/#no_such_element
Build info: version: '4.8.1', revision: '8ebccac989'
System info: os.name: 'Windows 10', os.arch: 'amd64', os.version: '10.0', java.version: '9.0.4'
Driver info: org.openqa.selenium.chrome.ChromeDriver
Command: [d613777be54a1d5189c52bd438e01f5e, findElement {using=xpath, value=//div[@class='cookies-inner']/p/button}]
Capabilities {acceptInsecureCerts: false, browserName: chrome, browserVersion: 115.0.5790.171, chrome: {chromedriverVersion: 114.0.5735.90 (386bc09e8f4f..., userDataDir: C:\Users\admin\AppData\Loca...}, goog:chromeOptions: {debuggerAddress: localhost:51084}, networkConnectionEnabled: false, pageLoadStrategy: normal, platformName: WINDOWS, proxy: Proxy(), se:cdp: ws://localhost:51084/devtoo..., se:cdpVersion: 115.0.5790.171, setWindowRect: true, strictFileInteractability: false, timeouts: {implicit: 0, pageLoad: 300000, script: 30000}, unhandledPromptBehavior: dismiss and notify, webauthn:extension:credBlob: true, webauthn:extension:largeBlob: true, webauthn:extension:minPinLength: true, webauthn:extension:prf: true, webauthn:virtualAuthenticators: true}
Session ID: d613777be54a1d5189c52bd438e01f5e
	at java.base/jdk.internal.reflect.NativeConstructorAccessorImpl.newInstance0(Native Method)
	at java.base/jdk.internal.reflect.NativeConstructorAccessorImpl.newInstance(NativeConstructorAccessorImpl.java:62)
	at java.base/jdk.internal.reflect.DelegatingConstructorAccessorImpl.newInstance(DelegatingConstructorAccessorImpl.java:45)
	at java.base/java.lang.reflect.Constructor.newInstance(Constructor.java:488)
	at org.openqa.selenium.remote.codec.w3c.W3CHttpResponseCodec.createException(W3CHttpResponseCodec.java:200)
	at org.openqa.selenium.remote.codec.w3c.W3CHttpResponseCodec.decode(W3CHttpResponseCodec.java:133)
	at org.openqa.selenium.remote.codec.w3c.W3CHttpResponseCodec.decode(W3CHttpResponseCodec.java:53)
	at org.openqa.selenium.remote.HttpCommandExecutor.execute(HttpCommandExecutor.java:184)
	at org.openqa.selenium.remote.service.DriverCommandExecutor.invokeExecute(DriverCommandExecutor.java:167)
	at org.openqa.selenium.remote.service.DriverCommandExecutor.execute(DriverCommandExecutor.java:142)
	at org.openqa.selenium.remote.RemoteWebDriver.execute(RemoteWebDriver.java:543)
	at org.openqa.selenium.remote.ElementLocation$ElementFinder$2.findElement(ElementLocation.java:162)
	at org.openqa.selenium.remote.ElementLocation.findElement(ElementLocation.java:60)
	at org.openqa.selenium.remote.RemoteWebDriver.findElement(RemoteWebDriver.java:352)
	at org.openqa.selenium.remote.RemoteWebDriver.findElement(RemoteWebDriver.java:344)
	at pages.base.Action.findElementByXpath(Action.java:30)
	at pages.base.Action.ifButtonIsPresentClick(Action.java:109)
	at tests.mainPageTests.AllPageChromeTests.allHeaderMainPage(AllPageChromeTests.java:23)
	at java.base/jdk.internal.reflect.NativeMethodAccessorImpl.invoke0(Native Method)
	at java.base/jdk.internal.reflect.NativeMethodAccessorImpl.invoke(NativeMethodAccessorImpl.java:62)
	at java.base/jdk.internal.reflect.DelegatingMethodAccessorImpl.invoke(DelegatingMethodAccessorImpl.java:43)
	at java.base/java.lang.reflect.Method.invoke(Method.java:564)
	at org.testng.internal.invokers.MethodInvocationHelper.invokeMethod(MethodInvocationHelper.java:135)
	at org.testng.internal.invokers.TestInvoker.invokeMethod(TestInvoker.java:673)
	at org.testng.internal.invokers.TestInvoker.invokeTestMethod(TestInvoker.java:220)
	at org.testng.internal.invokers.MethodRunner.runInSequence(MethodRunner.java:50)
	at org.testng.internal.invokers.TestInvoker$MethodInvocationAgent.invoke(TestInvoker.java:945)
	at org.testng.internal.invokers.TestInvoker.invokeTestMethods(TestInvoker.java:193)
	at org.testng.internal.invokers.TestMethodWorker.invokeTestMethods(TestMethodWorker.java:146)
	at org.testng.internal.invokers.TestMethodWorker.run(TestMethodWorker.java:128)
	at java.base/java.util.ArrayList.forEach(ArrayList.java:1380)
	at org.testng.TestRunner.privateRun(TestRunner.java:808)
	at org.testng.TestRunner.run(TestRunner.java:603)
	at org.testng.SuiteRunner.runTest(SuiteRunner.java:429)
	at org.testng.SuiteRunner.runSequentially(SuiteRunner.java:423)
	at org.testng.SuiteRunner.privateRun(SuiteRunner.java:383)
	at org.testng.SuiteRunner.run(SuiteRunner.java:326)
	at org.testng.SuiteRunnerWorker.runSuite(SuiteRunnerWorker.java:52)
	at org.testng.SuiteRunnerWorker.run(SuiteRunnerWorker.java:95)
	at org.testng.TestNG.runSuitesSequentially(TestNG.java:1249)
	at org.testng.TestNG.runSuitesLocally(TestNG.java:1169)
	at org.testng.TestNG.runSuites(TestNG.java:1092)
	at org.testng.TestNG.run(TestNG.java:1060)
	at org.apache.maven.surefire.testng.TestNGExecutor.run(TestNGExecutor.java:284)
	at org.apache.maven.surefire.testng.TestNGXmlTestSuite.execute(TestNGXmlTestSuite.java:75)
	at org.apache.maven.surefire.testng.TestNGProvider.invoke(TestNGProvider.java:119)
	at org.apache.maven.surefire.booter.ForkedBooter.runSuitesInProcess(ForkedBooter.java:428)
	at org.apache.maven.surefire.booter.ForkedBooter.execute(ForkedBooter.java:162)
	at org.apache.maven.surefire.booter.ForkedBooter.run(ForkedBooter.java:562)
	at org.apache.maven.surefire.booter.ForkedBooter.main(ForkedBooter.java:548)
]]></system-err>
  </testcase>
  <testcase name="getStartedHeaderMainPage[https://ai-mood.com/en, Screenshots/](1)" classname="tests.mainPageTests.AllPageChromeTests" time="4.473">
    <system-out><![CDATA[The two images are similar.
]]></system-out>
  </testcase>
  <testcase name="learnHeaderMainPage[https://ai-mood.com/en, Screenshots/](1)" classname="tests.mainPageTests.AllPageChromeTests" time="4.434">
    <system-out><![CDATA[The two images are similar.
]]></system-out>
  </testcase>
  <testcase name="resourcesHeaderMainPage[https://ai-mood.com/en, Screenshots/](1)" classname="tests.mainPageTests.AllPageChromeTests" time="4.413">
    <system-out><![CDATA[The two images are similar.
]]></system-out>
  </testcase>
  <testcase name="mainSectionMainPage[https://ai-mood.com/en, Screenshots/](1)" classname="tests.mainPageTests.AllPageChromeTests" time="5.572">
    <system-out><![CDATA[The two images are similar.
]]></system-out>
  </testcase>
  <testcase name="videoSectionMainPage[https://ai-mood.com/en, Screenshots/](1)" classname="tests.mainPageTests.AllPageChromeTests" time="5.771">
    <system-out><![CDATA[The two images are similar.
]]></system-out>
  </testcase>
  <testcase name="roadmapSectionMainPage[https://ai-mood.com/en, Screenshots/](1)" classname="tests.mainPageTests.AllPageChromeTests" time="5.791">
    <system-out><![CDATA[The two images are similar.
]]></system-out>
  </testcase>
  <testcase name="statisticsSectionMainPage[https://ai-mood.com/en, Screenshots/](1)" classname="tests.mainPageTests.AllPageChromeTests" time="5.808">
    <system-out><![CDATA[The two images are similar.
]]></system-out>
  </testcase>
  <testcase name="leaningSectionMainPage[https://ai-mood.com/en, Screenshots/](1)" classname="tests.mainPageTests.AllPageChromeTests" time="6.342">
    <system-out><![CDATA[The two images are similar.
]]></system-out>
  </testcase>
  <testcase name="allFooterMainPage[https://ai-mood.com/en, Screenshots/](1)" classname="tests.mainPageTests.AllPageChromeTests" time="5.49">
    <system-out><![CDATA[The two images are similar.
]]></system-out>
  </testcase>
  <testcase name="partnFooterMainPage[https://ai-mood.com/en, Screenshots/](1)" classname="tests.mainPageTests.AllPageChromeTests" time="5.164">
    <system-out><![CDATA[The two images are similar.
]]></system-out>
  </testcase>
  <testcase name="subFooterMainPage[https://ai-mood.com/en, Screenshots/](1)" classname="tests.mainPageTests.AllPageChromeTests" time="5.179">
    <system-out><![CDATA[The two images are similar.
]]></system-out>
  </testcase>
  <testcase name="copFooterMainPage[https://ai-mood.com/en, Screenshots/](1)" classname="tests.mainPageTests.AllPageChromeTests" time="4.262">
    <system-out><![CDATA[The two images are similar.
]]></system-out>
  </testcase>
  <testcase name="allHeaderMarketPlacePage[https://ai-mood.com/en/market-place, Screenshots/](1)" classname="tests.marketPlacePageTests.AllPageFirefoxTests" time="13.645">
    <system-out><![CDATA[The two images are similar.
]]></system-out>
    <system-err><![CDATA[1692188837090	geckodriver	INFO	Listening on 127.0.0.1:24113
1692188837134	mozrunner::runner	INFO	Running command: "C:\\Program Files\\Mozilla Firefox\\firefox.exe" "--marionette" "--remote-debugging-port" "20114" "--remote ... localhost:20114/,http://[::1]:20114/" "-no-remote" "-profile" "C:\\Users\\admin\\AppData\\Local\\Temp\\rust_mozprofileyNFQAG"
console.warn: services.settings: Ignoring preference override of remote settings server
console.warn: services.settings: Allow by setting MOZ_REMOTE_SETTINGS_DEVTOOLS=1 in the environment
1692188837418	Marionette	INFO	Marionette enabled
Dynamically enable window occlusion 0
1692188837426	Marionette	INFO	Listening on port 51239
Read port: 51239
WebDriver BiDi listening on ws://127.0.0.1:20114
1692188837549	RemoteAgent	WARN	TLS certificate errors will be ignored for this session
[ERROR glean_core] Error setting metrics feature config: Json(Error("EOF while parsing a value", line: 1, column: 0))
DevTools listening on ws://127.0.0.1:20114/devtools/browser/910a31ab-e4f4-46b7-96d5-1b6acafebc7c
]]></system-err>
  </testcase>
  <testcase name="getStartedHeaderMarketPlacePage[https://ai-mood.com/en/market-place, Screenshots/](1)" classname="tests.marketPlacePageTests.AllPageFirefoxTests" time="4.066">
    <system-out><![CDATA[The two images are similar.
]]></system-out>
  </testcase>
  <testcase name="learnHeaderMarketPlacePage[https://ai-mood.com/en/market-place, Screenshots/](1)" classname="tests.marketPlacePageTests.AllPageFirefoxTests" time="4.085">
    <system-out><![CDATA[The two images are similar.
]]></system-out>
  </testcase>
  <testcase name="resourcesHeaderMarketPlacePage[https://ai-mood.com/en/market-place, Screenshots/](1)" classname="tests.marketPlacePageTests.AllPageFirefoxTests" time="4.104">
    <system-out><![CDATA[The two images are similar.
]]></system-out>
  </testcase>
  <testcase name="mainSectionMarketPlacePage[https://ai-mood.com/en/market-place, Screenshots/](1)" classname="tests.marketPlacePageTests.AllPageFirefoxTests" time="4.885">
    <system-out><![CDATA[The two images are similar.
]]></system-out>
  </testcase>
  <testcase name="statisticsSectionMarketPlacePage[https://ai-mood.com/en/market-place, Screenshots/](1)" classname="tests.marketPlacePageTests.AllPageFirefoxTests" time="5.33">
    <system-out><![CDATA[The two images are similar.
]]></system-out>
  </testcase>
  <testcase name="allFooterMarketPlacePage[https://ai-mood.com/en/market-place, Screenshots/](1)" classname="tests.marketPlacePageTests.AllPageFirefoxTests" time="5.013">
    <system-out><![CDATA[The two images are similar.
]]></system-out>
  </testcase>
  <testcase name="partnFooterMarketPlacePage[https://ai-mood.com/en/market-place, Screenshots/](1)" classname="tests.marketPlacePageTests.AllPageFirefoxTests" time="4.979">
    <system-out><![CDATA[The two images are similar.
]]></system-out>
  </testcase>
  <testcase name="subFooterMarketPlacePage[https://ai-mood.com/en/market-place, Screenshots/](1)" classname="tests.marketPlacePageTests.AllPageFirefoxTests" time="4.907">
    <system-out><![CDATA[The two images are similar.
]]></system-out>
  </testcase>
  <testcase name="copFooterMarketPlacePage[https://ai-mood.com/en/market-place, Screenshots/](1)" classname="tests.marketPlacePageTests.AllPageFirefoxTests" time="3.94">
    <system-out><![CDATA[The two images are similar.
]]></system-out>
  </testcase>
  <testcase name="allHeaderMarketPlacePage[https://ai-mood.com/en/market-place, Screenshots/](1)" classname="tests.marketPlacePageTests.AllPageChromeTests" time="6.352">
    <system-out><![CDATA[The two images are similar.
]]></system-out>
    <system-err><![CDATA[1692188894462	RemoteAgent	INFO	Perform WebSocket upgrade for incoming connection from 127.0.0.1:51375
1692188894466	CDP	WARN	Invalid browser preferences for CDP. Set "fission.webContentIsolationStrategy"to 0 and "fission.bfcacheInParent" to false before Firefox starts.
1692188894472	Marionette	INFO	Stopped listening on port 51239
[Child 6972, Main Thread] WARNING: JSWindowActorChild::SendRawMessage (Conduits, ConduitClosed) not sent: !CanSend() || !mManager || !mManager->CanSend(): file /builds/worker/checkouts/gecko/dom/ipc/jsactor/JSWindowActorChild.cpp:57
[Child 6972, Main Thread] WARNING: JSWindowActorChild::SendRawMessage (Conduits, ConduitClosed) not sent: !CanSend() || !mManager || !mManager->CanSend(): file /builds/worker/checkouts/gecko/dom/ipc/jsactor/JSWindowActorChild.cpp:57
[Child 6972, Main Thread] WARNING: JSWindowActorChild::SendRawMessage (Conduits, ConduitClosed) not sent: !CanSend() || !mManager || !mManager->CanSend(): file /builds/worker/checkouts/gecko/dom/ipc/jsactor/JSWindowActorChild.cpp:57
[Child 6972, Main Thread] WARNING: JSWindowActorChild::SendRawMessage (Conduits, ConduitClosed) not sent: !CanSend() || !mManager || !mManager->CanSend(): file /builds/worker/checkouts/gecko/dom/ipc/jsactor/JSWindowActorChild.cpp:57
[Child 6972, Main Thread] WARNING: JSWindowActorChild::SendRawMessage (Conduits, ConduitClosed) not sent: !CanSend() || !mManager || !mManager->CanSend(): file /builds/worker/checkouts/gecko/dom/ipc/jsactor/JSWindowActorChild.cpp:57
[Child 6972, Main Thread] WARNING: JSWindowActorChild::SendRawMessage (Conduits, ConduitClosed) not sent: !CanSend() || !mManager || !mManager->CanSend(): file /builds/worker/checkouts/gecko/dom/ipc/jsactor/JSWindowActorChild.cpp:57
[Child 6972, Main Thread] WARNING: JSWindowActorChild::SendRawMessage (Conduits, ConduitClosed) not sent: !CanSend() || !mManager || !mManager->CanSend(): file /builds/worker/checkouts/gecko/dom/ipc/jsactor/JSWindowActorChild.cpp:57
[Child 6972, Main Thread] WARNING: JSWindowActorChild::SendRawMessage (Conduits, ConduitClosed) not sent: !CanSend() || !mManager || !mManager->CanSend(): file /builds/worker/checkouts/gecko/dom/ipc/jsactor/JSWindowActorChild.cpp:57
[Child 6972, Main Thread] WARNING: JSWindowActorChild::SendRawMessage (Conduits, ConduitClosed) not sent: !CanSend() || !mManager || !mManager->CanSend(): file /builds/worker/checkouts/gecko/dom/ipc/jsactor/JSWindowActorChild.cpp:57
Dynamically enable window occlusion 1
WARNING: A blocker encountered an error while we were waiting.
          Blocker:  Waiting for ping task
          Phase: TelemetryController: Waiting for pending ping activity
          State: (none)
WARNING: Error: Phase "profile-before-change" is finished, it is too late to register completion condition "OS.File: flush I/O queued before profileBeforeChange"
WARNING: addBlocker@resource://gre/modules/AsyncShutdown.sys.mjs:727:15
addBlocker@resource://gre/modules/AsyncShutdown.sys.mjs:523:26
addBlocker@resource://gre/modules/AsyncShutdown.sys.mjs:458:15
setupShutdown@resource://gre/modules/osfile/osfile_async_front.jsm:1548:28
@resource://gre/modules/osfile/osfile_async_front.jsm:1568:16
@resource://gre/modules/osfile.jsm:12:30
@resource://gre/modules/TelemetryStorage.sys.mjs:10:28
_checkPendingPings@resource://gre/modules/TelemetrySend.sys.mjs:859:17
setup@resource://gre/modules/TelemetrySend.sys.mjs:799:18
setup@resource://gre/modules/TelemetrySend.sys.mjs:237:30
setupTelemetry/this._delayedInitTask<@resource://gre/modules/TelemetryControllerParent.sys.mjs:824:36
observe@resource://gre/modules/AsyncShutdown.sys.mjs:576:16

console.error: "TelemetryScheduler.shutdown - Already shut down"
WARNING: A blocker encountered an error while we were waiting.
          Blocker:  Waiting for ping task
          Phase: TelemetryController: Waiting for pending ping activity
          State: (none)
WARNING: Error: Phase "profile-before-change" is finished, it is too late to register completion condition "OS.File: flush I/O queued before profileBeforeChange"
WARNING: addBlocker@resource://gre/modules/AsyncShutdown.sys.mjs:727:15
addBlocker@resource://gre/modules/AsyncShutdown.sys.mjs:523:26
addBlocker@resource://gre/modules/AsyncShutdown.sys.mjs:458:15
setupShutdown@resource://gre/modules/osfile/osfile_async_front.jsm:1548:28
@resource://gre/modules/osfile/osfile_async_front.jsm:1568:16
@resource://gre/modules/osfile.jsm:12:30
@resource://gre/modules/TelemetryStorage.sys.mjs:10:28
_checkPendingPings@resource://gre/modules/TelemetrySend.sys.mjs:859:17
setup@resource://gre/modules/TelemetrySend.sys.mjs:799:18
setup@resource://gre/modules/TelemetrySend.sys.mjs:237:30
setupTelemetry/this._delayedInitTask<@resource://gre/modules/TelemetryControllerParent.sys.mjs:824:36
observe@resource://gre/modules/AsyncShutdown.sys.mjs:576:16

WARNING: A blocker encountered an error while we were waiting.
          Blocker:  Waiting for ping task
          Phase: TelemetryController: Waiting for pending ping activity
          State: (none)
WARNING: Error: Phase "profile-before-change" is finished, it is too late to register completion condition "OS.File: flush I/O queued before profileBeforeChange"
WARNING: addBlocker@resource://gre/modules/AsyncShutdown.sys.mjs:727:15
addBlocker@resource://gre/modules/AsyncShutdown.sys.mjs:523:26
addBlocker@resource://gre/modules/AsyncShutdown.sys.mjs:458:15
setupShutdown@resourceJa:v/aS/cgrriep/t meordruorl:e sr/eososufricle://gre/meo/douslfielse/_AassyyncnSch_uftrdoonwnt..sjyssm.:m1j5s, 4l8i:n2e8 7
2@7re:s ouErcrer:/o/rg:r eP/hmaosdeul e"prosfi/losef-ibleef/oorsef-iclhea_nagsey"n ci_sf frionnits.hejds, mi:t 1i5s6 8t:o1o6 l
a@rtees otuo rrceeg:i/st/gerre/mo dcoumlpelest/ioons fcoinldei.tjiosnm :"1OS2.:F3il0e: 
f@lursehs oIu/rO cqeu:eu/e/d gbreefo/rem opdrofiulleeBesf/oTreeClheamnetrgyeS"t
orage.sys.mjs:10J:a2v8aS
c_rcihpetck Peernrdoir:n grPeisngosur@cree:/so/ugrrcee/:mo//grde/umloedsu/lAesysn/TceSlhuemtedtorwnyS.esnyds..msjyss, .lminjes :78275:9 :E1r7ro
rs:e tPuph@asre e"profsiolue-rce:b/e/fogrere-/cmhaongdeu" lise sfi/nTisehleed,m eitt riysS etnod.o slysat.em jtso: 7r9e9g:i1s8ter
 scoemptletion counpd@itiorne s"oOuSr.cFei:le/: /fglrues/hm Io/dOu lqeuseu/Tede lbeefmoerte rpyrSoefnidl.esByesf.omrjesCh:an2g37e:"30
J
asvetauSpcTrieplte meerrtorry:/t hreiss.o_udreclea:y/e/dgrInei/tmToaduslke<s@r/AessoynucrScheu:t/d/gorwen/.smyosd.ules/mTjse,l elmienet r7yC2o7:n tErrorlloerr:Pa rPheanste. s"yps.romfjils:e8-2b4:e3f6o
roeb-cshearnvgee@"r eisso furce://gre/modules/AsyncShutdown.sys.mjs:576:16

WARNING: A blocker enicountered nains ehrerd, it iso rt owoh illaet ew et ow erreeg wiasittienrg. 
c o m  p l e t i o nB lcocoknedri:ti o nT e"lOSem.eFtirley:C folnutsrho llIer: sh/uOt tqinuge uedodw nb
e f o r e    p r o fPilheaBseef:o rperCohfainlgee-"bef
orJea-vcahanSgcer-itpetl eemrertorry: re
s o  u r c e : /  State: Error /getgrtei/nmogd usletsa/tAes:y nEcSrhruotrd:o wPnha.sse y"psro.fmijls,e lin-eb e7f27o:r eE-rcrohra:n gPeh"a sies  "fpirnoifislhe-ebde,f oiret- cihsa ntgoeo"  liaste  fitnoi rsehgedis, tietr  isc otmopo llateet itoo rne gciosntderi tcioompnl e"tOiSon. Fciolned:i tfilouns h" OIS./FOile: flus hq uIe/uOe qued ubeed fboefroer ep rprofoiflielBeeBfeofroreeCChhaannggee""
 Jaavta SacdrdiBptl oecrkroerr:@ rreessoouurcrec:e/:///ggrre/em/omdoudluesl/eAss/yAnscySnhuctSdhouwtnd.osywsn..msjyss, .limnjes 7:277:2 E7r:r15or
:a dPdhaBsleo c"kperro@frieleso-ubrcee:fo/re/-gchraen/gmeo"d iusl efsin/iAsshyendcShutdow, ni.ts iyss .tmooj sl:a52t3e: 2to6 r
eagdidsBtleorc kceor@mrpelsetoiuonr cceon:/d/igtrioen/ m"oOdSu.lFes/AsyncShutdown.sys.mjs:458:15
setupShutdown@resource://gre/modules/osfile/osfile_async_front.jsm:1548:28
@resource://gre/modules/osfile/osfile_async_front.jsm:1568:16
@resource://gre/modules/osfile.jsm:12:30
@resource://gre/modules/TelemetryStorage.sys.mjs:10:28
_checkPendingPings@resource://gre/modules/TelemetrySend.sys.mjs:859:17
setup@resource://gre/modules/TelemetrySend.sys.mjs:799:18
setup@resource://gre/modules/TelemetrySend.sys.mjs:237:30
setupTelemetry/this._delayedInitTask<@resource://gre/modules/TelemetryControllerParent.sys.mjs:824:36
observe@resource://gre/modules/AsyncShutdown.sys.mjs:576:16

WARNING: Error: Phase "profile-before-change" is finished, it is too late to register completion condition "OS.File: flush I/O queued before profileBeforeChange"
WARNING: addBlocker@resource://gre/modules/AsyncShutdown.sys.mjs:727:15
addBlocker@resource://gre/modules/AsyncShutdown.sys.mjs:523:26
addBlocker@resource://gre/modules/AsyncShutdown.sys.mjs:458:15
setupShutdown@resource://gre/modules/osfile/osfile_async_front.jsm:1548:28
@resource://gre/modules/osfilie/oslfei:l ef_luassh yncI_/frOo nqtu.ejusemd: b1e5f6o8r:e1 6pro
f@ilreeBseofourreCchea:n/ge/"gr
eJ/amvoadSuclreispt/ oesrrfoirl:e .jsm:r1es2o:ur3c0e:/
/@grree/smooudrulcees://A/sgyrnceS/hmutoddowunl.essy/sT.emljse,m leitner y7S2t7: Erorroarg: e.Pshaysse. m"jpsr:o1f0i:l2e8-b
e_fcohree-cchkaPnegne"d iingPings@ress finished, it is toouo rlcea:t/e/ tgor er/egimsotderu cloemsp/lTeetlieometrySenn dc.osnydsi.timojns: "8O5S.9F:i1le7: 
fsleutshu p@Ir/eOs oquueruceed: /b/egfroer/em proodfuilleeBse/fToerleeCmheatnrgyeS"en
d.sys.mjs:799:18
setup@resource://gre/modules/TelemetrySend.sys.mjs:237:30
setupTelemetry/this._delayedInitTask<@resource://gre/modules/TelemetryControllerParent.sys.mjs:824:36
observe@resource://gre/modules/AsyncShutdown.sys.mjs:576:16

Starting ChromeDriver 114.0.5735.90 (386bc09e8f4f2e025eddae123f36f6263096ae49-refs/branch-heads/5735@{#1052}) on port 1410
Only local connections are allowed.
Please see https://chromedriver.chromium.org/security-considerations for suggestions on keeping ChromeDriver safe.
ChromeDriver was started successfully.
[1692188897.575][WARNING]: This version of ChromeDriver has not been tested with Chrome version 115.
серп. 16, 2023 3:28:17 ПП org.openqa.selenium.devtools.CdpVersionFinder findNearestMatch
WARNING: Unable to find CDP implementation matching 115
серп. 16, 2023 3:28:17 ПП org.openqa.selenium.chromium.ChromiumDriver lambda$new$3
WARNING: Unable to find version of CDP to use for . You may need to include a dependency on a specific version of the CDP using something similar to `org.seleniumhq.selenium:selenium-devtools-v86:4.8.1` where the version ("v86") matches the version of the chromium-based browser you're using and the version number of the artifact is the same as Selenium's.
]]></system-err>
  </testcase>
  <testcase name="getStartedHeaderMarketPlacePage[https://ai-mood.com/en/market-place, Screenshots/](1)" classname="tests.marketPlacePageTests.AllPageChromeTests" time="4.44">
    <system-out><![CDATA[The two images are similar.
]]></system-out>
  </testcase>
  <testcase name="learnHeaderMarketPlacePage[https://ai-mood.com/en/market-place, Screenshots/](1)" classname="tests.marketPlacePageTests.AllPageChromeTests" time="4.366">
    <system-out><![CDATA[The two images are similar.
]]></system-out>
  </testcase>
  <testcase name="resourcesHeaderMarketPlacePage[https://ai-mood.com/en/market-place, Screenshots/](1)" classname="tests.marketPlacePageTests.AllPageChromeTests" time="4.331">
    <system-out><![CDATA[The two images are similar.
]]></system-out>
  </testcase>
  <testcase name="mainSectionMarketPlacePage[https://ai-mood.com/en/market-place, Screenshots/](1)" classname="tests.marketPlacePageTests.AllPageChromeTests" time="5.199">
    <system-out><![CDATA[The two images are similar.
]]></system-out>
  </testcase>
  <testcase name="statisticsSectionMarketPlacePage[https://ai-mood.com/en/market-place, Screenshots/](1)" classname="tests.marketPlacePageTests.AllPageChromeTests" time="5.85">
    <system-out><![CDATA[The two images are similar.
]]></system-out>
  </testcase>
  <testcase name="allFooterMarketPlacePage[https://ai-mood.com/en/market-place, Screenshots/](1)" classname="tests.marketPlacePageTests.AllPageChromeTests" time="5.274">
    <system-out><![CDATA[The two images are similar.
]]></system-out>
  </testcase>
  <testcase name="partnFooterMarketPlacePage[https://ai-mood.com/en/market-place, Screenshots/](1)" classname="tests.marketPlacePageTests.AllPageChromeTests" time="5.109">
    <system-out><![CDATA[The two images are similar.
]]></system-out>
  </testcase>
  <testcase name="subFooterMarketPlacePage[https://ai-mood.com/en/market-place, Screenshots/](1)" classname="tests.marketPlacePageTests.AllPageChromeTests" time="5.17">
    <system-out><![CDATA[The two images are similar.
]]></system-out>
  </testcase>
  <testcase name="copFooterMarketPlacePage[https://ai-mood.com/en/market-place, Screenshots/](1)" classname="tests.marketPlacePageTests.AllPageChromeTests" time="4.172">
    <system-out><![CDATA[The two images are similar.
]]></system-out>
  </testcase>
  <testcase name="allHeaderBuySellMoodCoinPage[https://ai-mood.com/en/buy-sell-aimood-coin, Screenshots/](1)" classname="tests.buySellMoodCoinTests.AllPageChromeTests" time="0">
    <skipped message="*** Images are not similar *** expected [true] but found [false]"/>
    <system-out><![CDATA[The two images are not similar.
Difference found. See the file D:\jenkins-agent-data\workspace\pixelPerfectMultiPlatform_AI_Mood_Prod\Screenshots\BuySellMoodCoin_page\EnChrome\Screenshots_allHeaderBuySellMoodCoinPage\difference.png for details.
]]></system-out>
    <system-err><![CDATA[Starting ChromeDriver 114.0.5735.90 (386bc09e8f4f2e025eddae123f36f6263096ae49-refs/branch-heads/5735@{#1052}) on port 24777
Only local connections are allowed.
Please see https://chromedriver.chromium.org/security-considerations for suggestions on keeping ChromeDriver safe.
ChromeDriver was started successfully.
[1692188949.991][WARNING]: This version of ChromeDriver has not been tested with Chrome version 115.
серп. 16, 2023 3:29:10 ПП org.openqa.selenium.devtools.CdpVersionFinder findNearestMatch
WARNING: Unable to find CDP implementation matching 115
серп. 16, 2023 3:29:10 ПП org.openqa.selenium.chromium.ChromiumDriver lambda$new$3
WARNING: Unable to find version of CDP to use for . You may need to include a dependency on a specific version of the CDP using something similar to `org.seleniumhq.selenium:selenium-devtools-v86:4.8.1` where the version ("v86") matches the version of the chromium-based browser you're using and the version number of the artifact is the same as Selenium's.
]]></system-err>
  </testcase>
  <testcase name="allHeaderBuySellMoodCoinPage[https://ai-mood.com/en/buy-sell-aimood-coin, Screenshots/](2)" classname="tests.buySellMoodCoinTests.AllPageChromeTests" time="0">
    <skipped message="*** Images are not similar *** expected [true] but found [false]"/>
    <system-out><![CDATA[The two images are not similar.
Difference found. See the file D:\jenkins-agent-data\workspace\pixelPerfectMultiPlatform_AI_Mood_Prod\Screenshots\BuySellMoodCoin_page\EnChrome\Screenshots_allHeaderBuySellMoodCoinPage\difference.png for details.
]]></system-out>
    <system-err><![CDATA[org.openqa.selenium.NoSuchElementException: no such element: Unable to locate element: {"method":"xpath","selector":"//button[@class='accept-cookies-btn']"}
  (Session info: chrome=115.0.5790.171)
For documentation on this error, please visit: https://selenium.dev/exceptions/#no_such_element
Build info: version: '4.8.1', revision: '8ebccac989'
System info: os.name: 'Windows 10', os.arch: 'amd64', os.version: '10.0', java.version: '9.0.4'
Driver info: org.openqa.selenium.chrome.ChromeDriver
Command: [93db430c174d4c1e825cc8081b23148b, findElement {using=xpath, value=//button[@class='accept-cookies-btn']}]
Capabilities {acceptInsecureCerts: false, browserName: chrome, browserVersion: 115.0.5790.171, chrome: {chromedriverVersion: 114.0.5735.90 (386bc09e8f4f..., userDataDir: C:\Users\admin\AppData\Loca...}, goog:chromeOptions: {debuggerAddress: localhost:51490}, networkConnectionEnabled: false, pageLoadStrategy: normal, platformName: WINDOWS, proxy: Proxy(), se:cdp: ws://localhost:51490/devtoo..., se:cdpVersion: 115.0.5790.171, setWindowRect: true, strictFileInteractability: false, timeouts: {implicit: 0, pageLoad: 300000, script: 30000}, unhandledPromptBehavior: dismiss and notify, webauthn:extension:credBlob: true, webauthn:extension:largeBlob: true, webauthn:extension:minPinLength: true, webauthn:extension:prf: true, webauthn:virtualAuthenticators: true}
Session ID: 93db430c174d4c1e825cc8081b23148b
	at java.base/jdk.internal.reflect.NativeConstructorAccessorImpl.newInstance0(Native Method)
	at java.base/jdk.internal.reflect.NativeConstructorAccessorImpl.newInstance(NativeConstructorAccessorImpl.java:62)
	at java.base/jdk.internal.reflect.DelegatingConstructorAccessorImpl.newInstance(DelegatingConstructorAccessorImpl.java:45)
	at java.base/java.lang.reflect.Constructor.newInstance(Constructor.java:488)
	at org.openqa.selenium.remote.codec.w3c.W3CHttpResponseCodec.createException(W3CHttpResponseCodec.java:200)
	at org.openqa.selenium.remote.codec.w3c.W3CHttpResponseCodec.decode(W3CHttpResponseCodec.java:133)
	at org.openqa.selenium.remote.codec.w3c.W3CHttpResponseCodec.decode(W3CHttpResponseCodec.java:53)
	at org.openqa.selenium.remote.HttpCommandExecutor.execute(HttpCommandExecutor.java:184)
	at org.openqa.selenium.remote.service.DriverCommandExecutor.invokeExecute(DriverCommandExecutor.java:167)
	at org.openqa.selenium.remote.service.DriverCommandExecutor.execute(DriverCommandExecutor.java:142)
	at org.openqa.selenium.remote.RemoteWebDriver.execute(RemoteWebDriver.java:543)
	at org.openqa.selenium.remote.ElementLocation$ElementFinder$2.findElement(ElementLocation.java:162)
	at org.openqa.selenium.remote.ElementLocation.findElement(ElementLocation.java:60)
	at org.openqa.selenium.remote.RemoteWebDriver.findElement(RemoteWebDriver.java:352)
	at org.openqa.selenium.remote.RemoteWebDriver.findElement(RemoteWebDriver.java:344)
	at pages.base.Action.findElementByXpath(Action.java:30)
	at pages.base.Action.ifButtonIsPresentClick(Action.java:109)
	at tests.buySellMoodCoinTests.AllPageChromeTests.allHeaderBuySellMoodCoinPage(AllPageChromeTests.java:23)
	at java.base/jdk.internal.reflect.NativeMethodAccessorImpl.invoke0(Native Method)
	at java.base/jdk.internal.reflect.NativeMethodAccessorImpl.invoke(NativeMethodAccessorImpl.java:62)
	at java.base/jdk.internal.reflect.DelegatingMethodAccessorImpl.invoke(DelegatingMethodAccessorImpl.java:43)
	at java.base/java.lang.reflect.Method.invoke(Method.java:564)
	at org.testng.internal.invokers.MethodInvocationHelper.invokeMethod(MethodInvocationHelper.java:135)
	at org.testng.internal.invokers.TestInvoker.invokeMethod(TestInvoker.java:673)
	at org.testng.internal.invokers.TestInvoker.retryFailed(TestInvoker.java:262)
	at org.testng.internal.invokers.MethodRunner.runInSequence(MethodRunner.java:62)
	at org.testng.internal.invokers.TestInvoker$MethodInvocationAgent.invoke(TestInvoker.java:945)
	at org.testng.internal.invokers.TestInvoker.invokeTestMethods(TestInvoker.java:193)
	at org.testng.internal.invokers.TestMethodWorker.invokeTestMethods(TestMethodWorker.java:146)
	at org.testng.internal.invokers.TestMethodWorker.run(TestMethodWorker.java:128)
	at java.base/java.util.ArrayList.forEach(ArrayList.java:1380)
	at org.testng.TestRunner.privateRun(TestRunner.java:808)
	at org.testng.TestRunner.run(TestRunner.java:603)
	at org.testng.SuiteRunner.runTest(SuiteRunner.java:429)
	at org.testng.SuiteRunner.runSequentially(SuiteRunner.java:423)
	at org.testng.SuiteRunner.privateRun(SuiteRunner.java:383)
	at org.testng.SuiteRunner.run(SuiteRunner.java:326)
	at org.testng.SuiteRunnerWorker.runSuite(SuiteRunnerWorker.java:52)
	at org.testng.SuiteRunnerWorker.run(SuiteRunnerWorker.java:95)
	at org.testng.TestNG.runSuitesSequentially(TestNG.java:1249)
	at org.testng.TestNG.runSuitesLocally(TestNG.java:1169)
	at org.testng.TestNG.runSuites(TestNG.java:1092)
	at org.testng.TestNG.run(TestNG.java:1060)
	at org.apache.maven.surefire.testng.TestNGExecutor.run(TestNGExecutor.java:284)
	at org.apache.maven.surefire.testng.TestNGXmlTestSuite.execute(TestNGXmlTestSuite.java:75)
	at org.apache.maven.surefire.testng.TestNGProvider.invoke(TestNGProvider.java:119)
	at org.apache.maven.surefire.booter.ForkedBooter.runSuitesInProcess(ForkedBooter.java:428)
	at org.apache.maven.surefire.booter.ForkedBooter.execute(ForkedBooter.java:162)
	at org.apache.maven.surefire.booter.ForkedBooter.run(ForkedBooter.java:562)
	at org.apache.maven.surefire.booter.ForkedBooter.main(ForkedBooter.java:548)
]]></system-err>
  </testcase>
  <testcase name="allHeaderBuySellMoodCoinPage[https://ai-mood.com/en/buy-sell-aimood-coin, Screenshots/](3)" classname="tests.buySellMoodCoinTests.AllPageChromeTests" time="18.693">
    <failure message="*** Images are not similar *** expected [true] but found [false]" type="java.lang.AssertionError"><![CDATA[java.lang.AssertionError: *** Images are not similar *** expected [true] but found [false]
	at tests.buySellMoodCoinTests.AllPageChromeTests.allHeaderBuySellMoodCoinPage(AllPageChromeTests.java:26)
]]></failure>
    <system-out><![CDATA[The two images are not similar.
Difference found. See the file D:\jenkins-agent-data\workspace\pixelPerfectMultiPlatform_AI_Mood_Prod\Screenshots\BuySellMoodCoin_page\EnChrome\Screenshots_allHeaderBuySellMoodCoinPage\difference.png for details.
]]></system-out>
    <system-err><![CDATA[org.openqa.selenium.NoSuchElementException: no such element: Unable to locate element: {"method":"xpath","selector":"//button[@class='accept-cookies-btn']"}
  (Session info: chrome=115.0.5790.171)
For documentation on this error, please visit: https://selenium.dev/exceptions/#no_such_element
Build info: version: '4.8.1', revision: '8ebccac989'
System info: os.name: 'Windows 10', os.arch: 'amd64', os.version: '10.0', java.version: '9.0.4'
Driver info: org.openqa.selenium.chrome.ChromeDriver
Command: [93db430c174d4c1e825cc8081b23148b, findElement {using=xpath, value=//button[@class='accept-cookies-btn']}]
Capabilities {acceptInsecureCerts: false, browserName: chrome, browserVersion: 115.0.5790.171, chrome: {chromedriverVersion: 114.0.5735.90 (386bc09e8f4f..., userDataDir: C:\Users\admin\AppData\Loca...}, goog:chromeOptions: {debuggerAddress: localhost:51490}, networkConnectionEnabled: false, pageLoadStrategy: normal, platformName: WINDOWS, proxy: Proxy(), se:cdp: ws://localhost:51490/devtoo..., se:cdpVersion: 115.0.5790.171, setWindowRect: true, strictFileInteractability: false, timeouts: {implicit: 0, pageLoad: 300000, script: 30000}, unhandledPromptBehavior: dismiss and notify, webauthn:extension:credBlob: true, webauthn:extension:largeBlob: true, webauthn:extension:minPinLength: true, webauthn:extension:prf: true, webauthn:virtualAuthenticators: true}
Session ID: 93db430c174d4c1e825cc8081b23148b
	at java.base/jdk.internal.reflect.NativeConstructorAccessorImpl.newInstance0(Native Method)
	at java.base/jdk.internal.reflect.NativeConstructorAccessorImpl.newInstance(NativeConstructorAccessorImpl.java:62)
	at java.base/jdk.internal.reflect.DelegatingConstructorAccessorImpl.newInstance(DelegatingConstructorAccessorImpl.java:45)
	at java.base/java.lang.reflect.Constructor.newInstance(Constructor.java:488)
	at org.openqa.selenium.remote.codec.w3c.W3CHttpResponseCodec.createException(W3CHttpResponseCodec.java:200)
	at org.openqa.selenium.remote.codec.w3c.W3CHttpResponseCodec.decode(W3CHttpResponseCodec.java:133)
	at org.openqa.selenium.remote.codec.w3c.W3CHttpResponseCodec.decode(W3CHttpResponseCodec.java:53)
	at org.openqa.selenium.remote.HttpCommandExecutor.execute(HttpCommandExecutor.java:184)
	at org.openqa.selenium.remote.service.DriverCommandExecutor.invokeExecute(DriverCommandExecutor.java:167)
	at org.openqa.selenium.remote.service.DriverCommandExecutor.execute(DriverCommandExecutor.java:142)
	at org.openqa.selenium.remote.RemoteWebDriver.execute(RemoteWebDriver.java:543)
	at org.openqa.selenium.remote.ElementLocation$ElementFinder$2.findElement(ElementLocation.java:162)
	at org.openqa.selenium.remote.ElementLocation.findElement(ElementLocation.java:60)
	at org.openqa.selenium.remote.RemoteWebDriver.findElement(RemoteWebDriver.java:352)
	at org.openqa.selenium.remote.RemoteWebDriver.findElement(RemoteWebDriver.java:344)
	at pages.base.Action.findElementByXpath(Action.java:30)
	at pages.base.Action.ifButtonIsPresentClick(Action.java:109)
	at tests.buySellMoodCoinTests.AllPageChromeTests.allHeaderBuySellMoodCoinPage(AllPageChromeTests.java:23)
	at java.base/jdk.internal.reflect.NativeMethodAccessorImpl.invoke0(Native Method)
	at java.base/jdk.internal.reflect.NativeMethodAccessorImpl.invoke(NativeMethodAccessorImpl.java:62)
	at java.base/jdk.internal.reflect.DelegatingMethodAccessorImpl.invoke(DelegatingMethodAccessorImpl.java:43)
	at java.base/java.lang.reflect.Method.invoke(Method.java:564)
	at org.testng.internal.invokers.MethodInvocationHelper.invokeMethod(MethodInvocationHelper.java:135)
	at org.testng.internal.invokers.TestInvoker.invokeMethod(TestInvoker.java:673)
	at org.testng.internal.invokers.TestInvoker.retryFailed(TestInvoker.java:262)
	at org.testng.internal.invokers.MethodRunner.runInSequence(MethodRunner.java:62)
	at org.testng.internal.invokers.TestInvoker$MethodInvocationAgent.invoke(TestInvoker.java:945)
	at org.testng.internal.invokers.TestInvoker.invokeTestMethods(TestInvoker.java:193)
	at org.testng.internal.invokers.TestMethodWorker.invokeTestMethods(TestMethodWorker.java:146)
	at org.testng.internal.invokers.TestMethodWorker.run(TestMethodWorker.java:128)
	at java.base/java.util.ArrayList.forEach(ArrayList.java:1380)
	at org.testng.TestRunner.privateRun(TestRunner.java:808)
	at org.testng.TestRunner.run(TestRunner.java:603)
	at org.testng.SuiteRunner.runTest(SuiteRunner.java:429)
	at org.testng.SuiteRunner.runSequentially(SuiteRunner.java:423)
	at org.testng.SuiteRunner.privateRun(SuiteRunner.java:383)
	at org.testng.SuiteRunner.run(SuiteRunner.java:326)
	at org.testng.SuiteRunnerWorker.runSuite(SuiteRunnerWorker.java:52)
	at org.testng.SuiteRunnerWorker.run(SuiteRunnerWorker.java:95)
	at org.testng.TestNG.runSuitesSequentially(TestNG.java:1249)
	at org.testng.TestNG.runSuitesLocally(TestNG.java:1169)
	at org.testng.TestNG.runSuites(TestNG.java:1092)
	at org.testng.TestNG.run(TestNG.java:1060)
	at org.apache.maven.surefire.testng.TestNGExecutor.run(TestNGExecutor.java:284)
	at org.apache.maven.surefire.testng.TestNGXmlTestSuite.execute(TestNGXmlTestSuite.java:75)
	at org.apache.maven.surefire.testng.TestNGProvider.invoke(TestNGProvider.java:119)
	at org.apache.maven.surefire.booter.ForkedBooter.runSuitesInProcess(ForkedBooter.java:428)
	at org.apache.maven.surefire.booter.ForkedBooter.execute(ForkedBooter.java:162)
	at org.apache.maven.surefire.booter.ForkedBooter.run(ForkedBooter.java:562)
	at org.apache.maven.surefire.booter.ForkedBooter.main(ForkedBooter.java:548)
]]></system-err>
  </testcase>
  <testcase name="getStartedHeaderBuySellMoodCoinPage[https://ai-mood.com/en/buy-sell-aimood-coin, Screenshots/](1)" classname="tests.buySellMoodCoinTests.AllPageChromeTests" time="0">
    <skipped message="*** Images are not similar *** expected [true] but found [false]"/>
    <system-out><![CDATA[The two images are not similar.
Difference found. See the file D:\jenkins-agent-data\workspace\pixelPerfectMultiPlatform_AI_Mood_Prod\Screenshots\BuySellMoodCoin_page\EnChrome\Screenshots_getStartedHeaderBuySellMoodCoinPage\difference.png for details.
]]></system-out>
  </testcase>
  <testcase name="getStartedHeaderBuySellMoodCoinPage[https://ai-mood.com/en/buy-sell-aimood-coin, Screenshots/](2)" classname="tests.buySellMoodCoinTests.AllPageChromeTests" time="0">
    <skipped message="*** Images are not similar *** expected [true] but found [false]"/>
    <system-out><![CDATA[The two images are not similar.
Difference found. See the file D:\jenkins-agent-data\workspace\pixelPerfectMultiPlatform_AI_Mood_Prod\Screenshots\BuySellMoodCoin_page\EnChrome\Screenshots_getStartedHeaderBuySellMoodCoinPage\difference.png for details.
]]></system-out>
  </testcase>
  <testcase name="getStartedHeaderBuySellMoodCoinPage[https://ai-mood.com/en/buy-sell-aimood-coin, Screenshots/](3)" classname="tests.buySellMoodCoinTests.AllPageChromeTests" time="3.816">
    <failure message="*** Images are not similar *** expected [true] but found [false]" type="java.lang.AssertionError"><![CDATA[java.lang.AssertionError: *** Images are not similar *** expected [true] but found [false]
	at tests.buySellMoodCoinTests.AllPageChromeTests.getStartedHeaderBuySellMoodCoinPage(AllPageChromeTests.java:44)
]]></failure>
    <system-out><![CDATA[The two images are not similar.
Difference found. See the file D:\jenkins-agent-data\workspace\pixelPerfectMultiPlatform_AI_Mood_Prod\Screenshots\BuySellMoodCoin_page\EnChrome\Screenshots_getStartedHeaderBuySellMoodCoinPage\difference.png for details.
]]></system-out>
  </testcase>
  <testcase name="learnHeaderBuySellMoodCoinPage[https://ai-mood.com/en/buy-sell-aimood-coin, Screenshots/](1)" classname="tests.buySellMoodCoinTests.AllPageChromeTests" time="0">
    <skipped message="*** Images are not similar *** expected [true] but found [false]"/>
    <system-out><![CDATA[The two images are not similar.
Difference found. See the file D:\jenkins-agent-data\workspace\pixelPerfectMultiPlatform_AI_Mood_Prod\Screenshots\BuySellMoodCoin_page\EnChrome\Screenshots_learnHeaderBuySellMoodCoinPage\difference.png for details.
]]></system-out>
  </testcase>
  <testcase name="learnHeaderBuySellMoodCoinPage[https://ai-mood.com/en/buy-sell-aimood-coin, Screenshots/](2)" classname="tests.buySellMoodCoinTests.AllPageChromeTests" time="0">
    <skipped message="*** Images are not similar *** expected [true] but found [false]"/>
    <system-out><![CDATA[The two images are not similar.
Difference found. See the file D:\jenkins-agent-data\workspace\pixelPerfectMultiPlatform_AI_Mood_Prod\Screenshots\BuySellMoodCoin_page\EnChrome\Screenshots_learnHeaderBuySellMoodCoinPage\difference.png for details.
]]></system-out>
  </testcase>
  <testcase name="learnHeaderBuySellMoodCoinPage[https://ai-mood.com/en/buy-sell-aimood-coin, Screenshots/](3)" classname="tests.buySellMoodCoinTests.AllPageChromeTests" time="3.785">
    <failure message="*** Images are not similar *** expected [true] but found [false]" type="java.lang.AssertionError"><![CDATA[java.lang.AssertionError: *** Images are not similar *** expected [true] but found [false]
	at tests.buySellMoodCoinTests.AllPageChromeTests.learnHeaderBuySellMoodCoinPage(AllPageChromeTests.java:62)
]]></failure>
    <system-out><![CDATA[The two images are not similar.
Difference found. See the file D:\jenkins-agent-data\workspace\pixelPerfectMultiPlatform_AI_Mood_Prod\Screenshots\BuySellMoodCoin_page\EnChrome\Screenshots_learnHeaderBuySellMoodCoinPage\difference.png for details.
]]></system-out>
  </testcase>
  <testcase name="resourcesHeaderBuySellMoodCoinPage[https://ai-mood.com/en/buy-sell-aimood-coin, Screenshots/](1)" classname="tests.buySellMoodCoinTests.AllPageChromeTests" time="0">
    <skipped message="*** Images are not similar *** expected [true] but found [false]"/>
    <system-out><![CDATA[The two images are not similar.
Difference found. See the file D:\jenkins-agent-data\workspace\pixelPerfectMultiPlatform_AI_Mood_Prod\Screenshots\BuySellMoodCoin_page\EnChrome\Screenshots_resourcesHeaderBuySellMoodCoinPage\difference.png for details.
]]></system-out>
  </testcase>
  <testcase name="resourcesHeaderBuySellMoodCoinPage[https://ai-mood.com/en/buy-sell-aimood-coin, Screenshots/](2)" classname="tests.buySellMoodCoinTests.AllPageChromeTests" time="0">
    <skipped message="*** Images are not similar *** expected [true] but found [false]"/>
    <system-out><![CDATA[The two images are not similar.
Difference found. See the file D:\jenkins-agent-data\workspace\pixelPerfectMultiPlatform_AI_Mood_Prod\Screenshots\BuySellMoodCoin_page\EnChrome\Screenshots_resourcesHeaderBuySellMoodCoinPage\difference.png for details.
]]></system-out>
  </testcase>
  <testcase name="resourcesHeaderBuySellMoodCoinPage[https://ai-mood.com/en/buy-sell-aimood-coin, Screenshots/](3)" classname="tests.buySellMoodCoinTests.AllPageChromeTests" time="3.784">
    <failure message="*** Images are not similar *** expected [true] but found [false]" type="java.lang.AssertionError"><![CDATA[java.lang.AssertionError: *** Images are not similar *** expected [true] but found [false]
	at tests.buySellMoodCoinTests.AllPageChromeTests.resourcesHeaderBuySellMoodCoinPage(AllPageChromeTests.java:80)
]]></failure>
    <system-out><![CDATA[The two images are not similar.
Difference found. See the file D:\jenkins-agent-data\workspace\pixelPerfectMultiPlatform_AI_Mood_Prod\Screenshots\BuySellMoodCoin_page\EnChrome\Screenshots_resourcesHeaderBuySellMoodCoinPage\difference.png for details.
]]></system-out>
  </testcase>
  <testcase name="mainSectionBuySellMoodCoinPage[https://ai-mood.com/en/buy-sell-aimood-coin, Screenshots/](1)" classname="tests.buySellMoodCoinTests.AllPageChromeTests" time="5.183">
    <system-out><![CDATA[The two images are similar.
]]></system-out>
  </testcase>
  <testcase name="allFooterBuySellMoodCoinPage[https://ai-mood.com/en/buy-sell-aimood-coin, Screenshots/](1)" classname="tests.buySellMoodCoinTests.AllPageChromeTests" time="0">
    <skipped message="*** Images are not similar *** expected [true] but found [false]"/>
    <system-out><![CDATA[The two images are not similar.
Difference found. See the file D:\jenkins-agent-data\workspace\pixelPerfectMultiPlatform_AI_Mood_Prod\Screenshots\BuySellMoodCoin_page\EnChrome\Screenshots_allFooterBuySellMoodCoinPage\difference.png for details.
]]></system-out>
  </testcase>
  <testcase name="allFooterBuySellMoodCoinPage[https://ai-mood.com/en/buy-sell-aimood-coin, Screenshots/](2)" classname="tests.buySellMoodCoinTests.AllPageChromeTests" time="0">
    <skipped message="*** Images are not similar *** expected [true] but found [false]"/>
    <system-out><![CDATA[The two images are not similar.
Difference found. See the file D:\jenkins-agent-data\workspace\pixelPerfectMultiPlatform_AI_Mood_Prod\Screenshots\BuySellMoodCoin_page\EnChrome\Screenshots_allFooterBuySellMoodCoinPage\difference.png for details.
]]></system-out>
  </testcase>
  <testcase name="allFooterBuySellMoodCoinPage[https://ai-mood.com/en/buy-sell-aimood-coin, Screenshots/](3)" classname="tests.buySellMoodCoinTests.AllPageChromeTests" time="4.888">
    <failure message="*** Images are not similar *** expected [true] but found [false]" type="java.lang.AssertionError"><![CDATA[java.lang.AssertionError: *** Images are not similar *** expected [true] but found [false]
	at tests.buySellMoodCoinTests.AllPageChromeTests.allFooterBuySellMoodCoinPage(AllPageChromeTests.java:139)
]]></failure>
    <system-out><![CDATA[The two images are not similar.
Difference found. See the file D:\jenkins-agent-data\workspace\pixelPerfectMultiPlatform_AI_Mood_Prod\Screenshots\BuySellMoodCoin_page\EnChrome\Screenshots_allFooterBuySellMoodCoinPage\difference.png for details.
]]></system-out>
  </testcase>
  <testcase name="partnFooterBuySellMoodCoinPage[https://ai-mood.com/en/buy-sell-aimood-coin, Screenshots/](1)" classname="tests.buySellMoodCoinTests.AllPageChromeTests" time="5.161">
    <system-out><![CDATA[The two images are similar.
]]></system-out>
  </testcase>
  <testcase name="subFooterBuySellMoodCoinPage[https://ai-mood.com/en/buy-sell-aimood-coin, Screenshots/](1)" classname="tests.buySellMoodCoinTests.AllPageChromeTests" time="5.111">
    <system-out><![CDATA[The two images are similar.
]]></system-out>
  </testcase>
  <testcase name="copFooterBuySellMoodCoinPage[https://ai-mood.com/en/buy-sell-aimood-coin, Screenshots/](1)" classname="tests.buySellMoodCoinTests.AllPageChromeTests" time="0">
    <skipped message="*** Images are not similar *** expected [true] but found [false]"/>
    <system-out><![CDATA[The two images are not similar.
Difference found. See the file D:\jenkins-agent-data\workspace\pixelPerfectMultiPlatform_AI_Mood_Prod\Screenshots\BuySellMoodCoin_page\EnChrome\Screenshots_copFooterBuySellMoodCoinPage\difference.png for details.
]]></system-out>
  </testcase>
  <testcase name="copFooterBuySellMoodCoinPage[https://ai-mood.com/en/buy-sell-aimood-coin, Screenshots/](2)" classname="tests.buySellMoodCoinTests.AllPageChromeTests" time="0">
    <skipped message="*** Images are not similar *** expected [true] but found [false]"/>
    <system-out><![CDATA[The two images are not similar.
Difference found. See the file D:\jenkins-agent-data\workspace\pixelPerfectMultiPlatform_AI_Mood_Prod\Screenshots\BuySellMoodCoin_page\EnChrome\Screenshots_copFooterBuySellMoodCoinPage\difference.png for details.
]]></system-out>
  </testcase>
  <testcase name="copFooterBuySellMoodCoinPage[https://ai-mood.com/en/buy-sell-aimood-coin, Screenshots/](3)" classname="tests.buySellMoodCoinTests.AllPageChromeTests" time="3.674">
    <failure message="*** Images are not similar *** expected [true] but found [false]" type="java.lang.AssertionError"><![CDATA[java.lang.AssertionError: *** Images are not similar *** expected [true] but found [false]
	at tests.buySellMoodCoinTests.AllPageChromeTests.copFooterBuySellMoodCoinPage(AllPageChromeTests.java:196)
]]></failure>
    <system-out><![CDATA[The two images are not similar.
Difference found. See the file D:\jenkins-agent-data\workspace\pixelPerfectMultiPlatform_AI_Mood_Prod\Screenshots\BuySellMoodCoin_page\EnChrome\Screenshots_copFooterBuySellMoodCoinPage\difference.png for details.
]]></system-out>
  </testcase>
  <testcase name="allHeaderBuySellMoodCoinPage[https://ai-mood.com/en/buy-sell-aimood-coin, Screenshots/](1)" classname="tests.buySellMoodCoinTests.AllPageFirefoxTests" time="0">
    <skipped message="*** Images are not similar *** expected [true] but found [false]"/>
    <system-out><![CDATA[The two images are not similar.
Difference found. See the file D:\jenkins-agent-data\workspace\pixelPerfectMultiPlatform_AI_Mood_Prod\Screenshots\BuySellMoodCoin_page\EnFirefox\Screenshots_allHeaderBuySellMoodCoinPage\difference.png for details.
]]></system-out>
    <system-err><![CDATA[1692189068756	geckodriver	INFO	Listening on 127.0.0.1:9626
1692189068815	mozrunner::runner	INFO	Running command: "C:\\Program Files\\Mozilla Firefox\\firefox.exe" "--marionette" "--remote-debugging-port" "17045" "--remote ... localhost:17045/,http://[::1]:17045/" "-no-remote" "-profile" "C:\\Users\\admin\\AppData\\Local\\Temp\\rust_mozprofileWGi67h"
console.warn: services.settings: Ignoring preference override of remote settings server
console.warn: services.settings: Allow by setting MOZ_REMOTE_SETTINGS_DEVTOOLS=1 in the environment
1692189069092	Marionette	INFO	Marionette enabled
Dynamically enable window occlusion 0
1692189069098	Marionette	INFO	Listening on port 51697
Read port: 51697
WebDriver BiDi listening on ws://127.0.0.1:17045
1692189069211	RemoteAgent	WARN	TLS certificate errors will be ignored for this session
[ERROR glean_core] Error setting metrics feature config: Json(Error("EOF while parsing a value", line: 1, column: 0))
DevTools listening on ws://127.0.0.1:17045/devtools/browser/fd5f53b6-1f2d-4990-b4a5-98394ba28806
JavaScript error: , line 0: uncaught exception: Object
]]></system-err>
  </testcase>
  <testcase name="allHeaderBuySellMoodCoinPage[https://ai-mood.com/en/buy-sell-aimood-coin, Screenshots/](2)" classname="tests.buySellMoodCoinTests.AllPageFirefoxTests" time="0">
    <skipped message="*** Images are not similar *** expected [true] but found [false]"/>
    <system-out><![CDATA[The two images are not similar.
Difference found. See the file D:\jenkins-agent-data\workspace\pixelPerfectMultiPlatform_AI_Mood_Prod\Screenshots\BuySellMoodCoin_page\EnFirefox\Screenshots_allHeaderBuySellMoodCoinPage\difference.png for details.
]]></system-out>
    <system-err><![CDATA[org.openqa.selenium.NoSuchElementException: Unable to locate element: //button[@class='accept-cookies-btn']
For documentation on this error, please visit: https://selenium.dev/exceptions/#no_such_element
Build info: version: '4.8.1', revision: '8ebccac989'
System info: os.name: 'Windows 10', os.arch: 'amd64', os.version: '10.0', java.version: '9.0.4'
Driver info: org.openqa.selenium.firefox.FirefoxDriver
Command: [8f5a9bb4-793d-4e2b-b465-abaffb00a3a2, findElement {using=xpath, value=//button[@class='accept-cookies-btn']}]
Capabilities {acceptInsecureCerts: true, browserName: firefox, browserVersion: 113.0.2, moz:accessibilityChecks: false, moz:buildID: 20230522134052, moz:debuggerAddress: 127.0.0.1:17045, moz:geckodriverVersion: 0.33.0, moz:headless: false, moz:platformVersion: 10.0, moz:processID: 2840, moz:profile: C:\Users\admin\AppData\Loca..., moz:shutdownTimeout: 60000, moz:useNonSpecCompliantPointerOrigin: false, moz:webdriverClick: true, moz:windowless: false, pageLoadStrategy: normal, platformName: WINDOWS, proxy: Proxy(), se:cdp: ws://127.0.0.1:17045/devtoo..., se:cdpVersion: 85.0, setWindowRect: true, strictFileInteractability: false, timeouts: {implicit: 0, pageLoad: 300000, script: 30000}, unhandledPromptBehavior: dismiss and notify}
Session ID: 8f5a9bb4-793d-4e2b-b465-abaffb00a3a2
	at java.base/jdk.internal.reflect.NativeConstructorAccessorImpl.newInstance0(Native Method)
	at java.base/jdk.internal.reflect.NativeConstructorAccessorImpl.newInstance(NativeConstructorAccessorImpl.java:62)
	at java.base/jdk.internal.reflect.DelegatingConstructorAccessorImpl.newInstance(DelegatingConstructorAccessorImpl.java:45)
	at java.base/java.lang.reflect.Constructor.newInstance(Constructor.java:488)
	at org.openqa.selenium.remote.codec.w3c.W3CHttpResponseCodec.createException(W3CHttpResponseCodec.java:200)
	at org.openqa.selenium.remote.codec.w3c.W3CHttpResponseCodec.decode(W3CHttpResponseCodec.java:133)
	at org.openqa.selenium.remote.codec.w3c.W3CHttpResponseCodec.decode(W3CHttpResponseCodec.java:53)
	at org.openqa.selenium.remote.HttpCommandExecutor.execute(HttpCommandExecutor.java:184)
	at org.openqa.selenium.remote.service.DriverCommandExecutor.invokeExecute(DriverCommandExecutor.java:167)
	at org.openqa.selenium.remote.service.DriverCommandExecutor.execute(DriverCommandExecutor.java:142)
	at org.openqa.selenium.remote.RemoteWebDriver.execute(RemoteWebDriver.java:543)
	at org.openqa.selenium.remote.ElementLocation$ElementFinder$2.findElement(ElementLocation.java:162)
	at org.openqa.selenium.remote.ElementLocation.findElement(ElementLocation.java:60)
	at org.openqa.selenium.remote.RemoteWebDriver.findElement(RemoteWebDriver.java:352)
	at org.openqa.selenium.remote.RemoteWebDriver.findElement(RemoteWebDriver.java:344)
	at pages.base.Action.findElementByXpath(Action.java:30)
	at pages.base.Action.ifButtonIsPresentClick(Action.java:109)
	at tests.buySellMoodCoinTests.AllPageFirefoxTests.allHeaderBuySellMoodCoinPage(AllPageFirefoxTests.java:23)
	at java.base/jdk.internal.reflect.NativeMethodAccessorImpl.invoke0(Native Method)
	at java.base/jdk.internal.reflect.NativeMethodAccessorImpl.invoke(NativeMethodAccessorImpl.java:62)
	at java.base/jdk.internal.reflect.DelegatingMethodAccessorImpl.invoke(DelegatingMethodAccessorImpl.java:43)
	at java.base/java.lang.reflect.Method.invoke(Method.java:564)
	at org.testng.internal.invokers.MethodInvocationHelper.invokeMethod(MethodInvocationHelper.java:135)
	at org.testng.internal.invokers.TestInvoker.invokeMethod(TestInvoker.java:673)
	at org.testng.internal.invokers.TestInvoker.retryFailed(TestInvoker.java:262)
	at org.testng.internal.invokers.MethodRunner.runInSequence(MethodRunner.java:62)
	at org.testng.internal.invokers.TestInvoker$MethodInvocationAgent.invoke(TestInvoker.java:945)
	at org.testng.internal.invokers.TestInvoker.invokeTestMethods(TestInvoker.java:193)
	at org.testng.internal.invokers.TestMethodWorker.invokeTestMethods(TestMethodWorker.java:146)
	at org.testng.internal.invokers.TestMethodWorker.run(TestMethodWorker.java:128)
	at java.base/java.util.ArrayList.forEach(ArrayList.java:1380)
	at org.testng.TestRunner.privateRun(TestRunner.java:808)
	at org.testng.TestRunner.run(TestRunner.java:603)
	at org.testng.SuiteRunner.runTest(SuiteRunner.java:429)
	at org.testng.SuiteRunner.runSequentially(SuiteRunner.java:423)
	at org.testng.SuiteRunner.privateRun(SuiteRunner.java:383)
	at org.testng.SuiteRunner.run(SuiteRunner.java:326)
	at org.testng.SuiteRunnerWorker.runSuite(SuiteRunnerWorker.java:52)
	at org.testng.SuiteRunnerWorker.run(SuiteRunnerWorker.java:95)
	at org.testng.TestNG.runSuitesSequentially(TestNG.java:1249)
	at org.testng.TestNG.runSuitesLocally(TestNG.java:1169)
	at org.testng.TestNG.runSuites(TestNG.java:1092)
	at org.testng.TestNG.run(TestNG.java:1060)
	at org.apache.maven.surefire.testng.TestNGExecutor.run(TestNGExecutor.java:284)
	at org.apache.maven.surefire.testng.TestNGXmlTestSuite.execute(TestNGXmlTestSuite.java:75)
	at org.apache.maven.surefire.testng.TestNGProvider.invoke(TestNGProvider.java:119)
	at org.apache.maven.surefire.booter.ForkedBooter.runSuitesInProcess(ForkedBooter.java:428)
	at org.apache.maven.surefire.booter.ForkedBooter.execute(ForkedBooter.java:162)
	at org.apache.maven.surefire.booter.ForkedBooter.run(ForkedBooter.java:562)
	at org.apache.maven.surefire.booter.ForkedBooter.main(ForkedBooter.java:548)
]]></system-err>
  </testcase>
  <testcase name="allHeaderBuySellMoodCoinPage[https://ai-mood.com/en/buy-sell-aimood-coin, Screenshots/](3)" classname="tests.buySellMoodCoinTests.AllPageFirefoxTests" time="18.503">
    <failure message="*** Images are not similar *** expected [true] but found [false]" type="java.lang.AssertionError"><![CDATA[java.lang.AssertionError: *** Images are not similar *** expected [true] but found [false]
	at tests.buySellMoodCoinTests.AllPageFirefoxTests.allHeaderBuySellMoodCoinPage(AllPageFirefoxTests.java:26)
]]></failure>
    <system-out><![CDATA[The two images are not similar.
Difference found. See the file D:\jenkins-agent-data\workspace\pixelPerfectMultiPlatform_AI_Mood_Prod\Screenshots\BuySellMoodCoin_page\EnFirefox\Screenshots_allHeaderBuySellMoodCoinPage\difference.png for details.
]]></system-out>
    <system-err><![CDATA[org.openqa.selenium.NoSuchElementException: Unable to locate element: //button[@class='accept-cookies-btn']
For documentation on this error, please visit: https://selenium.dev/exceptions/#no_such_element
Build info: version: '4.8.1', revision: '8ebccac989'
System info: os.name: 'Windows 10', os.arch: 'amd64', os.version: '10.0', java.version: '9.0.4'
Driver info: org.openqa.selenium.firefox.FirefoxDriver
Command: [8f5a9bb4-793d-4e2b-b465-abaffb00a3a2, findElement {using=xpath, value=//button[@class='accept-cookies-btn']}]
Capabilities {acceptInsecureCerts: true, browserName: firefox, browserVersion: 113.0.2, moz:accessibilityChecks: false, moz:buildID: 20230522134052, moz:debuggerAddress: 127.0.0.1:17045, moz:geckodriverVersion: 0.33.0, moz:headless: false, moz:platformVersion: 10.0, moz:processID: 2840, moz:profile: C:\Users\admin\AppData\Loca..., moz:shutdownTimeout: 60000, moz:useNonSpecCompliantPointerOrigin: false, moz:webdriverClick: true, moz:windowless: false, pageLoadStrategy: normal, platformName: WINDOWS, proxy: Proxy(), se:cdp: ws://127.0.0.1:17045/devtoo..., se:cdpVersion: 85.0, setWindowRect: true, strictFileInteractability: false, timeouts: {implicit: 0, pageLoad: 300000, script: 30000}, unhandledPromptBehavior: dismiss and notify}
Session ID: 8f5a9bb4-793d-4e2b-b465-abaffb00a3a2
	at java.base/jdk.internal.reflect.NativeConstructorAccessorImpl.newInstance0(Native Method)
	at java.base/jdk.internal.reflect.NativeConstructorAccessorImpl.newInstance(NativeConstructorAccessorImpl.java:62)
	at java.base/jdk.internal.reflect.DelegatingConstructorAccessorImpl.newInstance(DelegatingConstructorAccessorImpl.java:45)
	at java.base/java.lang.reflect.Constructor.newInstance(Constructor.java:488)
	at org.openqa.selenium.remote.codec.w3c.W3CHttpResponseCodec.createException(W3CHttpResponseCodec.java:200)
	at org.openqa.selenium.remote.codec.w3c.W3CHttpResponseCodec.decode(W3CHttpResponseCodec.java:133)
	at org.openqa.selenium.remote.codec.w3c.W3CHttpResponseCodec.decode(W3CHttpResponseCodec.java:53)
	at org.openqa.selenium.remote.HttpCommandExecutor.execute(HttpCommandExecutor.java:184)
	at org.openqa.selenium.remote.service.DriverCommandExecutor.invokeExecute(DriverCommandExecutor.java:167)
	at org.openqa.selenium.remote.service.DriverCommandExecutor.execute(DriverCommandExecutor.java:142)
	at org.openqa.selenium.remote.RemoteWebDriver.execute(RemoteWebDriver.java:543)
	at org.openqa.selenium.remote.ElementLocation$ElementFinder$2.findElement(ElementLocation.java:162)
	at org.openqa.selenium.remote.ElementLocation.findElement(ElementLocation.java:60)
	at org.openqa.selenium.remote.RemoteWebDriver.findElement(RemoteWebDriver.java:352)
	at org.openqa.selenium.remote.RemoteWebDriver.findElement(RemoteWebDriver.java:344)
	at pages.base.Action.findElementByXpath(Action.java:30)
	at pages.base.Action.ifButtonIsPresentClick(Action.java:109)
	at tests.buySellMoodCoinTests.AllPageFirefoxTests.allHeaderBuySellMoodCoinPage(AllPageFirefoxTests.java:23)
	at java.base/jdk.internal.reflect.NativeMethodAccessorImpl.invoke0(Native Method)
	at java.base/jdk.internal.reflect.NativeMethodAccessorImpl.invoke(NativeMethodAccessorImpl.java:62)
	at java.base/jdk.internal.reflect.DelegatingMethodAccessorImpl.invoke(DelegatingMethodAccessorImpl.java:43)
	at java.base/java.lang.reflect.Method.invoke(Method.java:564)
	at org.testng.internal.invokers.MethodInvocationHelper.invokeMethod(MethodInvocationHelper.java:135)
	at org.testng.internal.invokers.TestInvoker.invokeMethod(TestInvoker.java:673)
	at org.testng.internal.invokers.TestInvoker.retryFailed(TestInvoker.java:262)
	at org.testng.internal.invokers.MethodRunner.runInSequence(MethodRunner.java:62)
	at org.testng.internal.invokers.TestInvoker$MethodInvocationAgent.invoke(TestInvoker.java:945)
	at org.testng.internal.invokers.TestInvoker.invokeTestMethods(TestInvoker.java:193)
	at org.testng.internal.invokers.TestMethodWorker.invokeTestMethods(TestMethodWorker.java:146)
	at org.testng.internal.invokers.TestMethodWorker.run(TestMethodWorker.java:128)
	at java.base/java.util.ArrayList.forEach(ArrayList.java:1380)
	at org.testng.TestRunner.privateRun(TestRunner.java:808)
	at org.testng.TestRunner.run(TestRunner.java:603)
	at org.testng.SuiteRunner.runTest(SuiteRunner.java:429)
	at org.testng.SuiteRunner.runSequentially(SuiteRunner.java:423)
	at org.testng.SuiteRunner.privateRun(SuiteRunner.java:383)
	at org.testng.SuiteRunner.run(SuiteRunner.java:326)
	at org.testng.SuiteRunnerWorker.runSuite(SuiteRunnerWorker.java:52)
	at org.testng.SuiteRunnerWorker.run(SuiteRunnerWorker.java:95)
	at org.testng.TestNG.runSuitesSequentially(TestNG.java:1249)
	at org.testng.TestNG.runSuitesLocally(TestNG.java:1169)
	at org.testng.TestNG.runSuites(TestNG.java:1092)
	at org.testng.TestNG.run(TestNG.java:1060)
	at org.apache.maven.surefire.testng.TestNGExecutor.run(TestNGExecutor.java:284)
	at org.apache.maven.surefire.testng.TestNGXmlTestSuite.execute(TestNGXmlTestSuite.java:75)
	at org.apache.maven.surefire.testng.TestNGProvider.invoke(TestNGProvider.java:119)
	at org.apache.maven.surefire.booter.ForkedBooter.runSuitesInProcess(ForkedBooter.java:428)
	at org.apache.maven.surefire.booter.ForkedBooter.execute(ForkedBooter.java:162)
	at org.apache.maven.surefire.booter.ForkedBooter.run(ForkedBooter.java:562)
	at org.apache.maven.surefire.booter.ForkedBooter.main(ForkedBooter.java:548)
]]></system-err>
  </testcase>
  <testcase name="getStartedHeaderBuySellMoodCoinPage[https://ai-mood.com/en/buy-sell-aimood-coin, Screenshots/](1)" classname="tests.buySellMoodCoinTests.AllPageFirefoxTests" time="0">
    <skipped message="*** Images are not similar *** expected [true] but found [false]"/>
    <system-out><![CDATA[The two images are not similar.
Difference found. See the file D:\jenkins-agent-data\workspace\pixelPerfectMultiPlatform_AI_Mood_Prod\Screenshots\BuySellMoodCoin_page\EnFirefox\Screenshots_getStartedHeaderBuySellMoodCoinPage\difference.png for details.
]]></system-out>
  </testcase>
  <testcase name="getStartedHeaderBuySellMoodCoinPage[https://ai-mood.com/en/buy-sell-aimood-coin, Screenshots/](2)" classname="tests.buySellMoodCoinTests.AllPageFirefoxTests" time="0">
    <skipped message="*** Images are not similar *** expected [true] but found [false]"/>
    <system-out><![CDATA[The two images are not similar.
[...]
console.error: RemoteSecuritySettings.jsm: 
  Failed to download attachment: TypeError: NetworkError: Network request failed
console.error: RemoteSecuritySettings.jsm: 
  Failed to download attachment: TypeError: NetworkError: Network request failed
console.error: RemoteSecuritySettings.jsm: 
  Failed to download attachment: TypeError: NetworkError: Network request failed
console.error: RemoteSecuritySettings.jsm: 
  Failed to download attachment: TypeError: NetworkError: Network request failed
console.error: RemoteSecuritySettings.jsm: 
  Failed to download attachment: TypeError: NetworkError: Network request failed
console.error: RemoteSecuritySettings.jsm: 
  Failed to download attachment: TypeError: NetworkError: Network request failed
console.error: RemoteSecuritySettings.jsm: 
  Failed to download attachment: TypeError: NetworkError: Network request failed
console.error: RemoteSecuritySettings.jsm: 
  Failed to download attachment: TypeError: NetworkError: Network request failed
console.error: RemoteSecuritySettings.jsm: 
  Failed to download attachment: TypeError: NetworkError: Network request failed
console.error: RemoteSecuritySettings.jsm: 
  Failed to download attachment: TypeError: NetworkError: Network request failed
console.error: RemoteSecuritySettings.jsm: 
  Failed to download attachment: TypeError: NetworkError: Network request failed
console.error: RemoteSecuritySettings.jsm: 
  Failed to download attachment: TypeError: NetworkError: Network request failed
console.error: RemoteSecuritySettings.jsm: 
  Failed to download attachment: TypeError: NetworkError: Network request failed
console.error: RemoteSecuritySettings.jsm: 
  Failed to download attachment: TypeError: NetworkError: Network request failed
console.error: RemoteSecuritySettings.jsm: 
  Failed to download attachment: TypeError: NetworkError: Network request failed
console.error: RemoteSecuritySettings.jsm: 
  Failed to download attachment: TypeError: NetworkError: Network request failed
console.error: RemoteSecuritySettings.jsm: 
  Failed to download attachment: TypeError: NetworkError: Network request failed
console.error: RemoteSecuritySettings.jsm: 
  Failed to download attachment: TypeError: NetworkError: Network request failed
console.error: RemoteSecuritySettings.jsm: 
  Failed to download attachment: TypeError: NetworkError: Network request failed
console.error: RemoteSecuritySettings.jsm: 
  Failed to download attachment: TypeError: NetworkError: Network request failed
console.error: RemoteSecuritySettings.jsm: 
  Failed to download attachment: TypeError: NetworkError: Network request failed
console.error: RemoteSecuritySettings.jsm: 
  Failed to download attachment: TypeError: NetworkError: Network request failed
console.error: RemoteSecuritySettings.jsm: 
  Failed to download attachment: TypeError: NetworkError: Network request failed
console.error: RemoteSecuritySettings.jsm: 
  Failed to download attachment: TypeError: NetworkError: Network request failed
console.error: RemoteSecuritySettings.jsm: 
  Failed to download attachment: TypeError: NetworkError: Network request failed
console.error: RemoteSecuritySettings.jsm: 
  Failed to download attachment: TypeError: NetworkError: Network request failed
console.error: RemoteSecuritySettings.jsm: 
  Failed to download attachment: TypeError: NetworkError: Network request failed
console.error: RemoteSecuritySettings.jsm: 
  Failed to download attachment: TypeError: NetworkError: Network request failed
console.error: RemoteSecuritySettings.jsm: 
  Failed to download attachment: TypeError: NetworkError: Network request failed
console.error: RemoteSecuritySettings.jsm: 
  Failed to download attachment: TypeError: NetworkError: Network request failed
console.error: RemoteSecuritySettings.jsm: 
  Failed to download attachment: TypeError: NetworkError: Network request failed
console.error: RemoteSecuritySettings.jsm: 
  Failed to download attachment: TypeError: NetworkError: Network request failed
console.error: RemoteSecuritySettings.jsm: 
  Failed to download attachment: TypeError: NetworkError: Network request failed
console.error: RemoteSecuritySettings.jsm: 
  Failed to download attachment: TypeError: NetworkError: Network request failed
console.error: RemoteSecuritySettings.jsm: 
  Failed to download attachment: TypeError: NetworkError: Network request failed
console.error: RemoteSecuritySettings.jsm: 
  Failed to download attachment: TypeError: NetworkError: Network request failed
console.error: RemoteSecuritySettings.jsm: 
  Failed to download attachment: TypeError: NetworkError: Network request failed
console.error: RemoteSecuritySettings.jsm: 
  Failed to download attachment: TypeError: NetworkError: Network request failed
console.error: RemoteSecuritySettings.jsm: 
  Failed to download attachment: TypeError: NetworkError: Network request failed
console.error: RemoteSecuritySettings.jsm: 
  Failed to download attachment: TypeError: NetworkError: Network request failed
console.error: RemoteSecuritySettings.jsm: 
  Failed to download attachment: TypeError: NetworkError: Network request failed
console.error: RemoteSecuritySettings.jsm: 
  Failed to download attachment: TypeError: NetworkError: Network request failed
console.error: RemoteSecuritySettings.jsm: 
  Failed to download attachment: TypeError: NetworkError: Network request failed
console.error: RemoteSecuritySettings.jsm: 
  Failed to download attachment: TypeError: NetworkError: Network request failed
console.error: RemoteSecuritySettings.jsm: 
  Failed to download attachment: TypeError: NetworkError: Network request failed
console.error: RemoteSecuritySettings.jsm: 
  Failed to download attachment: TypeError: NetworkError: Network request failed
console.error: RemoteSecuritySettings.jsm: 
  Failed to download attachment: TypeError: NetworkError: Network request failed
console.error: RemoteSecuritySettings.jsm: 
  Failed to download attachment: TypeError: NetworkError: Network request failed
console.error: RemoteSecuritySettings.jsm: 
  Failed to download attachment: TypeError: NetworkError: Network request failed
console.error: RemoteSecuritySettings.jsm: 
  Failed to download attachment: TypeError: NetworkError: Network request failed
console.error: RemoteSecuritySettings.jsm: 
  Failed to download attachment: TypeError: NetworkError: Network request failed
console.error: RemoteSecuritySettings.jsm: 
  Failed to download attachment: TypeError: NetworkError: Network request failed
console.error: RemoteSecuritySettings.jsm: 
  Failed to download attachment: TypeError: NetworkError: Network request failed
console.error: RemoteSecuritySettings.jsm: 
  Failed to download attachment: TypeError: NetworkError: Network request failed
console.error: RemoteSecuritySettings.jsm: 
  Failed to download attachment: TypeError: NetworkError: Network request failed
console.error: RemoteSecuritySettings.jsm: 
  Failed to download attachment: TypeError: NetworkError: Network request failed
console.error: RemoteSecuritySettings.jsm: 
  Failed to download attachment: TypeError: NetworkError: Network request failed
console.error: RemoteSecuritySettings.jsm: 
  Failed to download attachment: TypeError: NetworkError: Network request failed
console.error: RemoteSecuritySettings.jsm: 
  Failed to download attachment: TypeError: NetworkError: Network request failed
console.error: RemoteSecuritySettings.jsm: 
  Failed to download attachment: TypeError: NetworkError: Network request failed
console.error: RemoteSecuritySettings.jsm: 
  Failed to download attachment: TypeError: NetworkError: Network request failed
console.error: RemoteSecuritySettings.jsm: 
  Failed to download attachment: TypeError: NetworkError: Network request failed
console.error: RemoteSecuritySettings.jsm: 
  Failed to download attachment: TypeError: NetworkError: Network request failed
console.error: RemoteSecuritySettings.jsm: 
  Failed to download attachment: TypeError: NetworkError: Network request failed
console.error: RemoteSecuritySettings.jsm: 
  Failed to download attachment: TypeError: NetworkError: Network request failed
console.error: RemoteSecuritySettings.jsm: 
  Failed to download attachment: TypeError: NetworkError: Network request failed
console.error: RemoteSecuritySettings.jsm: 
  Failed to download attachment: TypeError: NetworkError: Network request failed
console.error: RemoteSecuritySettings.jsm: 
  Failed to download attachment: TypeError: NetworkError: Network request failed
console.error: RemoteSecuritySettings.jsm: 
  Failed to download attachment: TypeError: NetworkError: Network request failed
console.error: RemoteSecuritySettings.jsm: 
  Failed to download attachment: TypeError: NetworkError: Network request failed
console.error: RemoteSecuritySettings.jsm: 
  Failed to download attachment: TypeError: NetworkError: Network request failed
console.error: RemoteSecuritySettings.jsm: 
  Failed to download attachment: TypeError: NetworkError: Network request failed
console.error: RemoteSecuritySettings.jsm: 
  Failed to download attachment: TypeError: NetworkError: Network request failed
console.error: RemoteSecuritySettings.jsm: 
  Failed to download attachment: TypeError: NetworkError: Network request failed
WARNING: A blocker encountered an error while we were waiting.
          Blocker:  Waiting for ping task
          Phase: TelemetryController: Waiting for pending ping activity
          State: (none)
WARNING: Error: Phase "profile-before-change" is finished, it is too late to register completion condition "OS.File: flush I/O queued before profileBeforeChange"
WARNING: addBlocker@resource://gre/modules/AsyncShutdown.sys.mjs:727:15
addBlocker@resource://gre/modules/AsyncShutdown.sys.mjs:523:26
addBlocker@resource://gre/modules/AsyncShutdown.sys.mjs:458:15
setupShutdown@resource://gre/modules/osfile/osfile_async_front.jsm:1548:28
@resource://gre/modules/osfile/osfile_async_front.jsm:1568:16
@resource://gre/modules/osfile.jsm:12:30
@resource://gre/modules/TelemetryStorage.sys.mjs:10:28
_checkPendingPings@resource://gre/modules/TelemetrySend.sys.mjs:859:17
setup@resource://gre/modules/TelemetrySend.sys.mjs:799:18
setup@resource://gre/modules/TelemetrySend.sys.mjs:237:30
setupTelemetry/this._delayedInitTask<@resource://gre/modules/TelemetryControllerParent.sys.mjs:824:36
observe@resource://gre/modules/AsyncShutdown.sys.mjs:576:16

console.error: "TelemetryScheduler.shutdown - Already shut down"
WARNING: A blocker encountered an error while we were waiting.
          Blocker:  Waiting for ping task
          Phase: TelemetryController: Waiting for pending ping activity
          State: (none)
WARNING: Error: Phase "profile-before-change" is finished, it is too late to register completion condition "OS.File: flush I/O queued before profileBeforeChange"
WARNING: addBlocker@resource://gre/modules/AsyncShutdown.sys.mjs:727:15
addBlocker@resource://gre/modules/AsyncShutdown.sys.mjs:523:26
addBlocker@resource://gre/modules/AsyncShutdown.sys.mjs:458:15
setupShutdown@resource://gre/modules/osfile/osfile_async_front.jsm:1548:28
@resource://gre/modules/osfile/osfile_async_front.jsm:1568:16
@resource://gre/modules/osfile.jsm:12:30
@resource://gre/modules/TelemetryStorage.sys.mjs:10:28
_checkPendingPings@resource://gre/modules/TelemetrySend.sys.mjs:859:17
setup@resource://gre/modules/TelemetrySend.sys.mjs:799:18
setup@resource://gre/modules/TelemetrySend.sys.mjs:237:30
setupTelemetry/this._delayedInitTask<@resource://gre/modules/TelemetryControllerParent.sys.mjs:824:36
observe@resource://gre/modules/AsyncShutdown.sys.mjs:576:16

WARNING: A blocker encountered an error while we were waiting.
          Blocker:  Waiting for ping task
          Phase: TelemetryController: Waiting for pending ping activity
          State: (none)
WARNING: Error: Phase "profile-before-change" is finished, it is too late to register completion condition "OS.File: flush I/O queued before profileBeforeChange"
WARNING: addBlocker@resource://gre/modules/AsyncShutdown.sys.mjs:727:15
addBlocker@resource://gre/modules/AsyncShutdown.sys.mjs:523:26
addBlocker@resource://gre/modules/AsyncShutdown.sys.mjs:458:15
setupShutdown@resource://gre/modules/osfile/osfile_async_front.jsm:1548:28
@resource://gre/modules/osfile/osfile_async_front.jsm:1568:16
@resource://gre/modules/osfile.jsm:12:30
@resource://gre/modules/TelemetryStorage.sys.mjs:10:28
_checkPendingPings@resource://gre/modules/TelemetrySend.sys.mjs:859:17
setup@resource://gre/modules/TelemetrySend.sys.mjs:799:18
setup@resource://gre/modules/TelemetrySend.sys.mjs:237:30
setupTelemetry/this._delayedInitTask<@resource://gre/modules/TelemetryControllerParent.sys.mjs:824:36
observe@resource://gre/modules/AsyncShutdown.sys.mjs:576:16

WARNING: A blocker encountered an error while we were waiting.
          Blocker:  TelemetryController: shutting down
          Phase: profile-before-change-telemetry
          State: Error getting state: Error: Phase "profile-before-change" is finished, it is too late to register completion condition "OS.File: flush I/O queued before profileBeforeChange" at addBlocker@resource://gre/modules/AsyncShutdown.sys.mjs:727:15
addBlocker@resource://gre/modules/AsyncShutdown.sys.mjs:523:26
addBlocker@resource://gre/modules/AsyncShutdown.sys.mjs:458:15
setupShutdown@resource://gre/modules/osfile/osfile_async_front.jsm:1548:28
@resource://gre/modules/osfile/osfile_async_front.jsm:1568:16
@resource://gre/modules/osfile.jsm:12:30
@resource://gre/modules/TelemetryStorage.sys.mjs:10:28
_checkPendingPings@resource://gre/modules/TelemetrySend.sys.mjs:859:17
setup@resource://gre/modules/TelemetrySend.sys.mjs:799:18
setup@resource://gre/modules/TelemetrySend.sys.mjs:237:30
setupTelemetry/this._delayedInitTask<@resource://gre/modules/TelemetryControllerParent.sys.mjs:824:36
observe@resource://gre/modules/AsyncShutdown.sys.mjs:576:16

WARNING: Error: Phase "profile-before-change" is finished, it is too late to register completion condition "OS.File: flush I/O queued before profileBeforeChange"
WARNING: addBlocker@resource://gre/modules/AsyncShutdown.sys.mjs:727:15
addBlocker@resource://gre/modules/AsyncShutdown.sys.mjs:523:26
addBlocker@resource://gre/modules/AsyncShutdown.sys.mjs:458:15
setupShutdown@resource://gre/modules/osfile/osfile_async_front.jsm:1548:28
@resource://gre/modules/osfile/osfile_async_front.jsm:1568:16
@resource://gre/modules/osfile.jsm:12:30
@resource://gre/modules/TelemetryStorage.sys.mjs:10:28
_checkPendingPings@resource://gre/modules/TelemetrySend.sys.mjs:859:17
setup@resource://gre/modules/TelemetrySend.sys.mjs:799:18
setup@resource://gre/modules/TelemetrySend.sys.mjs:237:30
setupTelemetry/this._delayedInitTask<@resource://gre/modules/TelemetryControllerParent.sys.mjs:824:36
observe@resource://gre/modules/AsyncShutdown.sys.mjs:576:16

JavaScript error: resource://gre/modules/AsyncShutdown.sys.mjs, line 727: Error: Phase "profile-before-change" is finished, it is too late to register completion condition "OS.File: flush I/O queued before profileBeforeChange"
JavaScript error: resource://gre/modules/AsyncShutdown.sys.mjs, line 727: Error: Phase "profile-before-change" is finished, it is too late to register completion condition "OS.File: flush I/O queued before profileBeforeChange"
JavaScript error: resource://gre/modules/AsyncShutdown.sys.mjs, line 727: Error: Phase "profile-before-change" is finished, it is too late to register completion condition "OS.File: flush I/O queued before profileBeforeChange"
JavaScript error: resource://gre/modules/AsyncShutdown.sys.mjs, line 727: Error: Phase "profile-before-change" is finished, it is too late to register completion condition "OS.File: flush I/O queued before profileBeforeChange"
JavaScript error: resource://gre/modules/AsyncShutdown.sys.mjs, line 727: Error: Phase "profile-before-change" is finished, it is too late to register completion condition "OS.File: flush I/O queued before profileBeforeChange"
JavaScript error: resource://gre/modules/AsyncShutdown.sys.mjs, line 727: Error: Phase "profile-before-change" is finished, it is too late to register completion condition "OS.File: flush I/O queued before profileBeforeChange"
Starting ChromeDriver 114.0.5735.90 (386bc09e8f4f2e025eddae123f36f6263096ae49-refs/branch-heads/5735@{#1052}) on port 31631
Only local connections are allowed.
Please see https://chromedriver.chromium.org/security-considerations for suggestions on keeping ChromeDriver safe.
ChromeDriver was started successfully.
[1692189443.580][WARNING]: This version of ChromeDriver has not been tested with Chrome version 115.
серп. 16, 2023 3:37:23 ПП org.openqa.selenium.devtools.CdpVersionFinder findNearestMatch
WARNING: Unable to find CDP implementation matching 115
серп. 16, 2023 3:37:23 ПП org.openqa.selenium.chromium.ChromiumDriver lambda$new$3
WARNING: Unable to find version of CDP to use for . You may need to include a dependency on a specific version of the CDP using something similar to `org.seleniumhq.selenium:selenium-devtools-v86:4.8.1` where the version ("v86") matches the version of the chromium-based browser you're using and the version number of the artifact is the same as Selenium's.
]]></system-err>
  </testcase>
  <testcase name="getStartedHeaderAffiliateProgramPage[https://ai-mood.com/en/affiliate-program, Screenshots/](1)" classname="tests.affiliateProgramPageTests.AllPageChromeTests" time="4.44">
    <system-out><![CDATA[The two images are similar.
]]></system-out>
  </testcase>
  <testcase name="learnHeaderAffiliateProgramPage[https://ai-mood.com/en/affiliate-program, Screenshots/](1)" classname="tests.affiliateProgramPageTests.AllPageChromeTests" time="4.287">
    <system-out><![CDATA[The two images are similar.
]]></system-out>
  </testcase>
  <testcase name="resourcesHeaderAffiliateProgramPage[https://ai-mood.com/en/affiliate-program, Screenshots/](1)" classname="tests.affiliateProgramPageTests.AllPageChromeTests" time="4.364">
    <system-out><![CDATA[The two images are similar.
]]></system-out>
  </testcase>
  <testcase name="mainSectionAffiliateProgramPage[https://ai-mood.com/en/affiliate-program, Screenshots/](1)" classname="tests.affiliateProgramPageTests.AllPageChromeTests" time="6.239">
    <system-out><![CDATA[The two images are similar.
]]></system-out>
  </testcase>
  <testcase name="affiliateSectionAffiliateProgramPage[https://ai-mood.com/en/affiliate-program, Screenshots/](1)" classname="tests.affiliateProgramPageTests.AllPageChromeTests" time="5.615">
    <system-out><![CDATA[The two images are similar.
]]></system-out>
  </testcase>
  <testcase name="allFooterAffiliateProgramPage[https://ai-mood.com/en/affiliate-program, Screenshots/](1)" classname="tests.affiliateProgramPageTests.AllPageChromeTests" time="5.254">
    <system-out><![CDATA[The two images are similar.
]]></system-out>
  </testcase>
  <testcase name="partnFooterAffiliateProgramPage[https://ai-mood.com/en/affiliate-program, Screenshots/](1)" classname="tests.affiliateProgramPageTests.AllPageChromeTests" time="5.16">
    <system-out><![CDATA[The two images are similar.
]]></system-out>
  </testcase>
  <testcase name="subFooterAffiliateProgramPage[https://ai-mood.com/en/affiliate-program, Screenshots/](1)" classname="tests.affiliateProgramPageTests.AllPageChromeTests" time="5.121">
    <system-out><![CDATA[The two images are similar.
]]></system-out>
  </testcase>
  <testcase name="copFooterAffiliateProgramPage[https://ai-mood.com/en/affiliate-program, Screenshots/](1)" classname="tests.affiliateProgramPageTests.AllPageChromeTests" time="4.159">
    <system-out><![CDATA[The two images are similar.
]]></system-out>
  </testcase>
</testsuite>