<?xml version="1.0" encoding="UTF-8"?>
<testng-results ignored="0" total="20" passed="20" failed="0" skipped="0">
  <reporter-output>
  </reporter-output>
  <suite started-at="2023-08-25T12:02:14 EEST" name="WPT" finished-at="2023-08-25T12:04:10 EEST" duration-ms="115930">
    <groups>
    </groups>
    <test started-at="2023-08-25T12:02:14 EEST" name="ai-mood - Pixel perfect regression" finished-at="2023-08-25T12:04:10 EEST" duration-ms="115930">
      <class name="tests.affiliateProgramPageTests.AllPageFirefoxTests">
        <test-method is-config="true" signature="setUp()[pri:0, instance:tests.affiliateProgramPageTests.AllPageFirefoxTests@5562c41e]" started-at="2023-08-25T12:02:14 EEST" name="setUp" finished-at="2023-08-25T12:02:18 EEST" duration-ms="4095" status="PASS">
          <reporter-output>
          </reporter-output>
        </test-method> <!-- setUp -->
        <test-method signature="allHeaderAffiliateProgramPage(java.lang.String,java.lang.String)[pri:1, instance:tests.affiliateProgramPageTests.AllPageFirefoxTests@5562c41e]" started-at="2023-08-25T12:02:18 EEST" name="allHeaderAffiliateProgramPage" finished-at="2023-08-25T12:02:28 EEST" duration-ms="9494" status="PASS">
          <params>
            <param index="0">
              <value>
                <![CDATA[https://ai-mood.com/en/affiliate-program]]>
              </value>
            </param>
            <param index="1">
              <value>
                <![CDATA[Screenshots/]]>
              </value>
            </param>
          </params>
          <reporter-output>
          </reporter-output>
        </test-method> <!-- allHeaderAffiliateProgramPage -->
        <test-method is-config="true" signature="setUp()[pri:0, instance:tests.affiliateProgramPageTests.AllPageFirefoxTests@5562c41e]" started-at="2023-08-25T12:02:28 EEST" name="setUp" finished-at="2023-08-25T12:02:28 EEST" duration-ms="1" status="PASS">
          <reporter-output>
          </reporter-output>
        </test-method> <!-- setUp -->
        <test-method signature="getStartedHeaderAffiliateProgramPage(java.lang.String,java.lang.String)[pri:2, instance:tests.affiliateProgramPageTests.AllPageFirefoxTests@5562c41e]" started-at="2023-08-25T12:02:28 EEST" name="getStartedHeaderAffiliateProgramPage" finished-at="2023-08-25T12:02:32 EEST" duration-ms="4200" status="PASS">
          <params>
            <param index="0">
              <value>
                <![CDATA[https://ai-mood.com/en/affiliate-program]]>
              </value>
            </param>
            <param index="1">
              <value>
                <![CDATA[Screenshots/]]>
              </value>
            </param>
          </params>
          <reporter-output>
          </reporter-output>
        </test-method> <!-- getStartedHeaderAffiliateProgramPage -->
        <test-method signature="learnHeaderAffiliateProgramPage(java.lang.String,java.lang.String)[pri:3, instance:tests.affiliateProgramPageTests.AllPageFirefoxTests@5562c41e]" started-at="2023-08-25T12:02:32 EEST" name="learnHeaderAffiliateProgramPage" finished-at="2023-08-25T12:02:36 EEST" duration-ms="4151" status="PASS">
          <params>
            <param index="0">
              <value>
                <![CDATA[https://ai-mood.com/en/affiliate-program]]>
              </value>
            </param>
            <param index="1">
              <value>
                <![CDATA[Screenshots/]]>
              </value>
            </param>
          </params>
          <reporter-output>
          </reporter-output>
        </test-method> <!-- learnHeaderAffiliateProgramPage -->
        <test-method is-config="true" signature="setUp()[pri:0, instance:tests.affiliateProgramPageTests.AllPageFirefoxTests@5562c41e]" started-at="2023-08-25T12:02:32 EEST" name="setUp" finished-at="2023-08-25T12:02:32 EEST" duration-ms="0" status="PASS">
          <reporter-output>
          </reporter-output>
        </test-method> <!-- setUp -->
        <test-method is-config="true" signature="setUp()[pri:0, instance:tests.affiliateProgramPageTests.AllPageFirefoxTests@5562c41e]" started-at="2023-08-25T12:02:36 EEST" name="setUp" finished-at="2023-08-25T12:02:36 EEST" duration-ms="1" status="PASS">
          <reporter-output>
          </reporter-output>
        </test-method> <!-- setUp -->
        <test-method signature="resourcesHeaderAffiliateProgramPage(java.lang.String,java.lang.String)[pri:4, instance:tests.affiliateProgramPageTests.AllPageFirefoxTests@5562c41e]" started-at="2023-08-25T12:02:36 EEST" name="resourcesHeaderAffiliateProgramPage" finished-at="2023-08-25T12:02:40 EEST" duration-ms="4187" status="PASS">
          <params>
            <param index="0">
              <value>
                <![CDATA[https://ai-mood.com/en/affiliate-program]]>
              </value>
            </param>
            <param index="1">
              <value>
                <![CDATA[Screenshots/]]>
              </value>
            </param>
          </params>
          <reporter-output>
          </reporter-output>
        </test-method> <!-- resourcesHeaderAffiliateProgramPage -->
        <test-method signature="mainSectionAffiliateProgramPage(java.lang.String,java.lang.String)[pri:6, instance:tests.affiliateProgramPageTests.AllPageFirefoxTests@5562c41e]" started-at="2023-08-25T12:02:40 EEST" name="mainSectionAffiliateProgramPage" finished-at="2023-08-25T12:02:46 EEST" duration-ms="5969" status="PASS">
          <params>
            <param index="0">
              <value>
                <![CDATA[https://ai-mood.com/en/affiliate-program]]>
              </value>
            </param>
            <param index="1">
              <value>
                <![CDATA[Screenshots/]]>
              </value>
            </param>
          </params>
          <reporter-output>
          </reporter-output>
        </test-method> <!-- mainSectionAffiliateProgramPage -->
        <test-method is-config="true" signature="setUp()[pri:0, instance:tests.affiliateProgramPageTests.AllPageFirefoxTests@5562c41e]" started-at="2023-08-25T12:02:40 EEST" name="setUp" finished-at="2023-08-25T12:02:40 EEST" duration-ms="0" status="PASS">
          <reporter-output>
          </reporter-output>
        </test-method> <!-- setUp -->
        <test-method signature="affiliateSectionAffiliateProgramPage(java.lang.String,java.lang.String)[pri:7, instance:tests.affiliateProgramPageTests.AllPageFirefoxTests@5562c41e]" started-at="2023-08-25T12:02:46 EEST" name="affiliateSectionAffiliateProgramPage" finished-at="2023-08-25T12:02:53 EEST" duration-ms="6430" status="PASS">
          <params>
            <param index="0">
              <value>
                <![CDATA[https://ai-mood.com/en/affiliate-program]]>
              </value>
            </param>
            <param index="1">
              <value>
                <![CDATA[Screenshots/]]>
              </value>
            </param>
          </params>
          <reporter-output>
          </reporter-output>
        </test-method> <!-- affiliateSectionAffiliateProgramPage -->
        <test-method is-config="true" signature="setUp()[pri:0, instance:tests.affiliateProgramPageTests.AllPageFirefoxTests@5562c41e]" started-at="2023-08-25T12:02:46 EEST" name="setUp" finished-at="2023-08-25T12:02:46 EEST" duration-ms="0" status="PASS">
          <reporter-output>
          </reporter-output>
        </test-method> <!-- setUp -->
        <test-method is-config="true" signature="setUp()[pri:0, instance:tests.affiliateProgramPageTests.AllPageFirefoxTests@5562c41e]" started-at="2023-08-25T12:02:53 EEST" name="setUp" finished-at="2023-08-25T12:02:53 EEST" duration-ms="0" status="PASS">
          <reporter-output>
          </reporter-output>
        </test-method> <!-- setUp -->
        <test-method signature="allFooterAffiliateProgramPage(java.lang.String,java.lang.String)[pri:8, instance:tests.affiliateProgramPageTests.AllPageFirefoxTests@5562c41e]" started-at="2023-08-25T12:02:53 EEST" name="allFooterAffiliateProgramPage" finished-at="2023-08-25T12:02:58 EEST" duration-ms="5075" status="PASS">
          <params>
            <param index="0">
              <value>
                <![CDATA[https://ai-mood.com/en/affiliate-program]]>
              </value>
            </param>
            <param index="1">
              <value>
                <![CDATA[Screenshots/]]>
              </value>
            </param>
          </params>
          <reporter-output>
          </reporter-output>
        </test-method> <!-- allFooterAffiliateProgramPage -->
        <test-method signature="partnFooterAffiliateProgramPage(java.lang.String,java.lang.String)[pri:9, instance:tests.affiliateProgramPageTests.AllPageFirefoxTests@5562c41e]" started-at="2023-08-25T12:02:58 EEST" name="partnFooterAffiliateProgramPage" finished-at="2023-08-25T12:03:03 EEST" duration-ms="4953" status="PASS">
          <params>
            <param index="0">
              <value>
                <![CDATA[https://ai-mood.com/en/affiliate-program]]>
              </value>
            </param>
            <param index="1">
              <value>
                <![CDATA[Screenshots/]]>
              </value>
            </param>
          </params>
          <reporter-output>
          </reporter-output>
        </test-method> <!-- partnFooterAffiliateProgramPage -->
        <test-method is-config="true" signature="setUp()[pri:0, instance:tests.affiliateProgramPageTests.AllPageFirefoxTests@5562c41e]" started-at="2023-08-25T12:02:58 EEST" name="setUp" finished-at="2023-08-25T12:02:58 EEST" duration-ms="0" status="PASS">
          <reporter-output>
          </reporter-output>
        </test-method> <!-- setUp -->
        <test-method is-config="true" signature="setUp()[pri:0, instance:tests.affiliateProgramPageTests.AllPageFirefoxTests@5562c41e]" started-at="2023-08-25T12:03:03 EEST" name="setUp" finished-at="2023-08-25T12:03:03 EEST" duration-ms="1" status="PASS">
          <reporter-output>
          </reporter-output>
        </test-method> <!-- setUp -->
        <test-method signature="subFooterAffiliateProgramPage(java.lang.String,java.lang.String)[pri:10, instance:tests.affiliateProgramPageTests.AllPageFirefoxTests@5562c41e]" started-at="2023-08-25T12:03:03 EEST" name="subFooterAffiliateProgramPage" finished-at="2023-08-25T12:03:08 EEST" duration-ms="4959" status="PASS">
          <params>
            <param index="0">
              <value>
                <![CDATA[https://ai-mood.com/en/affiliate-program]]>
              </value>
            </param>
            <param index="1">
              <value>
                <![CDATA[Screenshots/]]>
              </value>
            </param>
          </params>
          <reporter-output>
          </reporter-output>
        </test-method> <!-- subFooterAffiliateProgramPage -->
        <test-method is-config="true" signature="setUp()[pri:0, instance:tests.affiliateProgramPageTests.AllPageFirefoxTests@5562c41e]" started-at="2023-08-25T12:03:08 EEST" name="setUp" finished-at="2023-08-25T12:03:08 EEST" duration-ms="0" status="PASS">
          <reporter-output>
          </reporter-output>
        </test-method> <!-- setUp -->
        <test-method signature="copFooterAffiliateProgramPage(java.lang.String,java.lang.String)[pri:11, instance:tests.affiliateProgramPageTests.AllPageFirefoxTests@5562c41e]" started-at="2023-08-25T12:03:08 EEST" name="copFooterAffiliateProgramPage" finished-at="2023-08-25T12:03:12 EEST" duration-ms="4095" status="PASS">
          <params>
            <param index="0">
              <value>
                <![CDATA[https://ai-mood.com/en/affiliate-program]]>
              </value>
            </param>
            <param index="1">
              <value>
                <![CDATA[Screenshots/]]>
              </value>
            </param>
          </params>
          <reporter-output>
          </reporter-output>
        </test-method> <!-- copFooterAffiliateProgramPage -->
        <test-method is-config="true" signature="tearDown()[pri:0, instance:tests.affiliateProgramPageTests.AllPageFirefoxTests@5562c41e]" started-at="2023-08-25T12:03:12 EEST" name="tearDown" finished-at="2023-08-25T12:03:13 EEST" duration-ms="1632" status="PASS">
          <reporter-output>
          </reporter-output>
        </test-method> <!-- tearDown -->
      </class> <!-- tests.affiliateProgramPageTests.AllPageFirefoxTests -->
      <class name="tests.affiliateProgramPageTests.AllPageChromeTests">
        <test-method is-config="true" signature="setUp()[pri:0, instance:tests.affiliateProgramPageTests.AllPageChromeTests@43dac38f]" started-at="2023-08-25T12:03:13 EEST" name="setUp" finished-at="2023-08-25T12:03:15 EEST" duration-ms="1373" status="PASS">
          <reporter-output>
          </reporter-output>
        </test-method> <!-- setUp -->
        <test-method signature="allHeaderAffiliateProgramPage(java.lang.String,java.lang.String)[pri:1, instance:tests.affiliateProgramPageTests.AllPageChromeTests@43dac38f]" started-at="2023-08-25T12:03:15 EEST" name="allHeaderAffiliateProgramPage" finished-at="2023-08-25T12:03:23 EEST" duration-ms="8123" status="PASS">
          <params>
            <param index="0">
              <value>
                <![CDATA[https://ai-mood.com/en/affiliate-program]]>
              </value>
            </param>
            <param index="1">
              <value>
                <![CDATA[Screenshots/]]>
              </value>
            </param>
          </params>
          <reporter-output>
          </reporter-output>
        </test-method> <!-- allHeaderAffiliateProgramPage -->
        <test-method is-config="true" signature="setUp()[pri:0, instance:tests.affiliateProgramPageTests.AllPageChromeTests@43dac38f]" started-at="2023-08-25T12:03:23 EEST" name="setUp" finished-at="2023-08-25T12:03:23 EEST" duration-ms="1" status="PASS">
          <reporter-output>
          </reporter-output>
        </test-method> <!-- setUp -->
        <test-method signature="getStartedHeaderAffiliateProgramPage(java.lang.String,java.lang.String)[pri:2, instance:tests.affiliateProgramPageTests.AllPageChromeTests@43dac38f]" started-at="2023-08-25T12:03:23 EEST" name="getStartedHeaderAffiliateProgramPage" finished-at="2023-08-25T12:03:27 EEST" duration-ms="4487" status="PASS">
          <params>
            <param index="0">
              <value>
                <![CDATA[https://ai-mood.com/en/affiliate-program]]>
              </value>
            </param>
            <param index="1">
              <value>
                <![CDATA[Screenshots/]]>
              </value>
            </param>
          </params>
          <reporter-output>
          </reporter-output>
        </test-method> <!-- getStartedHeaderAffiliateProgramPage -->
        <test-method signature="learnHeaderAffiliateProgramPage(java.lang.String,java.lang.String)[pri:3, instance:tests.affiliateProgramPageTests.AllPageChromeTests@43dac38f]" started-at="2023-08-25T12:03:27 EEST" name="learnHeaderAffiliateProgramPage" finished-at="2023-08-25T12:03:32 EEST" duration-ms="4453" status="PASS">
          <params>
            <param index="0">
              <value>
                <![CDATA[https://ai-mood.com/en/affiliate-program]]>
              </value>
            </param>
            <param index="1">
              <value>
                <![CDATA[Screenshots/]]>
              </value>
            </param>
          </params>
          <reporter-output>
          </reporter-output>
        </test-method> <!-- learnHeaderAffiliateProgramPage -->
        <test-method is-config="true" signature="setUp()[pri:0, instance:tests.affiliateProgramPageTests.AllPageChromeTests@43dac38f]" started-at="2023-08-25T12:03:27 EEST" name="setUp" finished-at="2023-08-25T12:03:27 EEST" duration-ms="0" status="PASS">
          <reporter-output>
          </reporter-output>
        </test-method> <!-- setUp -->
        <test-method signature="resourcesHeaderAffiliateProgramPage(java.lang.String,java.lang.String)[pri:4, instance:tests.affiliateProgramPageTests.AllPageChromeTests@43dac38f]" started-at="2023-08-25T12:03:32 EEST" name="resourcesHeaderAffiliateProgramPage" finished-at="2023-08-25T12:03:36 EEST" duration-ms="4419" status="PASS">
          <params>
            <param index="0">
              <value>
                <![CDATA[https://ai-mood.com/en/affiliate-program]]>
              </value>
            </param>
            <param index="1">
              <value>
                <![CDATA[Screenshots/]]>
              </value>
            </param>
          </params>
          <reporter-output>
          </reporter-output>
        </test-method> <!-- resourcesHeaderAffiliateProgramPage -->
        <test-method is-config="true" signature="setUp()[pri:0, instance:tests.affiliateProgramPageTests.AllPageChromeTests@43dac38f]" started-at="2023-08-25T12:03:32 EEST" name="setUp" finished-at="2023-08-25T12:03:32 EEST" duration-ms="0" status="PASS">
          <reporter-output>
          </reporter-output>
        </test-method> <!-- setUp -->
        <test-method signature="mainSectionAffiliateProgramPage(java.lang.String,java.lang.String)[pri:6, instance:tests.affiliateProgramPageTests.AllPageChromeTests@43dac38f]" started-at="2023-08-25T12:03:36 EEST" name="mainSectionAffiliateProgramPage" finished-at="2023-08-25T12:03:43 EEST" duration-ms="6324" status="PASS">
          <params>
            <param index="0">
              <value>
                <![CDATA[https://ai-mood.com/en/affiliate-program]]>
              </value>
            </param>
            <param index="1">
              <value>
                <![CDATA[Screenshots/]]>
              </value>
            </param>
          </params>
          <reporter-output>
          </reporter-output>
        </test-method> <!-- mainSectionAffiliateProgramPage -->
        <test-method is-config="true" signature="setUp()[pri:0, instance:tests.affiliateProgramPageTests.AllPageChromeTests@43dac38f]" started-at="2023-08-25T12:03:36 EEST" name="setUp" finished-at="2023-08-25T12:03:36 EEST" duration-ms="0" status="PASS">
          <reporter-output>
          </reporter-output>
        </test-method> <!-- setUp -->
        <test-method is-config="true" signature="setUp()[pri:0, instance:tests.affiliateProgramPageTests.AllPageChromeTests@43dac38f]" started-at="2023-08-25T12:03:43 EEST" name="setUp" finished-at="2023-08-25T12:03:43 EEST" duration-ms="1" status="PASS">
          <reporter-output>
          </reporter-output>
        </test-method> <!-- setUp -->
        <test-method signature="affiliateSectionAffiliateProgramPage(java.lang.String,java.lang.String)[pri:7, instance:tests.affiliateProgramPageTests.AllPageChromeTests@43dac38f]" started-at="2023-08-25T12:03:43 EEST" name="affiliateSectionAffiliateProgramPage" finished-at="2023-08-25T12:03:49 EEST" duration-ms="6693" status="PASS">
          <params>
            <param index="0">
              <value>
                <![CDATA[https://ai-mood.com/en/affiliate-program]]>
              </value>
            </param>
            <param index="1">
              <value>
                <![CDATA[Screenshots/]]>
              </value>
            </param>
          </params>
          <reporter-output>
          </reporter-output>
        </test-method> <!-- affiliateSectionAffiliateProgramPage -->
        <test-method signature="allFooterAffiliateProgramPage(java.lang.String,java.lang.String)[pri:8, instance:tests.affiliateProgramPageTests.AllPageChromeTests@43dac38f]" started-at="2023-08-25T12:03:49 EEST" name="allFooterAffiliateProgramPage" finished-at="2023-08-25T12:03:55 EEST" duration-ms="5400" status="PASS">
          <params>
            <param index="0">
              <value>
                <![CDATA[https://ai-mood.com/en/affiliate-program]]>
              </value>
            </param>
            <param index="1">
              <value>
                <![CDATA[Screenshots/]]>
              </value>
            </param>
          </params>
          <reporter-output>
          </reporter-output>
        </test-method> <!-- allFooterAffiliateProgramPage -->
        <test-method is-config="true" signature="setUp()[pri:0, instance:tests.affiliateProgramPageTests.AllPageChromeTests@43dac38f]" started-at="2023-08-25T12:03:49 EEST" name="setUp" finished-at="2023-08-25T12:03:49 EEST" duration-ms="0" status="PASS">
          <reporter-output>
          </reporter-output>
        </test-method> <!-- setUp -->
        <test-method is-config="true" signature="setUp()[pri:0, instance:tests.affiliateProgramPageTests.AllPageChromeTests@43dac38f]" started-at="2023-08-25T12:03:55 EEST" name="setUp" finished-at="2023-08-25T12:03:55 EEST" duration-ms="0" status="PASS">
          <reporter-output>
          </reporter-output>
        </test-method> <!-- setUp -->
        <test-method signature="partnFooterAffiliateProgramPage(java.lang.String,java.lang.String)[pri:9, instance:tests.affiliateProgramPageTests.AllPageChromeTests@43dac38f]" started-at="2023-08-25T12:03:55 EEST" name="partnFooterAffiliateProgramPage" finished-at="2023-08-25T12:04:00 EEST" duration-ms="5230" status="PASS">
          <params>
            <param index="0">
              <value>
                <![CDATA[https://ai-mood.com/en/affiliate-program]]>
              </value>
            </param>
            <param index="1">
              <value>
                <![CDATA[Screenshots/]]>
              </value>
            </param>
          </params>
          <reporter-output>
          </reporter-output>
        </test-method> <!-- partnFooterAffiliateProgramPage -->
        <test-method signature="subFooterAffiliateProgramPage(java.lang.String,java.lang.String)[pri:10, instance:tests.affiliateProgramPageTests.AllPageChromeTests@43dac38f]" started-at="2023-08-25T12:04:00 EEST" name="subFooterAffiliateProgramPage" finished-at="2023-08-25T12:04:05 EEST" duration-ms="5201" status="PASS">
          <params>
            <param index="0">
              <value>
                <![CDATA[https://ai-mood.com/en/affiliate-program]]>
              </value>
            </param>
            <param index="1">
              <value>
                <![CDATA[Screenshots/]]>
              </value>
            </param>
          </params>
          <reporter-output>
          </reporter-output>
        </test-method> <!-- subFooterAffiliateProgramPage -->
        <test-method is-config="true" signature="setUp()[pri:0, instance:tests.affiliateProgramPageTests.AllPageChromeTests@43dac38f]" started-at="2023-08-25T12:04:00 EEST" name="setUp" finished-at="2023-08-25T12:04:00 EEST" duration-ms="0" status="PASS">
          <reporter-output>
          </reporter-output>
        </test-method> <!-- setUp -->
        <test-method is-config="true" signature="setUp()[pri:0, instance:tests.affiliateProgramPageTests.AllPageChromeTests@43dac38f]" started-at="2023-08-25T12:04:05 EEST" name="setUp" finished-at="2023-08-25T12:04:05 EEST" duration-ms="0" status="PASS">
          <reporter-output>
          </reporter-output>
        </test-method> <!-- setUp -->
        <test-method signature="copFooterAffiliateProgramPage(java.lang.String,java.lang.String)[pri:11, instance:tests.affiliateProgramPageTests.AllPageChromeTests@43dac38f]" started-at="2023-08-25T12:04:05 EEST" name="copFooterAffiliateProgramPage" finished-at="2023-08-25T12:04:09 EEST" duration-ms="4274" status="PASS">
          <params>
            <param index="0">
              <value>
                <![CDATA[https://ai-mood.com/en/affiliate-program]]>
              </value>
            </param>
            <param index="1">
              <value>
                <![CDATA[Screenshots/]]>
              </value>
            </param>
          </params>
          <reporter-output>
          </reporter-output>
        </test-method> <!-- copFooterAffiliateProgramPage -->
        <test-method is-config="true" signature="tearDown()[pri:0, instance:tests.affiliateProgramPageTests.AllPageChromeTests@43dac38f]" started-at="2023-08-25T12:04:09 EEST" name="tearDown" finished-at="2023-08-25T12:04:10 EEST" duration-ms="654" status="PASS">
          <reporter-output>
          </reporter-output>
        </test-method> <!-- tearDown -->
      </class> <!-- tests.affiliateProgramPageTests.AllPageChromeTests -->
    </test> <!-- ai-mood - Pixel perfect regression -->
  </suite> <!-- WPT -->
</testng-results>
