<?xml version="1.0" encoding="UTF-8"?>
<testsuite xmlns:xsi="http://www.w3.org/2001/XMLSchema-instance" xsi:noNamespaceSchemaLocation="https://maven.apache.org/surefire/maven-surefire-plugin/xsd/surefire-test-report-3.0.xsd" version="3.0" name="TestSuite" time="2,523.678" tests="342" errors="0" skipped="12" failures="30">
  <properties>
[...]
</properties>
  <testcase name="allHeaderMainPage[https://aimood-stage1.intary.net/en/, Screenshots_St1/](1)" classname="tests.mainPageTests.AllPageFirefoxTests" time="13.029">
    <system-out><![CDATA[The two images are similar.
]]></system-out>
    <system-err><![CDATA[SLF4J: Failed to load class "org.slf4j.impl.StaticLoggerBinder".
SLF4J: Defaulting to no-operation (NOP) logger implementation
SLF4J: See http://www.slf4j.org/codes.html#StaticLoggerBinder for further details.
]]></system-err>
  </testcase>
  <testcase name="getStartedHeaderMainPage[https://aimood-stage1.intary.net/en/, Screenshots_St1/](1)" classname="tests.mainPageTests.AllPageFirefoxTests" time="5.303">
    <system-out><![CDATA[The two images are similar.
]]></system-out>
  </testcase>
  <testcase name="learnHeaderMainPage[https://aimood-stage1.intary.net/en/, Screenshots_St1/](1)" classname="tests.mainPageTests.AllPageFirefoxTests" time="5.242">
    <system-out><![CDATA[The two images are similar.
]]></system-out>
  </testcase>
  <testcase name="resourcesHeaderMainPage[https://aimood-stage1.intary.net/en/, Screenshots_St1/](1)" classname="tests.mainPageTests.AllPageFirefoxTests" time="5.602">
    <system-out><![CDATA[The two images are similar.
]]></system-out>
  </testcase>
  <testcase name="mainSectionMainPage[https://aimood-stage1.intary.net/en/, Screenshots_St1/](1)" classname="tests.mainPageTests.AllPageFirefoxTests" time="6.084">
    <system-out><![CDATA[The two images are similar.
]]></system-out>
  </testcase>
  <testcase name="videoSectionMainPage[https://aimood-stage1.intary.net/en/, Screenshots_St1/](1)" classname="tests.mainPageTests.AllPageFirefoxTests" time="6.524">
    <system-out><![CDATA[The two images are similar.
]]></system-out>
  </testcase>
  <testcase name="roadmapSectionMainPage[https://aimood-stage1.intary.net/en/, Screenshots_St1/](1)" classname="tests.mainPageTests.AllPageFirefoxTests" time="6.71">
    <system-out><![CDATA[The two images are similar.
]]></system-out>
  </testcase>
  <testcase name="statisticsSectionMainPage[https://aimood-stage1.intary.net/en/, Screenshots_St1/](1)" classname="tests.mainPageTests.AllPageFirefoxTests" time="6.47">
    <system-out><![CDATA[888
3.14
1703
777
The two images are similar.
]]></system-out>
  </testcase>
  <testcase name="leaningSectionMainPage[https://aimood-stage1.intary.net/en/, Screenshots_St1/](1)" classname="tests.mainPageTests.AllPageFirefoxTests" time="6.824">
    <system-out><![CDATA[The two images are similar.
]]></system-out>
  </testcase>
  <testcase name="allFooterMainPage[https://aimood-stage1.intary.net/en/, Screenshots_St1/](1)" classname="tests.mainPageTests.AllPageFirefoxTests" time="6.064">
    <system-out><![CDATA[The two images are similar.
]]></system-out>
  </testcase>
  <testcase name="allHeaderMainPage[https://aimood-stage1.intary.net/en/, Screenshots_St1/](1)" classname="tests.mainPageTests.AllPageChromeTests" time="11.426">
    <system-out><![CDATA[The two images are similar.
]]></system-out>
    <system-err><![CDATA[вер. 25, 2023 11:18:14 ДП org.openqa.selenium.devtools.CdpVersionFinder findNearestMatch
WARNING: Unable to find an exact match for CDP version 117, so returning the closest version found: 115
]]></system-err>
  </testcase>
  <testcase name="getStartedHeaderMainPage[https://aimood-stage1.intary.net/en/, Screenshots_St1/](1)" classname="tests.mainPageTests.AllPageChromeTests" time="5.608">
    <system-out><![CDATA[The two images are similar.
]]></system-out>
  </testcase>
  <testcase name="learnHeaderMainPage[https://aimood-stage1.intary.net/en/, Screenshots_St1/](1)" classname="tests.mainPageTests.AllPageChromeTests" time="9.479">
    <system-out><![CDATA[The two images are similar.
]]></system-out>
  </testcase>
  <testcase name="resourcesHeaderMainPage[https://aimood-stage1.intary.net/en/, Screenshots_St1/](1)" classname="tests.mainPageTests.AllPageChromeTests" time="5.593">
    <system-out><![CDATA[The two images are similar.
]]></system-out>
  </testcase>
  <testcase name="mainSectionMainPage[https://aimood-stage1.intary.net/en/, Screenshots_St1/](1)" classname="tests.mainPageTests.AllPageChromeTests" time="7.562">
    <system-out><![CDATA[The two images are similar.
]]></system-out>
  </testcase>
  <testcase name="videoSectionMainPage[https://aimood-stage1.intary.net/en/, Screenshots_St1/](1)" classname="tests.mainPageTests.AllPageChromeTests" time="7.996">
    <system-out><![CDATA[The two images are similar.
]]></system-out>
  </testcase>
  <testcase name="roadmapSectionMainPage[https://aimood-stage1.intary.net/en/, Screenshots_St1/](1)" classname="tests.mainPageTests.AllPageChromeTests" time="10.969">
    <system-out><![CDATA[The two images are similar.
]]></system-out>
  </testcase>
  <testcase name="statisticsSectionMainPage[https://aimood-stage1.intary.net/en/, Screenshots_St1/](1)" classname="tests.mainPageTests.AllPageChromeTests" time="12.253">
    <system-out><![CDATA[888
3.14
1703
777
The two images are similar.
]]></system-out>
  </testcase>
  <testcase name="leaningSectionMainPage[https://aimood-stage1.intary.net/en/, Screenshots_St1/](1)" classname="tests.mainPageTests.AllPageChromeTests" time="10.343">
    <system-out><![CDATA[The two images are similar.
]]></system-out>
  </testcase>
  <testcase name="allFooterMainPage[https://aimood-stage1.intary.net/en/, Screenshots_St1/](1)" classname="tests.mainPageTests.AllPageChromeTests" time="6.614">
    <system-out><![CDATA[The two images are similar.
]]></system-out>
  </testcase>
  <testcase name="allHeaderMarketPlacePage[https://aimood-stage1.intary.net/en/market-place, Screenshots_St1/](1)" classname="tests.marketPlacePageTests.AllPageFirefoxTests" time="14.866">
    <system-out><![CDATA[The two images are similar.
]]></system-out>
  </testcase>
  <testcase name="getStartedHeaderMarketPlacePage[https://aimood-stage1.intary.net/en/market-place, Screenshots_St1/](1)" classname="tests.marketPlacePageTests.AllPageFirefoxTests" time="5.993">
    <system-out><![CDATA[The two images are similar.
]]></system-out>
  </testcase>
  <testcase name="learnHeaderMarketPlacePage[https://aimood-stage1.intary.net/en/market-place, Screenshots_St1/](1)" classname="tests.marketPlacePageTests.AllPageFirefoxTests" time="5.988">
    <system-out><![CDATA[The two images are similar.
]]></system-out>
  </testcase>
  <testcase name="resourcesHeaderMarketPlacePage[https://aimood-stage1.intary.net/en/market-place, Screenshots_St1/](1)" classname="tests.marketPlacePageTests.AllPageFirefoxTests" time="6.114">
    <system-out><![CDATA[The two images are similar.
]]></system-out>
  </testcase>
  <testcase name="mainSectionMarketPlacePage[https://aimood-stage1.intary.net/en/market-place, Screenshots_St1/](1)" classname="tests.marketPlacePageTests.AllPageFirefoxTests" time="7.035">
    <system-out><![CDATA[The two images are similar.
]]></system-out>
  </testcase>
  <testcase name="statisticsSectionMarketPlacePage[https://aimood-stage1.intary.net/en/market-place, Screenshots_St1/](1)" classname="tests.marketPlacePageTests.AllPageFirefoxTests" time="6.283">
    <system-out><![CDATA[The two images are similar.
]]></system-out>
  </testcase>
  <testcase name="allFooterMarketPlacePage[https://aimood-stage1.intary.net/en/market-place, Screenshots_St1/](1)" classname="tests.marketPlacePageTests.AllPageFirefoxTests" time="5.945">
    <system-out><![CDATA[The two images are similar.
]]></system-out>
  </testcase>
  <testcase name="allHeaderMarketPlacePage[https://aimood-stage1.intary.net/en/market-place, Screenshots_St1/](1)" classname="tests.marketPlacePageTests.AllPageChromeTests" time="14.06">
    <system-out><![CDATA[The two images are similar.
]]></system-out>
    <system-err><![CDATA[вер. 25, 2023 11:20:40 ДП org.openqa.selenium.devtools.CdpVersionFinder findNearestMatch
WARNING: Unable to find an exact match for CDP version 117, so returning the closest version found: 115
]]></system-err>
  </testcase>
  <testcase name="getStartedHeaderMarketPlacePage[https://aimood-stage1.intary.net/en/market-place, Screenshots_St1/](1)" classname="tests.marketPlacePageTests.AllPageChromeTests" time="6.471">
    <system-out><![CDATA[The two images are similar.
]]></system-out>
  </testcase>
  <testcase name="learnHeaderMarketPlacePage[https://aimood-stage1.intary.net/en/market-place, Screenshots_St1/](1)" classname="tests.marketPlacePageTests.AllPageChromeTests" time="6.377">
    <system-out><![CDATA[The two images are similar.
]]></system-out>
  </testcase>
  <testcase name="resourcesHeaderMarketPlacePage[https://aimood-stage1.intary.net/en/market-place, Screenshots_St1/](1)" classname="tests.marketPlacePageTests.AllPageChromeTests" time="6.316">
    <system-out><![CDATA[The two images are similar.
]]></system-out>
  </testcase>
  <testcase name="mainSectionMarketPlacePage[https://aimood-stage1.intary.net/en/market-place, Screenshots_St1/](1)" classname="tests.marketPlacePageTests.AllPageChromeTests" time="7.424">
    <system-out><![CDATA[The two images are similar.
]]></system-out>
  </testcase>
  <testcase name="statisticsSectionMarketPlacePage[https://aimood-stage1.intary.net/en/market-place, Screenshots_St1/](1)" classname="tests.marketPlacePageTests.AllPageChromeTests" time="6.834">
    <system-out><![CDATA[The two images are similar.
]]></system-out>
  </testcase>
  <testcase name="allFooterMarketPlacePage[https://aimood-stage1.intary.net/en/market-place, Screenshots_St1/](1)" classname="tests.marketPlacePageTests.AllPageChromeTests" time="6.403">
    <system-out><![CDATA[The two images are similar.
]]></system-out>
  </testcase>
  <testcase name="allHeaderBuySellMoodCoinPage[https://aimood-stage1.intary.net/en/buy-sell-aimood-coin, Screenshots_St1/](1)" classname="tests.buySellMoodCoinTests.AllPageFirefoxTests" time="6.857">
    <system-out><![CDATA[The two images are similar.
]]></system-out>
  </testcase>
  <testcase name="getStartedHeaderBuySellMoodCoinPage[https://aimood-stage1.intary.net/en/buy-sell-aimood-coin, Screenshots_St1/](1)" classname="tests.buySellMoodCoinTests.AllPageFirefoxTests" time="5.11">
    <system-out><![CDATA[The two images are similar.
]]></system-out>
  </testcase>
  <testcase name="learnHeaderBuySellMoodCoinPage[https://aimood-stage1.intary.net/en/buy-sell-aimood-coin, Screenshots_St1/](1)" classname="tests.buySellMoodCoinTests.AllPageFirefoxTests" time="5.115">
    <system-out><![CDATA[The two images are similar.
]]></system-out>
  </testcase>
  <testcase name="resourcesHeaderBuySellMoodCoinPage[https://aimood-stage1.intary.net/en/buy-sell-aimood-coin, Screenshots_St1/](1)" classname="tests.buySellMoodCoinTests.AllPageFirefoxTests" time="5.201">
    <system-out><![CDATA[The two images are similar.
]]></system-out>
  </testcase>
  <testcase name="mainSectionBuySellMoodCoinPage[https://aimood-stage1.intary.net/en/buy-sell-aimood-coin, Screenshots_St1/](1)" classname="tests.buySellMoodCoinTests.AllPageFirefoxTests" time="6.942">
    <system-out><![CDATA[The two images are similar.
]]></system-out>
  </testcase>
  <testcase name="allFooterBuySellMoodCoinPage[https://aimood-stage1.intary.net/en/buy-sell-aimood-coin, Screenshots_St1/](1)" classname="tests.buySellMoodCoinTests.AllPageFirefoxTests" time="6.043">
    <system-out><![CDATA[The two images are similar.
]]></system-out>
  </testcase>
  <testcase name="allHeaderBuySellMoodCoinPage[https://aimood-stage1.intary.net/en/buy-sell-aimood-coin, Screenshots_St1/](1)" classname="tests.buySellMoodCoinTests.AllPageChromeTests" time="6.588">
    <system-out><![CDATA[The two images are similar.
]]></system-out>
    <system-err><![CDATA[вер. 25, 2023 11:22:15 ДП org.openqa.selenium.devtools.CdpVersionFinder findNearestMatch
WARNING: Unable to find an exact match for CDP version 117, so returning the closest version found: 115
]]></system-err>
  </testcase>
  <testcase name="getStartedHeaderBuySellMoodCoinPage[https://aimood-stage1.intary.net/en/buy-sell-aimood-coin, Screenshots_St1/](1)" classname="tests.buySellMoodCoinTests.AllPageChromeTests" time="5.522">
    <system-out><![CDATA[The two images are similar.
]]></system-out>
  </testcase>
  <testcase name="learnHeaderBuySellMoodCoinPage[https://aimood-stage1.intary.net/en/buy-sell-aimood-coin, Screenshots_St1/](1)" classname="tests.buySellMoodCoinTests.AllPageChromeTests" time="5.381">
    <system-out><![CDATA[The two images are similar.
]]></system-out>
  </testcase>
  <testcase name="resourcesHeaderBuySellMoodCoinPage[https://aimood-stage1.intary.net/en/buy-sell-aimood-coin, Screenshots_St1/](1)" classname="tests.buySellMoodCoinTests.AllPageChromeTests" time="5.395">
    <system-out><![CDATA[The two images are similar.
]]></system-out>
  </testcase>
  <testcase name="mainSectionBuySellMoodCoinPage[https://aimood-stage1.intary.net/en/buy-sell-aimood-coin, Screenshots_St1/](1)" classname="tests.buySellMoodCoinTests.AllPageChromeTests" time="7.353">
    <system-out><![CDATA[The two images are similar.
]]></system-out>
  </testcase>
  <testcase name="allFooterBuySellMoodCoinPage[https://aimood-stage1.intary.net/en/buy-sell-aimood-coin, Screenshots_St1/](1)" classname="tests.buySellMoodCoinTests.AllPageChromeTests" time="6.365">
    <system-out><![CDATA[The two images are similar.
]]></system-out>
  </testcase>
  <testcase name="allHeaderTokenMoodPage[https://aimood-stage1.intary.net/en/token-mood, Screenshots_St1/](1)" classname="tests.tokenMoodPageTests.AllPageFirefoxTests" time="12.418">
    <system-out><![CDATA[The two images are similar.
]]></system-out>
  </testcase>
  <testcase name="getStartedHeaderTokenMoodPage[https://aimood-stage1.intary.net/en/token-mood, Screenshots_St1/](1)" classname="tests.tokenMoodPageTests.AllPageFirefoxTests" time="5.105">
    <system-out><![CDATA[The two images are similar.
]]></system-out>
  </testcase>
  <testcase name="learnHeaderTokenMoodPage[https://aimood-stage1.intary.net/en/token-mood, Screenshots_St1/](1)" classname="tests.tokenMoodPageTests.AllPageFirefoxTests" time="5.114">
    <system-out><![CDATA[The two images are similar.
]]></system-out>
  </testcase>
  <testcase name="resourcesHeaderTokenMoodPage[https://aimood-stage1.intary.net/en/token-mood, Screenshots_St1/](1)" classname="tests.tokenMoodPageTests.AllPageFirefoxTests" time="5.178">
    <system-out><![CDATA[The two images are similar.
]]></system-out>
  </testcase>
  <testcase name="mainSectionTokenMoodPage[https://aimood-stage1.intary.net/en/token-mood, Screenshots_St1/](1)" classname="tests.tokenMoodPageTests.AllPageFirefoxTests" time="6.978">
    <system-out><![CDATA[The two images are similar.
]]></system-out>
  </testcase>
  <testcase name="statisticsSectionTokenMoodPage[https://aimood-stage1.intary.net/en/token-mood, Screenshots_St1/](1)" classname="tests.tokenMoodPageTests.AllPageFirefoxTests" time="7.537">
    <system-out><![CDATA[888
3.14
1703
777
The two images are similar.
]]></system-out>
  </testcase>
  <testcase name="allFooterTokenMoodPage[https://aimood-stage1.intary.net/en/token-mood, Screenshots_St1/](1)" classname="tests.tokenMoodPageTests.AllPageFirefoxTests" time="5.985">
    <system-out><![CDATA[The two images are similar.
]]></system-out>
  </testcase>
  <testcase name="allHeaderTokenMoodPage[https://aimood-stage1.intary.net/en/token-mood, Screenshots_St1/](1)" classname="tests.tokenMoodPageTests.AllPageChromeTests" time="8.057">
    <system-out><![CDATA[The two images are similar.
]]></system-out>
    <system-err><![CDATA[вер. 25, 2023 11:23:45 ДП org.openqa.selenium.devtools.CdpVersionFinder findNearestMatch
WARNING: Unable to find an exact match for CDP version 117, so returning the closest version found: 115
]]></system-err>
  </testcase>
  <testcase name="getStartedHeaderTokenMoodPage[https://aimood-stage1.intary.net/en/token-mood, Screenshots_St1/](1)" classname="tests.tokenMoodPageTests.AllPageChromeTests" time="5.518">
    <system-out><![CDATA[The two images are similar.
]]></system-out>
  </testcase>
  <testcase name="learnHeaderTokenMoodPage[https://aimood-stage1.intary.net/en/token-mood, Screenshots_St1/](1)" classname="tests.tokenMoodPageTests.AllPageChromeTests" time="5.412">
    <system-out><![CDATA[The two images are similar.
]]></system-out>
  </testcase>
  <testcase name="resourcesHeaderTokenMoodPage[https://aimood-stage1.intary.net/en/token-mood, Screenshots_St1/](1)" classname="tests.tokenMoodPageTests.AllPageChromeTests" time="5.412">
    <system-out><![CDATA[The two images are similar.
]]></system-out>
  </testcase>
  <testcase name="mainSectionTokenMoodPage[https://aimood-stage1.intary.net/en/token-mood, Screenshots_St1/](1)" classname="tests.tokenMoodPageTests.AllPageChromeTests" time="7.328">
    <system-out><![CDATA[The two images are similar.
]]></system-out>
  </testcase>
  <testcase name="statisticsSectionTokenMoodPage[https://aimood-stage1.intary.net/en/token-mood, Screenshots_St1/](1)" classname="tests.tokenMoodPageTests.AllPageChromeTests" time="7.912">
    <system-out><![CDATA[888
3.14
1703
777
The two images are similar.
]]></system-out>
  </testcase>
  <testcase name="allFooterTokenMoodPage[https://aimood-stage1.intary.net/en/token-mood, Screenshots_St1/](1)" classname="tests.tokenMoodPageTests.AllPageChromeTests" time="6.405">
    <system-out><![CDATA[The two images are similar.
]]></system-out>
  </testcase>
  <testcase name="allHeaderFundPage[https://aimood-stage1.intary.net/en/fund, Screenshots_St1/](1)" classname="tests.fundPageTests.AllPageFirefoxTests" time="9.065">
    <system-out><![CDATA[The two images are similar.
]]></system-out>
  </testcase>
  <testcase name="getStartedHeaderFundPage[https://aimood-stage1.intary.net/en/fund, Screenshots_St1/](1)" classname="tests.fundPageTests.AllPageFirefoxTests" time="5.105">
    <system-out><![CDATA[The two images are similar.
]]></system-out>
  </testcase>
  <testcase name="learnHeaderFundPage[https://aimood-stage1.intary.net/en/fund, Screenshots_St1/](1)" classname="tests.fundPageTests.AllPageFirefoxTests" time="5.097">
    <system-out><![CDATA[The two images are similar.
]]></system-out>
  </testcase>
  <testcase name="resourcesHeaderFundPage[https://aimood-stage1.intary.net/en/fund, Screenshots_St1/](1)" classname="tests.fundPageTests.AllPageFirefoxTests" time="5.19">
    <system-out><![CDATA[The two images are similar.
]]></system-out>
  </testcase>
  <testcase name="mainSectionFundPage[https://aimood-stage1.intary.net/en/fund, Screenshots_St1/](1)" classname="tests.fundPageTests.AllPageFirefoxTests" time="6.997">
    <system-out><![CDATA[The two images are similar.
]]></system-out>
  </testcase>
  <testcase name="allFooterFundPage[https://aimood-stage1.intary.net/en/fund, Screenshots_St1/](1)" classname="tests.fundPageTests.AllPageFirefoxTests" time="5.996">
    <system-out><![CDATA[The two images are similar.
]]></system-out>
  </testcase>
  <testcase name="allHeaderFundPage[https://aimood-stage1.intary.net/en/fund, Screenshots_St1/](1)" classname="tests.fundPageTests.AllPageChromeTests" time="8.776">
    <system-out><![CDATA[The two images are similar.
]]></system-out>
    <system-err><![CDATA[вер. 25, 2023 11:25:14 ДП org.openqa.selenium.devtools.CdpVersionFinder findNearestMatch
WARNING: Unable to find an exact match for CDP version 117, so returning the closest version found: 115
]]></system-err>
  </testcase>
  <testcase name="getStartedHeaderFundPage[https://aimood-stage1.intary.net/en/fund, Screenshots_St1/](1)" classname="tests.fundPageTests.AllPageChromeTests" time="5.481">
    <system-out><![CDATA[The two images are similar.
]]></system-out>
  </testcase>
  <testcase name="learnHeaderFundPage[https://aimood-stage1.intary.net/en/fund, Screenshots_St1/](1)" classname="tests.fundPageTests.AllPageChromeTests" time="5.41">
    <system-out><![CDATA[The two images are similar.
]]></system-out>
  </testcase>
  <testcase name="resourcesHeaderFundPage[https://aimood-stage1.intary.net/en/fund, Screenshots_St1/](1)" classname="tests.fundPageTests.AllPageChromeTests" time="5.35">
    <system-out><![CDATA[The two images are similar.
]]></system-out>
  </testcase>
  <testcase name="mainSectionFundPage[https://aimood-stage1.intary.net/en/fund, Screenshots_St1/](1)" classname="tests.fundPageTests.AllPageChromeTests" time="7.333">
    <system-out><![CDATA[The two images are similar.
]]></system-out>
  </testcase>
  <testcase name="allFooterFundPage[https://aimood-stage1.intary.net/en/fund, Screenshots_St1/](1)" classname="tests.fundPageTests.AllPageChromeTests" time="6.401">
    <system-out><![CDATA[The two images are similar.
]]></system-out>
  </testcase>
  <testcase name="allHeaderAffiliateProgramPage[https://aimood-stage1.intary.net/en/affiliate-program, Screenshots_St1/](1)" classname="tests.affiliateProgramPageTests.AllPageFirefoxTests" time="8.04">
    <system-out><![CDATA[The two images are similar.
]]></system-out>
  </testcase>
  <testcase name="getStartedHeaderAffiliateProgramPage[https://aimood-stage1.intary.net/en/affiliate-program, Screenshots_St1/](1)" classname="tests.affiliateProgramPageTests.AllPageFirefoxTests" time="5.151">
    <system-out><![CDATA[The two images are similar.
]]></system-out>
  </testcase>
  <testcase name="learnHeaderAffiliateProgramPage[https://aimood-stage1.intary.net/en/affiliate-program, Screenshots_St1/](1)" classname="tests.affiliateProgramPageTests.AllPageFirefoxTests" time="5.115">
    <system-out><![CDATA[The two images are similar.
]]></system-out>
  </testcase>
  <testcase name="resourcesHeaderAffiliateProgramPage[https://aimood-stage1.intary.net/en/affiliate-program, Screenshots_St1/](1)" classname="tests.affiliateProgramPageTests.AllPageFirefoxTests" time="5.208">
    <system-out><![CDATA[The two images are similar.
]]></system-out>
  </testcase>
  <testcase name="mainSectionAffiliateProgramPage[https://aimood-stage1.intary.net/en/affiliate-program, Screenshots_St1/](1)" classname="tests.affiliateProgramPageTests.AllPageFirefoxTests" time="6.983">
    <system-out><![CDATA[The two images are similar.
]]></system-out>
  </testcase>
  <testcase name="affiliateSectionAffiliateProgramPage[https://aimood-stage1.intary.net/en/affiliate-program, Screenshots_St1/](1)" classname="tests.affiliateProgramPageTests.AllPageFirefoxTests" time="7.277">
    <system-out><![CDATA[The two images are similar.
]]></system-out>
  </testcase>
  <testcase name="allFooterAffiliateProgramPage[https://aimood-stage1.intary.net/en/affiliate-program, Screenshots_St1/](1)" classname="tests.affiliateProgramPageTests.AllPageFirefoxTests" time="6.026">
    <system-out><![CDATA[The two images are similar.
]]></system-out>
  </testcase>
  <testcase name="allHeaderAffiliateProgramPage[https://aimood-stage1.intary.net/en/affiliate-program, Screenshots_St1/](1)" classname="tests.affiliateProgramPageTests.AllPageChromeTests" time="8.775">
    <system-out><![CDATA[The two images are similar.
]]></system-out>
    <system-err><![CDATA[вер. 25, 2023 11:26:44 ДП org.openqa.selenium.devtools.CdpVersionFinder findNearestMatch
WARNING: Unable to find an exact match for CDP version 117, so returning the closest version found: 115
]]></system-err>
  </testcase>
  <testcase name="getStartedHeaderAffiliateProgramPage[https://aimood-stage1.intary.net/en/affiliate-program, Screenshots_St1/](1)" classname="tests.affiliateProgramPageTests.AllPageChromeTests" time="6.103">
    <system-out><![CDATA[The two images are similar.
]]></system-out>
  </testcase>
  <testcase name="learnHeaderAffiliateProgramPage[https://aimood-stage1.intary.net/en/affiliate-program, Screenshots_St1/](1)" classname="tests.affiliateProgramPageTests.AllPageChromeTests" time="5.652">
    <system-out><![CDATA[The two images are similar.
]]></system-out>
  </testcase>
  <testcase name="resourcesHeaderAffiliateProgramPage[https://aimood-stage1.intary.net/en/affiliate-program, Screenshots_St1/](1)" classname="tests.affiliateProgramPageTests.AllPageChromeTests" time="5.655">
    <system-out><![CDATA[The two images are similar.
]]></system-out>
  </testcase>
  <testcase name="mainSectionAffiliateProgramPage[https://aimood-stage1.intary.net/en/affiliate-program, Screenshots_St1/](1)" classname="tests.affiliateProgramPageTests.AllPageChromeTests" time="7.558">
    <system-out><![CDATA[The two images are similar.
]]></system-out>
  </testcase>
  <testcase name="affiliateSectionAffiliateProgramPage[https://aimood-stage1.intary.net/en/affiliate-program, Screenshots_St1/](1)" classname="tests.affiliateProgramPageTests.AllPageChromeTests" time="7.882">
    <system-out><![CDATA[The two images are similar.
]]></system-out>
  </testcase>
  <testcase name="allFooterAffiliateProgramPage[https://aimood-stage1.intary.net/en/affiliate-program, Screenshots_St1/](1)" classname="tests.affiliateProgramPageTests.AllPageChromeTests" time="6.588">
    <system-out><![CDATA[The two images are similar.
]]></system-out>
  </testcase>
  <testcase name="allHeaderWalletPage[https://aimood-stage1.intary.net/en/the-aimood-wallet, Screenshots_St1/](1)" classname="tests.walletPageTests.AllPageFirefoxTests" time="12.162">
    <system-out><![CDATA[The two images are similar.
]]></system-out>
  </testcase>
  <testcase name="getStartedHeaderWalletPage[https://aimood-stage1.intary.net/en/the-aimood-wallet, Screenshots_St1/](1)" classname="tests.walletPageTests.AllPageFirefoxTests" time="5.096">
    <system-out><![CDATA[The two images are similar.
]]></system-out>
  </testcase>
  <testcase name="learnHeaderWalletPage[https://aimood-stage1.intary.net/en/the-aimood-wallet, Screenshots_St1/](1)" classname="tests.walletPageTests.AllPageFirefoxTests" time="5.108">
    <system-out><![CDATA[The two images are similar.
]]></system-out>
  </testcase>
  <testcase name="resourcesHeaderWalletPage[https://aimood-stage1.intary.net/en/the-aimood-wallet, Screenshots_St1/](1)" classname="tests.walletPageTests.AllPageFirefoxTests" time="5.173">
    <system-out><![CDATA[The two images are similar.
]]></system-out>
  </testcase>
  <testcase name="mainSectionWalletPage[https://aimood-stage1.intary.net/en/the-aimood-wallet, Screenshots_St1/](1)" classname="tests.walletPageTests.AllPageFirefoxTests" time="5.932">
    <system-out><![CDATA[The two images are similar.
]]></system-out>
  </testcase>
  <testcase name="delegatedSectionWalletPage[https://aimood-stage1.intary.net/en/the-aimood-wallet, Screenshots_St1/](1)" classname="tests.walletPageTests.AllPageFirefoxTests" time="6.275">
    <system-out><![CDATA[The two images are similar.
]]></system-out>
  </testcase>
  <testcase name="allFooterWalletPage[https://aimood-stage1.intary.net/en/the-aimood-wallet, Screenshots_St1/](1)" classname="tests.walletPageTests.AllPageFirefoxTests" time="6.026">
    <system-out><![CDATA[The two images are similar.
]]></system-out>
  </testcase>
  <testcase name="allHeaderWalletPage[https://aimood-stage1.intary.net/en/the-aimood-wallet, Screenshots_St1/](1)" classname="tests.walletPageTests.AllPageChromeTests" time="11.246">
    <system-out><![CDATA[The two images are similar.
]]></system-out>
    <system-err><![CDATA[вер. 25, 2023 11:28:23 ДП org.openqa.selenium.devtools.CdpVersionFinder findNearestMatch
WARNING: Unable to find an exact match for CDP version 117, so returning the closest version found: 115
]]></system-err>
  </testcase>
  <testcase name="getStartedHeaderWalletPage[https://aimood-stage1.intary.net/en/the-aimood-wallet, Screenshots_St1/](1)" classname="tests.walletPageTests.AllPageChromeTests" time="5.528">
    <system-out><![CDATA[The two images are similar.
]]></system-out>
  </testcase>
  <testcase name="learnHeaderWalletPage[https://aimood-stage1.intary.net/en/the-aimood-wallet, Screenshots_St1/](1)" classname="tests.walletPageTests.AllPageChromeTests" time="5.397">
    <system-out><![CDATA[The two images are similar.
]]></system-out>
  </testcase>
  <testcase name="resourcesHeaderWalletPage[https://aimood-stage1.intary.net/en/the-aimood-wallet, Screenshots_St1/](1)" classname="tests.walletPageTests.AllPageChromeTests" time="5.405">
    <system-out><![CDATA[The two images are similar.
]]></system-out>
  </testcase>
  <testcase name="mainSectionWalletPage[https://aimood-stage1.intary.net/en/the-aimood-wallet, Screenshots_St1/](1)" classname="tests.walletPageTests.AllPageChromeTests" time="6.332">
    <system-out><![CDATA[The two images are similar.
]]></system-out>
  </testcase>
  <testcase name="delegatedSectionWalletPage[https://aimood-stage1.intary.net/en/the-aimood-wallet, Screenshots_St1/](1)" classname="tests.walletPageTests.AllPageChromeTests" time="6.728">
    <system-out><![CDATA[The two images are similar.
]]></system-out>
  </testcase>
  <testcase name="allFooterWalletPage[https://aimood-stage1.intary.net/en/the-aimood-wallet, Screenshots_St1/](1)" classname="tests.walletPageTests.AllPageChromeTests" time="6.408">
    <system-out><![CDATA[The two images are similar.
]]></system-out>
  </testcase>
  <testcase name="allHeaderStakingPage[https://aimood-stage1.intary.net/en/stake-delegate, Screenshots_St1/](1)" classname="tests.stakingPageTests.AllPageFirefoxTests" time="18.65">
    <system-out><![CDATA[The two images are similar.
]]></system-out>
  </testcase>
  <testcase name="getStartedHeaderStakingPage[https://aimood-stage1.intary.net/en/stake-delegate, Screenshots_St1/](1)" classname="tests.stakingPageTests.AllPageFirefoxTests" time="6.018">
    <system-out><![CDATA[The two images are similar.
]]></system-out>
  </testcase>
  <testcase name="learnHeaderStakingPage[https://aimood-stage1.intary.net/en/stake-delegate, Screenshots_St1/](1)" classname="tests.stakingPageTests.AllPageFirefoxTests" time="5.987">
    <system-out><![CDATA[The two images are similar.
]]></system-out>
  </testcase>
  <testcase name="resourcesHeaderStakingPage[https://aimood-stage1.intary.net/en/stake-delegate, Screenshots_St1/](1)" classname="tests.stakingPageTests.AllPageFirefoxTests" time="6.245">
    <system-out><![CDATA[The two images are similar.
]]></system-out>
  </testcase>
  <testcase name="mainSectionStakingPage[https://aimood-stage1.intary.net/en/stake-delegate, Screenshots_St1/](1)" classname="tests.stakingPageTests.AllPageFirefoxTests" time="7.052">
    <system-out><![CDATA[The two images are similar.
]]></system-out>
  </testcase>
  <testcase name="delegatedSectionStakingPage[https://aimood-stage1.intary.net/en/stake-delegate, Screenshots_St1/](1)" classname="tests.stakingPageTests.AllPageFirefoxTests" time="7.271">
    <system-out><![CDATA[The two images are similar.
]]></system-out>
  </testcase>
  <testcase name="calcStakSectionStakingPage[https://aimood-stage1.intary.net/en/stake-delegate, Screenshots_St1/](1)" classname="tests.stakingPageTests.AllPageFirefoxTests" time="9.322">
    <system-out><![CDATA[(0.13% 24H)
~0.13
2864.2900
The two images are similar.
]]></system-out>
  </testcase>
  <testcase name="allFooterStakingPage[https://aimood-stage1.intary.net/en/stake-delegate, Screenshots_St1/](1)" classname="tests.stakingPageTests.AllPageFirefoxTests" time="5.938">
    <system-out><![CDATA[The two images are similar.
]]></system-out>
  </testcase>
  <testcase name="allHeaderStakingPage[https://aimood-stage1.intary.net/en/stake-delegate, Screenshots_St1/](1)" classname="tests.stakingPageTests.AllPageChromeTests" time="10.178">
    <system-out><![CDATA[The two images are similar.
]]></system-out>
    <system-err><![CDATA[вер. 25, 2023 11:30:22 ДП org.openqa.selenium.devtools.CdpVersionFinder findNearestMatch
WARNING: Unable to find an exact match for CDP version 117, so returning the closest version found: 115
]]></system-err>
  </testcase>
  <testcase name="getStartedHeaderStakingPage[https://aimood-stage1.intary.net/en/stake-delegate, Screenshots_St1/](1)" classname="tests.stakingPageTests.AllPageChromeTests" time="7.027">
    <system-out><![CDATA[The two images are similar.
]]></system-out>
  </testcase>
  <testcase name="learnHeaderStakingPage[https://aimood-stage1.intary.net/en/stake-delegate, Screenshots_St1/](1)" classname="tests.stakingPageTests.AllPageChromeTests" time="6.565">
    <system-out><![CDATA[The two images are similar.
]]></system-out>
  </testcase>
  <testcase name="resourcesHeaderStakingPage[https://aimood-stage1.intary.net/en/stake-delegate, Screenshots_St1/](1)" classname="tests.stakingPageTests.AllPageChromeTests" time="6.574">
    <system-out><![CDATA[The two images are similar.
]]></system-out>
  </testcase>
  <testcase name="mainSectionStakingPage[https://aimood-stage1.intary.net/en/stake-delegate, Screenshots_St1/](1)" classname="tests.stakingPageTests.AllPageChromeTests" time="0">
    <skipped message="*** Images are not similar *** expected [true] but found [false]"/>
    <system-out><![CDATA[The two images are not similar.
Difference found. See the file D:\jenkins-agent-data\workspace\pixelPerfectMultiPlatform_AI_Mood_St1\Screenshots_St1\Staking_page\EnChrome\Screenshots_mainSectionStakingPage\difference.png for details.
]]></system-out>
  </testcase>
  <testcase name="mainSectionStakingPage[https://aimood-stage1.intary.net/en/stake-delegate, Screenshots_St1/](2)" classname="tests.stakingPageTests.AllPageChromeTests" time="0">
    <skipped message="*** Images are not similar *** expected [true] but found [false]"/>
    <system-out><![CDATA[The two images are not similar.
Difference found. See the file D:\jenkins-agent-data\workspace\pixelPerfectMultiPlatform_AI_Mood_St1\Screenshots_St1\Staking_page\EnChrome\Screenshots_mainSectionStakingPage\difference.png for details.
]]></system-out>
  </testcase>
  <testcase name="mainSectionStakingPage[https://aimood-stage1.intary.net/en/stake-delegate, Screenshots_St1/](3)" classname="tests.stakingPageTests.AllPageChromeTests" time="7.302">
    <failure message="*** Images are not similar *** expected [true] but found [false]" type="java.lang.AssertionError"><![CDATA[java.lang.AssertionError: *** Images are not similar *** expected [true] but found [false]
	at tests.stakingPageTests.AllPageChromeTests.mainSectionStakingPage(AllPageChromeTests.java:116)
]]></failure>
    <system-out><![CDATA[The two images are not similar.
Difference found. See the file D:\jenkins-agent-data\workspace\pixelPerfectMultiPlatform_AI_Mood_St1\Screenshots_St1\Staking_page\EnChrome\Screenshots_mainSectionStakingPage\difference.png for details.
]]></system-out>
  </testcase>
  <testcase name="delegatedSectionStakingPage[https://aimood-stage1.intary.net/en/stake-delegate, Screenshots_St1/](1)" classname="tests.stakingPageTests.AllPageChromeTests" time="0">
    <skipped message="*** Images are not similar *** expected [true] but found [false]"/>
    <system-out><![CDATA[The two images are not similar.
Difference found. See the file D:\jenkins-agent-data\workspace\pixelPerfectMultiPlatform_AI_Mood_St1\Screenshots_St1\Staking_page\EnChrome\Screenshots_delegatedSectionStakingPage\difference.png for details.
]]></system-out>
  </testcase>
  <testcase name="delegatedSectionStakingPage[https://aimood-stage1.intary.net/en/stake-delegate, Screenshots_St1/](2)" classname="tests.stakingPageTests.AllPageChromeTests" time="0">
    <skipped message="*** Images are not similar *** expected [true] but found [false]"/>
    <system-out><![CDATA[The two images are not similar.
Difference found. See the file D:\jenkins-agent-data\workspace\pixelPerfectMultiPlatform_AI_Mood_St1\Screenshots_St1\Staking_page\EnChrome\Screenshots_delegatedSectionStakingPage\difference.png for details.
]]></system-out>
  </testcase>
  <testcase name="delegatedSectionStakingPage[https://aimood-stage1.intary.net/en/stake-delegate, Screenshots_St1/](3)" classname="tests.stakingPageTests.AllPageChromeTests" time="9.678">
    <failure message="*** Images are not similar *** expected [true] but found [false]" type="java.lang.AssertionError"><![CDATA[java.lang.AssertionError: *** Images are not similar *** expected [true] but found [false]
	at tests.stakingPageTests.AllPageChromeTests.delegatedSectionStakingPage(AllPageChromeTests.java:135)
]]></failure>
    <system-out><![CDATA[The two images are not similar.
Difference found. See the file D:\jenkins-agent-data\workspace\pixelPerfectMultiPlatform_AI_Mood_St1\Screenshots_St1\Staking_page\EnChrome\Screenshots_delegatedSectionStakingPage\difference.png for details.
]]></system-out>
  </testcase>
  <testcase name="calcStakSectionStakingPage[https://aimood-stage1.intary.net/en/stake-delegate, Screenshots_St1/](1)" classname="tests.stakingPageTests.AllPageChromeTests" time="0">
    <skipped message="*** Images are not similar *** expected [true] but found [false]"/>
    <system-out><![CDATA[(0.13% 24H)
~0.13
2864.2900
The two images are not similar.
Difference found. See the file D:\jenkins-agent-data\workspace\pixelPerfectMultiPlatform_AI_Mood_St1\Screenshots_St1\Staking_page\EnChrome\Screenshots_calcStakSectionStakingPage\difference.png for details.
]]></system-out>
  </testcase>
  <testcase name="calcStakSectionStakingPage[https://aimood-stage1.intary.net/en/stake-delegate, Screenshots_St1/](2)" classname="tests.stakingPageTests.AllPageChromeTests" time="0">
    <skipped message="*** Images are not similar *** expected [true] but found [false]"/>
    <system-out><![CDATA[(0.13% 24H)
~0.13
2864.2900
The two images are not similar.
Difference found. See the file D:\jenkins-agent-data\workspace\pixelPerfectMultiPlatform_AI_Mood_St1\Screenshots_St1\Staking_page\EnChrome\Screenshots_calcStakSectionStakingPage\difference.png for details.
]]></system-out>
  </testcase>
  <testcase name="calcStakSectionStakingPage[https://aimood-stage1.intary.net/en/stake-delegate, Screenshots_St1/](3)" classname="tests.stakingPageTests.AllPageChromeTests" time="9.851">
    <failure message="*** Images are not similar *** expected [true] but found [false]" type="java.lang.AssertionError"><![CDATA[java.lang.AssertionError: *** Images are not similar *** expected [true] but found [false]
	at tests.stakingPageTests.AllPageChromeTests.calcStakSectionStakingPage(AllPageChromeTests.java:164)
]]></failure>
    <system-out><![CDATA[(0.13% 24H)
~0.13
2864.2900
The two images are not similar.
Difference found. See the file D:\jenkins-agent-data\workspace\pixelPerfectMultiPlatform_AI_Mood_St1\Screenshots_St1\Staking_page\EnChrome\Screenshots_calcStakSectionStakingPage\difference.png for details.
]]></system-out>
  </testcase>
  <testcase name="allFooterStakingPage[https://aimood-stage1.intary.net/en/stake-delegate, Screenshots_St1/](1)" classname="tests.stakingPageTests.AllPageChromeTests" time="0">
    <skipped message="*** Images are not similar *** expected [true] but found [false]"/>
    <system-out><![CDATA[The two images are not similar.
Difference found. See the file D:\jenkins-agent-data\workspace\pixelPerfectMultiPlatform_AI_Mood_St1\Screenshots_St1\Staking_page\EnChrome\Screenshots_allFooterStakingPage\difference.png for details.
]]></system-out>
  </testcase>
  <testcase name="allFooterStakingPage[https://aimood-stage1.intary.net/en/stake-delegate, Screenshots_St1/](2)" classname="tests.stakingPageTests.AllPageChromeTests" time="0">
    <skipped message="*** Images are not similar *** expected [true] but found [false]"/>
    <system-out><![CDATA[The two images are not similar.
Difference found. See the file D:\jenkins-agent-data\workspace\pixelPerfectMultiPlatform_AI_Mood_St1\Screenshots_St1\Staking_page\EnChrome\Screenshots_allFooterStakingPage\difference.png for details.
]]></system-out>
  </testcase>
  <testcase name="allFooterStakingPage[https://aimood-stage1.intary.net/en/stake-delegate, Screenshots_St1/](3)" classname="tests.stakingPageTests.AllPageChromeTests" time="6.32">
    <failure message="*** Images are not similar *** expected [true] but found [false]" type="java.lang.AssertionError"><![CDATA[java.lang.AssertionError: *** Images are not similar *** expected [true] but found [false]
	at tests.stakingPageTests.AllPageChromeTests.allFooterStakingPage(AllPageChromeTests.java:185)
]]></failure>
    <system-out><![CDATA[The two images are not similar.
Difference found. See the file D:\jenkins-agent-data\workspace\pixelPerfectMultiPlatform_AI_Mood_St1\Screenshots_St1\Staking_page\EnChrome\Screenshots_allFooterStakingPage\difference.png for details.
]]></system-out>
  </testcase>
  <testcase name="allHeaderWhitePaperPage[https://aimood-stage1.intary.net/en/white-paper, Screenshots_St1/](1)" classname="tests.whitePaper.WhitePaperFirefoxTests" time="16.695">
    <system-out><![CDATA[The two images are similar.
]]></system-out>
  </testcase>
  <testcase name="getStartedHeaderWhitePaperPage[https://aimood-stage1.intary.net/en/white-paper, Screenshots_St1/](1)" classname="tests.whitePaper.WhitePaperFirefoxTests" time="6.048">
    <system-out><![CDATA[The two images are similar.
]]></system-out>
  </testcase>
  <testcase name="learnHeaderWhitePaperPage[https://aimood-stage1.intary.net/en/white-paper, Screenshots_St1/](1)" classname="tests.whitePaper.WhitePaperFirefoxTests" time="6.011">
    <system-out><![CDATA[The two images are similar.
]]></system-out>
  </testcase>
  <testcase name="resourcesHeaderWhitePaperPage[https://aimood-stage1.intary.net/en/white-paper, Screenshots_St1/](1)" classname="tests.whitePaper.WhitePaperFirefoxTests" time="6.154">
    <system-out><![CDATA[The two images are similar.
]]></system-out>
  </testcase>
  <testcase name="mainBlockWhitePaperPage[https://aimood-stage1.intary.net/en/white-paper, Screenshots_St1/](1)" classname="tests.whitePaper.WhitePaperFirefoxTests" time="6.026">
    <system-out><![CDATA[The two images are similar.
]]></system-out>
  </testcase>
  <testcase name="marketTokenWhitePaperPage[https://aimood-stage1.intary.net/en/white-paper, Screenshots_St1/](1)" classname="tests.whitePaper.WhitePaperFirefoxTests" time="6.319">
    <system-out><![CDATA[The two images are similar.
]]></system-out>
  </testcase>
  <testcase name="allFooterWhitePaperPage[https://aimood-stage1.intary.net/en/white-paper, Screenshots_St1/](1)" classname="tests.whitePaper.WhitePaperFirefoxTests" time="5.935">
    <system-out><![CDATA[The two images are similar.
]]></system-out>
  </testcase>
  <testcase name="allHeaderWhitePaperPage[https://aimood-stage1.intary.net/en/white-paper, Screenshots_St1/](1)" classname="tests.whitePaper.WhitePaperChromeTests" time="10.657">
    <system-out><![CDATA[The two images are similar.
]]></system-out>
    <system-err><![CDATA[вер. 25, 2023 11:33:32 ДП org.openqa.selenium.devtools.CdpVersionFinder findNearestMatch
WARNING: Unable to find an exact match for CDP version 117, so returning the closest version found: 115
]]></system-err>
  </testcase>
  <testcase name="getStartedHeaderWhitePaperPage[https://aimood-stage1.intary.net/en/white-paper, Screenshots_St1/](1)" classname="tests.whitePaper.WhitePaperChromeTests" time="6.896">
    <system-out><![CDATA[The two images are similar.
]]></system-out>
  </testcase>
  <testcase name="learnHeaderWhitePaperPage[https://aimood-stage1.intary.net/en/white-paper, Screenshots_St1/](1)" classname="tests.whitePaper.WhitePaperChromeTests" time="6.513">
    <system-out><![CDATA[The two images are similar.
]]></system-out>
  </testcase>
  <testcase name="resourcesHeaderWhitePaperPage[https://aimood-stage1.intary.net/en/white-paper, Screenshots_St1/](1)" classname="tests.whitePaper.WhitePaperChromeTests" time="6.467">
    <system-out><![CDATA[The two images are similar.
]]></system-out>
  </testcase>
  <testcase name="mainBlockWhitePaperPage[https://aimood-stage1.intary.net/en/white-paper, Screenshots_St1/](1)" classname="tests.whitePaper.WhitePaperChromeTests" time="6.534">
    <system-out><![CDATA[The two images are similar.
]]></system-out>
  </testcase>
  <testcase name="EweuimtPage[https://aimood-stage1.intary.net/en/white-paper, Screenshots_St1/](1)" classname="tests.whitePaper.WhitePaperChromeTests" time="6.902">
    <system-out><![CDATA[The two images are similar.
]]></system-out>
  </testcase>
  <testcase name="allFooterWhitePaperPage[https://aimood-stage1.intary.net/en/white-paper, Screenshots_St1/](1)" classname="tests.whitePaper.WhitePaperChromeTests" time="6.567">
    <system-out><![CDATA[The two images are similar.
]]></system-out>
  </testcase>
  <testcase name="allHeaderWhatIsAimoodPage[https://aimood-stage1.intary.net/en/what-is-aimood, Screenshots_St1/](1)" classname="tests.WhatIsAimood.WhatIsAimoodFirefoxTests" time="13.62">
    <system-out><![CDATA[The two images are similar.
]]></system-out>
  </testcase>
  <testcase name="getStartedHeaderWhatIsAimoodPage[https://aimood-stage1.intary.net/en/what-is-aimood, Screenshots_St1/](1)" classname="tests.WhatIsAimood.WhatIsAimoodFirefoxTests" time="5.093">
    <system-out><![CDATA[The two images are similar.
]]></system-out>
  </testcase>
  <testcase name="learnHeaderWhatIsAimoodPage[https://aimood-stage1.intary.net/en/what-is-aimood, Screenshots_St1/](1)" classname="tests.WhatIsAimood.WhatIsAimoodFirefoxTests" time="5.111">
    <system-out><![CDATA[The two images are similar.
]]></system-out>
  </testcase>
  <testcase name="resourcesHeaderWhatIsAimoodPage[https://aimood-stage1.intary.net/en/what-is-aimood, Screenshots_St1/](1)" classname="tests.WhatIsAimood.WhatIsAimoodFirefoxTests" time="5.221">
    <system-out><![CDATA[The two images are similar.
]]></system-out>
  </testcase>
  <testcase name="mainBlockWhatIsAimoodPage[https://aimood-stage1.intary.net/en/what-is-aimood, Screenshots_St1/](1)" classname="tests.WhatIsAimood.WhatIsAimoodFirefoxTests" time="6.014">
    <system-out><![CDATA[The two images are similar.
]]></system-out>
  </testcase>
  <testcase name="whyChooseWhatIsAimoodPage[https://aimood-stage1.intary.net/en/what-is-aimood, Screenshots_St1/](1)" classname="tests.WhatIsAimood.WhatIsAimoodFirefoxTests" time="6.26">
    <system-out><![CDATA[The two images are similar.
]]></system-out>
  </testcase>
  <testcase name="ecosystemWhatIsAimoodPage[https://aimood-stage1.intary.net/en/what-is-aimood, Screenshots_St1/](1)" classname="tests.WhatIsAimood.WhatIsAimoodFirefoxTests" time="6.286">
    <system-out><![CDATA[The two images are similar.
]]></system-out>
  </testcase>
  <testcase name="allFooterWhatIsAimoodPage[https://aimood-stage1.intary.net/en/what-is-aimood, Screenshots_St1/](1)" classname="tests.WhatIsAimood.WhatIsAimoodFirefoxTests" time="5.939">
    <system-out><![CDATA[The two images are similar.
]]></system-out>
  </testcase>
  <testcase name="allHeaderWhatIsAimoodPage[https://aimood-stage1.intary.net/en/what-is-aimood, Screenshots_St1/](1)" classname="tests.WhatIsAimood.WhatIsAimoodChromeTests" time="15.774">
    <system-out><![CDATA[The two images are similar.
]]></system-out>
    <system-err><![CDATA[вер. 25, 2023 11:35:22 ДП org.openqa.selenium.devtools.CdpVersionFinder findNearestMatch
WARNING: Unable to find an exact match for CDP version 117, so returning the closest version found: 115
]]></system-err>
  </testcase>
  <testcase name="getStartedHeaderWhatIsAimoodPage[https://aimood-stage1.intary.net/en/what-is-aimood, Screenshots_St1/](1)" classname="tests.WhatIsAimood.WhatIsAimoodChromeTests" time="5.553">
    <system-out><![CDATA[The two images are similar.
]]></system-out>
  </testcase>
  <testcase name="learnHeaderWhatIsAimoodPage[https://aimood-stage1.intary.net/en/what-is-aimood, Screenshots_St1/](1)" classname="tests.WhatIsAimood.WhatIsAimoodChromeTests" time="5.454">
    <system-out><![CDATA[The two images are similar.
]]></system-out>
  </testcase>
  <testcase name="resourcesHeaderWhatIsAimoodPage[https://aimood-stage1.intary.net/en/what-is-aimood, Screenshots_St1/](1)" classname="tests.WhatIsAimood.WhatIsAimoodChromeTests" time="5.445">
    <system-out><![CDATA[The two images are similar.
]]></system-out>
  </testcase>
  <testcase name="mainBlockWhatIsAimoodPage[https://aimood-stage1.intary.net/en/what-is-aimood, Screenshots_St1/](1)" classname="tests.WhatIsAimood.WhatIsAimoodChromeTests" time="6.394">
    <system-out><![CDATA[The two images are similar.
]]></system-out>
  </testcase>
  <testcase name="whyChooseWhatIsAimoodPage[https://aimood-stage1.intary.net/en/what-is-aimood, Screenshots_St1/](1)" classname="tests.WhatIsAimood.WhatIsAimoodChromeTests" time="6.772">
    <system-out><![CDATA[The two images are similar.
]]></system-out>
  </testcase>
  <testcase name="ecosystemWhatIsAimoodPage[https://aimood-stage1.intary.net/en/what-is-aimood, Screenshots_St1/](1)" classname="tests.WhatIsAimood.WhatIsAimoodChromeTests" time="6.813">
    <system-out><![CDATA[The two images are similar.
]]></system-out>
  </testcase>
  <testcase name="allFooterWhatIsAimoodPage[https://aimood-stage1.intary.net/en/what-is-aimood, Screenshots_St1/](1)" classname="tests.WhatIsAimood.WhatIsAimoodChromeTests" time="6.497">
    <system-out><![CDATA[The two images are similar.
]]></system-out>
  </testcase>
  <testcase name="allHeaderMainPage" classname="tests.SignIn.SignInFirefoxTests" time="7.173">
    <failure message="&#10;Parameter &apos;SignIn_page&apos; is required by @Test on method allHeaderMainPage but has not been marked @Optional or defined&#10;in D:\jenkins-agent-data\workspace\pixelPerfectMultiPlatform_AI_Mood_St1\testngMasterStage1.xml" type="org.testng.TestNGException"><![CDATA[org.testng.TestNGException: 

Parameter 'SignIn_page' is required by @Test on method allHeaderMainPage but has not been marked @Optional or defined
in D:\jenkins-agent-data\workspace\pixelPerfectMultiPlatform_AI_Mood_St1\testngMasterStage1.xml
]]></failure>
  </testcase>
  <testcase name="mainBlockWhitePaperPage" classname="tests.SignIn.SignInFirefoxTests" time="7.173">
    <failure message="&#10;Parameter &apos;SignIn_page&apos; is required by @Test on method mainBlockWhitePaperPage but has not been marked @Optional or defined&#10;in D:\jenkins-agent-data\workspace\pixelPerfectMultiPlatform_AI_Mood_St1\testngMasterStage1.xml" type="org.testng.TestNGException"><![CDATA[org.testng.TestNGException: 

Parameter 'SignIn_page' is required by @Test on method mainBlockWhitePaperPage but has not been marked @Optional or defined
in D:\jenkins-agent-data\workspace\pixelPerfectMultiPlatform_AI_Mood_St1\testngMasterStage1.xml
]]></failure>
  </testcase>
  <testcase name="Forgot" classname="tests.SignIn.SignInFirefoxTests" time="7.174">
    <failure message="&#10;Parameter &apos;SignIn_page&apos; is required by @Test on method Forgot but has not been marked @Optional or defined&#10;in D:\jenkins-agent-data\workspace\pixelPerfectMultiPlatform_AI_Mood_St1\testngMasterStage1.xml" type="org.testng.TestNGException"><![CDATA[org.testng.TestNGException: 

Parameter 'SignIn_page' is required by @Test on method Forgot but has not been marked @Optional or defined
in D:\jenkins-agent-data\workspace\pixelPerfectMultiPlatform_AI_Mood_St1\testngMasterStage1.xml
]]></failure>
  </testcase>
  <testcase name="Dont" classname="tests.SignIn.SignInFirefoxTests" time="7.175">
    <failure message="&#10;Parameter &apos;SignIn_page&apos; is required by @Test on method Dont but has not been marked @Optional or defined&#10;in D:\jenkins-agent-data\workspace\pixelPerfectMultiPlatform_AI_Mood_St1\testngMasterStage1.xml" type="org.testng.TestNGException"><![CDATA[org.testng.TestNGException: 

Parameter 'SignIn_page' is required by @Test on method Dont but has not been marked @Optional or defined
in D:\jenkins-agent-data\workspace\pixelPerfectMultiPlatform_AI_Mood_St1\testngMasterStage1.xml
]]></failure>
  </testcase>
  <testcase name="allPageSignInPage" classname="tests.SignIn.SignInFirefoxTests" time="7.175">
    <failure message="&#10;Parameter &apos;SignIn_page&apos; is required by @Test on method allPageSignInPage but has not been marked @Optional or defined&#10;in D:\jenkins-agent-data\workspace\pixelPerfectMultiPlatform_AI_Mood_St1\testngMasterStage1.xml" type="org.testng.TestNGException"><![CDATA[org.testng.TestNGException: 

Parameter 'SignIn_page' is required by @Test on method allPageSignInPage but has not been marked @Optional or defined
in D:\jenkins-agent-data\workspace\pixelPerfectMultiPlatform_AI_Mood_St1\testngMasterStage1.xml
]]></failure>
  </testcase>
  <testcase name="allFooterMainPage" classname="tests.SignIn.SignInFirefoxTests" time="7.176">
    <failure message="&#10;Parameter &apos;SignIn_page&apos; is required by @Test on method allFooterMainPage but has not been marked @Optional or defined&#10;in D:\jenkins-agent-data\workspace\pixelPerfectMultiPlatform_AI_Mood_St1\testngMasterStage1.xml" type="org.testng.TestNGException"><![CDATA[org.testng.TestNGException: 

Parameter 'SignIn_page' is required by @Test on method allFooterMainPage but has not been marked @Optional or defined
in D:\jenkins-agent-data\workspace\pixelPerfectMultiPlatform_AI_Mood_St1\testngMasterStage1.xml
]]></failure>
  </testcase>
  <testcase name="tearDown" classname="tests.SignIn.SignInFirefoxTests" time="7.177">
    <failure type="java.lang.NullPointerException"><![CDATA[java.lang.NullPointerException
]]></failure>
  </testcase>
  <testcase name="allHeaderMainPage" classname="tests.SignIn.SignInChromeTests" time="7.178">
    <failure message="&#10;Parameter &apos;SignIn_page&apos; is required by @Test on method allHeaderMainPage but has not been marked @Optional or defined&#10;in D:\jenkins-agent-data\workspace\pixelPerfectMultiPlatform_AI_Mood_St1\testngMasterStage1.xml" type="org.testng.TestNGException"><![CDATA[org.testng.TestNGException: 

Parameter 'SignIn_page' is required by @Test on method allHeaderMainPage but has not been marked @Optional or defined
in D:\jenkins-agent-data\workspace\pixelPerfectMultiPlatform_AI_Mood_St1\testngMasterStage1.xml
]]></failure>
  </testcase>
  <testcase name="mainBlockWhitePaperPage" classname="tests.SignIn.SignInChromeTests" time="7.178">
    <failure message="&#10;Parameter &apos;SignIn_page&apos; is required by @Test on method mainBlockWhitePaperPage but has not been marked @Optional or defined&#10;in D:\jenkins-agent-data\workspace\pixelPerfectMultiPlatform_AI_Mood_St1\testngMasterStage1.xml" type="org.testng.TestNGException"><![CDATA[org.testng.TestNGException: 

Parameter 'SignIn_page' is required by @Test on method mainBlockWhitePaperPage but has not been marked @Optional or defined
in D:\jenkins-agent-data\workspace\pixelPerfectMultiPlatform_AI_Mood_St1\testngMasterStage1.xml
]]></failure>
  </testcase>
  <testcase name="Forgot" classname="tests.SignIn.SignInChromeTests" time="7.179">
    <failure message="&#10;Parameter &apos;SignIn_page&apos; is required by @Test on method Forgot but has not been marked @Optional or defined&#10;in D:\jenkins-agent-data\workspace\pixelPerfectMultiPlatform_AI_Mood_St1\testngMasterStage1.xml" type="org.testng.TestNGException"><![CDATA[org.testng.TestNGException: 

Parameter 'SignIn_page' is required by @Test on method Forgot but has not been marked @Optional or defined
in D:\jenkins-agent-data\workspace\pixelPerfectMultiPlatform_AI_Mood_St1\testngMasterStage1.xml
]]></failure>
  </testcase>
  <testcase name="Dont" classname="tests.SignIn.SignInChromeTests" time="7.179">
    <failure message="&#10;Parameter &apos;SignIn_page&apos; is required by @Test on method Dont but has not been marked @Optional or defined&#10;in D:\jenkins-agent-data\workspace\pixelPerfectMultiPlatform_AI_Mood_St1\testngMasterStage1.xml" type="org.testng.TestNGException"><![CDATA[org.testng.TestNGException: 

Parameter 'SignIn_page' is required by @Test on method Dont but has not been marked @Optional or defined
in D:\jenkins-agent-data\workspace\pixelPerfectMultiPlatform_AI_Mood_St1\testngMasterStage1.xml
]]></failure>
  </testcase>
  <testcase name="allPageSignInPage" classname="tests.SignIn.SignInChromeTests" time="7.18">
    <failure message="&#10;Parameter &apos;SignIn_page&apos; is required by @Test on method allPageSignInPage but has not been marked @Optional or defined&#10;in D:\jenkins-agent-data\workspace\pixelPerfectMultiPlatform_AI_Mood_St1\testngMasterStage1.xml" type="org.testng.TestNGException"><![CDATA[org.testng.TestNGException: 

Parameter 'SignIn_page' is required by @Test on method allPageSignInPage but has not been marked @Optional or defined
in D:\jenkins-agent-data\workspace\pixelPerfectMultiPlatform_AI_Mood_St1\testngMasterStage1.xml
]]></failure>
  </testcase>
  <testcase name="allFooterMainPage" classname="tests.SignIn.SignInChromeTests" time="7.18">
    <failure message="&#10;Parameter &apos;SignIn_page&apos; is required by @Test on method allFooterMainPage but has not been marked @Optional or defined&#10;in D:\jenkins-agent-data\workspace\pixelPerfectMultiPlatform_AI_Mood_St1\testngMasterStage1.xml" type="org.testng.TestNGException"><![CDATA[org.testng.TestNGException: 

Parameter 'SignIn_page' is required by @Test on method allFooterMainPage but has not been marked @Optional or defined
in D:\jenkins-agent-data\workspace\pixelPerfectMultiPlatform_AI_Mood_St1\testngMasterStage1.xml
]]></failure>
  </testcase>
  <testcase name="tearDown" classname="tests.SignIn.SignInChromeTests" time="7.181">
    <failure type="java.lang.NullPointerException"><![CDATA[java.lang.NullPointerException
]]></failure>
  </testcase>
  <testcase name="allHeaderSignUpPage" classname="tests.SignUp.SignUpFirefoxTests" time="7.181">
    <failure message="&#10;Parameter &apos;SignUp_page&apos; is required by @Test on method allHeaderSignUpPage but has not been marked @Optional or defined&#10;in D:\jenkins-agent-data\workspace\pixelPerfectMultiPlatform_AI_Mood_St1\testngMasterStage1.xml" type="org.testng.TestNGException"><![CDATA[org.testng.TestNGException: 

Parameter 'SignUp_page' is required by @Test on method allHeaderSignUpPage but has not been marked @Optional or defined
in D:\jenkins-agent-data\workspace\pixelPerfectMultiPlatform_AI_Mood_St1\testngMasterStage1.xml
]]></failure>
  </testcase>
  <testcase name="mainBlockWhitePaperPage" classname="tests.SignUp.SignUpFirefoxTests" time="7.182">
    <failure message="&#10;Parameter &apos;SignUp_page&apos; is required by @Test on method mainBlockWhitePaperPage but has not been marked @Optional or defined&#10;in D:\jenkins-agent-data\workspace\pixelPerfectMultiPlatform_AI_Mood_St1\testngMasterStage1.xml" type="org.testng.TestNGException"><![CDATA[org.testng.TestNGException: 

Parameter 'SignUp_page' is required by @Test on method mainBlockWhitePaperPage but has not been marked @Optional or defined
in D:\jenkins-agent-data\workspace\pixelPerfectMultiPlatform_AI_Mood_St1\testngMasterStage1.xml
]]></failure>
  </testcase>
  <testcase name="Already" classname="tests.SignUp.SignUpFirefoxTests" time="7.182">
    <failure message="&#10;Parameter &apos;SignUp_page&apos; is required by @Test on method Already but has not been marked @Optional or defined&#10;in D:\jenkins-agent-data\workspace\pixelPerfectMultiPlatform_AI_Mood_St1\testngMasterStage1.xml" type="org.testng.TestNGException"><![CDATA[org.testng.TestNGException: 

Parameter 'SignUp_page' is required by @Test on method Already but has not been marked @Optional or defined
in D:\jenkins-agent-data\workspace\pixelPerfectMultiPlatform_AI_Mood_St1\testngMasterStage1.xml
]]></failure>
  </testcase>
  <testcase name="allPageSignUpPage" classname="tests.SignUp.SignUpFirefoxTests" time="7.183">
    <failure message="&#10;Parameter &apos;SignUp_page&apos; is required by @Test on method allPageSignUpPage but has not been marked @Optional or defined&#10;in D:\jenkins-agent-data\workspace\pixelPerfectMultiPlatform_AI_Mood_St1\testngMasterStage1.xml" type="org.testng.TestNGException"><![CDATA[org.testng.TestNGException: 

Parameter 'SignUp_page' is required by @Test on method allPageSignUpPage but has not been marked @Optional or defined
in D:\jenkins-agent-data\workspace\pixelPerfectMultiPlatform_AI_Mood_St1\testngMasterStage1.xml
]]></failure>
  </testcase>
  <testcase name="allFooterSignUp" classname="tests.SignUp.SignUpFirefoxTests" time="7.183">
    <failure message="&#10;Parameter &apos;SignUp_page&apos; is required by @Test on method allFooterSignUp but has not been marked @Optional or defined&#10;in D:\jenkins-agent-data\workspace\pixelPerfectMultiPlatform_AI_Mood_St1\testngMasterStage1.xml" type="org.testng.TestNGException"><![CDATA[org.testng.TestNGException: 

Parameter 'SignUp_page' is required by @Test on method allFooterSignUp but has not been marked @Optional or defined
in D:\jenkins-agent-data\workspace\pixelPerfectMultiPlatform_AI_Mood_St1\testngMasterStage1.xml
]]></failure>
  </testcase>
  <testcase name="tearDown" classname="tests.SignUp.SignUpFirefoxTests" time="7.184">
    <failure type="java.lang.NullPointerException"><![CDATA[java.lang.NullPointerException
]]></failure>
  </testcase>
  <testcase name="allHeaderSignUpPage" classname="tests.SignUp.SignUpChromeTests" time="7.184">
    <failure message="&#10;Parameter &apos;SignUp_page&apos; is required by @Test on method allHeaderSignUpPage but has not been marked @Optional or defined&#10;in D:\jenkins-agent-data\workspace\pixelPerfectMultiPlatform_AI_Mood_St1\testngMasterStage1.xml" type="org.testng.TestNGException"><![CDATA[org.testng.TestNGException: 

Parameter 'SignUp_page' is required by @Test on method allHeaderSignUpPage but has not been marked @Optional or defined
in D:\jenkins-agent-data\workspace\pixelPerfectMultiPlatform_AI_Mood_St1\testngMasterStage1.xml
]]></failure>
  </testcase>
  <testcase name="mainBlockWhitePaperPage" classname="tests.SignUp.SignUpChromeTests" time="7.185">
    <failure message="&#10;Parameter &apos;SignUp_page&apos; is required by @Test on method mainBlockWhitePaperPage but has not been marked @Optional or defined&#10;in D:\jenkins-agent-data\workspace\pixelPerfectMultiPlatform_AI_Mood_St1\testngMasterStage1.xml" type="org.testng.TestNGException"><![CDATA[org.testng.TestNGException: 

Parameter 'SignUp_page' is required by @Test on method mainBlockWhitePaperPage but has not been marked @Optional or defined
in D:\jenkins-agent-data\workspace\pixelPerfectMultiPlatform_AI_Mood_St1\testngMasterStage1.xml
]]></failure>
  </testcase>
  <testcase name="Already" classname="tests.SignUp.SignUpChromeTests" time="7.185">
    <failure message="&#10;Parameter &apos;SignUp_page&apos; is required by @Test on method Already but has not been marked @Optional or defined&#10;in D:\jenkins-agent-data\workspace\pixelPerfectMultiPlatform_AI_Mood_St1\testngMasterStage1.xml" type="org.testng.TestNGException"><![CDATA[org.testng.TestNGException: 

Parameter 'SignUp_page' is required by @Test on method Already but has not been marked @Optional or defined
in D:\jenkins-agent-data\workspace\pixelPerfectMultiPlatform_AI_Mood_St1\testngMasterStage1.xml
]]></failure>
  </testcase>
  <testcase name="allPageSignUpPage" classname="tests.SignUp.SignUpChromeTests" time="7.186">
    <failure message="&#10;Parameter &apos;SignUp_page&apos; is required by @Test on method allPageSignUpPage but has not been marked @Optional or defined&#10;in D:\jenkins-agent-data\workspace\pixelPerfectMultiPlatform_AI_Mood_St1\testngMasterStage1.xml" type="org.testng.TestNGException"><![CDATA[org.testng.TestNGException: 

Parameter 'SignUp_page' is required by @Test on method allPageSignUpPage but has not been marked @Optional or defined
in D:\jenkins-agent-data\workspace\pixelPerfectMultiPlatform_AI_Mood_St1\testngMasterStage1.xml
]]></failure>
  </testcase>
  <testcase name="allFooterSignUp" classname="tests.SignUp.SignUpChromeTests" time="7.186">
    <failure message="&#10;Parameter &apos;SignUp_page&apos; is required by @Test on method allFooterSignUp but has not been marked @Optional or defined&#10;in D:\jenkins-agent-data\workspace\pixelPerfectMultiPlatform_AI_Mood_St1\testngMasterStage1.xml" type="org.testng.TestNGException"><![CDATA[org.testng.TestNGException: 

Parameter 'SignUp_page' is required by @Test on method allFooterSignUp but has not been marked @Optional or defined
in D:\jenkins-agent-data\workspace\pixelPerfectMultiPlatform_AI_Mood_St1\testngMasterStage1.xml
]]></failure>
  </testcase>
  <testcase name="tearDown" classname="tests.SignUp.SignUpChromeTests" time="7.187">
    <failure type="java.lang.NullPointerException"><![CDATA[java.lang.NullPointerException
]]></failure>
  </testcase>
  <testcase name="allHeaderResetPasswordPage[https://aimood-stage1.intary.net/en/reset-password-1, Screenshots_St1/](1)" classname="tests.resetPasswordPageTests.AllPageFirefoxTests" time="11.337">
    <system-out><![CDATA[The two images are similar.
]]></system-out>
  </testcase>
  <testcase name="getStartedHeaderResetPasswordPage[https://aimood-stage1.intary.net/en/reset-password-1, Screenshots_St1/](1)" classname="tests.resetPasswordPageTests.AllPageFirefoxTests" time="5.163">
    <system-out><![CDATA[The two images are similar.
]]></system-out>
  </testcase>
  <testcase name="learnHeaderResetPasswordPage[https://aimood-stage1.intary.net/en/reset-password-1, Screenshots_St1/](1)" classname="tests.resetPasswordPageTests.AllPageFirefoxTests" time="5.105">
    <system-out><![CDATA[The two images are similar.
]]></system-out>
  </testcase>
  <testcase name="resourcesHeaderResetPasswordPage[https://aimood-stage1.intary.net/en/reset-password-1, Screenshots_St1/](1)" classname="tests.resetPasswordPageTests.AllPageFirefoxTests" time="5.165">
    <system-out><![CDATA[The two images are similar.
]]></system-out>
  </testcase>
  <testcase name="mainSectionResetPasswordPage[https://aimood-stage1.intary.net/en/reset-password-1, Screenshots_St1/](1)" classname="tests.resetPasswordPageTests.AllPageFirefoxTests" time="6.953">
    <system-out><![CDATA[The two images are similar.
]]></system-out>
  </testcase>
  <testcase name="allFooterResetPasswordPage[https://aimood-stage1.intary.net/en/reset-password-1, Screenshots_St1/](1)" classname="tests.resetPasswordPageTests.AllPageFirefoxTests" time="6.032">
    <system-out><![CDATA[The two images are similar.
]]></system-out>
  </testcase>
  <testcase name="allHeaderResetPasswordPage[https://aimood-stage1.intary.net/en/reset-password-1, Screenshots_St1/](1)" classname="tests.resetPasswordPageTests.AllPageChromeTests" time="8.386">
    <system-out><![CDATA[The two images are similar.
]]></system-out>
    <system-err><![CDATA[вер. 25, 2023 11:37:06 ДП org.openqa.selenium.devtools.CdpVersionFinder findNearestMatch
WARNING: Unable to find an exact match for CDP version 117, so returning the closest version found: 115
]]></system-err>
  </testcase>
  <testcase name="getStartedHeaderResetPasswordPage[https://aimood-stage1.intary.net/en/reset-password-1, Screenshots_St1/](1)" classname="tests.resetPasswordPageTests.AllPageChromeTests" time="5.483">
    <system-out><![CDATA[The two images are similar.
]]></system-out>
  </testcase>
  <testcase name="learnHeaderResetPasswordPage[https://aimood-stage1.intary.net/en/reset-password-1, Screenshots_St1/](1)" classname="tests.resetPasswordPageTests.AllPageChromeTests" time="5.359">
    <system-out><![CDATA[The two images are similar.
]]></system-out>
  </testcase>
  <testcase name="resourcesHeaderResetPasswordPage[https://aimood-stage1.intary.net/en/reset-password-1, Screenshots_St1/](1)" classname="tests.resetPasswordPageTests.AllPageChromeTests" time="5.356">
    <system-out><![CDATA[The two images are similar.
]]></system-out>
  </testcase>
  <testcase name="mainSectionResetPasswordPage[https://aimood-stage1.intary.net/en/reset-password-1, Screenshots_St1/](1)" classname="tests.resetPasswordPageTests.AllPageChromeTests" time="7.283">
    <system-out><![CDATA[The two images are similar.
]]></system-out>
  </testcase>
  <testcase name="allFooterResetPasswordPage[https://aimood-stage1.intary.net/en/reset-password-1, Screenshots_St1/](1)" classname="tests.resetPasswordPageTests.AllPageChromeTests" time="6.31">
    <system-out><![CDATA[The two images are similar.
]]></system-out>
  </testcase>
  <testcase name="allHeaderResetPasswordPage2[https://aimood-stage1.intary.net/en/reset-password-2, Screenshots_St1/](1)" classname="tests.resetPasswordPage2Tests.AllPageFirefoxTests" time="8.905">
    <system-out><![CDATA[The two images are similar.
]]></system-out>
  </testcase>
  <testcase name="getStartedHeaderResetPasswordPage2[https://aimood-stage1.intary.net/en/reset-password-2, Screenshots_St1/](1)" classname="tests.resetPasswordPage2Tests.AllPageFirefoxTests" time="5.168">
    <system-out><![CDATA[The two images are similar.
]]></system-out>
  </testcase>
  <testcase name="learnHeaderResetPasswordPage2[https://aimood-stage1.intary.net/en/reset-password-2, Screenshots_St1/](1)" classname="tests.resetPasswordPage2Tests.AllPageFirefoxTests" time="5.105">
    <system-out><![CDATA[The two images are similar.
]]></system-out>
  </testcase>
  <testcase name="resourcesHeaderResetPasswordPage2[https://aimood-stage1.intary.net/en/reset-password-2, Screenshots_St1/](1)" classname="tests.resetPasswordPage2Tests.AllPageFirefoxTests" time="5.185">
    <system-out><![CDATA[The two images are similar.
]]></system-out>
  </testcase>
  <testcase name="mainSectionResetPasswordPage2[https://aimood-stage1.intary.net/en/reset-password-2, Screenshots_St1/](1)" classname="tests.resetPasswordPage2Tests.AllPageFirefoxTests" time="6.956">
    <system-out><![CDATA[The two images are similar.
]]></system-out>
  </testcase>
  <testcase name="allFooterResetPasswordPage2[https://aimood-stage1.intary.net/en/reset-password-2, Screenshots_St1/](1)" classname="tests.resetPasswordPage2Tests.AllPageFirefoxTests" time="6.017">
    <system-out><![CDATA[The two images are similar.
]]></system-out>
  </testcase>
  <testcase name="allHeaderResetPasswordPage2[https://aimood-stage1.intary.net/en/reset-password-2, Screenshots_St1/](1)" classname="tests.resetPasswordPage2Tests.AllPageChromeTests" time="10.975">
    <system-out><![CDATA[The two images are similar.
]]></system-out>
    <system-err><![CDATA[вер. 25, 2023 11:38:27 ДП org.openqa.selenium.devtools.CdpVersionFinder findNearestMatch
WARNING: Unable to find an exact match for CDP version 117, so returning the closest version found: 115
]]></system-err>
  </testcase>
  <testcase name="getStartedHeaderResetPasswordPage2[https://aimood-stage1.intary.net/en/reset-password-2, Screenshots_St1/](1)" classname="tests.resetPasswordPage2Tests.AllPageChromeTests" time="5.585">
    <system-out><![CDATA[The two images are similar.
]]></system-out>
  </testcase>
  <testcase name="learnHeaderResetPasswordPage2[https://aimood-stage1.intary.net/en/reset-password-2, Screenshots_St1/](1)" classname="tests.resetPasswordPage2Tests.AllPageChromeTests" time="5.455">
    <system-out><![CDATA[The two images are similar.
]]></system-out>
  </testcase>
  <testcase name="resourcesHeaderResetPasswordPage2[https://aimood-stage1.intary.net/en/reset-password-2, Screenshots_St1/](1)" classname="tests.resetPasswordPage2Tests.AllPageChromeTests" time="5.454">
    <system-out><![CDATA[The two images are similar.
]]></system-out>
  </testcase>
  <testcase name="mainSectionResetPasswordPage2[https://aimood-stage1.intary.net/en/reset-password-2, Screenshots_St1/](1)" classname="tests.resetPasswordPage2Tests.AllPageChromeTests" time="7.335">
    <system-out><![CDATA[The two images are similar.
]]></system-out>
  </testcase>
  <testcase name="allFooterResetPasswordPage2[https://aimood-stage1.intary.net/en/reset-password-2, Screenshots_St1/](1)" classname="tests.resetPasswordPage2Tests.AllPageChromeTests" time="6.406">
    <system-out><![CDATA[The two images are similar.
]]></system-out>
  </testcase>
  <testcase name="allHeaderSignInPage[https://aimood-stage1.intary.net/en/login, Screenshots_St1/](1)" classname="tests.signInPageTests.AllPageFirefoxTests" time="9.834">
    <system-out><![CDATA[The two images are similar.
]]></system-out>
  </testcase>
  <testcase name="getStartedHeaderSignInPage[https://aimood-stage1.intary.net/en/login, Screenshots_St1/](1)" classname="tests.signInPageTests.AllPageFirefoxTests" time="5.116">
    <system-out><![CDATA[The two images are similar.
]]></system-out>
  </testcase>
  <testcase name="learnHeaderSignInPage[https://aimood-stage1.intary.net/en/login, Screenshots_St1/](1)" classname="tests.signInPageTests.AllPageFirefoxTests" time="5.099">
    <system-out><![CDATA[The two images are similar.
]]></system-out>
  </testcase>
  <testcase name="resourcesHeaderSignInPage[https://aimood-stage1.intary.net/en/login, Screenshots_St1/](1)" classname="tests.signInPageTests.AllPageFirefoxTests" time="5.162">
    <system-out><![CDATA[The two images are similar.
]]></system-out>
  </testcase>
  <testcase name="mainSectionSignInPage[https://aimood-stage1.intary.net/en/login, Screenshots_St1/](1)" classname="tests.signInPageTests.AllPageFirefoxTests" time="6.942">
    <system-out><![CDATA[The two images are similar.
]]></system-out>
  </testcase>
  <testcase name="allFooterSignInPage[https://aimood-stage1.intary.net/en/login, Screenshots_St1/](1)" classname="tests.signInPageTests.AllPageFirefoxTests" time="6.036">
    <system-out><![CDATA[The two images are similar.
]]></system-out>
  </testcase>
  <testcase name="allHeaderSignInPage[https://aimood-stage1.intary.net/en/login, Screenshots_St1/](1)" classname="tests.signInPageTests.AllPageChromeTests" time="8.565">
    <system-out><![CDATA[The two images are similar.
]]></system-out>
    <system-err><![CDATA[вер. 25, 2023 11:39:52 ДП org.openqa.selenium.devtools.CdpVersionFinder findNearestMatch
WARNING: Unable to find an exact match for CDP version 117, so returning the closest version found: 115
]]></system-err>
  </testcase>
  <testcase name="getStartedHeaderSignInPage[https://aimood-stage1.intary.net/en/login, Screenshots_St1/](1)" classname="tests.signInPageTests.AllPageChromeTests" time="5.494">
    <system-out><![CDATA[The two images are similar.
]]></system-out>
  </testcase>
  <testcase name="learnHeaderSignInPage[https://aimood-stage1.intary.net/en/login, Screenshots_St1/](1)" classname="tests.signInPageTests.AllPageChromeTests" time="5.536">
    <system-out><![CDATA[The two images are similar.
]]></system-out>
  </testcase>
  <testcase name="resourcesHeaderSignInPage[https://aimood-stage1.intary.net/en/login, Screenshots_St1/](1)" classname="tests.signInPageTests.AllPageChromeTests" time="5.393">
    <system-out><![CDATA[The two images are similar.
]]></system-out>
  </testcase>
  <testcase name="mainSectionSignInPage[https://aimood-stage1.intary.net/en/login, Screenshots_St1/](1)" classname="tests.signInPageTests.AllPageChromeTests" time="7.283">
    <system-out><![CDATA[The two images are similar.
]]></system-out>
  </testcase>
  <testcase name="allFooterSignInPage[https://aimood-stage1.intary.net/en/login, Screenshots_St1/](1)" classname="tests.signInPageTests.AllPageChromeTests" time="6.33">
    <system-out><![CDATA[The two images are similar.
]]></system-out>
  </testcase>
  <testcase name="allHeaderSignUpPage[https://aimood-stage1.intary.net/en/register, Screenshots_St1/](1)" classname="tests.signUpPageTests.AllPageFirefoxTests" time="10.789">
    <system-out><![CDATA[The two images are similar.
]]></system-out>
  </testcase>
  <testcase name="getStartedHeaderSignUpPage[https://aimood-stage1.intary.net/en/register, Screenshots_St1/](1)" classname="tests.signUpPageTests.AllPageFirefoxTests" time="5.14">
    <system-out><![CDATA[The two images are similar.
]]></system-out>
  </testcase>
  <testcase name="learnHeaderSignUpPage[https://aimood-stage1.intary.net/en/register, Screenshots_St1/](1)" classname="tests.signUpPageTests.AllPageFirefoxTests" time="5.104">
    <system-out><![CDATA[The two images are similar.
]]></system-out>
  </testcase>
  <testcase name="resourcesHeaderSignUpPage[https://aimood-stage1.intary.net/en/register, Screenshots_St1/](1)" classname="tests.signUpPageTests.AllPageFirefoxTests" time="5.191">
    <system-out><![CDATA[The two images are similar.
]]></system-out>
  </testcase>
  <testcase name="mainSectionSignUpPage[https://aimood-stage1.intary.net/en/register, Screenshots_St1/](1)" classname="tests.signUpPageTests.AllPageFirefoxTests" time="6.944">
    <system-out><![CDATA[The two images are similar.
]]></system-out>
  </testcase>
  <testcase name="allFooterSignUpPage[https://aimood-stage1.intary.net/en/register, Screenshots_St1/](1)" classname="tests.signUpPageTests.AllPageFirefoxTests" time="6.037">
    <system-out><![CDATA[The two images are similar.
]]></system-out>
  </testcase>
  <testcase name="allHeaderSignUpPage[https://aimood-stage1.intary.net/en/register, Screenshots_St1/](1)" classname="tests.signUpPageTests.AllPageChromeTests" time="9.842">
    <system-out><![CDATA[The two images are similar.
]]></system-out>
    <system-err><![CDATA[вер. 25, 2023 11:41:15 ДП org.openqa.selenium.devtools.CdpVersionFinder findNearestMatch
WARNING: Unable to find an exact match for CDP version 117, so returning the closest version found: 115
]]></system-err>
  </testcase>
  <testcase name="getStartedHeaderSignUpPage[https://aimood-stage1.intary.net/en/register, Screenshots_St1/](1)" classname="tests.signUpPageTests.AllPageChromeTests" time="6.005">
    <system-out><![CDATA[The two images are similar.
]]></system-out>
  </testcase>
  <testcase name="learnHeaderSignUpPage[https://aimood-stage1.intary.net/en/register, Screenshots_St1/](1)" classname="tests.signUpPageTests.AllPageChromeTests" time="5.561">
    <system-out><![CDATA[The two images are similar.
]]></system-out>
  </testcase>
  <testcase name="resourcesHeaderSignUpPage[https://aimood-stage1.intary.net/en/register, Screenshots_St1/](1)" classname="tests.signUpPageTests.AllPageChromeTests" time="5.611">
    <system-out><![CDATA[The two images are similar.
]]></system-out>
  </testcase>
  <testcase name="mainSectionSignUpPage[https://aimood-stage1.intary.net/en/register, Screenshots_St1/](1)" classname="tests.signUpPageTests.AllPageChromeTests" time="7.458">
    <system-out><![CDATA[The two images are similar.
]]></system-out>
  </testcase>
  <testcase name="allFooterSignUpPage[https://aimood-stage1.intary.net/en/register, Screenshots_St1/](1)" classname="tests.signUpPageTests.AllPageChromeTests" time="6.518">
    <system-out><![CDATA[The two images are similar.
]]></system-out>
  </testcase>
  <testcase name="signInUser[https://aimood-stage1.intary.net/en/](1)" classname="tests.accountSettingsPageTests.AllPageFirefoxTests" time="12.978"/>
  <testcase name="allHeaderAccountSettingsPage[https://aimood-stage1.intary.net/en/account/settings, Screenshots_St1/](1)" classname="tests.accountSettingsPageTests.AllPageFirefoxTests" time="7.796">
    <system-out><![CDATA[The two images are similar.
]]></system-out>
  </testcase>
  <testcase name="getStartedHeaderAccountSettingsPage[https://aimood-stage1.intary.net/en/account/settings, Screenshots_St1/](1)" classname="tests.accountSettingsPageTests.AllPageFirefoxTests" time="6.961">
    <system-out><![CDATA[The two images are similar.
]]></system-out>
  </testcase>
  <testcase name="learnHeaderAccountSettingsPage[https://aimood-stage1.intary.net/en/account/settings, Screenshots_St1/](1)" classname="tests.accountSettingsPageTests.AllPageFirefoxTests" time="6.978">
    <system-out><![CDATA[The two images are similar.
]]></system-out>
  </testcase>
  <testcase name="resourcesHeaderAccountSettingsPage[https://aimood-stage1.intary.net/en/account/settings, Screenshots_St1/](1)" classname="tests.accountSettingsPageTests.AllPageFirefoxTests" time="7.007">
    <system-out><![CDATA[The two images are similar.
]]></system-out>
  </testcase>
  <testcase name="notificationsHeaderAccountSettingsPage[https://aimood-stage1.intary.net/en/account/settings, Screenshots_St1/](1)" classname="tests.accountSettingsPageTests.AllPageFirefoxTests" time="7.072">
    <system-out><![CDATA[The two images are similar.
]]></system-out>
  </testcase>
[...]
    <system-out><![CDATA[The two images are similar.
]]></system-out>
  </testcase>
  <testcase name="learnHeaderAccountP2PPage[https://aimood-stage1.intary.net/en/account/p2p, Screenshots_St1/](1)" classname="tests.accountP2PPageTests.AllPageChromeTests" time="7.292">
    <system-out><![CDATA[The two images are similar.
]]></system-out>
  </testcase>
  <testcase name="resourcesHeaderAccountP2PPage[https://aimood-stage1.intary.net/en/account/p2p, Screenshots_St1/](1)" classname="tests.accountP2PPageTests.AllPageChromeTests" time="7.309">
    <system-out><![CDATA[The two images are similar.
]]></system-out>
  </testcase>
  <testcase name="notificationsHeaderAccountP2PPage[https://aimood-stage1.intary.net/en/account/p2p, Screenshots_St1/](1)" classname="tests.accountP2PPageTests.AllPageChromeTests" time="7.235">
    <system-out><![CDATA[The two images are similar.
]]></system-out>
  </testcase>
  <testcase name="profileHeaderAccountP2PPage[https://aimood-stage1.intary.net/en/account/p2p, Screenshots_St1/](1)" classname="tests.accountP2PPageTests.AllPageChromeTests" time="7.818">
    <system-out><![CDATA[The two images are similar.
]]></system-out>
  </testcase>
  <testcase name="mainSectionAccountP2PPage[https://aimood-stage1.intary.net/en/account/p2p, Screenshots_St1/](1)" classname="tests.accountP2PPageTests.AllPageChromeTests" time="7.355">
    <system-out><![CDATA[The two images are similar.
]]></system-out>
  </testcase>
  <testcase name="allFooterAccountP2PPage[https://aimood-stage1.intary.net/en/account/p2p, Screenshots_St1/](1)" classname="tests.accountP2PPageTests.AllPageChromeTests" time="6.475">
    <system-out><![CDATA[The two images are similar.
]]></system-out>
  </testcase>
  <testcase name="signInUser[https://aimood-stage1.intary.net/en/](1)" classname="tests.accountFundPageTests.AllPageFirefoxTests" time="11.719"/>
  <testcase name="allHeaderAccountFundPage[https://aimood-stage1.intary.net/en/account/fund, Screenshots_St1/](1)" classname="tests.accountFundPageTests.AllPageFirefoxTests" time="6.057">
    <system-out><![CDATA[The two images are similar.
]]></system-out>
  </testcase>
  <testcase name="getStartedHeaderAccountFundPage[https://aimood-stage1.intary.net/en/account/fund, Screenshots_St1/](1)" classname="tests.accountFundPageTests.AllPageFirefoxTests" time="6.996">
    <system-out><![CDATA[The two images are similar.
]]></system-out>
  </testcase>
  <testcase name="learnHeaderAccountFundPage[https://aimood-stage1.intary.net/en/account/fund, Screenshots_St1/](1)" classname="tests.accountFundPageTests.AllPageFirefoxTests" time="6.929">
    <system-out><![CDATA[The two images are similar.
]]></system-out>
  </testcase>
  <testcase name="resourcesHeaderAccountFundPage[https://aimood-stage1.intary.net/en/account/fund, Screenshots_St1/](1)" classname="tests.accountFundPageTests.AllPageFirefoxTests" time="7.043">
    <system-out><![CDATA[The two images are similar.
]]></system-out>
  </testcase>
  <testcase name="notificationsHeaderAccountFundPage[https://aimood-stage1.intary.net/en/account/fund, Screenshots_St1/](1)" classname="tests.accountFundPageTests.AllPageFirefoxTests" time="7.091">
    <system-out><![CDATA[The two images are similar.
]]></system-out>
  </testcase>
  <testcase name="profileHeaderAccountFundPage[https://aimood-stage1.intary.net/en/account/fund, Screenshots_St1/](1)" classname="tests.accountFundPageTests.AllPageFirefoxTests" time="7.113">
    <system-out><![CDATA[The two images are similar.
]]></system-out>
  </testcase>
  <testcase name="mainSectionAccountFundPage[https://aimood-stage1.intary.net/en/account/fund, Screenshots_St1/](1)" classname="tests.accountFundPageTests.AllPageFirefoxTests" time="7.079">
    <system-out><![CDATA[The two images are similar.
]]></system-out>
  </testcase>
  <testcase name="allFooterAccountFundPage[https://aimood-stage1.intary.net/en/account/fund, Screenshots_St1/](1)" classname="tests.accountFundPageTests.AllPageFirefoxTests" time="5.981">
    <system-out><![CDATA[The two images are similar.
]]></system-out>
  </testcase>
  <testcase name="signInUser[https://aimood-stage1.intary.net/en/](1)" classname="tests.accountFundPageTests.AllPageChromeTests" time="25.262">
    <system-err><![CDATA[вер. 25, 2023 11:51:15 ДП org.openqa.selenium.devtools.CdpVersionFinder findNearestMatch
WARNING: Unable to find an exact match for CDP version 117, so returning the closest version found: 115
]]></system-err>
  </testcase>
  <testcase name="allHeaderAccountFundPage[https://aimood-stage1.intary.net/en/account/fund, Screenshots_St1/](1)" classname="tests.accountFundPageTests.AllPageChromeTests" time="6.172">
    <system-out><![CDATA[The two images are similar.
]]></system-out>
  </testcase>
  <testcase name="getStartedHeaderAccountFundPage[https://aimood-stage1.intary.net/en/account/fund, Screenshots_St1/](1)" classname="tests.accountFundPageTests.AllPageChromeTests" time="7.255">
    <system-out><![CDATA[The two images are similar.
]]></system-out>
  </testcase>
  <testcase name="learnHeaderAccountFundPage[https://aimood-stage1.intary.net/en/account/fund, Screenshots_St1/](1)" classname="tests.accountFundPageTests.AllPageChromeTests" time="0">
    <skipped message="*** Images are not similar *** expected [true] but found [false]"/>
    <system-out><![CDATA[The two images are not similar.
Difference found. See the file D:\jenkins-agent-data\workspace\pixelPerfectMultiPlatform_AI_Mood_St1\Screenshots_St1\AccountFund_page\EnChrome\Screenshots_learnHeaderAccountFundPage\difference.png for details.
]]></system-out>
  </testcase>
  <testcase name="learnHeaderAccountFundPage[https://aimood-stage1.intary.net/en/account/fund, Screenshots_St1/](2)" classname="tests.accountFundPageTests.AllPageChromeTests" time="7.298">
    <system-out><![CDATA[The two images are similar.
]]></system-out>
  </testcase>
  <testcase name="resourcesHeaderAccountFundPage[https://aimood-stage1.intary.net/en/account/fund, Screenshots_St1/](1)" classname="tests.accountFundPageTests.AllPageChromeTests" time="8.019">
    <system-out><![CDATA[The two images are similar.
]]></system-out>
  </testcase>
  <testcase name="notificationsHeaderAccountFundPage[https://aimood-stage1.intary.net/en/account/fund, Screenshots_St1/](1)" classname="tests.accountFundPageTests.AllPageChromeTests" time="7.217">
    <system-out><![CDATA[The two images are similar.
]]></system-out>
  </testcase>
  <testcase name="profileHeaderAccountFundPage[https://aimood-stage1.intary.net/en/account/fund, Screenshots_St1/](1)" classname="tests.accountFundPageTests.AllPageChromeTests" time="7.186">
    <system-out><![CDATA[The two images are similar.
]]></system-out>
  </testcase>
  <testcase name="mainSectionAccountFundPage[https://aimood-stage1.intary.net/en/account/fund, Screenshots_St1/](1)" classname="tests.accountFundPageTests.AllPageChromeTests" time="7.322">
    <system-out><![CDATA[The two images are similar.
]]></system-out>
  </testcase>
  <testcase name="allFooterAccountFundPage[https://aimood-stage1.intary.net/en/account/fund, Screenshots_St1/](1)" classname="tests.accountFundPageTests.AllPageChromeTests" time="8.321">
    <system-out><![CDATA[The two images are similar.
]]></system-out>
  </testcase>
  <testcase name="signInUser[https://aimood-stage1.intary.net/en/](1)" classname="tests.accountDashboardPageTests.AllPageFirefoxTests" time="16.896"/>
  <testcase name="allHeaderAccountDashboardPage[https://aimood-stage1.intary.net/en/account/dashboard, Screenshots_St1/](1)" classname="tests.accountDashboardPageTests.AllPageFirefoxTests" time="6.032">
    <system-out><![CDATA[The two images are similar.
]]></system-out>
  </testcase>
  <testcase name="getStartedHeaderAccountDashboardPage[https://aimood-stage1.intary.net/en/account/dashboard, Screenshots_St1/](1)" classname="tests.accountDashboardPageTests.AllPageFirefoxTests" time="7.004">
    <system-out><![CDATA[The two images are similar.
]]></system-out>
  </testcase>
  <testcase name="learnHeaderAccountDashboardPage[https://aimood-stage1.intary.net/en/account/dashboard, Screenshots_St1/](1)" classname="tests.accountDashboardPageTests.AllPageFirefoxTests" time="6.956">
    <system-out><![CDATA[The two images are similar.
]]></system-out>
  </testcase>
  <testcase name="resourcesHeaderAccountDashboardPage[https://aimood-stage1.intary.net/en/account/dashboard, Screenshots_St1/](1)" classname="tests.accountDashboardPageTests.AllPageFirefoxTests" time="7.563">
    <system-out><![CDATA[The two images are similar.
]]></system-out>
  </testcase>
  <testcase name="notificationsHeaderAccountDashboardPage[https://aimood-stage1.intary.net/en/account/dashboard, Screenshots_St1/](1)" classname="tests.accountDashboardPageTests.AllPageFirefoxTests" time="7.863">
    <system-out><![CDATA[The two images are similar.
]]></system-out>
  </testcase>
  <testcase name="profileHeaderAccountDashboardPage[https://aimood-stage1.intary.net/en/account/dashboard, Screenshots_St1/](1)" classname="tests.accountDashboardPageTests.AllPageFirefoxTests" time="7.064">
    <system-out><![CDATA[The two images are similar.
]]></system-out>
  </testcase>
  <testcase name="mainSectionAccountDashboardPage[https://aimood-stage1.intary.net/en/account/dashboard, Screenshots_St1/](1)" classname="tests.accountDashboardPageTests.AllPageFirefoxTests" time="7.106">
    <system-out><![CDATA[The two images are similar.
]]></system-out>
  </testcase>
  <testcase name="allFooterAccountDashboardPage[https://aimood-stage1.intary.net/en/account/dashboard, Screenshots_St1/](1)" classname="tests.accountDashboardPageTests.AllPageFirefoxTests" time="6.954">
    <system-out><![CDATA[The two images are similar.
]]></system-out>
  </testcase>
  <testcase name="signInUser[https://aimood-stage1.intary.net/en/](1)" classname="tests.accountDashboardPageTests.AllPageChromeTests" time="18.921">
    <system-err><![CDATA[вер. 25, 2023 11:54:05 ДП org.openqa.selenium.devtools.CdpVersionFinder findNearestMatch
WARNING: Unable to find an exact match for CDP version 117, so returning the closest version found: 115
]]></system-err>
  </testcase>
  <testcase name="allHeaderAccountDashboardPage[https://aimood-stage1.intary.net/en/account/dashboard, Screenshots_St1/](1)" classname="tests.accountDashboardPageTests.AllPageChromeTests" time="6.126">
    <system-out><![CDATA[The two images are similar.
]]></system-out>
  </testcase>
  <testcase name="getStartedHeaderAccountDashboardPage[https://aimood-stage1.intary.net/en/account/dashboard, Screenshots_St1/](1)" classname="tests.accountDashboardPageTests.AllPageChromeTests" time="7.333">
    <system-out><![CDATA[The two images are similar.
]]></system-out>
  </testcase>
  <testcase name="learnHeaderAccountDashboardPage[https://aimood-stage1.intary.net/en/account/dashboard, Screenshots_St1/](1)" classname="tests.accountDashboardPageTests.AllPageChromeTests" time="7.464">
    <system-out><![CDATA[The two images are similar.
]]></system-out>
  </testcase>
  <testcase name="resourcesHeaderAccountDashboardPage[https://aimood-stage1.intary.net/en/account/dashboard, Screenshots_St1/](1)" classname="tests.accountDashboardPageTests.AllPageChromeTests" time="7.33">
    <system-out><![CDATA[The two images are similar.
]]></system-out>
  </testcase>
  <testcase name="notificationsHeaderAccountDashboardPage[https://aimood-stage1.intary.net/en/account/dashboard, Screenshots_St1/](1)" classname="tests.accountDashboardPageTests.AllPageChromeTests" time="7.316">
    <system-out><![CDATA[The two images are similar.
]]></system-out>
  </testcase>
  <testcase name="profileHeaderAccountDashboardPage[https://aimood-stage1.intary.net/en/account/dashboard, Screenshots_St1/](1)" classname="tests.accountDashboardPageTests.AllPageChromeTests" time="7.918">
    <system-out><![CDATA[The two images are similar.
]]></system-out>
  </testcase>
  <testcase name="mainSectionAccountDashboardPage[https://aimood-stage1.intary.net/en/account/dashboard, Screenshots_St1/](1)" classname="tests.accountDashboardPageTests.AllPageChromeTests" time="9.4">
    <system-out><![CDATA[The two images are similar.
]]></system-out>
  </testcase>
  <testcase name="allFooterAccountDashboardPage[https://aimood-stage1.intary.net/en/account/dashboard, Screenshots_St1/](1)" classname="tests.accountDashboardPageTests.AllPageChromeTests" time="8.106">
    <system-out><![CDATA[The two images are similar.
]]></system-out>
  </testcase>
  <testcase name="signInUser[https://aimood-stage1.intary.net/en/](1)" classname="tests.accountAffiliateProgramPageTests.AllPageFirefoxTests" time="20.401"/>
  <testcase name="allHeaderAccountAffiliateProgramPage[https://aimood-stage1.intary.net/en/account/affiliate-program, Screenshots_St1/](1)" classname="tests.accountAffiliateProgramPageTests.AllPageFirefoxTests" time="7.791">
    <system-out><![CDATA[The two images are similar.
]]></system-out>
  </testcase>
  <testcase name="getStartedHeaderAccountAffiliateProgramPage[https://aimood-stage1.intary.net/en/account/affiliate-program, Screenshots_St1/](1)" classname="tests.accountAffiliateProgramPageTests.AllPageFirefoxTests" time="7.003">
    <system-out><![CDATA[The two images are similar.
]]></system-out>
  </testcase>
  <testcase name="learnHeaderAccountAffiliateProgramPage[https://aimood-stage1.intary.net/en/account/affiliate-program, Screenshots_St1/](1)" classname="tests.accountAffiliateProgramPageTests.AllPageFirefoxTests" time="0">
    <skipped message="*** Images are not similar *** expected [true] but found [false]"/>
    <system-out><![CDATA[The two images are not similar.
Difference found. See the file D:\jenkins-agent-data\workspace\pixelPerfectMultiPlatform_AI_Mood_St1\Screenshots_St1\AccountAffiliateProgram_page\EnFirefox\Screenshots_learnHeaderAccountAffiliateProgramPage\difference.png for details.
]]></system-out>
  </testcase>
  <testcase name="learnHeaderAccountAffiliateProgramPage[https://aimood-stage1.intary.net/en/account/affiliate-program, Screenshots_St1/](2)" classname="tests.accountAffiliateProgramPageTests.AllPageFirefoxTests" time="12.109">
    <system-out><![CDATA[The two images are similar.
]]></system-out>
  </testcase>
  <testcase name="resourcesHeaderAccountAffiliateProgramPage[https://aimood-stage1.intary.net/en/account/affiliate-program, Screenshots_St1/](1)" classname="tests.accountAffiliateProgramPageTests.AllPageFirefoxTests" time="0">
    <skipped message="*** Images are not similar *** expected [true] but found [false]"/>
    <system-out><![CDATA[The two images are not similar.
Difference found. See the file D:\jenkins-agent-data\workspace\pixelPerfectMultiPlatform_AI_Mood_St1\Screenshots_St1\AccountAffiliateProgram_page\EnFirefox\Screenshots_resourcesHeaderAccountAffiliateProgramPage\difference.png for details.
]]></system-out>
  </testcase>
  <testcase name="resourcesHeaderAccountAffiliateProgramPage[https://aimood-stage1.intary.net/en/account/affiliate-program, Screenshots_St1/](2)" classname="tests.accountAffiliateProgramPageTests.AllPageFirefoxTests" time="25.964">
    <system-out><![CDATA[The two images are similar.
]]></system-out>
  </testcase>
  <testcase name="notificationsHeaderAccountAffiliateProgramPage[https://aimood-stage1.intary.net/en/account/affiliate-program, Screenshots_St1/](1)" classname="tests.accountAffiliateProgramPageTests.AllPageFirefoxTests" time="7.078">
    <system-out><![CDATA[The two images are similar.
]]></system-out>
  </testcase>
  <testcase name="profileHeaderAccountAffiliateProgramPage[https://aimood-stage1.intary.net/en/account/affiliate-program, Screenshots_St1/](1)" classname="tests.accountAffiliateProgramPageTests.AllPageFirefoxTests" time="7.053">
    <system-out><![CDATA[The two images are similar.
]]></system-out>
  </testcase>
  <testcase name="mainSectionAccountAffiliateProgramPage[https://aimood-stage1.intary.net/en/account/affiliate-program, Screenshots_St1/](1)" classname="tests.accountAffiliateProgramPageTests.AllPageFirefoxTests" time="6.977">
    <system-out><![CDATA[The two images are similar.
]]></system-out>
  </testcase>
  <testcase name="allFooterAccountAffiliateProgramPage[https://aimood-stage1.intary.net/en/account/affiliate-program, Screenshots_St1/](1)" classname="tests.accountAffiliateProgramPageTests.AllPageFirefoxTests" time="5.953">
    <system-out><![CDATA[The two images are similar.
]]></system-out>
  </testcase>
  <testcase name="signInUser[https://aimood-stage1.intary.net/en/](1)" classname="tests.accountAffiliateProgramPageTests.AllPageChromeTests" time="27.86">
    <system-err><![CDATA[вер. 25, 2023 11:57:24 ДП org.openqa.selenium.devtools.CdpVersionFinder findNearestMatch
WARNING: Unable to find an exact match for CDP version 117, so returning the closest version found: 115
]]></system-err>
  </testcase>
  <testcase name="allHeaderAccountAffiliateProgramPage[https://aimood-stage1.intary.net/en/account/affiliate-program, Screenshots_St1/](1)" classname="tests.accountAffiliateProgramPageTests.AllPageChromeTests" time="0">
    <skipped message="*** Images are not similar *** expected [true] but found [false]"/>
    <system-out><![CDATA[The two images are not similar.
Difference found. See the file D:\jenkins-agent-data\workspace\pixelPerfectMultiPlatform_AI_Mood_St1\Screenshots_St1\AccountAffiliateProgram_page\EnChrome\Screenshots_allHeaderAccountAffiliateProgramPage\difference.png for details.
]]></system-out>
  </testcase>
  <testcase name="allHeaderAccountAffiliateProgramPage[https://aimood-stage1.intary.net/en/account/affiliate-program, Screenshots_St1/](2)" classname="tests.accountAffiliateProgramPageTests.AllPageChromeTests" time="8.67">
    <system-out><![CDATA[The two images are similar.
]]></system-out>
  </testcase>
  <testcase name="getStartedHeaderAccountAffiliateProgramPage[https://aimood-stage1.intary.net/en/account/affiliate-program, Screenshots_St1/](1)" classname="tests.accountAffiliateProgramPageTests.AllPageChromeTests" time="7.486">
    <system-out><![CDATA[The two images are similar.
]]></system-out>
  </testcase>
  <testcase name="learnHeaderAccountAffiliateProgramPage[https://aimood-stage1.intary.net/en/account/affiliate-program, Screenshots_St1/](1)" classname="tests.accountAffiliateProgramPageTests.AllPageChromeTests" time="7.513">
    <system-out><![CDATA[The two images are similar.
]]></system-out>
  </testcase>
  <testcase name="resourcesHeaderAccountAffiliateProgramPage[https://aimood-stage1.intary.net/en/account/affiliate-program, Screenshots_St1/](1)" classname="tests.accountAffiliateProgramPageTests.AllPageChromeTests" time="7.5">
    <system-out><![CDATA[The two images are similar.
]]></system-out>
  </testcase>
  <testcase name="notificationsHeaderAccountAffiliateProgramPage[https://aimood-stage1.intary.net/en/account/affiliate-program, Screenshots_St1/](1)" classname="tests.accountAffiliateProgramPageTests.AllPageChromeTests" time="7.478">
    <system-out><![CDATA[The two images are similar.
]]></system-out>
  </testcase>
  <testcase name="profileHeaderAccountAffiliateProgramPage[https://aimood-stage1.intary.net/en/account/affiliate-program, Screenshots_St1/](1)" classname="tests.accountAffiliateProgramPageTests.AllPageChromeTests" time="7.411">
    <system-out><![CDATA[The two images are similar.
]]></system-out>
  </testcase>
  <testcase name="mainSectionAccountAffiliateProgramPage[https://aimood-stage1.intary.net/en/account/affiliate-program, Screenshots_St1/](1)" classname="tests.accountAffiliateProgramPageTests.AllPageChromeTests" time="8.431">
    <system-out><![CDATA[The two images are similar.
]]></system-out>
  </testcase>
  <testcase name="allFooterAccountAffiliateProgramPage[https://aimood-stage1.intary.net/en/account/affiliate-program, Screenshots_St1/](1)" classname="tests.accountAffiliateProgramPageTests.AllPageChromeTests" time="6.721">
    <system-out><![CDATA[The two images are similar.
]]></system-out>
  </testcase>
</testsuite>