<?xml version="1.0" encoding="UTF-8"?>
<testng-results ignored="0" total="20" passed="20" failed="0" skipped="0">
  <reporter-output>
  </reporter-output>
  <suite started-at="2023-08-15T11:36:48 EEST" name="WPT" finished-at="2023-08-15T11:38:35 EEST" duration-ms="106718">
    <groups>
    </groups>
    <test started-at="2023-08-15T11:36:48 EEST" name="ai-mood - Pixel perfect regression" finished-at="2023-08-15T11:38:35 EEST" duration-ms="106718">
      <class name="tests.tokenMoodPageTests.AllPageChromeTests">
        <test-method is-config="true" signature="setUp()[pri:0, instance:tests.tokenMoodPageTests.AllPageChromeTests@4f80542f]" started-at="2023-08-15T11:37:42 EEST" name="setUp" finished-at="2023-08-15T11:37:44 EEST" duration-ms="1781" status="PASS">
          <reporter-output>
          </reporter-output>
        </test-method> <!-- setUp -->
        <test-method signature="allHeaderTokenMoodPage(java.lang.String,java.lang.String)[pri:1, instance:tests.tokenMoodPageTests.AllPageChromeTests@4f80542f]" started-at="2023-08-15T11:37:44 EEST" name="allHeaderTokenMoodPage" finished-at="2023-08-15T11:37:50 EEST" duration-ms="5999" status="PASS">
          <params>
            <param index="0">
              <value>
                <![CDATA[https://ai-mood.com/en/block-explorer]]>
              </value>
            </param>
            <param index="1">
              <value>
                <![CDATA[Screenshots/]]>
              </value>
            </param>
          </params>
          <reporter-output>
          </reporter-output>
        </test-method> <!-- allHeaderTokenMoodPage -->
        <test-method signature="getStartedHeaderTokenMoodPage(java.lang.String,java.lang.String)[pri:2, instance:tests.tokenMoodPageTests.AllPageChromeTests@4f80542f]" started-at="2023-08-15T11:37:50 EEST" name="getStartedHeaderTokenMoodPage" finished-at="2023-08-15T11:37:55 EEST" duration-ms="4434" status="PASS">
          <params>
            <param index="0">
              <value>
                <![CDATA[https://ai-mood.com/en/block-explorer]]>
              </value>
            </param>
            <param index="1">
              <value>
                <![CDATA[Screenshots/]]>
              </value>
            </param>
          </params>
          <reporter-output>
          </reporter-output>
        </test-method> <!-- getStartedHeaderTokenMoodPage -->
        <test-method is-config="true" signature="setUp()[pri:0, instance:tests.tokenMoodPageTests.AllPageChromeTests@4f80542f]" started-at="2023-08-15T11:37:50 EEST" name="setUp" finished-at="2023-08-15T11:37:50 EEST" duration-ms="0" status="PASS">
          <reporter-output>
          </reporter-output>
        </test-method> <!-- setUp -->
        <test-method signature="learnHeaderTokenMoodPage(java.lang.String,java.lang.String)[pri:3, instance:tests.tokenMoodPageTests.AllPageChromeTests@4f80542f]" started-at="2023-08-15T11:37:55 EEST" name="learnHeaderTokenMoodPage" finished-at="2023-08-15T11:37:59 EEST" duration-ms="4315" status="PASS">
          <params>
            <param index="0">
              <value>
                <![CDATA[https://ai-mood.com/en/block-explorer]]>
              </value>
            </param>
            <param index="1">
              <value>
                <![CDATA[Screenshots/]]>
              </value>
            </param>
          </params>
          <reporter-output>
          </reporter-output>
        </test-method> <!-- learnHeaderTokenMoodPage -->
        <test-method is-config="true" signature="setUp()[pri:0, instance:tests.tokenMoodPageTests.AllPageChromeTests@4f80542f]" started-at="2023-08-15T11:37:55 EEST" name="setUp" finished-at="2023-08-15T11:37:55 EEST" duration-ms="0" status="PASS">
          <reporter-output>
          </reporter-output>
        </test-method> <!-- setUp -->
        <test-method is-config="true" signature="setUp()[pri:0, instance:tests.tokenMoodPageTests.AllPageChromeTests@4f80542f]" started-at="2023-08-15T11:37:59 EEST" name="setUp" finished-at="2023-08-15T11:37:59 EEST" duration-ms="1" status="PASS">
          <reporter-output>
          </reporter-output>
        </test-method> <!-- setUp -->
        <test-method signature="resourcesHeaderTokenMoodPage(java.lang.String,java.lang.String)[pri:4, instance:tests.tokenMoodPageTests.AllPageChromeTests@4f80542f]" started-at="2023-08-15T11:37:59 EEST" name="resourcesHeaderTokenMoodPage" finished-at="2023-08-15T11:38:03 EEST" duration-ms="4300" status="PASS">
          <params>
            <param index="0">
              <value>
                <![CDATA[https://ai-mood.com/en/block-explorer]]>
              </value>
            </param>
            <param index="1">
              <value>
                <![CDATA[Screenshots/]]>
              </value>
            </param>
          </params>
          <reporter-output>
          </reporter-output>
        </test-method> <!-- resourcesHeaderTokenMoodPage -->
        <test-method signature="mainSectionTokenMoodPage(java.lang.String,java.lang.String)[pri:6, instance:tests.tokenMoodPageTests.AllPageChromeTests@4f80542f]" started-at="2023-08-15T11:38:03 EEST" name="mainSectionTokenMoodPage" finished-at="2023-08-15T11:38:08 EEST" duration-ms="5210" status="PASS">
          <params>
            <param index="0">
              <value>
                <![CDATA[https://ai-mood.com/en/block-explorer]]>
              </value>
            </param>
            <param index="1">
              <value>
                <![CDATA[Screenshots/]]>
              </value>
            </param>
          </params>
          <reporter-output>
          </reporter-output>
        </test-method> <!-- mainSectionTokenMoodPage -->
        <test-method is-config="true" signature="setUp()[pri:0, instance:tests.tokenMoodPageTests.AllPageChromeTests@4f80542f]" started-at="2023-08-15T11:38:03 EEST" name="setUp" finished-at="2023-08-15T11:38:03 EEST" duration-ms="0" status="PASS">
          <reporter-output>
          </reporter-output>
        </test-method> <!-- setUp -->
        <test-method is-config="true" signature="setUp()[pri:0, instance:tests.tokenMoodPageTests.AllPageChromeTests@4f80542f]" started-at="2023-08-15T11:38:08 EEST" name="setUp" finished-at="2023-08-15T11:38:08 EEST" duration-ms="0" status="PASS">
          <reporter-output>
          </reporter-output>
        </test-method> <!-- setUp -->
        <test-method signature="statisticsSectionTokenMoodPage(java.lang.String,java.lang.String)[pri:7, instance:tests.tokenMoodPageTests.AllPageChromeTests@4f80542f]" started-at="2023-08-15T11:38:08 EEST" name="statisticsSectionTokenMoodPage" finished-at="2023-08-15T11:38:14 EEST" duration-ms="5770" status="PASS">
          <params>
            <param index="0">
              <value>
                <![CDATA[https://ai-mood.com/en/block-explorer]]>
              </value>
            </param>
            <param index="1">
              <value>
                <![CDATA[Screenshots/]]>
              </value>
            </param>
          </params>
          <reporter-output>
          </reporter-output>
        </test-method> <!-- statisticsSectionTokenMoodPage -->
        <test-method signature="allFooterTokenMoodPage(java.lang.String,java.lang.String)[pri:8, instance:tests.tokenMoodPageTests.AllPageChromeTests@4f80542f]" started-at="2023-08-15T11:38:14 EEST" name="allFooterTokenMoodPage" finished-at="2023-08-15T11:38:20 EEST" duration-ms="5280" status="PASS">
          <params>
            <param index="0">
              <value>
                <![CDATA[https://ai-mood.com/en/block-explorer]]>
              </value>
            </param>
            <param index="1">
              <value>
                <![CDATA[Screenshots/]]>
              </value>
            </param>
          </params>
          <reporter-output>
          </reporter-output>
        </test-method> <!-- allFooterTokenMoodPage -->
        <test-method is-config="true" signature="setUp()[pri:0, instance:tests.tokenMoodPageTests.AllPageChromeTests@4f80542f]" started-at="2023-08-15T11:38:14 EEST" name="setUp" finished-at="2023-08-15T11:38:14 EEST" duration-ms="0" status="PASS">
          <reporter-output>
          </reporter-output>
        </test-method> <!-- setUp -->
        <test-method signature="partnFooterTokenMoodPage(java.lang.String,java.lang.String)[pri:9, instance:tests.tokenMoodPageTests.AllPageChromeTests@4f80542f]" started-at="2023-08-15T11:38:20 EEST" name="partnFooterTokenMoodPage" finished-at="2023-08-15T11:38:25 EEST" duration-ms="5160" status="PASS">
          <params>
            <param index="0">
              <value>
                <![CDATA[https://ai-mood.com/en/block-explorer]]>
              </value>
            </param>
            <param index="1">
              <value>
                <![CDATA[Screenshots/]]>
              </value>
            </param>
          </params>
          <reporter-output>
          </reporter-output>
        </test-method> <!-- partnFooterTokenMoodPage -->
        <test-method is-config="true" signature="setUp()[pri:0, instance:tests.tokenMoodPageTests.AllPageChromeTests@4f80542f]" started-at="2023-08-15T11:38:20 EEST" name="setUp" finished-at="2023-08-15T11:38:20 EEST" duration-ms="0" status="PASS">
          <reporter-output>
          </reporter-output>
        </test-method> <!-- setUp -->
        <test-method is-config="true" signature="setUp()[pri:0, instance:tests.tokenMoodPageTests.AllPageChromeTests@4f80542f]" started-at="2023-08-15T11:38:25 EEST" name="setUp" finished-at="2023-08-15T11:38:25 EEST" duration-ms="0" status="PASS">
          <reporter-output>
          </reporter-output>
        </test-method> <!-- setUp -->
        <test-method signature="subFooterTokenMoodPage(java.lang.String,java.lang.String)[pri:10, instance:tests.tokenMoodPageTests.AllPageChromeTests@4f80542f]" started-at="2023-08-15T11:38:25 EEST" name="subFooterTokenMoodPage" finished-at="2023-08-15T11:38:30 EEST" duration-ms="5150" status="PASS">
          <params>
            <param index="0">
              <value>
                <![CDATA[https://ai-mood.com/en/block-explorer]]>
              </value>
            </param>
            <param index="1">
              <value>
                <![CDATA[Screenshots/]]>
              </value>
            </param>
          </params>
          <reporter-output>
          </reporter-output>
        </test-method> <!-- subFooterTokenMoodPage -->
        <test-method signature="copFooterTokenMoodPage(java.lang.String,java.lang.String)[pri:11, instance:tests.tokenMoodPageTests.AllPageChromeTests@4f80542f]" started-at="2023-08-15T11:38:30 EEST" name="copFooterTokenMoodPage" finished-at="2023-08-15T11:38:34 EEST" duration-ms="4194" status="PASS">
          <params>
            <param index="0">
              <value>
                <![CDATA[https://ai-mood.com/en/block-explorer]]>
              </value>
            </param>
            <param index="1">
              <value>
                <![CDATA[Screenshots/]]>
              </value>
            </param>
          </params>
          <reporter-output>
          </reporter-output>
        </test-method> <!-- copFooterTokenMoodPage -->
        <test-method is-config="true" signature="setUp()[pri:0, instance:tests.tokenMoodPageTests.AllPageChromeTests@4f80542f]" started-at="2023-08-15T11:38:30 EEST" name="setUp" finished-at="2023-08-15T11:38:30 EEST" duration-ms="0" status="PASS">
          <reporter-output>
          </reporter-output>
        </test-method> <!-- setUp -->
        <test-method is-config="true" signature="tearDown()[pri:0, instance:tests.tokenMoodPageTests.AllPageChromeTests@4f80542f]" started-at="2023-08-15T11:38:34 EEST" name="tearDown" finished-at="2023-08-15T11:38:35 EEST" duration-ms="656" status="PASS">
          <reporter-output>
          </reporter-output>
        </test-method> <!-- tearDown -->
      </class> <!-- tests.tokenMoodPageTests.AllPageChromeTests -->
      <class name="tests.tokenMoodPageTests.AllPageFirefoxTests">
        <test-method is-config="true" signature="setUp()[pri:0, instance:tests.tokenMoodPageTests.AllPageFirefoxTests@32502377]" started-at="2023-08-15T11:36:48 EEST" name="setUp" finished-at="2023-08-15T11:36:52 EEST" duration-ms="4008" status="PASS">
          <reporter-output>
          </reporter-output>
        </test-method> <!-- setUp -->
        <test-method signature="allHeaderTokenMoodPage(java.lang.String,java.lang.String)[pri:1, instance:tests.tokenMoodPageTests.AllPageFirefoxTests@32502377]" started-at="2023-08-15T11:36:52 EEST" name="allHeaderTokenMoodPage" finished-at="2023-08-15T11:36:59 EEST" duration-ms="7052" status="PASS">
          <params>
            <param index="0">
              <value>
                <![CDATA[https://ai-mood.com/en/block-explorer]]>
              </value>
            </param>
            <param index="1">
              <value>
                <![CDATA[Screenshots/]]>
              </value>
            </param>
          </params>
          <reporter-output>
          </reporter-output>
        </test-method> <!-- allHeaderTokenMoodPage -->
        <test-method signature="getStartedHeaderTokenMoodPage(java.lang.String,java.lang.String)[pri:2, instance:tests.tokenMoodPageTests.AllPageFirefoxTests@32502377]" started-at="2023-08-15T11:36:59 EEST" name="getStartedHeaderTokenMoodPage" finished-at="2023-08-15T11:37:03 EEST" duration-ms="4151" status="PASS">
          <params>
            <param index="0">
              <value>
                <![CDATA[https://ai-mood.com/en/block-explorer]]>
              </value>
            </param>
            <param index="1">
              <value>
                <![CDATA[Screenshots/]]>
              </value>
            </param>
          </params>
          <reporter-output>
          </reporter-output>
        </test-method> <!-- getStartedHeaderTokenMoodPage -->
        <test-method is-config="true" signature="setUp()[pri:0, instance:tests.tokenMoodPageTests.AllPageFirefoxTests@32502377]" started-at="2023-08-15T11:36:59 EEST" name="setUp" finished-at="2023-08-15T11:36:59 EEST" duration-ms="0" status="PASS">
          <reporter-output>
          </reporter-output>
        </test-method> <!-- setUp -->
        <test-method signature="learnHeaderTokenMoodPage(java.lang.String,java.lang.String)[pri:3, instance:tests.tokenMoodPageTests.AllPageFirefoxTests@32502377]" started-at="2023-08-15T11:37:03 EEST" name="learnHeaderTokenMoodPage" finished-at="2023-08-15T11:37:07 EEST" duration-ms="4080" status="PASS">
          <params>
            <param index="0">
              <value>
                <![CDATA[https://ai-mood.com/en/block-explorer]]>
              </value>
            </param>
            <param index="1">
              <value>
                <![CDATA[Screenshots/]]>
              </value>
            </param>
          </params>
          <reporter-output>
          </reporter-output>
        </test-method> <!-- learnHeaderTokenMoodPage -->
        <test-method is-config="true" signature="setUp()[pri:0, instance:tests.tokenMoodPageTests.AllPageFirefoxTests@32502377]" started-at="2023-08-15T11:37:03 EEST" name="setUp" finished-at="2023-08-15T11:37:03 EEST" duration-ms="0" status="PASS">
          <reporter-output>
          </reporter-output>
        </test-method> <!-- setUp -->
        <test-method is-config="true" signature="setUp()[pri:0, instance:tests.tokenMoodPageTests.AllPageFirefoxTests@32502377]" started-at="2023-08-15T11:37:07 EEST" name="setUp" finished-at="2023-08-15T11:37:07 EEST" duration-ms="0" status="PASS">
          <reporter-output>
          </reporter-output>
        </test-method> <!-- setUp -->
        <test-method signature="resourcesHeaderTokenMoodPage(java.lang.String,java.lang.String)[pri:4, instance:tests.tokenMoodPageTests.AllPageFirefoxTests@32502377]" started-at="2023-08-15T11:37:07 EEST" name="resourcesHeaderTokenMoodPage" finished-at="2023-08-15T11:37:11 EEST" duration-ms="4159" status="PASS">
          <params>
            <param index="0">
              <value>
                <![CDATA[https://ai-mood.com/en/block-explorer]]>
              </value>
            </param>
            <param index="1">
              <value>
                <![CDATA[Screenshots/]]>
              </value>
            </param>
          </params>
          <reporter-output>
          </reporter-output>
        </test-method> <!-- resourcesHeaderTokenMoodPage -->
        <test-method is-config="true" signature="setUp()[pri:0, instance:tests.tokenMoodPageTests.AllPageFirefoxTests@32502377]" started-at="2023-08-15T11:37:11 EEST" name="setUp" finished-at="2023-08-15T11:37:11 EEST" duration-ms="0" status="PASS">
          <reporter-output>
          </reporter-output>
        </test-method> <!-- setUp -->
        <test-method signature="mainSectionTokenMoodPage(java.lang.String,java.lang.String)[pri:6, instance:tests.tokenMoodPageTests.AllPageFirefoxTests@32502377]" started-at="2023-08-15T11:37:11 EEST" name="mainSectionTokenMoodPage" finished-at="2023-08-15T11:37:16 EEST" duration-ms="4882" status="PASS">
          <params>
            <param index="0">
              <value>
                <![CDATA[https://ai-mood.com/en/block-explorer]]>
              </value>
            </param>
            <param index="1">
              <value>
                <![CDATA[Screenshots/]]>
              </value>
            </param>
          </params>
          <reporter-output>
          </reporter-output>
        </test-method> <!-- mainSectionTokenMoodPage -->
        <test-method signature="statisticsSectionTokenMoodPage(java.lang.String,java.lang.String)[pri:7, instance:tests.tokenMoodPageTests.AllPageFirefoxTests@32502377]" started-at="2023-08-15T11:37:16 EEST" name="statisticsSectionTokenMoodPage" finished-at="2023-08-15T11:37:22 EEST" duration-ms="5276" status="PASS">
          <params>
            <param index="0">
              <value>
                <![CDATA[https://ai-mood.com/en/block-explorer]]>
              </value>
            </param>
            <param index="1">
              <value>
                <![CDATA[Screenshots/]]>
              </value>
            </param>
          </params>
          <reporter-output>
          </reporter-output>
        </test-method> <!-- statisticsSectionTokenMoodPage -->
        <test-method is-config="true" signature="setUp()[pri:0, instance:tests.tokenMoodPageTests.AllPageFirefoxTests@32502377]" started-at="2023-08-15T11:37:16 EEST" name="setUp" finished-at="2023-08-15T11:37:16 EEST" duration-ms="0" status="PASS">
          <reporter-output>
          </reporter-output>
        </test-method> <!-- setUp -->
        <test-method signature="allFooterTokenMoodPage(java.lang.String,java.lang.String)[pri:8, instance:tests.tokenMoodPageTests.AllPageFirefoxTests@32502377]" started-at="2023-08-15T11:37:22 EEST" name="allFooterTokenMoodPage" finished-at="2023-08-15T11:37:27 EEST" duration-ms="5018" status="PASS">
          <params>
            <param index="0">
              <value>
                <![CDATA[https://ai-mood.com/en/block-explorer]]>
              </value>
            </param>
            <param index="1">
              <value>
                <![CDATA[Screenshots/]]>
              </value>
            </param>
          </params>
          <reporter-output>
          </reporter-output>
        </test-method> <!-- allFooterTokenMoodPage -->
        <test-method is-config="true" signature="setUp()[pri:0, instance:tests.tokenMoodPageTests.AllPageFirefoxTests@32502377]" started-at="2023-08-15T11:37:22 EEST" name="setUp" finished-at="2023-08-15T11:37:22 EEST" duration-ms="0" status="PASS">
          <reporter-output>
          </reporter-output>
        </test-method> <!-- setUp -->
        <test-method is-config="true" signature="setUp()[pri:0, instance:tests.tokenMoodPageTests.AllPageFirefoxTests@32502377]" started-at="2023-08-15T11:37:27 EEST" name="setUp" finished-at="2023-08-15T11:37:27 EEST" duration-ms="0" status="PASS">
          <reporter-output>
          </reporter-output>
        </test-method> <!-- setUp -->
        <test-method signature="partnFooterTokenMoodPage(java.lang.String,java.lang.String)[pri:9, instance:tests.tokenMoodPageTests.AllPageFirefoxTests@32502377]" started-at="2023-08-15T11:37:27 EEST" name="partnFooterTokenMoodPage" finished-at="2023-08-15T11:37:32 EEST" duration-ms="5002" status="PASS">
          <params>
            <param index="0">
              <value>
                <![CDATA[https://ai-mood.com/en/block-explorer]]>
              </value>
            </param>
            <param index="1">
              <value>
                <![CDATA[Screenshots/]]>
              </value>
            </param>
          </params>
          <reporter-output>
          </reporter-output>
        </test-method> <!-- partnFooterTokenMoodPage -->
        <test-method signature="subFooterTokenMoodPage(java.lang.String,java.lang.String)[pri:10, instance:tests.tokenMoodPageTests.AllPageFirefoxTests@32502377]" started-at="2023-08-15T11:37:32 EEST" name="subFooterTokenMoodPage" finished-at="2023-08-15T11:37:37 EEST" duration-ms="4950" status="PASS">
          <params>
            <param index="0">
              <value>
                <![CDATA[https://ai-mood.com/en/block-explorer]]>
              </value>
            </param>
            <param index="1">
              <value>
                <![CDATA[Screenshots/]]>
              </value>
            </param>
          </params>
          <reporter-output>
          </reporter-output>
        </test-method> <!-- subFooterTokenMoodPage -->
        <test-method is-config="true" signature="setUp()[pri:0, instance:tests.tokenMoodPageTests.AllPageFirefoxTests@32502377]" started-at="2023-08-15T11:37:32 EEST" name="setUp" finished-at="2023-08-15T11:37:32 EEST" duration-ms="0" status="PASS">
          <reporter-output>
          </reporter-output>
        </test-method> <!-- setUp -->
        <test-method is-config="true" signature="setUp()[pri:0, instance:tests.tokenMoodPageTests.AllPageFirefoxTests@32502377]" started-at="2023-08-15T11:37:37 EEST" name="setUp" finished-at="2023-08-15T11:37:37 EEST" duration-ms="2" status="PASS">
          <reporter-output>
          </reporter-output>
        </test-method> <!-- setUp -->
        <test-method signature="copFooterTokenMoodPage(java.lang.String,java.lang.String)[pri:11, instance:tests.tokenMoodPageTests.AllPageFirefoxTests@32502377]" started-at="2023-08-15T11:37:37 EEST" name="copFooterTokenMoodPage" finished-at="2023-08-15T11:37:41 EEST" duration-ms="4041" status="PASS">
          <params>
            <param index="0">
              <value>
                <![CDATA[https://ai-mood.com/en/block-explorer]]>
              </value>
            </param>
            <param index="1">
              <value>
                <![CDATA[Screenshots/]]>
              </value>
            </param>
          </params>
          <reporter-output>
          </reporter-output>
        </test-method> <!-- copFooterTokenMoodPage -->
        <test-method is-config="true" signature="tearDown()[pri:0, instance:tests.tokenMoodPageTests.AllPageFirefoxTests@32502377]" started-at="2023-08-15T11:37:41 EEST" name="tearDown" finished-at="2023-08-15T11:37:42 EEST" duration-ms="1793" status="PASS">
          <reporter-output>
          </reporter-output>
        </test-method> <!-- tearDown -->
      </class> <!-- tests.tokenMoodPageTests.AllPageFirefoxTests -->
    </test> <!-- ai-mood - Pixel perfect regression -->
  </suite> <!-- WPT -->
</testng-results>
