-------------------------------------------------------------------------------
Test set: TestSuite
-------------------------------------------------------------------------------
Tests run: 37, Failures: 12, Errors: 0, Skipped: 24, Time elapsed: 249.835 s <<< FAILURE! - in TestSuite
tests.mainPageTests.AllPageChromeTests.allHeaderMainPage[https://ai-mood.com/en, Screenshots/](3)  Time elapsed: 18.829 s  <<< FAILURE!
java.lang.AssertionError: *** Images are not similar *** expected [true] but found [false]
	at tests.mainPageTests.AllPageChromeTests.allHeaderMainPage(AllPageChromeTests.java:26)

tests.mainPageTests.AllPageChromeTests.getStartedHeaderMainPage[https://ai-mood.com/en, Screenshots/](3)  Time elapsed: 3.832 s  <<< FAILURE!
java.lang.AssertionError: *** Images are not similar *** expected [true] but found [false]
	at tests.mainPageTests.AllPageChromeTests.getStartedHeaderMainPage(AllPageChromeTests.java:44)

tests.mainPageTests.AllPageChromeTests.learnHeaderMainPage[https://ai-mood.com/en, Screenshots/](3)  Time elapsed: 3.865 s  <<< FAILURE!
java.lang.AssertionError: *** Images are not similar *** expected [true] but found [false]
	at tests.mainPageTests.AllPageChromeTests.learnHeaderMainPage(AllPageChromeTests.java:62)

tests.mainPageTests.AllPageChromeTests.resourcesHeaderMainPage[https://ai-mood.com/en, Screenshots/](3)  Time elapsed: 3.967 s  <<< FAILURE!
java.lang.AssertionError: *** Images are not similar *** expected [true] but found [false]
	at tests.mainPageTests.AllPageChromeTests.resourcesHeaderMainPage(AllPageChromeTests.java:80)

tests.mainPageTests.AllPageChromeTests.mainSectionMainPage[https://ai-mood.com/en, Screenshots/](3)  Time elapsed: 5.938 s  <<< FAILURE!
java.lang.AssertionError: *** Images are not similar *** expected [true] but found [false]
	at tests.mainPageTests.AllPageChromeTests.mainSectionMainPage(AllPageChromeTests.java:118)

tests.mainPageTests.AllPageChromeTests.videoSectionMainPage[https://ai-mood.com/en, Screenshots/](3)  Time elapsed: 6.54 s  <<< FAILURE!
java.lang.AssertionError: *** Images are not similar *** expected [true] but found [false]
	at tests.mainPageTests.AllPageChromeTests.videoSectionMainPage(AllPageChromeTests.java:137)

tests.mainPageTests.AllPageChromeTests.roadmapSectionMainPage[https://ai-mood.com/en, Screenshots/](3)  Time elapsed: 6.441 s  <<< FAILURE!
java.lang.AssertionError: *** Images are not similar *** expected [true] but found [false]
	at tests.mainPageTests.AllPageChromeTests.roadmapSectionMainPage(AllPageChromeTests.java:156)

tests.mainPageTests.AllPageChromeTests.statisticsSectionMainPage[https://ai-mood.com/en, Screenshots/](3)  Time elapsed: 6.029 s  <<< FAILURE!
java.lang.AssertionError: *** Images are not similar *** expected [true] but found [false]
	at tests.mainPageTests.AllPageChromeTests.statisticsSectionMainPage(AllPageChromeTests.java:175)

tests.mainPageTests.AllPageChromeTests.leaningSectionMainPage[https://ai-mood.com/en, Screenshots/](3)  Time elapsed: 6.714 s  <<< FAILURE!
java.lang.AssertionError: *** Images are not similar *** expected [true] but found [false]
	at tests.mainPageTests.AllPageChromeTests.leaningSectionMainPage(AllPageChromeTests.java:194)

tests.mainPageTests.AllPageChromeTests.allFooterMainPage[https://ai-mood.com/en, Screenshots/](3)  Time elapsed: 4.817 s  <<< FAILURE!
java.lang.AssertionError: *** Images are not similar *** expected [true] but found [false]
	at tests.mainPageTests.AllPageChromeTests.allFooterMainPage(AllPageChromeTests.java:214)

tests.mainPageTests.AllPageChromeTests.partnFooterMainPage[https://ai-mood.com/en, Screenshots/](3)  Time elapsed: 4.587 s  <<< FAILURE!
java.lang.AssertionError: *** Images are not similar *** expected [true] but found [false]
	at tests.mainPageTests.AllPageChromeTests.partnFooterMainPage(AllPageChromeTests.java:233)

tests.mainPageTests.AllPageChromeTests.copFooterMainPage[https://ai-mood.com/en, Screenshots/](3)  Time elapsed: 3.648 s  <<< FAILURE!
java.lang.AssertionError: *** Images are not similar *** expected [true] but found [false]
	at tests.mainPageTests.AllPageChromeTests.copFooterMainPage(AllPageChromeTests.java:271)

