<?xml version="1.0" encoding="UTF-8"?>
<testsuite xmlns:xsi="http://www.w3.org/2001/XMLSchema-instance" xsi:noNamespaceSchemaLocation="https://maven.apache.org/surefire/maven-surefire-plugin/xsd/surefire-test-report-3.0.xsd" version="3.0" name="TestSuite" time="2,013.724" tests="282" errors="0" skipped="166" failures="83">
  <properties>
[...]
</properties>
  <testcase name="allHeaderMainPage[https://ai-mood.com/en/, Screenshots/](1)" classname="tests.mainPageTests.AllPageFirefoxTests" time="13.138">
    <system-out><![CDATA[The two images are similar.
]]></system-out>
    <system-err><![CDATA[SLF4J: Failed to load class "org.slf4j.impl.StaticLoggerBinder".
SLF4J: Defaulting to no-operation (NOP) logger implementation
SLF4J: See http://www.slf4j.org/codes.html#StaticLoggerBinder for further details.
]]></system-err>
  </testcase>
  <testcase name="getStartedHeaderMainPage[https://ai-mood.com/en/, Screenshots/](1)" classname="tests.mainPageTests.AllPageFirefoxTests" time="0">
    <skipped message="*** Images are not similar *** expected [true] but found [false]"/>
    <system-out><![CDATA[The two images are not similar.
Difference found. See the file D:\jenkins-agent-data\workspace\pixelPerfectMultiPlatform_AI_Mood_Prod\Screenshots\Main_page\EnFirefox\Screenshots_getStartedHeaderMainPage\difference.png for details.
]]></system-out>
  </testcase>
  <testcase name="getStartedHeaderMainPage[https://ai-mood.com/en/, Screenshots/](2)" classname="tests.mainPageTests.AllPageFirefoxTests" time="0">
    <skipped message="*** Images are not similar *** expected [true] but found [false]"/>
    <system-out><![CDATA[The two images are not similar.
Difference found. See the file D:\jenkins-agent-data\workspace\pixelPerfectMultiPlatform_AI_Mood_Prod\Screenshots\Main_page\EnFirefox\Screenshots_getStartedHeaderMainPage\difference.png for details.
]]></system-out>
  </testcase>
  <testcase name="getStartedHeaderMainPage[https://ai-mood.com/en/, Screenshots/](3)" classname="tests.mainPageTests.AllPageFirefoxTests" time="4.808">
    <failure message="*** Images are not similar *** expected [true] but found [false]" type="java.lang.AssertionError"><![CDATA[java.lang.AssertionError: *** Images are not similar *** expected [true] but found [false]
	at tests.mainPageTests.AllPageFirefoxTests.getStartedHeaderMainPage(AllPageFirefoxTests.java:44)
]]></failure>
    <system-out><![CDATA[The two images are not similar.
Difference found. See the file D:\jenkins-agent-data\workspace\pixelPerfectMultiPlatform_AI_Mood_Prod\Screenshots\Main_page\EnFirefox\Screenshots_getStartedHeaderMainPage\difference.png for details.
]]></system-out>
  </testcase>
  <testcase name="learnHeaderMainPage[https://ai-mood.com/en/, Screenshots/](1)" classname="tests.mainPageTests.AllPageFirefoxTests" time="0">
    <skipped message="*** Images are not similar *** expected [true] but found [false]"/>
    <system-out><![CDATA[The two images are not similar.
Difference found. See the file D:\jenkins-agent-data\workspace\pixelPerfectMultiPlatform_AI_Mood_Prod\Screenshots\Main_page\EnFirefox\Screenshots_learnHeaderMainPage\difference.png for details.
]]></system-out>
  </testcase>
  <testcase name="learnHeaderMainPage[https://ai-mood.com/en/, Screenshots/](2)" classname="tests.mainPageTests.AllPageFirefoxTests" time="0">
    <skipped message="*** Images are not similar *** expected [true] but found [false]"/>
    <system-out><![CDATA[The two images are not similar.
Difference found. See the file D:\jenkins-agent-data\workspace\pixelPerfectMultiPlatform_AI_Mood_Prod\Screenshots\Main_page\EnFirefox\Screenshots_learnHeaderMainPage\difference.png for details.
]]></system-out>
  </testcase>
  <testcase name="learnHeaderMainPage[https://ai-mood.com/en/, Screenshots/](3)" classname="tests.mainPageTests.AllPageFirefoxTests" time="4.775">
    <failure message="*** Images are not similar *** expected [true] but found [false]" type="java.lang.AssertionError"><![CDATA[java.lang.AssertionError: *** Images are not similar *** expected [true] but found [false]
	at tests.mainPageTests.AllPageFirefoxTests.learnHeaderMainPage(AllPageFirefoxTests.java:62)
]]></failure>
    <system-out><![CDATA[The two images are not similar.
Difference found. See the file D:\jenkins-agent-data\workspace\pixelPerfectMultiPlatform_AI_Mood_Prod\Screenshots\Main_page\EnFirefox\Screenshots_learnHeaderMainPage\difference.png for details.
]]></system-out>
  </testcase>
  <testcase name="resourcesHeaderMainPage[https://ai-mood.com/en/, Screenshots/](1)" classname="tests.mainPageTests.AllPageFirefoxTests" time="0">
    <skipped message="*** Images are not similar *** expected [true] but found [false]"/>
    <system-out><![CDATA[The two images are not similar.
Difference found. See the file D:\jenkins-agent-data\workspace\pixelPerfectMultiPlatform_AI_Mood_Prod\Screenshots\Main_page\EnFirefox\Screenshots_resourcesHeaderMainPage\difference.png for details.
]]></system-out>
  </testcase>
  <testcase name="resourcesHeaderMainPage[https://ai-mood.com/en/, Screenshots/](2)" classname="tests.mainPageTests.AllPageFirefoxTests" time="0">
    <skipped message="*** Images are not similar *** expected [true] but found [false]"/>
    <system-out><![CDATA[The two images are not similar.
Difference found. See the file D:\jenkins-agent-data\workspace\pixelPerfectMultiPlatform_AI_Mood_Prod\Screenshots\Main_page\EnFirefox\Screenshots_resourcesHeaderMainPage\difference.png for details.
]]></system-out>
  </testcase>
  <testcase name="resourcesHeaderMainPage[https://ai-mood.com/en/, Screenshots/](3)" classname="tests.mainPageTests.AllPageFirefoxTests" time="4.637">
    <failure message="*** Images are not similar *** expected [true] but found [false]" type="java.lang.AssertionError"><![CDATA[java.lang.AssertionError: *** Images are not similar *** expected [true] but found [false]
	at tests.mainPageTests.AllPageFirefoxTests.resourcesHeaderMainPage(AllPageFirefoxTests.java:80)
]]></failure>
    <system-out><![CDATA[The two images are not similar.
Difference found. See the file D:\jenkins-agent-data\workspace\pixelPerfectMultiPlatform_AI_Mood_Prod\Screenshots\Main_page\EnFirefox\Screenshots_resourcesHeaderMainPage\difference.png for details.
]]></system-out>
  </testcase>
  <testcase name="mainSectionMainPage[https://ai-mood.com/en/, Screenshots/](1)" classname="tests.mainPageTests.AllPageFirefoxTests" time="6.027">
    <system-out><![CDATA[The two images are similar.
]]></system-out>
  </testcase>
  <testcase name="videoSectionMainPage[https://ai-mood.com/en/, Screenshots/](1)" classname="tests.mainPageTests.AllPageFirefoxTests" time="6.423">
    <system-out><![CDATA[The two images are similar.
]]></system-out>
  </testcase>
  <testcase name="roadmapSectionMainPage[https://ai-mood.com/en/, Screenshots/](1)" classname="tests.mainPageTests.AllPageFirefoxTests" time="6.628">
    <system-out><![CDATA[The two images are similar.
]]></system-out>
  </testcase>
  <testcase name="statisticsSectionMainPage[https://ai-mood.com/en/, Screenshots/](1)" classname="tests.mainPageTests.AllPageFirefoxTests" time="6.42">
    <system-out><![CDATA[888
3.14
1703
777
The two images are similar.
]]></system-out>
  </testcase>
  <testcase name="leaningSectionMainPage[https://ai-mood.com/en/, Screenshots/](1)" classname="tests.mainPageTests.AllPageFirefoxTests" time="7.011">
    <system-out><![CDATA[The two images are similar.
]]></system-out>
  </testcase>
  <testcase name="allFooterMainPage[https://ai-mood.com/en/, Screenshots/](1)" classname="tests.mainPageTests.AllPageFirefoxTests" time="6.048">
    <system-out><![CDATA[The two images are similar.
]]></system-out>
  </testcase>
  <testcase name="allHeaderMainPage[https://ai-mood.com/en/, Screenshots/](1)" classname="tests.mainPageTests.AllPageChromeTests" time="12.39">
    <system-out><![CDATA[The two images are similar.
]]></system-out>
    <system-err><![CDATA[вер. 12, 2023 11:41:11 ДП org.openqa.selenium.devtools.CdpVersionFinder findNearestMatch
WARNING: Unable to find an exact match for CDP version 116, so returning the closest version found: 115
]]></system-err>
  </testcase>
  <testcase name="getStartedHeaderMainPage[https://ai-mood.com/en/, Screenshots/](1)" classname="tests.mainPageTests.AllPageChromeTests" time="0">
    <skipped message="*** Images are not similar *** expected [true] but found [false]"/>
    <system-out><![CDATA[The two images are not similar.
Difference found. See the file D:\jenkins-agent-data\workspace\pixelPerfectMultiPlatform_AI_Mood_Prod\Screenshots\Main_page\EnChrome\Screenshots_getStartedHeaderMainPage\difference.png for details.
]]></system-out>
  </testcase>
  <testcase name="getStartedHeaderMainPage[https://ai-mood.com/en/, Screenshots/](2)" classname="tests.mainPageTests.AllPageChromeTests" time="0">
    <skipped message="*** Images are not similar *** expected [true] but found [false]"/>
    <system-out><![CDATA[The two images are not similar.
Difference found. See the file D:\jenkins-agent-data\workspace\pixelPerfectMultiPlatform_AI_Mood_Prod\Screenshots\Main_page\EnChrome\Screenshots_getStartedHeaderMainPage\difference.png for details.
]]></system-out>
  </testcase>
  <testcase name="getStartedHeaderMainPage[https://ai-mood.com/en/, Screenshots/](3)" classname="tests.mainPageTests.AllPageChromeTests" time="4.964">
    <failure message="*** Images are not similar *** expected [true] but found [false]" type="java.lang.AssertionError"><![CDATA[java.lang.AssertionError: *** Images are not similar *** expected [true] but found [false]
	at tests.mainPageTests.AllPageChromeTests.getStartedHeaderMainPage(AllPageChromeTests.java:44)
]]></failure>
    <system-out><![CDATA[The two images are not similar.
Difference found. See the file D:\jenkins-agent-data\workspace\pixelPerfectMultiPlatform_AI_Mood_Prod\Screenshots\Main_page\EnChrome\Screenshots_getStartedHeaderMainPage\difference.png for details.
]]></system-out>
  </testcase>
  <testcase name="learnHeaderMainPage[https://ai-mood.com/en/, Screenshots/](1)" classname="tests.mainPageTests.AllPageChromeTests" time="0">
    <skipped message="*** Images are not similar *** expected [true] but found [false]"/>
    <system-out><![CDATA[The two images are not similar.
Difference found. See the file D:\jenkins-agent-data\workspace\pixelPerfectMultiPlatform_AI_Mood_Prod\Screenshots\Main_page\EnChrome\Screenshots_learnHeaderMainPage\difference.png for details.
]]></system-out>
  </testcase>
  <testcase name="learnHeaderMainPage[https://ai-mood.com/en/, Screenshots/](2)" classname="tests.mainPageTests.AllPageChromeTests" time="0">
    <skipped message="*** Images are not similar *** expected [true] but found [false]"/>
    <system-out><![CDATA[The two images are not similar.
Difference found. See the file D:\jenkins-agent-data\workspace\pixelPerfectMultiPlatform_AI_Mood_Prod\Screenshots\Main_page\EnChrome\Screenshots_learnHeaderMainPage\difference.png for details.
]]></system-out>
  </testcase>
  <testcase name="learnHeaderMainPage[https://ai-mood.com/en/, Screenshots/](3)" classname="tests.mainPageTests.AllPageChromeTests" time="8.864">
    <failure message="*** Images are not similar *** expected [true] but found [false]" type="java.lang.AssertionError"><![CDATA[java.lang.AssertionError: *** Images are not similar *** expected [true] but found [false]
	at tests.mainPageTests.AllPageChromeTests.learnHeaderMainPage(AllPageChromeTests.java:62)
]]></failure>
    <system-out><![CDATA[The two images are not similar.
Difference found. See the file D:\jenkins-agent-data\workspace\pixelPerfectMultiPlatform_AI_Mood_Prod\Screenshots\Main_page\EnChrome\Screenshots_learnHeaderMainPage\difference.png for details.
]]></system-out>
  </testcase>
  <testcase name="resourcesHeaderMainPage[https://ai-mood.com/en/, Screenshots/](1)" classname="tests.mainPageTests.AllPageChromeTests" time="0">
    <skipped message="*** Images are not similar *** expected [true] but found [false]"/>
    <system-out><![CDATA[The two images are not similar.
Difference found. See the file D:\jenkins-agent-data\workspace\pixelPerfectMultiPlatform_AI_Mood_Prod\Screenshots\Main_page\EnChrome\Screenshots_resourcesHeaderMainPage\difference.png for details.
]]></system-out>
  </testcase>
  <testcase name="resourcesHeaderMainPage[https://ai-mood.com/en/, Screenshots/](2)" classname="tests.mainPageTests.AllPageChromeTests" time="0">
    <skipped message="*** Images are not similar *** expected [true] but found [false]"/>
    <system-out><![CDATA[The two images are not similar.
Difference found. See the file D:\jenkins-agent-data\workspace\pixelPerfectMultiPlatform_AI_Mood_Prod\Screenshots\Main_page\EnChrome\Screenshots_resourcesHeaderMainPage\difference.png for details.
]]></system-out>
  </testcase>
  <testcase name="resourcesHeaderMainPage[https://ai-mood.com/en/, Screenshots/](3)" classname="tests.mainPageTests.AllPageChromeTests" time="4.965">
    <failure message="*** Images are not similar *** expected [true] but found [false]" type="java.lang.AssertionError"><![CDATA[java.lang.AssertionError: *** Images are not similar *** expected [true] but found [false]
	at tests.mainPageTests.AllPageChromeTests.resourcesHeaderMainPage(AllPageChromeTests.java:80)
]]></failure>
    <system-out><![CDATA[The two images are not similar.
Difference found. See the file D:\jenkins-agent-data\workspace\pixelPerfectMultiPlatform_AI_Mood_Prod\Screenshots\Main_page\EnChrome\Screenshots_resourcesHeaderMainPage\difference.png for details.
]]></system-out>
  </testcase>
  <testcase name="mainSectionMainPage[https://ai-mood.com/en/, Screenshots/](1)" classname="tests.mainPageTests.AllPageChromeTests" time="7.474">
    <system-out><![CDATA[The two images are similar.
]]></system-out>
  </testcase>
  <testcase name="videoSectionMainPage[https://ai-mood.com/en/, Screenshots/](1)" classname="tests.mainPageTests.AllPageChromeTests" time="7.918">
    <system-out><![CDATA[The two images are similar.
]]></system-out>
  </testcase>
  <testcase name="roadmapSectionMainPage[https://ai-mood.com/en/, Screenshots/](1)" classname="tests.mainPageTests.AllPageChromeTests" time="10.793">
    <system-out><![CDATA[The two images are similar.
]]></system-out>
  </testcase>
  <testcase name="statisticsSectionMainPage[https://ai-mood.com/en/, Screenshots/](1)" classname="tests.mainPageTests.AllPageChromeTests" time="12.288">
    <system-out><![CDATA[888
3.14
1703
777
The two images are similar.
]]></system-out>
  </testcase>
  <testcase name="leaningSectionMainPage[https://ai-mood.com/en/, Screenshots/](1)" classname="tests.mainPageTests.AllPageChromeTests" time="10.27">
    <system-out><![CDATA[The two images are similar.
]]></system-out>
  </testcase>
  <testcase name="allFooterMainPage[https://ai-mood.com/en/, Screenshots/](1)" classname="tests.mainPageTests.AllPageChromeTests" time="6.472">
    <system-out><![CDATA[The two images are similar.
]]></system-out>
  </testcase>
  <testcase name="allHeaderMarketPlacePage[https://ai-mood.com/en/market-place, Screenshots/](1)" classname="tests.marketPlacePageTests.AllPageFirefoxTests" time="10.754">
    <system-out><![CDATA[The two images are similar.
]]></system-out>
  </testcase>
  <testcase name="getStartedHeaderMarketPlacePage[https://ai-mood.com/en/market-place, Screenshots/](1)" classname="tests.marketPlacePageTests.AllPageFirefoxTests" time="0">
    <skipped message="*** Images are not similar *** expected [true] but found [false]"/>
    <system-out><![CDATA[The two images are not similar.
Difference found. See the file D:\jenkins-agent-data\workspace\pixelPerfectMultiPlatform_AI_Mood_Prod\Screenshots\MarketPlace_page\EnFirefox\Screenshots_getStartedHeaderMarketPlacePage\difference.png for details.
]]></system-out>
  </testcase>
  <testcase name="getStartedHeaderMarketPlacePage[https://ai-mood.com/en/market-place, Screenshots/](2)" classname="tests.marketPlacePageTests.AllPageFirefoxTests" time="0">
    <skipped message="*** Images are not similar *** expected [true] but found [false]"/>
    <system-out><![CDATA[The two images are not similar.
Difference found. See the file D:\jenkins-agent-data\workspace\pixelPerfectMultiPlatform_AI_Mood_Prod\Screenshots\MarketPlace_page\EnFirefox\Screenshots_getStartedHeaderMarketPlacePage\difference.png for details.
]]></system-out>
  </testcase>
  <testcase name="getStartedHeaderMarketPlacePage[https://ai-mood.com/en/market-place, Screenshots/](3)" classname="tests.marketPlacePageTests.AllPageFirefoxTests" time="5.6">
    <failure message="*** Images are not similar *** expected [true] but found [false]" type="java.lang.AssertionError"><![CDATA[java.lang.AssertionError: *** Images are not similar *** expected [true] but found [false]
	at tests.marketPlacePageTests.AllPageFirefoxTests.getStartedHeaderMarketPlacePage(AllPageFirefoxTests.java:44)
]]></failure>
    <system-out><![CDATA[The two images are not similar.
Difference found. See the file D:\jenkins-agent-data\workspace\pixelPerfectMultiPlatform_AI_Mood_Prod\Screenshots\MarketPlace_page\EnFirefox\Screenshots_getStartedHeaderMarketPlacePage\difference.png for details.
]]></system-out>
  </testcase>
  <testcase name="learnHeaderMarketPlacePage[https://ai-mood.com/en/market-place, Screenshots/](1)" classname="tests.marketPlacePageTests.AllPageFirefoxTests" time="0">
    <skipped message="*** Images are not similar *** expected [true] but found [false]"/>
    <system-out><![CDATA[The two images are not similar.
Difference found. See the file D:\jenkins-agent-data\workspace\pixelPerfectMultiPlatform_AI_Mood_Prod\Screenshots\MarketPlace_page\EnFirefox\Screenshots_learnHeaderMarketPlacePage\difference.png for details.
]]></system-out>
  </testcase>
  <testcase name="learnHeaderMarketPlacePage[https://ai-mood.com/en/market-place, Screenshots/](2)" classname="tests.marketPlacePageTests.AllPageFirefoxTests" time="0">
    <skipped message="*** Images are not similar *** expected [true] but found [false]"/>
    <system-out><![CDATA[The two images are not similar.
Difference found. See the file D:\jenkins-agent-data\workspace\pixelPerfectMultiPlatform_AI_Mood_Prod\Screenshots\MarketPlace_page\EnFirefox\Screenshots_learnHeaderMarketPlacePage\difference.png for details.
]]></system-out>
  </testcase>
  <testcase name="learnHeaderMarketPlacePage[https://ai-mood.com/en/market-place, Screenshots/](3)" classname="tests.marketPlacePageTests.AllPageFirefoxTests" time="5.503">
    <failure message="*** Images are not similar *** expected [true] but found [false]" type="java.lang.AssertionError"><![CDATA[java.lang.AssertionError: *** Images are not similar *** expected [true] but found [false]
	at tests.marketPlacePageTests.AllPageFirefoxTests.learnHeaderMarketPlacePage(AllPageFirefoxTests.java:62)
]]></failure>
    <system-out><![CDATA[The two images are not similar.
Difference found. See the file D:\jenkins-agent-data\workspace\pixelPerfectMultiPlatform_AI_Mood_Prod\Screenshots\MarketPlace_page\EnFirefox\Screenshots_learnHeaderMarketPlacePage\difference.png for details.
]]></system-out>
  </testcase>
  <testcase name="resourcesHeaderMarketPlacePage[https://ai-mood.com/en/market-place, Screenshots/](1)" classname="tests.marketPlacePageTests.AllPageFirefoxTests" time="0">
    <skipped message="*** Images are not similar *** expected [true] but found [false]"/>
    <system-out><![CDATA[The two images are not similar.
Difference found. See the file D:\jenkins-agent-data\workspace\pixelPerfectMultiPlatform_AI_Mood_Prod\Screenshots\MarketPlace_page\EnFirefox\Screenshots_resourcesHeaderMarketPlacePage\difference.png for details.
]]></system-out>
  </testcase>
  <testcase name="resourcesHeaderMarketPlacePage[https://ai-mood.com/en/market-place, Screenshots/](2)" classname="tests.marketPlacePageTests.AllPageFirefoxTests" time="0">
    <skipped message="*** Images are not similar *** expected [true] but found [false]"/>
    <system-out><![CDATA[The two images are not similar.
Difference found. See the file D:\jenkins-agent-data\workspace\pixelPerfectMultiPlatform_AI_Mood_Prod\Screenshots\MarketPlace_page\EnFirefox\Screenshots_resourcesHeaderMarketPlacePage\difference.png for details.
]]></system-out>
  </testcase>
  <testcase name="resourcesHeaderMarketPlacePage[https://ai-mood.com/en/market-place, Screenshots/](3)" classname="tests.marketPlacePageTests.AllPageFirefoxTests" time="5.47">
    <failure message="*** Images are not similar *** expected [true] but found [false]" type="java.lang.AssertionError"><![CDATA[java.lang.AssertionError: *** Images are not similar *** expected [true] but found [false]
	at tests.marketPlacePageTests.AllPageFirefoxTests.resourcesHeaderMarketPlacePage(AllPageFirefoxTests.java:80)
]]></failure>
    <system-out><![CDATA[The two images are not similar.
Difference found. See the file D:\jenkins-agent-data\workspace\pixelPerfectMultiPlatform_AI_Mood_Prod\Screenshots\MarketPlace_page\EnFirefox\Screenshots_resourcesHeaderMarketPlacePage\difference.png for details.
]]></system-out>
  </testcase>
  <testcase name="mainSectionMarketPlacePage[https://ai-mood.com/en/market-place, Screenshots/](1)" classname="tests.marketPlacePageTests.AllPageFirefoxTests" time="0">
    <skipped message="*** Images are not similar *** expected [true] but found [false]"/>
    <system-out><![CDATA[The two images are not similar.
Difference found. See the file D:\jenkins-agent-data\workspace\pixelPerfectMultiPlatform_AI_Mood_Prod\Screenshots\MarketPlace_page\EnFirefox\Screenshots_mainSectionMarketPlacePage\difference.png for details.
]]></system-out>
  </testcase>
  <testcase name="mainSectionMarketPlacePage[https://ai-mood.com/en/market-place, Screenshots/](2)" classname="tests.marketPlacePageTests.AllPageFirefoxTests" time="0">
    <skipped message="*** Images are not similar *** expected [true] but found [false]"/>
    <system-out><![CDATA[The two images are not similar.
Difference found. See the file D:\jenkins-agent-data\workspace\pixelPerfectMultiPlatform_AI_Mood_Prod\Screenshots\MarketPlace_page\EnFirefox\Screenshots_mainSectionMarketPlacePage\difference.png for details.
]]></system-out>
  </testcase>
  <testcase name="mainSectionMarketPlacePage[https://ai-mood.com/en/market-place, Screenshots/](3)" classname="tests.marketPlacePageTests.AllPageFirefoxTests" time="6.823">
    <failure message="*** Images are not similar *** expected [true] but found [false]" type="java.lang.AssertionError"><![CDATA[java.lang.AssertionError: *** Images are not similar *** expected [true] but found [false]
	at tests.marketPlacePageTests.AllPageFirefoxTests.mainSectionMarketPlacePage(AllPageFirefoxTests.java:116)
]]></failure>
    <system-out><![CDATA[The two images are not similar.
Difference found. See the file D:\jenkins-agent-data\workspace\pixelPerfectMultiPlatform_AI_Mood_Prod\Screenshots\MarketPlace_page\EnFirefox\Screenshots_mainSectionMarketPlacePage\difference.png for details.
]]></system-out>
  </testcase>
  <testcase name="statisticsSectionMarketPlacePage[https://ai-mood.com/en/market-place, Screenshots/](1)" classname="tests.marketPlacePageTests.AllPageFirefoxTests" time="6.361">
    <system-out><![CDATA[The two images are similar.
]]></system-out>
  </testcase>
  <testcase name="allFooterMarketPlacePage[https://ai-mood.com/en/market-place, Screenshots/](1)" classname="tests.marketPlacePageTests.AllPageFirefoxTests" time="6.019">
    <system-out><![CDATA[The two images are similar.
]]></system-out>
  </testcase>
  <testcase name="allHeaderMarketPlacePage[https://ai-mood.com/en/market-place, Screenshots/](1)" classname="tests.marketPlacePageTests.AllPageChromeTests" time="0">
    <skipped message="*** Images are not similar *** expected [true] but found [false]"/>
    <system-out><![CDATA[The two images are not similar.
Difference found. See the file D:\jenkins-agent-data\workspace\pixelPerfectMultiPlatform_AI_Mood_Prod\Screenshots\MarketPlace_page\EnChrome\Screenshots_allHeaderMarketPlacePage\difference.png for details.
]]></system-out>
    <system-err><![CDATA[вер. 12, 2023 11:44:57 ДП org.openqa.selenium.devtools.CdpVersionFinder findNearestMatch
WARNING: Unable to find an exact match for CDP version 116, so returning the closest version found: 115
]]></system-err>
  </testcase>
  <testcase name="allHeaderMarketPlacePage[https://ai-mood.com/en/market-place, Screenshots/](2)" classname="tests.marketPlacePageTests.AllPageChromeTests" time="0">
    <skipped message="*** Images are not similar *** expected [true] but found [false]"/>
    <system-out><![CDATA[The two images are not similar.
Difference found. See the file D:\jenkins-agent-data\workspace\pixelPerfectMultiPlatform_AI_Mood_Prod\Screenshots\MarketPlace_page\EnChrome\Screenshots_allHeaderMarketPlacePage\difference.png for details.
]]></system-out>
    <system-err><![CDATA[org.openqa.selenium.NoSuchElementException: no such element: Unable to locate element: {"method":"xpath","selector":"//button[@class='accept-cookies-btn']"}
  (Session info: chrome=116.0.5845.182)
For documentation on this error, please visit: https://www.selenium.dev/documentation/webdriver/troubleshooting/errors#no-such-element-exception
Build info: version: '4.11.0', revision: '040bc5406b'
System info: os.name: 'Windows 10', os.arch: 'amd64', os.version: '10.0', java.version: '11.0.2'
Driver info: org.openqa.selenium.chrome.ChromeDriver
Command: [cc086938632d863f06a112df71a281a8, findElement {using=xpath, value=//button[@class='accept-cookies-btn']}]
Capabilities {acceptInsecureCerts: false, browserName: chrome, browserVersion: 116.0.5845.182, chrome: {chromedriverVersion: 116.0.5845.96 (1a3918166880..., userDataDir: C:\Users\admin\AppData\Loca...}, fedcm:accounts: true, goog:chromeOptions: {debuggerAddress: localhost:54450}, networkConnectionEnabled: false, pageLoadStrategy: normal, platformName: windows, proxy: Proxy(), se:cdp: ws://localhost:54450/devtoo..., se:cdpVersion: 116.0.5845.182, setWindowRect: true, strictFileInteractability: false, timeouts: {implicit: 0, pageLoad: 300000, script: 30000}, unhandledPromptBehavior: dismiss and notify, webauthn:extension:credBlob: true, webauthn:extension:largeBlob: true, webauthn:extension:minPinLength: true, webauthn:extension:prf: true, webauthn:virtualAuthenticators: true}
Session ID: cc086938632d863f06a112df71a281a8
	at java.base/jdk.internal.reflect.NativeConstructorAccessorImpl.newInstance0(Native Method)
	at java.base/jdk.internal.reflect.NativeConstructorAccessorImpl.newInstance(NativeConstructorAccessorImpl.java:62)
	at java.base/jdk.internal.reflect.DelegatingConstructorAccessorImpl.newInstance(DelegatingConstructorAccessorImpl.java:45)
	at java.base/java.lang.reflect.Constructor.newInstance(Constructor.java:490)
	at org.openqa.selenium.remote.codec.w3c.W3CHttpResponseCodec.createException(W3CHttpResponseCodec.java:200)
	at org.openqa.selenium.remote.codec.w3c.W3CHttpResponseCodec.decode(W3CHttpResponseCodec.java:133)
	at org.openqa.selenium.remote.codec.w3c.W3CHttpResponseCodec.decode(W3CHttpResponseCodec.java:52)
	at org.openqa.selenium.remote.HttpCommandExecutor.execute(HttpCommandExecutor.java:191)
	at org.openqa.selenium.remote.service.DriverCommandExecutor.invokeExecute(DriverCommandExecutor.java:196)
	at org.openqa.selenium.remote.service.DriverCommandExecutor.execute(DriverCommandExecutor.java:171)
	at org.openqa.selenium.remote.RemoteWebDriver.execute(RemoteWebDriver.java:518)
	at org.openqa.selenium.remote.ElementLocation$ElementFinder$2.findElement(ElementLocation.java:165)
	at org.openqa.selenium.remote.ElementLocation.findElement(ElementLocation.java:59)
	at org.openqa.selenium.remote.RemoteWebDriver.findElement(RemoteWebDriver.java:355)
	at org.openqa.selenium.remote.RemoteWebDriver.findElement(RemoteWebDriver.java:349)
	at pages.base.Action.findElementByXpath(Action.java:30)
	at pages.base.Action.ifButtonIsPresentClick(Action.java:109)
	at tests.marketPlacePageTests.AllPageChromeTests.allHeaderMarketPlacePage(AllPageChromeTests.java:24)
	at java.base/jdk.internal.reflect.NativeMethodAccessorImpl.invoke0(Native Method)
	at java.base/jdk.internal.reflect.NativeMethodAccessorImpl.invoke(NativeMethodAccessorImpl.java:62)
	at java.base/jdk.internal.reflect.DelegatingMethodAccessorImpl.invoke(DelegatingMethodAccessorImpl.java:43)
	at java.base/java.lang.reflect.Method.invoke(Method.java:566)
	at org.testng.internal.invokers.MethodInvocationHelper.invokeMethod(MethodInvocationHelper.java:139)
	at org.testng.internal.invokers.TestInvoker.invokeMethod(TestInvoker.java:664)
	at org.testng.internal.invokers.TestInvoker.retryFailed(TestInvoker.java:248)
	at org.testng.internal.invokers.MethodRunner.runInSequence(MethodRunner.java:62)
	at org.testng.internal.invokers.TestInvoker$MethodInvocationAgent.invoke(TestInvoker.java:957)
	at org.testng.internal.invokers.TestInvoker.invokeTestMethods(TestInvoker.java:200)
	at org.testng.internal.invokers.TestMethodWorker.invokeTestMethods(TestMethodWorker.java:148)
	at org.testng.internal.invokers.TestMethodWorker.run(TestMethodWorker.java:128)
	at java.base/java.util.ArrayList.forEach(ArrayList.java:1540)
	at org.testng.TestRunner.privateRun(TestRunner.java:848)
	at org.testng.TestRunner.run(TestRunner.java:621)
	at org.testng.SuiteRunner.runTest(SuiteRunner.java:443)
	at org.testng.SuiteRunner.runSequentially(SuiteRunner.java:437)
	at org.testng.SuiteRunner.privateRun(SuiteRunner.java:397)
	at org.testng.SuiteRunner.run(SuiteRunner.java:336)
	at org.testng.SuiteRunnerWorker.runSuite(SuiteRunnerWorker.java:52)
	at org.testng.SuiteRunnerWorker.run(SuiteRunnerWorker.java:95)
	at org.testng.TestNG.runSuitesSequentially(TestNG.java:1280)
	at org.testng.TestNG.runSuitesLocally(TestNG.java:1200)
	at org.testng.TestNG.runSuites(TestNG.java:1114)
	at org.testng.TestNG.run(TestNG.java:1082)
	at org.apache.maven.surefire.testng.TestNGExecutor.run(TestNGExecutor.java:284)
	at org.apache.maven.surefire.testng.TestNGXmlTestSuite.execute(TestNGXmlTestSuite.java:75)
	at org.apache.maven.surefire.testng.TestNGProvider.invoke(TestNGProvider.java:119)
	at org.apache.maven.surefire.booter.ForkedBooter.runSuitesInProcess(ForkedBooter.java:428)
	at org.apache.maven.surefire.booter.ForkedBooter.execute(ForkedBooter.java:162)
	at org.apache.maven.surefire.booter.ForkedBooter.run(ForkedBooter.java:562)
	at org.apache.maven.surefire.booter.ForkedBooter.main(ForkedBooter.java:548)
]]></system-err>
  </testcase>
  <testcase name="allHeaderMarketPlacePage[https://ai-mood.com/en/market-place, Screenshots/](3)" classname="tests.marketPlacePageTests.AllPageChromeTests" time="21.67">
    <failure message="*** Images are not similar *** expected [true] but found [false]" type="java.lang.AssertionError"><![CDATA[java.lang.AssertionError: *** Images are not similar *** expected [true] but found [false]
	at tests.marketPlacePageTests.AllPageChromeTests.allHeaderMarketPlacePage(AllPageChromeTests.java:27)
]]></failure>
    <system-out><![CDATA[The two images are not similar.
Difference found. See the file D:\jenkins-agent-data\workspace\pixelPerfectMultiPlatform_AI_Mood_Prod\Screenshots\MarketPlace_page\EnChrome\Screenshots_allHeaderMarketPlacePage\difference.png for details.
]]></system-out>
    <system-err><![CDATA[org.openqa.selenium.NoSuchElementException: no such element: Unable to locate element: {"method":"xpath","selector":"//button[@class='accept-cookies-btn']"}
  (Session info: chrome=116.0.5845.182)
For documentation on this error, please visit: https://www.selenium.dev/documentation/webdriver/troubleshooting/errors#no-such-element-exception
Build info: version: '4.11.0', revision: '040bc5406b'
System info: os.name: 'Windows 10', os.arch: 'amd64', os.version: '10.0', java.version: '11.0.2'
Driver info: org.openqa.selenium.chrome.ChromeDriver
Command: [cc086938632d863f06a112df71a281a8, findElement {using=xpath, value=//button[@class='accept-cookies-btn']}]
Capabilities {acceptInsecureCerts: false, browserName: chrome, browserVersion: 116.0.5845.182, chrome: {chromedriverVersion: 116.0.5845.96 (1a3918166880..., userDataDir: C:\Users\admin\AppData\Loca...}, fedcm:accounts: true, goog:chromeOptions: {debuggerAddress: localhost:54450}, networkConnectionEnabled: false, pageLoadStrategy: normal, platformName: windows, proxy: Proxy(), se:cdp: ws://localhost:54450/devtoo..., se:cdpVersion: 116.0.5845.182, setWindowRect: true, strictFileInteractability: false, timeouts: {implicit: 0, pageLoad: 300000, script: 30000}, unhandledPromptBehavior: dismiss and notify, webauthn:extension:credBlob: true, webauthn:extension:largeBlob: true, webauthn:extension:minPinLength: true, webauthn:extension:prf: true, webauthn:virtualAuthenticators: true}
Session ID: cc086938632d863f06a112df71a281a8
	at java.base/jdk.internal.reflect.NativeConstructorAccessorImpl.newInstance0(Native Method)
	at java.base/jdk.internal.reflect.NativeConstructorAccessorImpl.newInstance(NativeConstructorAccessorImpl.java:62)
	at java.base/jdk.internal.reflect.DelegatingConstructorAccessorImpl.newInstance(DelegatingConstructorAccessorImpl.java:45)
	at java.base/java.lang.reflect.Constructor.newInstance(Constructor.java:490)
	at org.openqa.selenium.remote.codec.w3c.W3CHttpResponseCodec.createException(W3CHttpResponseCodec.java:200)
	at org.openqa.selenium.remote.codec.w3c.W3CHttpResponseCodec.decode(W3CHttpResponseCodec.java:133)
	at org.openqa.selenium.remote.codec.w3c.W3CHttpResponseCodec.decode(W3CHttpResponseCodec.java:52)
	at org.openqa.selenium.remote.HttpCommandExecutor.execute(HttpCommandExecutor.java:191)
	at org.openqa.selenium.remote.service.DriverCommandExecutor.invokeExecute(DriverCommandExecutor.java:196)
	at org.openqa.selenium.remote.service.DriverCommandExecutor.execute(DriverCommandExecutor.java:171)
	at org.openqa.selenium.remote.RemoteWebDriver.execute(RemoteWebDriver.java:518)
	at org.openqa.selenium.remote.ElementLocation$ElementFinder$2.findElement(ElementLocation.java:165)
	at org.openqa.selenium.remote.ElementLocation.findElement(ElementLocation.java:59)
	at org.openqa.selenium.remote.RemoteWebDriver.findElement(RemoteWebDriver.java:355)
	at org.openqa.selenium.remote.RemoteWebDriver.findElement(RemoteWebDriver.java:349)
	at pages.base.Action.findElementByXpath(Action.java:30)
	at pages.base.Action.ifButtonIsPresentClick(Action.java:109)
	at tests.marketPlacePageTests.AllPageChromeTests.allHeaderMarketPlacePage(AllPageChromeTests.java:24)
	at java.base/jdk.internal.reflect.NativeMethodAccessorImpl.invoke0(Native Method)
	at java.base/jdk.internal.reflect.NativeMethodAccessorImpl.invoke(NativeMethodAccessorImpl.java:62)
	at java.base/jdk.internal.reflect.DelegatingMethodAccessorImpl.invoke(DelegatingMethodAccessorImpl.java:43)
	at java.base/java.lang.reflect.Method.invoke(Method.java:566)
	at org.testng.internal.invokers.MethodInvocationHelper.invokeMethod(MethodInvocationHelper.java:139)
	at org.testng.internal.invokers.TestInvoker.invokeMethod(TestInvoker.java:664)
	at org.testng.internal.invokers.TestInvoker.retryFailed(TestInvoker.java:248)
	at org.testng.internal.invokers.MethodRunner.runInSequence(MethodRunner.java:62)
	at org.testng.internal.invokers.TestInvoker$MethodInvocationAgent.invoke(TestInvoker.java:957)
	at org.testng.internal.invokers.TestInvoker.invokeTestMethods(TestInvoker.java:200)
	at org.testng.internal.invokers.TestMethodWorker.invokeTestMethods(TestMethodWorker.java:148)
	at org.testng.internal.invokers.TestMethodWorker.run(TestMethodWorker.java:128)
	at java.base/java.util.ArrayList.forEach(ArrayList.java:1540)
	at org.testng.TestRunner.privateRun(TestRunner.java:848)
	at org.testng.TestRunner.run(TestRunner.java:621)
	at org.testng.SuiteRunner.runTest(SuiteRunner.java:443)
	at org.testng.SuiteRunner.runSequentially(SuiteRunner.java:437)
	at org.testng.SuiteRunner.privateRun(SuiteRunner.java:397)
	at org.testng.SuiteRunner.run(SuiteRunner.java:336)
	at org.testng.SuiteRunnerWorker.runSuite(SuiteRunnerWorker.java:52)
	at org.testng.SuiteRunnerWorker.run(SuiteRunnerWorker.java:95)
	at org.testng.TestNG.runSuitesSequentially(TestNG.java:1280)
	at org.testng.TestNG.runSuitesLocally(TestNG.java:1200)
	at org.testng.TestNG.runSuites(TestNG.java:1114)
	at org.testng.TestNG.run(TestNG.java:1082)
	at org.apache.maven.surefire.testng.TestNGExecutor.run(TestNGExecutor.java:284)
	at org.apache.maven.surefire.testng.TestNGXmlTestSuite.execute(TestNGXmlTestSuite.java:75)
	at org.apache.maven.surefire.testng.TestNGProvider.invoke(TestNGProvider.java:119)
	at org.apache.maven.surefire.booter.ForkedBooter.runSuitesInProcess(ForkedBooter.java:428)
	at org.apache.maven.surefire.booter.ForkedBooter.execute(ForkedBooter.java:162)
	at org.apache.maven.surefire.booter.ForkedBooter.run(ForkedBooter.java:562)
	at org.apache.maven.surefire.booter.ForkedBooter.main(ForkedBooter.java:548)
]]></system-err>
  </testcase>
  <testcase name="getStartedHeaderMarketPlacePage[https://ai-mood.com/en/market-place, Screenshots/](1)" classname="tests.marketPlacePageTests.AllPageChromeTests" time="0">
    <skipped message="*** Images are not similar *** expected [true] but found [false]"/>
    <system-out><![CDATA[The two images are not similar.
Difference found. See the file D:\jenkins-agent-data\workspace\pixelPerfectMultiPlatform_AI_Mood_Prod\Screenshots\MarketPlace_page\EnChrome\Screenshots_getStartedHeaderMarketPlacePage\difference.png for details.
]]></system-out>
  </testcase>
  <testcase name="getStartedHeaderMarketPlacePage[https://ai-mood.com/en/market-place, Screenshots/](2)" classname="tests.marketPlacePageTests.AllPageChromeTests" time="0">
    <skipped message="*** Images are not similar *** expected [true] but found [false]"/>
    <system-out><![CDATA[The two images are not similar.
Difference found. See the file D:\jenkins-agent-data\workspace\pixelPerfectMultiPlatform_AI_Mood_Prod\Screenshots\MarketPlace_page\EnChrome\Screenshots_getStartedHeaderMarketPlacePage\difference.png for details.
]]></system-out>
  </testcase>
  <testcase name="getStartedHeaderMarketPlacePage[https://ai-mood.com/en/market-place, Screenshots/](3)" classname="tests.marketPlacePageTests.AllPageChromeTests" time="5.798">
    <failure message="*** Images are not similar *** expected [true] but found [false]" type="java.lang.AssertionError"><![CDATA[java.lang.AssertionError: *** Images are not similar *** expected [true] but found [false]
	at tests.marketPlacePageTests.AllPageChromeTests.getStartedHeaderMarketPlacePage(AllPageChromeTests.java:45)
]]></failure>
    <system-out><![CDATA[The two images are not similar.
Difference found. See the file D:\jenkins-agent-data\workspace\pixelPerfectMultiPlatform_AI_Mood_Prod\Screenshots\MarketPlace_page\EnChrome\Screenshots_getStartedHeaderMarketPlacePage\difference.png for details.
]]></system-out>
  </testcase>
  <testcase name="learnHeaderMarketPlacePage[https://ai-mood.com/en/market-place, Screenshots/](1)" classname="tests.marketPlacePageTests.AllPageChromeTests" time="0">
    <skipped message="*** Images are not similar *** expected [true] but found [false]"/>
    <system-out><![CDATA[The two images are not similar.
Difference found. See the file D:\jenkins-agent-data\workspace\pixelPerfectMultiPlatform_AI_Mood_Prod\Screenshots\MarketPlace_page\EnChrome\Screenshots_learnHeaderMarketPlacePage\difference.png for details.
]]></system-out>
  </testcase>
  <testcase name="learnHeaderMarketPlacePage[https://ai-mood.com/en/market-place, Screenshots/](2)" classname="tests.marketPlacePageTests.AllPageChromeTests" time="0">
    <skipped message="*** Images are not similar *** expected [true] but found [false]"/>
    <system-out><![CDATA[The two images are not similar.
Difference found. See the file D:\jenkins-agent-data\workspace\pixelPerfectMultiPlatform_AI_Mood_Prod\Screenshots\MarketPlace_page\EnChrome\Screenshots_learnHeaderMarketPlacePage\difference.png for details.
]]></system-out>
  </testcase>
  <testcase name="learnHeaderMarketPlacePage[https://ai-mood.com/en/market-place, Screenshots/](3)" classname="tests.marketPlacePageTests.AllPageChromeTests" time="6.41">
    <failure message="*** Images are not similar *** expected [true] but found [false]" type="java.lang.AssertionError"><![CDATA[java.lang.AssertionError: *** Images are not similar *** expected [true] but found [false]
	at tests.marketPlacePageTests.AllPageChromeTests.learnHeaderMarketPlacePage(AllPageChromeTests.java:63)
]]></failure>
    <system-out><![CDATA[The two images are not similar.
Difference found. See the file D:\jenkins-agent-data\workspace\pixelPerfectMultiPlatform_AI_Mood_Prod\Screenshots\MarketPlace_page\EnChrome\Screenshots_learnHeaderMarketPlacePage\difference.png for details.
]]></system-out>
  </testcase>
  <testcase name="resourcesHeaderMarketPlacePage[https://ai-mood.com/en/market-place, Screenshots/](1)" classname="tests.marketPlacePageTests.AllPageChromeTests" time="0">
    <skipped message="*** Images are not similar *** expected [true] but found [false]"/>
    <system-out><![CDATA[The two images are not similar.
Difference found. See the file D:\jenkins-agent-data\workspace\pixelPerfectMultiPlatform_AI_Mood_Prod\Screenshots\MarketPlace_page\EnChrome\Screenshots_resourcesHeaderMarketPlacePage\difference.png for details.
]]></system-out>
  </testcase>
  <testcase name="resourcesHeaderMarketPlacePage[https://ai-mood.com/en/market-place, Screenshots/](2)" classname="tests.marketPlacePageTests.AllPageChromeTests" time="0">
    <skipped message="*** Images are not similar *** expected [true] but found [false]"/>
    <system-out><![CDATA[The two images are not similar.
Difference found. See the file D:\jenkins-agent-data\workspace\pixelPerfectMultiPlatform_AI_Mood_Prod\Screenshots\MarketPlace_page\EnChrome\Screenshots_resourcesHeaderMarketPlacePage\difference.png for details.
]]></system-out>
  </testcase>
  <testcase name="resourcesHeaderMarketPlacePage[https://ai-mood.com/en/market-place, Screenshots/](3)" classname="tests.marketPlacePageTests.AllPageChromeTests" time="5.785">
    <failure message="*** Images are not similar *** expected [true] but found [false]" type="java.lang.AssertionError"><![CDATA[java.lang.AssertionError: *** Images are not similar *** expected [true] but found [false]
	at tests.marketPlacePageTests.AllPageChromeTests.resourcesHeaderMarketPlacePage(AllPageChromeTests.java:81)
]]></failure>
    <system-out><![CDATA[The two images are not similar.
Difference found. See the file D:\jenkins-agent-data\workspace\pixelPerfectMultiPlatform_AI_Mood_Prod\Screenshots\MarketPlace_page\EnChrome\Screenshots_resourcesHeaderMarketPlacePage\difference.png for details.
]]></system-out>
  </testcase>
  <testcase name="mainSectionMarketPlacePage[https://ai-mood.com/en/market-place, Screenshots/](1)" classname="tests.marketPlacePageTests.AllPageChromeTests" time="0">
    <skipped message="*** Images are not similar *** expected [true] but found [false]"/>
    <system-out><![CDATA[The two images are not similar.
Difference found. See the file D:\jenkins-agent-data\workspace\pixelPerfectMultiPlatform_AI_Mood_Prod\Screenshots\MarketPlace_page\EnChrome\Screenshots_mainSectionMarketPlacePage\difference.png for details.
]]></system-out>
  </testcase>
  <testcase name="mainSectionMarketPlacePage[https://ai-mood.com/en/market-place, Screenshots/](2)" classname="tests.marketPlacePageTests.AllPageChromeTests" time="0">
    <skipped message="*** Images are not similar *** expected [true] but found [false]"/>
    <system-out><![CDATA[The two images are not similar.
Difference found. See the file D:\jenkins-agent-data\workspace\pixelPerfectMultiPlatform_AI_Mood_Prod\Screenshots\MarketPlace_page\EnChrome\Screenshots_mainSectionMarketPlacePage\difference.png for details.
]]></system-out>
  </testcase>
  <testcase name="mainSectionMarketPlacePage[https://ai-mood.com/en/market-place, Screenshots/](3)" classname="tests.marketPlacePageTests.AllPageChromeTests" time="6.972">
    <failure message="*** Images are not similar *** expected [true] but found [false]" type="java.lang.AssertionError"><![CDATA[java.lang.AssertionError: *** Images are not similar *** expected [true] but found [false]
	at tests.marketPlacePageTests.AllPageChromeTests.mainSectionMarketPlacePage(AllPageChromeTests.java:117)
]]></failure>
    <system-out><![CDATA[The two images are not similar.
Difference found. See the file D:\jenkins-agent-data\workspace\pixelPerfectMultiPlatform_AI_Mood_Prod\Screenshots\MarketPlace_page\EnChrome\Screenshots_mainSectionMarketPlacePage\difference.png for details.
]]></system-out>
  </testcase>
  <testcase name="statisticsSectionMarketPlacePage[https://ai-mood.com/en/market-place, Screenshots/](1)" classname="tests.marketPlacePageTests.AllPageChromeTests" time="0">
    <skipped message="*** Images are not similar *** expected [true] but found [false]"/>
    <system-out><![CDATA[The two images are not similar.
Difference found. See the file D:\jenkins-agent-data\workspace\pixelPerfectMultiPlatform_AI_Mood_Prod\Screenshots\MarketPlace_page\EnChrome\Screenshots_statisticsSectionMarketPlacePage\difference.png for details.
]]></system-out>
  </testcase>
  <testcase name="statisticsSectionMarketPlacePage[https://ai-mood.com/en/market-place, Screenshots/](2)" classname="tests.marketPlacePageTests.AllPageChromeTests" time="0">
    <skipped message="*** Images are not similar *** expected [true] but found [false]"/>
    <system-out><![CDATA[The two images are not similar.
Difference found. See the file D:\jenkins-agent-data\workspace\pixelPerfectMultiPlatform_AI_Mood_Prod\Screenshots\MarketPlace_page\EnChrome\Screenshots_statisticsSectionMarketPlacePage\difference.png for details.
]]></system-out>
  </testcase>
  <testcase name="statisticsSectionMarketPlacePage[https://ai-mood.com/en/market-place, Screenshots/](3)" classname="tests.marketPlacePageTests.AllPageChromeTests" time="6.59">
    <failure message="*** Images are not similar *** expected [true] but found [false]" type="java.lang.AssertionError"><![CDATA[java.lang.AssertionError: *** Images are not similar *** expected [true] but found [false]
	at tests.marketPlacePageTests.AllPageChromeTests.statisticsSectionMarketPlacePage(AllPageChromeTests.java:136)
]]></failure>
    <system-out><![CDATA[The two images are not similar.
Difference found. See the file D:\jenkins-agent-data\workspace\pixelPerfectMultiPlatform_AI_Mood_Prod\Screenshots\MarketPlace_page\EnChrome\Screenshots_statisticsSectionMarketPlacePage\difference.png for details.
]]></system-out>
  </testcase>
  <testcase name="allFooterMarketPlacePage[https://ai-mood.com/en/market-place, Screenshots/](1)" classname="tests.marketPlacePageTests.AllPageChromeTests" time="6.329">
    <system-out><![CDATA[The two images are similar.
]]></system-out>
  </testcase>
  <testcase name="allHeaderBuySellMoodCoinPage[https://ai-mood.com/en/buy-sell-aimood-coin, Screenshots/](1)" classname="tests.buySellMoodCoinTests.AllPageFirefoxTests" time="6.986">
    <system-out><![CDATA[The two images are similar.
]]></system-out>
  </testcase>
  <testcase name="getStartedHeaderBuySellMoodCoinPage[https://ai-mood.com/en/buy-sell-aimood-coin, Screenshots/](1)" classname="tests.buySellMoodCoinTests.AllPageFirefoxTests" time="0">
    <skipped message="*** Images are not similar *** expected [true] but found [false]"/>
    <system-out><![CDATA[The two images are not similar.
Difference found. See the file D:\jenkins-agent-data\workspace\pixelPerfectMultiPlatform_AI_Mood_Prod\Screenshots\BuySellMoodCoin_page\EnFirefox\Screenshots_getStartedHeaderBuySellMoodCoinPage\difference.png for details.
]]></system-out>
  </testcase>
  <testcase name="getStartedHeaderBuySellMoodCoinPage[https://ai-mood.com/en/buy-sell-aimood-coin, Screenshots/](2)" classname="tests.buySellMoodCoinTests.AllPageFirefoxTests" time="0">
    <skipped message="*** Images are not similar *** expected [true] but found [false]"/>
    <system-out><![CDATA[The two images are not similar.
Difference found. See the file D:\jenkins-agent-data\workspace\pixelPerfectMultiPlatform_AI_Mood_Prod\Screenshots\BuySellMoodCoin_page\EnFirefox\Screenshots_getStartedHeaderBuySellMoodCoinPage\difference.png for details.
]]></system-out>
  </testcase>
  <testcase name="getStartedHeaderBuySellMoodCoinPage[https://ai-mood.com/en/buy-sell-aimood-coin, Screenshots/](3)" classname="tests.buySellMoodCoinTests.AllPageFirefoxTests" time="4.692">
    <failure message="*** Images are not similar *** expected [true] but found [false]" type="java.lang.AssertionError"><![CDATA[java.lang.AssertionError: *** Images are not similar *** expected [true] but found [false]
	at tests.buySellMoodCoinTests.AllPageFirefoxTests.getStartedHeaderBuySellMoodCoinPage(AllPageFirefoxTests.java:44)
]]></failure>
    <system-out><![CDATA[The two images are not similar.
Difference found. See the file D:\jenkins-agent-data\workspace\pixelPerfectMultiPlatform_AI_Mood_Prod\Screenshots\BuySellMoodCoin_page\EnFirefox\Screenshots_getStartedHeaderBuySellMoodCoinPage\difference.png for details.
]]></system-out>
  </testcase>
  <testcase name="learnHeaderBuySellMoodCoinPage[https://ai-mood.com/en/buy-sell-aimood-coin, Screenshots/](1)" classname="tests.buySellMoodCoinTests.AllPageFirefoxTests" time="0">
    <skipped message="*** Images are not similar *** expected [true] but found [false]"/>
    <system-out><![CDATA[The two images are not similar.
Difference found. See the file D:\jenkins-agent-data\workspace\pixelPerfectMultiPlatform_AI_Mood_Prod\Screenshots\BuySellMoodCoin_page\EnFirefox\Screenshots_learnHeaderBuySellMoodCoinPage\difference.png for details.
]]></system-out>
  </testcase>
  <testcase name="learnHeaderBuySellMoodCoinPage[https://ai-mood.com/en/buy-sell-aimood-coin, Screenshots/](2)" classname="tests.buySellMoodCoinTests.AllPageFirefoxTests" time="0">
    <skipped message="*** Images are not similar *** expected [true] but found [false]"/>
    <system-out><![CDATA[The two images are not similar.
Difference found. See the file D:\jenkins-agent-data\workspace\pixelPerfectMultiPlatform_AI_Mood_Prod\Screenshots\BuySellMoodCoin_page\EnFirefox\Screenshots_learnHeaderBuySellMoodCoinPage\difference.png for details.
]]></system-out>
  </testcase>
  <testcase name="learnHeaderBuySellMoodCoinPage[https://ai-mood.com/en/buy-sell-aimood-coin, Screenshots/](3)" classname="tests.buySellMoodCoinTests.AllPageFirefoxTests" time="4.587">
    <failure message="*** Images are not similar *** expected [true] but found [false]" type="java.lang.AssertionError"><![CDATA[java.lang.AssertionError: *** Images are not similar *** expected [true] but found [false]
	at tests.buySellMoodCoinTests.AllPageFirefoxTests.learnHeaderBuySellMoodCoinPage(AllPageFirefoxTests.java:62)
]]></failure>
    <system-out><![CDATA[The two images are not similar.
Difference found. See the file D:\jenkins-agent-data\workspace\pixelPerfectMultiPlatform_AI_Mood_Prod\Screenshots\BuySellMoodCoin_page\EnFirefox\Screenshots_learnHeaderBuySellMoodCoinPage\difference.png for details.
]]></system-out>
  </testcase>
  <testcase name="resourcesHeaderBuySellMoodCoinPage[https://ai-mood.com/en/buy-sell-aimood-coin, Screenshots/](1)" classname="tests.buySellMoodCoinTests.AllPageFirefoxTests" time="0">
    <skipped message="*** Images are not similar *** expected [true] but found [false]"/>
    <system-out><![CDATA[The two images are not similar.
Difference found. See the file D:\jenkins-agent-data\workspace\pixelPerfectMultiPlatform_AI_Mood_Prod\Screenshots\BuySellMoodCoin_page\EnFirefox\Screenshots_resourcesHeaderBuySellMoodCoinPage\difference.png for details.
]]></system-out>
  </testcase>
  <testcase name="resourcesHeaderBuySellMoodCoinPage[https://ai-mood.com/en/buy-sell-aimood-coin, Screenshots/](2)" classname="tests.buySellMoodCoinTests.AllPageFirefoxTests" time="0">
    <skipped message="*** Images are not similar *** expected [true] but found [false]"/>
    <system-out><![CDATA[The two images are not similar.
Difference found. See the file D:\jenkins-agent-data\workspace\pixelPerfectMultiPlatform_AI_Mood_Prod\Screenshots\BuySellMoodCoin_page\EnFirefox\Screenshots_resourcesHeaderBuySellMoodCoinPage\difference.png for details.
]]></system-out>
  </testcase>
  <testcase name="resourcesHeaderBuySellMoodCoinPage[https://ai-mood.com/en/buy-sell-aimood-coin, Screenshots/](3)" classname="tests.buySellMoodCoinTests.AllPageFirefoxTests" time="4.63">
    <failure message="*** Images are not similar *** expected [true] but found [false]" type="java.lang.AssertionError"><![CDATA[java.lang.AssertionError: *** Images are not similar *** expected [true] but found [false]
	at tests.buySellMoodCoinTests.AllPageFirefoxTests.resourcesHeaderBuySellMoodCoinPage(AllPageFirefoxTests.java:80)
]]></failure>
    <system-out><![CDATA[The two images are not similar.
Difference found. See the file D:\jenkins-agent-data\workspace\pixelPerfectMultiPlatform_AI_Mood_Prod\Screenshots\BuySellMoodCoin_page\EnFirefox\Screenshots_resourcesHeaderBuySellMoodCoinPage\difference.png for details.
]]></system-out>
  </testcase>
  <testcase name="mainSectionBuySellMoodCoinPage[https://ai-mood.com/en/buy-sell-aimood-coin, Screenshots/](1)" classname="tests.buySellMoodCoinTests.AllPageFirefoxTests" time="0">
    <skipped message="*** Images are not similar *** expected [true] but found [false]"/>
    <system-out><![CDATA[The two images are not similar.
Difference found. See the file D:\jenkins-agent-data\workspace\pixelPerfectMultiPlatform_AI_Mood_Prod\Screenshots\BuySellMoodCoin_page\EnFirefox\Screenshots_mainSectionBuySellMoodCoinPage\difference.png for details.
]]></system-out>
  </testcase>
  <testcase name="mainSectionBuySellMoodCoinPage[https://ai-mood.com/en/buy-sell-aimood-coin, Screenshots/](2)" classname="tests.buySellMoodCoinTests.AllPageFirefoxTests" time="0">
    <skipped message="*** Images are not similar *** expected [true] but found [false]"/>
    <system-out><![CDATA[The two images are not similar.
Difference found. See the file D:\jenkins-agent-data\workspace\pixelPerfectMultiPlatform_AI_Mood_Prod\Screenshots\BuySellMoodCoin_page\EnFirefox\Screenshots_mainSectionBuySellMoodCoinPage\difference.png for details.
]]></system-out>
  </testcase>
  <testcase name="mainSectionBuySellMoodCoinPage[https://ai-mood.com/en/buy-sell-aimood-coin, Screenshots/](3)" classname="tests.buySellMoodCoinTests.AllPageFirefoxTests" time="6.647">
    <failure message="*** Images are not similar *** expected [true] but found [false]" type="java.lang.AssertionError"><![CDATA[java.lang.AssertionError: *** Images are not similar *** expected [true] but found [false]
	at tests.buySellMoodCoinTests.AllPageFirefoxTests.mainSectionBuySellMoodCoinPage(AllPageFirefoxTests.java:116)
]]></failure>
    <system-out><![CDATA[The two images are not similar.
Difference found. See the file D:\jenkins-agent-data\workspace\pixelPerfectMultiPlatform_AI_Mood_Prod\Screenshots\BuySellMoodCoin_page\EnFirefox\Screenshots_mainSectionBuySellMoodCoinPage\difference.png for details.
]]></system-out>
  </testcase>
  <testcase name="allFooterBuySellMoodCoinPage[https://ai-mood.com/en/buy-sell-aimood-coin, Screenshots/](1)" classname="tests.buySellMoodCoinTests.AllPageFirefoxTests" time="5.94">
    <system-out><![CDATA[The two images are similar.
]]></system-out>
  </testcase>
  <testcase name="allHeaderBuySellMoodCoinPage[https://ai-mood.com/en/buy-sell-aimood-coin, Screenshots/](1)" classname="tests.buySellMoodCoinTests.AllPageChromeTests" time="0">
    <skipped message="*** Images are not similar *** expected [true] but found [false]"/>
    <system-out><![CDATA[The two images are not similar.
Difference found. See the file D:\jenkins-agent-data\workspace\pixelPerfectMultiPlatform_AI_Mood_Prod\Screenshots\BuySellMoodCoin_page\EnChrome\Screenshots_allHeaderBuySellMoodCoinPage\difference.png for details.
]]></system-out>
    <system-err><![CDATA[вер. 12, 2023 11:48:50 ДП org.openqa.selenium.devtools.CdpVersionFinder findNearestMatch
WARNING: Unable to find an exact match for CDP version 116, so returning the closest version found: 115
]]></system-err>
  </testcase>
  <testcase name="allHeaderBuySellMoodCoinPage[https://ai-mood.com/en/buy-sell-aimood-coin, Screenshots/](2)" classname="tests.buySellMoodCoinTests.AllPageChromeTests" time="0">
    <skipped message="*** Images are not similar *** expected [true] but found [false]"/>
    <system-out><![CDATA[The two images are not similar.
Difference found. See the file D:\jenkins-agent-data\workspace\pixelPerfectMultiPlatform_AI_Mood_Prod\Screenshots\BuySellMoodCoin_page\EnChrome\Screenshots_allHeaderBuySellMoodCoinPage\difference.png for details.
]]></system-out>
    <system-err><![CDATA[org.openqa.selenium.NoSuchElementException: no such element: Unable to locate element: {"method":"xpath","selector":"//button[@class='accept-cookies-btn']"}
  (Session info: chrome=116.0.5845.182)
For documentation on this error, please visit: https://www.selenium.dev/documentation/webdriver/troubleshooting/errors#no-such-element-exception
Build info: version: '4.11.0', revision: '040bc5406b'
System info: os.name: 'Windows 10', os.arch: 'amd64', os.version: '10.0', java.version: '11.0.2'
Driver info: org.openqa.selenium.chrome.ChromeDriver
Command: [be2fd81fedfdeec5472b5b148d6fd977, findElement {using=xpath, value=//button[@class='accept-cookies-btn']}]
Capabilities {acceptInsecureCerts: false, browserName: chrome, browserVersion: 116.0.5845.182, chrome: {chromedriverVersion: 116.0.5845.96 (1a3918166880..., userDataDir: C:\Users\admin\AppData\Loca...}, fedcm:accounts: true, goog:chromeOptions: {debuggerAddress: localhost:54880}, networkConnectionEnabled: false, pageLoadStrategy: normal, platformName: windows, proxy: Proxy(), se:cdp: ws://localhost:54880/devtoo..., se:cdpVersion: 116.0.5845.182, setWindowRect: true, strictFileInteractability: false, timeouts: {implicit: 0, pageLoad: 300000, script: 30000}, unhandledPromptBehavior: dismiss and notify, webauthn:extension:credBlob: true, webauthn:extension:largeBlob: true, webauthn:extension:minPinLength: true, webauthn:extension:prf: true, webauthn:virtualAuthenticators: true}
Session ID: be2fd81fedfdeec5472b5b148d6fd977
	at java.base/jdk.internal.reflect.NativeConstructorAccessorImpl.newInstance0(Native Method)
	at java.base/jdk.internal.reflect.NativeConstructorAccessorImpl.newInstance(NativeConstructorAccessorImpl.java:62)
	at java.base/jdk.internal.reflect.DelegatingConstructorAccessorImpl.newInstance(DelegatingConstructorAccessorImpl.java:45)
	at java.base/java.lang.reflect.Constructor.newInstance(Constructor.java:490)
	at org.openqa.selenium.remote.codec.w3c.W3CHttpResponseCodec.createException(W3CHttpResponseCodec.java:200)
	at org.openqa.selenium.remote.codec.w3c.W3CHttpResponseCodec.decode(W3CHttpResponseCodec.java:133)
	at org.openqa.selenium.remote.codec.w3c.W3CHttpResponseCodec.decode(W3CHttpResponseCodec.java:52)
	at org.openqa.selenium.remote.HttpCommandExecutor.execute(HttpCommandExecutor.java:191)
	at org.openqa.selenium.remote.service.DriverCommandExecutor.invokeExecute(DriverCommandExecutor.java:196)
	at org.openqa.selenium.remote.service.DriverCommandExecutor.execute(DriverCommandExecutor.java:171)
	at org.openqa.selenium.remote.RemoteWebDriver.execute(RemoteWebDriver.java:518)
	at org.openqa.selenium.remote.ElementLocation$ElementFinder$2.findElement(ElementLocation.java:165)
	at org.openqa.selenium.remote.ElementLocation.findElement(ElementLocation.java:59)
	at org.openqa.selenium.remote.RemoteWebDriver.findElement(RemoteWebDriver.java:355)
	at org.openqa.selenium.remote.RemoteWebDriver.findElement(RemoteWebDriver.java:349)
	at pages.base.Action.findElementByXpath(Action.java:30)
	at pages.base.Action.ifButtonIsPresentClick(Action.java:109)
	at tests.buySellMoodCoinTests.AllPageChromeTests.allHeaderBuySellMoodCoinPage(AllPageChromeTests.java:23)
	at java.base/jdk.internal.reflect.NativeMethodAccessorImpl.invoke0(Native Method)
	at java.base/jdk.internal.reflect.NativeMethodAccessorImpl.invoke(NativeMethodAccessorImpl.java:62)
	at java.base/jdk.internal.reflect.DelegatingMethodAccessorImpl.invoke(DelegatingMethodAccessorImpl.java:43)
	at java.base/java.lang.reflect.Method.invoke(Method.java:566)
	at org.testng.internal.invokers.MethodInvocationHelper.invokeMethod(MethodInvocationHelper.java:139)
	at org.testng.internal.invokers.TestInvoker.invokeMethod(TestInvoker.java:664)
	at org.testng.internal.invokers.TestInvoker.retryFailed(TestInvoker.java:248)
	at org.testng.internal.invokers.MethodRunner.runInSequence(MethodRunner.java:62)
	at org.testng.internal.invokers.TestInvoker$MethodInvocationAgent.invoke(TestInvoker.java:957)
	at org.testng.internal.invokers.TestInvoker.invokeTestMethods(TestInvoker.java:200)
	at org.testng.internal.invokers.TestMethodWorker.invokeTestMethods(TestMethodWorker.java:148)
	at org.testng.internal.invokers.TestMethodWorker.run(TestMethodWorker.java:128)
	at java.base/java.util.ArrayList.forEach(ArrayList.java:1540)
	at org.testng.TestRunner.privateRun(TestRunner.java:848)
	at org.testng.TestRunner.run(TestRunner.java:621)
	at org.testng.SuiteRunner.runTest(SuiteRunner.java:443)
	at org.testng.SuiteRunner.runSequentially(SuiteRunner.java:437)
	at org.testng.SuiteRunner.privateRun(SuiteRunner.java:397)
	at org.testng.SuiteRunner.run(SuiteRunner.java:336)
	at org.testng.SuiteRunnerWorker.runSuite(SuiteRunnerWorker.java:52)
	at org.testng.SuiteRunnerWorker.run(SuiteRunnerWorker.java:95)
	at org.testng.TestNG.runSuitesSequentially(TestNG.java:1280)
	at org.testng.TestNG.runSuitesLocally(TestNG.java:1200)
	at org.testng.TestNG.runSuites(TestNG.java:1114)
	at org.testng.TestNG.run(TestNG.java:1082)
	at org.apache.maven.surefire.testng.TestNGExecutor.run(TestNGExecutor.java:284)
	at org.apache.maven.surefire.testng.TestNGXmlTestSuite.execute(TestNGXmlTestSuite.java:75)
	at org.apache.maven.surefire.testng.TestNGProvider.invoke(TestNGProvider.java:119)
	at org.apache.maven.surefire.booter.ForkedBooter.runSuitesInProcess(ForkedBooter.java:428)
	at org.apache.maven.surefire.booter.ForkedBooter.execute(ForkedBooter.java:162)
	at org.apache.maven.surefire.booter.ForkedBooter.run(ForkedBooter.java:562)
	at org.apache.maven.surefire.booter.ForkedBooter.main(ForkedBooter.java:548)
]]></system-err>
  </testcase>
  <testcase name="allHeaderBuySellMoodCoinPage[https://ai-mood.com/en/buy-sell-aimood-coin, Screenshots/](3)" classname="tests.buySellMoodCoinTests.AllPageChromeTests" time="19.806">
    <failure message="*** Images are not similar *** expected [true] but found [false]" type="java.lang.AssertionError"><![CDATA[java.lang.AssertionError: *** Images are not similar *** expected [true] but found [false]
	at tests.buySellMoodCoinTests.AllPageChromeTests.allHeaderBuySellMoodCoinPage(AllPageChromeTests.java:26)
]]></failure>
    <system-out><![CDATA[The two images are not similar.
Difference found. See the file D:\jenkins-agent-data\workspace\pixelPerfectMultiPlatform_AI_Mood_Prod\Screenshots\BuySellMoodCoin_page\EnChrome\Screenshots_allHeaderBuySellMoodCoinPage\difference.png for details.
]]></system-out>
    <system-err><![CDATA[org.openqa.selenium.NoSuchElementException: no such element: Unable to locate element: {"method":"xpath","selector":"//button[@class='accept-cookies-btn']"}
  (Session info: chrome=116.0.5845.182)
For documentation on this error, please visit: https://www.selenium.dev/documentation/webdriver/troubleshooting/errors#no-such-element-exception
Build info: version: '4.11.0', revision: '040bc5406b'
System info: os.name: 'Windows 10', os.arch: 'amd64', os.version: '10.0', java.version: '11.0.2'
Driver info: org.openqa.selenium.chrome.ChromeDriver
Command: [be2fd81fedfdeec5472b5b148d6fd977, findElement {using=xpath, value=//button[@class='accept-cookies-btn']}]
Capabilities {acceptInsecureCerts: false, browserName: chrome, browserVersion: 116.0.5845.182, chrome: {chromedriverVersion: 116.0.5845.96 (1a3918166880..., userDataDir: C:\Users\admin\AppData\Loca...}, fedcm:accounts: true, goog:chromeOptions: {debuggerAddress: localhost:54880}, networkConnectionEnabled: false, pageLoadStrategy: normal, platformName: windows, proxy: Proxy(), se:cdp: ws://localhost:54880/devtoo..., se:cdpVersion: 116.0.5845.182, setWindowRect: true, strictFileInteractability: false, timeouts: {implicit: 0, pageLoad: 300000, script: 30000}, unhandledPromptBehavior: dismiss and notify, webauthn:extension:credBlob: true, webauthn:extension:largeBlob: true, webauthn:extension:minPinLength: true, webauthn:extension:prf: true, webauthn:virtualAuthenticators: true}
Session ID: be2fd81fedfdeec5472b5b148d6fd977
	at java.base/jdk.internal.reflect.NativeConstructorAccessorImpl.newInstance0(Native Method)
	at java.base/jdk.internal.reflect.NativeConstructorAccessorImpl.newInstance(NativeConstructorAccessorImpl.java:62)
	at java.base/jdk.internal.reflect.DelegatingConstructorAccessorImpl.newInstance(DelegatingConstructorAccessorImpl.java:45)
	at java.base/java.lang.reflect.Constructor.newInstance(Constructor.java:490)
	at org.openqa.selenium.remote.codec.w3c.W3CHttpResponseCodec.createException(W3CHttpResponseCodec.java:200)
	at org.openqa.selenium.remote.codec.w3c.W3CHttpResponseCodec.decode(W3CHttpResponseCodec.java:133)
	at org.openqa.selenium.remote.codec.w3c.W3CHttpResponseCodec.decode(W3CHttpResponseCodec.java:52)
	at org.openqa.selenium.remote.HttpCommandExecutor.execute(HttpCommandExecutor.java:191)
	at org.openqa.selenium.remote.service.DriverCommandExecutor.invokeExecute(DriverCommandExecutor.java:196)
	at org.openqa.selenium.remote.service.DriverCommandExecutor.execute(DriverCommandExecutor.java:171)
	at org.openqa.selenium.remote.RemoteWebDriver.execute(RemoteWebDriver.java:518)
	at org.openqa.selenium.remote.ElementLocation$ElementFinder$2.findElement(ElementLocation.java:165)
	at org.openqa.selenium.remote.ElementLocation.findElement(ElementLocation.java:59)
	at org.openqa.selenium.remote.RemoteWebDriver.findElement(RemoteWebDriver.java:355)
	at org.openqa.selenium.remote.RemoteWebDriver.findElement(RemoteWebDriver.java:349)
	at pages.base.Action.findElementByXpath(Action.java:30)
	at pages.base.Action.ifButtonIsPresentClick(Action.java:109)
	at tests.buySellMoodCoinTests.AllPageChromeTests.allHeaderBuySellMoodCoinPage(AllPageChromeTests.java:23)
	at java.base/jdk.internal.reflect.NativeMethodAccessorImpl.invoke0(Native Method)
	at java.base/jdk.internal.reflect.NativeMethodAccessorImpl.invoke(NativeMethodAccessorImpl.java:62)
	at java.base/jdk.internal.reflect.DelegatingMethodAccessorImpl.invoke(DelegatingMethodAccessorImpl.java:43)
	at java.base/java.lang.reflect.Method.invoke(Method.java:566)
	at org.testng.internal.invokers.MethodInvocationHelper.invokeMethod(MethodInvocationHelper.java:139)
	at org.testng.internal.invokers.TestInvoker.invokeMethod(TestInvoker.java:664)
	at org.testng.internal.invokers.TestInvoker.retryFailed(TestInvoker.java:248)
	at org.testng.internal.invokers.MethodRunner.runInSequence(MethodRunner.java:62)
	at org.testng.internal.invokers.TestInvoker$MethodInvocationAgent.invoke(TestInvoker.java:957)
	at org.testng.internal.invokers.TestInvoker.invokeTestMethods(TestInvoker.java:200)
	at org.testng.internal.invokers.TestMethodWorker.invokeTestMethods(TestMethodWorker.java:148)
	at org.testng.internal.invokers.TestMethodWorker.run(TestMethodWorker.java:128)
	at java.base/java.util.ArrayList.forEach(ArrayList.java:1540)
	at org.testng.TestRunner.privateRun(TestRunner.java:848)
	at org.testng.TestRunner.run(TestRunner.java:621)
	at org.testng.SuiteRunner.runTest(SuiteRunner.java:443)
	at org.testng.SuiteRunner.runSequentially(SuiteRunner.java:437)
	at org.testng.SuiteRunner.privateRun(SuiteRunner.java:397)
	at org.testng.SuiteRunner.run(SuiteRunner.java:336)
	at org.testng.SuiteRunnerWorker.runSuite(SuiteRunnerWorker.java:52)
	at org.testng.SuiteRunnerWorker.run(SuiteRunnerWorker.java:95)
	at org.testng.TestNG.runSuitesSequentially(TestNG.java:1280)
	at org.testng.TestNG.runSuitesLocally(TestNG.java:1200)
	at org.testng.TestNG.runSuites(TestNG.java:1114)
	at org.testng.TestNG.run(TestNG.java:1082)
	at org.apache.maven.surefire.testng.TestNGExecutor.run(TestNGExecutor.java:284)
	at org.apache.maven.surefire.testng.TestNGXmlTestSuite.execute(TestNGXmlTestSuite.java:75)
	at org.apache.maven.surefire.testng.TestNGProvider.invoke(TestNGProvider.java:119)
	at org.apache.maven.surefire.booter.ForkedBooter.runSuitesInProcess(ForkedBooter.java:428)
	at org.apache.maven.surefire.booter.ForkedBooter.execute(ForkedBooter.java:162)
	at org.apache.maven.surefire.booter.ForkedBooter.run(ForkedBooter.java:562)
	at org.apache.maven.surefire.booter.ForkedBooter.main(ForkedBooter.java:548)
]]></system-err>
  </testcase>
  <testcase name="getStartedHeaderBuySellMoodCoinPage[https://ai-mood.com/en/buy-sell-aimood-coin, Screenshots/](1)" classname="tests.buySellMoodCoinTests.AllPageChromeTests" time="0">
    <skipped message="*** Images are not similar *** expected [true] but found [false]"/>
    <system-out><![CDATA[The two images are not similar.
Difference found. See the file D:\jenkins-agent-data\workspace\pixelPerfectMultiPlatform_AI_Mood_Prod\Screenshots\BuySellMoodCoin_page\EnChrome\Screenshots_getStartedHeaderBuySellMoodCoinPage\difference.png for details.
]]></system-out>
  </testcase>
  <testcase name="getStartedHeaderBuySellMoodCoinPage[https://ai-mood.com/en/buy-sell-aimood-coin, Screenshots/](2)" classname="tests.buySellMoodCoinTests.AllPageChromeTests" time="0">
    <skipped message="*** Images are not similar *** expected [true] but found [false]"/>
    <system-out><![CDATA[The two images are not similar.
Difference found. See the file D:\jenkins-agent-data\workspace\pixelPerfectMultiPlatform_AI_Mood_Prod\Screenshots\BuySellMoodCoin_page\EnChrome\Screenshots_getStartedHeaderBuySellMoodCoinPage\difference.png for details.
]]></system-out>
  </testcase>
  <testcase name="getStartedHeaderBuySellMoodCoinPage[https://ai-mood.com/en/buy-sell-aimood-coin, Screenshots/](3)" classname="tests.buySellMoodCoinTests.AllPageChromeTests" time="4.846">
    <failure message="*** Images are not similar *** expected [true] but found [false]" type="java.lang.AssertionError"><![CDATA[java.lang.AssertionError: *** Images are not similar *** expected [true] but found [false]
	at tests.buySellMoodCoinTests.AllPageChromeTests.getStartedHeaderBuySellMoodCoinPage(AllPageChromeTests.java:44)
]]></failure>
    <system-out><![CDATA[The two images are not similar.
Difference found. See the file D:\jenkins-agent-data\workspace\pixelPerfectMultiPlatform_AI_Mood_Prod\Screenshots\BuySellMoodCoin_page\EnChrome\Screenshots_getStartedHeaderBuySellMoodCoinPage\difference.png for details.
]]></system-out>
  </testcase>
  <testcase name="learnHeaderBuySellMoodCoinPage[https://ai-mood.com/en/buy-sell-aimood-coin, Screenshots/](1)" classname="tests.buySellMoodCoinTests.AllPageChromeTests" time="0">
    <skipped message="*** Images are not similar *** expected [true] but found [false]"/>
    <system-out><![CDATA[The two images are not similar.
Difference found. See the file D:\jenkins-agent-data\workspace\pixelPerfectMultiPlatform_AI_Mood_Prod\Screenshots\BuySellMoodCoin_page\EnChrome\Screenshots_learnHeaderBuySellMoodCoinPage\difference.png for details.
]]></system-out>
  </testcase>
  <testcase name="learnHeaderBuySellMoodCoinPage[https://ai-mood.com/en/buy-sell-aimood-coin, Screenshots/](2)" classname="tests.buySellMoodCoinTests.AllPageChromeTests" time="0">
    <skipped message="*** Images are not similar *** expected [true] but found [false]"/>
    <system-out><![CDATA[The two images are not similar.
Difference found. See the file D:\jenkins-agent-data\workspace\pixelPerfectMultiPlatform_AI_Mood_Prod\Screenshots\BuySellMoodCoin_page\EnChrome\Screenshots_learnHeaderBuySellMoodCoinPage\difference.png for details.
]]></system-out>
  </testcase>
  <testcase name="learnHeaderBuySellMoodCoinPage[https://ai-mood.com/en/buy-sell-aimood-coin, Screenshots/](3)" classname="tests.buySellMoodCoinTests.AllPageChromeTests" time="5">
    <failure message="*** Images are not similar *** expected [true] but found [false]" type="java.lang.AssertionError"><![CDATA[java.lang.AssertionError: *** Images are not similar *** expected [true] but found [false]
	at tests.buySellMoodCoinTests.AllPageChromeTests.learnHeaderBuySellMoodCoinPage(AllPageChromeTests.java:62)
]]></failure>
    <system-out><![CDATA[The two images are not similar.
Difference found. See the file D:\jenkins-agent-data\workspace\pixelPerfectMultiPlatform_AI_Mood_Prod\Screenshots\BuySellMoodCoin_page\EnChrome\Screenshots_learnHeaderBuySellMoodCoinPage\difference.png for details.
]]></system-out>
  </testcase>
  <testcase name="resourcesHeaderBuySellMoodCoinPage[https://ai-mood.com/en/buy-sell-aimood-coin, Screenshots/](1)" classname="tests.buySellMoodCoinTests.AllPageChromeTests" time="0">
    <skipped message="*** Images are not similar *** expected [true] but found [false]"/>
    <system-out><![CDATA[The two images are not similar.
Difference found. See the file D:\jenkins-agent-data\workspace\pixelPerfectMultiPlatform_AI_Mood_Prod\Screenshots\BuySellMoodCoin_page\EnChrome\Screenshots_resourcesHeaderBuySellMoodCoinPage\difference.png for details.
]]></system-out>
  </testcase>
  <testcase name="resourcesHeaderBuySellMoodCoinPage[https://ai-mood.com/en/buy-sell-aimood-coin, Screenshots/](2)" classname="tests.buySellMoodCoinTests.AllPageChromeTests" time="0">
    <skipped message="*** Images are not similar *** expected [true] but found [false]"/>
    <system-out><![CDATA[The two images are not similar.
Difference found. See the file D:\jenkins-agent-data\workspace\pixelPerfectMultiPlatform_AI_Mood_Prod\Screenshots\BuySellMoodCoin_page\EnChrome\Screenshots_resourcesHeaderBuySellMoodCoinPage\difference.png for details.
]]></system-out>
  </testcase>
  <testcase name="resourcesHeaderBuySellMoodCoinPage[https://ai-mood.com/en/buy-sell-aimood-coin, Screenshots/](3)" classname="tests.buySellMoodCoinTests.AllPageChromeTests" time="4.85">
    <failure message="*** Images are not similar *** expected [true] but found [false]" type="java.lang.AssertionError"><![CDATA[java.lang.AssertionError: *** Images are not similar *** expected [true] but found [false]
	at tests.buySellMoodCoinTests.AllPageChromeTests.resourcesHeaderBuySellMoodCoinPage(AllPageChromeTests.java:80)
]]></failure>
    <system-out><![CDATA[The two images are not similar.
Difference found. See the file D:\jenkins-agent-data\workspace\pixelPerfectMultiPlatform_AI_Mood_Prod\Screenshots\BuySellMoodCoin_page\EnChrome\Screenshots_resourcesHeaderBuySellMoodCoinPage\difference.png for details.
]]></system-out>
  </testcase>
  <testcase name="mainSectionBuySellMoodCoinPage[https://ai-mood.com/en/buy-sell-aimood-coin, Screenshots/](1)" classname="tests.buySellMoodCoinTests.AllPageChromeTests" time="0">
    <skipped message="*** Images are not similar *** expected [true] but found [false]"/>
    <system-out><![CDATA[The two images are not similar.
Difference found. See the file D:\jenkins-agent-data\workspace\pixelPerfectMultiPlatform_AI_Mood_Prod\Screenshots\BuySellMoodCoin_page\EnChrome\Screenshots_mainSectionBuySellMoodCoinPage\difference.png for details.
]]></system-out>
  </testcase>
  <testcase name="mainSectionBuySellMoodCoinPage[https://ai-mood.com/en/buy-sell-aimood-coin, Screenshots/](2)" classname="tests.buySellMoodCoinTests.AllPageChromeTests" time="0">
    <skipped message="*** Images are not similar *** expected [true] but found [false]"/>
    <system-out><![CDATA[The two images are not similar.
Difference found. See the file D:\jenkins-agent-data\workspace\pixelPerfectMultiPlatform_AI_Mood_Prod\Screenshots\BuySellMoodCoin_page\EnChrome\Screenshots_mainSectionBuySellMoodCoinPage\difference.png for details.
]]></system-out>
  </testcase>
  <testcase name="mainSectionBuySellMoodCoinPage[https://ai-mood.com/en/buy-sell-aimood-coin, Screenshots/](3)" classname="tests.buySellMoodCoinTests.AllPageChromeTests" time="6.944">
    <failure message="*** Images are not similar *** expected [true] but found [false]" type="java.lang.AssertionError"><![CDATA[java.lang.AssertionError: *** Images are not similar *** expected [true] but found [false]
	at tests.buySellMoodCoinTests.AllPageChromeTests.mainSectionBuySellMoodCoinPage(AllPageChromeTests.java:116)
]]></failure>
    <system-out><![CDATA[The two images are not similar.
Difference found. See the file D:\jenkins-agent-data\workspace\pixelPerfectMultiPlatform_AI_Mood_Prod\Screenshots\BuySellMoodCoin_page\EnChrome\Screenshots_mainSectionBuySellMoodCoinPage\difference.png for details.
]]></system-out>
  </testcase>
  <testcase name="allFooterBuySellMoodCoinPage[https://ai-mood.com/en/buy-sell-aimood-coin, Screenshots/](1)" classname="tests.buySellMoodCoinTests.AllPageChromeTests" time="6.385">
    <system-out><![CDATA[The two images are similar.
]]></system-out>
  </testcase>
  <testcase name="allHeaderTokenMoodPage[https://ai-mood.com/en/token-mood, Screenshots/](1)" classname="tests.tokenMoodPageTests.AllPageFirefoxTests" time="0">
    <skipped message="*** Images are not similar *** expected [true] but found [false]"/>
    <system-out><![CDATA[The two images are not similar.
Difference found. See the file D:\jenkins-agent-data\workspace\pixelPerfectMultiPlatform_AI_Mood_Prod\Screenshots\TokenMood_page\EnFirefox\Screenshots_allHeaderTokenMoodPage\difference.png for details.
]]></system-out>
  </testcase>
  <testcase name="allHeaderTokenMoodPage[https://ai-mood.com/en/token-mood, Screenshots/](2)" classname="tests.tokenMoodPageTests.AllPageFirefoxTests" time="0">
    <skipped message="*** Images are not similar *** expected [true] but found [false]"/>
    <system-out><![CDATA[The two images are not similar.
Difference found. See the file D:\jenkins-agent-data\workspace\pixelPerfectMultiPlatform_AI_Mood_Prod\Screenshots\TokenMood_page\EnFirefox\Screenshots_allHeaderTokenMoodPage\difference.png for details.
]]></system-out>
    <system-err><![CDATA[org.openqa.selenium.NoSuchElementException: Unable to locate element: //button[@class='accept-cookies-btn']
For documentation on this error, please visit: https://www.selenium.dev/documentation/webdriver/troubleshooting/errors#no-such-element-exception
Build info: version: '4.11.0', revision: '040bc5406b'
System info: os.name: 'Windows 10', os.arch: 'amd64', os.version: '10.0', java.version: '11.0.2'
Driver info: org.openqa.selenium.firefox.FirefoxDriver
Command: [78f8ebae-7caf-4fec-bede-51a05a12c1ed, findElement {using=xpath, value=//button[@class='accept-cookies-btn']}]
Capabilities {acceptInsecureCerts: true, browserName: firefox, browserVersion: 117.0, moz:accessibilityChecks: false, moz:buildID: 20230824132758, moz:debuggerAddress: 127.0.0.1:42123, moz:geckodriverVersion: 0.33.0, moz:headless: false, moz:platformVersion: 10.0, moz:processID: 7628, moz:profile: C:\Users\admin\AppData\Loca..., moz:shutdownTimeout: 60000, moz:webdriverClick: true, moz:windowless: false, pageLoadStrategy: normal, platformName: windows, proxy: Proxy(), se:cdp: ws://127.0.0.1:42123/devtoo..., se:cdpVersion: 85.0, setWindowRect: true, strictFileInteractability: false, timeouts: {implicit: 0, pageLoad: 300000, script: 30000}, unhandledPromptBehavior: dismiss and notify}
Session ID: 78f8ebae-7caf-4fec-bede-51a05a12c1ed
	at java.base/jdk.internal.reflect.NativeConstructorAccessorImpl.newInstance0(Native Method)
	at java.base/jdk.internal.reflect.NativeConstructorAccessorImpl.newInstance(NativeConstructorAccessorImpl.java:62)
	at java.base/jdk.internal.reflect.DelegatingConstructorAccessorImpl.newInstance(DelegatingConstructorAccessorImpl.java:45)
	at java.base/java.lang.reflect.Constructor.newInstance(Constructor.java:490)
	at org.openqa.selenium.remote.codec.w3c.W3CHttpResponseCodec.createException(W3CHttpResponseCodec.java:200)
	at org.openqa.selenium.remote.codec.w3c.W3CHttpResponseCodec.decode(W3CHttpResponseCodec.java:133)
[...]
	at org.apache.maven.surefire.booter.ForkedBooter.runSuitesInProcess(ForkedBooter.java:428)
	at org.apache.maven.surefire.booter.ForkedBooter.execute(ForkedBooter.java:162)
	at org.apache.maven.surefire.booter.ForkedBooter.run(ForkedBooter.java:562)
	at org.apache.maven.surefire.booter.ForkedBooter.main(ForkedBooter.java:548)
]]></system-err>
  </testcase>
  <testcase name="allHeaderStakingPage[https://ai-mood.com/en/stake-delegate, Screenshots/](3)" classname="tests.stakingPageTests.AllPageChromeTests" time="20.672">
    <failure message="*** Images are not similar *** expected [true] but found [false]" type="java.lang.AssertionError"><![CDATA[java.lang.AssertionError: *** Images are not similar *** expected [true] but found [false]
	at tests.stakingPageTests.AllPageChromeTests.allHeaderStakingPage(AllPageChromeTests.java:26)
]]></failure>
    <system-out><![CDATA[The two images are not similar.
Difference found. See the file D:\jenkins-agent-data\workspace\pixelPerfectMultiPlatform_AI_Mood_Prod\Screenshots\Staking_page\EnChrome\Screenshots_allHeaderStakingPage\difference.png for details.
]]></system-out>
    <system-err><![CDATA[org.openqa.selenium.NoSuchElementException: no such element: Unable to locate element: {"method":"xpath","selector":"//button[@class='accept-cookies-btn']"}
  (Session info: chrome=116.0.5845.182)
For documentation on this error, please visit: https://www.selenium.dev/documentation/webdriver/troubleshooting/errors#no-such-element-exception
Build info: version: '4.11.0', revision: '040bc5406b'
System info: os.name: 'Windows 10', os.arch: 'amd64', os.version: '10.0', java.version: '11.0.2'
Driver info: org.openqa.selenium.chrome.ChromeDriver
Command: [86df9276fd5060d0afb80c7d5fa95e13, findElement {using=xpath, value=//button[@class='accept-cookies-btn']}]
Capabilities {acceptInsecureCerts: false, browserName: chrome, browserVersion: 116.0.5845.182, chrome: {chromedriverVersion: 116.0.5845.96 (1a3918166880..., userDataDir: C:\Users\admin\AppData\Loca...}, fedcm:accounts: true, goog:chromeOptions: {debuggerAddress: localhost:57158}, networkConnectionEnabled: false, pageLoadStrategy: normal, platformName: windows, proxy: Proxy(), se:cdp: ws://localhost:57158/devtoo..., se:cdpVersion: 116.0.5845.182, setWindowRect: true, strictFileInteractability: false, timeouts: {implicit: 0, pageLoad: 300000, script: 30000}, unhandledPromptBehavior: dismiss and notify, webauthn:extension:credBlob: true, webauthn:extension:largeBlob: true, webauthn:extension:minPinLength: true, webauthn:extension:prf: true, webauthn:virtualAuthenticators: true}
Session ID: 86df9276fd5060d0afb80c7d5fa95e13
	at java.base/jdk.internal.reflect.NativeConstructorAccessorImpl.newInstance0(Native Method)
	at java.base/jdk.internal.reflect.NativeConstructorAccessorImpl.newInstance(NativeConstructorAccessorImpl.java:62)
	at java.base/jdk.internal.reflect.DelegatingConstructorAccessorImpl.newInstance(DelegatingConstructorAccessorImpl.java:45)
	at java.base/java.lang.reflect.Constructor.newInstance(Constructor.java:490)
	at org.openqa.selenium.remote.codec.w3c.W3CHttpResponseCodec.createException(W3CHttpResponseCodec.java:200)
	at org.openqa.selenium.remote.codec.w3c.W3CHttpResponseCodec.decode(W3CHttpResponseCodec.java:133)
	at org.openqa.selenium.remote.codec.w3c.W3CHttpResponseCodec.decode(W3CHttpResponseCodec.java:52)
	at org.openqa.selenium.remote.HttpCommandExecutor.execute(HttpCommandExecutor.java:191)
	at org.openqa.selenium.remote.service.DriverCommandExecutor.invokeExecute(DriverCommandExecutor.java:196)
	at org.openqa.selenium.remote.service.DriverCommandExecutor.execute(DriverCommandExecutor.java:171)
	at org.openqa.selenium.remote.RemoteWebDriver.execute(RemoteWebDriver.java:518)
	at org.openqa.selenium.remote.ElementLocation$ElementFinder$2.findElement(ElementLocation.java:165)
	at org.openqa.selenium.remote.ElementLocation.findElement(ElementLocation.java:59)
	at org.openqa.selenium.remote.RemoteWebDriver.findElement(RemoteWebDriver.java:355)
	at org.openqa.selenium.remote.RemoteWebDriver.findElement(RemoteWebDriver.java:349)
	at pages.base.Action.findElementByXpath(Action.java:30)
	at pages.base.Action.ifButtonIsPresentClick(Action.java:109)
	at tests.stakingPageTests.AllPageChromeTests.allHeaderStakingPage(AllPageChromeTests.java:23)
	at java.base/jdk.internal.reflect.NativeMethodAccessorImpl.invoke0(Native Method)
	at java.base/jdk.internal.reflect.NativeMethodAccessorImpl.invoke(NativeMethodAccessorImpl.java:62)
	at java.base/jdk.internal.reflect.DelegatingMethodAccessorImpl.invoke(DelegatingMethodAccessorImpl.java:43)
	at java.base/java.lang.reflect.Method.invoke(Method.java:566)
	at org.testng.internal.invokers.MethodInvocationHelper.invokeMethod(MethodInvocationHelper.java:139)
	at org.testng.internal.invokers.TestInvoker.invokeMethod(TestInvoker.java:664)
	at org.testng.internal.invokers.TestInvoker.retryFailed(TestInvoker.java:248)
	at org.testng.internal.invokers.MethodRunner.runInSequence(MethodRunner.java:62)
	at org.testng.internal.invokers.TestInvoker$MethodInvocationAgent.invoke(TestInvoker.java:957)
	at org.testng.internal.invokers.TestInvoker.invokeTestMethods(TestInvoker.java:200)
	at org.testng.internal.invokers.TestMethodWorker.invokeTestMethods(TestMethodWorker.java:148)
	at org.testng.internal.invokers.TestMethodWorker.run(TestMethodWorker.java:128)
	at java.base/java.util.ArrayList.forEach(ArrayList.java:1540)
	at org.testng.TestRunner.privateRun(TestRunner.java:848)
	at org.testng.TestRunner.run(TestRunner.java:621)
	at org.testng.SuiteRunner.runTest(SuiteRunner.java:443)
	at org.testng.SuiteRunner.runSequentially(SuiteRunner.java:437)
	at org.testng.SuiteRunner.privateRun(SuiteRunner.java:397)
	at org.testng.SuiteRunner.run(SuiteRunner.java:336)
	at org.testng.SuiteRunnerWorker.runSuite(SuiteRunnerWorker.java:52)
	at org.testng.SuiteRunnerWorker.run(SuiteRunnerWorker.java:95)
	at org.testng.TestNG.runSuitesSequentially(TestNG.java:1280)
	at org.testng.TestNG.runSuitesLocally(TestNG.java:1200)
	at org.testng.TestNG.runSuites(TestNG.java:1114)
	at org.testng.TestNG.run(TestNG.java:1082)
	at org.apache.maven.surefire.testng.TestNGExecutor.run(TestNGExecutor.java:284)
	at org.apache.maven.surefire.testng.TestNGXmlTestSuite.execute(TestNGXmlTestSuite.java:75)
	at org.apache.maven.surefire.testng.TestNGProvider.invoke(TestNGProvider.java:119)
	at org.apache.maven.surefire.booter.ForkedBooter.runSuitesInProcess(ForkedBooter.java:428)
	at org.apache.maven.surefire.booter.ForkedBooter.execute(ForkedBooter.java:162)
	at org.apache.maven.surefire.booter.ForkedBooter.run(ForkedBooter.java:562)
	at org.apache.maven.surefire.booter.ForkedBooter.main(ForkedBooter.java:548)
]]></system-err>
  </testcase>
  <testcase name="getStartedHeaderStakingPage[https://ai-mood.com/en/stake-delegate, Screenshots/](1)" classname="tests.stakingPageTests.AllPageChromeTests" time="0">
    <skipped message="*** Images are not similar *** expected [true] but found [false]"/>
    <system-out><![CDATA[The two images are not similar.
Difference found. See the file D:\jenkins-agent-data\workspace\pixelPerfectMultiPlatform_AI_Mood_Prod\Screenshots\Staking_page\EnChrome\Screenshots_getStartedHeaderStakingPage\difference.png for details.
]]></system-out>
  </testcase>
  <testcase name="getStartedHeaderStakingPage[https://ai-mood.com/en/stake-delegate, Screenshots/](2)" classname="tests.stakingPageTests.AllPageChromeTests" time="0">
    <skipped message="*** Images are not similar *** expected [true] but found [false]"/>
    <system-out><![CDATA[The two images are not similar.
Difference found. See the file D:\jenkins-agent-data\workspace\pixelPerfectMultiPlatform_AI_Mood_Prod\Screenshots\Staking_page\EnChrome\Screenshots_getStartedHeaderStakingPage\difference.png for details.
]]></system-out>
  </testcase>
  <testcase name="getStartedHeaderStakingPage[https://ai-mood.com/en/stake-delegate, Screenshots/](3)" classname="tests.stakingPageTests.AllPageChromeTests" time="5.8">
    <failure message="*** Images are not similar *** expected [true] but found [false]" type="java.lang.AssertionError"><![CDATA[java.lang.AssertionError: *** Images are not similar *** expected [true] but found [false]
	at tests.stakingPageTests.AllPageChromeTests.getStartedHeaderStakingPage(AllPageChromeTests.java:44)
]]></failure>
    <system-out><![CDATA[The two images are not similar.
Difference found. See the file D:\jenkins-agent-data\workspace\pixelPerfectMultiPlatform_AI_Mood_Prod\Screenshots\Staking_page\EnChrome\Screenshots_getStartedHeaderStakingPage\difference.png for details.
]]></system-out>
  </testcase>
  <testcase name="learnHeaderStakingPage[https://ai-mood.com/en/stake-delegate, Screenshots/](1)" classname="tests.stakingPageTests.AllPageChromeTests" time="0">
    <skipped message="*** Images are not similar *** expected [true] but found [false]"/>
    <system-out><![CDATA[The two images are not similar.
Difference found. See the file D:\jenkins-agent-data\workspace\pixelPerfectMultiPlatform_AI_Mood_Prod\Screenshots\Staking_page\EnChrome\Screenshots_learnHeaderStakingPage\difference.png for details.
]]></system-out>
  </testcase>
  <testcase name="learnHeaderStakingPage[https://ai-mood.com/en/stake-delegate, Screenshots/](2)" classname="tests.stakingPageTests.AllPageChromeTests" time="0">
    <skipped message="*** Images are not similar *** expected [true] but found [false]"/>
    <system-out><![CDATA[The two images are not similar.
Difference found. See the file D:\jenkins-agent-data\workspace\pixelPerfectMultiPlatform_AI_Mood_Prod\Screenshots\Staking_page\EnChrome\Screenshots_learnHeaderStakingPage\difference.png for details.
]]></system-out>
  </testcase>
  <testcase name="learnHeaderStakingPage[https://ai-mood.com/en/stake-delegate, Screenshots/](3)" classname="tests.stakingPageTests.AllPageChromeTests" time="5.817">
    <failure message="*** Images are not similar *** expected [true] but found [false]" type="java.lang.AssertionError"><![CDATA[java.lang.AssertionError: *** Images are not similar *** expected [true] but found [false]
	at tests.stakingPageTests.AllPageChromeTests.learnHeaderStakingPage(AllPageChromeTests.java:62)
]]></failure>
    <system-out><![CDATA[The two images are not similar.
Difference found. See the file D:\jenkins-agent-data\workspace\pixelPerfectMultiPlatform_AI_Mood_Prod\Screenshots\Staking_page\EnChrome\Screenshots_learnHeaderStakingPage\difference.png for details.
]]></system-out>
  </testcase>
  <testcase name="resourcesHeaderStakingPage[https://ai-mood.com/en/stake-delegate, Screenshots/](1)" classname="tests.stakingPageTests.AllPageChromeTests" time="0">
    <skipped message="*** Images are not similar *** expected [true] but found [false]"/>
    <system-out><![CDATA[The two images are not similar.
Difference found. See the file D:\jenkins-agent-data\workspace\pixelPerfectMultiPlatform_AI_Mood_Prod\Screenshots\Staking_page\EnChrome\Screenshots_resourcesHeaderStakingPage\difference.png for details.
]]></system-out>
  </testcase>
  <testcase name="resourcesHeaderStakingPage[https://ai-mood.com/en/stake-delegate, Screenshots/](2)" classname="tests.stakingPageTests.AllPageChromeTests" time="0">
    <skipped message="*** Images are not similar *** expected [true] but found [false]"/>
    <system-out><![CDATA[The two images are not similar.
Difference found. See the file D:\jenkins-agent-data\workspace\pixelPerfectMultiPlatform_AI_Mood_Prod\Screenshots\Staking_page\EnChrome\Screenshots_resourcesHeaderStakingPage\difference.png for details.
]]></system-out>
  </testcase>
  <testcase name="resourcesHeaderStakingPage[https://ai-mood.com/en/stake-delegate, Screenshots/](3)" classname="tests.stakingPageTests.AllPageChromeTests" time="5.782">
    <failure message="*** Images are not similar *** expected [true] but found [false]" type="java.lang.AssertionError"><![CDATA[java.lang.AssertionError: *** Images are not similar *** expected [true] but found [false]
	at tests.stakingPageTests.AllPageChromeTests.resourcesHeaderStakingPage(AllPageChromeTests.java:80)
]]></failure>
    <system-out><![CDATA[The two images are not similar.
Difference found. See the file D:\jenkins-agent-data\workspace\pixelPerfectMultiPlatform_AI_Mood_Prod\Screenshots\Staking_page\EnChrome\Screenshots_resourcesHeaderStakingPage\difference.png for details.
]]></system-out>
  </testcase>
  <testcase name="mainSectionStakingPage[https://ai-mood.com/en/stake-delegate, Screenshots/](1)" classname="tests.stakingPageTests.AllPageChromeTests" time="0">
    <skipped message="*** Images are not similar *** expected [true] but found [false]"/>
    <system-out><![CDATA[The two images are not similar.
Difference found. See the file D:\jenkins-agent-data\workspace\pixelPerfectMultiPlatform_AI_Mood_Prod\Screenshots\Staking_page\EnChrome\Screenshots_mainSectionStakingPage\difference.png for details.
]]></system-out>
  </testcase>
  <testcase name="mainSectionStakingPage[https://ai-mood.com/en/stake-delegate, Screenshots/](2)" classname="tests.stakingPageTests.AllPageChromeTests" time="0">
    <skipped message="*** Images are not similar *** expected [true] but found [false]"/>
    <system-out><![CDATA[The two images are not similar.
Difference found. See the file D:\jenkins-agent-data\workspace\pixelPerfectMultiPlatform_AI_Mood_Prod\Screenshots\Staking_page\EnChrome\Screenshots_mainSectionStakingPage\difference.png for details.
]]></system-out>
  </testcase>
  <testcase name="mainSectionStakingPage[https://ai-mood.com/en/stake-delegate, Screenshots/](3)" classname="tests.stakingPageTests.AllPageChromeTests" time="7.044">
    <failure message="*** Images are not similar *** expected [true] but found [false]" type="java.lang.AssertionError"><![CDATA[java.lang.AssertionError: *** Images are not similar *** expected [true] but found [false]
	at tests.stakingPageTests.AllPageChromeTests.mainSectionStakingPage(AllPageChromeTests.java:116)
]]></failure>
    <system-out><![CDATA[The two images are not similar.
Difference found. See the file D:\jenkins-agent-data\workspace\pixelPerfectMultiPlatform_AI_Mood_Prod\Screenshots\Staking_page\EnChrome\Screenshots_mainSectionStakingPage\difference.png for details.
]]></system-out>
  </testcase>
  <testcase name="delegatedSectionStakingPage[https://ai-mood.com/en/stake-delegate, Screenshots/](1)" classname="tests.stakingPageTests.AllPageChromeTests" time="0">
    <skipped message="*** Images are not similar *** expected [true] but found [false]"/>
    <system-out><![CDATA[The two images are not similar.
Difference found. See the file D:\jenkins-agent-data\workspace\pixelPerfectMultiPlatform_AI_Mood_Prod\Screenshots\Staking_page\EnChrome\Screenshots_delegatedSectionStakingPage\difference.png for details.
]]></system-out>
  </testcase>
  <testcase name="delegatedSectionStakingPage[https://ai-mood.com/en/stake-delegate, Screenshots/](2)" classname="tests.stakingPageTests.AllPageChromeTests" time="0">
    <skipped message="*** Images are not similar *** expected [true] but found [false]"/>
    <system-out><![CDATA[The two images are not similar.
Difference found. See the file D:\jenkins-agent-data\workspace\pixelPerfectMultiPlatform_AI_Mood_Prod\Screenshots\Staking_page\EnChrome\Screenshots_delegatedSectionStakingPage\difference.png for details.
]]></system-out>
  </testcase>
  <testcase name="delegatedSectionStakingPage[https://ai-mood.com/en/stake-delegate, Screenshots/](3)" classname="tests.stakingPageTests.AllPageChromeTests" time="9.382">
    <failure message="*** Images are not similar *** expected [true] but found [false]" type="java.lang.AssertionError"><![CDATA[java.lang.AssertionError: *** Images are not similar *** expected [true] but found [false]
	at tests.stakingPageTests.AllPageChromeTests.delegatedSectionStakingPage(AllPageChromeTests.java:135)
]]></failure>
    <system-out><![CDATA[The two images are not similar.
Difference found. See the file D:\jenkins-agent-data\workspace\pixelPerfectMultiPlatform_AI_Mood_Prod\Screenshots\Staking_page\EnChrome\Screenshots_delegatedSectionStakingPage\difference.png for details.
]]></system-out>
  </testcase>
  <testcase name="calcStakSectionStakingPage[https://ai-mood.com/en/stake-delegate, Screenshots/](1)" classname="tests.stakingPageTests.AllPageChromeTests" time="0">
    <skipped message="*** Images are not similar *** expected [true] but found [false]"/>
    <system-out><![CDATA[(0.13% 24H)
~0.13
2864.2900
The two images are not similar.
Difference found. See the file D:\jenkins-agent-data\workspace\pixelPerfectMultiPlatform_AI_Mood_Prod\Screenshots\Staking_page\EnChrome\Screenshots_calcStakSectionStakingPage\difference.png for details.
]]></system-out>
  </testcase>
  <testcase name="calcStakSectionStakingPage[https://ai-mood.com/en/stake-delegate, Screenshots/](2)" classname="tests.stakingPageTests.AllPageChromeTests" time="0">
    <skipped message="*** Images are not similar *** expected [true] but found [false]"/>
    <system-out><![CDATA[(0.13% 24H)
~0.13
2864.2900
The two images are not similar.
Difference found. See the file D:\jenkins-agent-data\workspace\pixelPerfectMultiPlatform_AI_Mood_Prod\Screenshots\Staking_page\EnChrome\Screenshots_calcStakSectionStakingPage\difference.png for details.
]]></system-out>
  </testcase>
  <testcase name="calcStakSectionStakingPage[https://ai-mood.com/en/stake-delegate, Screenshots/](3)" classname="tests.stakingPageTests.AllPageChromeTests" time="9.75">
    <failure message="*** Images are not similar *** expected [true] but found [false]" type="java.lang.AssertionError"><![CDATA[java.lang.AssertionError: *** Images are not similar *** expected [true] but found [false]
	at tests.stakingPageTests.AllPageChromeTests.calcStakSectionStakingPage(AllPageChromeTests.java:164)
]]></failure>
    <system-out><![CDATA[(0.13% 24H)
~0.13
2864.2900
The two images are not similar.
Difference found. See the file D:\jenkins-agent-data\workspace\pixelPerfectMultiPlatform_AI_Mood_Prod\Screenshots\Staking_page\EnChrome\Screenshots_calcStakSectionStakingPage\difference.png for details.
]]></system-out>
  </testcase>
  <testcase name="allFooterStakingPage[https://ai-mood.com/en/stake-delegate, Screenshots/](1)" classname="tests.stakingPageTests.AllPageChromeTests" time="0">
    <skipped message="*** Images are not similar *** expected [true] but found [false]"/>
    <system-out><![CDATA[The two images are not similar.
Difference found. See the file D:\jenkins-agent-data\workspace\pixelPerfectMultiPlatform_AI_Mood_Prod\Screenshots\Staking_page\EnChrome\Screenshots_allFooterStakingPage\difference.png for details.
]]></system-out>
  </testcase>
  <testcase name="allFooterStakingPage[https://ai-mood.com/en/stake-delegate, Screenshots/](2)" classname="tests.stakingPageTests.AllPageChromeTests" time="0">
    <skipped message="*** Images are not similar *** expected [true] but found [false]"/>
    <system-out><![CDATA[The two images are not similar.
Difference found. See the file D:\jenkins-agent-data\workspace\pixelPerfectMultiPlatform_AI_Mood_Prod\Screenshots\Staking_page\EnChrome\Screenshots_allFooterStakingPage\difference.png for details.
]]></system-out>
  </testcase>
  <testcase name="allFooterStakingPage[https://ai-mood.com/en/stake-delegate, Screenshots/](3)" classname="tests.stakingPageTests.AllPageChromeTests" time="6.029">
    <failure message="*** Images are not similar *** expected [true] but found [false]" type="java.lang.AssertionError"><![CDATA[java.lang.AssertionError: *** Images are not similar *** expected [true] but found [false]
	at tests.stakingPageTests.AllPageChromeTests.allFooterStakingPage(AllPageChromeTests.java:185)
]]></failure>
    <system-out><![CDATA[The two images are not similar.
Difference found. See the file D:\jenkins-agent-data\workspace\pixelPerfectMultiPlatform_AI_Mood_Prod\Screenshots\Staking_page\EnChrome\Screenshots_allFooterStakingPage\difference.png for details.
]]></system-out>
  </testcase>
</testsuite>