-------------------------------------------------------------------------------
Test set: TestSuite
-------------------------------------------------------------------------------
Tests run: 58, Failures: 19, Errors: 0, Skipped: 38, Time elapsed: 318.712 s <<< FAILURE! - in TestSuite
tests.tokenMoodPageTests.AllPageFirefoxTests.allHeaderTokenMoodPage[https://ai-mood.com/en/block-explorer, Screenshots/](3)  Time elapsed: 18.534 s  <<< FAILURE!
java.lang.AssertionError: *** Images are not similar *** expected [true] but found [false]
	at tests.tokenMoodPageTests.AllPageFirefoxTests.allHeaderTokenMoodPage(AllPageFirefoxTests.java:26)

tests.tokenMoodPageTests.AllPageFirefoxTests.getStartedHeaderTokenMoodPage[https://ai-mood.com/en/block-explorer, Screenshots/](3)  Time elapsed: 3.577 s  <<< FAILURE!
java.lang.AssertionError: *** Images are not similar *** expected [true] but found [false]
	at tests.tokenMoodPageTests.AllPageFirefoxTests.getStartedHeaderTokenMoodPage(AllPageFirefoxTests.java:44)

tests.tokenMoodPageTests.AllPageFirefoxTests.learnHeaderTokenMoodPage[https://ai-mood.com/en/block-explorer, Screenshots/](3)  Time elapsed: 3.516 s  <<< FAILURE!
java.lang.AssertionError: *** Images are not similar *** expected [true] but found [false]
	at tests.tokenMoodPageTests.AllPageFirefoxTests.learnHeaderTokenMoodPage(AllPageFirefoxTests.java:62)

tests.tokenMoodPageTests.AllPageFirefoxTests.resourcesHeaderTokenMoodPage[https://ai-mood.com/en/block-explorer, Screenshots/](3)  Time elapsed: 3.557 s  <<< FAILURE!
java.lang.AssertionError: *** Images are not similar *** expected [true] but found [false]
	at tests.tokenMoodPageTests.AllPageFirefoxTests.resourcesHeaderTokenMoodPage(AllPageFirefoxTests.java:80)

tests.tokenMoodPageTests.AllPageFirefoxTests.mainSectionTokenMoodPage[https://ai-mood.com/en/block-explorer, Screenshots/](3)  Time elapsed: 4.593 s  <<< FAILURE!
java.lang.AssertionError: *** Images are not similar *** expected [true] but found [false]
	at tests.tokenMoodPageTests.AllPageFirefoxTests.mainSectionTokenMoodPage(AllPageFirefoxTests.java:118)

tests.tokenMoodPageTests.AllPageFirefoxTests.statisticsSectionTokenMoodPage[https://ai-mood.com/en/block-explorer, Screenshots/](3)  Time elapsed: 5.089 s  <<< FAILURE!
java.lang.AssertionError: *** Images are not similar *** expected [true] but found [false]
	at tests.tokenMoodPageTests.AllPageFirefoxTests.statisticsSectionTokenMoodPage(AllPageFirefoxTests.java:137)

tests.tokenMoodPageTests.AllPageFirefoxTests.allFooterTokenMoodPage[https://ai-mood.com/en/block-explorer, Screenshots/](3)  Time elapsed: 4.617 s  <<< FAILURE!
java.lang.AssertionError: *** Images are not similar *** expected [true] but found [false]
	at tests.tokenMoodPageTests.AllPageFirefoxTests.allFooterTokenMoodPage(AllPageFirefoxTests.java:158)

tests.tokenMoodPageTests.AllPageFirefoxTests.partnFooterTokenMoodPage[https://ai-mood.com/en/block-explorer, Screenshots/](3)  Time elapsed: 4.416 s  <<< FAILURE!
java.lang.AssertionError: *** Images are not similar *** expected [true] but found [false]
	at tests.tokenMoodPageTests.AllPageFirefoxTests.partnFooterTokenMoodPage(AllPageFirefoxTests.java:177)

tests.tokenMoodPageTests.AllPageFirefoxTests.subFooterTokenMoodPage[https://ai-mood.com/en/block-explorer, Screenshots/](3)  Time elapsed: 4.376 s  <<< FAILURE!
java.lang.AssertionError: *** Images are not similar *** expected [true] but found [false]
	at tests.tokenMoodPageTests.AllPageFirefoxTests.subFooterTokenMoodPage(AllPageFirefoxTests.java:196)

tests.tokenMoodPageTests.AllPageFirefoxTests.copFooterTokenMoodPage[https://ai-mood.com/en/block-explorer, Screenshots/](3)  Time elapsed: 3.472 s  <<< FAILURE!
java.lang.AssertionError: *** Images are not similar *** expected [true] but found [false]
	at tests.tokenMoodPageTests.AllPageFirefoxTests.copFooterTokenMoodPage(AllPageFirefoxTests.java:215)

tests.tokenMoodPageTests.AllPageChromeTests.allHeaderTokenMoodPage[https://ai-mood.com/en/block-explorer, Screenshots/](3)  Time elapsed: 18.743 s  <<< FAILURE!
java.lang.AssertionError: *** Images are not similar *** expected [true] but found [false]
	at tests.tokenMoodPageTests.AllPageChromeTests.allHeaderTokenMoodPage(AllPageChromeTests.java:26)

tests.tokenMoodPageTests.AllPageChromeTests.getStartedHeaderTokenMoodPage[https://ai-mood.com/en/block-explorer, Screenshots/](3)  Time elapsed: 3.814 s  <<< FAILURE!
java.lang.AssertionError: *** Images are not similar *** expected [true] but found [false]
	at tests.tokenMoodPageTests.AllPageChromeTests.getStartedHeaderTokenMoodPage(AllPageChromeTests.java:44)

tests.tokenMoodPageTests.AllPageChromeTests.learnHeaderTokenMoodPage[https://ai-mood.com/en/block-explorer, Screenshots/](3)  Time elapsed: 3.817 s  <<< FAILURE!
java.lang.AssertionError: *** Images are not similar *** expected [true] but found [false]
	at tests.tokenMoodPageTests.AllPageChromeTests.learnHeaderTokenMoodPage(AllPageChromeTests.java:62)

tests.tokenMoodPageTests.AllPageChromeTests.resourcesHeaderTokenMoodPage[https://ai-mood.com/en/block-explorer, Screenshots/](3)  Time elapsed: 3.799 s  <<< FAILURE!
java.lang.AssertionError: *** Images are not similar *** expected [true] but found [false]
	at tests.tokenMoodPageTests.AllPageChromeTests.resourcesHeaderTokenMoodPage(AllPageChromeTests.java:80)

tests.tokenMoodPageTests.AllPageChromeTests.mainSectionTokenMoodPage[https://ai-mood.com/en/block-explorer, Screenshots/](3)  Time elapsed: 4.844 s  <<< FAILURE!
java.lang.AssertionError: *** Images are not similar *** expected [true] but found [false]
	at tests.tokenMoodPageTests.AllPageChromeTests.mainSectionTokenMoodPage(AllPageChromeTests.java:118)

tests.tokenMoodPageTests.AllPageChromeTests.statisticsSectionTokenMoodPage[https://ai-mood.com/en/block-explorer, Screenshots/](3)  Time elapsed: 5.522 s  <<< FAILURE!
java.lang.AssertionError: *** Images are not similar *** expected [true] but found [false]
	at tests.tokenMoodPageTests.AllPageChromeTests.statisticsSectionTokenMoodPage(AllPageChromeTests.java:137)

tests.tokenMoodPageTests.AllPageChromeTests.allFooterTokenMoodPage[https://ai-mood.com/en/block-explorer, Screenshots/](3)  Time elapsed: 4.961 s  <<< FAILURE!
java.lang.AssertionError: *** Images are not similar *** expected [true] but found [false]
	at tests.tokenMoodPageTests.AllPageChromeTests.allFooterTokenMoodPage(AllPageChromeTests.java:158)

tests.tokenMoodPageTests.AllPageChromeTests.partnFooterTokenMoodPage[https://ai-mood.com/en/block-explorer, Screenshots/](3)  Time elapsed: 4.681 s  <<< FAILURE!
java.lang.AssertionError: *** Images are not similar *** expected [true] but found [false]
	at tests.tokenMoodPageTests.AllPageChromeTests.partnFooterTokenMoodPage(AllPageChromeTests.java:177)

tests.tokenMoodPageTests.AllPageChromeTests.copFooterTokenMoodPage[https://ai-mood.com/en/block-explorer, Screenshots/](3)  Time elapsed: 3.716 s  <<< FAILURE!
java.lang.AssertionError: *** Images are not similar *** expected [true] but found [false]
	at tests.tokenMoodPageTests.AllPageChromeTests.copFooterTokenMoodPage(AllPageChromeTests.java:215)

