<?xml version="1.0" encoding="UTF-8"?>
<testng-results ignored="0" total="18" passed="18" failed="0" skipped="0">
  <reporter-output>
  </reporter-output>
  <suite started-at="2023-08-25T10:42:00 EEST" name="WPT" finished-at="2023-08-25T10:43:40 EEST" duration-ms="100468">
    <groups>
    </groups>
    <test started-at="2023-08-25T10:42:00 EEST" name="ai-mood - Pixel perfect regression" finished-at="2023-08-25T10:43:40 EEST" duration-ms="100468">
      <class name="tests.fundPageTests.AllPageFirefoxTests">
        <test-method is-config="true" signature="setUp()[pri:0, instance:tests.fundPageTests.AllPageFirefoxTests@53fdffa1]" started-at="2023-08-25T10:42:00 EEST" name="setUp" finished-at="2023-08-25T10:42:04 EEST" duration-ms="4187" status="PASS">
          <reporter-output>
          </reporter-output>
        </test-method> <!-- setUp -->
        <test-method signature="allHeaderFundPage(java.lang.String,java.lang.String)[pri:1, instance:tests.fundPageTests.AllPageFirefoxTests@53fdffa1]" started-at="2023-08-25T10:42:04 EEST" name="allHeaderFundPage" finished-at="2023-08-25T10:42:12 EEST" duration-ms="8062" status="PASS">
          <params>
            <param index="0">
              <value>
                <![CDATA[https://ai-mood.com/en/fund]]>
              </value>
            </param>
            <param index="1">
              <value>
                <![CDATA[Screenshots/]]>
              </value>
            </param>
          </params>
          <reporter-output>
          </reporter-output>
        </test-method> <!-- allHeaderFundPage -->
        <test-method signature="getStartedHeaderFundPage(java.lang.String,java.lang.String)[pri:2, instance:tests.fundPageTests.AllPageFirefoxTests@53fdffa1]" started-at="2023-08-25T10:42:12 EEST" name="getStartedHeaderFundPage" finished-at="2023-08-25T10:42:16 EEST" duration-ms="4183" status="PASS">
          <params>
            <param index="0">
              <value>
                <![CDATA[https://ai-mood.com/en/fund]]>
              </value>
            </param>
            <param index="1">
              <value>
                <![CDATA[Screenshots/]]>
              </value>
            </param>
          </params>
          <reporter-output>
          </reporter-output>
        </test-method> <!-- getStartedHeaderFundPage -->
        <test-method is-config="true" signature="setUp()[pri:0, instance:tests.fundPageTests.AllPageFirefoxTests@53fdffa1]" started-at="2023-08-25T10:42:12 EEST" name="setUp" finished-at="2023-08-25T10:42:12 EEST" duration-ms="0" status="PASS">
          <reporter-output>
          </reporter-output>
        </test-method> <!-- setUp -->
        <test-method is-config="true" signature="setUp()[pri:0, instance:tests.fundPageTests.AllPageFirefoxTests@53fdffa1]" started-at="2023-08-25T10:42:16 EEST" name="setUp" finished-at="2023-08-25T10:42:16 EEST" duration-ms="0" status="PASS">
          <reporter-output>
          </reporter-output>
        </test-method> <!-- setUp -->
        <test-method signature="learnHeaderFundPage(java.lang.String,java.lang.String)[pri:3, instance:tests.fundPageTests.AllPageFirefoxTests@53fdffa1]" started-at="2023-08-25T10:42:16 EEST" name="learnHeaderFundPage" finished-at="2023-08-25T10:42:20 EEST" duration-ms="4148" status="PASS">
          <params>
            <param index="0">
              <value>
                <![CDATA[https://ai-mood.com/en/fund]]>
              </value>
            </param>
            <param index="1">
              <value>
                <![CDATA[Screenshots/]]>
              </value>
            </param>
          </params>
          <reporter-output>
          </reporter-output>
        </test-method> <!-- learnHeaderFundPage -->
        <test-method is-config="true" signature="setUp()[pri:0, instance:tests.fundPageTests.AllPageFirefoxTests@53fdffa1]" started-at="2023-08-25T10:42:20 EEST" name="setUp" finished-at="2023-08-25T10:42:20 EEST" duration-ms="1" status="PASS">
          <reporter-output>
          </reporter-output>
        </test-method> <!-- setUp -->
        <test-method signature="resourcesHeaderFundPage(java.lang.String,java.lang.String)[pri:4, instance:tests.fundPageTests.AllPageFirefoxTests@53fdffa1]" started-at="2023-08-25T10:42:20 EEST" name="resourcesHeaderFundPage" finished-at="2023-08-25T10:42:25 EEST" duration-ms="4208" status="PASS">
          <params>
            <param index="0">
              <value>
                <![CDATA[https://ai-mood.com/en/fund]]>
              </value>
            </param>
            <param index="1">
              <value>
                <![CDATA[Screenshots/]]>
              </value>
            </param>
          </params>
          <reporter-output>
          </reporter-output>
        </test-method> <!-- resourcesHeaderFundPage -->
        <test-method signature="mainSectionFundPage(java.lang.String,java.lang.String)[pri:6, instance:tests.fundPageTests.AllPageFirefoxTests@53fdffa1]" started-at="2023-08-25T10:42:25 EEST" name="mainSectionFundPage" finished-at="2023-08-25T10:42:30 EEST" duration-ms="5985" status="PASS">
          <params>
            <param index="0">
              <value>
                <![CDATA[https://ai-mood.com/en/fund]]>
              </value>
            </param>
            <param index="1">
              <value>
                <![CDATA[Screenshots/]]>
              </value>
            </param>
          </params>
          <reporter-output>
          </reporter-output>
        </test-method> <!-- mainSectionFundPage -->
        <test-method is-config="true" signature="setUp()[pri:0, instance:tests.fundPageTests.AllPageFirefoxTests@53fdffa1]" started-at="2023-08-25T10:42:25 EEST" name="setUp" finished-at="2023-08-25T10:42:25 EEST" duration-ms="0" status="PASS">
          <reporter-output>
          </reporter-output>
        </test-method> <!-- setUp -->
        <test-method signature="allFooterFundPage(java.lang.String,java.lang.String)[pri:7, instance:tests.fundPageTests.AllPageFirefoxTests@53fdffa1]" started-at="2023-08-25T10:42:30 EEST" name="allFooterFundPage" finished-at="2023-08-25T10:42:36 EEST" duration-ms="5035" status="PASS">
          <params>
            <param index="0">
              <value>
                <![CDATA[https://ai-mood.com/en/fund]]>
              </value>
            </param>
            <param index="1">
              <value>
                <![CDATA[Screenshots/]]>
              </value>
            </param>
          </params>
          <reporter-output>
          </reporter-output>
        </test-method> <!-- allFooterFundPage -->
        <test-method is-config="true" signature="setUp()[pri:0, instance:tests.fundPageTests.AllPageFirefoxTests@53fdffa1]" started-at="2023-08-25T10:42:30 EEST" name="setUp" finished-at="2023-08-25T10:42:30 EEST" duration-ms="0" status="PASS">
          <reporter-output>
          </reporter-output>
        </test-method> <!-- setUp -->
        <test-method is-config="true" signature="setUp()[pri:0, instance:tests.fundPageTests.AllPageFirefoxTests@53fdffa1]" started-at="2023-08-25T10:42:36 EEST" name="setUp" finished-at="2023-08-25T10:42:36 EEST" duration-ms="0" status="PASS">
          <reporter-output>
          </reporter-output>
        </test-method> <!-- setUp -->
        <test-method signature="partnFooterFundPage(java.lang.String,java.lang.String)[pri:8, instance:tests.fundPageTests.AllPageFirefoxTests@53fdffa1]" started-at="2023-08-25T10:42:36 EEST" name="partnFooterFundPage" finished-at="2023-08-25T10:42:40 EEST" duration-ms="4894" status="PASS">
          <params>
            <param index="0">
              <value>
                <![CDATA[https://ai-mood.com/en/fund]]>
              </value>
            </param>
            <param index="1">
              <value>
                <![CDATA[Screenshots/]]>
              </value>
            </param>
          </params>
          <reporter-output>
          </reporter-output>
        </test-method> <!-- partnFooterFundPage -->
        <test-method signature="subFooterFundPage(java.lang.String,java.lang.String)[pri:9, instance:tests.fundPageTests.AllPageFirefoxTests@53fdffa1]" started-at="2023-08-25T10:42:40 EEST" name="subFooterFundPage" finished-at="2023-08-25T10:42:45 EEST" duration-ms="4984" status="PASS">
          <params>
            <param index="0">
              <value>
                <![CDATA[https://ai-mood.com/en/fund]]>
              </value>
            </param>
            <param index="1">
              <value>
                <![CDATA[Screenshots/]]>
              </value>
            </param>
          </params>
          <reporter-output>
          </reporter-output>
        </test-method> <!-- subFooterFundPage -->
        <test-method is-config="true" signature="setUp()[pri:0, instance:tests.fundPageTests.AllPageFirefoxTests@53fdffa1]" started-at="2023-08-25T10:42:40 EEST" name="setUp" finished-at="2023-08-25T10:42:40 EEST" duration-ms="0" status="PASS">
          <reporter-output>
          </reporter-output>
        </test-method> <!-- setUp -->
        <test-method signature="copFooterFundPage(java.lang.String,java.lang.String)[pri:10, instance:tests.fundPageTests.AllPageFirefoxTests@53fdffa1]" started-at="2023-08-25T10:42:45 EEST" name="copFooterFundPage" finished-at="2023-08-25T10:42:49 EEST" duration-ms="4007" status="PASS">
          <params>
            <param index="0">
              <value>
                <![CDATA[https://ai-mood.com/en/fund]]>
              </value>
            </param>
            <param index="1">
              <value>
                <![CDATA[Screenshots/]]>
              </value>
            </param>
          </params>
          <reporter-output>
          </reporter-output>
        </test-method> <!-- copFooterFundPage -->
        <test-method is-config="true" signature="setUp()[pri:0, instance:tests.fundPageTests.AllPageFirefoxTests@53fdffa1]" started-at="2023-08-25T10:42:45 EEST" name="setUp" finished-at="2023-08-25T10:42:45 EEST" duration-ms="0" status="PASS">
          <reporter-output>
          </reporter-output>
        </test-method> <!-- setUp -->
        <test-method is-config="true" signature="tearDown()[pri:0, instance:tests.fundPageTests.AllPageFirefoxTests@53fdffa1]" started-at="2023-08-25T10:42:49 EEST" name="tearDown" finished-at="2023-08-25T10:42:51 EEST" duration-ms="1385" status="PASS">
          <reporter-output>
          </reporter-output>
        </test-method> <!-- tearDown -->
      </class> <!-- tests.fundPageTests.AllPageFirefoxTests -->
      <class name="tests.fundPageTests.AllPageChromeTests">
        <test-method is-config="true" signature="setUp()[pri:0, instance:tests.fundPageTests.AllPageChromeTests@d5b810e]" started-at="2023-08-25T10:42:51 EEST" name="setUp" finished-at="2023-08-25T10:42:52 EEST" duration-ms="1576" status="PASS">
          <reporter-output>
          </reporter-output>
        </test-method> <!-- setUp -->
        <test-method signature="allHeaderFundPage(java.lang.String,java.lang.String)[pri:1, instance:tests.fundPageTests.AllPageChromeTests@d5b810e]" started-at="2023-08-25T10:42:52 EEST" name="allHeaderFundPage" finished-at="2023-08-25T10:43:00 EEST" duration-ms="7683" status="PASS">
          <params>
            <param index="0">
              <value>
                <![CDATA[https://ai-mood.com/en/fund]]>
              </value>
            </param>
            <param index="1">
              <value>
                <![CDATA[Screenshots/]]>
              </value>
            </param>
          </params>
          <reporter-output>
          </reporter-output>
        </test-method> <!-- allHeaderFundPage -->
        <test-method is-config="true" signature="setUp()[pri:0, instance:tests.fundPageTests.AllPageChromeTests@d5b810e]" started-at="2023-08-25T10:43:00 EEST" name="setUp" finished-at="2023-08-25T10:43:00 EEST" duration-ms="0" status="PASS">
          <reporter-output>
          </reporter-output>
        </test-method> <!-- setUp -->
        <test-method signature="getStartedHeaderFundPage(java.lang.String,java.lang.String)[pri:2, instance:tests.fundPageTests.AllPageChromeTests@d5b810e]" started-at="2023-08-25T10:43:00 EEST" name="getStartedHeaderFundPage" finished-at="2023-08-25T10:43:04 EEST" duration-ms="4418" status="PASS">
          <params>
            <param index="0">
              <value>
                <![CDATA[https://ai-mood.com/en/fund]]>
              </value>
            </param>
            <param index="1">
              <value>
                <![CDATA[Screenshots/]]>
              </value>
            </param>
          </params>
          <reporter-output>
          </reporter-output>
        </test-method> <!-- getStartedHeaderFundPage -->
        <test-method is-config="true" signature="setUp()[pri:0, instance:tests.fundPageTests.AllPageChromeTests@d5b810e]" started-at="2023-08-25T10:43:04 EEST" name="setUp" finished-at="2023-08-25T10:43:04 EEST" duration-ms="0" status="PASS">
          <reporter-output>
          </reporter-output>
        </test-method> <!-- setUp -->
        <test-method signature="learnHeaderFundPage(java.lang.String,java.lang.String)[pri:3, instance:tests.fundPageTests.AllPageChromeTests@d5b810e]" started-at="2023-08-25T10:43:04 EEST" name="learnHeaderFundPage" finished-at="2023-08-25T10:43:09 EEST" duration-ms="4372" status="PASS">
          <params>
            <param index="0">
              <value>
                <![CDATA[https://ai-mood.com/en/fund]]>
              </value>
            </param>
            <param index="1">
              <value>
                <![CDATA[Screenshots/]]>
              </value>
            </param>
          </params>
          <reporter-output>
          </reporter-output>
        </test-method> <!-- learnHeaderFundPage -->
        <test-method signature="resourcesHeaderFundPage(java.lang.String,java.lang.String)[pri:4, instance:tests.fundPageTests.AllPageChromeTests@d5b810e]" started-at="2023-08-25T10:43:09 EEST" name="resourcesHeaderFundPage" finished-at="2023-08-25T10:43:13 EEST" duration-ms="4392" status="PASS">
          <params>
            <param index="0">
              <value>
                <![CDATA[https://ai-mood.com/en/fund]]>
              </value>
            </param>
            <param index="1">
              <value>
                <![CDATA[Screenshots/]]>
              </value>
            </param>
          </params>
          <reporter-output>
          </reporter-output>
        </test-method> <!-- resourcesHeaderFundPage -->
        <test-method is-config="true" signature="setUp()[pri:0, instance:tests.fundPageTests.AllPageChromeTests@d5b810e]" started-at="2023-08-25T10:43:09 EEST" name="setUp" finished-at="2023-08-25T10:43:09 EEST" duration-ms="0" status="PASS">
          <reporter-output>
          </reporter-output>
        </test-method> <!-- setUp -->
        <test-method is-config="true" signature="setUp()[pri:0, instance:tests.fundPageTests.AllPageChromeTests@d5b810e]" started-at="2023-08-25T10:43:13 EEST" name="setUp" finished-at="2023-08-25T10:43:13 EEST" duration-ms="0" status="PASS">
          <reporter-output>
          </reporter-output>
        </test-method> <!-- setUp -->
        <test-method signature="mainSectionFundPage(java.lang.String,java.lang.String)[pri:6, instance:tests.fundPageTests.AllPageChromeTests@d5b810e]" started-at="2023-08-25T10:43:13 EEST" name="mainSectionFundPage" finished-at="2023-08-25T10:43:20 EEST" duration-ms="6269" status="PASS">
          <params>
            <param index="0">
              <value>
                <![CDATA[https://ai-mood.com/en/fund]]>
              </value>
            </param>
            <param index="1">
              <value>
                <![CDATA[Screenshots/]]>
              </value>
            </param>
          </params>
          <reporter-output>
          </reporter-output>
        </test-method> <!-- mainSectionFundPage -->
        <test-method is-config="true" signature="setUp()[pri:0, instance:tests.fundPageTests.AllPageChromeTests@d5b810e]" started-at="2023-08-25T10:43:20 EEST" name="setUp" finished-at="2023-08-25T10:43:20 EEST" duration-ms="0" status="PASS">
          <reporter-output>
          </reporter-output>
        </test-method> <!-- setUp -->
        <test-method signature="allFooterFundPage(java.lang.String,java.lang.String)[pri:7, instance:tests.fundPageTests.AllPageChromeTests@d5b810e]" started-at="2023-08-25T10:43:20 EEST" name="allFooterFundPage" finished-at="2023-08-25T10:43:25 EEST" duration-ms="5368" status="PASS">
          <params>
            <param index="0">
              <value>
                <![CDATA[https://ai-mood.com/en/fund]]>
              </value>
            </param>
            <param index="1">
              <value>
                <![CDATA[Screenshots/]]>
              </value>
            </param>
          </params>
          <reporter-output>
          </reporter-output>
        </test-method> <!-- allFooterFundPage -->
        <test-method is-config="true" signature="setUp()[pri:0, instance:tests.fundPageTests.AllPageChromeTests@d5b810e]" started-at="2023-08-25T10:43:25 EEST" name="setUp" finished-at="2023-08-25T10:43:25 EEST" duration-ms="1" status="PASS">
          <reporter-output>
          </reporter-output>
        </test-method> <!-- setUp -->
        <test-method signature="partnFooterFundPage(java.lang.String,java.lang.String)[pri:8, instance:tests.fundPageTests.AllPageChromeTests@d5b810e]" started-at="2023-08-25T10:43:25 EEST" name="partnFooterFundPage" finished-at="2023-08-25T10:43:30 EEST" duration-ms="5186" status="PASS">
          <params>
            <param index="0">
              <value>
                <![CDATA[https://ai-mood.com/en/fund]]>
              </value>
            </param>
            <param index="1">
              <value>
                <![CDATA[Screenshots/]]>
              </value>
            </param>
          </params>
          <reporter-output>
          </reporter-output>
        </test-method> <!-- partnFooterFundPage -->
        <test-method signature="subFooterFundPage(java.lang.String,java.lang.String)[pri:9, instance:tests.fundPageTests.AllPageChromeTests@d5b810e]" started-at="2023-08-25T10:43:30 EEST" name="subFooterFundPage" finished-at="2023-08-25T10:43:35 EEST" duration-ms="5157" status="PASS">
          <params>
            <param index="0">
              <value>
                <![CDATA[https://ai-mood.com/en/fund]]>
              </value>
            </param>
            <param index="1">
              <value>
                <![CDATA[Screenshots/]]>
              </value>
            </param>
          </params>
          <reporter-output>
          </reporter-output>
        </test-method> <!-- subFooterFundPage -->
        <test-method is-config="true" signature="setUp()[pri:0, instance:tests.fundPageTests.AllPageChromeTests@d5b810e]" started-at="2023-08-25T10:43:30 EEST" name="setUp" finished-at="2023-08-25T10:43:30 EEST" duration-ms="0" status="PASS">
          <reporter-output>
          </reporter-output>
        </test-method> <!-- setUp -->
        <test-method is-config="true" signature="setUp()[pri:0, instance:tests.fundPageTests.AllPageChromeTests@d5b810e]" started-at="2023-08-25T10:43:35 EEST" name="setUp" finished-at="2023-08-25T10:43:35 EEST" duration-ms="1" status="PASS">
          <reporter-output>
          </reporter-output>
        </test-method> <!-- setUp -->
        <test-method signature="copFooterFundPage(java.lang.String,java.lang.String)[pri:10, instance:tests.fundPageTests.AllPageChromeTests@d5b810e]" started-at="2023-08-25T10:43:35 EEST" name="copFooterFundPage" finished-at="2023-08-25T10:43:39 EEST" duration-ms="4243" status="PASS">
          <params>
            <param index="0">
              <value>
                <![CDATA[https://ai-mood.com/en/fund]]>
              </value>
            </param>
            <param index="1">
              <value>
                <![CDATA[Screenshots/]]>
              </value>
            </param>
          </params>
          <reporter-output>
          </reporter-output>
        </test-method> <!-- copFooterFundPage -->
        <test-method is-config="true" signature="tearDown()[pri:0, instance:tests.fundPageTests.AllPageChromeTests@d5b810e]" started-at="2023-08-25T10:43:39 EEST" name="tearDown" finished-at="2023-08-25T10:43:40 EEST" duration-ms="667" status="PASS">
          <reporter-output>
          </reporter-output>
        </test-method> <!-- tearDown -->
      </class> <!-- tests.fundPageTests.AllPageChromeTests -->
    </test> <!-- ai-mood - Pixel perfect regression -->
  </suite> <!-- WPT -->
</testng-results>
