<?xml version="1.0" encoding="UTF-8"?>
<testng-results ignored="0" total="10" passed="10" failed="0" skipped="0">
  <reporter-output>
  </reporter-output>
  <suite started-at="2023-08-31T10:16:07 EEST" name="WPT" finished-at="2023-08-31T10:17:10 EEST" duration-ms="62810">
    <groups>
    </groups>
    <test started-at="2023-08-31T10:16:07 EEST" name="ai-mood - Pixel perfect regression" finished-at="2023-08-31T10:17:10 EEST" duration-ms="62810">
      <class name="tests.SignUp.SignUpChromeTests">
        <test-method is-config="true" signature="setUp()[pri:0, instance:tests.SignUp.SignUpChromeTests@60bd273d]" started-at="2023-08-31T10:16:07 EEST" name="setUp" finished-at="2023-08-31T10:16:10 EEST" duration-ms="2850" status="PASS">
          <reporter-output>
          </reporter-output>
        </test-method> <!-- setUp -->
        <test-method signature="allHeaderSignUpPage(java.lang.String,java.lang.String)[pri:1, instance:tests.SignUp.SignUpChromeTests@60bd273d]" started-at="2023-08-31T10:16:10 EEST" name="allHeaderSignUpPage" finished-at="2023-08-31T10:16:15 EEST" duration-ms="5483" status="PASS">
          <params>
            <param index="0">
              <value>
                <![CDATA[https://ai-mood.com/en/register]]>
              </value>
            </param>
            <param index="1">
              <value>
                <![CDATA[Screenshots/]]>
              </value>
            </param>
          </params>
          <reporter-output>
          </reporter-output>
        </test-method> <!-- allHeaderSignUpPage -->
        <test-method signature="mainBlockWhitePaperPage(java.lang.String,java.lang.String)[pri:2, instance:tests.SignUp.SignUpChromeTests@60bd273d]" started-at="2023-08-31T10:16:15 EEST" name="mainBlockWhitePaperPage" finished-at="2023-08-31T10:16:20 EEST" duration-ms="5296" status="PASS">
          <params>
            <param index="0">
              <value>
                <![CDATA[https://ai-mood.com/en/register]]>
              </value>
            </param>
            <param index="1">
              <value>
                <![CDATA[Screenshots/]]>
              </value>
            </param>
          </params>
          <reporter-output>
          </reporter-output>
        </test-method> <!-- mainBlockWhitePaperPage -->
        <test-method is-config="true" signature="setUp()[pri:0, instance:tests.SignUp.SignUpChromeTests@60bd273d]" started-at="2023-08-31T10:16:15 EEST" name="setUp" finished-at="2023-08-31T10:16:15 EEST" duration-ms="0" status="PASS">
          <reporter-output>
          </reporter-output>
        </test-method> <!-- setUp -->
        <test-method signature="Already(java.lang.String,java.lang.String)[pri:4, instance:tests.SignUp.SignUpChromeTests@60bd273d]" started-at="2023-08-31T10:16:20 EEST" name="Already" finished-at="2023-08-31T10:16:25 EEST" duration-ms="5045" status="PASS">
          <params>
            <param index="0">
              <value>
                <![CDATA[https://ai-mood.com/en/register]]>
              </value>
            </param>
            <param index="1">
              <value>
                <![CDATA[Screenshots/]]>
              </value>
            </param>
          </params>
          <reporter-output>
          </reporter-output>
        </test-method> <!-- Already -->
        <test-method is-config="true" signature="setUp()[pri:0, instance:tests.SignUp.SignUpChromeTests@60bd273d]" started-at="2023-08-31T10:16:20 EEST" name="setUp" finished-at="2023-08-31T10:16:20 EEST" duration-ms="0" status="PASS">
          <reporter-output>
          </reporter-output>
        </test-method> <!-- setUp -->
        <test-method signature="allPageSignUpPage(java.lang.String,java.lang.String)[pri:5, instance:tests.SignUp.SignUpChromeTests@60bd273d]" started-at="2023-08-31T10:16:25 EEST" name="allPageSignUpPage" finished-at="2023-08-31T10:16:28 EEST" duration-ms="2530" status="PASS">
          <params>
            <param index="0">
              <value>
                <![CDATA[https://ai-mood.com/en/register]]>
              </value>
            </param>
            <param index="1">
              <value>
                <![CDATA[Screenshots/]]>
              </value>
            </param>
          </params>
          <reporter-output>
          </reporter-output>
        </test-method> <!-- allPageSignUpPage -->
        <test-method is-config="true" signature="setUp()[pri:0, instance:tests.SignUp.SignUpChromeTests@60bd273d]" started-at="2023-08-31T10:16:25 EEST" name="setUp" finished-at="2023-08-31T10:16:25 EEST" duration-ms="0" status="PASS">
          <reporter-output>
          </reporter-output>
        </test-method> <!-- setUp -->
        <test-method signature="allFooterSignUp(java.lang.String,java.lang.String)[pri:6, instance:tests.SignUp.SignUpChromeTests@60bd273d]" started-at="2023-08-31T10:16:28 EEST" name="allFooterSignUp" finished-at="2023-08-31T10:16:43 EEST" duration-ms="14982" status="PASS">
          <params>
            <param index="0">
              <value>
                <![CDATA[https://ai-mood.com/en/register]]>
              </value>
            </param>
            <param index="1">
              <value>
                <![CDATA[Screenshots/]]>
              </value>
            </param>
          </params>
          <reporter-output>
          </reporter-output>
        </test-method> <!-- allFooterSignUp -->
        <test-method is-config="true" signature="setUp()[pri:0, instance:tests.SignUp.SignUpChromeTests@60bd273d]" started-at="2023-08-31T10:16:28 EEST" name="setUp" finished-at="2023-08-31T10:16:28 EEST" duration-ms="0" status="PASS">
          <reporter-output>
          </reporter-output>
        </test-method> <!-- setUp -->
        <test-method is-config="true" signature="tearDown()[pri:0, instance:tests.SignUp.SignUpChromeTests@60bd273d]" started-at="2023-08-31T10:16:43 EEST" name="tearDown" finished-at="2023-08-31T10:16:44 EEST" duration-ms="641" status="PASS">
          <reporter-output>
          </reporter-output>
        </test-method> <!-- tearDown -->
      </class> <!-- tests.SignUp.SignUpChromeTests -->
      <class name="tests.SignUp.SignUpFirefoxTests">
        <test-method is-config="true" signature="setUp()[pri:0, instance:tests.SignUp.SignUpFirefoxTests@2cf3d63b]" started-at="2023-08-31T10:16:44 EEST" name="setUp" finished-at="2023-08-31T10:16:46 EEST" duration-ms="2581" status="PASS">
          <reporter-output>
          </reporter-output>
        </test-method> <!-- setUp -->
        <test-method signature="allHeaderSignUpPage(java.lang.String,java.lang.String)[pri:1, instance:tests.SignUp.SignUpFirefoxTests@2cf3d63b]" started-at="2023-08-31T10:16:46 EEST" name="allHeaderSignUpPage" finished-at="2023-08-31T10:16:52 EEST" duration-ms="5624" status="PASS">
          <params>
            <param index="0">
              <value>
                <![CDATA[https://ai-mood.com/en/register]]>
              </value>
            </param>
            <param index="1">
              <value>
                <![CDATA[Screenshots/]]>
              </value>
            </param>
          </params>
          <reporter-output>
          </reporter-output>
        </test-method> <!-- allHeaderSignUpPage -->
        <test-method signature="mainBlockWhitePaperPage(java.lang.String,java.lang.String)[pri:2, instance:tests.SignUp.SignUpFirefoxTests@2cf3d63b]" started-at="2023-08-31T10:16:52 EEST" name="mainBlockWhitePaperPage" finished-at="2023-08-31T10:16:57 EEST" duration-ms="4936" status="PASS">
          <params>
            <param index="0">
              <value>
                <![CDATA[https://ai-mood.com/en/register]]>
              </value>
            </param>
            <param index="1">
              <value>
                <![CDATA[Screenshots/]]>
              </value>
            </param>
          </params>
          <reporter-output>
          </reporter-output>
        </test-method> <!-- mainBlockWhitePaperPage -->
        <test-method is-config="true" signature="setUp()[pri:0, instance:tests.SignUp.SignUpFirefoxTests@2cf3d63b]" started-at="2023-08-31T10:16:52 EEST" name="setUp" finished-at="2023-08-31T10:16:52 EEST" duration-ms="0" status="PASS">
          <reporter-output>
          </reporter-output>
        </test-method> <!-- setUp -->
        <test-method signature="Already(java.lang.String,java.lang.String)[pri:4, instance:tests.SignUp.SignUpFirefoxTests@2cf3d63b]" started-at="2023-08-31T10:16:57 EEST" name="Already" finished-at="2023-08-31T10:17:02 EEST" duration-ms="4886" status="PASS">
          <params>
            <param index="0">
              <value>
                <![CDATA[https://ai-mood.com/en/register]]>
              </value>
            </param>
            <param index="1">
              <value>
                <![CDATA[Screenshots/]]>
              </value>
            </param>
          </params>
          <reporter-output>
          </reporter-output>
        </test-method> <!-- Already -->
        <test-method is-config="true" signature="setUp()[pri:0, instance:tests.SignUp.SignUpFirefoxTests@2cf3d63b]" started-at="2023-08-31T10:16:57 EEST" name="setUp" finished-at="2023-08-31T10:16:57 EEST" duration-ms="0" status="PASS">
          <reporter-output>
          </reporter-output>
        </test-method> <!-- setUp -->
        <test-method signature="allPageSignUpPage(java.lang.String,java.lang.String)[pri:5, instance:tests.SignUp.SignUpFirefoxTests@2cf3d63b]" started-at="2023-08-31T10:17:02 EEST" name="allPageSignUpPage" finished-at="2023-08-31T10:17:04 EEST" duration-ms="2367" status="PASS">
          <params>
            <param index="0">
              <value>
                <![CDATA[https://ai-mood.com/en/register]]>
              </value>
            </param>
            <param index="1">
              <value>
                <![CDATA[Screenshots/]]>
              </value>
            </param>
          </params>
          <reporter-output>
          </reporter-output>
        </test-method> <!-- allPageSignUpPage -->
        <test-method is-config="true" signature="setUp()[pri:0, instance:tests.SignUp.SignUpFirefoxTests@2cf3d63b]" started-at="2023-08-31T10:17:02 EEST" name="setUp" finished-at="2023-08-31T10:17:02 EEST" duration-ms="0" status="PASS">
          <reporter-output>
          </reporter-output>
        </test-method> <!-- setUp -->
        <test-method signature="allFooterSignUp(java.lang.String,java.lang.String)[pri:6, instance:tests.SignUp.SignUpFirefoxTests@2cf3d63b]" started-at="2023-08-31T10:17:04 EEST" name="allFooterSignUp" finished-at="2023-08-31T10:17:09 EEST" duration-ms="4811" status="PASS">
          <params>
            <param index="0">
              <value>
                <![CDATA[https://ai-mood.com/en/register]]>
              </value>
            </param>
            <param index="1">
              <value>
                <![CDATA[Screenshots/]]>
              </value>
            </param>
          </params>
          <reporter-output>
          </reporter-output>
        </test-method> <!-- allFooterSignUp -->
        <test-method is-config="true" signature="setUp()[pri:0, instance:tests.SignUp.SignUpFirefoxTests@2cf3d63b]" started-at="2023-08-31T10:17:04 EEST" name="setUp" finished-at="2023-08-31T10:17:04 EEST" duration-ms="0" status="PASS">
          <reporter-output>
          </reporter-output>
        </test-method> <!-- setUp -->
        <test-method is-config="true" signature="tearDown()[pri:0, instance:tests.SignUp.SignUpFirefoxTests@2cf3d63b]" started-at="2023-08-31T10:17:09 EEST" name="tearDown" finished-at="2023-08-31T10:17:10 EEST" duration-ms="706" status="PASS">
          <reporter-output>
          </reporter-output>
        </test-method> <!-- tearDown -->
      </class> <!-- tests.SignUp.SignUpFirefoxTests -->
    </test> <!-- ai-mood - Pixel perfect regression -->
  </suite> <!-- WPT -->
</testng-results>
