-------------------------------------------------------------------------------
Test set: TestSuite
-------------------------------------------------------------------------------
Tests run: 21, Failures: 6, Errors: 0, Skipped: 12, Time elapsed: 163.702 s <<< FAILURE! - in TestSuite
tests.whitePaper.WhitePaperFirefoxTests.allHeaderWhitePaperPage[https://aimood-stage2.intary.net/en/white-paper, Screenshots_St1/](3)  Time elapsed: 22.516 s  <<< FAILURE!
java.lang.AssertionError: *** Images are not similar *** expected [true] but found [false]
	at tests.whitePaper.WhitePaperFirefoxTests.allHeaderWhitePaperPage(WhitePaperFirefoxTests.java:27)

tests.whitePaper.WhitePaperFirefoxTests.getStartedHeaderWhitePaperPage[https://aimood-stage2.intary.net/en/white-paper, Screenshots_St1/](3)  Time elapsed: 5.429 s  <<< FAILURE!
java.lang.AssertionError: *** Images are not similar *** expected [true] but found [false]
	at tests.whitePaper.WhitePaperFirefoxTests.getStartedHeaderWhitePaperPage(WhitePaperFirefoxTests.java:44)

tests.whitePaper.WhitePaperFirefoxTests.whitePaperHeaderWhitePaperPage[https://aimood-stage2.intary.net/en/white-paper, Screenshots_St1/](3)  Time elapsed: 5.427 s  <<< FAILURE!
java.lang.AssertionError: *** Images are not similar *** expected [true] but found [false]
	at tests.whitePaper.WhitePaperFirefoxTests.whitePaperHeaderWhitePaperPage(WhitePaperFirefoxTests.java:98)

tests.whitePaper.WhitePaperFirefoxTests.mainBlockWhitePaperPage[https://aimood-stage2.intary.net/en/white-paper, Screenshots_St1/](3)  Time elapsed: 5.611 s  <<< FAILURE!
java.lang.AssertionError: *** Images are not similar *** expected [true] but found [false]
	at tests.whitePaper.WhitePaperFirefoxTests.mainBlockWhitePaperPage(WhitePaperFirefoxTests.java:134)

tests.whitePaper.WhitePaperFirefoxTests.marketTokenWhitePaperPage[https://aimood-stage2.intary.net/en/white-paper, Screenshots_St1/](3)  Time elapsed: 6.004 s  <<< FAILURE!
java.lang.AssertionError: *** Images are not similar *** expected [true] but found [false]
	at tests.whitePaper.WhitePaperFirefoxTests.marketTokenWhitePaperPage(WhitePaperFirefoxTests.java:153)

tests.whitePaper.WhitePaperFirefoxTests.allFooterWhitePaperPage[https://aimood-stage2.intary.net/en/white-paper, Screenshots_St1/](3)  Time elapsed: 5.52 s  <<< FAILURE!
java.lang.AssertionError: *** Images are not similar *** expected [true] but found [false]
	at tests.whitePaper.WhitePaperFirefoxTests.allFooterWhitePaperPage(WhitePaperFirefoxTests.java:172)

