-------------------------------------------------------------------------------
Test set: TestSuite
-------------------------------------------------------------------------------
Tests run: 20, Failures: 1, Errors: 0, Skipped: 2, Time elapsed: 110.489 s <<< FAILURE! - in TestSuite
tests.buySellMoodCoinTests.AllPageChromeTests.subFooterBuySellMoodCoinPage[https://ai-mood.com/en/buy-sell-aimood-coin, Screenshots/](3)  Time elapsed: 5.677 s  <<< FAILURE!
java.lang.AssertionError: *** Images are not similar *** expected [true] but found [false]
	at tests.buySellMoodCoinTests.AllPageChromeTests.subFooterBuySellMoodCoinPage(AllPageChromeTests.java:177)

