-------------------------------------------------------------------------------
Test set: TestSuite
-------------------------------------------------------------------------------
Tests run: 30, Failures: 5, Errors: 0, Skipped: 10, Time elapsed: 146.196 s <<< FAILURE! - in TestSuite
tests.marketPlacePageTests.AllPageFirefoxTests.getStartedHeaderMarketPlacePage[https://ai-mood.com/en/market-place, Screenshots/](3)  Time elapsed: 3.659 s  <<< FAILURE!
java.lang.AssertionError: *** Images are not similar *** expected [true] but found [false]
	at tests.marketPlacePageTests.AllPageFirefoxTests.getStartedHeaderMarketPlacePage(AllPageFirefoxTests.java:44)

tests.marketPlacePageTests.AllPageFirefoxTests.resourcesHeaderMarketPlacePage[https://ai-mood.com/en/market-place, Screenshots/](3)  Time elapsed: 3.563 s  <<< FAILURE!
java.lang.AssertionError: *** Images are not similar *** expected [true] but found [false]
	at tests.marketPlacePageTests.AllPageFirefoxTests.resourcesHeaderMarketPlacePage(AllPageFirefoxTests.java:80)

tests.marketPlacePageTests.AllPageChromeTests.getStartedHeaderMarketPlacePage[https://ai-mood.com/en/market-place, Screenshots/](3)  Time elapsed: 3.832 s  <<< FAILURE!
java.lang.AssertionError: *** Images are not similar *** expected [true] but found [false]
	at tests.marketPlacePageTests.AllPageChromeTests.getStartedHeaderMarketPlacePage(AllPageChromeTests.java:45)

tests.marketPlacePageTests.AllPageChromeTests.learnHeaderMarketPlacePage[https://ai-mood.com/en/market-place, Screenshots/](3)  Time elapsed: 3.779 s  <<< FAILURE!
java.lang.AssertionError: *** Images are not similar *** expected [true] but found [false]
	at tests.marketPlacePageTests.AllPageChromeTests.learnHeaderMarketPlacePage(AllPageChromeTests.java:63)

tests.marketPlacePageTests.AllPageChromeTests.resourcesHeaderMarketPlacePage[https://ai-mood.com/en/market-place, Screenshots/](3)  Time elapsed: 3.816 s  <<< FAILURE!
java.lang.AssertionError: *** Images are not similar *** expected [true] but found [false]
	at tests.marketPlacePageTests.AllPageChromeTests.resourcesHeaderMarketPlacePage(AllPageChromeTests.java:81)

