<?xml version="1.0" encoding="UTF-8"?>
<testng-results retried="1" ignored="1" total="188" passed="186" failed="0" skipped="0">
  <reporter-output>
  </reporter-output>
  <suite started-at="2023-09-11T16:49:48 EEST" name="WPT" finished-at="2023-09-11T17:11:29 EEST" duration-ms="1300775">
    <groups>
    </groups>
    <test started-at="2023-09-11T16:49:48 EEST" name="ai-mood - Pixel perfect regression" finished-at="2023-09-11T17:11:29 EEST" duration-ms="1300775">
      <class name="tests.marketPlacePageTests.AllPageFirefoxTests">
        <test-method is-config="true" signature="setUp()[pri:0, instance:tests.marketPlacePageTests.AllPageFirefoxTests@7c137fd5]" started-at="2023-09-11T16:52:30 EEST" name="setUp" finished-at="2023-09-11T16:52:33 EEST" duration-ms="2572" status="PASS">
          <reporter-output>
          </reporter-output>
        </test-method> <!-- setUp -->
        <test-method signature="allHeaderMarketPlacePage(java.lang.String,java.lang.String)[pri:1, instance:tests.marketPlacePageTests.AllPageFirefoxTests@7c137fd5]" started-at="2023-09-11T16:52:33 EEST" name="allHeaderMarketPlacePage" finished-at="2023-09-11T16:52:43 EEST" duration-ms="10703" status="PASS">
          <params>
            <param index="0">
              <value>
                <![CDATA[https://aimood-stage1.intary.net/en/market-place]]>
              </value>
            </param>
            <param index="1">
              <value>
                <![CDATA[Screenshots_St1/]]>
              </value>
            </param>
          </params>
          <reporter-output>
          </reporter-output>
        </test-method> <!-- allHeaderMarketPlacePage -->
        <test-method signature="getStartedHeaderMarketPlacePage(java.lang.String,java.lang.String)[pri:2, instance:tests.marketPlacePageTests.AllPageFirefoxTests@7c137fd5]" started-at="2023-09-11T16:52:43 EEST" name="getStartedHeaderMarketPlacePage" finished-at="2023-09-11T16:52:49 EEST" duration-ms="6012" status="PASS">
          <params>
            <param index="0">
              <value>
                <![CDATA[https://aimood-stage1.intary.net/en/market-place]]>
              </value>
            </param>
            <param index="1">
              <value>
                <![CDATA[Screenshots_St1/]]>
              </value>
            </param>
          </params>
          <reporter-output>
          </reporter-output>
        </test-method> <!-- getStartedHeaderMarketPlacePage -->
        <test-method is-config="true" signature="setUp()[pri:0, instance:tests.marketPlacePageTests.AllPageFirefoxTests@7c137fd5]" started-at="2023-09-11T16:52:43 EEST" name="setUp" finished-at="2023-09-11T16:52:43 EEST" duration-ms="0" status="PASS">
          <reporter-output>
          </reporter-output>
        </test-method> <!-- setUp -->
        <test-method is-config="true" signature="setUp()[pri:0, instance:tests.marketPlacePageTests.AllPageFirefoxTests@7c137fd5]" started-at="2023-09-11T16:52:49 EEST" name="setUp" finished-at="2023-09-11T16:52:49 EEST" duration-ms="1" status="PASS">
          <reporter-output>
          </reporter-output>
        </test-method> <!-- setUp -->
        <test-method signature="learnHeaderMarketPlacePage(java.lang.String,java.lang.String)[pri:3, instance:tests.marketPlacePageTests.AllPageFirefoxTests@7c137fd5]" started-at="2023-09-11T16:52:49 EEST" name="learnHeaderMarketPlacePage" finished-at="2023-09-11T16:52:55 EEST" duration-ms="5994" status="PASS">
          <params>
            <param index="0">
              <value>
                <![CDATA[https://aimood-stage1.intary.net/en/market-place]]>
              </value>
            </param>
            <param index="1">
              <value>
                <![CDATA[Screenshots_St1/]]>
              </value>
            </param>
          </params>
          <reporter-output>
          </reporter-output>
        </test-method> <!-- learnHeaderMarketPlacePage -->
        <test-method is-config="true" signature="setUp()[pri:0, instance:tests.marketPlacePageTests.AllPageFirefoxTests@7c137fd5]" started-at="2023-09-11T16:52:55 EEST" name="setUp" finished-at="2023-09-11T16:52:55 EEST" duration-ms="1" status="PASS">
          <reporter-output>
          </reporter-output>
        </test-method> <!-- setUp -->
        <test-method signature="resourcesHeaderMarketPlacePage(java.lang.String,java.lang.String)[pri:4, instance:tests.marketPlacePageTests.AllPageFirefoxTests@7c137fd5]" started-at="2023-09-11T16:52:55 EEST" name="resourcesHeaderMarketPlacePage" finished-at="2023-09-11T16:53:01 EEST" duration-ms="6075" status="PASS">
          <params>
            <param index="0">
              <value>
                <![CDATA[https://aimood-stage1.intary.net/en/market-place]]>
              </value>
            </param>
            <param index="1">
              <value>
                <![CDATA[Screenshots_St1/]]>
              </value>
            </param>
          </params>
          <reporter-output>
          </reporter-output>
        </test-method> <!-- resourcesHeaderMarketPlacePage -->
        <test-method signature="mainSectionMarketPlacePage(java.lang.String,java.lang.String)[pri:6, instance:tests.marketPlacePageTests.AllPageFirefoxTests@7c137fd5]" started-at="2023-09-11T16:53:01 EEST" name="mainSectionMarketPlacePage" finished-at="2023-09-11T16:53:08 EEST" duration-ms="7004" status="PASS">
          <params>
            <param index="0">
              <value>
                <![CDATA[https://aimood-stage1.intary.net/en/market-place]]>
              </value>
            </param>
            <param index="1">
              <value>
                <![CDATA[Screenshots_St1/]]>
              </value>
            </param>
          </params>
          <reporter-output>
          </reporter-output>
        </test-method> <!-- mainSectionMarketPlacePage -->
        <test-method is-config="true" signature="setUp()[pri:0, instance:tests.marketPlacePageTests.AllPageFirefoxTests@7c137fd5]" started-at="2023-09-11T16:53:01 EEST" name="setUp" finished-at="2023-09-11T16:53:01 EEST" duration-ms="0" status="PASS">
          <reporter-output>
          </reporter-output>
        </test-method> <!-- setUp -->
        <test-method is-config="true" signature="setUp()[pri:0, instance:tests.marketPlacePageTests.AllPageFirefoxTests@7c137fd5]" started-at="2023-09-11T16:53:08 EEST" name="setUp" finished-at="2023-09-11T16:53:08 EEST" duration-ms="1" status="PASS">
          <reporter-output>
          </reporter-output>
        </test-method> <!-- setUp -->
        <test-method signature="statisticsSectionMarketPlacePage(java.lang.String,java.lang.String)[pri:7, instance:tests.marketPlacePageTests.AllPageFirefoxTests@7c137fd5]" started-at="2023-09-11T16:53:08 EEST" name="statisticsSectionMarketPlacePage" finished-at="2023-09-11T16:53:15 EEST" duration-ms="6291" status="PASS">
          <params>
            <param index="0">
              <value>
                <![CDATA[https://aimood-stage1.intary.net/en/market-place]]>
              </value>
            </param>
            <param index="1">
              <value>
                <![CDATA[Screenshots_St1/]]>
              </value>
            </param>
          </params>
          <reporter-output>
          </reporter-output>
        </test-method> <!-- statisticsSectionMarketPlacePage -->
        <test-method is-config="true" signature="setUp()[pri:0, instance:tests.marketPlacePageTests.AllPageFirefoxTests@7c137fd5]" started-at="2023-09-11T16:53:15 EEST" name="setUp" finished-at="2023-09-11T16:53:15 EEST" duration-ms="1" status="PASS">
          <reporter-output>
          </reporter-output>
        </test-method> <!-- setUp -->
        <test-method signature="allFooterMarketPlacePage(java.lang.String,java.lang.String)[pri:8, instance:tests.marketPlacePageTests.AllPageFirefoxTests@7c137fd5]" started-at="2023-09-11T16:53:15 EEST" name="allFooterMarketPlacePage" finished-at="2023-09-11T16:53:21 EEST" duration-ms="5967" status="PASS">
          <params>
            <param index="0">
              <value>
                <![CDATA[https://aimood-stage1.intary.net/en/market-place]]>
              </value>
            </param>
            <param index="1">
              <value>
                <![CDATA[Screenshots_St1/]]>
              </value>
            </param>
          </params>
          <reporter-output>
          </reporter-output>
        </test-method> <!-- allFooterMarketPlacePage -->
        <test-method is-config="true" signature="tearDown()[pri:0, instance:tests.marketPlacePageTests.AllPageFirefoxTests@7c137fd5]" started-at="2023-09-11T16:53:21 EEST" name="tearDown" finished-at="2023-09-11T16:53:22 EEST" duration-ms="1585" status="PASS">
          <reporter-output>
          </reporter-output>
        </test-method> <!-- tearDown -->
      </class> <!-- tests.marketPlacePageTests.AllPageFirefoxTests -->
      <class name="tests.resetPasswordPage2Tests.AllPageFirefoxTests">
        <test-method is-config="true" signature="setUp()[pri:0, instance:tests.resetPasswordPage2Tests.AllPageFirefoxTests@76494737]" started-at="2023-09-11T17:08:49 EEST" name="setUp" finished-at="2023-09-11T17:08:51 EEST" duration-ms="2417" status="PASS">
          <reporter-output>
          </reporter-output>
        </test-method> <!-- setUp -->
        <test-method signature="allHeaderResetPasswordPage2(java.lang.String,java.lang.String)[pri:1, instance:tests.resetPasswordPage2Tests.AllPageFirefoxTests@76494737]" started-at="2023-09-11T17:08:51 EEST" name="allHeaderResetPasswordPage2" finished-at="2023-09-11T17:09:00 EEST" duration-ms="8757" status="PASS">
          <params>
            <param index="0">
              <value>
                <![CDATA[https://aimood-stage1.intary.net/en/reset-password-2]]>
              </value>
            </param>
            <param index="1">
              <value>
                <![CDATA[Screenshots_St1/]]>
              </value>
            </param>
          </params>
          <reporter-output>
          </reporter-output>
        </test-method> <!-- allHeaderResetPasswordPage2 -->
        <test-method signature="getStartedHeaderResetPasswordPage2(java.lang.String,java.lang.String)[pri:2, instance:tests.resetPasswordPage2Tests.AllPageFirefoxTests@76494737]" started-at="2023-09-11T17:09:00 EEST" name="getStartedHeaderResetPasswordPage2" finished-at="2023-09-11T17:09:05 EEST" duration-ms="5125" status="PASS">
          <params>
            <param index="0">
              <value>
                <![CDATA[https://aimood-stage1.intary.net/en/reset-password-2]]>
              </value>
            </param>
            <param index="1">
              <value>
                <![CDATA[Screenshots_St1/]]>
              </value>
            </param>
          </params>
          <reporter-output>
          </reporter-output>
        </test-method> <!-- getStartedHeaderResetPasswordPage2 -->
        <test-method is-config="true" signature="setUp()[pri:0, instance:tests.resetPasswordPage2Tests.AllPageFirefoxTests@76494737]" started-at="2023-09-11T17:09:00 EEST" name="setUp" finished-at="2023-09-11T17:09:00 EEST" duration-ms="0" status="PASS">
          <reporter-output>
          </reporter-output>
        </test-method> <!-- setUp -->
        <test-method signature="learnHeaderResetPasswordPage2(java.lang.String,java.lang.String)[pri:3, instance:tests.resetPasswordPage2Tests.AllPageFirefoxTests@76494737]" started-at="2023-09-11T17:09:05 EEST" name="learnHeaderResetPasswordPage2" finished-at="2023-09-11T17:09:10 EEST" duration-ms="5119" status="PASS">
          <params>
            <param index="0">
              <value>
                <![CDATA[https://aimood-stage1.intary.net/en/reset-password-2]]>
              </value>
            </param>
            <param index="1">
              <value>
                <![CDATA[Screenshots_St1/]]>
              </value>
            </param>
          </params>
          <reporter-output>
          </reporter-output>
        </test-method> <!-- learnHeaderResetPasswordPage2 -->
        <test-method is-config="true" signature="setUp()[pri:0, instance:tests.resetPasswordPage2Tests.AllPageFirefoxTests@76494737]" started-at="2023-09-11T17:09:05 EEST" name="setUp" finished-at="2023-09-11T17:09:05 EEST" duration-ms="0" status="PASS">
          <reporter-output>
          </reporter-output>
        </test-method> <!-- setUp -->
        <test-method signature="resourcesHeaderResetPasswordPage2(java.lang.String,java.lang.String)[pri:4, instance:tests.resetPasswordPage2Tests.AllPageFirefoxTests@76494737]" started-at="2023-09-11T17:09:10 EEST" name="resourcesHeaderResetPasswordPage2" finished-at="2023-09-11T17:09:16 EEST" duration-ms="5152" status="PASS">
          <params>
            <param index="0">
              <value>
                <![CDATA[https://aimood-stage1.intary.net/en/reset-password-2]]>
              </value>
            </param>
            <param index="1">
              <value>
                <![CDATA[Screenshots_St1/]]>
              </value>
            </param>
          </params>
          <reporter-output>
          </reporter-output>
        </test-method> <!-- resourcesHeaderResetPasswordPage2 -->
        <test-method is-config="true" signature="setUp()[pri:0, instance:tests.resetPasswordPage2Tests.AllPageFirefoxTests@76494737]" started-at="2023-09-11T17:09:10 EEST" name="setUp" finished-at="2023-09-11T17:09:10 EEST" duration-ms="0" status="PASS">
          <reporter-output>
          </reporter-output>
        </test-method> <!-- setUp -->
        <test-method signature="mainSectionResetPasswordPage2(java.lang.String,java.lang.String)[pri:6, instance:tests.resetPasswordPage2Tests.AllPageFirefoxTests@76494737]" started-at="2023-09-11T17:09:16 EEST" name="mainSectionResetPasswordPage2" finished-at="2023-09-11T17:09:22 EEST" duration-ms="6947" status="PASS">
          <params>
            <param index="0">
              <value>
                <![CDATA[https://aimood-stage1.intary.net/en/reset-password-2]]>
              </value>
            </param>
            <param index="1">
              <value>
                <![CDATA[Screenshots_St1/]]>
              </value>
            </param>
          </params>
          <reporter-output>
          </reporter-output>
        </test-method> <!-- mainSectionResetPasswordPage2 -->
        <test-method is-config="true" signature="setUp()[pri:0, instance:tests.resetPasswordPage2Tests.AllPageFirefoxTests@76494737]" started-at="2023-09-11T17:09:16 EEST" name="setUp" finished-at="2023-09-11T17:09:16 EEST" duration-ms="0" status="PASS">
          <reporter-output>
          </reporter-output>
        </test-method> <!-- setUp -->
        <test-method signature="allFooterResetPasswordPage2(java.lang.String,java.lang.String)[pri:7, instance:tests.resetPasswordPage2Tests.AllPageFirefoxTests@76494737]" started-at="2023-09-11T17:09:22 EEST" name="allFooterResetPasswordPage2" finished-at="2023-09-11T17:09:28 EEST" duration-ms="6001" status="PASS">
          <params>
            <param index="0">
              <value>
                <![CDATA[https://aimood-stage1.intary.net/en/reset-password-2]]>
              </value>
            </param>
            <param index="1">
              <value>
                <![CDATA[Screenshots_St1/]]>
              </value>
            </param>
          </params>
          <reporter-output>
          </reporter-output>
        </test-method> <!-- allFooterResetPasswordPage2 -->
        <test-method is-config="true" signature="setUp()[pri:0, instance:tests.resetPasswordPage2Tests.AllPageFirefoxTests@76494737]" started-at="2023-09-11T17:09:22 EEST" name="setUp" finished-at="2023-09-11T17:09:22 EEST" duration-ms="0" status="PASS">
          <reporter-output>
          </reporter-output>
        </test-method> <!-- setUp -->
        <test-method is-config="true" signature="tearDown()[pri:0, instance:tests.resetPasswordPage2Tests.AllPageFirefoxTests@76494737]" started-at="2023-09-11T17:09:28 EEST" name="tearDown" finished-at="2023-09-11T17:09:30 EEST" duration-ms="1209" status="PASS">
          <reporter-output>
          </reporter-output>
        </test-method> <!-- tearDown -->
      </class> <!-- tests.resetPasswordPage2Tests.AllPageFirefoxTests -->
      <class name="tests.signInPageTests.AllPageChromeTests">
        <test-method is-config="true" signature="setUp()[pri:0, instance:tests.signInPageTests.AllPageChromeTests@17fc391b]" started-at="2023-09-11T17:10:50 EEST" name="setUp" finished-at="2023-09-11T17:10:50 EEST" duration-ms="771" status="PASS">
          <reporter-output>
          </reporter-output>
        </test-method> <!-- setUp -->
        <test-method signature="allHeaderSignInPage(java.lang.String,java.lang.String)[pri:1, instance:tests.signInPageTests.AllPageChromeTests@17fc391b]" started-at="2023-09-11T17:10:50 EEST" name="allHeaderSignInPage" finished-at="2023-09-11T17:10:59 EEST" duration-ms="8232" status="PASS">
          <params>
            <param index="0">
              <value>
                <![CDATA[https://aimood-stage1.intary.net/en/login]]>
              </value>
            </param>
            <param index="1">
              <value>
                <![CDATA[Screenshots_St1/]]>
              </value>
            </param>
          </params>
          <reporter-output>
          </reporter-output>
        </test-method> <!-- allHeaderSignInPage -->
        <test-method signature="getStartedHeaderSignInPage(java.lang.String,java.lang.String)[pri:2, instance:tests.signInPageTests.AllPageChromeTests@17fc391b]" started-at="2023-09-11T17:10:59 EEST" name="getStartedHeaderSignInPage" finished-at="2023-09-11T17:11:04 EEST" duration-ms="5317" status="PASS">
          <params>
            <param index="0">
              <value>
                <![CDATA[https://aimood-stage1.intary.net/en/login]]>
              </value>
            </param>
            <param index="1">
              <value>
                <![CDATA[Screenshots_St1/]]>
              </value>
            </param>
          </params>
          <reporter-output>
          </reporter-output>
        </test-method> <!-- getStartedHeaderSignInPage -->
        <test-method is-config="true" signature="setUp()[pri:0, instance:tests.signInPageTests.AllPageChromeTests@17fc391b]" started-at="2023-09-11T17:10:59 EEST" name="setUp" finished-at="2023-09-11T17:10:59 EEST" duration-ms="0" status="PASS">
          <reporter-output>
          </reporter-output>
        </test-method> <!-- setUp -->
        <test-method signature="learnHeaderSignInPage(java.lang.String,java.lang.String)[pri:3, instance:tests.signInPageTests.AllPageChromeTests@17fc391b]" started-at="2023-09-11T17:11:04 EEST" name="learnHeaderSignInPage" finished-at="2023-09-11T17:11:09 EEST" duration-ms="5368" status="PASS">
          <params>
            <param index="0">
              <value>
                <![CDATA[https://aimood-stage1.intary.net/en/login]]>
              </value>
            </param>
            <param index="1">
              <value>
                <![CDATA[Screenshots_St1/]]>
              </value>
            </param>
          </params>
          <reporter-output>
          </reporter-output>
        </test-method> <!-- learnHeaderSignInPage -->
        <test-method is-config="true" signature="setUp()[pri:0, instance:tests.signInPageTests.AllPageChromeTests@17fc391b]" started-at="2023-09-11T17:11:04 EEST" name="setUp" finished-at="2023-09-11T17:11:04 EEST" duration-ms="0" status="PASS">
          <reporter-output>
          </reporter-output>
        </test-method> <!-- setUp -->
        <test-method signature="resourcesHeaderSignInPage(java.lang.String,java.lang.String)[pri:4, instance:tests.signInPageTests.AllPageChromeTests@17fc391b]" started-at="2023-09-11T17:11:09 EEST" name="resourcesHeaderSignInPage" finished-at="2023-09-11T17:11:15 EEST" duration-ms="5348" status="PASS">
          <params>
            <param index="0">
              <value>
                <![CDATA[https://aimood-stage1.intary.net/en/login]]>
              </value>
            </param>
            <param index="1">
              <value>
                <![CDATA[Screenshots_St1/]]>
              </value>
            </param>
          </params>
          <reporter-output>
          </reporter-output>
        </test-method> <!-- resourcesHeaderSignInPage -->
        <test-method is-config="true" signature="setUp()[pri:0, instance:tests.signInPageTests.AllPageChromeTests@17fc391b]" started-at="2023-09-11T17:11:09 EEST" name="setUp" finished-at="2023-09-11T17:11:09 EEST" duration-ms="0" status="PASS">
          <reporter-output>
          </reporter-output>
        </test-method> <!-- setUp -->
        <test-method signature="mainSectionSignInPage(java.lang.String,java.lang.String)[pri:6, instance:tests.signInPageTests.AllPageChromeTests@17fc391b]" started-at="2023-09-11T17:11:15 EEST" name="mainSectionSignInPage" finished-at="2023-09-11T17:11:22 EEST" duration-ms="7184" status="PASS">
          <params>
            <param index="0">
              <value>
                <![CDATA[https://aimood-stage1.intary.net/en/login]]>
              </value>
            </param>
            <param index="1">
              <value>
                <![CDATA[Screenshots_St1/]]>
              </value>
            </param>
          </params>
          <reporter-output>
          </reporter-output>
        </test-method> <!-- mainSectionSignInPage -->
        <test-method is-config="true" signature="setUp()[pri:0, instance:tests.signInPageTests.AllPageChromeTests@17fc391b]" started-at="2023-09-11T17:11:15 EEST" name="setUp" finished-at="2023-09-11T17:11:15 EEST" duration-ms="0" status="PASS">
          <reporter-output>
          </reporter-output>
        </test-method> <!-- setUp -->
        <test-method signature="allFooterSignInPage(java.lang.String,java.lang.String)[pri:7, instance:tests.signInPageTests.AllPageChromeTests@17fc391b]" started-at="2023-09-11T17:11:22 EEST" name="allFooterSignInPage" finished-at="2023-09-11T17:11:28 EEST" duration-ms="6212" status="PASS">
          <params>
            <param index="0">
              <value>
                <![CDATA[https://aimood-stage1.intary.net/en/login]]>
              </value>
            </param>
            <param index="1">
              <value>
                <![CDATA[Screenshots_St1/]]>
              </value>
            </param>
          </params>
          <reporter-output>
          </reporter-output>
        </test-method> <!-- allFooterSignInPage -->
        <test-method is-config="true" signature="setUp()[pri:0, instance:tests.signInPageTests.AllPageChromeTests@17fc391b]" started-at="2023-09-11T17:11:22 EEST" name="setUp" finished-at="2023-09-11T17:11:22 EEST" duration-ms="0" status="PASS">
          <reporter-output>
          </reporter-output>
        </test-method> <!-- setUp -->
        <test-method is-config="true" signature="tearDown()[pri:0, instance:tests.signInPageTests.AllPageChromeTests@17fc391b]" started-at="2023-09-11T17:11:28 EEST" name="tearDown" finished-at="2023-09-11T17:11:29 EEST" duration-ms="639" status="PASS">
          <reporter-output>
          </reporter-output>
        </test-method> <!-- tearDown -->
      </class> <!-- tests.signInPageTests.AllPageChromeTests -->
      <class name="tests.walletPageTests.AllPageFirefoxTests">
        <test-method is-config="true" signature="setUp()[pri:0, instance:tests.walletPageTests.AllPageFirefoxTests@5ddeb7cb]" started-at="2023-09-11T16:59:56 EEST" name="setUp" finished-at="2023-09-11T16:59:59 EEST" duration-ms="2547" status="PASS">
          <reporter-output>
          </reporter-output>
        </test-method> <!-- setUp -->
        <test-method signature="allHeaderWalletPage(java.lang.String,java.lang.String)[pri:1, instance:tests.walletPageTests.AllPageFirefoxTests@5ddeb7cb]" started-at="2023-09-11T16:59:59 EEST" name="allHeaderWalletPage" finished-at="2023-09-11T17:00:09 EEST" duration-ms="10465" status="PASS">
          <params>
            <param index="0">
              <value>
                <![CDATA[https://aimood-stage1.intary.net/en/the-aimood-wallet]]>
              </value>
            </param>
            <param index="1">
              <value>
                <![CDATA[Screenshots_St1/]]>
              </value>
            </param>
          </params>
          <reporter-output>
          </reporter-output>
        </test-method> <!-- allHeaderWalletPage -->
        <test-method signature="getStartedHeaderWalletPage(java.lang.String,java.lang.String)[pri:2, instance:tests.walletPageTests.AllPageFirefoxTests@5ddeb7cb]" started-at="2023-09-11T17:00:09 EEST" name="getStartedHeaderWalletPage" finished-at="2023-09-11T17:00:14 EEST" duration-ms="5122" status="PASS">
          <params>
            <param index="0">
              <value>
                <![CDATA[https://aimood-stage1.intary.net/en/the-aimood-wallet]]>
              </value>
            </param>
            <param index="1">
              <value>
                <![CDATA[Screenshots_St1/]]>
              </value>
            </param>
          </params>
          <reporter-output>
          </reporter-output>
        </test-method> <!-- getStartedHeaderWalletPage -->
        <test-method is-config="true" signature="setUp()[pri:0, instance:tests.walletPageTests.AllPageFirefoxTests@5ddeb7cb]" started-at="2023-09-11T17:00:09 EEST" name="setUp" finished-at="2023-09-11T17:00:09 EEST" duration-ms="0" status="PASS">
          <reporter-output>
          </reporter-output>
        </test-method> <!-- setUp -->
        <test-method is-config="true" signature="setUp()[pri:0, instance:tests.walletPageTests.AllPageFirefoxTests@5ddeb7cb]" started-at="2023-09-11T17:00:14 EEST" name="setUp" finished-at="2023-09-11T17:00:14 EEST" duration-ms="0" status="PASS">
          <reporter-output>
          </reporter-output>
        </test-method> <!-- setUp -->
        <test-method signature="learnHeaderWalletPage(java.lang.String,java.lang.String)[pri:3, instance:tests.walletPageTests.AllPageFirefoxTests@5ddeb7cb]" started-at="2023-09-11T17:00:14 EEST" name="learnHeaderWalletPage" finished-at="2023-09-11T17:00:20 EEST" duration-ms="5088" status="PASS">
          <params>
            <param index="0">
              <value>
                <![CDATA[https://aimood-stage1.intary.net/en/the-aimood-wallet]]>
              </value>
            </param>
            <param index="1">
              <value>
                <![CDATA[Screenshots_St1/]]>
              </value>
            </param>
          </params>
          <reporter-output>
          </reporter-output>
        </test-method> <!-- learnHeaderWalletPage -->
        <test-method signature="resourcesHeaderWalletPage(java.lang.String,java.lang.String)[pri:4, instance:tests.walletPageTests.AllPageFirefoxTests@5ddeb7cb]" started-at="2023-09-11T17:00:20 EEST" name="resourcesHeaderWalletPage" finished-at="2023-09-11T17:00:25 EEST" duration-ms="5153" status="PASS">
          <params>
            <param index="0">
              <value>
                <![CDATA[https://aimood-stage1.intary.net/en/the-aimood-wallet]]>
              </value>
            </param>
            <param index="1">
              <value>
                <![CDATA[Screenshots_St1/]]>
              </value>
            </param>
          </params>
          <reporter-output>
          </reporter-output>
        </test-method> <!-- resourcesHeaderWalletPage -->
        <test-method is-config="true" signature="setUp()[pri:0, instance:tests.walletPageTests.AllPageFirefoxTests@5ddeb7cb]" started-at="2023-09-11T17:00:20 EEST" name="setUp" finished-at="2023-09-11T17:00:20 EEST" duration-ms="0" status="PASS">
          <reporter-output>
          </reporter-output>
        </test-method> <!-- setUp -->
        <test-method signature="mainSectionWalletPage(java.lang.String,java.lang.String)[pri:6, instance:tests.walletPageTests.AllPageFirefoxTests@5ddeb7cb]" started-at="2023-09-11T17:00:25 EEST" name="mainSectionWalletPage" finished-at="2023-09-11T17:00:31 EEST" duration-ms="5949" status="PASS">
          <params>
            <param index="0">
              <value>
                <![CDATA[https://aimood-stage1.intary.net/en/the-aimood-wallet]]>
              </value>
            </param>
            <param index="1">
              <value>
                <![CDATA[Screenshots_St1/]]>
              </value>
            </param>
          </params>
          <reporter-output>
          </reporter-output>
        </test-method> <!-- mainSectionWalletPage -->
        <test-method is-config="true" signature="setUp()[pri:0, instance:tests.walletPageTests.AllPageFirefoxTests@5ddeb7cb]" started-at="2023-09-11T17:00:25 EEST" name="setUp" finished-at="2023-09-11T17:00:25 EEST" duration-ms="0" status="PASS">
          <reporter-output>
          </reporter-output>
        </test-method> <!-- setUp -->
        <test-method signature="delegatedSectionWalletPage(java.lang.String,java.lang.String)[pri:7, instance:tests.walletPageTests.AllPageFirefoxTests@5ddeb7cb]" started-at="2023-09-11T17:00:31 EEST" name="delegatedSectionWalletPage" finished-at="2023-09-11T17:00:37 EEST" duration-ms="6253" status="PASS">
          <params>
            <param index="0">
              <value>
                <![CDATA[https://aimood-stage1.intary.net/en/the-aimood-wallet]]>
              </value>
            </param>
            <param index="1">
              <value>
                <![CDATA[Screenshots_St1/]]>
              </value>
            </param>
          </params>
          <reporter-output>
          </reporter-output>
        </test-method> <!-- delegatedSectionWalletPage -->
        <test-method is-config="true" signature="setUp()[pri:0, instance:tests.walletPageTests.AllPageFirefoxTests@5ddeb7cb]" started-at="2023-09-11T17:00:31 EEST" name="setUp" finished-at="2023-09-11T17:00:31 EEST" duration-ms="0" status="PASS">
          <reporter-output>
          </reporter-output>
        </test-method> <!-- setUp -->
        <test-method signature="allFooterWalletPage(java.lang.String,java.lang.String)[pri:8, instance:tests.walletPageTests.AllPageFirefoxTests@5ddeb7cb]" started-at="2023-09-11T17:00:37 EEST" name="allFooterWalletPage" finished-at="2023-09-11T17:00:43 EEST" duration-ms="6027" status="PASS">
          <params>
            <param index="0">
              <value>
                <![CDATA[https://aimood-stage1.intary.net/en/the-aimood-wallet]]>
              </value>
            </param>
            <param index="1">
              <value>
                <![CDATA[Screenshots_St1/]]>
              </value>
            </param>
          </params>
          <reporter-output>
          </reporter-output>
        </test-method> <!-- allFooterWalletPage -->
        <test-method is-config="true" signature="setUp()[pri:0, instance:tests.walletPageTests.AllPageFirefoxTests@5ddeb7cb]" started-at="2023-09-11T17:00:37 EEST" name="setUp" finished-at="2023-09-11T17:00:37 EEST" duration-ms="0" status="PASS">
          <reporter-output>
          </reporter-output>
        </test-method> <!-- setUp -->
        <test-method is-config="true" signature="tearDown()[pri:0, instance:tests.walletPageTests.AllPageFirefoxTests@5ddeb7cb]" started-at="2023-09-11T17:00:43 EEST" name="tearDown" finished-at="2023-09-11T17:00:45 EEST" duration-ms="1601" status="PASS">
          <reporter-output>
          </reporter-output>
        </test-method> <!-- tearDown -->
      </class> <!-- tests.walletPageTests.AllPageFirefoxTests -->
      <class name="tests.resetPasswordPage2Tests.AllPageChromeTests">
        <test-method is-config="true" signature="setUp()[pri:0, instance:tests.resetPasswordPage2Tests.AllPageChromeTests@4a003cbe]" started-at="2023-09-11T17:09:30 EEST" name="setUp" finished-at="2023-09-11T17:09:30 EEST" duration-ms="768" status="PASS">
          <reporter-output>
          </reporter-output>
        </test-method> <!-- setUp -->
        <test-method signature="allHeaderResetPasswordPage2(java.lang.String,java.lang.String)[pri:1, instance:tests.resetPasswordPage2Tests.AllPageChromeTests@4a003cbe]" started-at="2023-09-11T17:09:30 EEST" name="allHeaderResetPasswordPage2" finished-at="2023-09-11T17:09:39 EEST" duration-ms="8216" status="PASS">
          <params>
            <param index="0">
              <value>
                <![CDATA[https://aimood-stage1.intary.net/en/reset-password-2]]>
              </value>
            </param>
            <param index="1">
              <value>
                <![CDATA[Screenshots_St1/]]>
              </value>
            </param>
          </params>
          <reporter-output>
          </reporter-output>
        </test-method> <!-- allHeaderResetPasswordPage2 -->
        <test-method signature="getStartedHeaderResetPasswordPage2(java.lang.String,java.lang.String)[pri:2, instance:tests.resetPasswordPage2Tests.AllPageChromeTests@4a003cbe]" started-at="2023-09-11T17:09:39 EEST" name="getStartedHeaderResetPasswordPage2" finished-at="2023-09-11T17:09:44 EEST" duration-ms="5326" status="PASS">
          <params>
            <param index="0">
              <value>
                <![CDATA[https://aimood-stage1.intary.net/en/reset-password-2]]>
              </value>
            </param>
            <param index="1">
              <value>
                <![CDATA[Screenshots_St1/]]>
              </value>
            </param>
          </params>
          <reporter-output>
          </reporter-output>
        </test-method> <!-- getStartedHeaderResetPasswordPage2 -->
        <test-method is-config="true" signature="setUp()[pri:0, instance:tests.resetPasswordPage2Tests.AllPageChromeTests@4a003cbe]" started-at="2023-09-11T17:09:39 EEST" name="setUp" finished-at="2023-09-11T17:09:39 EEST" duration-ms="0" status="PASS">
          <reporter-output>
          </reporter-output>
        </test-method> <!-- setUp -->
        <test-method signature="learnHeaderResetPasswordPage2(java.lang.String,java.lang.String)[pri:3, instance:tests.resetPasswordPage2Tests.AllPageChromeTests@4a003cbe]" started-at="2023-09-11T17:09:44 EEST" name="learnHeaderResetPasswordPage2" finished-at="2023-09-11T17:09:49 EEST" duration-ms="5367" status="PASS">
          <params>
            <param index="0">
              <value>
                <![CDATA[https://aimood-stage1.intary.net/en/reset-password-2]]>
              </value>
            </param>
            <param index="1">
              <value>
                <![CDATA[Screenshots_St1/]]>
              </value>
            </param>
          </params>
          <reporter-output>
          </reporter-output>
        </test-method> <!-- learnHeaderResetPasswordPage2 -->
        <test-method is-config="true" signature="setUp()[pri:0, instance:tests.resetPasswordPage2Tests.AllPageChromeTests@4a003cbe]" started-at="2023-09-11T17:09:44 EEST" name="setUp" finished-at="2023-09-11T17:09:44 EEST" duration-ms="0" status="PASS">
          <reporter-output>
          </reporter-output>
        </test-method> <!-- setUp -->
        <test-method signature="resourcesHeaderResetPasswordPage2(java.lang.String,java.lang.String)[pri:4, instance:tests.resetPasswordPage2Tests.AllPageChromeTests@4a003cbe]" started-at="2023-09-11T17:09:49 EEST" name="resourcesHeaderResetPasswordPage2" finished-at="2023-09-11T17:09:55 EEST" duration-ms="5366" status="PASS">
          <params>
            <param index="0">
              <value>
                <![CDATA[https://aimood-stage1.intary.net/en/reset-password-2]]>
              </value>
            </param>
            <param index="1">
              <value>
                <![CDATA[Screenshots_St1/]]>
              </value>
            </param>
          </params>
          <reporter-output>
          </reporter-output>
        </test-method> <!-- resourcesHeaderResetPasswordPage2 -->
        <test-method is-config="true" signature="setUp()[pri:0, instance:tests.resetPasswordPage2Tests.AllPageChromeTests@4a003cbe]" started-at="2023-09-11T17:09:49 EEST" name="setUp" finished-at="2023-09-11T17:09:49 EEST" duration-ms="0" status="PASS">
          <reporter-output>
          </reporter-output>
        </test-method> <!-- setUp -->
        <test-method signature="mainSectionResetPasswordPage2(java.lang.String,java.lang.String)[pri:6, instance:tests.resetPasswordPage2Tests.AllPageChromeTests@4a003cbe]" started-at="2023-09-11T17:09:55 EEST" name="mainSectionResetPasswordPage2" finished-at="2023-09-11T17:10:02 EEST" duration-ms="7224" status="PASS">
          <params>
            <param index="0">
              <value>
                <![CDATA[https://aimood-stage1.intary.net/en/reset-password-2]]>
              </value>
            </param>
            <param index="1">
              <value>
                <![CDATA[Screenshots_St1/]]>
              </value>
            </param>
          </params>
          <reporter-output>
          </reporter-output>
        </test-method> <!-- mainSectionResetPasswordPage2 -->
        <test-method is-config="true" signature="setUp()[pri:0, instance:tests.resetPasswordPage2Tests.AllPageChromeTests@4a003cbe]" started-at="2023-09-11T17:09:55 EEST" name="setUp" finished-at="2023-09-11T17:09:55 EEST" duration-ms="0" status="PASS">
          <reporter-output>
          </reporter-output>
        </test-method> <!-- setUp -->
        <test-method signature="allFooterResetPasswordPage2(java.lang.String,java.lang.String)[pri:7, instance:tests.resetPasswordPage2Tests.AllPageChromeTests@4a003cbe]" started-at="2023-09-11T17:10:02 EEST" name="allFooterResetPasswordPage2" finished-at="2023-09-11T17:10:08 EEST" duration-ms="6228" status="PASS">
          <params>
            <param index="0">
              <value>
                <![CDATA[https://aimood-stage1.intary.net/en/reset-password-2]]>
              </value>
            </param>
            <param index="1">
              <value>
                <![CDATA[Screenshots_St1/]]>
              </value>
            </param>
          </params>
          <reporter-output>
          </reporter-output>
        </test-method> <!-- allFooterResetPasswordPage2 -->
        <test-method is-config="true" signature="setUp()[pri:0, instance:tests.resetPasswordPage2Tests.AllPageChromeTests@4a003cbe]" started-at="2023-09-11T17:10:02 EEST" name="setUp" finished-at="2023-09-11T17:10:02 EEST" duration-ms="0" status="PASS">
          <reporter-output>
          </reporter-output>
        </test-method> <!-- setUp -->
        <test-method is-config="true" signature="tearDown()[pri:0, instance:tests.resetPasswordPage2Tests.AllPageChromeTests@4a003cbe]" started-at="2023-09-11T17:10:08 EEST" name="tearDown" finished-at="2023-09-11T17:10:09 EEST" duration-ms="633" status="PASS">
          <reporter-output>
          </reporter-output>
        </test-method> <!-- tearDown -->
      </class> <!-- tests.resetPasswordPage2Tests.AllPageChromeTests -->
      <class name="tests.walletPageTests.AllPageChromeTests">
        <test-method is-config="true" signature="setUp()[pri:0, instance:tests.walletPageTests.AllPageChromeTests@70ed52de]" started-at="2023-09-11T17:00:45 EEST" name="setUp" finished-at="2023-09-11T17:00:45 EEST" duration-ms="817" status="PASS">
          <reporter-output>
          </reporter-output>
        </test-method> <!-- setUp -->
        <test-method signature="allHeaderWalletPage(java.lang.String,java.lang.String)[pri:1, instance:tests.walletPageTests.AllPageChromeTests@70ed52de]" started-at="2023-09-11T17:00:45 EEST" name="allHeaderWalletPage" finished-at="2023-09-11T17:00:53 EEST" duration-ms="7660" status="PASS">
          <params>
            <param index="0">
              <value>
                <![CDATA[https://aimood-stage1.intary.net/en/the-aimood-wallet]]>
              </value>
            </param>
            <param index="1">
              <value>
                <![CDATA[Screenshots_St1/]]>
              </value>
            </param>
          </params>
          <reporter-output>
          </reporter-output>
        </test-method> <!-- allHeaderWalletPage -->
        <test-method is-config="true" signature="setUp()[pri:0, instance:tests.walletPageTests.AllPageChromeTests@70ed52de]" started-at="2023-09-11T17:00:53 EEST" name="setUp" finished-at="2023-09-11T17:00:53 EEST" duration-ms="1" status="PASS">
          <reporter-output>
          </reporter-output>
        </test-method> <!-- setUp -->
        <test-method signature="getStartedHeaderWalletPage(java.lang.String,java.lang.String)[pri:2, instance:tests.walletPageTests.AllPageChromeTests@70ed52de]" started-at="2023-09-11T17:00:53 EEST" name="getStartedHeaderWalletPage" finished-at="2023-09-11T17:00:58 EEST" duration-ms="5328" status="PASS">
          <params>
            <param index="0">
              <value>
                <![CDATA[https://aimood-stage1.intary.net/en/the-aimood-wallet]]>
              </value>
            </param>
            <param index="1">
              <value>
                <![CDATA[Screenshots_St1/]]>
              </value>
            </param>
          </params>
          <reporter-output>
          </reporter-output>
        </test-method> <!-- getStartedHeaderWalletPage -->
        <test-method is-config="true" signature="setUp()[pri:0, instance:tests.walletPageTests.AllPageChromeTests@70ed52de]" started-at="2023-09-11T17:00:58 EEST" name="setUp" finished-at="2023-09-11T17:00:58 EEST" duration-ms="0" status="PASS">
          <reporter-output>
          </reporter-output>
        </test-method> <!-- setUp -->
        <test-method signature="learnHeaderWalletPage(java.lang.String,java.lang.String)[pri:3, instance:tests.walletPageTests.AllPageChromeTests@70ed52de]" started-at="2023-09-11T17:00:58 EEST" name="learnHeaderWalletPage" finished-at="2023-09-11T17:01:04 EEST" duration-ms="5373" status="PASS">
          <params>
            <param index="0">
              <value>
                <![CDATA[https://aimood-stage1.intary.net/en/the-aimood-wallet]]>
              </value>
            </param>
            <param index="1">
              <value>
                <![CDATA[Screenshots_St1/]]>
              </value>
            </param>
          </params>
          <reporter-output>
          </reporter-output>
        </test-method> <!-- learnHeaderWalletPage -->
        <test-method is-config="true" signature="setUp()[pri:0, instance:tests.walletPageTests.AllPageChromeTests@70ed52de]" started-at="2023-09-11T17:01:04 EEST" name="setUp" finished-at="2023-09-11T17:01:04 EEST" duration-ms="1" status="PASS">
          <reporter-output>
          </reporter-output>
        </test-method> <!-- setUp -->
        <test-method signature="resourcesHeaderWalletPage(java.lang.String,java.lang.String)[pri:4, instance:tests.walletPageTests.AllPageChromeTests@70ed52de]" started-at="2023-09-11T17:01:04 EEST" name="resourcesHeaderWalletPage" finished-at="2023-09-11T17:01:09 EEST" duration-ms="5346" status="PASS">
          <params>
            <param index="0">
              <value>
                <![CDATA[https://aimood-stage1.intary.net/en/the-aimood-wallet]]>
              </value>
            </param>
            <param index="1">
              <value>
                <![CDATA[Screenshots_St1/]]>
              </value>
            </param>
          </params>
          <reporter-output>
          </reporter-output>
        </test-method> <!-- resourcesHeaderWalletPage -->
        <test-method signature="mainSectionWalletPage(java.lang.String,java.lang.String)[pri:6, instance:tests.walletPageTests.AllPageChromeTests@70ed52de]" started-at="2023-09-11T17:01:09 EEST" name="mainSectionWalletPage" finished-at="2023-09-11T17:01:15 EEST" duration-ms="6205" status="PASS">
          <params>
            <param index="0">
              <value>
                <![CDATA[https://aimood-stage1.intary.net/en/the-aimood-wallet]]>
              </value>
            </param>
            <param index="1">
              <value>
                <![CDATA[Screenshots_St1/]]>
              </value>
            </param>
          </params>
          <reporter-output>
          </reporter-output>
        </test-method> <!-- mainSectionWalletPage -->
        <test-method is-config="true" signature="setUp()[pri:0, instance:tests.walletPageTests.AllPageChromeTests@70ed52de]" started-at="2023-09-11T17:01:09 EEST" name="setUp" finished-at="2023-09-11T17:01:09 EEST" duration-ms="0" status="PASS">
          <reporter-output>
          </reporter-output>
        </test-method> <!-- setUp -->
        <test-method signature="delegatedSectionWalletPage(java.lang.String,java.lang.String)[pri:7, instance:tests.walletPageTests.AllPageChromeTests@70ed52de]" started-at="2023-09-11T17:01:15 EEST" name="delegatedSectionWalletPage" finished-at="2023-09-11T17:01:22 EEST" duration-ms="6539" status="PASS">
          <params>
            <param index="0">
              <value>
                <![CDATA[https://aimood-stage1.intary.net/en/the-aimood-wallet]]>
              </value>
            </param>
            <param index="1">
              <value>
                <![CDATA[Screenshots_St1/]]>
              </value>
            </param>
          </params>
          <reporter-output>
          </reporter-output>
        </test-method> <!-- delegatedSectionWalletPage -->
        <test-method is-config="true" signature="setUp()[pri:0, instance:tests.walletPageTests.AllPageChromeTests@70ed52de]" started-at="2023-09-11T17:01:15 EEST" name="setUp" finished-at="2023-09-11T17:01:15 EEST" duration-ms="0" status="PASS">
          <reporter-output>
          </reporter-output>
        </test-method> <!-- setUp -->
        <test-method signature="allFooterWalletPage(java.lang.String,java.lang.String)[pri:8, instance:tests.walletPageTests.AllPageChromeTests@70ed52de]" started-at="2023-09-11T17:01:22 EEST" name="allFooterWalletPage" finished-at="2023-09-11T17:01:28 EEST" duration-ms="6233" status="PASS">
          <params>
            <param index="0">
              <value>
                <![CDATA[https://aimood-stage1.intary.net/en/the-aimood-wallet]]>
              </value>
            </param>
            <param index="1">
              <value>
                <![CDATA[Screenshots_St1/]]>
              </value>
            </param>
          </params>
          <reporter-output>
          </reporter-output>
        </test-method> <!-- allFooterWalletPage -->
        <test-method is-config="true" signature="setUp()[pri:0, instance:tests.walletPageTests.AllPageChromeTests@70ed52de]" started-at="2023-09-11T17:01:22 EEST" name="setUp" finished-at="2023-09-11T17:01:22 EEST" duration-ms="0" status="PASS">
          <reporter-output>
          </reporter-output>
        </test-method> <!-- setUp -->
        <test-method is-config="true" signature="tearDown()[pri:0, instance:tests.walletPageTests.AllPageChromeTests@70ed52de]" started-at="2023-09-11T17:01:28 EEST" name="tearDown" finished-at="2023-09-11T17:01:29 EEST" duration-ms="640" status="PASS">
          <reporter-output>
          </reporter-output>
        </test-method> <!-- tearDown -->
      </class> <!-- tests.walletPageTests.AllPageChromeTests -->
      <class name="tests.WhatIsAimood.WhatIsAimoodChromeTests">
        <test-method is-config="true" signature="setUp()[pri:0, instance:tests.WhatIsAimood.WhatIsAimoodChromeTests@247310d0]" started-at="2023-09-11T17:06:29 EEST" name="setUp" finished-at="2023-09-11T17:06:30 EEST" duration-ms="812" status="PASS">
          <reporter-output>
          </reporter-output>
        </test-method> <!-- setUp -->
        <test-method signature="allHeaderWhatIsAimoodPage(java.lang.String,java.lang.String)[pri:1, instance:tests.WhatIsAimood.WhatIsAimoodChromeTests@247310d0]" started-at="2023-09-11T17:06:30 EEST" name="allHeaderWhatIsAimoodPage" finished-at="2023-09-11T17:06:39 EEST" duration-ms="9262" status="PASS">
          <params>
            <param index="0">
              <value>
                <![CDATA[https://aimood-stage1.intary.net/en/what-is-aimood]]>
              </value>
            </param>
            <param index="1">
              <value>
                <![CDATA[Screenshots_St1/]]>
              </value>
            </param>
          </params>
          <reporter-output>
          </reporter-output>
        </test-method> <!-- allHeaderWhatIsAimoodPage -->
        <test-method signature="getStartedHeaderWhatIsAimoodPage(java.lang.String,java.lang.String)[pri:2, instance:tests.WhatIsAimood.WhatIsAimoodChromeTests@247310d0]" started-at="2023-09-11T17:06:39 EEST" name="getStartedHeaderWhatIsAimoodPage" finished-at="2023-09-11T17:06:45 EEST" duration-ms="5400" status="PASS">
          <params>
            <param index="0">
              <value>
                <![CDATA[https://aimood-stage1.intary.net/en/what-is-aimood]]>
              </value>
            </param>
            <param index="1">
              <value>
                <![CDATA[Screenshots_St1/]]>
              </value>
            </param>
          </params>
          <reporter-output>
          </reporter-output>
        </test-method> <!-- getStartedHeaderWhatIsAimoodPage -->
        <test-method is-config="true" signature="setUp()[pri:0, instance:tests.WhatIsAimood.WhatIsAimoodChromeTests@247310d0]" started-at="2023-09-11T17:06:39 EEST" name="setUp" finished-at="2023-09-11T17:06:39 EEST" duration-ms="0" status="PASS">
          <reporter-output>
          </reporter-output>
        </test-method> <!-- setUp -->
        <test-method signature="learnHeaderWhatIsAimoodPage(java.lang.String,java.lang.String)[pri:3, instance:tests.WhatIsAimood.WhatIsAimoodChromeTests@247310d0]" started-at="2023-09-11T17:06:45 EEST" name="learnHeaderWhatIsAimoodPage" finished-at="2023-09-11T17:06:50 EEST" duration-ms="5313" status="PASS">
          <params>
            <param index="0">
              <value>
                <![CDATA[https://aimood-stage1.intary.net/en/what-is-aimood]]>
              </value>
            </param>
            <param index="1">
              <value>
                <![CDATA[Screenshots_St1/]]>
              </value>
            </param>
          </params>
          <reporter-output>
          </reporter-output>
        </test-method> <!-- learnHeaderWhatIsAimoodPage -->
        <test-method is-config="true" signature="setUp()[pri:0, instance:tests.WhatIsAimood.WhatIsAimoodChromeTests@247310d0]" started-at="2023-09-11T17:06:45 EEST" name="setUp" finished-at="2023-09-11T17:06:45 EEST" duration-ms="0" status="PASS">
          <reporter-output>
          </reporter-output>
        </test-method> <!-- setUp -->
        <test-method signature="resourcesHeaderWhatIsAimoodPage(java.lang.String,java.lang.String)[pri:4, instance:tests.WhatIsAimood.WhatIsAimoodChromeTests@247310d0]" started-at="2023-09-11T17:06:50 EEST" name="resourcesHeaderWhatIsAimoodPage" finished-at="2023-09-11T17:06:55 EEST" duration-ms="5370" status="PASS">
          <params>
            <param index="0">
              <value>
                <![CDATA[https://aimood-stage1.intary.net/en/what-is-aimood]]>
              </value>
            </param>
            <param index="1">
              <value>
                <![CDATA[Screenshots_St1/]]>
              </value>
            </param>
          </params>
          <reporter-output>
          </reporter-output>
        </test-method> <!-- resourcesHeaderWhatIsAimoodPage -->
        <test-method is-config="true" signature="setUp()[pri:0, instance:tests.WhatIsAimood.WhatIsAimoodChromeTests@247310d0]" started-at="2023-09-11T17:06:50 EEST" name="setUp" finished-at="2023-09-11T17:06:50 EEST" duration-ms="0" status="PASS">
          <reporter-output>
          </reporter-output>
        </test-method> <!-- setUp -->
        <test-method signature="mainBlockWhatIsAimoodPage(java.lang.String,java.lang.String)[pri:6, instance:tests.WhatIsAimood.WhatIsAimoodChromeTests@247310d0]" started-at="2023-09-11T17:06:55 EEST" name="mainBlockWhatIsAimoodPage" finished-at="2023-09-11T17:07:02 EEST" duration-ms="6236" status="PASS">
          <params>
            <param index="0">
              <value>
                <![CDATA[https://aimood-stage1.intary.net/en/what-is-aimood]]>
              </value>
            </param>
            <param index="1">
              <value>
                <![CDATA[Screenshots_St1/]]>
              </value>
            </param>
          </params>
          <reporter-output>
          </reporter-output>
        </test-method> <!-- mainBlockWhatIsAimoodPage -->
        <test-method is-config="true" signature="setUp()[pri:0, instance:tests.WhatIsAimood.WhatIsAimoodChromeTests@247310d0]" started-at="2023-09-11T17:06:55 EEST" name="setUp" finished-at="2023-09-11T17:06:55 EEST" duration-ms="0" status="PASS">
          <reporter-output>
          </reporter-output>
        </test-method> <!-- setUp -->
        <test-method is-config="true" signature="setUp()[pri:0, instance:tests.WhatIsAimood.WhatIsAimoodChromeTests@247310d0]" started-at="2023-09-11T17:07:02 EEST" name="setUp" finished-at="2023-09-11T17:07:02 EEST" duration-ms="1" status="PASS">
          <reporter-output>
          </reporter-output>
        </test-method> <!-- setUp -->
        <test-method signature="whyChooseWhatIsAimoodPage(java.lang.String,java.lang.String)[pri:7, instance:tests.WhatIsAimood.WhatIsAimoodChromeTests@247310d0]" started-at="2023-09-11T17:07:02 EEST" name="whyChooseWhatIsAimoodPage" finished-at="2023-09-11T17:07:08 EEST" duration-ms="6563" status="PASS">
          <params>
            <param index="0">
              <value>
                <![CDATA[https://aimood-stage1.intary.net/en/what-is-aimood]]>
              </value>
            </param>
            <param index="1">
              <value>
                <![CDATA[Screenshots_St1/]]>
              </value>
            </param>
          </params>
          <reporter-output>
          </reporter-output>
        </test-method> <!-- whyChooseWhatIsAimoodPage -->
        <test-method is-config="true" signature="setUp()[pri:0, instance:tests.WhatIsAimood.WhatIsAimoodChromeTests@247310d0]" started-at="2023-09-11T17:07:08 EEST" name="setUp" finished-at="2023-09-11T17:07:08 EEST" duration-ms="1" status="PASS">
          <reporter-output>
          </reporter-output>
        </test-method> <!-- setUp -->
        <test-method signature="ecosystemWhatIsAimoodPage(java.lang.String,java.lang.String)[pri:8, instance:tests.WhatIsAimood.WhatIsAimoodChromeTests@247310d0]" started-at="2023-09-11T17:07:08 EEST" name="ecosystemWhatIsAimoodPage" finished-at="2023-09-11T17:07:15 EEST" duration-ms="6647" status="PASS">
          <params>
            <param index="0">
              <value>
                <![CDATA[https://aimood-stage1.intary.net/en/what-is-aimood]]>
              </value>
            </param>
            <param index="1">
              <value>
                <![CDATA[Screenshots_St1/]]>
              </value>
            </param>
          </params>
          <reporter-output>
          </reporter-output>
        </test-method> <!-- ecosystemWhatIsAimoodPage -->
        <test-method signature="allFooterWhatIsAimoodPage(java.lang.String,java.lang.String)[pri:9, instance:tests.WhatIsAimood.WhatIsAimoodChromeTests@247310d0]" started-at="2023-09-11T17:07:15 EEST" name="allFooterWhatIsAimoodPage" finished-at="2023-09-11T17:07:21 EEST" duration-ms="6264" status="PASS">
          <params>
            <param index="0">
              <value>
                <![CDATA[https://aimood-stage1.intary.net/en/what-is-aimood]]>
              </value>
            </param>
            <param index="1">
              <value>
                <![CDATA[Screenshots_St1/]]>
              </value>
            </param>
          </params>
          <reporter-output>
          </reporter-output>
        </test-method> <!-- allFooterWhatIsAimoodPage -->
        <test-method is-config="true" signature="setUp()[pri:0, instance:tests.WhatIsAimood.WhatIsAimoodChromeTests@247310d0]" started-at="2023-09-11T17:07:15 EEST" name="setUp" finished-at="2023-09-11T17:07:15 EEST" duration-ms="0" status="PASS">
          <reporter-output>
          </reporter-output>
        </test-method> <!-- setUp -->
        <test-method is-config="true" signature="tearDown()[pri:0, instance:tests.WhatIsAimood.WhatIsAimoodChromeTests@247310d0]" started-at="2023-09-11T17:07:21 EEST" name="tearDown" finished-at="2023-09-11T17:07:22 EEST" duration-ms="637" status="PASS">
          <reporter-output>
          </reporter-output>
        </test-method> <!-- tearDown -->
      </class> <!-- tests.WhatIsAimood.WhatIsAimoodChromeTests -->
      <class name="tests.tokenMoodPageTests.AllPageChromeTests">
        <test-method is-config="true" signature="setUp()[pri:0, instance:tests.tokenMoodPageTests.AllPageChromeTests@2b40ff9c]" started-at="2023-09-11T16:56:18 EEST" name="setUp" finished-at="2023-09-11T16:56:19 EEST" duration-ms="815" status="PASS">
          <reporter-output>
          </reporter-output>
        </test-method> <!-- setUp -->
        <test-method signature="allHeaderTokenMoodPage(java.lang.String,java.lang.String)[pri:1, instance:tests.tokenMoodPageTests.AllPageChromeTests@2b40ff9c]" started-at="2023-09-11T16:56:19 EEST" name="allHeaderTokenMoodPage" finished-at="2023-09-11T16:56:27 EEST" duration-ms="7951" status="PASS">
          <params>
            <param index="0">
              <value>
                <![CDATA[https://aimood-stage1.intary.net/en/token-mood]]>
              </value>
            </param>
            <param index="1">
              <value>
                <![CDATA[Screenshots_St1/]]>
              </value>
            </param>
          </params>
          <reporter-output>
          </reporter-output>
        </test-method> <!-- allHeaderTokenMoodPage -->
        <test-method signature="getStartedHeaderTokenMoodPage(java.lang.String,java.lang.String)[pri:2, instance:tests.tokenMoodPageTests.AllPageChromeTests@2b40ff9c]" started-at="2023-09-11T16:56:27 EEST" name="getStartedHeaderTokenMoodPage" finished-at="2023-09-11T16:56:32 EEST" duration-ms="5363" status="PASS">
          <params>
            <param index="0">
              <value>
                <![CDATA[https://aimood-stage1.intary.net/en/token-mood]]>
              </value>
            </param>
            <param index="1">
              <value>
                <![CDATA[Screenshots_St1/]]>
              </value>
            </param>
          </params>
          <reporter-output>
          </reporter-output>
        </test-method> <!-- getStartedHeaderTokenMoodPage -->
        <test-method is-config="true" signature="setUp()[pri:0, instance:tests.tokenMoodPageTests.AllPageChromeTests@2b40ff9c]" started-at="2023-09-11T16:56:27 EEST" name="setUp" finished-at="2023-09-11T16:56:27 EEST" duration-ms="0" status="PASS">
          <reporter-output>
          </reporter-output>
        </test-method> <!-- setUp -->
        <test-method is-config="true" signature="setUp()[pri:0, instance:tests.tokenMoodPageTests.AllPageChromeTests@2b40ff9c]" started-at="2023-09-11T16:56:32 EEST" name="setUp" finished-at="2023-09-11T16:56:32 EEST" duration-ms="1" status="PASS">
          <reporter-output>
          </reporter-output>
        </test-method> <!-- setUp -->
        <test-method signature="learnHeaderTokenMoodPage(java.lang.String,java.lang.String)[pri:3, instance:tests.tokenMoodPageTests.AllPageChromeTests@2b40ff9c]" started-at="2023-09-11T16:56:32 EEST" name="learnHeaderTokenMoodPage" finished-at="2023-09-11T16:56:37 EEST" duration-ms="5304" status="PASS">
          <params>
            <param index="0">
              <value>
                <![CDATA[https://aimood-stage1.intary.net/en/token-mood]]>
              </value>
            </param>
            <param index="1">
              <value>
                <![CDATA[Screenshots_St1/]]>
              </value>
            </param>
          </params>
          <reporter-output>
          </reporter-output>
        </test-method> <!-- learnHeaderTokenMoodPage -->
        <test-method is-config="true" signature="setUp()[pri:0, instance:tests.tokenMoodPageTests.AllPageChromeTests@2b40ff9c]" started-at="2023-09-11T16:56:37 EEST" name="setUp" finished-at="2023-09-11T16:56:37 EEST" duration-ms="0" status="PASS">
          <reporter-output>
          </reporter-output>
        </test-method> <!-- setUp -->
        <test-method signature="resourcesHeaderTokenMoodPage(java.lang.String,java.lang.String)[pri:4, instance:tests.tokenMoodPageTests.AllPageChromeTests@2b40ff9c]" started-at="2023-09-11T16:56:37 EEST" name="resourcesHeaderTokenMoodPage" finished-at="2023-09-11T16:56:43 EEST" duration-ms="5297" status="PASS">
          <params>
            <param index="0">
              <value>
                <![CDATA[https://aimood-stage1.intary.net/en/token-mood]]>
              </value>
            </param>
            <param index="1">
              <value>
                <![CDATA[Screenshots_St1/]]>
              </value>
            </param>
          </params>
          <reporter-output>
          </reporter-output>
        </test-method> <!-- resourcesHeaderTokenMoodPage -->
        <test-method is-config="true" signature="setUp()[pri:0, instance:tests.tokenMoodPageTests.AllPageChromeTests@2b40ff9c]" started-at="2023-09-11T16:56:43 EEST" name="setUp" finished-at="2023-09-11T16:56:43 EEST" duration-ms="1" status="PASS">
          <reporter-output>
          </reporter-output>
        </test-method> <!-- setUp -->
        <test-method signature="mainSectionTokenMoodPage(java.lang.String,java.lang.String)[pri:6, instance:tests.tokenMoodPageTests.AllPageChromeTests@2b40ff9c]" started-at="2023-09-11T16:56:43 EEST" name="mainSectionTokenMoodPage" finished-at="2023-09-11T16:56:50 EEST" duration-ms="7236" status="PASS">
          <params>
            <param index="0">
              <value>
                <![CDATA[https://aimood-stage1.intary.net/en/token-mood]]>
              </value>
            </param>
            <param index="1">
              <value>
                <![CDATA[Screenshots_St1/]]>
              </value>
            </param>
          </params>
          <reporter-output>
          </reporter-output>
        </test-method> <!-- mainSectionTokenMoodPage -->
        <test-method signature="statisticsSectionTokenMoodPage(java.lang.String,java.lang.String)[pri:7, instance:tests.tokenMoodPageTests.AllPageChromeTests@2b40ff9c]" started-at="2023-09-11T16:56:50 EEST" name="statisticsSectionTokenMoodPage" finished-at="2023-09-11T16:56:58 EEST" duration-ms="7770" status="PASS">
          <params>
            <param index="0">
              <value>
                <![CDATA[https://aimood-stage1.intary.net/en/token-mood]]>
              </value>
            </param>
            <param index="1">
              <value>
                <![CDATA[Screenshots_St1/]]>
              </value>
            </param>
          </params>
          <reporter-output>
          </reporter-output>
        </test-method> <!-- statisticsSectionTokenMoodPage -->
        <test-method is-config="true" signature="setUp()[pri:0, instance:tests.tokenMoodPageTests.AllPageChromeTests@2b40ff9c]" started-at="2023-09-11T16:56:50 EEST" name="setUp" finished-at="2023-09-11T16:56:50 EEST" duration-ms="0" status="PASS">
          <reporter-output>
          </reporter-output>
        </test-method> <!-- setUp -->
        <test-method is-config="true" signature="setUp()[pri:0, instance:tests.tokenMoodPageTests.AllPageChromeTests@2b40ff9c]" started-at="2023-09-11T16:56:58 EEST" name="setUp" finished-at="2023-09-11T16:56:58 EEST" duration-ms="1" status="PASS">
          <reporter-output>
          </reporter-output>
        </test-method> <!-- setUp -->
        <test-method signature="allFooterTokenMoodPage(java.lang.String,java.lang.String)[pri:8, instance:tests.tokenMoodPageTests.AllPageChromeTests@2b40ff9c]" started-at="2023-09-11T16:56:58 EEST" name="allFooterTokenMoodPage" finished-at="2023-09-11T16:57:04 EEST" duration-ms="6253" status="PASS">
          <params>
            <param index="0">
              <value>
                <![CDATA[https://aimood-stage1.intary.net/en/token-mood]]>
              </value>
            </param>
            <param index="1">
              <value>
                <![CDATA[Screenshots_St1/]]>
              </value>
            </param>
          </params>
          <reporter-output>
          </reporter-output>
        </test-method> <!-- allFooterTokenMoodPage -->
        <test-method is-config="true" signature="tearDown()[pri:0, instance:tests.tokenMoodPageTests.AllPageChromeTests@2b40ff9c]" started-at="2023-09-11T16:57:04 EEST" name="tearDown" finished-at="2023-09-11T16:57:05 EEST" duration-ms="653" status="PASS">
          <reporter-output>
          </reporter-output>
        </test-method> <!-- tearDown -->
      </class> <!-- tests.tokenMoodPageTests.AllPageChromeTests -->
      <class name="tests.mainPageTests.AllPageFirefoxTests">
        <test-method is-config="true" signature="setUp()[pri:0, instance:tests.mainPageTests.AllPageFirefoxTests@202b0582]" started-at="2023-09-11T16:49:48 EEST" name="setUp" finished-at="2023-09-11T16:49:52 EEST" duration-ms="4320" status="PASS">
          <reporter-output>
          </reporter-output>
        </test-method> <!-- setUp -->
        <test-method signature="allHeaderMainPage(java.lang.String,java.lang.String)[pri:1, instance:tests.mainPageTests.AllPageFirefoxTests@202b0582]" started-at="2023-09-11T16:49:52 EEST" name="allHeaderMainPage" finished-at="2023-09-11T16:50:04 EEST" duration-ms="11433" status="PASS">
          <params>
            <param index="0">
              <value>
                <![CDATA[https://aimood-stage1.intary.net/en/]]>
              </value>
            </param>
            <param index="1">
              <value>
                <![CDATA[Screenshots_St1/]]>
              </value>
            </param>
          </params>
          <reporter-output>
          </reporter-output>
        </test-method> <!-- allHeaderMainPage -->
        <test-method is-config="true" signature="setUp()[pri:0, instance:tests.mainPageTests.AllPageFirefoxTests@202b0582]" started-at="2023-09-11T16:50:04 EEST" name="setUp" finished-at="2023-09-11T16:50:04 EEST" duration-ms="0" status="PASS">
          <reporter-output>
          </reporter-output>
        </test-method> <!-- setUp -->
        <test-method signature="getStartedHeaderMainPage(java.lang.String,java.lang.String)[pri:2, instance:tests.mainPageTests.AllPageFirefoxTests@202b0582]" started-at="2023-09-11T16:50:04 EEST" name="getStartedHeaderMainPage" finished-at="2023-09-11T16:50:09 EEST" duration-ms="5254" status="PASS">
          <params>
            <param index="0">
              <value>
                <![CDATA[https://aimood-stage1.intary.net/en/]]>
              </value>
            </param>
            <param index="1">
              <value>
                <![CDATA[Screenshots_St1/]]>
              </value>
            </param>
          </params>
          <reporter-output>
          </reporter-output>
        </test-method> <!-- getStartedHeaderMainPage -->
        <test-method signature="learnHeaderMainPage(java.lang.String,java.lang.String)[pri:3, instance:tests.mainPageTests.AllPageFirefoxTests@202b0582]" started-at="2023-09-11T16:50:09 EEST" name="learnHeaderMainPage" finished-at="2023-09-11T16:50:14 EEST" duration-ms="5164" status="PASS">
          <params>
            <param index="0">
              <value>
                <![CDATA[https://aimood-stage1.intary.net/en/]]>
              </value>
            </param>
            <param index="1">
              <value>
                <![CDATA[Screenshots_St1/]]>
              </value>
            </param>
          </params>
          <reporter-output>
          </reporter-output>
        </test-method> <!-- learnHeaderMainPage -->
        <test-method is-config="true" signature="setUp()[pri:0, instance:tests.mainPageTests.AllPageFirefoxTests@202b0582]" started-at="2023-09-11T16:50:09 EEST" name="setUp" finished-at="2023-09-11T16:50:09 EEST" duration-ms="0" status="PASS">
          <reporter-output>
          </reporter-output>
        </test-method> <!-- setUp -->
        <test-method signature="resourcesHeaderMainPage(java.lang.String,java.lang.String)[pri:4, instance:tests.mainPageTests.AllPageFirefoxTests@202b0582]" started-at="2023-09-11T16:50:14 EEST" name="resourcesHeaderMainPage" finished-at="2023-09-11T16:50:20 EEST" duration-ms="5533" status="PASS">
          <params>
            <param index="0">
              <value>
                <![CDATA[https://aimood-stage1.intary.net/en/]]>
              </value>
            </param>
            <param index="1">
              <value>
                <![CDATA[Screenshots_St1/]]>
              </value>
            </param>
          </params>
          <reporter-output>
          </reporter-output>
        </test-method> <!-- resourcesHeaderMainPage -->
        <test-method is-config="true" signature="setUp()[pri:0, instance:tests.mainPageTests.AllPageFirefoxTests@202b0582]" started-at="2023-09-11T16:50:14 EEST" name="setUp" finished-at="2023-09-11T16:50:14 EEST" duration-ms="0" status="PASS">
          <reporter-output>
          </reporter-output>
        </test-method> <!-- setUp -->
        <test-method signature="mainSectionMainPage(java.lang.String,java.lang.String)[pri:6, instance:tests.mainPageTests.AllPageFirefoxTests@202b0582]" started-at="2023-09-11T16:50:20 EEST" name="mainSectionMainPage" finished-at="2023-09-11T16:50:26 EEST" duration-ms="6044" status="PASS">
          <params>
            <param index="0">
              <value>
                <![CDATA[https://aimood-stage1.intary.net/en/]]>
              </value>
            </param>
            <param index="1">
              <value>
                <![CDATA[Screenshots_St1/]]>
              </value>
            </param>
          </params>
          <reporter-output>
          </reporter-output>
        </test-method> <!-- mainSectionMainPage -->
        <test-method is-config="true" signature="setUp()[pri:0, instance:tests.mainPageTests.AllPageFirefoxTests@202b0582]" started-at="2023-09-11T16:50:20 EEST" name="setUp" finished-at="2023-09-11T16:50:20 EEST" duration-ms="0" status="PASS">
          <reporter-output>
          </reporter-output>
        </test-method> <!-- setUp -->
        <test-method signature="videoSectionMainPage(java.lang.String,java.lang.String)[pri:7, instance:tests.mainPageTests.AllPageFirefoxTests@202b0582]" started-at="2023-09-11T16:50:26 EEST" name="videoSectionMainPage" finished-at="2023-09-11T16:50:32 EEST" duration-ms="6482" status="PASS">
          <params>
            <param index="0">
              <value>
                <![CDATA[https://aimood-stage1.intary.net/en/]]>
              </value>
            </param>
            <param index="1">
              <value>
                <![CDATA[Screenshots_St1/]]>
              </value>
            </param>
          </params>
          <reporter-output>
          </reporter-output>
        </test-method> <!-- videoSectionMainPage -->
        <test-method is-config="true" signature="setUp()[pri:0, instance:tests.mainPageTests.AllPageFirefoxTests@202b0582]" started-at="2023-09-11T16:50:26 EEST" name="setUp" finished-at="2023-09-11T16:50:26 EEST" duration-ms="0" status="PASS">
          <reporter-output>
          </reporter-output>
        </test-method> <!-- setUp -->
        <test-method signature="roadmapSectionMainPage(java.lang.String,java.lang.String)[pri:8, instance:tests.mainPageTests.AllPageFirefoxTests@202b0582]" started-at="2023-09-11T16:50:32 EEST" name="roadmapSectionMainPage" finished-at="2023-09-11T16:50:39 EEST" duration-ms="6625" status="PASS">
          <params>
            <param index="0">
              <value>
                <![CDATA[https://aimood-stage1.intary.net/en/]]>
              </value>
            </param>
            <param index="1">
              <value>
                <![CDATA[Screenshots_St1/]]>
              </value>
            </param>
          </params>
          <reporter-output>
          </reporter-output>
        </test-method> <!-- roadmapSectionMainPage -->
        <test-method is-config="true" signature="setUp()[pri:0, instance:tests.mainPageTests.AllPageFirefoxTests@202b0582]" started-at="2023-09-11T16:50:32 EEST" name="setUp" finished-at="2023-09-11T16:50:32 EEST" duration-ms="0" status="PASS">
          <reporter-output>
          </reporter-output>
        </test-method> <!-- setUp -->
        <test-method signature="statisticsSectionMainPage(java.lang.String,java.lang.String)[pri:9, instance:tests.mainPageTests.AllPageFirefoxTests@202b0582]" started-at="2023-09-11T16:50:39 EEST" name="statisticsSectionMainPage" finished-at="2023-09-11T16:50:45 EEST" duration-ms="6337" status="PASS">
          <params>
            <param index="0">
              <value>
                <![CDATA[https://aimood-stage1.intary.net/en/]]>
              </value>
            </param>
            <param index="1">
              <value>
                <![CDATA[Screenshots_St1/]]>
              </value>
            </param>
          </params>
          <reporter-output>
          </reporter-output>
        </test-method> <!-- statisticsSectionMainPage -->
        <test-method is-config="true" signature="setUp()[pri:0, instance:tests.mainPageTests.AllPageFirefoxTests@202b0582]" started-at="2023-09-11T16:50:39 EEST" name="setUp" finished-at="2023-09-11T16:50:39 EEST" duration-ms="0" status="PASS">
          <reporter-output>
          </reporter-output>
        </test-method> <!-- setUp -->
        <test-method signature="leaningSectionMainPage(java.lang.String,java.lang.String)[pri:10, instance:tests.mainPageTests.AllPageFirefoxTests@202b0582]" started-at="2023-09-11T16:50:45 EEST" name="leaningSectionMainPage" finished-at="2023-09-11T16:50:52 EEST" duration-ms="6629" status="PASS">
          <params>
            <param index="0">
              <value>
                <![CDATA[https://aimood-stage1.intary.net/en/]]>
              </value>
            </param>
            <param index="1">
              <value>
                <![CDATA[Screenshots_St1/]]>
              </value>
            </param>
          </params>
          <reporter-output>
          </reporter-output>
        </test-method> <!-- leaningSectionMainPage -->
        <test-method is-config="true" signature="setUp()[pri:0, instance:tests.mainPageTests.AllPageFirefoxTests@202b0582]" started-at="2023-09-11T16:50:45 EEST" name="setUp" finished-at="2023-09-11T16:50:45 EEST" duration-ms="0" status="PASS">
          <reporter-output>
          </reporter-output>
        </test-method> <!-- setUp -->
        <test-method is-config="true" signature="setUp()[pri:0, instance:tests.mainPageTests.AllPageFirefoxTests@202b0582]" started-at="2023-09-11T16:50:52 EEST" name="setUp" finished-at="2023-09-11T16:50:52 EEST" duration-ms="1" status="PASS">
          <reporter-output>
          </reporter-output>
        </test-method> <!-- setUp -->
        <test-method signature="allFooterMainPage(java.lang.String,java.lang.String)[pri:11, instance:tests.mainPageTests.AllPageFirefoxTests@202b0582]" started-at="2023-09-11T16:50:52 EEST" name="allFooterMainPage" finished-at="2023-09-11T16:50:58 EEST" duration-ms="5979" status="PASS">
          <params>
            <param index="0">
              <value>
                <![CDATA[https://aimood-stage1.intary.net/en/]]>
              </value>
            </param>
            <param index="1">
              <value>
                <![CDATA[Screenshots_St1/]]>
              </value>
            </param>
          </params>
          <reporter-output>
          </reporter-output>
        </test-method> <!-- allFooterMainPage -->
        <test-method is-config="true" signature="tearDown()[pri:0, instance:tests.mainPageTests.AllPageFirefoxTests@202b0582]" started-at="2023-09-11T16:50:58 EEST" name="tearDown" finished-at="2023-09-11T16:50:59 EEST" duration-ms="1554" status="PASS">
          <reporter-output>
          </reporter-output>
        </test-method> <!-- tearDown -->
      </class> <!-- tests.mainPageTests.AllPageFirefoxTests -->
      <class name="tests.resetPasswordPageTests.AllPageFirefoxTests">
        <test-method is-config="true" signature="setUp()[pri:0, instance:tests.resetPasswordPageTests.AllPageFirefoxTests@1033576a]" started-at="2023-09-11T17:07:22 EEST" name="setUp" finished-at="2023-09-11T17:07:24 EEST" duration-ms="2548" status="PASS">
          <reporter-output>
          </reporter-output>
        </test-method> <!-- setUp -->
        <test-method signature="allHeaderResetPasswordPage(java.lang.String,java.lang.String)[pri:1, instance:tests.resetPasswordPageTests.AllPageFirefoxTests@1033576a]" started-at="2023-09-11T17:07:24 EEST" name="allHeaderResetPasswordPage" finished-at="2023-09-11T17:07:33 EEST" duration-ms="8854" status="PASS">
          <params>
            <param index="0">
              <value>
                <![CDATA[https://aimood-stage1.intary.net/en/reset-password-1]]>
              </value>
            </param>
            <param index="1">
              <value>
                <![CDATA[Screenshots_St1/]]>
              </value>
            </param>
          </params>
          <reporter-output>
          </reporter-output>
        </test-method> <!-- allHeaderResetPasswordPage -->
        <test-method signature="getStartedHeaderResetPasswordPage(java.lang.String,java.lang.String)[pri:2, instance:tests.resetPasswordPageTests.AllPageFirefoxTests@1033576a]" started-at="2023-09-11T17:07:33 EEST" name="getStartedHeaderResetPasswordPage" finished-at="2023-09-11T17:07:38 EEST" duration-ms="5125" status="PASS">
          <params>
            <param index="0">
              <value>
                <![CDATA[https://aimood-stage1.intary.net/en/reset-password-1]]>
              </value>
            </param>
            <param index="1">
              <value>
                <![CDATA[Screenshots_St1/]]>
              </value>
            </param>
          </params>
          <reporter-output>
          </reporter-output>
        </test-method> <!-- getStartedHeaderResetPasswordPage -->
        <test-method is-config="true" signature="setUp()[pri:0, instance:tests.resetPasswordPageTests.AllPageFirefoxTests@1033576a]" started-at="2023-09-11T17:07:33 EEST" name="setUp" finished-at="2023-09-11T17:07:33 EEST" duration-ms="0" status="PASS">
          <reporter-output>
          </reporter-output>
        </test-method> <!-- setUp -->
        <test-method signature="learnHeaderResetPasswordPage(java.lang.String,java.lang.String)[pri:3, instance:tests.resetPasswordPageTests.AllPageFirefoxTests@1033576a]" started-at="2023-09-11T17:07:38 EEST" name="learnHeaderResetPasswordPage" finished-at="2023-09-11T17:07:43 EEST" duration-ms="5104" status="PASS">
          <params>
            <param index="0">
              <value>
                <![CDATA[https://aimood-stage1.intary.net/en/reset-password-1]]>
              </value>
            </param>
            <param index="1">
              <value>
                <![CDATA[Screenshots_St1/]]>
              </value>
            </param>
          </params>
          <reporter-output>
          </reporter-output>
        </test-method> <!-- learnHeaderResetPasswordPage -->
        <test-method is-config="true" signature="setUp()[pri:0, instance:tests.resetPasswordPageTests.AllPageFirefoxTests@1033576a]" started-at="2023-09-11T17:07:38 EEST" name="setUp" finished-at="2023-09-11T17:07:38 EEST" duration-ms="0" status="PASS">
          <reporter-output>
          </reporter-output>
[...]
        <test-method is-config="true" signature="setUp()[pri:0, instance:tests.mainPageTests.AllPageChromeTests@231f98ef]" started-at="2023-09-11T16:51:12 EEST" name="setUp" finished-at="2023-09-11T16:51:12 EEST" duration-ms="0" status="PASS">
          <reporter-output>
          </reporter-output>
        </test-method> <!-- setUp -->
        <test-method signature="learnHeaderMainPage(java.lang.String,java.lang.String)[pri:3, instance:tests.mainPageTests.AllPageChromeTests@231f98ef]" started-at="2023-09-11T16:51:20 EEST" name="learnHeaderMainPage" finished-at="2023-09-11T16:51:30 EEST" duration-ms="9438" status="PASS">
          <params>
            <param index="0">
              <value>
                <![CDATA[https://aimood-stage1.intary.net/en/]]>
              </value>
            </param>
            <param index="1">
              <value>
                <![CDATA[Screenshots_St1/]]>
              </value>
            </param>
          </params>
          <reporter-output>
          </reporter-output>
        </test-method> <!-- learnHeaderMainPage -->
        <test-method is-config="true" signature="setUp()[pri:0, instance:tests.mainPageTests.AllPageChromeTests@231f98ef]" started-at="2023-09-11T16:51:20 EEST" name="setUp" finished-at="2023-09-11T16:51:20 EEST" duration-ms="0" status="PASS">
          <reporter-output>
          </reporter-output>
        </test-method> <!-- setUp -->
        <test-method signature="resourcesHeaderMainPage(java.lang.String,java.lang.String)[pri:4, instance:tests.mainPageTests.AllPageChromeTests@231f98ef]" started-at="2023-09-11T16:51:30 EEST" name="resourcesHeaderMainPage" finished-at="2023-09-11T16:51:35 EEST" duration-ms="5383" status="PASS">
          <params>
            <param index="0">
              <value>
                <![CDATA[https://aimood-stage1.intary.net/en/]]>
              </value>
            </param>
            <param index="1">
              <value>
                <![CDATA[Screenshots_St1/]]>
              </value>
            </param>
          </params>
          <reporter-output>
          </reporter-output>
        </test-method> <!-- resourcesHeaderMainPage -->
        <test-method is-config="true" signature="setUp()[pri:0, instance:tests.mainPageTests.AllPageChromeTests@231f98ef]" started-at="2023-09-11T16:51:30 EEST" name="setUp" finished-at="2023-09-11T16:51:30 EEST" duration-ms="0" status="PASS">
          <reporter-output>
          </reporter-output>
        </test-method> <!-- setUp -->
        <test-method signature="mainSectionMainPage(java.lang.String,java.lang.String)[pri:6, instance:tests.mainPageTests.AllPageChromeTests@231f98ef]" started-at="2023-09-11T16:51:35 EEST" name="mainSectionMainPage" finished-at="2023-09-11T16:51:42 EEST" duration-ms="7342" status="PASS">
          <params>
            <param index="0">
              <value>
                <![CDATA[https://aimood-stage1.intary.net/en/]]>
              </value>
            </param>
            <param index="1">
              <value>
                <![CDATA[Screenshots_St1/]]>
              </value>
            </param>
          </params>
          <reporter-output>
          </reporter-output>
        </test-method> <!-- mainSectionMainPage -->
        <test-method is-config="true" signature="setUp()[pri:0, instance:tests.mainPageTests.AllPageChromeTests@231f98ef]" started-at="2023-09-11T16:51:35 EEST" name="setUp" finished-at="2023-09-11T16:51:35 EEST" duration-ms="0" status="PASS">
          <reporter-output>
          </reporter-output>
        </test-method> <!-- setUp -->
        <test-method signature="videoSectionMainPage(java.lang.String,java.lang.String)[pri:7, instance:tests.mainPageTests.AllPageChromeTests@231f98ef]" started-at="2023-09-11T16:51:42 EEST" name="videoSectionMainPage" finished-at="2023-09-11T16:51:50 EEST" duration-ms="7772" status="PASS">
          <params>
            <param index="0">
              <value>
                <![CDATA[https://aimood-stage1.intary.net/en/]]>
              </value>
            </param>
            <param index="1">
              <value>
                <![CDATA[Screenshots_St1/]]>
              </value>
            </param>
          </params>
          <reporter-output>
          </reporter-output>
        </test-method> <!-- videoSectionMainPage -->
        <test-method is-config="true" signature="setUp()[pri:0, instance:tests.mainPageTests.AllPageChromeTests@231f98ef]" started-at="2023-09-11T16:51:42 EEST" name="setUp" finished-at="2023-09-11T16:51:42 EEST" duration-ms="0" status="PASS">
          <reporter-output>
          </reporter-output>
        </test-method> <!-- setUp -->
        <test-method signature="roadmapSectionMainPage(java.lang.String,java.lang.String)[pri:8, instance:tests.mainPageTests.AllPageChromeTests@231f98ef]" started-at="2023-09-11T16:51:50 EEST" name="roadmapSectionMainPage" finished-at="2023-09-11T16:52:01 EEST" duration-ms="10616" status="PASS">
          <params>
            <param index="0">
              <value>
                <![CDATA[https://aimood-stage1.intary.net/en/]]>
              </value>
            </param>
            <param index="1">
              <value>
                <![CDATA[Screenshots_St1/]]>
              </value>
            </param>
          </params>
          <reporter-output>
          </reporter-output>
        </test-method> <!-- roadmapSectionMainPage -->
        <test-method is-config="true" signature="setUp()[pri:0, instance:tests.mainPageTests.AllPageChromeTests@231f98ef]" started-at="2023-09-11T16:51:50 EEST" name="setUp" finished-at="2023-09-11T16:51:50 EEST" duration-ms="0" status="PASS">
          <reporter-output>
          </reporter-output>
        </test-method> <!-- setUp -->
        <test-method is-config="true" signature="setUp()[pri:0, instance:tests.mainPageTests.AllPageChromeTests@231f98ef]" started-at="2023-09-11T16:52:01 EEST" name="setUp" finished-at="2023-09-11T16:52:01 EEST" duration-ms="1" status="PASS">
          <reporter-output>
          </reporter-output>
        </test-method> <!-- setUp -->
        <test-method signature="statisticsSectionMainPage(java.lang.String,java.lang.String)[pri:9, instance:tests.mainPageTests.AllPageChromeTests@231f98ef]" started-at="2023-09-11T16:52:01 EEST" name="statisticsSectionMainPage" finished-at="2023-09-11T16:52:13 EEST" duration-ms="12063" status="PASS">
          <params>
            <param index="0">
              <value>
                <![CDATA[https://aimood-stage1.intary.net/en/]]>
              </value>
            </param>
            <param index="1">
              <value>
                <![CDATA[Screenshots_St1/]]>
              </value>
            </param>
          </params>
          <reporter-output>
          </reporter-output>
        </test-method> <!-- statisticsSectionMainPage -->
        <test-method is-config="true" signature="setUp()[pri:0, instance:tests.mainPageTests.AllPageChromeTests@231f98ef]" started-at="2023-09-11T16:52:13 EEST" name="setUp" finished-at="2023-09-11T16:52:13 EEST" duration-ms="0" status="PASS">
          <reporter-output>
          </reporter-output>
        </test-method> <!-- setUp -->
        <test-method signature="leaningSectionMainPage(java.lang.String,java.lang.String)[pri:10, instance:tests.mainPageTests.AllPageChromeTests@231f98ef]" started-at="2023-09-11T16:52:13 EEST" name="leaningSectionMainPage" finished-at="2023-09-11T16:52:23 EEST" duration-ms="10142" status="PASS">
          <params>
            <param index="0">
              <value>
                <![CDATA[https://aimood-stage1.intary.net/en/]]>
              </value>
            </param>
            <param index="1">
              <value>
                <![CDATA[Screenshots_St1/]]>
              </value>
            </param>
          </params>
          <reporter-output>
          </reporter-output>
        </test-method> <!-- leaningSectionMainPage -->
        <test-method signature="allFooterMainPage(java.lang.String,java.lang.String)[pri:11, instance:tests.mainPageTests.AllPageChromeTests@231f98ef]" started-at="2023-09-11T16:52:23 EEST" name="allFooterMainPage" finished-at="2023-09-11T16:52:29 EEST" duration-ms="6377" status="PASS">
          <params>
            <param index="0">
              <value>
                <![CDATA[https://aimood-stage1.intary.net/en/]]>
              </value>
            </param>
            <param index="1">
              <value>
                <![CDATA[Screenshots_St1/]]>
              </value>
            </param>
          </params>
          <reporter-output>
          </reporter-output>
        </test-method> <!-- allFooterMainPage -->
        <test-method is-config="true" signature="setUp()[pri:0, instance:tests.mainPageTests.AllPageChromeTests@231f98ef]" started-at="2023-09-11T16:52:23 EEST" name="setUp" finished-at="2023-09-11T16:52:23 EEST" duration-ms="0" status="PASS">
          <reporter-output>
          </reporter-output>
        </test-method> <!-- setUp -->
        <test-method is-config="true" signature="tearDown()[pri:0, instance:tests.mainPageTests.AllPageChromeTests@231f98ef]" started-at="2023-09-11T16:52:29 EEST" name="tearDown" finished-at="2023-09-11T16:52:30 EEST" duration-ms="658" status="PASS">
          <reporter-output>
          </reporter-output>
        </test-method> <!-- tearDown -->
      </class> <!-- tests.mainPageTests.AllPageChromeTests -->
      <class name="tests.whitePaper.WhitePaperChromeTests">
        <test-method is-config="true" signature="setUp()[pri:0, instance:tests.whitePaper.WhitePaperChromeTests@6be968ce]" started-at="2023-09-11T17:04:35 EEST" name="setUp" finished-at="2023-09-11T17:04:35 EEST" duration-ms="799" status="PASS">
          <reporter-output>
          </reporter-output>
        </test-method> <!-- setUp -->
        <test-method signature="allHeaderWhitePaperPage(java.lang.String,java.lang.String)[pri:1, instance:tests.whitePaper.WhitePaperChromeTests@6be968ce]" started-at="2023-09-11T17:04:35 EEST" name="allHeaderWhitePaperPage" finished-at="2023-09-11T17:04:44 EEST" duration-ms="8889" status="PASS">
          <params>
            <param index="0">
              <value>
                <![CDATA[https://aimood-stage1.intary.net/en/white-paper]]>
              </value>
            </param>
            <param index="1">
              <value>
                <![CDATA[Screenshots_St1/]]>
              </value>
            </param>
          </params>
          <reporter-output>
          </reporter-output>
        </test-method> <!-- allHeaderWhitePaperPage -->
        <test-method signature="getStartedHeaderWhitePaperPage(java.lang.String,java.lang.String)[pri:2, instance:tests.whitePaper.WhitePaperChromeTests@6be968ce]" started-at="2023-09-11T17:04:44 EEST" name="getStartedHeaderWhitePaperPage" finished-at="2023-09-11T17:04:51 EEST" duration-ms="6286" status="PASS">
          <params>
            <param index="0">
              <value>
                <![CDATA[https://aimood-stage1.intary.net/en/white-paper]]>
              </value>
            </param>
            <param index="1">
              <value>
                <![CDATA[Screenshots_St1/]]>
              </value>
            </param>
          </params>
          <reporter-output>
          </reporter-output>
        </test-method> <!-- getStartedHeaderWhitePaperPage -->
        <test-method is-config="true" signature="setUp()[pri:0, instance:tests.whitePaper.WhitePaperChromeTests@6be968ce]" started-at="2023-09-11T17:04:44 EEST" name="setUp" finished-at="2023-09-11T17:04:44 EEST" duration-ms="0" status="PASS">
          <reporter-output>
          </reporter-output>
        </test-method> <!-- setUp -->
        <test-method signature="marketPlaceHeaderWhitePaperPage(java.lang.String,java.lang.String)[pri:2, instance:tests.whitePaper.WhitePaperChromeTests@6be968ce]" started-at="2023-09-11T17:04:51 EEST" name="marketPlaceHeaderWhitePaperPage" finished-at="2023-09-11T17:04:57 EEST" duration-ms="6209" status="PASS">
          <params>
            <param index="0">
              <value>
                <![CDATA[https://aimood-stage1.intary.net/en/white-paper]]>
              </value>
            </param>
            <param index="1">
              <value>
                <![CDATA[Screenshots_St1/]]>
              </value>
            </param>
          </params>
          <reporter-output>
          </reporter-output>
        </test-method> <!-- marketPlaceHeaderWhitePaperPage -->
        <test-method is-config="true" signature="setUp()[pri:0, instance:tests.whitePaper.WhitePaperChromeTests@6be968ce]" started-at="2023-09-11T17:04:51 EEST" name="setUp" finished-at="2023-09-11T17:04:51 EEST" duration-ms="0" status="PASS">
          <reporter-output>
          </reporter-output>
        </test-method> <!-- setUp -->
        <test-method is-config="true" signature="setUp()[pri:0, instance:tests.whitePaper.WhitePaperChromeTests@6be968ce]" started-at="2023-09-11T17:04:57 EEST" name="setUp" finished-at="2023-09-11T17:04:57 EEST" duration-ms="1" status="PASS">
          <reporter-output>
          </reporter-output>
        </test-method> <!-- setUp -->
        <test-method signature="whitePaperHeaderWhitePaperPage(java.lang.String,java.lang.String)[pri:2, instance:tests.whitePaper.WhitePaperChromeTests@6be968ce]" started-at="2023-09-11T17:04:57 EEST" name="whitePaperHeaderWhitePaperPage" finished-at="2023-09-11T17:05:03 EEST" duration-ms="6196" status="PASS">
          <params>
            <param index="0">
              <value>
                <![CDATA[https://aimood-stage1.intary.net/en/white-paper]]>
              </value>
            </param>
            <param index="1">
              <value>
                <![CDATA[Screenshots_St1/]]>
              </value>
            </param>
          </params>
          <reporter-output>
          </reporter-output>
        </test-method> <!-- whitePaperHeaderWhitePaperPage -->
        <test-method signature="learnHeaderWhitePaperPage(java.lang.String,java.lang.String)[pri:3, instance:tests.whitePaper.WhitePaperChromeTests@6be968ce]" started-at="2023-09-11T17:05:03 EEST" name="learnHeaderWhitePaperPage" finished-at="2023-09-11T17:05:09 EEST" duration-ms="6214" status="PASS">
          <params>
            <param index="0">
              <value>
                <![CDATA[https://aimood-stage1.intary.net/en/white-paper]]>
              </value>
            </param>
            <param index="1">
              <value>
                <![CDATA[Screenshots_St1/]]>
              </value>
            </param>
          </params>
          <reporter-output>
          </reporter-output>
        </test-method> <!-- learnHeaderWhitePaperPage -->
        <test-method is-config="true" signature="setUp()[pri:0, instance:tests.whitePaper.WhitePaperChromeTests@6be968ce]" started-at="2023-09-11T17:05:03 EEST" name="setUp" finished-at="2023-09-11T17:05:03 EEST" duration-ms="0" status="PASS">
          <reporter-output>
          </reporter-output>
        </test-method> <!-- setUp -->
        <test-method signature="resourcesHeaderWhitePaperPage(java.lang.String,java.lang.String)[pri:4, instance:tests.whitePaper.WhitePaperChromeTests@6be968ce]" started-at="2023-09-11T17:05:09 EEST" name="resourcesHeaderWhitePaperPage" finished-at="2023-09-11T17:05:16 EEST" duration-ms="6272" status="PASS">
          <params>
            <param index="0">
              <value>
                <![CDATA[https://aimood-stage1.intary.net/en/white-paper]]>
              </value>
            </param>
            <param index="1">
              <value>
                <![CDATA[Screenshots_St1/]]>
              </value>
            </param>
          </params>
          <reporter-output>
          </reporter-output>
        </test-method> <!-- resourcesHeaderWhitePaperPage -->
        <test-method is-config="true" signature="setUp()[pri:0, instance:tests.whitePaper.WhitePaperChromeTests@6be968ce]" started-at="2023-09-11T17:05:09 EEST" name="setUp" finished-at="2023-09-11T17:05:09 EEST" duration-ms="0" status="PASS">
          <reporter-output>
          </reporter-output>
        </test-method> <!-- setUp -->
        <test-method is-config="true" signature="setUp()[pri:0, instance:tests.whitePaper.WhitePaperChromeTests@6be968ce]" started-at="2023-09-11T17:05:16 EEST" name="setUp" finished-at="2023-09-11T17:05:16 EEST" duration-ms="1" status="PASS">
          <reporter-output>
          </reporter-output>
        </test-method> <!-- setUp -->
        <test-method signature="mainBlockWhitePaperPage(java.lang.String,java.lang.String)[pri:5, instance:tests.whitePaper.WhitePaperChromeTests@6be968ce]" started-at="2023-09-11T17:05:16 EEST" name="mainBlockWhitePaperPage" finished-at="2023-09-11T17:05:22 EEST" duration-ms="6216" status="PASS">
          <params>
            <param index="0">
              <value>
                <![CDATA[https://aimood-stage1.intary.net/en/white-paper]]>
              </value>
            </param>
            <param index="1">
              <value>
                <![CDATA[Screenshots_St1/]]>
              </value>
            </param>
          </params>
          <reporter-output>
          </reporter-output>
        </test-method> <!-- mainBlockWhitePaperPage -->
        <test-method signature="EweuimtPage(java.lang.String,java.lang.String)[pri:6, instance:tests.whitePaper.WhitePaperChromeTests@6be968ce]" started-at="2023-09-11T17:05:22 EEST" name="EweuimtPage" finished-at="2023-09-11T17:05:28 EEST" duration-ms="6623" status="PASS">
          <params>
            <param index="0">
              <value>
                <![CDATA[https://aimood-stage1.intary.net/en/white-paper]]>
              </value>
            </param>
            <param index="1">
              <value>
                <![CDATA[Screenshots_St1/]]>
              </value>
            </param>
          </params>
          <reporter-output>
          </reporter-output>
        </test-method> <!-- EweuimtPage -->
        <test-method is-config="true" signature="setUp()[pri:0, instance:tests.whitePaper.WhitePaperChromeTests@6be968ce]" started-at="2023-09-11T17:05:22 EEST" name="setUp" finished-at="2023-09-11T17:05:22 EEST" duration-ms="0" status="PASS">
          <reporter-output>
          </reporter-output>
        </test-method> <!-- setUp -->
        <test-method is-config="true" signature="setUp()[pri:0, instance:tests.whitePaper.WhitePaperChromeTests@6be968ce]" started-at="2023-09-11T17:05:28 EEST" name="setUp" finished-at="2023-09-11T17:05:28 EEST" duration-ms="1" status="PASS">
          <reporter-output>
          </reporter-output>
        </test-method> <!-- setUp -->
        <test-method signature="allFooterWhitePaperPage(java.lang.String,java.lang.String)[pri:7, instance:tests.whitePaper.WhitePaperChromeTests@6be968ce]" started-at="2023-09-11T17:05:28 EEST" name="allFooterWhitePaperPage" finished-at="2023-09-11T17:05:35 EEST" duration-ms="6253" status="PASS">
          <params>
            <param index="0">
              <value>
                <![CDATA[https://aimood-stage1.intary.net/en/white-paper]]>
              </value>
            </param>
            <param index="1">
              <value>
                <![CDATA[Screenshots_St1/]]>
              </value>
            </param>
          </params>
          <reporter-output>
          </reporter-output>
        </test-method> <!-- allFooterWhitePaperPage -->
        <test-method is-config="true" signature="tearDown()[pri:0, instance:tests.whitePaper.WhitePaperChromeTests@6be968ce]" started-at="2023-09-11T17:05:35 EEST" name="tearDown" finished-at="2023-09-11T17:05:35 EEST" duration-ms="625" status="PASS">
          <reporter-output>
          </reporter-output>
        </test-method> <!-- tearDown -->
      </class> <!-- tests.whitePaper.WhitePaperChromeTests -->
    </test> <!-- ai-mood - Pixel perfect regression -->
  </suite> <!-- WPT -->
</testng-results>
