<?xml version="1.0" encoding="UTF-8"?>
<testng-results retried="3" ignored="3" total="332" passed="303" failed="23" skipped="0">
  <reporter-output>
  </reporter-output>
  <suite started-at="2023-09-29T17:09:22 EEST" name="WPT" finished-at="2023-09-29T17:47:37 EEST" duration-ms="2295006">
    <groups>
    </groups>
    <test started-at="2023-09-29T17:09:22 EEST" name="ai-mood - Pixel perfect regression" finished-at="2023-09-29T17:47:37 EEST" duration-ms="2295006">
      <class name="tests.accountFundPageTests.AllPageChromeTests">
        <test-method is-config="true" signature="setUp()[pri:0, instance:tests.accountFundPageTests.AllPageChromeTests@38467116]" started-at="2023-09-29T17:41:28 EEST" name="setUp" finished-at="2023-09-29T17:41:28 EEST" duration-ms="783" status="PASS">
          <reporter-output>
          </reporter-output>
        </test-method> <!-- setUp -->
        <test-method signature="signInUser(java.lang.String)[pri:1, instance:tests.accountFundPageTests.AllPageChromeTests@38467116]" started-at="2023-09-29T17:41:28 EEST" name="signInUser" finished-at="2023-09-29T17:41:41 EEST" duration-ms="12563" status="PASS">
          <params>
            <param index="0">
              <value>
                <![CDATA[https://aimood-stage1.intary.net/en/]]>
              </value>
            </param>
          </params>
          <reporter-output>
          </reporter-output>
        </test-method> <!-- signInUser -->
        <test-method signature="allHeaderAccountFundPage(java.lang.String,java.lang.String)[pri:2, instance:tests.accountFundPageTests.AllPageChromeTests@38467116]" started-at="2023-09-29T17:41:41 EEST" name="allHeaderAccountFundPage" finished-at="2023-09-29T17:41:47 EEST" duration-ms="6134" status="PASS">
          <params>
            <param index="0">
              <value>
                <![CDATA[https://aimood-stage1.intary.net/en/account/fund]]>
              </value>
            </param>
            <param index="1">
              <value>
                <![CDATA[Screenshots_St1/]]>
              </value>
            </param>
          </params>
          <reporter-output>
          </reporter-output>
        </test-method> <!-- allHeaderAccountFundPage -->
        <test-method is-config="true" signature="setUp()[pri:0, instance:tests.accountFundPageTests.AllPageChromeTests@38467116]" started-at="2023-09-29T17:41:41 EEST" name="setUp" finished-at="2023-09-29T17:41:41 EEST" duration-ms="0" status="PASS">
          <reporter-output>
          </reporter-output>
        </test-method> <!-- setUp -->
        <test-method signature="getStartedHeaderAccountFundPage(java.lang.String,java.lang.String)[pri:3, instance:tests.accountFundPageTests.AllPageChromeTests@38467116]" started-at="2023-09-29T17:41:47 EEST" name="getStartedHeaderAccountFundPage" finished-at="2023-09-29T17:41:54 EEST" duration-ms="7167" status="PASS">
          <params>
            <param index="0">
              <value>
                <![CDATA[https://aimood-stage1.intary.net/en/account/fund]]>
              </value>
            </param>
            <param index="1">
              <value>
                <![CDATA[Screenshots_St1/]]>
              </value>
            </param>
          </params>
          <reporter-output>
          </reporter-output>
        </test-method> <!-- getStartedHeaderAccountFundPage -->
        <test-method is-config="true" signature="setUp()[pri:0, instance:tests.accountFundPageTests.AllPageChromeTests@38467116]" started-at="2023-09-29T17:41:47 EEST" name="setUp" finished-at="2023-09-29T17:41:47 EEST" duration-ms="0" status="PASS">
          <reporter-output>
          </reporter-output>
        </test-method> <!-- setUp -->
        <test-method signature="learnHeaderAccountFundPage(java.lang.String,java.lang.String)[pri:4, instance:tests.accountFundPageTests.AllPageChromeTests@38467116]" started-at="2023-09-29T17:41:54 EEST" name="learnHeaderAccountFundPage" finished-at="2023-09-29T17:42:02 EEST" duration-ms="7193" status="PASS">
          <params>
            <param index="0">
              <value>
                <![CDATA[https://aimood-stage1.intary.net/en/account/fund]]>
              </value>
            </param>
            <param index="1">
              <value>
                <![CDATA[Screenshots_St1/]]>
              </value>
            </param>
          </params>
          <reporter-output>
          </reporter-output>
        </test-method> <!-- learnHeaderAccountFundPage -->
        <test-method is-config="true" signature="setUp()[pri:0, instance:tests.accountFundPageTests.AllPageChromeTests@38467116]" started-at="2023-09-29T17:41:54 EEST" name="setUp" finished-at="2023-09-29T17:41:54 EEST" duration-ms="0" status="PASS">
          <reporter-output>
          </reporter-output>
        </test-method> <!-- setUp -->
        <test-method signature="resourcesHeaderAccountFundPage(java.lang.String,java.lang.String)[pri:5, instance:tests.accountFundPageTests.AllPageChromeTests@38467116]" started-at="2023-09-29T17:42:02 EEST" name="resourcesHeaderAccountFundPage" finished-at="2023-09-29T17:42:09 EEST" duration-ms="7261" status="PASS">
          <params>
            <param index="0">
              <value>
                <![CDATA[https://aimood-stage1.intary.net/en/account/fund]]>
              </value>
            </param>
            <param index="1">
              <value>
                <![CDATA[Screenshots_St1/]]>
              </value>
            </param>
          </params>
          <reporter-output>
          </reporter-output>
        </test-method> <!-- resourcesHeaderAccountFundPage -->
        <test-method is-config="true" signature="setUp()[pri:0, instance:tests.accountFundPageTests.AllPageChromeTests@38467116]" started-at="2023-09-29T17:42:02 EEST" name="setUp" finished-at="2023-09-29T17:42:02 EEST" duration-ms="0" status="PASS">
          <reporter-output>
          </reporter-output>
        </test-method> <!-- setUp -->
        <test-method signature="notificationsHeaderAccountFundPage(java.lang.String,java.lang.String)[pri:7, instance:tests.accountFundPageTests.AllPageChromeTests@38467116]" started-at="2023-09-29T17:42:09 EEST" name="notificationsHeaderAccountFundPage" finished-at="2023-09-29T17:42:16 EEST" duration-ms="7162" status="PASS">
          <params>
            <param index="0">
              <value>
                <![CDATA[https://aimood-stage1.intary.net/en/account/fund]]>
              </value>
            </param>
            <param index="1">
              <value>
                <![CDATA[Screenshots_St1/]]>
              </value>
            </param>
          </params>
          <reporter-output>
          </reporter-output>
        </test-method> <!-- notificationsHeaderAccountFundPage -->
        <test-method is-config="true" signature="setUp()[pri:0, instance:tests.accountFundPageTests.AllPageChromeTests@38467116]" started-at="2023-09-29T17:42:09 EEST" name="setUp" finished-at="2023-09-29T17:42:09 EEST" duration-ms="0" status="PASS">
          <reporter-output>
          </reporter-output>
        </test-method> <!-- setUp -->
        <test-method signature="profileHeaderAccountFundPage(java.lang.String,java.lang.String)[pri:8, instance:tests.accountFundPageTests.AllPageChromeTests@38467116]" started-at="2023-09-29T17:42:16 EEST" name="profileHeaderAccountFundPage" finished-at="2023-09-29T17:42:23 EEST" duration-ms="7133" status="PASS">
          <params>
            <param index="0">
              <value>
                <![CDATA[https://aimood-stage1.intary.net/en/account/fund]]>
              </value>
            </param>
            <param index="1">
              <value>
                <![CDATA[Screenshots_St1/]]>
              </value>
            </param>
          </params>
          <reporter-output>
          </reporter-output>
        </test-method> <!-- profileHeaderAccountFundPage -->
        <test-method is-config="true" signature="setUp()[pri:0, instance:tests.accountFundPageTests.AllPageChromeTests@38467116]" started-at="2023-09-29T17:42:16 EEST" name="setUp" finished-at="2023-09-29T17:42:16 EEST" duration-ms="0" status="PASS">
          <reporter-output>
          </reporter-output>
        </test-method> <!-- setUp -->
        <test-method signature="mainSectionAccountFundPage(java.lang.String,java.lang.String)[pri:9, instance:tests.accountFundPageTests.AllPageChromeTests@38467116]" started-at="2023-09-29T17:42:23 EEST" name="mainSectionAccountFundPage" finished-at="2023-09-29T17:42:30 EEST" duration-ms="7272" status="PASS">
          <params>
            <param index="0">
              <value>
                <![CDATA[https://aimood-stage1.intary.net/en/account/fund]]>
              </value>
            </param>
            <param index="1">
              <value>
                <![CDATA[Screenshots_St1/]]>
              </value>
            </param>
          </params>
          <reporter-output>
          </reporter-output>
        </test-method> <!-- mainSectionAccountFundPage -->
        <test-method is-config="true" signature="setUp()[pri:0, instance:tests.accountFundPageTests.AllPageChromeTests@38467116]" started-at="2023-09-29T17:42:23 EEST" name="setUp" finished-at="2023-09-29T17:42:23 EEST" duration-ms="0" status="PASS">
          <reporter-output>
          </reporter-output>
        </test-method> <!-- setUp -->
        <test-method signature="allFooterAccountFundPage(java.lang.String,java.lang.String)[pri:10, instance:tests.accountFundPageTests.AllPageChromeTests@38467116]" started-at="2023-09-29T17:42:30 EEST" name="allFooterAccountFundPage" finished-at="2023-09-29T17:42:39 EEST" duration-ms="8324" status="PASS">
          <params>
            <param index="0">
              <value>
                <![CDATA[https://aimood-stage1.intary.net/en/account/fund]]>
              </value>
            </param>
            <param index="1">
              <value>
                <![CDATA[Screenshots_St1/]]>
              </value>
            </param>
          </params>
          <reporter-output>
          </reporter-output>
        </test-method> <!-- allFooterAccountFundPage -->
        <test-method is-config="true" signature="setUp()[pri:0, instance:tests.accountFundPageTests.AllPageChromeTests@38467116]" started-at="2023-09-29T17:42:30 EEST" name="setUp" finished-at="2023-09-29T17:42:30 EEST" duration-ms="0" status="PASS">
          <reporter-output>
          </reporter-output>
        </test-method> <!-- setUp -->
        <test-method is-config="true" signature="tearDown()[pri:0, instance:tests.accountFundPageTests.AllPageChromeTests@38467116]" started-at="2023-09-29T17:42:39 EEST" name="tearDown" finished-at="2023-09-29T17:42:39 EEST" duration-ms="667" status="PASS">
          <reporter-output>
          </reporter-output>
        </test-method> <!-- tearDown -->
      </class> <!-- tests.accountFundPageTests.AllPageChromeTests -->
      <class name="tests.marketPlacePageTests.AllPageFirefoxTests">
        <test-method is-config="true" signature="setUp()[pri:0, instance:tests.marketPlacePageTests.AllPageFirefoxTests@5965d37]" started-at="2023-09-29T17:12:08 EEST" name="setUp" finished-at="2023-09-29T17:12:11 EEST" duration-ms="2638" status="PASS">
          <reporter-output>
          </reporter-output>
        </test-method> <!-- setUp -->
        <test-method signature="allHeaderMarketPlacePage(java.lang.String,java.lang.String)[pri:1, instance:tests.marketPlacePageTests.AllPageFirefoxTests@5965d37]" started-at="2023-09-29T17:12:11 EEST" name="allHeaderMarketPlacePage" finished-at="2023-09-29T17:12:21 EEST" duration-ms="10301" status="PASS">
          <params>
            <param index="0">
              <value>
                <![CDATA[https://aimood-stage1.intary.net/en/market-place]]>
              </value>
            </param>
            <param index="1">
              <value>
                <![CDATA[Screenshots_St1/]]>
              </value>
            </param>
          </params>
          <reporter-output>
          </reporter-output>
        </test-method> <!-- allHeaderMarketPlacePage -->
        <test-method signature="getStartedHeaderMarketPlacePage(java.lang.String,java.lang.String)[pri:2, instance:tests.marketPlacePageTests.AllPageFirefoxTests@5965d37]" started-at="2023-09-29T17:12:21 EEST" name="getStartedHeaderMarketPlacePage" finished-at="2023-09-29T17:12:27 EEST" duration-ms="6009" status="PASS">
          <params>
            <param index="0">
              <value>
                <![CDATA[https://aimood-stage1.intary.net/en/market-place]]>
              </value>
            </param>
            <param index="1">
              <value>
                <![CDATA[Screenshots_St1/]]>
              </value>
            </param>
          </params>
          <reporter-output>
          </reporter-output>
        </test-method> <!-- getStartedHeaderMarketPlacePage -->
        <test-method is-config="true" signature="setUp()[pri:0, instance:tests.marketPlacePageTests.AllPageFirefoxTests@5965d37]" started-at="2023-09-29T17:12:21 EEST" name="setUp" finished-at="2023-09-29T17:12:21 EEST" duration-ms="0" status="PASS">
          <reporter-output>
          </reporter-output>
        </test-method> <!-- setUp -->
        <test-method signature="learnHeaderMarketPlacePage(java.lang.String,java.lang.String)[pri:3, instance:tests.marketPlacePageTests.AllPageFirefoxTests@5965d37]" started-at="2023-09-29T17:12:27 EEST" name="learnHeaderMarketPlacePage" finished-at="2023-09-29T17:12:33 EEST" duration-ms="5996" status="PASS">
          <params>
            <param index="0">
              <value>
                <![CDATA[https://aimood-stage1.intary.net/en/market-place]]>
              </value>
            </param>
            <param index="1">
              <value>
                <![CDATA[Screenshots_St1/]]>
              </value>
            </param>
          </params>
          <reporter-output>
          </reporter-output>
        </test-method> <!-- learnHeaderMarketPlacePage -->
        <test-method is-config="true" signature="setUp()[pri:0, instance:tests.marketPlacePageTests.AllPageFirefoxTests@5965d37]" started-at="2023-09-29T17:12:27 EEST" name="setUp" finished-at="2023-09-29T17:12:27 EEST" duration-ms="0" status="PASS">
          <reporter-output>
          </reporter-output>
        </test-method> <!-- setUp -->
        <test-method signature="resourcesHeaderMarketPlacePage(java.lang.String,java.lang.String)[pri:4, instance:tests.marketPlacePageTests.AllPageFirefoxTests@5965d37]" started-at="2023-09-29T17:12:33 EEST" name="resourcesHeaderMarketPlacePage" finished-at="2023-09-29T17:12:39 EEST" duration-ms="6106" status="PASS">
          <params>
            <param index="0">
              <value>
                <![CDATA[https://aimood-stage1.intary.net/en/market-place]]>
              </value>
            </param>
            <param index="1">
              <value>
                <![CDATA[Screenshots_St1/]]>
              </value>
            </param>
          </params>
          <reporter-output>
          </reporter-output>
        </test-method> <!-- resourcesHeaderMarketPlacePage -->
        <test-method is-config="true" signature="setUp()[pri:0, instance:tests.marketPlacePageTests.AllPageFirefoxTests@5965d37]" started-at="2023-09-29T17:12:33 EEST" name="setUp" finished-at="2023-09-29T17:12:33 EEST" duration-ms="0" status="PASS">
          <reporter-output>
          </reporter-output>
        </test-method> <!-- setUp -->
        <test-method signature="mainSectionMarketPlacePage(java.lang.String,java.lang.String)[pri:6, instance:tests.marketPlacePageTests.AllPageFirefoxTests@5965d37]" started-at="2023-09-29T17:12:39 EEST" name="mainSectionMarketPlacePage" finished-at="2023-09-29T17:12:46 EEST" duration-ms="6974" status="PASS">
          <params>
            <param index="0">
              <value>
                <![CDATA[https://aimood-stage1.intary.net/en/market-place]]>
              </value>
            </param>
            <param index="1">
              <value>
                <![CDATA[Screenshots_St1/]]>
              </value>
            </param>
          </params>
          <reporter-output>
          </reporter-output>
        </test-method> <!-- mainSectionMarketPlacePage -->
        <test-method is-config="true" signature="setUp()[pri:0, instance:tests.marketPlacePageTests.AllPageFirefoxTests@5965d37]" started-at="2023-09-29T17:12:39 EEST" name="setUp" finished-at="2023-09-29T17:12:39 EEST" duration-ms="0" status="PASS">
          <reporter-output>
          </reporter-output>
        </test-method> <!-- setUp -->
        <test-method signature="statisticsSectionMarketPlacePage(java.lang.String,java.lang.String)[pri:7, instance:tests.marketPlacePageTests.AllPageFirefoxTests@5965d37]" started-at="2023-09-29T17:12:46 EEST" name="statisticsSectionMarketPlacePage" finished-at="2023-09-29T17:12:52 EEST" duration-ms="6375" status="PASS">
          <params>
            <param index="0">
              <value>
                <![CDATA[https://aimood-stage1.intary.net/en/market-place]]>
              </value>
            </param>
            <param index="1">
              <value>
                <![CDATA[Screenshots_St1/]]>
              </value>
            </param>
          </params>
          <reporter-output>
          </reporter-output>
        </test-method> <!-- statisticsSectionMarketPlacePage -->
        <test-method is-config="true" signature="setUp()[pri:0, instance:tests.marketPlacePageTests.AllPageFirefoxTests@5965d37]" started-at="2023-09-29T17:12:46 EEST" name="setUp" finished-at="2023-09-29T17:12:46 EEST" duration-ms="0" status="PASS">
          <reporter-output>
          </reporter-output>
        </test-method> <!-- setUp -->
        <test-method signature="allFooterMarketPlacePage(java.lang.String,java.lang.String)[pri:8, instance:tests.marketPlacePageTests.AllPageFirefoxTests@5965d37]" started-at="2023-09-29T17:12:52 EEST" name="allFooterMarketPlacePage" finished-at="2023-09-29T17:12:58 EEST" duration-ms="6010" status="PASS">
          <params>
            <param index="0">
              <value>
                <![CDATA[https://aimood-stage1.intary.net/en/market-place]]>
              </value>
            </param>
            <param index="1">
              <value>
                <![CDATA[Screenshots_St1/]]>
              </value>
            </param>
          </params>
          <reporter-output>
          </reporter-output>
        </test-method> <!-- allFooterMarketPlacePage -->
        <test-method is-config="true" signature="setUp()[pri:0, instance:tests.marketPlacePageTests.AllPageFirefoxTests@5965d37]" started-at="2023-09-29T17:12:52 EEST" name="setUp" finished-at="2023-09-29T17:12:52 EEST" duration-ms="0" status="PASS">
          <reporter-output>
          </reporter-output>
        </test-method> <!-- setUp -->
        <test-method is-config="true" signature="tearDown()[pri:0, instance:tests.marketPlacePageTests.AllPageFirefoxTests@5965d37]" started-at="2023-09-29T17:12:58 EEST" name="tearDown" finished-at="2023-09-29T17:13:00 EEST" duration-ms="1502" status="PASS">
          <reporter-output>
          </reporter-output>
        </test-method> <!-- tearDown -->
      </class> <!-- tests.marketPlacePageTests.AllPageFirefoxTests -->
      <class name="tests.accountDashboardPageTests.AllPageFirefoxTests">
        <test-method is-config="true" signature="setUp()[pri:0, instance:tests.accountDashboardPageTests.AllPageFirefoxTests@5b7a7f33]" started-at="2023-09-29T17:42:39 EEST" name="setUp" finished-at="2023-09-29T17:42:42 EEST" duration-ms="2496" status="PASS">
          <reporter-output>
          </reporter-output>
        </test-method> <!-- setUp -->
        <test-method signature="signInUser(java.lang.String)[pri:1, instance:tests.accountDashboardPageTests.AllPageFirefoxTests@5b7a7f33]" started-at="2023-09-29T17:42:42 EEST" name="signInUser" finished-at="2023-09-29T17:42:52 EEST" duration-ms="10135" status="PASS">
          <params>
            <param index="0">
              <value>
                <![CDATA[https://aimood-stage1.intary.net/en/]]>
              </value>
            </param>
          </params>
          <reporter-output>
          </reporter-output>
        </test-method> <!-- signInUser -->
        <test-method signature="allHeaderAccountDashboardPage(java.lang.String,java.lang.String)[pri:2, instance:tests.accountDashboardPageTests.AllPageFirefoxTests@5b7a7f33]" started-at="2023-09-29T17:42:52 EEST" name="allHeaderAccountDashboardPage" finished-at="2023-09-29T17:42:58 EEST" duration-ms="6044" status="PASS">
          <params>
            <param index="0">
              <value>
                <![CDATA[https://aimood-stage1.intary.net/en/account/dashboard]]>
              </value>
            </param>
            <param index="1">
              <value>
                <![CDATA[Screenshots_St1/]]>
              </value>
            </param>
          </params>
          <reporter-output>
          </reporter-output>
        </test-method> <!-- allHeaderAccountDashboardPage -->
        <test-method is-config="true" signature="setUp()[pri:0, instance:tests.accountDashboardPageTests.AllPageFirefoxTests@5b7a7f33]" started-at="2023-09-29T17:42:52 EEST" name="setUp" finished-at="2023-09-29T17:42:52 EEST" duration-ms="0" status="PASS">
          <reporter-output>
          </reporter-output>
        </test-method> <!-- setUp -->
        <test-method signature="getStartedHeaderAccountDashboardPage(java.lang.String,java.lang.String)[pri:3, instance:tests.accountDashboardPageTests.AllPageFirefoxTests@5b7a7f33]" started-at="2023-09-29T17:42:58 EEST" name="getStartedHeaderAccountDashboardPage" finished-at="2023-09-29T17:43:05 EEST" duration-ms="6965" status="PASS">
          <params>
            <param index="0">
              <value>
                <![CDATA[https://aimood-stage1.intary.net/en/account/dashboard]]>
              </value>
            </param>
            <param index="1">
              <value>
                <![CDATA[Screenshots_St1/]]>
              </value>
            </param>
          </params>
          <reporter-output>
          </reporter-output>
        </test-method> <!-- getStartedHeaderAccountDashboardPage -->
        <test-method is-config="true" signature="setUp()[pri:0, instance:tests.accountDashboardPageTests.AllPageFirefoxTests@5b7a7f33]" started-at="2023-09-29T17:42:58 EEST" name="setUp" finished-at="2023-09-29T17:42:58 EEST" duration-ms="0" status="PASS">
          <reporter-output>
          </reporter-output>
        </test-method> <!-- setUp -->
        <test-method signature="learnHeaderAccountDashboardPage(java.lang.String,java.lang.String)[pri:4, instance:tests.accountDashboardPageTests.AllPageFirefoxTests@5b7a7f33]" started-at="2023-09-29T17:43:05 EEST" name="learnHeaderAccountDashboardPage" finished-at="2023-09-29T17:43:12 EEST" duration-ms="6944" status="PASS">
          <params>
            <param index="0">
              <value>
                <![CDATA[https://aimood-stage1.intary.net/en/account/dashboard]]>
              </value>
            </param>
            <param index="1">
              <value>
                <![CDATA[Screenshots_St1/]]>
              </value>
            </param>
          </params>
          <reporter-output>
          </reporter-output>
        </test-method> <!-- learnHeaderAccountDashboardPage -->
        <test-method is-config="true" signature="setUp()[pri:0, instance:tests.accountDashboardPageTests.AllPageFirefoxTests@5b7a7f33]" started-at="2023-09-29T17:43:05 EEST" name="setUp" finished-at="2023-09-29T17:43:05 EEST" duration-ms="0" status="PASS">
          <reporter-output>
          </reporter-output>
        </test-method> <!-- setUp -->
        <test-method signature="resourcesHeaderAccountDashboardPage(java.lang.String,java.lang.String)[pri:5, instance:tests.accountDashboardPageTests.AllPageFirefoxTests@5b7a7f33]" started-at="2023-09-29T17:43:12 EEST" name="resourcesHeaderAccountDashboardPage" finished-at="2023-09-29T17:43:19 EEST" duration-ms="6980" status="PASS">
          <params>
            <param index="0">
              <value>
                <![CDATA[https://aimood-stage1.intary.net/en/account/dashboard]]>
              </value>
            </param>
            <param index="1">
              <value>
                <![CDATA[Screenshots_St1/]]>
              </value>
            </param>
          </params>
          <reporter-output>
          </reporter-output>
        </test-method> <!-- resourcesHeaderAccountDashboardPage -->
        <test-method is-config="true" signature="setUp()[pri:0, instance:tests.accountDashboardPageTests.AllPageFirefoxTests@5b7a7f33]" started-at="2023-09-29T17:43:12 EEST" name="setUp" finished-at="2023-09-29T17:43:12 EEST" duration-ms="0" status="PASS">
          <reporter-output>
          </reporter-output>
        </test-method> <!-- setUp -->
        <test-method signature="notificationsHeaderAccountDashboardPage(java.lang.String,java.lang.String)[pri:7, instance:tests.accountDashboardPageTests.AllPageFirefoxTests@5b7a7f33]" started-at="2023-09-29T17:43:19 EEST" name="notificationsHeaderAccountDashboardPage" finished-at="2023-09-29T17:43:26 EEST" duration-ms="7160" status="PASS">
          <params>
            <param index="0">
              <value>
                <![CDATA[https://aimood-stage1.intary.net/en/account/dashboard]]>
              </value>
            </param>
            <param index="1">
              <value>
                <![CDATA[Screenshots_St1/]]>
              </value>
            </param>
          </params>
          <reporter-output>
          </reporter-output>
        </test-method> <!-- notificationsHeaderAccountDashboardPage -->
        <test-method is-config="true" signature="setUp()[pri:0, instance:tests.accountDashboardPageTests.AllPageFirefoxTests@5b7a7f33]" started-at="2023-09-29T17:43:19 EEST" name="setUp" finished-at="2023-09-29T17:43:19 EEST" duration-ms="0" status="PASS">
          <reporter-output>
          </reporter-output>
        </test-method> <!-- setUp -->
        <test-method signature="profileHeaderAccountDashboardPage(java.lang.String,java.lang.String)[pri:8, instance:tests.accountDashboardPageTests.AllPageFirefoxTests@5b7a7f33]" started-at="2023-09-29T17:43:26 EEST" name="profileHeaderAccountDashboardPage" finished-at="2023-09-29T17:43:33 EEST" duration-ms="7256" status="PASS">
          <params>
            <param index="0">
              <value>
                <![CDATA[https://aimood-stage1.intary.net/en/account/dashboard]]>
              </value>
            </param>
            <param index="1">
              <value>
                <![CDATA[Screenshots_St1/]]>
              </value>
            </param>
          </params>
          <reporter-output>
          </reporter-output>
        </test-method> <!-- profileHeaderAccountDashboardPage -->
        <test-method is-config="true" signature="setUp()[pri:0, instance:tests.accountDashboardPageTests.AllPageFirefoxTests@5b7a7f33]" started-at="2023-09-29T17:43:26 EEST" name="setUp" finished-at="2023-09-29T17:43:26 EEST" duration-ms="0" status="PASS">
          <reporter-output>
          </reporter-output>
        </test-method> <!-- setUp -->
        <test-method signature="mainSectionAccountDashboardPage(java.lang.String,java.lang.String)[pri:9, instance:tests.accountDashboardPageTests.AllPageFirefoxTests@5b7a7f33]" started-at="2023-09-29T17:43:33 EEST" name="mainSectionAccountDashboardPage" finished-at="2023-09-29T17:43:41 EEST" duration-ms="7164" status="PASS">
          <params>
            <param index="0">
              <value>
                <![CDATA[https://aimood-stage1.intary.net/en/account/dashboard]]>
              </value>
            </param>
            <param index="1">
              <value>
                <![CDATA[Screenshots_St1/]]>
              </value>
            </param>
          </params>
          <reporter-output>
          </reporter-output>
        </test-method> <!-- mainSectionAccountDashboardPage -->
        <test-method is-config="true" signature="setUp()[pri:0, instance:tests.accountDashboardPageTests.AllPageFirefoxTests@5b7a7f33]" started-at="2023-09-29T17:43:33 EEST" name="setUp" finished-at="2023-09-29T17:43:33 EEST" duration-ms="0" status="PASS">
          <reporter-output>
          </reporter-output>
        </test-method> <!-- setUp -->
        <test-method signature="allFooterAccountDashboardPage(java.lang.String,java.lang.String)[pri:10, instance:tests.accountDashboardPageTests.AllPageFirefoxTests@5b7a7f33]" started-at="2023-09-29T17:43:41 EEST" name="allFooterAccountDashboardPage" finished-at="2023-09-29T17:43:47 EEST" duration-ms="6962" status="PASS">
          <params>
            <param index="0">
              <value>
                <![CDATA[https://aimood-stage1.intary.net/en/account/dashboard]]>
              </value>
            </param>
            <param index="1">
              <value>
                <![CDATA[Screenshots_St1/]]>
              </value>
            </param>
          </params>
          <reporter-output>
          </reporter-output>
        </test-method> <!-- allFooterAccountDashboardPage -->
        <test-method is-config="true" signature="setUp()[pri:0, instance:tests.accountDashboardPageTests.AllPageFirefoxTests@5b7a7f33]" started-at="2023-09-29T17:43:41 EEST" name="setUp" finished-at="2023-09-29T17:43:41 EEST" duration-ms="0" status="PASS">
          <reporter-output>
          </reporter-output>
        </test-method> <!-- setUp -->
        <test-method is-config="true" signature="tearDown()[pri:0, instance:tests.accountDashboardPageTests.AllPageFirefoxTests@5b7a7f33]" started-at="2023-09-29T17:43:47 EEST" name="tearDown" finished-at="2023-09-29T17:43:49 EEST" duration-ms="1633" status="PASS">
          <reporter-output>
          </reporter-output>
        </test-method> <!-- tearDown -->
      </class> <!-- tests.accountDashboardPageTests.AllPageFirefoxTests -->
      <class name="tests.accountAffiliateProgramPageTests.AllPageFirefoxTests">
        <test-method is-config="true" signature="setUp()[pri:0, instance:tests.accountAffiliateProgramPageTests.AllPageFirefoxTests@5c7933ad]" started-at="2023-09-29T17:45:06 EEST" name="setUp" finished-at="2023-09-29T17:45:08 EEST" duration-ms="2449" status="PASS">
          <reporter-output>
          </reporter-output>
        </test-method> <!-- setUp -->
        <test-method signature="signInUser(java.lang.String)[pri:1, instance:tests.accountAffiliateProgramPageTests.AllPageFirefoxTests@5c7933ad]" started-at="2023-09-29T17:45:08 EEST" name="signInUser" finished-at="2023-09-29T17:45:18 EEST" duration-ms="10221" status="PASS">
          <params>
            <param index="0">
              <value>
                <![CDATA[https://aimood-stage1.intary.net/en/]]>
              </value>
            </param>
          </params>
          <reporter-output>
          </reporter-output>
        </test-method> <!-- signInUser -->
        <test-method signature="allHeaderAccountAffiliateProgramPage(java.lang.String,java.lang.String)[pri:2, instance:tests.accountAffiliateProgramPageTests.AllPageFirefoxTests@5c7933ad]" started-at="2023-09-29T17:45:18 EEST" name="allHeaderAccountAffiliateProgramPage" finished-at="2023-09-29T17:45:26 EEST" duration-ms="7196" status="PASS">
          <params>
            <param index="0">
              <value>
                <![CDATA[https://aimood-stage1.intary.net/en/account/affiliate-program]]>
              </value>
            </param>
            <param index="1">
              <value>
                <![CDATA[Screenshots_St1/]]>
              </value>
            </param>
          </params>
          <reporter-output>
          </reporter-output>
        </test-method> <!-- allHeaderAccountAffiliateProgramPage -->
        <test-method is-config="true" signature="setUp()[pri:0, instance:tests.accountAffiliateProgramPageTests.AllPageFirefoxTests@5c7933ad]" started-at="2023-09-29T17:45:18 EEST" name="setUp" finished-at="2023-09-29T17:45:18 EEST" duration-ms="0" status="PASS">
          <reporter-output>
          </reporter-output>
        </test-method> <!-- setUp -->
        <test-method signature="getStartedHeaderAccountAffiliateProgramPage(java.lang.String,java.lang.String)[pri:3, instance:tests.accountAffiliateProgramPageTests.AllPageFirefoxTests@5c7933ad]" started-at="2023-09-29T17:45:26 EEST" name="getStartedHeaderAccountAffiliateProgramPage" finished-at="2023-09-29T17:45:33 EEST" duration-ms="6947" status="PASS">
          <params>
            <param index="0">
              <value>
                <![CDATA[https://aimood-stage1.intary.net/en/account/affiliate-program]]>
              </value>
            </param>
            <param index="1">
              <value>
                <![CDATA[Screenshots_St1/]]>
              </value>
            </param>
          </params>
          <reporter-output>
          </reporter-output>
        </test-method> <!-- getStartedHeaderAccountAffiliateProgramPage -->
        <test-method is-config="true" signature="setUp()[pri:0, instance:tests.accountAffiliateProgramPageTests.AllPageFirefoxTests@5c7933ad]" started-at="2023-09-29T17:45:26 EEST" name="setUp" finished-at="2023-09-29T17:45:26 EEST" duration-ms="0" status="PASS">
          <reporter-output>
          </reporter-output>
        </test-method> <!-- setUp -->
        <test-method signature="learnHeaderAccountAffiliateProgramPage(java.lang.String,java.lang.String)[pri:4, instance:tests.accountAffiliateProgramPageTests.AllPageFirefoxTests@5c7933ad]" started-at="2023-09-29T17:45:33 EEST" name="learnHeaderAccountAffiliateProgramPage" finished-at="2023-09-29T17:45:39 EEST" duration-ms="6965" status="PASS">
          <params>
            <param index="0">
              <value>
                <![CDATA[https://aimood-stage1.intary.net/en/account/affiliate-program]]>
              </value>
            </param>
            <param index="1">
              <value>
                <![CDATA[Screenshots_St1/]]>
              </value>
            </param>
          </params>
          <reporter-output>
          </reporter-output>
        </test-method> <!-- learnHeaderAccountAffiliateProgramPage -->
        <test-method is-config="true" signature="setUp()[pri:0, instance:tests.accountAffiliateProgramPageTests.AllPageFirefoxTests@5c7933ad]" started-at="2023-09-29T17:45:33 EEST" name="setUp" finished-at="2023-09-29T17:45:33 EEST" duration-ms="0" status="PASS">
          <reporter-output>
          </reporter-output>
        </test-method> <!-- setUp -->
        <test-method signature="resourcesHeaderAccountAffiliateProgramPage(java.lang.String,java.lang.String)[pri:5, instance:tests.accountAffiliateProgramPageTests.AllPageFirefoxTests@5c7933ad]" started-at="2023-09-29T17:45:39 EEST" name="resourcesHeaderAccountAffiliateProgramPage" finished-at="2023-09-29T17:45:46 EEST" duration-ms="6973" status="PASS">
          <params>
            <param index="0">
              <value>
                <![CDATA[https://aimood-stage1.intary.net/en/account/affiliate-program]]>
              </value>
            </param>
            <param index="1">
              <value>
                <![CDATA[Screenshots_St1/]]>
              </value>
            </param>
          </params>
          <reporter-output>
          </reporter-output>
        </test-method> <!-- resourcesHeaderAccountAffiliateProgramPage -->
        <test-method is-config="true" signature="setUp()[pri:0, instance:tests.accountAffiliateProgramPageTests.AllPageFirefoxTests@5c7933ad]" started-at="2023-09-29T17:45:39 EEST" name="setUp" finished-at="2023-09-29T17:45:39 EEST" duration-ms="0" status="PASS">
          <reporter-output>
          </reporter-output>
        </test-method> <!-- setUp -->
        <test-method signature="notificationsHeaderAccountAffiliateProgramPage(java.lang.String,java.lang.String)[pri:7, instance:tests.accountAffiliateProgramPageTests.AllPageFirefoxTests@5c7933ad]" started-at="2023-09-29T17:45:46 EEST" name="notificationsHeaderAccountAffiliateProgramPage" finished-at="2023-09-29T17:45:54 EEST" duration-ms="7052" status="PASS">
          <params>
            <param index="0">
              <value>
                <![CDATA[https://aimood-stage1.intary.net/en/account/affiliate-program]]>
              </value>
            </param>
            <param index="1">
              <value>
                <![CDATA[Screenshots_St1/]]>
              </value>
            </param>
          </params>
          <reporter-output>
          </reporter-output>
        </test-method> <!-- notificationsHeaderAccountAffiliateProgramPage -->
        <test-method is-config="true" signature="setUp()[pri:0, instance:tests.accountAffiliateProgramPageTests.AllPageFirefoxTests@5c7933ad]" started-at="2023-09-29T17:45:46 EEST" name="setUp" finished-at="2023-09-29T17:45:46 EEST" duration-ms="0" status="PASS">
          <reporter-output>
          </reporter-output>
        </test-method> <!-- setUp -->
        <test-method signature="profileHeaderAccountAffiliateProgramPage(java.lang.String,java.lang.String)[pri:8, instance:tests.accountAffiliateProgramPageTests.AllPageFirefoxTests@5c7933ad]" started-at="2023-09-29T17:45:54 EEST" name="profileHeaderAccountAffiliateProgramPage" finished-at="2023-09-29T17:46:01 EEST" duration-ms="7066" status="PASS">
          <params>
            <param index="0">
              <value>
                <![CDATA[https://aimood-stage1.intary.net/en/account/affiliate-program]]>
              </value>
            </param>
            <param index="1">
              <value>
                <![CDATA[Screenshots_St1/]]>
              </value>
            </param>
          </params>
          <reporter-output>
          </reporter-output>
        </test-method> <!-- profileHeaderAccountAffiliateProgramPage -->
        <test-method is-config="true" signature="setUp()[pri:0, instance:tests.accountAffiliateProgramPageTests.AllPageFirefoxTests@5c7933ad]" started-at="2023-09-29T17:45:54 EEST" name="setUp" finished-at="2023-09-29T17:45:54 EEST" duration-ms="0" status="PASS">
          <reporter-output>
          </reporter-output>
        </test-method> <!-- setUp -->
        <test-method signature="mainSectionAccountAffiliateProgramPage(java.lang.String,java.lang.String)[pri:9, instance:tests.accountAffiliateProgramPageTests.AllPageFirefoxTests@5c7933ad]" started-at="2023-09-29T17:46:01 EEST" name="mainSectionAccountAffiliateProgramPage" finished-at="2023-09-29T17:46:08 EEST" duration-ms="6963" status="PASS">
          <params>
            <param index="0">
              <value>
                <![CDATA[https://aimood-stage1.intary.net/en/account/affiliate-program]]>
              </value>
            </param>
            <param index="1">
              <value>
                <![CDATA[Screenshots_St1/]]>
              </value>
            </param>
          </params>
          <reporter-output>
          </reporter-output>
        </test-method> <!-- mainSectionAccountAffiliateProgramPage -->
        <test-method is-config="true" signature="setUp()[pri:0, instance:tests.accountAffiliateProgramPageTests.AllPageFirefoxTests@5c7933ad]" started-at="2023-09-29T17:46:01 EEST" name="setUp" finished-at="2023-09-29T17:46:01 EEST" duration-ms="0" status="PASS">
          <reporter-output>
          </reporter-output>
        </test-method> <!-- setUp -->
        <test-method signature="allFooterAccountAffiliateProgramPage(java.lang.String,java.lang.String)[pri:10, instance:tests.accountAffiliateProgramPageTests.AllPageFirefoxTests@5c7933ad]" started-at="2023-09-29T17:46:08 EEST" name="allFooterAccountAffiliateProgramPage" finished-at="2023-09-29T17:46:13 EEST" duration-ms="5946" status="PASS">
          <params>
            <param index="0">
              <value>
                <![CDATA[https://aimood-stage1.intary.net/en/account/affiliate-program]]>
              </value>
            </param>
            <param index="1">
              <value>
                <![CDATA[Screenshots_St1/]]>
              </value>
            </param>
          </params>
          <reporter-output>
          </reporter-output>
        </test-method> <!-- allFooterAccountAffiliateProgramPage -->
        <test-method is-config="true" signature="setUp()[pri:0, instance:tests.accountAffiliateProgramPageTests.AllPageFirefoxTests@5c7933ad]" started-at="2023-09-29T17:46:08 EEST" name="setUp" finished-at="2023-09-29T17:46:08 EEST" duration-ms="0" status="PASS">
          <reporter-output>
          </reporter-output>
        </test-method> <!-- setUp -->
        <test-method is-config="true" signature="tearDown()[pri:0, instance:tests.accountAffiliateProgramPageTests.AllPageFirefoxTests@5c7933ad]" started-at="2023-09-29T17:46:13 EEST" name="tearDown" finished-at="2023-09-29T17:46:15 EEST" duration-ms="1505" status="PASS">
          <reporter-output>
          </reporter-output>
        </test-method> <!-- tearDown -->
      </class> <!-- tests.accountAffiliateProgramPageTests.AllPageFirefoxTests -->
      <class name="tests.accountP2PPageTests.AllPageFirefoxTests">
        <test-method is-config="true" signature="setUp()[pri:0, instance:tests.accountP2PPageTests.AllPageFirefoxTests@72c8e7b]" started-at="2023-09-29T17:38:00 EEST" name="setUp" finished-at="2023-09-29T17:38:02 EEST" duration-ms="2437" status="PASS">
          <reporter-output>
          </reporter-output>
        </test-method> <!-- setUp -->
        <test-method signature="signInUser(java.lang.String)[pri:1, instance:tests.accountP2PPageTests.AllPageFirefoxTests@72c8e7b]" started-at="2023-09-29T17:38:02 EEST" name="signInUser" finished-at="2023-09-29T17:38:12 EEST" duration-ms="10125" status="PASS">
          <params>
            <param index="0">
              <value>
                <![CDATA[https://aimood-stage1.intary.net/en/]]>
              </value>
            </param>
          </params>
          <reporter-output>
          </reporter-output>
        </test-method> <!-- signInUser -->
        <test-method signature="allHeaderAccountP2PPage(java.lang.String,java.lang.String)[pri:2, instance:tests.accountP2PPageTests.AllPageFirefoxTests@72c8e7b]" started-at="2023-09-29T17:38:12 EEST" name="allHeaderAccountP2PPage" finished-at="2023-09-29T17:38:18 EEST" duration-ms="6200" status="PASS">
          <params>
            <param index="0">
              <value>
                <![CDATA[https://aimood-stage1.intary.net/en/account/p2p]]>
              </value>
            </param>
            <param index="1">
              <value>
                <![CDATA[Screenshots_St1/]]>
              </value>
            </param>
          </params>
          <reporter-output>
          </reporter-output>
        </test-method> <!-- allHeaderAccountP2PPage -->
        <test-method is-config="true" signature="setUp()[pri:0, instance:tests.accountP2PPageTests.AllPageFirefoxTests@72c8e7b]" started-at="2023-09-29T17:38:12 EEST" name="setUp" finished-at="2023-09-29T17:38:12 EEST" duration-ms="0" status="PASS">
          <reporter-output>
          </reporter-output>
        </test-method> <!-- setUp -->
        <test-method is-config="true" signature="setUp()[pri:0, instance:tests.accountP2PPageTests.AllPageFirefoxTests@72c8e7b]" started-at="2023-09-29T17:38:18 EEST" name="setUp" finished-at="2023-09-29T17:38:18 EEST" duration-ms="1" status="PASS">
          <reporter-output>
          </reporter-output>
        </test-method> <!-- setUp -->
        <test-method signature="getStartedHeaderAccountP2PPage(java.lang.String,java.lang.String)[pri:3, instance:tests.accountP2PPageTests.AllPageFirefoxTests@72c8e7b]" started-at="2023-09-29T17:38:18 EEST" name="getStartedHeaderAccountP2PPage" finished-at="2023-09-29T17:38:25 EEST" duration-ms="6976" status="PASS">
          <params>
            <param index="0">
              <value>
                <![CDATA[https://aimood-stage1.intary.net/en/account/p2p]]>
              </value>
            </param>
            <param index="1">
              <value>
                <![CDATA[Screenshots_St1/]]>
              </value>
            </param>
          </params>
          <reporter-output>
          </reporter-output>
        </test-method> <!-- getStartedHeaderAccountP2PPage -->
        <test-method signature="learnHeaderAccountP2PPage(java.lang.String,java.lang.String)[pri:4, instance:tests.accountP2PPageTests.AllPageFirefoxTests@72c8e7b]" started-at="2023-09-29T17:38:25 EEST" name="learnHeaderAccountP2PPage" finished-at="2023-09-29T17:38:32 EEST" duration-ms="6959" status="PASS">
          <params>
            <param index="0">
              <value>
                <![CDATA[https://aimood-stage1.intary.net/en/account/p2p]]>
              </value>
            </param>
            <param index="1">
              <value>
                <![CDATA[Screenshots_St1/]]>
              </value>
            </param>
          </params>
          <reporter-output>
          </reporter-output>
        </test-method> <!-- learnHeaderAccountP2PPage -->
        <test-method is-config="true" signature="setUp()[pri:0, instance:tests.accountP2PPageTests.AllPageFirefoxTests@72c8e7b]" started-at="2023-09-29T17:38:25 EEST" name="setUp" finished-at="2023-09-29T17:38:25 EEST" duration-ms="0" status="PASS">
          <reporter-output>
          </reporter-output>
        </test-method> <!-- setUp -->
        <test-method signature="resourcesHeaderAccountP2PPage(java.lang.String,java.lang.String)[pri:5, instance:tests.accountP2PPageTests.AllPageFirefoxTests@72c8e7b]" started-at="2023-09-29T17:38:32 EEST" name="resourcesHeaderAccountP2PPage" finished-at="2023-09-29T17:38:39 EEST" duration-ms="7040" status="PASS">
          <params>
            <param index="0">
              <value>
                <![CDATA[https://aimood-stage1.intary.net/en/account/p2p]]>
              </value>
            </param>
            <param index="1">
              <value>
                <![CDATA[Screenshots_St1/]]>
              </value>
            </param>
          </params>
          <reporter-output>
          </reporter-output>
        </test-method> <!-- resourcesHeaderAccountP2PPage -->
        <test-method is-config="true" signature="setUp()[pri:0, instance:tests.accountP2PPageTests.AllPageFirefoxTests@72c8e7b]" started-at="2023-09-29T17:38:32 EEST" name="setUp" finished-at="2023-09-29T17:38:32 EEST" duration-ms="0" status="PASS">
          <reporter-output>
          </reporter-output>
        </test-method> <!-- setUp -->
        <test-method signature="notificationsHeaderAccountP2PPage(java.lang.String,java.lang.String)[pri:7, instance:tests.accountP2PPageTests.AllPageFirefoxTests@72c8e7b]" started-at="2023-09-29T17:38:39 EEST" name="notificationsHeaderAccountP2PPage" finished-at="2023-09-29T17:38:47 EEST" duration-ms="7148" status="PASS">
          <params>
            <param index="0">
              <value>
                <![CDATA[https://aimood-stage1.intary.net/en/account/p2p]]>
              </value>
            </param>
            <param index="1">
              <value>
                <![CDATA[Screenshots_St1/]]>
              </value>
            </param>
          </params>
          <reporter-output>
          </reporter-output>
        </test-method> <!-- notificationsHeaderAccountP2PPage -->
        <test-method is-config="true" signature="setUp()[pri:0, instance:tests.accountP2PPageTests.AllPageFirefoxTests@72c8e7b]" started-at="2023-09-29T17:38:39 EEST" name="setUp" finished-at="2023-09-29T17:38:39 EEST" duration-ms="0" status="PASS">
          <reporter-output>
          </reporter-output>
        </test-method> <!-- setUp -->
        <test-method signature="profileHeaderAccountP2PPage(java.lang.String,java.lang.String)[pri:8, instance:tests.accountP2PPageTests.AllPageFirefoxTests@72c8e7b]" started-at="2023-09-29T17:38:47 EEST" name="profileHeaderAccountP2PPage" finished-at="2023-09-29T17:38:54 EEST" duration-ms="7107" status="PASS">
          <params>
            <param index="0">
              <value>
                <![CDATA[https://aimood-stage1.intary.net/en/account/p2p]]>
              </value>
            </param>
            <param index="1">
              <value>
                <![CDATA[Screenshots_St1/]]>
              </value>
            </param>
          </params>
          <reporter-output>
          </reporter-output>
        </test-method> <!-- profileHeaderAccountP2PPage -->
        <test-method is-config="true" signature="setUp()[pri:0, instance:tests.accountP2PPageTests.AllPageFirefoxTests@72c8e7b]" started-at="2023-09-29T17:38:47 EEST" name="setUp" finished-at="2023-09-29T17:38:47 EEST" duration-ms="0" status="PASS">
          <reporter-output>
          </reporter-output>
        </test-method> <!-- setUp -->
        <test-method signature="mainSectionAccountP2PPage(java.lang.String,java.lang.String)[pri:9, instance:tests.accountP2PPageTests.AllPageFirefoxTests@72c8e7b]" started-at="2023-09-29T17:38:54 EEST" name="mainSectionAccountP2PPage" finished-at="2023-09-29T17:39:01 EEST" duration-ms="6979" status="PASS">
          <params>
            <param index="0">
              <value>
                <![CDATA[https://aimood-stage1.intary.net/en/account/p2p]]>
              </value>
            </param>
            <param index="1">
              <value>
                <![CDATA[Screenshots_St1/]]>
              </value>
            </param>
          </params>
          <reporter-output>
          </reporter-output>
        </test-method> <!-- mainSectionAccountP2PPage -->
        <test-method is-config="true" signature="setUp()[pri:0, instance:tests.accountP2PPageTests.AllPageFirefoxTests@72c8e7b]" started-at="2023-09-29T17:38:54 EEST" name="setUp" finished-at="2023-09-29T17:38:54 EEST" duration-ms="0" status="PASS">
          <reporter-output>
          </reporter-output>
        </test-method> <!-- setUp -->
        <test-method signature="allFooterAccountP2PPage(java.lang.String,java.lang.String)[pri:10, instance:tests.accountP2PPageTests.AllPageFirefoxTests@72c8e7b]" started-at="2023-09-29T17:39:01 EEST" name="allFooterAccountP2PPage" finished-at="2023-09-29T17:39:07 EEST" duration-ms="5972" status="PASS">
          <params>
            <param index="0">
              <value>
                <![CDATA[https://aimood-stage1.intary.net/en/account/p2p]]>
              </value>
            </param>
            <param index="1">
              <value>
                <![CDATA[Screenshots_St1/]]>
              </value>
            </param>
          </params>
          <reporter-output>
          </reporter-output>
        </test-method> <!-- allFooterAccountP2PPage -->
        <test-method is-config="true" signature="setUp()[pri:0, instance:tests.accountP2PPageTests.AllPageFirefoxTests@72c8e7b]" started-at="2023-09-29T17:39:01 EEST" name="setUp" finished-at="2023-09-29T17:39:01 EEST" duration-ms="0" status="PASS">
          <reporter-output>
          </reporter-output>
        </test-method> <!-- setUp -->
        <test-method is-config="true" signature="tearDown()[pri:0, instance:tests.accountP2PPageTests.AllPageFirefoxTests@72c8e7b]" started-at="2023-09-29T17:39:07 EEST" name="tearDown" finished-at="2023-09-29T17:39:08 EEST" duration-ms="1516" status="PASS">
          <reporter-output>
          </reporter-output>
        </test-method> <!-- tearDown -->
      </class> <!-- tests.accountP2PPageTests.AllPageFirefoxTests -->
      <class name="tests.resetPasswordPage2Tests.AllPageFirefoxTests">
        <test-method is-config="true" signature="setUp()[pri:0, instance:tests.resetPasswordPage2Tests.AllPageFirefoxTests@5b38c1ec]" started-at="2023-09-29T17:28:29 EEST" name="setUp" finished-at="2023-09-29T17:28:32 EEST" duration-ms="2648" status="PASS">
          <reporter-output>
          </reporter-output>
        </test-method> <!-- setUp -->
        <test-method signature="allHeaderResetPasswordPage2(java.lang.String,java.lang.String)[pri:1, instance:tests.resetPasswordPage2Tests.AllPageFirefoxTests@5b38c1ec]" started-at="2023-09-29T17:28:32 EEST" name="allHeaderResetPasswordPage2" finished-at="2023-09-29T17:28:41 EEST" duration-ms="8613" status="PASS">
          <params>
            <param index="0">
              <value>
                <![CDATA[https://aimood-stage1.intary.net/en/reset-password-2]]>
              </value>
            </param>
            <param index="1">
              <value>
                <![CDATA[Screenshots_St1/]]>
              </value>
            </param>
          </params>
          <reporter-output>
          </reporter-output>
        </test-method> <!-- allHeaderResetPasswordPage2 -->
        <test-method signature="getStartedHeaderResetPasswordPage2(java.lang.String,java.lang.String)[pri:2, instance:tests.resetPasswordPage2Tests.AllPageFirefoxTests@5b38c1ec]" started-at="2023-09-29T17:28:41 EEST" name="getStartedHeaderResetPasswordPage2" finished-at="2023-09-29T17:28:46 EEST" duration-ms="5110" status="PASS">
          <params>
            <param index="0">
              <value>
                <![CDATA[https://aimood-stage1.intary.net/en/reset-password-2]]>
              </value>
            </param>
            <param index="1">
              <value>
                <![CDATA[Screenshots_St1/]]>
              </value>
            </param>
          </params>
          <reporter-output>
          </reporter-output>
        </test-method> <!-- getStartedHeaderResetPasswordPage2 -->
        <test-method is-config="true" signature="setUp()[pri:0, instance:tests.resetPasswordPage2Tests.AllPageFirefoxTests@5b38c1ec]" started-at="2023-09-29T17:28:41 EEST" name="setUp" finished-at="2023-09-29T17:28:41 EEST" duration-ms="0" status="PASS">
          <reporter-output>
          </reporter-output>
        </test-method> <!-- setUp -->
        <test-method signature="learnHeaderResetPasswordPage2(java.lang.String,java.lang.String)[pri:3, instance:tests.resetPasswordPage2Tests.AllPageFirefoxTests@5b38c1ec]" started-at="2023-09-29T17:28:46 EEST" name="learnHeaderResetPasswordPage2" finished-at="2023-09-29T17:28:51 EEST" duration-ms="5097" status="PASS">
          <params>
            <param index="0">
              <value>
                <![CDATA[https://aimood-stage1.intary.net/en/reset-password-2]]>
              </value>
            </param>
            <param index="1">
              <value>
                <![CDATA[Screenshots_St1/]]>
              </value>
            </param>
          </params>
          <reporter-output>
          </reporter-output>
        </test-method> <!-- learnHeaderResetPasswordPage2 -->
        <test-method is-config="true" signature="setUp()[pri:0, instance:tests.resetPasswordPage2Tests.AllPageFirefoxTests@5b38c1ec]" started-at="2023-09-29T17:28:46 EEST" name="setUp" finished-at="2023-09-29T17:28:46 EEST" duration-ms="0" status="PASS">
          <reporter-output>
          </reporter-output>
        </test-method> <!-- setUp -->
        <test-method signature="resourcesHeaderResetPasswordPage2(java.lang.String,java.lang.String)[pri:4, instance:tests.resetPasswordPage2Tests.AllPageFirefoxTests@5b38c1ec]" started-at="2023-09-29T17:28:51 EEST" name="resourcesHeaderResetPasswordPage2" finished-at="2023-09-29T17:28:56 EEST" duration-ms="5179" status="PASS">
          <params>
            <param index="0">
              <value>
                <![CDATA[https://aimood-stage1.intary.net/en/reset-password-2]]>
              </value>
            </param>
            <param index="1">
              <value>
                <![CDATA[Screenshots_St1/]]>
              </value>
            </param>
          </params>
          <reporter-output>
          </reporter-output>
        </test-method> <!-- resourcesHeaderResetPasswordPage2 -->
        <test-method is-config="true" signature="setUp()[pri:0, instance:tests.resetPasswordPage2Tests.AllPageFirefoxTests@5b38c1ec]" started-at="2023-09-29T17:28:51 EEST" name="setUp" finished-at="2023-09-29T17:28:51 EEST" duration-ms="0" status="PASS">
          <reporter-output>
          </reporter-output>
        </test-method> <!-- setUp -->
        <test-method signature="mainSectionResetPasswordPage2(java.lang.String,java.lang.String)[pri:6, instance:tests.resetPasswordPage2Tests.AllPageFirefoxTests@5b38c1ec]" started-at="2023-09-29T17:28:56 EEST" name="mainSectionResetPasswordPage2" finished-at="2023-09-29T17:29:03 EEST" duration-ms="6937" status="PASS">
          <params>
            <param index="0">
              <value>
                <![CDATA[https://aimood-stage1.intary.net/en/reset-password-2]]>
              </value>
            </param>
            <param index="1">
              <value>
                <![CDATA[Screenshots_St1/]]>
              </value>
            </param>
          </params>
          <reporter-output>
          </reporter-output>
        </test-method> <!-- mainSectionResetPasswordPage2 -->
        <test-method is-config="true" signature="setUp()[pri:0, instance:tests.resetPasswordPage2Tests.AllPageFirefoxTests@5b38c1ec]" started-at="2023-09-29T17:28:56 EEST" name="setUp" finished-at="2023-09-29T17:28:56 EEST" duration-ms="0" status="PASS">
          <reporter-output>
          </reporter-output>
        </test-method> <!-- setUp -->
        <test-method is-config="true" signature="setUp()[pri:0, instance:tests.resetPasswordPage2Tests.AllPageFirefoxTests@5b38c1ec]" started-at="2023-09-29T17:29:03 EEST" name="setUp" finished-at="2023-09-29T17:29:03 EEST" duration-ms="1" status="PASS">
          <reporter-output>
          </reporter-output>
        </test-method> <!-- setUp -->
        <test-method signature="allFooterResetPasswordPage2(java.lang.String,java.lang.String)[pri:7, instance:tests.resetPasswordPage2Tests.AllPageFirefoxTests@5b38c1ec]" started-at="2023-09-29T17:29:03 EEST" name="allFooterResetPasswordPage2" finished-at="2023-09-29T17:29:09 EEST" duration-ms="6031" status="PASS">
          <params>
            <param index="0">
              <value>
                <![CDATA[https://aimood-stage1.intary.net/en/reset-password-2]]>
              </value>
            </param>
            <param index="1">
              <value>
                <![CDATA[Screenshots_St1/]]>
              </value>
            </param>
          </params>
          <reporter-output>
          </reporter-output>
        </test-method> <!-- allFooterResetPasswordPage2 -->
        <test-method is-config="true" signature="tearDown()[pri:0, instance:tests.resetPasswordPage2Tests.AllPageFirefoxTests@5b38c1ec]" started-at="2023-09-29T17:29:09 EEST" name="tearDown" finished-at="2023-09-29T17:29:10 EEST" duration-ms="1291" status="PASS">
          <reporter-output>
          </reporter-output>
        </test-method> <!-- tearDown -->
      </class> <!-- tests.resetPasswordPage2Tests.AllPageFirefoxTests -->
      <class name="tests.signInPageTests.AllPageChromeTests">
        <test-method is-config="true" signature="setUp()[pri:0, instance:tests.signInPageTests.AllPageChromeTests@48e1f6c7]" started-at="2023-09-29T17:30:33 EEST" name="setUp" finished-at="2023-09-29T17:30:34 EEST" duration-ms="764" status="PASS">
          <reporter-output>
          </reporter-output>
        </test-method> <!-- setUp -->
        <test-method signature="allHeaderSignInPage(java.lang.String,java.lang.String)[pri:1, instance:tests.signInPageTests.AllPageChromeTests@48e1f6c7]" started-at="2023-09-29T17:30:34 EEST" name="allHeaderSignInPage" finished-at="2023-09-29T17:30:42 EEST" duration-ms="8191" status="PASS">
          <params>
            <param index="0">
              <value>
                <![CDATA[https://aimood-stage1.intary.net/en/login]]>
              </value>
            </param>
            <param index="1">
              <value>
                <![CDATA[Screenshots_St1/]]>
              </value>
            </param>
          </params>
          <reporter-output>
          </reporter-output>
        </test-method> <!-- allHeaderSignInPage -->
        <test-method is-config="true" signature="setUp()[pri:0, instance:tests.signInPageTests.AllPageChromeTests@48e1f6c7]" started-at="2023-09-29T17:30:42 EEST" name="setUp" finished-at="2023-09-29T17:30:42 EEST" duration-ms="1" status="PASS">
          <reporter-output>
          </reporter-output>
        </test-method> <!-- setUp -->
        <test-method signature="getStartedHeaderSignInPage(java.lang.String,java.lang.String)[pri:2, instance:tests.signInPageTests.AllPageChromeTests@48e1f6c7]" started-at="2023-09-29T17:30:42 EEST" name="getStartedHeaderSignInPage" finished-at="2023-09-29T17:30:48 EEST" duration-ms="5413" status="PASS">
          <params>
            <param index="0">
              <value>
                <![CDATA[https://aimood-stage1.intary.net/en/login]]>
              </value>
            </param>
            <param index="1">
              <value>
                <![CDATA[Screenshots_St1/]]>
              </value>
            </param>
          </params>
          <reporter-output>
          </reporter-output>
        </test-method> <!-- getStartedHeaderSignInPage -->
        <test-method signature="learnHeaderSignInPage(java.lang.String,java.lang.String)[pri:3, instance:tests.signInPageTests.AllPageChromeTests@48e1f6c7]" started-at="2023-09-29T17:30:48 EEST" name="learnHeaderSignInPage" finished-at="2023-09-29T17:30:53 EEST" duration-ms="5423" status="PASS">
          <params>
            <param index="0">
              <value>
                <![CDATA[https://aimood-stage1.intary.net/en/login]]>
              </value>
            </param>
            <param index="1">
              <value>
                <![CDATA[Screenshots_St1/]]>
              </value>
            </param>
          </params>
          <reporter-output>
          </reporter-output>
        </test-method> <!-- learnHeaderSignInPage -->
        <test-method is-config="true" signature="setUp()[pri:0, instance:tests.signInPageTests.AllPageChromeTests@48e1f6c7]" started-at="2023-09-29T17:30:48 EEST" name="setUp" finished-at="2023-09-29T17:30:48 EEST" duration-ms="0" status="PASS">
          <reporter-output>
          </reporter-output>
        </test-method> <!-- setUp -->
        <test-method signature="resourcesHeaderSignInPage(java.lang.String,java.lang.String)[pri:4, instance:tests.signInPageTests.AllPageChromeTests@48e1f6c7]" started-at="2023-09-29T17:30:53 EEST" name="resourcesHeaderSignInPage" finished-at="2023-09-29T17:30:58 EEST" duration-ms="5362" status="PASS">
          <params>
            <param index="0">
              <value>
                <![CDATA[https://aimood-stage1.intary.net/en/login]]>
              </value>
            </param>
            <param index="1">
              <value>
                <![CDATA[Screenshots_St1/]]>
              </value>
            </param>
          </params>
          <reporter-output>
          </reporter-output>
        </test-method> <!-- resourcesHeaderSignInPage -->
        <test-method is-config="true" signature="setUp()[pri:0, instance:tests.signInPageTests.AllPageChromeTests@48e1f6c7]" started-at="2023-09-29T17:30:53 EEST" name="setUp" finished-at="2023-09-29T17:30:53 EEST" duration-ms="0" status="PASS">
          <reporter-output>
          </reporter-output>
        </test-method> <!-- setUp -->
        <test-method is-config="true" signature="setUp()[pri:0, instance:tests.signInPageTests.AllPageChromeTests@48e1f6c7]" started-at="2023-09-29T17:30:58 EEST" name="setUp" finished-at="2023-09-29T17:30:58 EEST" duration-ms="0" status="PASS">
          <reporter-output>
          </reporter-output>
        </test-method> <!-- setUp -->
        <test-method signature="mainSectionSignInPage(java.lang.String,java.lang.String)[pri:6, instance:tests.signInPageTests.AllPageChromeTests@48e1f6c7]" started-at="2023-09-29T17:30:58 EEST" name="mainSectionSignInPage" finished-at="2023-09-29T17:31:06 EEST" duration-ms="7274" status="PASS">
          <params>
            <param index="0">
              <value>
                <![CDATA[https://aimood-stage1.intary.net/en/login]]>
              </value>
            </param>
            <param index="1">
              <value>
                <![CDATA[Screenshots_St1/]]>
              </value>
            </param>
          </params>
          <reporter-output>
          </reporter-output>
        </test-method> <!-- mainSectionSignInPage -->
        <test-method signature="allFooterSignInPage(java.lang.String,java.lang.String)[pri:7, instance:tests.signInPageTests.AllPageChromeTests@48e1f6c7]" started-at="2023-09-29T17:31:06 EEST" name="allFooterSignInPage" finished-at="2023-09-29T17:31:12 EEST" duration-ms="6297" status="PASS">
          <params>
            <param index="0">
              <value>
                <![CDATA[https://aimood-stage1.intary.net/en/login]]>
              </value>
            </param>
            <param index="1">
              <value>
                <![CDATA[Screenshots_St1/]]>
              </value>
            </param>
          </params>
          <reporter-output>
          </reporter-output>
        </test-method> <!-- allFooterSignInPage -->
        <test-method is-config="true" signature="setUp()[pri:0, instance:tests.signInPageTests.AllPageChromeTests@48e1f6c7]" started-at="2023-09-29T17:31:06 EEST" name="setUp" finished-at="2023-09-29T17:31:06 EEST" duration-ms="0" status="PASS">
          <reporter-output>
          </reporter-output>
        </test-method> <!-- setUp -->
        <test-method is-config="true" signature="tearDown()[pri:0, instance:tests.signInPageTests.AllPageChromeTests@48e1f6c7]" started-at="2023-09-29T17:31:12 EEST" name="tearDown" finished-at="2023-09-29T17:31:13 EEST" duration-ms="655" status="PASS">
          <reporter-output>
          </reporter-output>
        </test-method> <!-- tearDown -->
      </class> <!-- tests.signInPageTests.AllPageChromeTests -->
      <class name="tests.walletPageTests.AllPageFirefoxTests">
        <test-method is-config="true" signature="setUp()[pri:0, instance:tests.walletPageTests.AllPageFirefoxTests@740fb309]" started-at="2023-09-29T17:19:47 EEST" name="setUp" finished-at="2023-09-29T17:19:49 EEST" duration-ms="2467" status="PASS">
          <reporter-output>
          </reporter-output>
        </test-method> <!-- setUp -->
        <test-method signature="allHeaderWalletPage(java.lang.String,java.lang.String)[pri:1, instance:tests.walletPageTests.AllPageFirefoxTests@740fb309]" started-at="2023-09-29T17:19:49 EEST" name="allHeaderWalletPage" finished-at="2023-09-29T17:20:02 EEST" duration-ms="13023" status="PASS">
          <params>
            <param index="0">
              <value>
                <![CDATA[https://aimood-stage1.intary.net/en/the-aimood-wallet]]>
              </value>
            </param>
            <param index="1">
              <value>
                <![CDATA[Screenshots_St1/]]>
              </value>
            </param>
          </params>
          <reporter-output>
          </reporter-output>
        </test-method> <!-- allHeaderWalletPage -->
        <test-method is-config="true" signature="setUp()[pri:0, instance:tests.walletPageTests.AllPageFirefoxTests@740fb309]" started-at="2023-09-29T17:20:02 EEST" name="setUp" finished-at="2023-09-29T17:20:02 EEST" duration-ms="1" status="PASS">
          <reporter-output>
          </reporter-output>
        </test-method> <!-- setUp -->
        <test-method signature="getStartedHeaderWalletPage(java.lang.String,java.lang.String)[pri:2, instance:tests.walletPageTests.AllPageFirefoxTests@740fb309]" started-at="2023-09-29T17:20:02 EEST" name="getStartedHeaderWalletPage" finished-at="2023-09-29T17:20:07 EEST" duration-ms="5113" status="PASS">
          <params>
            <param index="0">
              <value>
                <![CDATA[https://aimood-stage1.intary.net/en/the-aimood-wallet]]>
              </value>
            </param>
            <param index="1">
              <value>
                <![CDATA[Screenshots_St1/]]>
              </value>
            </param>
          </params>
          <reporter-output>
          </reporter-output>
        </test-method> <!-- getStartedHeaderWalletPage -->
        <test-method is-config="true" signature="setUp()[pri:0, instance:tests.walletPageTests.AllPageFirefoxTests@740fb309]" started-at="2023-09-29T17:20:07 EEST" name="setUp" finished-at="2023-09-29T17:20:07 EEST" duration-ms="0" status="PASS">
          <reporter-output>
          </reporter-output>
        </test-method> <!-- setUp -->
        <test-method signature="learnHeaderWalletPage(java.lang.String,java.lang.String)[pri:3, instance:tests.walletPageTests.AllPageFirefoxTests@740fb309]" started-at="2023-09-29T17:20:07 EEST" name="learnHeaderWalletPage" finished-at="2023-09-29T17:20:13 EEST" duration-ms="5104" status="PASS">
          <params>
            <param index="0">
              <value>
                <![CDATA[https://aimood-stage1.intary.net/en/the-aimood-wallet]]>
              </value>
            </param>
            <param index="1">
              <value>
                <![CDATA[Screenshots_St1/]]>
              </value>
            </param>
          </params>
          <reporter-output>
          </reporter-output>
        </test-method> <!-- learnHeaderWalletPage -->
        <test-method is-config="true" signature="setUp()[pri:0, instance:tests.walletPageTests.AllPageFirefoxTests@740fb309]" started-at="2023-09-29T17:20:13 EEST" name="setUp" finished-at="2023-09-29T17:20:13 EEST" duration-ms="1" status="PASS">
          <reporter-output>
          </reporter-output>
        </test-method> <!-- setUp -->
        <test-method signature="resourcesHeaderWalletPage(java.lang.String,java.lang.String)[pri:4, instance:tests.walletPageTests.AllPageFirefoxTests@740fb309]" started-at="2023-09-29T17:20:13 EEST" name="resourcesHeaderWalletPage" finished-at="2023-09-29T17:20:18 EEST" duration-ms="5244" status="PASS">
          <params>
            <param index="0">
              <value>
                <![CDATA[https://aimood-stage1.intary.net/en/the-aimood-wallet]]>
              </value>
            </param>
            <param index="1">
              <value>
                <![CDATA[Screenshots_St1/]]>
              </value>
            </param>
          </params>
          <reporter-output>
          </reporter-output>
        </test-method> <!-- resourcesHeaderWalletPage -->
        <test-method is-config="true" signature="setUp()[pri:0, instance:tests.walletPageTests.AllPageFirefoxTests@740fb309]" started-at="2023-09-29T17:20:18 EEST" name="setUp" finished-at="2023-09-29T17:20:18 EEST" duration-ms="1" status="PASS">
          <reporter-output>
          </reporter-output>
        </test-method> <!-- setUp -->
        <test-method signature="mainSectionWalletPage(java.lang.String,java.lang.String)[pri:6, instance:tests.walletPageTests.AllPageFirefoxTests@740fb309]" started-at="2023-09-29T17:20:18 EEST" name="mainSectionWalletPage" finished-at="2023-09-29T17:20:24 EEST" duration-ms="5974" status="PASS">
          <params>
            <param index="0">
              <value>
                <![CDATA[https://aimood-stage1.intary.net/en/the-aimood-wallet]]>
              </value>
            </param>
            <param index="1">
              <value>
                <![CDATA[Screenshots_St1/]]>
              </value>
            </param>
          </params>
          <reporter-output>
          </reporter-output>
        </test-method> <!-- mainSectionWalletPage -->
        <test-method signature="delegatedSectionWalletPage(java.lang.String,java.lang.String)[pri:7, instance:tests.walletPageTests.AllPageFirefoxTests@740fb309]" started-at="2023-09-29T17:20:24 EEST" name="delegatedSectionWalletPage" finished-at="2023-09-29T17:20:30 EEST" duration-ms="6235" status="PASS">
          <params>
            <param index="0">
              <value>
                <![CDATA[https://aimood-stage1.intary.net/en/the-aimood-wallet]]>
              </value>
            </param>
            <param index="1">
              <value>
                <![CDATA[Screenshots_St1/]]>
              </value>
            </param>
          </params>
          <reporter-output>
          </reporter-output>
        </test-method> <!-- delegatedSectionWalletPage -->
        <test-method is-config="true" signature="setUp()[pri:0, instance:tests.walletPageTests.AllPageFirefoxTests@740fb309]" started-at="2023-09-29T17:20:24 EEST" name="setUp" finished-at="2023-09-29T17:20:24 EEST" duration-ms="0" status="PASS">
          <reporter-output>
          </reporter-output>
        </test-method> <!-- setUp -->
        <test-method signature="allFooterWalletPage(java.lang.String,java.lang.String)[pri:8, instance:tests.walletPageTests.AllPageFirefoxTests@740fb309]" started-at="2023-09-29T17:20:30 EEST" name="allFooterWalletPage" finished-at="2023-09-29T17:20:36 EEST" duration-ms="5969" status="PASS">
          <params>
            <param index="0">
              <value>
                <![CDATA[https://aimood-stage1.intary.net/en/the-aimood-wallet]]>
              </value>
            </param>
            <param index="1">
              <value>
                <![CDATA[Screenshots_St1/]]>
              </value>
            </param>
          </params>
          <reporter-output>
          </reporter-output>
        </test-method> <!-- allFooterWalletPage -->
        <test-method is-config="true" signature="setUp()[pri:0, instance:tests.walletPageTests.AllPageFirefoxTests@740fb309]" started-at="2023-09-29T17:20:30 EEST" name="setUp" finished-at="2023-09-29T17:20:30 EEST" duration-ms="0" status="PASS">
          <reporter-output>
          </reporter-output>
        </test-method> <!-- setUp -->
        <test-method is-config="true" signature="tearDown()[pri:0, instance:tests.walletPageTests.AllPageFirefoxTests@740fb309]" started-at="2023-09-29T17:20:36 EEST" name="tearDown" finished-at="2023-09-29T17:20:38 EEST" duration-ms="1935" status="PASS">
          <reporter-output>
          </reporter-output>
        </test-method> <!-- tearDown -->
      </class> <!-- tests.walletPageTests.AllPageFirefoxTests -->
      <class name="tests.accountAffiliateProgramPageTests.AllPageChromeTests">
        <test-method is-config="true" signature="setUp()[pri:0, instance:tests.accountAffiliateProgramPageTests.AllPageChromeTests@57bc27f5]" started-at="2023-09-29T17:46:15 EEST" name="setUp" finished-at="2023-09-29T17:46:16 EEST" duration-ms="840" status="PASS">
          <reporter-output>
          </reporter-output>
        </test-method> <!-- setUp -->
        <test-method signature="signInUser(java.lang.String)[pri:1, instance:tests.accountAffiliateProgramPageTests.AllPageChromeTests@57bc27f5]" started-at="2023-09-29T17:46:16 EEST" name="signInUser" finished-at="2023-09-29T17:46:38 EEST" duration-ms="21690" status="PASS">
          <params>
            <param index="0">
              <value>
                <![CDATA[https://aimood-stage1.intary.net/en/]]>
              </value>
            </param>
          </params>
          <reporter-output>
          </reporter-output>
        </test-method> <!-- signInUser -->
        <test-method signature="allHeaderAccountAffiliateProgramPage(java.lang.String,java.lang.String)[pri:2, instance:tests.accountAffiliateProgramPageTests.AllPageChromeTests@57bc27f5]" started-at="2023-09-29T17:46:38 EEST" name="allHeaderAccountAffiliateProgramPage" finished-at="2023-09-29T17:46:45 EEST" duration-ms="7220" status="PASS">
          <params>
            <param index="0">
              <value>
                <![CDATA[https://aimood-stage1.intary.net/en/account/affiliate-program]]>
              </value>
            </param>
            <param index="1">
              <value>
                <![CDATA[Screenshots_St1/]]>
              </value>
            </param>
          </params>
          <reporter-output>
          </reporter-output>
        </test-method> <!-- allHeaderAccountAffiliateProgramPage -->
        <test-method is-config="true" signature="setUp()[pri:0, instance:tests.accountAffiliateProgramPageTests.AllPageChromeTests@57bc27f5]" started-at="2023-09-29T17:46:38 EEST" name="setUp" finished-at="2023-09-29T17:46:38 EEST" duration-ms="0" status="PASS">
          <reporter-output>
          </reporter-output>
        </test-method> <!-- setUp -->
        <test-method is-config="true" signature="setUp()[pri:0, instance:tests.accountAffiliateProgramPageTests.AllPageChromeTests@57bc27f5]" started-at="2023-09-29T17:46:45 EEST" name="setUp" finished-at="2023-09-29T17:46:45 EEST" duration-ms="1" status="PASS">
          <reporter-output>
          </reporter-output>
        </test-method> <!-- setUp -->
        <test-method signature="getStartedHeaderAccountAffiliateProgramPage(java.lang.String,java.lang.String)[pri:3, instance:tests.accountAffiliateProgramPageTests.AllPageChromeTests@57bc27f5]" started-at="2023-09-29T17:46:45 EEST" name="getStartedHeaderAccountAffiliateProgramPage" finished-at="2023-09-29T17:46:52 EEST" duration-ms="7290" status="PASS">
          <params>
            <param index="0">
              <value>
                <![CDATA[https://aimood-stage1.intary.net/en/account/affiliate-program]]>
              </value>
            </param>
            <param index="1">
              <value>
                <![CDATA[Screenshots_St1/]]>
              </value>
            </param>
          </params>
          <reporter-output>
          </reporter-output>
        </test-method> <!-- getStartedHeaderAccountAffiliateProgramPage -->
        <test-method signature="learnHeaderAccountAffiliateProgramPage(java.lang.String,java.lang.String)[pri:4, instance:tests.accountAffiliateProgramPageTests.AllPageChromeTests@57bc27f5]" started-at="2023-09-29T17:46:52 EEST" name="learnHeaderAccountAffiliateProgramPage" finished-at="2023-09-29T17:46:59 EEST" duration-ms="7269" status="PASS">
          <params>
            <param index="0">
              <value>
                <![CDATA[https://aimood-stage1.intary.net/en/account/affiliate-program]]>
              </value>
            </param>
            <param index="1">
              <value>
                <![CDATA[Screenshots_St1/]]>
              </value>
            </param>
          </params>
          <reporter-output>
          </reporter-output>
        </test-method> <!-- learnHeaderAccountAffiliateProgramPage -->
        <test-method is-config="true" signature="setUp()[pri:0, instance:tests.accountAffiliateProgramPageTests.AllPageChromeTests@57bc27f5]" started-at="2023-09-29T17:46:52 EEST" name="setUp" finished-at="2023-09-29T17:46:52 EEST" duration-ms="0" status="PASS">
          <reporter-output>
          </reporter-output>
        </test-method> <!-- setUp -->
        <test-method signature="resourcesHeaderAccountAffiliateProgramPage(java.lang.String,java.lang.String)[pri:5, instance:tests.accountAffiliateProgramPageTests.AllPageChromeTests@57bc27f5]" started-at="2023-09-29T17:46:59 EEST" name="resourcesHeaderAccountAffiliateProgramPage" finished-at="2023-09-29T17:47:07 EEST" duration-ms="7318" status="PASS">
          <params>
            <param index="0">
              <value>
                <![CDATA[https://aimood-stage1.intary.net/en/account/affiliate-program]]>
              </value>
            </param>
            <param index="1">
              <value>
                <![CDATA[Screenshots_St1/]]>
              </value>
            </param>
          </params>
          <reporter-output>
          </reporter-output>
        </test-method> <!-- resourcesHeaderAccountAffiliateProgramPage -->
[...]
        <test-method retried="true" signature="learnHeaderAccountSettingsPage(java.lang.String,java.lang.String)[pri:4, instance:tests.accountSettingsPageTests.AllPageChromeTests@f1da57d]" started-at="2023-09-29T17:34:10 EEST" name="learnHeaderAccountSettingsPage" finished-at="2023-09-29T17:34:16 EEST" duration-ms="6774" status="SKIP">
          <params>
            <param index="0">
              <value>
                <![CDATA[https://aimood-stage1.intary.net/en/account/settings]]>
              </value>
            </param>
            <param index="1">
              <value>
                <![CDATA[Screenshots_St1/]]>
              </value>
            </param>
          </params>
          <exception class="java.lang.AssertionError">
            <message>
              <![CDATA[*** Images are not similar *** expected [true] but found [false]]]>
            </message>
            <full-stacktrace>
              <![CDATA[java.lang.AssertionError: *** Images are not similar *** expected [true] but found [false]
at org.testng.Assert.fail(Assert.java:111)
at org.testng.Assert.failNotEquals(Assert.java:1578)
at org.testng.Assert.assertTrue(Assert.java:57)
at pages.pixel_perfect.PixelPerfectAssert.byElement(PixelPerfectAssert.java:109)
at tests.accountSettingsPageTests.AllPageChromeTests.learnHeaderAccountSettingsPage(AllPageChromeTests.java:81)
at java.base/jdk.internal.reflect.NativeMethodAccessorImpl.invoke0(Native Method)
at java.base/jdk.internal.reflect.NativeMethodAccessorImpl.invoke(NativeMethodAccessorImpl.java:62)
at java.base/jdk.internal.reflect.DelegatingMethodAccessorImpl.invoke(DelegatingMethodAccessorImpl.java:43)
at java.base/java.lang.reflect.Method.invoke(Method.java:566)
at org.testng.internal.invokers.MethodInvocationHelper.invokeMethod(MethodInvocationHelper.java:139)
at org.testng.internal.invokers.TestInvoker.invokeMethod(TestInvoker.java:664)
at org.testng.internal.invokers.TestInvoker.invokeTestMethod(TestInvoker.java:227)
at org.testng.internal.invokers.MethodRunner.runInSequence(MethodRunner.java:50)
at org.testng.internal.invokers.TestInvoker$MethodInvocationAgent.invoke(TestInvoker.java:957)
at org.testng.internal.invokers.TestInvoker.invokeTestMethods(TestInvoker.java:200)
at org.testng.internal.invokers.TestMethodWorker.invokeTestMethods(TestMethodWorker.java:148)
at org.testng.internal.invokers.TestMethodWorker.run(TestMethodWorker.java:128)
at java.base/java.util.ArrayList.forEach(ArrayList.java:1540)
at org.testng.TestRunner.privateRun(TestRunner.java:848)
at org.testng.TestRunner.run(TestRunner.java:621)
at org.testng.SuiteRunner.runTest(SuiteRunner.java:443)
at org.testng.SuiteRunner.runSequentially(SuiteRunner.java:437)
at org.testng.SuiteRunner.privateRun(SuiteRunner.java:397)
at org.testng.SuiteRunner.run(SuiteRunner.java:336)
at org.testng.SuiteRunnerWorker.runSuite(SuiteRunnerWorker.java:52)
at org.testng.SuiteRunnerWorker.run(SuiteRunnerWorker.java:95)
at org.testng.TestNG.runSuitesSequentially(TestNG.java:1280)
at org.testng.TestNG.runSuitesLocally(TestNG.java:1200)
at org.testng.TestNG.runSuites(TestNG.java:1114)
at org.testng.TestNG.run(TestNG.java:1082)
at org.apache.maven.surefire.testng.TestNGExecutor.run(TestNGExecutor.java:284)
at org.apache.maven.surefire.testng.TestNGXmlTestSuite.execute(TestNGXmlTestSuite.java:75)
at org.apache.maven.surefire.testng.TestNGProvider.invoke(TestNGProvider.java:119)
at org.apache.maven.surefire.booter.ForkedBooter.runSuitesInProcess(ForkedBooter.java:428)
at org.apache.maven.surefire.booter.ForkedBooter.execute(ForkedBooter.java:162)
at org.apache.maven.surefire.booter.ForkedBooter.run(ForkedBooter.java:562)
at org.apache.maven.surefire.booter.ForkedBooter.main(ForkedBooter.java:548)
]]>
            </full-stacktrace>
          </exception> <!-- java.lang.AssertionError -->
          <reporter-output>
          </reporter-output>
        </test-method> <!-- learnHeaderAccountSettingsPage -->
        <test-method is-config="true" signature="setUp()[pri:0, instance:tests.accountSettingsPageTests.AllPageChromeTests@f1da57d]" started-at="2023-09-29T17:34:10 EEST" name="setUp" finished-at="2023-09-29T17:34:10 EEST" duration-ms="0" status="PASS">
          <reporter-output>
          </reporter-output>
        </test-method> <!-- setUp -->
        <test-method signature="learnHeaderAccountSettingsPage(java.lang.String,java.lang.String)[pri:4, instance:tests.accountSettingsPageTests.AllPageChromeTests@f1da57d]" started-at="2023-09-29T17:34:16 EEST" name="learnHeaderAccountSettingsPage" finished-at="2023-09-29T17:34:24 EEST" duration-ms="7264" status="PASS">
          <params>
            <param index="0">
              <value>
                <![CDATA[https://aimood-stage1.intary.net/en/account/settings]]>
              </value>
            </param>
            <param index="1">
              <value>
                <![CDATA[Screenshots_St1/]]>
              </value>
            </param>
          </params>
          <reporter-output>
          </reporter-output>
        </test-method> <!-- learnHeaderAccountSettingsPage -->
        <test-method is-config="true" signature="setUp()[pri:0, instance:tests.accountSettingsPageTests.AllPageChromeTests@f1da57d]" started-at="2023-09-29T17:34:16 EEST" name="setUp" finished-at="2023-09-29T17:34:16 EEST" duration-ms="0" status="PASS">
          <reporter-output>
          </reporter-output>
        </test-method> <!-- setUp -->
        <test-method signature="resourcesHeaderAccountSettingsPage(java.lang.String,java.lang.String)[pri:5, instance:tests.accountSettingsPageTests.AllPageChromeTests@f1da57d]" started-at="2023-09-29T17:34:24 EEST" name="resourcesHeaderAccountSettingsPage" finished-at="2023-09-29T17:34:31 EEST" duration-ms="7277" status="PASS">
          <params>
            <param index="0">
              <value>
                <![CDATA[https://aimood-stage1.intary.net/en/account/settings]]>
              </value>
            </param>
            <param index="1">
              <value>
                <![CDATA[Screenshots_St1/]]>
              </value>
            </param>
          </params>
          <reporter-output>
          </reporter-output>
        </test-method> <!-- resourcesHeaderAccountSettingsPage -->
        <test-method is-config="true" signature="setUp()[pri:0, instance:tests.accountSettingsPageTests.AllPageChromeTests@f1da57d]" started-at="2023-09-29T17:34:24 EEST" name="setUp" finished-at="2023-09-29T17:34:24 EEST" duration-ms="0" status="PASS">
          <reporter-output>
          </reporter-output>
        </test-method> <!-- setUp -->
        <test-method signature="notificationsHeaderAccountSettingsPage(java.lang.String,java.lang.String)[pri:7, instance:tests.accountSettingsPageTests.AllPageChromeTests@f1da57d]" started-at="2023-09-29T17:34:31 EEST" name="notificationsHeaderAccountSettingsPage" finished-at="2023-09-29T17:34:38 EEST" duration-ms="7221" status="PASS">
          <params>
            <param index="0">
              <value>
                <![CDATA[https://aimood-stage1.intary.net/en/account/settings]]>
              </value>
            </param>
            <param index="1">
              <value>
                <![CDATA[Screenshots_St1/]]>
              </value>
            </param>
          </params>
          <reporter-output>
          </reporter-output>
        </test-method> <!-- notificationsHeaderAccountSettingsPage -->
        <test-method is-config="true" signature="setUp()[pri:0, instance:tests.accountSettingsPageTests.AllPageChromeTests@f1da57d]" started-at="2023-09-29T17:34:31 EEST" name="setUp" finished-at="2023-09-29T17:34:31 EEST" duration-ms="0" status="PASS">
          <reporter-output>
          </reporter-output>
        </test-method> <!-- setUp -->
        <test-method signature="profileHeaderAccountSettingsPage(java.lang.String,java.lang.String)[pri:8, instance:tests.accountSettingsPageTests.AllPageChromeTests@f1da57d]" started-at="2023-09-29T17:34:38 EEST" name="profileHeaderAccountSettingsPage" finished-at="2023-09-29T17:34:46 EEST" duration-ms="7278" status="PASS">
          <params>
            <param index="0">
              <value>
                <![CDATA[https://aimood-stage1.intary.net/en/account/settings]]>
              </value>
            </param>
            <param index="1">
              <value>
                <![CDATA[Screenshots_St1/]]>
              </value>
            </param>
          </params>
          <reporter-output>
          </reporter-output>
        </test-method> <!-- profileHeaderAccountSettingsPage -->
        <test-method is-config="true" signature="setUp()[pri:0, instance:tests.accountSettingsPageTests.AllPageChromeTests@f1da57d]" started-at="2023-09-29T17:34:38 EEST" name="setUp" finished-at="2023-09-29T17:34:38 EEST" duration-ms="0" status="PASS">
          <reporter-output>
          </reporter-output>
        </test-method> <!-- setUp -->
        <test-method signature="mainSectionAccountSettingsPage(java.lang.String,java.lang.String)[pri:9, instance:tests.accountSettingsPageTests.AllPageChromeTests@f1da57d]" started-at="2023-09-29T17:34:46 EEST" name="mainSectionAccountSettingsPage" finished-at="2023-09-29T17:34:53 EEST" duration-ms="7639" status="PASS">
          <params>
            <param index="0">
              <value>
                <![CDATA[https://aimood-stage1.intary.net/en/account/settings]]>
              </value>
            </param>
            <param index="1">
              <value>
                <![CDATA[Screenshots_St1/]]>
              </value>
            </param>
          </params>
          <reporter-output>
          </reporter-output>
        </test-method> <!-- mainSectionAccountSettingsPage -->
        <test-method is-config="true" signature="setUp()[pri:0, instance:tests.accountSettingsPageTests.AllPageChromeTests@f1da57d]" started-at="2023-09-29T17:34:46 EEST" name="setUp" finished-at="2023-09-29T17:34:46 EEST" duration-ms="0" status="PASS">
          <reporter-output>
          </reporter-output>
        </test-method> <!-- setUp -->
        <test-method signature="allFooterAccountSettingsPage(java.lang.String,java.lang.String)[pri:10, instance:tests.accountSettingsPageTests.AllPageChromeTests@f1da57d]" started-at="2023-09-29T17:34:53 EEST" name="allFooterAccountSettingsPage" finished-at="2023-09-29T17:35:00 EEST" duration-ms="6457" status="PASS">
          <params>
            <param index="0">
              <value>
                <![CDATA[https://aimood-stage1.intary.net/en/account/settings]]>
              </value>
            </param>
            <param index="1">
              <value>
                <![CDATA[Screenshots_St1/]]>
              </value>
            </param>
          </params>
          <reporter-output>
          </reporter-output>
        </test-method> <!-- allFooterAccountSettingsPage -->
        <test-method is-config="true" signature="setUp()[pri:0, instance:tests.accountSettingsPageTests.AllPageChromeTests@f1da57d]" started-at="2023-09-29T17:34:53 EEST" name="setUp" finished-at="2023-09-29T17:34:53 EEST" duration-ms="0" status="PASS">
          <reporter-output>
          </reporter-output>
        </test-method> <!-- setUp -->
        <test-method is-config="true" signature="tearDown()[pri:0, instance:tests.accountSettingsPageTests.AllPageChromeTests@f1da57d]" started-at="2023-09-29T17:35:00 EEST" name="tearDown" finished-at="2023-09-29T17:35:00 EEST" duration-ms="638" status="PASS">
          <reporter-output>
          </reporter-output>
        </test-method> <!-- tearDown -->
      </class> <!-- tests.accountSettingsPageTests.AllPageChromeTests -->
      <class name="tests.whitePaper.WhitePaperChromeTests">
        <test-method is-config="true" signature="setUp()[pri:0, instance:tests.whitePaper.WhitePaperChromeTests@6f204a1a]" started-at="2023-09-29T17:24:21 EEST" name="setUp" finished-at="2023-09-29T17:24:21 EEST" duration-ms="829" status="PASS">
          <reporter-output>
          </reporter-output>
        </test-method> <!-- setUp -->
        <test-method signature="allHeaderWhitePaperPage(java.lang.String,java.lang.String)[pri:1, instance:tests.whitePaper.WhitePaperChromeTests@6f204a1a]" started-at="2023-09-29T17:24:21 EEST" name="allHeaderWhitePaperPage" finished-at="2023-09-29T17:24:30 EEST" duration-ms="8668" status="PASS">
          <params>
            <param index="0">
              <value>
                <![CDATA[https://aimood-stage1.intary.net/en/white-paper]]>
              </value>
            </param>
            <param index="1">
              <value>
                <![CDATA[Screenshots_St1/]]>
              </value>
            </param>
          </params>
          <reporter-output>
          </reporter-output>
        </test-method> <!-- allHeaderWhitePaperPage -->
        <test-method signature="getStartedHeaderWhitePaperPage(java.lang.String,java.lang.String)[pri:2, instance:tests.whitePaper.WhitePaperChromeTests@6f204a1a]" started-at="2023-09-29T17:24:30 EEST" name="getStartedHeaderWhitePaperPage" finished-at="2023-09-29T17:24:36 EEST" duration-ms="6356" status="PASS">
          <params>
            <param index="0">
              <value>
                <![CDATA[https://aimood-stage1.intary.net/en/white-paper]]>
              </value>
            </param>
            <param index="1">
              <value>
                <![CDATA[Screenshots_St1/]]>
              </value>
            </param>
          </params>
          <reporter-output>
          </reporter-output>
        </test-method> <!-- getStartedHeaderWhitePaperPage -->
        <test-method is-config="true" signature="setUp()[pri:0, instance:tests.whitePaper.WhitePaperChromeTests@6f204a1a]" started-at="2023-09-29T17:24:30 EEST" name="setUp" finished-at="2023-09-29T17:24:30 EEST" duration-ms="0" status="PASS">
          <reporter-output>
          </reporter-output>
        </test-method> <!-- setUp -->
        <test-method signature="learnHeaderWhitePaperPage(java.lang.String,java.lang.String)[pri:3, instance:tests.whitePaper.WhitePaperChromeTests@6f204a1a]" started-at="2023-09-29T17:24:36 EEST" name="learnHeaderWhitePaperPage" finished-at="2023-09-29T17:24:43 EEST" duration-ms="6384" status="PASS">
          <params>
            <param index="0">
              <value>
                <![CDATA[https://aimood-stage1.intary.net/en/white-paper]]>
              </value>
            </param>
            <param index="1">
              <value>
                <![CDATA[Screenshots_St1/]]>
              </value>
            </param>
          </params>
          <reporter-output>
          </reporter-output>
        </test-method> <!-- learnHeaderWhitePaperPage -->
        <test-method is-config="true" signature="setUp()[pri:0, instance:tests.whitePaper.WhitePaperChromeTests@6f204a1a]" started-at="2023-09-29T17:24:36 EEST" name="setUp" finished-at="2023-09-29T17:24:36 EEST" duration-ms="0" status="PASS">
          <reporter-output>
          </reporter-output>
        </test-method> <!-- setUp -->
        <test-method signature="resourcesHeaderWhitePaperPage(java.lang.String,java.lang.String)[pri:4, instance:tests.whitePaper.WhitePaperChromeTests@6f204a1a]" started-at="2023-09-29T17:24:43 EEST" name="resourcesHeaderWhitePaperPage" finished-at="2023-09-29T17:24:49 EEST" duration-ms="6330" status="PASS">
          <params>
            <param index="0">
              <value>
                <![CDATA[https://aimood-stage1.intary.net/en/white-paper]]>
              </value>
            </param>
            <param index="1">
              <value>
                <![CDATA[Screenshots_St1/]]>
              </value>
            </param>
          </params>
          <reporter-output>
          </reporter-output>
        </test-method> <!-- resourcesHeaderWhitePaperPage -->
        <test-method is-config="true" signature="setUp()[pri:0, instance:tests.whitePaper.WhitePaperChromeTests@6f204a1a]" started-at="2023-09-29T17:24:43 EEST" name="setUp" finished-at="2023-09-29T17:24:43 EEST" duration-ms="0" status="PASS">
          <reporter-output>
          </reporter-output>
        </test-method> <!-- setUp -->
        <test-method signature="mainBlockWhitePaperPage(java.lang.String,java.lang.String)[pri:5, instance:tests.whitePaper.WhitePaperChromeTests@6f204a1a]" started-at="2023-09-29T17:24:49 EEST" name="mainBlockWhitePaperPage" finished-at="2023-09-29T17:24:55 EEST" duration-ms="6316" status="PASS">
          <params>
            <param index="0">
              <value>
                <![CDATA[https://aimood-stage1.intary.net/en/white-paper]]>
              </value>
            </param>
            <param index="1">
              <value>
                <![CDATA[Screenshots_St1/]]>
              </value>
            </param>
          </params>
          <reporter-output>
          </reporter-output>
        </test-method> <!-- mainBlockWhitePaperPage -->
        <test-method is-config="true" signature="setUp()[pri:0, instance:tests.whitePaper.WhitePaperChromeTests@6f204a1a]" started-at="2023-09-29T17:24:49 EEST" name="setUp" finished-at="2023-09-29T17:24:49 EEST" duration-ms="0" status="PASS">
          <reporter-output>
          </reporter-output>
        </test-method> <!-- setUp -->
        <test-method signature="EweuimtPage(java.lang.String,java.lang.String)[pri:6, instance:tests.whitePaper.WhitePaperChromeTests@6f204a1a]" started-at="2023-09-29T17:24:55 EEST" name="EweuimtPage" finished-at="2023-09-29T17:25:02 EEST" duration-ms="6710" status="PASS">
          <params>
            <param index="0">
              <value>
                <![CDATA[https://aimood-stage1.intary.net/en/white-paper]]>
              </value>
            </param>
            <param index="1">
              <value>
                <![CDATA[Screenshots_St1/]]>
              </value>
            </param>
          </params>
          <reporter-output>
          </reporter-output>
        </test-method> <!-- EweuimtPage -->
        <test-method is-config="true" signature="setUp()[pri:0, instance:tests.whitePaper.WhitePaperChromeTests@6f204a1a]" started-at="2023-09-29T17:24:55 EEST" name="setUp" finished-at="2023-09-29T17:24:55 EEST" duration-ms="0" status="PASS">
          <reporter-output>
          </reporter-output>
        </test-method> <!-- setUp -->
        <test-method signature="allFooterWhitePaperPage(java.lang.String,java.lang.String)[pri:7, instance:tests.whitePaper.WhitePaperChromeTests@6f204a1a]" started-at="2023-09-29T17:25:02 EEST" name="allFooterWhitePaperPage" finished-at="2023-09-29T17:25:08 EEST" duration-ms="6336" status="PASS">
          <params>
            <param index="0">
              <value>
                <![CDATA[https://aimood-stage1.intary.net/en/white-paper]]>
              </value>
            </param>
            <param index="1">
              <value>
                <![CDATA[Screenshots_St1/]]>
              </value>
            </param>
          </params>
          <reporter-output>
          </reporter-output>
        </test-method> <!-- allFooterWhitePaperPage -->
        <test-method is-config="true" signature="setUp()[pri:0, instance:tests.whitePaper.WhitePaperChromeTests@6f204a1a]" started-at="2023-09-29T17:25:02 EEST" name="setUp" finished-at="2023-09-29T17:25:02 EEST" duration-ms="0" status="PASS">
          <reporter-output>
          </reporter-output>
        </test-method> <!-- setUp -->
        <test-method is-config="true" signature="tearDown()[pri:0, instance:tests.whitePaper.WhitePaperChromeTests@6f204a1a]" started-at="2023-09-29T17:25:08 EEST" name="tearDown" finished-at="2023-09-29T17:25:09 EEST" duration-ms="653" status="PASS">
          <reporter-output>
          </reporter-output>
        </test-method> <!-- tearDown -->
      </class> <!-- tests.whitePaper.WhitePaperChromeTests -->
    </test> <!-- ai-mood - Pixel perfect regression -->
  </suite> <!-- WPT -->
</testng-results>
