<?xml version="1.0" encoding="UTF-8"?>
<testng-results retried="7" ignored="7" total="212" passed="196" failed="2" skipped="0">
  <reporter-output>
  </reporter-output>
  <suite started-at="2023-09-19T11:25:40 EEST" name="WPT" finished-at="2023-09-19T11:49:25 EEST" duration-ms="1424978">
    <groups>
    </groups>
    <test started-at="2023-09-19T11:25:40 EEST" name="ai-mood - Pixel perfect regression" finished-at="2023-09-19T11:49:25 EEST" duration-ms="1424978">
      <class name="tests.marketPlacePageTests.AllPageFirefoxTests">
        <test-method is-config="true" signature="setUp()[pri:0, instance:tests.marketPlacePageTests.AllPageFirefoxTests@8462f31]" started-at="2023-09-19T11:28:29 EEST" name="setUp" finished-at="2023-09-19T11:28:32 EEST" duration-ms="2426" status="PASS">
          <reporter-output>
          </reporter-output>
        </test-method> <!-- setUp -->
        <test-method signature="allHeaderMarketPlacePage(java.lang.String,java.lang.String)[pri:1, instance:tests.marketPlacePageTests.AllPageFirefoxTests@8462f31]" started-at="2023-09-19T11:28:32 EEST" name="allHeaderMarketPlacePage" finished-at="2023-09-19T11:28:42 EEST" duration-ms="10664" status="PASS">
          <params>
            <param index="0">
              <value>
                <![CDATA[https://ai-mood.com/en/market-place]]>
              </value>
            </param>
            <param index="1">
              <value>
                <![CDATA[Screenshots/]]>
              </value>
            </param>
          </params>
          <reporter-output>
          </reporter-output>
        </test-method> <!-- allHeaderMarketPlacePage -->
        <test-method signature="getStartedHeaderMarketPlacePage(java.lang.String,java.lang.String)[pri:2, instance:tests.marketPlacePageTests.AllPageFirefoxTests@8462f31]" started-at="2023-09-19T11:28:42 EEST" name="getStartedHeaderMarketPlacePage" finished-at="2023-09-19T11:28:48 EEST" duration-ms="6013" status="PASS">
          <params>
            <param index="0">
              <value>
                <![CDATA[https://ai-mood.com/en/market-place]]>
              </value>
            </param>
            <param index="1">
              <value>
                <![CDATA[Screenshots/]]>
              </value>
            </param>
          </params>
          <reporter-output>
          </reporter-output>
        </test-method> <!-- getStartedHeaderMarketPlacePage -->
        <test-method is-config="true" signature="setUp()[pri:0, instance:tests.marketPlacePageTests.AllPageFirefoxTests@8462f31]" started-at="2023-09-19T11:28:42 EEST" name="setUp" finished-at="2023-09-19T11:28:42 EEST" duration-ms="0" status="PASS">
          <reporter-output>
          </reporter-output>
        </test-method> <!-- setUp -->
        <test-method signature="learnHeaderMarketPlacePage(java.lang.String,java.lang.String)[pri:3, instance:tests.marketPlacePageTests.AllPageFirefoxTests@8462f31]" started-at="2023-09-19T11:28:48 EEST" name="learnHeaderMarketPlacePage" finished-at="2023-09-19T11:28:54 EEST" duration-ms="5963" status="PASS">
          <params>
            <param index="0">
              <value>
                <![CDATA[https://ai-mood.com/en/market-place]]>
              </value>
            </param>
            <param index="1">
              <value>
                <![CDATA[Screenshots/]]>
              </value>
            </param>
          </params>
          <reporter-output>
          </reporter-output>
        </test-method> <!-- learnHeaderMarketPlacePage -->
        <test-method is-config="true" signature="setUp()[pri:0, instance:tests.marketPlacePageTests.AllPageFirefoxTests@8462f31]" started-at="2023-09-19T11:28:48 EEST" name="setUp" finished-at="2023-09-19T11:28:48 EEST" duration-ms="0" status="PASS">
          <reporter-output>
          </reporter-output>
        </test-method> <!-- setUp -->
        <test-method signature="resourcesHeaderMarketPlacePage(java.lang.String,java.lang.String)[pri:4, instance:tests.marketPlacePageTests.AllPageFirefoxTests@8462f31]" started-at="2023-09-19T11:28:54 EEST" name="resourcesHeaderMarketPlacePage" finished-at="2023-09-19T11:29:00 EEST" duration-ms="6040" status="PASS">
          <params>
            <param index="0">
              <value>
                <![CDATA[https://ai-mood.com/en/market-place]]>
              </value>
            </param>
            <param index="1">
              <value>
                <![CDATA[Screenshots/]]>
              </value>
            </param>
          </params>
          <reporter-output>
          </reporter-output>
        </test-method> <!-- resourcesHeaderMarketPlacePage -->
        <test-method is-config="true" signature="setUp()[pri:0, instance:tests.marketPlacePageTests.AllPageFirefoxTests@8462f31]" started-at="2023-09-19T11:28:54 EEST" name="setUp" finished-at="2023-09-19T11:28:54 EEST" duration-ms="0" status="PASS">
          <reporter-output>
          </reporter-output>
        </test-method> <!-- setUp -->
        <test-method signature="mainSectionMarketPlacePage(java.lang.String,java.lang.String)[pri:6, instance:tests.marketPlacePageTests.AllPageFirefoxTests@8462f31]" started-at="2023-09-19T11:29:00 EEST" name="mainSectionMarketPlacePage" finished-at="2023-09-19T11:29:07 EEST" duration-ms="6959" status="PASS">
          <params>
            <param index="0">
              <value>
                <![CDATA[https://ai-mood.com/en/market-place]]>
              </value>
            </param>
            <param index="1">
              <value>
                <![CDATA[Screenshots/]]>
              </value>
            </param>
          </params>
          <reporter-output>
          </reporter-output>
        </test-method> <!-- mainSectionMarketPlacePage -->
        <test-method is-config="true" signature="setUp()[pri:0, instance:tests.marketPlacePageTests.AllPageFirefoxTests@8462f31]" started-at="2023-09-19T11:29:00 EEST" name="setUp" finished-at="2023-09-19T11:29:00 EEST" duration-ms="0" status="PASS">
          <reporter-output>
          </reporter-output>
        </test-method> <!-- setUp -->
        <test-method signature="statisticsSectionMarketPlacePage(java.lang.String,java.lang.String)[pri:7, instance:tests.marketPlacePageTests.AllPageFirefoxTests@8462f31]" started-at="2023-09-19T11:29:07 EEST" name="statisticsSectionMarketPlacePage" finished-at="2023-09-19T11:29:14 EEST" duration-ms="6301" status="PASS">
          <params>
            <param index="0">
              <value>
                <![CDATA[https://ai-mood.com/en/market-place]]>
              </value>
            </param>
            <param index="1">
              <value>
                <![CDATA[Screenshots/]]>
              </value>
            </param>
          </params>
          <reporter-output>
          </reporter-output>
        </test-method> <!-- statisticsSectionMarketPlacePage -->
        <test-method is-config="true" signature="setUp()[pri:0, instance:tests.marketPlacePageTests.AllPageFirefoxTests@8462f31]" started-at="2023-09-19T11:29:07 EEST" name="setUp" finished-at="2023-09-19T11:29:07 EEST" duration-ms="0" status="PASS">
          <reporter-output>
          </reporter-output>
        </test-method> <!-- setUp -->
        <test-method signature="allFooterMarketPlacePage(java.lang.String,java.lang.String)[pri:8, instance:tests.marketPlacePageTests.AllPageFirefoxTests@8462f31]" started-at="2023-09-19T11:29:14 EEST" name="allFooterMarketPlacePage" finished-at="2023-09-19T11:29:20 EEST" duration-ms="5966" status="PASS">
          <params>
            <param index="0">
              <value>
                <![CDATA[https://ai-mood.com/en/market-place]]>
              </value>
            </param>
            <param index="1">
              <value>
                <![CDATA[Screenshots/]]>
              </value>
            </param>
          </params>
          <reporter-output>
          </reporter-output>
        </test-method> <!-- allFooterMarketPlacePage -->
        <test-method is-config="true" signature="setUp()[pri:0, instance:tests.marketPlacePageTests.AllPageFirefoxTests@8462f31]" started-at="2023-09-19T11:29:14 EEST" name="setUp" finished-at="2023-09-19T11:29:14 EEST" duration-ms="0" status="PASS">
          <reporter-output>
          </reporter-output>
        </test-method> <!-- setUp -->
        <test-method is-config="true" signature="tearDown()[pri:0, instance:tests.marketPlacePageTests.AllPageFirefoxTests@8462f31]" started-at="2023-09-19T11:29:20 EEST" name="tearDown" finished-at="2023-09-19T11:29:21 EEST" duration-ms="1669" status="PASS">
          <reporter-output>
          </reporter-output>
        </test-method> <!-- tearDown -->
      </class> <!-- tests.marketPlacePageTests.AllPageFirefoxTests -->
      <class name="tests.resetPasswordPage2Tests.AllPageFirefoxTests">
        <test-method is-config="true" signature="setUp()[pri:0, instance:tests.resetPasswordPage2Tests.AllPageFirefoxTests@6d60fe40]" started-at="2023-09-19T11:44:45 EEST" name="setUp" finished-at="2023-09-19T11:44:47 EEST" duration-ms="2599" status="PASS">
          <reporter-output>
          </reporter-output>
        </test-method> <!-- setUp -->
        <test-method signature="allHeaderResetPasswordPage2(java.lang.String,java.lang.String)[pri:1, instance:tests.resetPasswordPage2Tests.AllPageFirefoxTests@6d60fe40]" started-at="2023-09-19T11:44:47 EEST" name="allHeaderResetPasswordPage2" finished-at="2023-09-19T11:44:56 EEST" duration-ms="8548" status="PASS">
          <params>
            <param index="0">
              <value>
                <![CDATA[https://ai-mood.com/en/reset-password-2]]>
              </value>
            </param>
            <param index="1">
              <value>
                <![CDATA[Screenshots/]]>
              </value>
            </param>
          </params>
          <reporter-output>
          </reporter-output>
        </test-method> <!-- allHeaderResetPasswordPage2 -->
        <test-method signature="getStartedHeaderResetPasswordPage2(java.lang.String,java.lang.String)[pri:2, instance:tests.resetPasswordPage2Tests.AllPageFirefoxTests@6d60fe40]" started-at="2023-09-19T11:44:56 EEST" name="getStartedHeaderResetPasswordPage2" finished-at="2023-09-19T11:45:01 EEST" duration-ms="5133" status="PASS">
          <params>
            <param index="0">
              <value>
                <![CDATA[https://ai-mood.com/en/reset-password-2]]>
              </value>
            </param>
            <param index="1">
              <value>
                <![CDATA[Screenshots/]]>
              </value>
            </param>
          </params>
          <reporter-output>
          </reporter-output>
        </test-method> <!-- getStartedHeaderResetPasswordPage2 -->
        <test-method is-config="true" signature="setUp()[pri:0, instance:tests.resetPasswordPage2Tests.AllPageFirefoxTests@6d60fe40]" started-at="2023-09-19T11:44:56 EEST" name="setUp" finished-at="2023-09-19T11:44:56 EEST" duration-ms="0" status="PASS">
          <reporter-output>
          </reporter-output>
        </test-method> <!-- setUp -->
        <test-method signature="learnHeaderResetPasswordPage2(java.lang.String,java.lang.String)[pri:3, instance:tests.resetPasswordPage2Tests.AllPageFirefoxTests@6d60fe40]" started-at="2023-09-19T11:45:01 EEST" name="learnHeaderResetPasswordPage2" finished-at="2023-09-19T11:45:06 EEST" duration-ms="5102" status="PASS">
          <params>
            <param index="0">
              <value>
                <![CDATA[https://ai-mood.com/en/reset-password-2]]>
              </value>
            </param>
            <param index="1">
              <value>
                <![CDATA[Screenshots/]]>
              </value>
            </param>
          </params>
          <reporter-output>
          </reporter-output>
        </test-method> <!-- learnHeaderResetPasswordPage2 -->
        <test-method is-config="true" signature="setUp()[pri:0, instance:tests.resetPasswordPage2Tests.AllPageFirefoxTests@6d60fe40]" started-at="2023-09-19T11:45:01 EEST" name="setUp" finished-at="2023-09-19T11:45:01 EEST" duration-ms="0" status="PASS">
          <reporter-output>
          </reporter-output>
        </test-method> <!-- setUp -->
        <test-method signature="resourcesHeaderResetPasswordPage2(java.lang.String,java.lang.String)[pri:4, instance:tests.resetPasswordPage2Tests.AllPageFirefoxTests@6d60fe40]" started-at="2023-09-19T11:45:06 EEST" name="resourcesHeaderResetPasswordPage2" finished-at="2023-09-19T11:45:11 EEST" duration-ms="5134" status="PASS">
          <params>
            <param index="0">
              <value>
                <![CDATA[https://ai-mood.com/en/reset-password-2]]>
              </value>
            </param>
            <param index="1">
              <value>
                <![CDATA[Screenshots/]]>
              </value>
            </param>
          </params>
          <reporter-output>
          </reporter-output>
        </test-method> <!-- resourcesHeaderResetPasswordPage2 -->
        <test-method is-config="true" signature="setUp()[pri:0, instance:tests.resetPasswordPage2Tests.AllPageFirefoxTests@6d60fe40]" started-at="2023-09-19T11:45:06 EEST" name="setUp" finished-at="2023-09-19T11:45:06 EEST" duration-ms="0" status="PASS">
          <reporter-output>
          </reporter-output>
        </test-method> <!-- setUp -->
        <test-method retried="true" signature="mainSectionResetPasswordPage2(java.lang.String,java.lang.String)[pri:6, instance:tests.resetPasswordPage2Tests.AllPageFirefoxTests@6d60fe40]" started-at="2023-09-19T11:45:11 EEST" name="mainSectionResetPasswordPage2" finished-at="2023-09-19T11:45:18 EEST" duration-ms="6716" status="SKIP">
          <params>
            <param index="0">
              <value>
                <![CDATA[https://ai-mood.com/en/reset-password-2]]>
              </value>
            </param>
            <param index="1">
              <value>
                <![CDATA[Screenshots/]]>
              </value>
            </param>
          </params>
          <exception class="java.lang.AssertionError">
            <message>
              <![CDATA[*** Images are not similar *** expected [true] but found [false]]]>
            </message>
            <full-stacktrace>
              <![CDATA[java.lang.AssertionError: *** Images are not similar *** expected [true] but found [false]
at org.testng.Assert.fail(Assert.java:111)
at org.testng.Assert.failNotEquals(Assert.java:1578)
at org.testng.Assert.assertTrue(Assert.java:57)
at pages.pixel_perfect.PixelPerfectAssert.byElement(PixelPerfectAssert.java:109)
at tests.resetPasswordPage2Tests.AllPageFirefoxTests.mainSectionResetPasswordPage2(AllPageFirefoxTests.java:116)
at java.base/jdk.internal.reflect.NativeMethodAccessorImpl.invoke0(Native Method)
at java.base/jdk.internal.reflect.NativeMethodAccessorImpl.invoke(NativeMethodAccessorImpl.java:62)
at java.base/jdk.internal.reflect.DelegatingMethodAccessorImpl.invoke(DelegatingMethodAccessorImpl.java:43)
at java.base/java.lang.reflect.Method.invoke(Method.java:566)
at org.testng.internal.invokers.MethodInvocationHelper.invokeMethod(MethodInvocationHelper.java:139)
at org.testng.internal.invokers.TestInvoker.invokeMethod(TestInvoker.java:664)
at org.testng.internal.invokers.TestInvoker.invokeTestMethod(TestInvoker.java:227)
at org.testng.internal.invokers.MethodRunner.runInSequence(MethodRunner.java:50)
at org.testng.internal.invokers.TestInvoker$MethodInvocationAgent.invoke(TestInvoker.java:957)
at org.testng.internal.invokers.TestInvoker.invokeTestMethods(TestInvoker.java:200)
at org.testng.internal.invokers.TestMethodWorker.invokeTestMethods(TestMethodWorker.java:148)
at org.testng.internal.invokers.TestMethodWorker.run(TestMethodWorker.java:128)
at java.base/java.util.ArrayList.forEach(ArrayList.java:1540)
at org.testng.TestRunner.privateRun(TestRunner.java:848)
at org.testng.TestRunner.run(TestRunner.java:621)
at org.testng.SuiteRunner.runTest(SuiteRunner.java:443)
at org.testng.SuiteRunner.runSequentially(SuiteRunner.java:437)
at org.testng.SuiteRunner.privateRun(SuiteRunner.java:397)
at org.testng.SuiteRunner.run(SuiteRunner.java:336)
at org.testng.SuiteRunnerWorker.runSuite(SuiteRunnerWorker.java:52)
at org.testng.SuiteRunnerWorker.run(SuiteRunnerWorker.java:95)
at org.testng.TestNG.runSuitesSequentially(TestNG.java:1280)
at org.testng.TestNG.runSuitesLocally(TestNG.java:1200)
at org.testng.TestNG.runSuites(TestNG.java:1114)
at org.testng.TestNG.run(TestNG.java:1082)
at org.apache.maven.surefire.testng.TestNGExecutor.run(TestNGExecutor.java:284)
at org.apache.maven.surefire.testng.TestNGXmlTestSuite.execute(TestNGXmlTestSuite.java:75)
at org.apache.maven.surefire.testng.TestNGProvider.invoke(TestNGProvider.java:119)
at org.apache.maven.surefire.booter.ForkedBooter.runSuitesInProcess(ForkedBooter.java:428)
at org.apache.maven.surefire.booter.ForkedBooter.execute(ForkedBooter.java:162)
at org.apache.maven.surefire.booter.ForkedBooter.run(ForkedBooter.java:562)
at org.apache.maven.surefire.booter.ForkedBooter.main(ForkedBooter.java:548)
]]>
            </full-stacktrace>
          </exception> <!-- java.lang.AssertionError -->
          <reporter-output>
          </reporter-output>
        </test-method> <!-- mainSectionResetPasswordPage2 -->
        <test-method is-config="true" signature="setUp()[pri:0, instance:tests.resetPasswordPage2Tests.AllPageFirefoxTests@6d60fe40]" started-at="2023-09-19T11:45:11 EEST" name="setUp" finished-at="2023-09-19T11:45:11 EEST" duration-ms="0" status="PASS">
          <reporter-output>
          </reporter-output>
        </test-method> <!-- setUp -->
        <test-method is-config="true" signature="setUp()[pri:0, instance:tests.resetPasswordPage2Tests.AllPageFirefoxTests@6d60fe40]" started-at="2023-09-19T11:45:18 EEST" name="setUp" finished-at="2023-09-19T11:45:18 EEST" duration-ms="1" status="PASS">
          <reporter-output>
          </reporter-output>
        </test-method> <!-- setUp -->
        <test-method retried="true" signature="mainSectionResetPasswordPage2(java.lang.String,java.lang.String)[pri:6, instance:tests.resetPasswordPage2Tests.AllPageFirefoxTests@6d60fe40]" started-at="2023-09-19T11:45:18 EEST" name="mainSectionResetPasswordPage2" finished-at="2023-09-19T11:45:25 EEST" duration-ms="6748" status="SKIP">
          <params>
            <param index="0">
              <value>
                <![CDATA[https://ai-mood.com/en/reset-password-2]]>
              </value>
            </param>
            <param index="1">
              <value>
                <![CDATA[Screenshots/]]>
              </value>
            </param>
          </params>
          <exception class="java.lang.AssertionError">
            <message>
              <![CDATA[*** Images are not similar *** expected [true] but found [false]]]>
            </message>
            <full-stacktrace>
              <![CDATA[java.lang.AssertionError: *** Images are not similar *** expected [true] but found [false]
at org.testng.Assert.fail(Assert.java:111)
at org.testng.Assert.failNotEquals(Assert.java:1578)
at org.testng.Assert.assertTrue(Assert.java:57)
at pages.pixel_perfect.PixelPerfectAssert.byElement(PixelPerfectAssert.java:109)
at tests.resetPasswordPage2Tests.AllPageFirefoxTests.mainSectionResetPasswordPage2(AllPageFirefoxTests.java:116)
at java.base/jdk.internal.reflect.NativeMethodAccessorImpl.invoke0(Native Method)
at java.base/jdk.internal.reflect.NativeMethodAccessorImpl.invoke(NativeMethodAccessorImpl.java:62)
at java.base/jdk.internal.reflect.DelegatingMethodAccessorImpl.invoke(DelegatingMethodAccessorImpl.java:43)
at java.base/java.lang.reflect.Method.invoke(Method.java:566)
at org.testng.internal.invokers.MethodInvocationHelper.invokeMethod(MethodInvocationHelper.java:139)
at org.testng.internal.invokers.TestInvoker.invokeMethod(TestInvoker.java:664)
at org.testng.internal.invokers.TestInvoker.retryFailed(TestInvoker.java:248)
at org.testng.internal.invokers.MethodRunner.runInSequence(MethodRunner.java:62)
at org.testng.internal.invokers.TestInvoker$MethodInvocationAgent.invoke(TestInvoker.java:957)
at org.testng.internal.invokers.TestInvoker.invokeTestMethods(TestInvoker.java:200)
at org.testng.internal.invokers.TestMethodWorker.invokeTestMethods(TestMethodWorker.java:148)
at org.testng.internal.invokers.TestMethodWorker.run(TestMethodWorker.java:128)
at java.base/java.util.ArrayList.forEach(ArrayList.java:1540)
at org.testng.TestRunner.privateRun(TestRunner.java:848)
at org.testng.TestRunner.run(TestRunner.java:621)
at org.testng.SuiteRunner.runTest(SuiteRunner.java:443)
at org.testng.SuiteRunner.runSequentially(SuiteRunner.java:437)
at org.testng.SuiteRunner.privateRun(SuiteRunner.java:397)
at org.testng.SuiteRunner.run(SuiteRunner.java:336)
at org.testng.SuiteRunnerWorker.runSuite(SuiteRunnerWorker.java:52)
at org.testng.SuiteRunnerWorker.run(SuiteRunnerWorker.java:95)
at org.testng.TestNG.runSuitesSequentially(TestNG.java:1280)
at org.testng.TestNG.runSuitesLocally(TestNG.java:1200)
at org.testng.TestNG.runSuites(TestNG.java:1114)
at org.testng.TestNG.run(TestNG.java:1082)
at org.apache.maven.surefire.testng.TestNGExecutor.run(TestNGExecutor.java:284)
at org.apache.maven.surefire.testng.TestNGXmlTestSuite.execute(TestNGXmlTestSuite.java:75)
at org.apache.maven.surefire.testng.TestNGProvider.invoke(TestNGProvider.java:119)
at org.apache.maven.surefire.booter.ForkedBooter.runSuitesInProcess(ForkedBooter.java:428)
at org.apache.maven.surefire.booter.ForkedBooter.execute(ForkedBooter.java:162)
at org.apache.maven.surefire.booter.ForkedBooter.run(ForkedBooter.java:562)
at org.apache.maven.surefire.booter.ForkedBooter.main(ForkedBooter.java:548)
]]>
            </full-stacktrace>
          </exception> <!-- java.lang.AssertionError -->
          <reporter-output>
          </reporter-output>
        </test-method> <!-- mainSectionResetPasswordPage2 -->
        <test-method signature="mainSectionResetPasswordPage2(java.lang.String,java.lang.String)[pri:6, instance:tests.resetPasswordPage2Tests.AllPageFirefoxTests@6d60fe40]" started-at="2023-09-19T11:45:25 EEST" name="mainSectionResetPasswordPage2" finished-at="2023-09-19T11:45:32 EEST" duration-ms="6698" status="FAIL">
          <params>
            <param index="0">
              <value>
                <![CDATA[https://ai-mood.com/en/reset-password-2]]>
              </value>
            </param>
            <param index="1">
              <value>
                <![CDATA[Screenshots/]]>
              </value>
            </param>
          </params>
          <exception class="java.lang.AssertionError">
            <message>
              <![CDATA[*** Images are not similar *** expected [true] but found [false]]]>
            </message>
            <full-stacktrace>
              <![CDATA[java.lang.AssertionError: *** Images are not similar *** expected [true] but found [false]
at org.testng.Assert.fail(Assert.java:111)
at org.testng.Assert.failNotEquals(Assert.java:1578)
at org.testng.Assert.assertTrue(Assert.java:57)
at pages.pixel_perfect.PixelPerfectAssert.byElement(PixelPerfectAssert.java:109)
at tests.resetPasswordPage2Tests.AllPageFirefoxTests.mainSectionResetPasswordPage2(AllPageFirefoxTests.java:116)
at java.base/jdk.internal.reflect.NativeMethodAccessorImpl.invoke0(Native Method)
at java.base/jdk.internal.reflect.NativeMethodAccessorImpl.invoke(NativeMethodAccessorImpl.java:62)
at java.base/jdk.internal.reflect.DelegatingMethodAccessorImpl.invoke(DelegatingMethodAccessorImpl.java:43)
at java.base/java.lang.reflect.Method.invoke(Method.java:566)
at org.testng.internal.invokers.MethodInvocationHelper.invokeMethod(MethodInvocationHelper.java:139)
at org.testng.internal.invokers.TestInvoker.invokeMethod(TestInvoker.java:664)
at org.testng.internal.invokers.TestInvoker.retryFailed(TestInvoker.java:248)
at org.testng.internal.invokers.MethodRunner.runInSequence(MethodRunner.java:62)
at org.testng.internal.invokers.TestInvoker$MethodInvocationAgent.invoke(TestInvoker.java:957)
at org.testng.internal.invokers.TestInvoker.invokeTestMethods(TestInvoker.java:200)
at org.testng.internal.invokers.TestMethodWorker.invokeTestMethods(TestMethodWorker.java:148)
at org.testng.internal.invokers.TestMethodWorker.run(TestMethodWorker.java:128)
at java.base/java.util.ArrayList.forEach(ArrayList.java:1540)
at org.testng.TestRunner.privateRun(TestRunner.java:848)
at org.testng.TestRunner.run(TestRunner.java:621)
at org.testng.SuiteRunner.runTest(SuiteRunner.java:443)
at org.testng.SuiteRunner.runSequentially(SuiteRunner.java:437)
at org.testng.SuiteRunner.privateRun(SuiteRunner.java:397)
at org.testng.SuiteRunner.run(SuiteRunner.java:336)
at org.testng.SuiteRunnerWorker.runSuite(SuiteRunnerWorker.java:52)
at org.testng.SuiteRunnerWorker.run(SuiteRunnerWorker.java:95)
at org.testng.TestNG.runSuitesSequentially(TestNG.java:1280)
at org.testng.TestNG.runSuitesLocally(TestNG.java:1200)
at org.testng.TestNG.runSuites(TestNG.java:1114)
at org.testng.TestNG.run(TestNG.java:1082)
at org.apache.maven.surefire.testng.TestNGExecutor.run(TestNGExecutor.java:284)
at org.apache.maven.surefire.testng.TestNGXmlTestSuite.execute(TestNGXmlTestSuite.java:75)
at org.apache.maven.surefire.testng.TestNGProvider.invoke(TestNGProvider.java:119)
at org.apache.maven.surefire.booter.ForkedBooter.runSuitesInProcess(ForkedBooter.java:428)
at org.apache.maven.surefire.booter.ForkedBooter.execute(ForkedBooter.java:162)
at org.apache.maven.surefire.booter.ForkedBooter.run(ForkedBooter.java:562)
at org.apache.maven.surefire.booter.ForkedBooter.main(ForkedBooter.java:548)
]]>
            </full-stacktrace>
          </exception> <!-- java.lang.AssertionError -->
          <reporter-output>
          </reporter-output>
        </test-method> <!-- mainSectionResetPasswordPage2 -->
        <test-method is-config="true" signature="setUp()[pri:0, instance:tests.resetPasswordPage2Tests.AllPageFirefoxTests@6d60fe40]" started-at="2023-09-19T11:45:25 EEST" name="setUp" finished-at="2023-09-19T11:45:25 EEST" duration-ms="0" status="PASS">
          <reporter-output>
          </reporter-output>
        </test-method> <!-- setUp -->
        <test-method signature="allFooterResetPasswordPage2(java.lang.String,java.lang.String)[pri:7, instance:tests.resetPasswordPage2Tests.AllPageFirefoxTests@6d60fe40]" started-at="2023-09-19T11:45:32 EEST" name="allFooterResetPasswordPage2" finished-at="2023-09-19T11:45:37 EEST" duration-ms="5915" status="PASS">
          <params>
            <param index="0">
              <value>
                <![CDATA[https://ai-mood.com/en/reset-password-2]]>
              </value>
            </param>
            <param index="1">
              <value>
                <![CDATA[Screenshots/]]>
              </value>
            </param>
          </params>
          <reporter-output>
          </reporter-output>
        </test-method> <!-- allFooterResetPasswordPage2 -->
        <test-method is-config="true" signature="setUp()[pri:0, instance:tests.resetPasswordPage2Tests.AllPageFirefoxTests@6d60fe40]" started-at="2023-09-19T11:45:32 EEST" name="setUp" finished-at="2023-09-19T11:45:32 EEST" duration-ms="0" status="PASS">
          <reporter-output>
          </reporter-output>
        </test-method> <!-- setUp -->
        <test-method is-config="true" signature="tearDown()[pri:0, instance:tests.resetPasswordPage2Tests.AllPageFirefoxTests@6d60fe40]" started-at="2023-09-19T11:45:37 EEST" name="tearDown" finished-at="2023-09-19T11:45:39 EEST" duration-ms="1588" status="PASS">
          <reporter-output>
          </reporter-output>
        </test-method> <!-- tearDown -->
      </class> <!-- tests.resetPasswordPage2Tests.AllPageFirefoxTests -->
      <class name="tests.signInPageTests.AllPageChromeTests">
        <test-method is-config="true" signature="setUp()[pri:0, instance:tests.signInPageTests.AllPageChromeTests@19932c16]" started-at="2023-09-19T11:47:12 EEST" name="setUp" finished-at="2023-09-19T11:47:13 EEST" duration-ms="799" status="PASS">
          <reporter-output>
          </reporter-output>
        </test-method> <!-- setUp -->
        <test-method signature="allHeaderSignInPage(java.lang.String,java.lang.String)[pri:1, instance:tests.signInPageTests.AllPageChromeTests@19932c16]" started-at="2023-09-19T11:47:13 EEST" name="allHeaderSignInPage" finished-at="2023-09-19T11:47:21 EEST" duration-ms="8359" status="PASS">
          <params>
            <param index="0">
              <value>
                <![CDATA[https://ai-mood.com/en/login]]>
              </value>
            </param>
            <param index="1">
              <value>
                <![CDATA[Screenshots/]]>
              </value>
            </param>
          </params>
          <reporter-output>
          </reporter-output>
        </test-method> <!-- allHeaderSignInPage -->
        <test-method signature="getStartedHeaderSignInPage(java.lang.String,java.lang.String)[pri:2, instance:tests.signInPageTests.AllPageChromeTests@19932c16]" started-at="2023-09-19T11:47:21 EEST" name="getStartedHeaderSignInPage" finished-at="2023-09-19T11:47:27 EEST" duration-ms="5348" status="PASS">
          <params>
            <param index="0">
              <value>
                <![CDATA[https://ai-mood.com/en/login]]>
              </value>
            </param>
            <param index="1">
              <value>
                <![CDATA[Screenshots/]]>
              </value>
            </param>
          </params>
          <reporter-output>
          </reporter-output>
        </test-method> <!-- getStartedHeaderSignInPage -->
        <test-method is-config="true" signature="setUp()[pri:0, instance:tests.signInPageTests.AllPageChromeTests@19932c16]" started-at="2023-09-19T11:47:21 EEST" name="setUp" finished-at="2023-09-19T11:47:21 EEST" duration-ms="0" status="PASS">
          <reporter-output>
          </reporter-output>
        </test-method> <!-- setUp -->
        <test-method signature="learnHeaderSignInPage(java.lang.String,java.lang.String)[pri:3, instance:tests.signInPageTests.AllPageChromeTests@19932c16]" started-at="2023-09-19T11:47:27 EEST" name="learnHeaderSignInPage" finished-at="2023-09-19T11:47:32 EEST" duration-ms="5247" status="PASS">
          <params>
            <param index="0">
              <value>
                <![CDATA[https://ai-mood.com/en/login]]>
              </value>
            </param>
            <param index="1">
              <value>
                <![CDATA[Screenshots/]]>
              </value>
            </param>
          </params>
          <reporter-output>
          </reporter-output>
        </test-method> <!-- learnHeaderSignInPage -->
        <test-method is-config="true" signature="setUp()[pri:0, instance:tests.signInPageTests.AllPageChromeTests@19932c16]" started-at="2023-09-19T11:47:27 EEST" name="setUp" finished-at="2023-09-19T11:47:27 EEST" duration-ms="0" status="PASS">
          <reporter-output>
          </reporter-output>
        </test-method> <!-- setUp -->
        <test-method signature="resourcesHeaderSignInPage(java.lang.String,java.lang.String)[pri:4, instance:tests.signInPageTests.AllPageChromeTests@19932c16]" started-at="2023-09-19T11:47:32 EEST" name="resourcesHeaderSignInPage" finished-at="2023-09-19T11:47:37 EEST" duration-ms="5257" status="PASS">
          <params>
            <param index="0">
              <value>
                <![CDATA[https://ai-mood.com/en/login]]>
              </value>
            </param>
            <param index="1">
              <value>
                <![CDATA[Screenshots/]]>
              </value>
            </param>
          </params>
          <reporter-output>
          </reporter-output>
        </test-method> <!-- resourcesHeaderSignInPage -->
        <test-method is-config="true" signature="setUp()[pri:0, instance:tests.signInPageTests.AllPageChromeTests@19932c16]" started-at="2023-09-19T11:47:32 EEST" name="setUp" finished-at="2023-09-19T11:47:32 EEST" duration-ms="0" status="PASS">
          <reporter-output>
          </reporter-output>
        </test-method> <!-- setUp -->
        <test-method signature="mainSectionSignInPage(java.lang.String,java.lang.String)[pri:6, instance:tests.signInPageTests.AllPageChromeTests@19932c16]" started-at="2023-09-19T11:47:37 EEST" name="mainSectionSignInPage" finished-at="2023-09-19T11:47:45 EEST" duration-ms="7208" status="PASS">
          <params>
            <param index="0">
              <value>
                <![CDATA[https://ai-mood.com/en/login]]>
              </value>
            </param>
            <param index="1">
              <value>
                <![CDATA[Screenshots/]]>
              </value>
            </param>
          </params>
          <reporter-output>
          </reporter-output>
        </test-method> <!-- mainSectionSignInPage -->
        <test-method is-config="true" signature="setUp()[pri:0, instance:tests.signInPageTests.AllPageChromeTests@19932c16]" started-at="2023-09-19T11:47:37 EEST" name="setUp" finished-at="2023-09-19T11:47:37 EEST" duration-ms="0" status="PASS">
          <reporter-output>
          </reporter-output>
        </test-method> <!-- setUp -->
        <test-method is-config="true" signature="setUp()[pri:0, instance:tests.signInPageTests.AllPageChromeTests@19932c16]" started-at="2023-09-19T11:47:45 EEST" name="setUp" finished-at="2023-09-19T11:47:45 EEST" duration-ms="1" status="PASS">
          <reporter-output>
          </reporter-output>
        </test-method> <!-- setUp -->
        <test-method signature="allFooterSignInPage(java.lang.String,java.lang.String)[pri:7, instance:tests.signInPageTests.AllPageChromeTests@19932c16]" started-at="2023-09-19T11:47:45 EEST" name="allFooterSignInPage" finished-at="2023-09-19T11:47:51 EEST" duration-ms="6166" status="PASS">
          <params>
            <param index="0">
              <value>
                <![CDATA[https://ai-mood.com/en/login]]>
              </value>
            </param>
            <param index="1">
              <value>
                <![CDATA[Screenshots/]]>
              </value>
            </param>
          </params>
          <reporter-output>
          </reporter-output>
        </test-method> <!-- allFooterSignInPage -->
        <test-method is-config="true" signature="tearDown()[pri:0, instance:tests.signInPageTests.AllPageChromeTests@19932c16]" started-at="2023-09-19T11:47:51 EEST" name="tearDown" finished-at="2023-09-19T11:47:51 EEST" duration-ms="643" status="PASS">
          <reporter-output>
          </reporter-output>
        </test-method> <!-- tearDown -->
      </class> <!-- tests.signInPageTests.AllPageChromeTests -->
      <class name="tests.walletPageTests.AllPageFirefoxTests">
        <test-method is-config="true" signature="setUp()[pri:0, instance:tests.walletPageTests.AllPageFirefoxTests@1033576a]" started-at="2023-09-19T11:35:55 EEST" name="setUp" finished-at="2023-09-19T11:35:57 EEST" duration-ms="2560" status="PASS">
          <reporter-output>
          </reporter-output>
        </test-method> <!-- setUp -->
        <test-method signature="allHeaderWalletPage(java.lang.String,java.lang.String)[pri:1, instance:tests.walletPageTests.AllPageFirefoxTests@1033576a]" started-at="2023-09-19T11:35:57 EEST" name="allHeaderWalletPage" finished-at="2023-09-19T11:36:08 EEST" duration-ms="10406" status="PASS">
          <params>
            <param index="0">
              <value>
                <![CDATA[https://ai-mood.com/en/the-aimood-wallet]]>
              </value>
            </param>
            <param index="1">
              <value>
                <![CDATA[Screenshots/]]>
              </value>
            </param>
          </params>
          <reporter-output>
          </reporter-output>
        </test-method> <!-- allHeaderWalletPage -->
        <test-method signature="getStartedHeaderWalletPage(java.lang.String,java.lang.String)[pri:2, instance:tests.walletPageTests.AllPageFirefoxTests@1033576a]" started-at="2023-09-19T11:36:08 EEST" name="getStartedHeaderWalletPage" finished-at="2023-09-19T11:36:13 EEST" duration-ms="5094" status="PASS">
          <params>
            <param index="0">
              <value>
                <![CDATA[https://ai-mood.com/en/the-aimood-wallet]]>
              </value>
            </param>
            <param index="1">
              <value>
                <![CDATA[Screenshots/]]>
              </value>
            </param>
          </params>
          <reporter-output>
          </reporter-output>
        </test-method> <!-- getStartedHeaderWalletPage -->
        <test-method is-config="true" signature="setUp()[pri:0, instance:tests.walletPageTests.AllPageFirefoxTests@1033576a]" started-at="2023-09-19T11:36:08 EEST" name="setUp" finished-at="2023-09-19T11:36:08 EEST" duration-ms="0" status="PASS">
          <reporter-output>
          </reporter-output>
        </test-method> <!-- setUp -->
        <test-method is-config="true" signature="setUp()[pri:0, instance:tests.walletPageTests.AllPageFirefoxTests@1033576a]" started-at="2023-09-19T11:36:13 EEST" name="setUp" finished-at="2023-09-19T11:36:13 EEST" duration-ms="0" status="PASS">
          <reporter-output>
          </reporter-output>
        </test-method> <!-- setUp -->
        <test-method signature="learnHeaderWalletPage(java.lang.String,java.lang.String)[pri:3, instance:tests.walletPageTests.AllPageFirefoxTests@1033576a]" started-at="2023-09-19T11:36:13 EEST" name="learnHeaderWalletPage" finished-at="2023-09-19T11:36:18 EEST" duration-ms="5085" status="PASS">
          <params>
            <param index="0">
              <value>
                <![CDATA[https://ai-mood.com/en/the-aimood-wallet]]>
              </value>
            </param>
            <param index="1">
              <value>
                <![CDATA[Screenshots/]]>
              </value>
            </param>
          </params>
          <reporter-output>
          </reporter-output>
        </test-method> <!-- learnHeaderWalletPage -->
        <test-method signature="resourcesHeaderWalletPage(java.lang.String,java.lang.String)[pri:4, instance:tests.walletPageTests.AllPageFirefoxTests@1033576a]" started-at="2023-09-19T11:36:18 EEST" name="resourcesHeaderWalletPage" finished-at="2023-09-19T11:36:23 EEST" duration-ms="5147" status="PASS">
          <params>
            <param index="0">
              <value>
                <![CDATA[https://ai-mood.com/en/the-aimood-wallet]]>
              </value>
            </param>
            <param index="1">
              <value>
                <![CDATA[Screenshots/]]>
              </value>
            </param>
          </params>
          <reporter-output>
          </reporter-output>
        </test-method> <!-- resourcesHeaderWalletPage -->
        <test-method is-config="true" signature="setUp()[pri:0, instance:tests.walletPageTests.AllPageFirefoxTests@1033576a]" started-at="2023-09-19T11:36:18 EEST" name="setUp" finished-at="2023-09-19T11:36:18 EEST" duration-ms="0" status="PASS">
          <reporter-output>
          </reporter-output>
        </test-method> <!-- setUp -->
        <test-method signature="mainSectionWalletPage(java.lang.String,java.lang.String)[pri:6, instance:tests.walletPageTests.AllPageFirefoxTests@1033576a]" started-at="2023-09-19T11:36:23 EEST" name="mainSectionWalletPage" finished-at="2023-09-19T11:36:29 EEST" duration-ms="5918" status="PASS">
          <params>
            <param index="0">
              <value>
                <![CDATA[https://ai-mood.com/en/the-aimood-wallet]]>
              </value>
            </param>
            <param index="1">
              <value>
                <![CDATA[Screenshots/]]>
              </value>
            </param>
          </params>
          <reporter-output>
          </reporter-output>
        </test-method> <!-- mainSectionWalletPage -->
        <test-method is-config="true" signature="setUp()[pri:0, instance:tests.walletPageTests.AllPageFirefoxTests@1033576a]" started-at="2023-09-19T11:36:23 EEST" name="setUp" finished-at="2023-09-19T11:36:23 EEST" duration-ms="0" status="PASS">
          <reporter-output>
          </reporter-output>
        </test-method> <!-- setUp -->
        <test-method signature="delegatedSectionWalletPage(java.lang.String,java.lang.String)[pri:7, instance:tests.walletPageTests.AllPageFirefoxTests@1033576a]" started-at="2023-09-19T11:36:29 EEST" name="delegatedSectionWalletPage" finished-at="2023-09-19T11:36:35 EEST" duration-ms="6221" status="PASS">
          <params>
            <param index="0">
              <value>
                <![CDATA[https://ai-mood.com/en/the-aimood-wallet]]>
              </value>
            </param>
            <param index="1">
              <value>
                <![CDATA[Screenshots/]]>
              </value>
            </param>
          </params>
          <reporter-output>
          </reporter-output>
        </test-method> <!-- delegatedSectionWalletPage -->
        <test-method is-config="true" signature="setUp()[pri:0, instance:tests.walletPageTests.AllPageFirefoxTests@1033576a]" started-at="2023-09-19T11:36:29 EEST" name="setUp" finished-at="2023-09-19T11:36:29 EEST" duration-ms="0" status="PASS">
          <reporter-output>
          </reporter-output>
        </test-method> <!-- setUp -->
        <test-method is-config="true" signature="setUp()[pri:0, instance:tests.walletPageTests.AllPageFirefoxTests@1033576a]" started-at="2023-09-19T11:36:35 EEST" name="setUp" finished-at="2023-09-19T11:36:35 EEST" duration-ms="1" status="PASS">
          <reporter-output>
          </reporter-output>
        </test-method> <!-- setUp -->
        <test-method signature="allFooterWalletPage(java.lang.String,java.lang.String)[pri:8, instance:tests.walletPageTests.AllPageFirefoxTests@1033576a]" started-at="2023-09-19T11:36:35 EEST" name="allFooterWalletPage" finished-at="2023-09-19T11:36:41 EEST" duration-ms="6005" status="PASS">
          <params>
            <param index="0">
              <value>
                <![CDATA[https://ai-mood.com/en/the-aimood-wallet]]>
              </value>
            </param>
            <param index="1">
              <value>
                <![CDATA[Screenshots/]]>
              </value>
            </param>
          </params>
          <reporter-output>
          </reporter-output>
        </test-method> <!-- allFooterWalletPage -->
        <test-method is-config="true" signature="tearDown()[pri:0, instance:tests.walletPageTests.AllPageFirefoxTests@1033576a]" started-at="2023-09-19T11:36:41 EEST" name="tearDown" finished-at="2023-09-19T11:36:43 EEST" duration-ms="1694" status="PASS">
          <reporter-output>
          </reporter-output>
        </test-method> <!-- tearDown -->
      </class> <!-- tests.walletPageTests.AllPageFirefoxTests -->
      <class name="tests.resetPasswordPage2Tests.AllPageChromeTests">
        <test-method is-config="true" signature="setUp()[pri:0, instance:tests.resetPasswordPage2Tests.AllPageChromeTests@792b749c]" started-at="2023-09-19T11:45:39 EEST" name="setUp" finished-at="2023-09-19T11:45:40 EEST" duration-ms="768" status="PASS">
          <reporter-output>
          </reporter-output>
        </test-method> <!-- setUp -->
        <test-method signature="allHeaderResetPasswordPage2(java.lang.String,java.lang.String)[pri:1, instance:tests.resetPasswordPage2Tests.AllPageChromeTests@792b749c]" started-at="2023-09-19T11:45:40 EEST" name="allHeaderResetPasswordPage2" finished-at="2023-09-19T11:45:48 EEST" duration-ms="8116" status="PASS">
          <params>
            <param index="0">
              <value>
                <![CDATA[https://ai-mood.com/en/reset-password-2]]>
              </value>
            </param>
            <param index="1">
              <value>
                <![CDATA[Screenshots/]]>
              </value>
            </param>
          </params>
          <reporter-output>
          </reporter-output>
        </test-method> <!-- allHeaderResetPasswordPage2 -->
        <test-method signature="getStartedHeaderResetPasswordPage2(java.lang.String,java.lang.String)[pri:2, instance:tests.resetPasswordPage2Tests.AllPageChromeTests@792b749c]" started-at="2023-09-19T11:45:48 EEST" name="getStartedHeaderResetPasswordPage2" finished-at="2023-09-19T11:45:53 EEST" duration-ms="5365" status="PASS">
          <params>
            <param index="0">
              <value>
                <![CDATA[https://ai-mood.com/en/reset-password-2]]>
              </value>
            </param>
            <param index="1">
              <value>
                <![CDATA[Screenshots/]]>
              </value>
            </param>
          </params>
          <reporter-output>
          </reporter-output>
        </test-method> <!-- getStartedHeaderResetPasswordPage2 -->
        <test-method is-config="true" signature="setUp()[pri:0, instance:tests.resetPasswordPage2Tests.AllPageChromeTests@792b749c]" started-at="2023-09-19T11:45:48 EEST" name="setUp" finished-at="2023-09-19T11:45:48 EEST" duration-ms="0" status="PASS">
          <reporter-output>
          </reporter-output>
        </test-method> <!-- setUp -->
        <test-method signature="learnHeaderResetPasswordPage2(java.lang.String,java.lang.String)[pri:3, instance:tests.resetPasswordPage2Tests.AllPageChromeTests@792b749c]" started-at="2023-09-19T11:45:53 EEST" name="learnHeaderResetPasswordPage2" finished-at="2023-09-19T11:45:58 EEST" duration-ms="5224" status="PASS">
          <params>
            <param index="0">
              <value>
                <![CDATA[https://ai-mood.com/en/reset-password-2]]>
              </value>
            </param>
            <param index="1">
              <value>
                <![CDATA[Screenshots/]]>
              </value>
            </param>
          </params>
          <reporter-output>
          </reporter-output>
        </test-method> <!-- learnHeaderResetPasswordPage2 -->
        <test-method is-config="true" signature="setUp()[pri:0, instance:tests.resetPasswordPage2Tests.AllPageChromeTests@792b749c]" started-at="2023-09-19T11:45:53 EEST" name="setUp" finished-at="2023-09-19T11:45:53 EEST" duration-ms="0" status="PASS">
          <reporter-output>
          </reporter-output>
        </test-method> <!-- setUp -->
        <test-method signature="resourcesHeaderResetPasswordPage2(java.lang.String,java.lang.String)[pri:4, instance:tests.resetPasswordPage2Tests.AllPageChromeTests@792b749c]" started-at="2023-09-19T11:45:58 EEST" name="resourcesHeaderResetPasswordPage2" finished-at="2023-09-19T11:46:04 EEST" duration-ms="5249" status="PASS">
          <params>
            <param index="0">
              <value>
                <![CDATA[https://ai-mood.com/en/reset-password-2]]>
              </value>
            </param>
            <param index="1">
              <value>
                <![CDATA[Screenshots/]]>
              </value>
            </param>
          </params>
          <reporter-output>
          </reporter-output>
        </test-method> <!-- resourcesHeaderResetPasswordPage2 -->
        <test-method is-config="true" signature="setUp()[pri:0, instance:tests.resetPasswordPage2Tests.AllPageChromeTests@792b749c]" started-at="2023-09-19T11:45:58 EEST" name="setUp" finished-at="2023-09-19T11:45:58 EEST" duration-ms="0" status="PASS">
          <reporter-output>
          </reporter-output>
        </test-method> <!-- setUp -->
        <test-method retried="true" signature="mainSectionResetPasswordPage2(java.lang.String,java.lang.String)[pri:6, instance:tests.resetPasswordPage2Tests.AllPageChromeTests@792b749c]" started-at="2023-09-19T11:46:04 EEST" name="mainSectionResetPasswordPage2" finished-at="2023-09-19T11:46:11 EEST" duration-ms="6854" status="SKIP">
          <params>
            <param index="0">
              <value>
                <![CDATA[https://ai-mood.com/en/reset-password-2]]>
              </value>
            </param>
            <param index="1">
              <value>
                <![CDATA[Screenshots/]]>
              </value>
            </param>
          </params>
          <exception class="java.lang.AssertionError">
            <message>
              <![CDATA[*** Images are not similar *** expected [true] but found [false]]]>
            </message>
            <full-stacktrace>
              <![CDATA[java.lang.AssertionError: *** Images are not similar *** expected [true] but found [false]
at org.testng.Assert.fail(Assert.java:111)
at org.testng.Assert.failNotEquals(Assert.java:1578)
at org.testng.Assert.assertTrue(Assert.java:57)
at pages.pixel_perfect.PixelPerfectAssert.byElement(PixelPerfectAssert.java:109)
at tests.resetPasswordPage2Tests.AllPageChromeTests.mainSectionResetPasswordPage2(AllPageChromeTests.java:116)
at java.base/jdk.internal.reflect.NativeMethodAccessorImpl.invoke0(Native Method)
at java.base/jdk.internal.reflect.NativeMethodAccessorImpl.invoke(NativeMethodAccessorImpl.java:62)
at java.base/jdk.internal.reflect.DelegatingMethodAccessorImpl.invoke(DelegatingMethodAccessorImpl.java:43)
at java.base/java.lang.reflect.Method.invoke(Method.java:566)
at org.testng.internal.invokers.MethodInvocationHelper.invokeMethod(MethodInvocationHelper.java:139)
at org.testng.internal.invokers.TestInvoker.invokeMethod(TestInvoker.java:664)
at org.testng.internal.invokers.TestInvoker.invokeTestMethod(TestInvoker.java:227)
at org.testng.internal.invokers.MethodRunner.runInSequence(MethodRunner.java:50)
at org.testng.internal.invokers.TestInvoker$MethodInvocationAgent.invoke(TestInvoker.java:957)
at org.testng.internal.invokers.TestInvoker.invokeTestMethods(TestInvoker.java:200)
at org.testng.internal.invokers.TestMethodWorker.invokeTestMethods(TestMethodWorker.java:148)
at org.testng.internal.invokers.TestMethodWorker.run(TestMethodWorker.java:128)
at java.base/java.util.ArrayList.forEach(ArrayList.java:1540)
at org.testng.TestRunner.privateRun(TestRunner.java:848)
at org.testng.TestRunner.run(TestRunner.java:621)
at org.testng.SuiteRunner.runTest(SuiteRunner.java:443)
at org.testng.SuiteRunner.runSequentially(SuiteRunner.java:437)
at org.testng.SuiteRunner.privateRun(SuiteRunner.java:397)
at org.testng.SuiteRunner.run(SuiteRunner.java:336)
at org.testng.SuiteRunnerWorker.runSuite(SuiteRunnerWorker.java:52)
at org.testng.SuiteRunnerWorker.run(SuiteRunnerWorker.java:95)
at org.testng.TestNG.runSuitesSequentially(TestNG.java:1280)
at org.testng.TestNG.runSuitesLocally(TestNG.java:1200)
at org.testng.TestNG.runSuites(TestNG.java:1114)
at org.testng.TestNG.run(TestNG.java:1082)
at org.apache.maven.surefire.testng.TestNGExecutor.run(TestNGExecutor.java:284)
at org.apache.maven.surefire.testng.TestNGXmlTestSuite.execute(TestNGXmlTestSuite.java:75)
at org.apache.maven.surefire.testng.TestNGProvider.invoke(TestNGProvider.java:119)
at org.apache.maven.surefire.booter.ForkedBooter.runSuitesInProcess(ForkedBooter.java:428)
at org.apache.maven.surefire.booter.ForkedBooter.execute(ForkedBooter.java:162)
at org.apache.maven.surefire.booter.ForkedBooter.run(ForkedBooter.java:562)
at org.apache.maven.surefire.booter.ForkedBooter.main(ForkedBooter.java:548)
]]>
            </full-stacktrace>
          </exception> <!-- java.lang.AssertionError -->
          <reporter-output>
          </reporter-output>
        </test-method> <!-- mainSectionResetPasswordPage2 -->
        <test-method is-config="true" signature="setUp()[pri:0, instance:tests.resetPasswordPage2Tests.AllPageChromeTests@792b749c]" started-at="2023-09-19T11:46:04 EEST" name="setUp" finished-at="2023-09-19T11:46:04 EEST" duration-ms="0" status="PASS">
          <reporter-output>
          </reporter-output>
        </test-method> <!-- setUp -->
        <test-method retried="true" signature="mainSectionResetPasswordPage2(java.lang.String,java.lang.String)[pri:6, instance:tests.resetPasswordPage2Tests.AllPageChromeTests@792b749c]" started-at="2023-09-19T11:46:11 EEST" name="mainSectionResetPasswordPage2" finished-at="2023-09-19T11:46:17 EEST" duration-ms="6887" status="SKIP">
          <params>
            <param index="0">
              <value>
                <![CDATA[https://ai-mood.com/en/reset-password-2]]>
              </value>
            </param>
            <param index="1">
              <value>
                <![CDATA[Screenshots/]]>
              </value>
            </param>
          </params>
          <exception class="java.lang.AssertionError">
            <message>
              <![CDATA[*** Images are not similar *** expected [true] but found [false]]]>
            </message>
            <full-stacktrace>
              <![CDATA[java.lang.AssertionError: *** Images are not similar *** expected [true] but found [false]
at org.testng.Assert.fail(Assert.java:111)
at org.testng.Assert.failNotEquals(Assert.java:1578)
at org.testng.Assert.assertTrue(Assert.java:57)
at pages.pixel_perfect.PixelPerfectAssert.byElement(PixelPerfectAssert.java:109)
at tests.resetPasswordPage2Tests.AllPageChromeTests.mainSectionResetPasswordPage2(AllPageChromeTests.java:116)
at java.base/jdk.internal.reflect.NativeMethodAccessorImpl.invoke0(Native Method)
at java.base/jdk.internal.reflect.NativeMethodAccessorImpl.invoke(NativeMethodAccessorImpl.java:62)
at java.base/jdk.internal.reflect.DelegatingMethodAccessorImpl.invoke(DelegatingMethodAccessorImpl.java:43)
at java.base/java.lang.reflect.Method.invoke(Method.java:566)
at org.testng.internal.invokers.MethodInvocationHelper.invokeMethod(MethodInvocationHelper.java:139)
at org.testng.internal.invokers.TestInvoker.invokeMethod(TestInvoker.java:664)
at org.testng.internal.invokers.TestInvoker.retryFailed(TestInvoker.java:248)
at org.testng.internal.invokers.MethodRunner.runInSequence(MethodRunner.java:62)
at org.testng.internal.invokers.TestInvoker$MethodInvocationAgent.invoke(TestInvoker.java:957)
at org.testng.internal.invokers.TestInvoker.invokeTestMethods(TestInvoker.java:200)
at org.testng.internal.invokers.TestMethodWorker.invokeTestMethods(TestMethodWorker.java:148)
at org.testng.internal.invokers.TestMethodWorker.run(TestMethodWorker.java:128)
at java.base/java.util.ArrayList.forEach(ArrayList.java:1540)
at org.testng.TestRunner.privateRun(TestRunner.java:848)
at org.testng.TestRunner.run(TestRunner.java:621)
at org.testng.SuiteRunner.runTest(SuiteRunner.java:443)
at org.testng.SuiteRunner.runSequentially(SuiteRunner.java:437)
at org.testng.SuiteRunner.privateRun(SuiteRunner.java:397)
at org.testng.SuiteRunner.run(SuiteRunner.java:336)
at org.testng.SuiteRunnerWorker.runSuite(SuiteRunnerWorker.java:52)
at org.testng.SuiteRunnerWorker.run(SuiteRunnerWorker.java:95)
at org.testng.TestNG.runSuitesSequentially(TestNG.java:1280)
at org.testng.TestNG.runSuitesLocally(TestNG.java:1200)
at org.testng.TestNG.runSuites(TestNG.java:1114)
at org.testng.TestNG.run(TestNG.java:1082)
at org.apache.maven.surefire.testng.TestNGExecutor.run(TestNGExecutor.java:284)
at org.apache.maven.surefire.testng.TestNGXmlTestSuite.execute(TestNGXmlTestSuite.java:75)
at org.apache.maven.surefire.testng.TestNGProvider.invoke(TestNGProvider.java:119)
at org.apache.maven.surefire.booter.ForkedBooter.runSuitesInProcess(ForkedBooter.java:428)
at org.apache.maven.surefire.booter.ForkedBooter.execute(ForkedBooter.java:162)
at org.apache.maven.surefire.booter.ForkedBooter.run(ForkedBooter.java:562)
at org.apache.maven.surefire.booter.ForkedBooter.main(ForkedBooter.java:548)
]]>
            </full-stacktrace>
          </exception> <!-- java.lang.AssertionError -->
          <reporter-output>
          </reporter-output>
        </test-method> <!-- mainSectionResetPasswordPage2 -->
        <test-method is-config="true" signature="setUp()[pri:0, instance:tests.resetPasswordPage2Tests.AllPageChromeTests@792b749c]" started-at="2023-09-19T11:46:11 EEST" name="setUp" finished-at="2023-09-19T11:46:11 EEST" duration-ms="0" status="PASS">
          <reporter-output>
          </reporter-output>
        </test-method> <!-- setUp -->
        <test-method signature="mainSectionResetPasswordPage2(java.lang.String,java.lang.String)[pri:6, instance:tests.resetPasswordPage2Tests.AllPageChromeTests@792b749c]" started-at="2023-09-19T11:46:17 EEST" name="mainSectionResetPasswordPage2" finished-at="2023-09-19T11:46:24 EEST" duration-ms="6901" status="FAIL">
          <params>
            <param index="0">
              <value>
                <![CDATA[https://ai-mood.com/en/reset-password-2]]>
              </value>
            </param>
            <param index="1">
              <value>
                <![CDATA[Screenshots/]]>
              </value>
            </param>
          </params>
          <exception class="java.lang.AssertionError">
            <message>
              <![CDATA[*** Images are not similar *** expected [true] but found [false]]]>
            </message>
            <full-stacktrace>
              <![CDATA[java.lang.AssertionError: *** Images are not similar *** expected [true] but found [false]
at org.testng.Assert.fail(Assert.java:111)
at org.testng.Assert.failNotEquals(Assert.java:1578)
at org.testng.Assert.assertTrue(Assert.java:57)
at pages.pixel_perfect.PixelPerfectAssert.byElement(PixelPerfectAssert.java:109)
at tests.resetPasswordPage2Tests.AllPageChromeTests.mainSectionResetPasswordPage2(AllPageChromeTests.java:116)
at java.base/jdk.internal.reflect.NativeMethodAccessorImpl.invoke0(Native Method)
at java.base/jdk.internal.reflect.NativeMethodAccessorImpl.invoke(NativeMethodAccessorImpl.java:62)
at java.base/jdk.internal.reflect.DelegatingMethodAccessorImpl.invoke(DelegatingMethodAccessorImpl.java:43)
at java.base/java.lang.reflect.Method.invoke(Method.java:566)
at org.testng.internal.invokers.MethodInvocationHelper.invokeMethod(MethodInvocationHelper.java:139)
at org.testng.internal.invokers.TestInvoker.invokeMethod(TestInvoker.java:664)
at org.testng.internal.invokers.TestInvoker.retryFailed(TestInvoker.java:248)
at org.testng.internal.invokers.MethodRunner.runInSequence(MethodRunner.java:62)
at org.testng.internal.invokers.TestInvoker$MethodInvocationAgent.invoke(TestInvoker.java:957)
at org.testng.internal.invokers.TestInvoker.invokeTestMethods(TestInvoker.java:200)
at org.testng.internal.invokers.TestMethodWorker.invokeTestMethods(TestMethodWorker.java:148)
at org.testng.internal.invokers.TestMethodWorker.run(TestMethodWorker.java:128)
at java.base/java.util.ArrayList.forEach(ArrayList.java:1540)
at org.testng.TestRunner.privateRun(TestRunner.java:848)
at org.testng.TestRunner.run(TestRunner.java:621)
at org.testng.SuiteRunner.runTest(SuiteRunner.java:443)
at org.testng.SuiteRunner.runSequentially(SuiteRunner.java:437)
at org.testng.SuiteRunner.privateRun(SuiteRunner.java:397)
at org.testng.SuiteRunner.run(SuiteRunner.java:336)
at org.testng.SuiteRunnerWorker.runSuite(SuiteRunnerWorker.java:52)
at org.testng.SuiteRunnerWorker.run(SuiteRunnerWorker.java:95)
at org.testng.TestNG.runSuitesSequentially(TestNG.java:1280)
at org.testng.TestNG.runSuitesLocally(TestNG.java:1200)
at org.testng.TestNG.runSuites(TestNG.java:1114)
at org.testng.TestNG.run(TestNG.java:1082)
at org.apache.maven.surefire.testng.TestNGExecutor.run(TestNGExecutor.java:284)
at org.apache.maven.surefire.testng.TestNGXmlTestSuite.execute(TestNGXmlTestSuite.java:75)
at org.apache.maven.surefire.testng.TestNGProvider.invoke(TestNGProvider.java:119)
at org.apache.maven.surefire.booter.ForkedBooter.runSuitesInProcess(ForkedBooter.java:428)
at org.apache.maven.surefire.booter.ForkedBooter.execute(ForkedBooter.java:162)
at org.apache.maven.surefire.booter.ForkedBooter.run(ForkedBooter.java:562)
at org.apache.maven.surefire.booter.ForkedBooter.main(ForkedBooter.java:548)
]]>
            </full-stacktrace>
          </exception> <!-- java.lang.AssertionError -->
          <reporter-output>
          </reporter-output>
        </test-method> <!-- mainSectionResetPasswordPage2 -->
        <test-method is-config="true" signature="setUp()[pri:0, instance:tests.resetPasswordPage2Tests.AllPageChromeTests@792b749c]" started-at="2023-09-19T11:46:17 EEST" name="setUp" finished-at="2023-09-19T11:46:17 EEST" duration-ms="0" status="PASS">
          <reporter-output>
          </reporter-output>
        </test-method> <!-- setUp -->
        <test-method signature="allFooterResetPasswordPage2(java.lang.String,java.lang.String)[pri:7, instance:tests.resetPasswordPage2Tests.AllPageChromeTests@792b749c]" started-at="2023-09-19T11:46:24 EEST" name="allFooterResetPasswordPage2" finished-at="2023-09-19T11:46:31 EEST" duration-ms="6181" status="PASS">
          <params>
            <param index="0">
              <value>
                <![CDATA[https://ai-mood.com/en/reset-password-2]]>
              </value>
            </param>
            <param index="1">
              <value>
                <![CDATA[Screenshots/]]>
              </value>
            </param>
          </params>
          <reporter-output>
          </reporter-output>
        </test-method> <!-- allFooterResetPasswordPage2 -->
        <test-method is-config="true" signature="setUp()[pri:0, instance:tests.resetPasswordPage2Tests.AllPageChromeTests@792b749c]" started-at="2023-09-19T11:46:24 EEST" name="setUp" finished-at="2023-09-19T11:46:24 EEST" duration-ms="0" status="PASS">
          <reporter-output>
          </reporter-output>
        </test-method> <!-- setUp -->
        <test-method is-config="true" signature="tearDown()[pri:0, instance:tests.resetPasswordPage2Tests.AllPageChromeTests@792b749c]" started-at="2023-09-19T11:46:31 EEST" name="tearDown" finished-at="2023-09-19T11:46:31 EEST" duration-ms="641" status="PASS">
          <reporter-output>
          </reporter-output>
        </test-method> <!-- tearDown -->
      </class> <!-- tests.resetPasswordPage2Tests.AllPageChromeTests -->
      <class name="tests.walletPageTests.AllPageChromeTests">
        <test-method is-config="true" signature="setUp()[pri:0, instance:tests.walletPageTests.AllPageChromeTests@303cf2ba]" started-at="2023-09-19T11:36:43 EEST" name="setUp" finished-at="2023-09-19T11:36:44 EEST" duration-ms="799" status="PASS">
          <reporter-output>
          </reporter-output>
        </test-method> <!-- setUp -->
        <test-method signature="allHeaderWalletPage(java.lang.String,java.lang.String)[pri:1, instance:tests.walletPageTests.AllPageChromeTests@303cf2ba]" started-at="2023-09-19T11:36:44 EEST" name="allHeaderWalletPage" finished-at="2023-09-19T11:36:51 EEST" duration-ms="7327" status="PASS">
          <params>
            <param index="0">
              <value>
                <![CDATA[https://ai-mood.com/en/the-aimood-wallet]]>
              </value>
            </param>
            <param index="1">
              <value>
                <![CDATA[Screenshots/]]>
              </value>
            </param>
          </params>
          <reporter-output>
          </reporter-output>
        </test-method> <!-- allHeaderWalletPage -->
        <test-method is-config="true" signature="setUp()[pri:0, instance:tests.walletPageTests.AllPageChromeTests@303cf2ba]" started-at="2023-09-19T11:36:51 EEST" name="setUp" finished-at="2023-09-19T11:36:51 EEST" duration-ms="0" status="PASS">
          <reporter-output>
          </reporter-output>
        </test-method> <!-- setUp -->
        <test-method signature="getStartedHeaderWalletPage(java.lang.String,java.lang.String)[pri:2, instance:tests.walletPageTests.AllPageChromeTests@303cf2ba]" started-at="2023-09-19T11:36:51 EEST" name="getStartedHeaderWalletPage" finished-at="2023-09-19T11:36:56 EEST" duration-ms="5344" status="PASS">
          <params>
            <param index="0">
              <value>
                <![CDATA[https://ai-mood.com/en/the-aimood-wallet]]>
              </value>
            </param>
            <param index="1">
              <value>
                <![CDATA[Screenshots/]]>
              </value>
            </param>
          </params>
          <reporter-output>
          </reporter-output>
        </test-method> <!-- getStartedHeaderWalletPage -->
        <test-method is-config="true" signature="setUp()[pri:0, instance:tests.walletPageTests.AllPageChromeTests@303cf2ba]" started-at="2023-09-19T11:36:56 EEST" name="setUp" finished-at="2023-09-19T11:36:56 EEST" duration-ms="0" status="PASS">
          <reporter-output>
          </reporter-output>
        </test-method> <!-- setUp -->
        <test-method signature="learnHeaderWalletPage(java.lang.String,java.lang.String)[pri:3, instance:tests.walletPageTests.AllPageChromeTests@303cf2ba]" started-at="2023-09-19T11:36:56 EEST" name="learnHeaderWalletPage" finished-at="2023-09-19T11:37:02 EEST" duration-ms="5243" status="PASS">
          <params>
            <param index="0">
              <value>
                <![CDATA[https://ai-mood.com/en/the-aimood-wallet]]>
              </value>
            </param>
            <param index="1">
              <value>
                <![CDATA[Screenshots/]]>
              </value>
            </param>
          </params>
          <reporter-output>
          </reporter-output>
        </test-method> <!-- learnHeaderWalletPage -->
        <test-method signature="resourcesHeaderWalletPage(java.lang.String,java.lang.String)[pri:4, instance:tests.walletPageTests.AllPageChromeTests@303cf2ba]" started-at="2023-09-19T11:37:02 EEST" name="resourcesHeaderWalletPage" finished-at="2023-09-19T11:37:07 EEST" duration-ms="5232" status="PASS">
          <params>
            <param index="0">
              <value>
                <![CDATA[https://ai-mood.com/en/the-aimood-wallet]]>
              </value>
            </param>
            <param index="1">
              <value>
                <![CDATA[Screenshots/]]>
              </value>
            </param>
          </params>
          <reporter-output>
          </reporter-output>
        </test-method> <!-- resourcesHeaderWalletPage -->
        <test-method is-config="true" signature="setUp()[pri:0, instance:tests.walletPageTests.AllPageChromeTests@303cf2ba]" started-at="2023-09-19T11:37:02 EEST" name="setUp" finished-at="2023-09-19T11:37:02 EEST" duration-ms="0" status="PASS">
          <reporter-output>
          </reporter-output>
        </test-method> <!-- setUp -->
        <test-method is-config="true" signature="setUp()[pri:0, instance:tests.walletPageTests.AllPageChromeTests@303cf2ba]" started-at="2023-09-19T11:37:07 EEST" name="setUp" finished-at="2023-09-19T11:37:07 EEST" duration-ms="1" status="PASS">
          <reporter-output>
          </reporter-output>
        </test-method> <!-- setUp -->
        <test-method signature="mainSectionWalletPage(java.lang.String,java.lang.String)[pri:6, instance:tests.walletPageTests.AllPageChromeTests@303cf2ba]" started-at="2023-09-19T11:37:07 EEST" name="mainSectionWalletPage" finished-at="2023-09-19T11:37:13 EEST" duration-ms="6234" status="PASS">
          <params>
            <param index="0">
              <value>
                <![CDATA[https://ai-mood.com/en/the-aimood-wallet]]>
              </value>
            </param>
            <param index="1">
              <value>
                <![CDATA[Screenshots/]]>
              </value>
            </param>
          </params>
          <reporter-output>
          </reporter-output>
        </test-method> <!-- mainSectionWalletPage -->
        <test-method is-config="true" signature="setUp()[pri:0, instance:tests.walletPageTests.AllPageChromeTests@303cf2ba]" started-at="2023-09-19T11:37:13 EEST" name="setUp" finished-at="2023-09-19T11:37:13 EEST" duration-ms="1" status="PASS">
          <reporter-output>
          </reporter-output>
        </test-method> <!-- setUp -->
        <test-method signature="delegatedSectionWalletPage(java.lang.String,java.lang.String)[pri:7, instance:tests.walletPageTests.AllPageChromeTests@303cf2ba]" started-at="2023-09-19T11:37:13 EEST" name="delegatedSectionWalletPage" finished-at="2023-09-19T11:37:20 EEST" duration-ms="6472" status="PASS">
          <params>
            <param index="0">
              <value>
                <![CDATA[https://ai-mood.com/en/the-aimood-wallet]]>
              </value>
            </param>
            <param index="1">
              <value>
                <![CDATA[Screenshots/]]>
              </value>
            </param>
          </params>
          <reporter-output>
          </reporter-output>
        </test-method> <!-- delegatedSectionWalletPage -->
        <test-method is-config="true" signature="setUp()[pri:0, instance:tests.walletPageTests.AllPageChromeTests@303cf2ba]" started-at="2023-09-19T11:37:20 EEST" name="setUp" finished-at="2023-09-19T11:37:20 EEST" duration-ms="1" status="PASS">
          <reporter-output>
          </reporter-output>
        </test-method> <!-- setUp -->
        <test-method signature="allFooterWalletPage(java.lang.String,java.lang.String)[pri:8, instance:tests.walletPageTests.AllPageChromeTests@303cf2ba]" started-at="2023-09-19T11:37:20 EEST" name="allFooterWalletPage" finished-at="2023-09-19T11:37:26 EEST" duration-ms="6189" status="PASS">
          <params>
            <param index="0">
              <value>
                <![CDATA[https://ai-mood.com/en/the-aimood-wallet]]>
              </value>
            </param>
            <param index="1">
              <value>
                <![CDATA[Screenshots/]]>
              </value>
            </param>
          </params>
          <reporter-output>
          </reporter-output>
        </test-method> <!-- allFooterWalletPage -->
        <test-method is-config="true" signature="tearDown()[pri:0, instance:tests.walletPageTests.AllPageChromeTests@303cf2ba]" started-at="2023-09-19T11:37:26 EEST" name="tearDown" finished-at="2023-09-19T11:37:26 EEST" duration-ms="638" status="PASS">
          <reporter-output>
          </reporter-output>
        </test-method> <!-- tearDown -->
      </class> <!-- tests.walletPageTests.AllPageChromeTests -->
      <class name="tests.WhatIsAimood.WhatIsAimoodChromeTests">
        <test-method is-config="true" signature="setUp()[pri:0, instance:tests.WhatIsAimood.WhatIsAimoodChromeTests@2b30a42c]" started-at="2023-09-19T11:41:32 EEST" name="setUp" finished-at="2023-09-19T11:41:33 EEST" duration-ms="781" status="PASS">
          <reporter-output>
          </reporter-output>
        </test-method> <!-- setUp -->
        <test-method signature="allHeaderWhatIsAimoodPage(java.lang.String,java.lang.String)[pri:1, instance:tests.WhatIsAimood.WhatIsAimoodChromeTests@2b30a42c]" started-at="2023-09-19T11:41:33 EEST" name="allHeaderWhatIsAimoodPage" finished-at="2023-09-19T11:41:42 EEST" duration-ms="9185" status="PASS">
          <params>
            <param index="0">
              <value>
                <![CDATA[https://ai-mood.com/en/what-is-aimood]]>
              </value>
            </param>
            <param index="1">
              <value>
                <![CDATA[Screenshots/]]>
              </value>
            </param>
          </params>
          <reporter-output>
          </reporter-output>
        </test-method> <!-- allHeaderWhatIsAimoodPage -->
        <test-method signature="getStartedHeaderWhatIsAimoodPage(java.lang.String,java.lang.String)[pri:2, instance:tests.WhatIsAimood.WhatIsAimoodChromeTests@2b30a42c]" started-at="2023-09-19T11:41:42 EEST" name="getStartedHeaderWhatIsAimoodPage" finished-at="2023-09-19T11:41:47 EEST" duration-ms="5340" status="PASS">
          <params>
            <param index="0">
              <value>
                <![CDATA[https://ai-mood.com/en/what-is-aimood]]>
              </value>
            </param>
            <param index="1">
              <value>
                <![CDATA[Screenshots/]]>
              </value>
            </param>
          </params>
          <reporter-output>
          </reporter-output>
        </test-method> <!-- getStartedHeaderWhatIsAimoodPage -->
        <test-method is-config="true" signature="setUp()[pri:0, instance:tests.WhatIsAimood.WhatIsAimoodChromeTests@2b30a42c]" started-at="2023-09-19T11:41:42 EEST" name="setUp" finished-at="2023-09-19T11:41:42 EEST" duration-ms="0" status="PASS">
          <reporter-output>
          </reporter-output>
        </test-method> <!-- setUp -->
        <test-method signature="learnHeaderWhatIsAimoodPage(java.lang.String,java.lang.String)[pri:3, instance:tests.WhatIsAimood.WhatIsAimoodChromeTests@2b30a42c]" started-at="2023-09-19T11:41:47 EEST" name="learnHeaderWhatIsAimoodPage" finished-at="2023-09-19T11:41:52 EEST" duration-ms="5287" status="PASS">
          <params>
            <param index="0">
              <value>
                <![CDATA[https://ai-mood.com/en/what-is-aimood]]>
              </value>
            </param>
            <param index="1">
              <value>
                <![CDATA[Screenshots/]]>
              </value>
            </param>
          </params>
          <reporter-output>
          </reporter-output>
        </test-method> <!-- learnHeaderWhatIsAimoodPage -->
        <test-method is-config="true" signature="setUp()[pri:0, instance:tests.WhatIsAimood.WhatIsAimoodChromeTests@2b30a42c]" started-at="2023-09-19T11:41:47 EEST" name="setUp" finished-at="2023-09-19T11:41:47 EEST" duration-ms="0" status="PASS">
          <reporter-output>
          </reporter-output>
        </test-method> <!-- setUp -->
        <test-method signature="resourcesHeaderWhatIsAimoodPage(java.lang.String,java.lang.String)[pri:4, instance:tests.WhatIsAimood.WhatIsAimoodChromeTests@2b30a42c]" started-at="2023-09-19T11:41:52 EEST" name="resourcesHeaderWhatIsAimoodPage" finished-at="2023-09-19T11:41:58 EEST" duration-ms="5253" status="PASS">
          <params>
            <param index="0">
              <value>
                <![CDATA[https://ai-mood.com/en/what-is-aimood]]>
              </value>
            </param>
            <param index="1">
              <value>
                <![CDATA[Screenshots/]]>
              </value>
            </param>
          </params>
          <reporter-output>
          </reporter-output>
        </test-method> <!-- resourcesHeaderWhatIsAimoodPage -->
        <test-method is-config="true" signature="setUp()[pri:0, instance:tests.WhatIsAimood.WhatIsAimoodChromeTests@2b30a42c]" started-at="2023-09-19T11:41:52 EEST" name="setUp" finished-at="2023-09-19T11:41:52 EEST" duration-ms="0" status="PASS">
          <reporter-output>
          </reporter-output>
        </test-method> <!-- setUp -->
        <test-method is-config="true" signature="setUp()[pri:0, instance:tests.WhatIsAimood.WhatIsAimoodChromeTests@2b30a42c]" started-at="2023-09-19T11:41:58 EEST" name="setUp" finished-at="2023-09-19T11:41:58 EEST" duration-ms="1" status="PASS">
          <reporter-output>
          </reporter-output>
        </test-method> <!-- setUp -->
        <test-method signature="mainBlockWhatIsAimoodPage(java.lang.String,java.lang.String)[pri:6, instance:tests.WhatIsAimood.WhatIsAimoodChromeTests@2b30a42c]" started-at="2023-09-19T11:41:58 EEST" name="mainBlockWhatIsAimoodPage" finished-at="2023-09-19T11:42:04 EEST" duration-ms="6216" status="PASS">
          <params>
            <param index="0">
              <value>
                <![CDATA[https://ai-mood.com/en/what-is-aimood]]>
              </value>
            </param>
            <param index="1">
              <value>
                <![CDATA[Screenshots/]]>
              </value>
            </param>
          </params>
          <reporter-output>
          </reporter-output>
        </test-method> <!-- mainBlockWhatIsAimoodPage -->
        <test-method is-config="true" signature="setUp()[pri:0, instance:tests.WhatIsAimood.WhatIsAimoodChromeTests@2b30a42c]" started-at="2023-09-19T11:42:04 EEST" name="setUp" finished-at="2023-09-19T11:42:04 EEST" duration-ms="1" status="PASS">
          <reporter-output>
          </reporter-output>
        </test-method> <!-- setUp -->
        <test-method signature="whyChooseWhatIsAimoodPage(java.lang.String,java.lang.String)[pri:7, instance:tests.WhatIsAimood.WhatIsAimoodChromeTests@2b30a42c]" started-at="2023-09-19T11:42:04 EEST" name="whyChooseWhatIsAimoodPage" finished-at="2023-09-19T11:42:10 EEST" duration-ms="6525" status="PASS">
          <params>
            <param index="0">
              <value>
                <![CDATA[https://ai-mood.com/en/what-is-aimood]]>
              </value>
            </param>
            <param index="1">
              <value>
                <![CDATA[Screenshots/]]>
              </value>
            </param>
          </params>
          <reporter-output>
          </reporter-output>
        </test-method> <!-- whyChooseWhatIsAimoodPage -->
        <test-method signature="ecosystemWhatIsAimoodPage(java.lang.String,java.lang.String)[pri:8, instance:tests.WhatIsAimood.WhatIsAimoodChromeTests@2b30a42c]" started-at="2023-09-19T11:42:10 EEST" name="ecosystemWhatIsAimoodPage" finished-at="2023-09-19T11:42:17 EEST" duration-ms="6625" status="PASS">
          <params>
            <param index="0">
              <value>
                <![CDATA[https://ai-mood.com/en/what-is-aimood]]>
              </value>
            </param>
            <param index="1">
              <value>
                <![CDATA[Screenshots/]]>
              </value>
            </param>
          </params>
          <reporter-output>
          </reporter-output>
        </test-method> <!-- ecosystemWhatIsAimoodPage -->
        <test-method is-config="true" signature="setUp()[pri:0, instance:tests.WhatIsAimood.WhatIsAimoodChromeTests@2b30a42c]" started-at="2023-09-19T11:42:10 EEST" name="setUp" finished-at="2023-09-19T11:42:10 EEST" duration-ms="0" status="PASS">
          <reporter-output>
          </reporter-output>
        </test-method> <!-- setUp -->
        <test-method signature="allFooterWhatIsAimoodPage(java.lang.String,java.lang.String)[pri:9, instance:tests.WhatIsAimood.WhatIsAimoodChromeTests@2b30a42c]" started-at="2023-09-19T11:42:17 EEST" name="allFooterWhatIsAimoodPage" finished-at="2023-09-19T11:42:23 EEST" duration-ms="6290" status="PASS">
          <params>
            <param index="0">
              <value>
                <![CDATA[https://ai-mood.com/en/what-is-aimood]]>
              </value>
            </param>
            <param index="1">
              <value>
                <![CDATA[Screenshots/]]>
              </value>
            </param>
          </params>
          <reporter-output>
          </reporter-output>
        </test-method> <!-- allFooterWhatIsAimoodPage -->
        <test-method is-config="true" signature="setUp()[pri:0, instance:tests.WhatIsAimood.WhatIsAimoodChromeTests@2b30a42c]" started-at="2023-09-19T11:42:17 EEST" name="setUp" finished-at="2023-09-19T11:42:17 EEST" duration-ms="0" status="PASS">
          <reporter-output>
          </reporter-output>
        </test-method> <!-- setUp -->
        <test-method is-config="true" signature="tearDown()[pri:0, instance:tests.WhatIsAimood.WhatIsAimoodChromeTests@2b30a42c]" started-at="2023-09-19T11:42:23 EEST" name="tearDown" finished-at="2023-09-19T11:42:24 EEST" duration-ms="640" status="PASS">
          <reporter-output>
          </reporter-output>
        </test-method> <!-- tearDown -->
      </class> <!-- tests.WhatIsAimood.WhatIsAimoodChromeTests -->
      <class name="tests.tokenMoodPageTests.AllPageChromeTests">
        <test-method is-config="true" signature="setUp()[pri:0, instance:tests.tokenMoodPageTests.AllPageChromeTests@59402b8f]" started-at="2023-09-19T11:32:17 EEST" name="setUp" finished-at="2023-09-19T11:32:18 EEST" duration-ms="814" status="PASS">
          <reporter-output>
          </reporter-output>
        </test-method> <!-- setUp -->
[...]
            </param>
            <param index="1">
              <value>
                <![CDATA[Screenshots/]]>
              </value>
            </param>
          </params>
          <reporter-output>
          </reporter-output>
        </test-method> <!-- getStartedHeaderMainPage -->
        <test-method is-config="true" signature="setUp()[pri:0, instance:tests.mainPageTests.AllPageChromeTests@4d1c005e]" started-at="2023-09-19T11:27:11 EEST" name="setUp" finished-at="2023-09-19T11:27:11 EEST" duration-ms="0" status="PASS">
          <reporter-output>
          </reporter-output>
        </test-method> <!-- setUp -->
        <test-method signature="learnHeaderMainPage(java.lang.String,java.lang.String)[pri:3, instance:tests.mainPageTests.AllPageChromeTests@4d1c005e]" started-at="2023-09-19T11:27:20 EEST" name="learnHeaderMainPage" finished-at="2023-09-19T11:27:29 EEST" duration-ms="9260" status="PASS">
          <params>
            <param index="0">
              <value>
                <![CDATA[https://ai-mood.com/en/]]>
              </value>
            </param>
            <param index="1">
              <value>
                <![CDATA[Screenshots/]]>
              </value>
            </param>
          </params>
          <reporter-output>
          </reporter-output>
        </test-method> <!-- learnHeaderMainPage -->
        <test-method is-config="true" signature="setUp()[pri:0, instance:tests.mainPageTests.AllPageChromeTests@4d1c005e]" started-at="2023-09-19T11:27:20 EEST" name="setUp" finished-at="2023-09-19T11:27:20 EEST" duration-ms="0" status="PASS">
          <reporter-output>
          </reporter-output>
        </test-method> <!-- setUp -->
        <test-method signature="resourcesHeaderMainPage(java.lang.String,java.lang.String)[pri:4, instance:tests.mainPageTests.AllPageChromeTests@4d1c005e]" started-at="2023-09-19T11:27:29 EEST" name="resourcesHeaderMainPage" finished-at="2023-09-19T11:27:35 EEST" duration-ms="5340" status="PASS">
          <params>
            <param index="0">
              <value>
                <![CDATA[https://ai-mood.com/en/]]>
              </value>
            </param>
            <param index="1">
              <value>
                <![CDATA[Screenshots/]]>
              </value>
            </param>
          </params>
          <reporter-output>
          </reporter-output>
        </test-method> <!-- resourcesHeaderMainPage -->
        <test-method is-config="true" signature="setUp()[pri:0, instance:tests.mainPageTests.AllPageChromeTests@4d1c005e]" started-at="2023-09-19T11:27:29 EEST" name="setUp" finished-at="2023-09-19T11:27:29 EEST" duration-ms="0" status="PASS">
          <reporter-output>
          </reporter-output>
        </test-method> <!-- setUp -->
        <test-method signature="mainSectionMainPage(java.lang.String,java.lang.String)[pri:6, instance:tests.mainPageTests.AllPageChromeTests@4d1c005e]" started-at="2023-09-19T11:27:35 EEST" name="mainSectionMainPage" finished-at="2023-09-19T11:27:42 EEST" duration-ms="7320" status="PASS">
          <params>
            <param index="0">
              <value>
                <![CDATA[https://ai-mood.com/en/]]>
              </value>
            </param>
            <param index="1">
              <value>
                <![CDATA[Screenshots/]]>
              </value>
            </param>
          </params>
          <reporter-output>
          </reporter-output>
        </test-method> <!-- mainSectionMainPage -->
        <test-method is-config="true" signature="setUp()[pri:0, instance:tests.mainPageTests.AllPageChromeTests@4d1c005e]" started-at="2023-09-19T11:27:35 EEST" name="setUp" finished-at="2023-09-19T11:27:35 EEST" duration-ms="0" status="PASS">
          <reporter-output>
          </reporter-output>
        </test-method> <!-- setUp -->
        <test-method signature="videoSectionMainPage(java.lang.String,java.lang.String)[pri:7, instance:tests.mainPageTests.AllPageChromeTests@4d1c005e]" started-at="2023-09-19T11:27:42 EEST" name="videoSectionMainPage" finished-at="2023-09-19T11:27:50 EEST" duration-ms="7772" status="PASS">
          <params>
            <param index="0">
              <value>
                <![CDATA[https://ai-mood.com/en/]]>
              </value>
            </param>
            <param index="1">
              <value>
                <![CDATA[Screenshots/]]>
              </value>
            </param>
          </params>
          <reporter-output>
          </reporter-output>
        </test-method> <!-- videoSectionMainPage -->
        <test-method is-config="true" signature="setUp()[pri:0, instance:tests.mainPageTests.AllPageChromeTests@4d1c005e]" started-at="2023-09-19T11:27:42 EEST" name="setUp" finished-at="2023-09-19T11:27:42 EEST" duration-ms="0" status="PASS">
          <reporter-output>
          </reporter-output>
        </test-method> <!-- setUp -->
        <test-method is-config="true" signature="setUp()[pri:0, instance:tests.mainPageTests.AllPageChromeTests@4d1c005e]" started-at="2023-09-19T11:27:50 EEST" name="setUp" finished-at="2023-09-19T11:27:50 EEST" duration-ms="0" status="PASS">
          <reporter-output>
          </reporter-output>
        </test-method> <!-- setUp -->
        <test-method signature="roadmapSectionMainPage(java.lang.String,java.lang.String)[pri:8, instance:tests.mainPageTests.AllPageChromeTests@4d1c005e]" started-at="2023-09-19T11:27:50 EEST" name="roadmapSectionMainPage" finished-at="2023-09-19T11:28:00 EEST" duration-ms="10602" status="PASS">
          <params>
            <param index="0">
              <value>
                <![CDATA[https://ai-mood.com/en/]]>
              </value>
            </param>
            <param index="1">
              <value>
                <![CDATA[Screenshots/]]>
              </value>
            </param>
          </params>
          <reporter-output>
          </reporter-output>
        </test-method> <!-- roadmapSectionMainPage -->
        <test-method signature="statisticsSectionMainPage(java.lang.String,java.lang.String)[pri:9, instance:tests.mainPageTests.AllPageChromeTests@4d1c005e]" started-at="2023-09-19T11:28:00 EEST" name="statisticsSectionMainPage" finished-at="2023-09-19T11:28:12 EEST" duration-ms="11874" status="PASS">
          <params>
            <param index="0">
              <value>
                <![CDATA[https://ai-mood.com/en/]]>
              </value>
            </param>
            <param index="1">
              <value>
                <![CDATA[Screenshots/]]>
              </value>
            </param>
          </params>
          <reporter-output>
          </reporter-output>
        </test-method> <!-- statisticsSectionMainPage -->
        <test-method is-config="true" signature="setUp()[pri:0, instance:tests.mainPageTests.AllPageChromeTests@4d1c005e]" started-at="2023-09-19T11:28:00 EEST" name="setUp" finished-at="2023-09-19T11:28:00 EEST" duration-ms="0" status="PASS">
          <reporter-output>
          </reporter-output>
        </test-method> <!-- setUp -->
        <test-method signature="leaningSectionMainPage(java.lang.String,java.lang.String)[pri:10, instance:tests.mainPageTests.AllPageChromeTests@4d1c005e]" started-at="2023-09-19T11:28:12 EEST" name="leaningSectionMainPage" finished-at="2023-09-19T11:28:22 EEST" duration-ms="10094" status="PASS">
          <params>
            <param index="0">
              <value>
                <![CDATA[https://ai-mood.com/en/]]>
              </value>
            </param>
            <param index="1">
              <value>
                <![CDATA[Screenshots/]]>
              </value>
            </param>
          </params>
          <reporter-output>
          </reporter-output>
        </test-method> <!-- leaningSectionMainPage -->
        <test-method is-config="true" signature="setUp()[pri:0, instance:tests.mainPageTests.AllPageChromeTests@4d1c005e]" started-at="2023-09-19T11:28:12 EEST" name="setUp" finished-at="2023-09-19T11:28:12 EEST" duration-ms="0" status="PASS">
          <reporter-output>
          </reporter-output>
        </test-method> <!-- setUp -->
        <test-method signature="allFooterMainPage(java.lang.String,java.lang.String)[pri:11, instance:tests.mainPageTests.AllPageChromeTests@4d1c005e]" started-at="2023-09-19T11:28:22 EEST" name="allFooterMainPage" finished-at="2023-09-19T11:28:29 EEST" duration-ms="6380" status="PASS">
          <params>
            <param index="0">
              <value>
                <![CDATA[https://ai-mood.com/en/]]>
              </value>
            </param>
            <param index="1">
              <value>
                <![CDATA[Screenshots/]]>
              </value>
            </param>
          </params>
          <reporter-output>
          </reporter-output>
        </test-method> <!-- allFooterMainPage -->
        <test-method is-config="true" signature="setUp()[pri:0, instance:tests.mainPageTests.AllPageChromeTests@4d1c005e]" started-at="2023-09-19T11:28:22 EEST" name="setUp" finished-at="2023-09-19T11:28:22 EEST" duration-ms="0" status="PASS">
          <reporter-output>
          </reporter-output>
        </test-method> <!-- setUp -->
        <test-method is-config="true" signature="tearDown()[pri:0, instance:tests.mainPageTests.AllPageChromeTests@4d1c005e]" started-at="2023-09-19T11:28:29 EEST" name="tearDown" finished-at="2023-09-19T11:28:29 EEST" duration-ms="645" status="PASS">
          <reporter-output>
          </reporter-output>
        </test-method> <!-- tearDown -->
      </class> <!-- tests.mainPageTests.AllPageChromeTests -->
      <class name="tests.whitePaper.WhitePaperChromeTests">
        <test-method is-config="true" signature="setUp()[pri:0, instance:tests.whitePaper.WhitePaperChromeTests@4082ba93]" started-at="2023-09-19T11:39:29 EEST" name="setUp" finished-at="2023-09-19T11:39:30 EEST" duration-ms="765" status="PASS">
          <reporter-output>
          </reporter-output>
        </test-method> <!-- setUp -->
        <test-method signature="allHeaderWhitePaperPage(java.lang.String,java.lang.String)[pri:1, instance:tests.whitePaper.WhitePaperChromeTests@4082ba93]" started-at="2023-09-19T11:39:30 EEST" name="allHeaderWhitePaperPage" finished-at="2023-09-19T11:39:39 EEST" duration-ms="8870" status="PASS">
          <params>
            <param index="0">
              <value>
                <![CDATA[https://ai-mood.com/en/white-paper]]>
              </value>
            </param>
            <param index="1">
              <value>
                <![CDATA[Screenshots/]]>
              </value>
            </param>
          </params>
          <reporter-output>
          </reporter-output>
        </test-method> <!-- allHeaderWhitePaperPage -->
        <test-method signature="getStartedHeaderWhitePaperPage(java.lang.String,java.lang.String)[pri:2, instance:tests.whitePaper.WhitePaperChromeTests@4082ba93]" started-at="2023-09-19T11:39:39 EEST" name="getStartedHeaderWhitePaperPage" finished-at="2023-09-19T11:39:45 EEST" duration-ms="6240" status="PASS">
          <params>
            <param index="0">
              <value>
                <![CDATA[https://ai-mood.com/en/white-paper]]>
              </value>
            </param>
            <param index="1">
              <value>
                <![CDATA[Screenshots/]]>
              </value>
            </param>
          </params>
          <reporter-output>
          </reporter-output>
        </test-method> <!-- getStartedHeaderWhitePaperPage -->
        <test-method is-config="true" signature="setUp()[pri:0, instance:tests.whitePaper.WhitePaperChromeTests@4082ba93]" started-at="2023-09-19T11:39:39 EEST" name="setUp" finished-at="2023-09-19T11:39:39 EEST" duration-ms="0" status="PASS">
          <reporter-output>
          </reporter-output>
        </test-method> <!-- setUp -->
        <test-method signature="marketPlaceHeaderWhitePaperPage(java.lang.String,java.lang.String)[pri:2, instance:tests.whitePaper.WhitePaperChromeTests@4082ba93]" started-at="2023-09-19T11:39:45 EEST" name="marketPlaceHeaderWhitePaperPage" finished-at="2023-09-19T11:39:51 EEST" duration-ms="6152" status="PASS">
          <params>
            <param index="0">
              <value>
                <![CDATA[https://ai-mood.com/en/white-paper]]>
              </value>
            </param>
            <param index="1">
              <value>
                <![CDATA[Screenshots/]]>
              </value>
            </param>
          </params>
          <reporter-output>
          </reporter-output>
        </test-method> <!-- marketPlaceHeaderWhitePaperPage -->
        <test-method is-config="true" signature="setUp()[pri:0, instance:tests.whitePaper.WhitePaperChromeTests@4082ba93]" started-at="2023-09-19T11:39:45 EEST" name="setUp" finished-at="2023-09-19T11:39:45 EEST" duration-ms="0" status="PASS">
          <reporter-output>
          </reporter-output>
        </test-method> <!-- setUp -->
        <test-method is-config="true" signature="setUp()[pri:0, instance:tests.whitePaper.WhitePaperChromeTests@4082ba93]" started-at="2023-09-19T11:39:51 EEST" name="setUp" finished-at="2023-09-19T11:39:51 EEST" duration-ms="1" status="PASS">
          <reporter-output>
          </reporter-output>
        </test-method> <!-- setUp -->
        <test-method signature="whitePaperHeaderWhitePaperPage(java.lang.String,java.lang.String)[pri:2, instance:tests.whitePaper.WhitePaperChromeTests@4082ba93]" started-at="2023-09-19T11:39:51 EEST" name="whitePaperHeaderWhitePaperPage" finished-at="2023-09-19T11:39:57 EEST" duration-ms="6138" status="PASS">
          <params>
            <param index="0">
              <value>
                <![CDATA[https://ai-mood.com/en/white-paper]]>
              </value>
            </param>
            <param index="1">
              <value>
                <![CDATA[Screenshots/]]>
              </value>
            </param>
          </params>
          <reporter-output>
          </reporter-output>
        </test-method> <!-- whitePaperHeaderWhitePaperPage -->
        <test-method is-config="true" signature="setUp()[pri:0, instance:tests.whitePaper.WhitePaperChromeTests@4082ba93]" started-at="2023-09-19T11:39:57 EEST" name="setUp" finished-at="2023-09-19T11:39:57 EEST" duration-ms="1" status="PASS">
          <reporter-output>
          </reporter-output>
        </test-method> <!-- setUp -->
        <test-method signature="learnHeaderWhitePaperPage(java.lang.String,java.lang.String)[pri:3, instance:tests.whitePaper.WhitePaperChromeTests@4082ba93]" started-at="2023-09-19T11:39:57 EEST" name="learnHeaderWhitePaperPage" finished-at="2023-09-19T11:40:04 EEST" duration-ms="6170" status="PASS">
          <params>
            <param index="0">
              <value>
                <![CDATA[https://ai-mood.com/en/white-paper]]>
              </value>
            </param>
            <param index="1">
              <value>
                <![CDATA[Screenshots/]]>
              </value>
            </param>
          </params>
          <reporter-output>
          </reporter-output>
        </test-method> <!-- learnHeaderWhitePaperPage -->
        <test-method signature="resourcesHeaderWhitePaperPage(java.lang.String,java.lang.String)[pri:4, instance:tests.whitePaper.WhitePaperChromeTests@4082ba93]" started-at="2023-09-19T11:40:04 EEST" name="resourcesHeaderWhitePaperPage" finished-at="2023-09-19T11:40:10 EEST" duration-ms="6193" status="PASS">
          <params>
            <param index="0">
              <value>
                <![CDATA[https://ai-mood.com/en/white-paper]]>
              </value>
            </param>
            <param index="1">
              <value>
                <![CDATA[Screenshots/]]>
              </value>
            </param>
          </params>
          <reporter-output>
          </reporter-output>
        </test-method> <!-- resourcesHeaderWhitePaperPage -->
        <test-method is-config="true" signature="setUp()[pri:0, instance:tests.whitePaper.WhitePaperChromeTests@4082ba93]" started-at="2023-09-19T11:40:04 EEST" name="setUp" finished-at="2023-09-19T11:40:04 EEST" duration-ms="0" status="PASS">
          <reporter-output>
          </reporter-output>
        </test-method> <!-- setUp -->
        <test-method is-config="true" signature="setUp()[pri:0, instance:tests.whitePaper.WhitePaperChromeTests@4082ba93]" started-at="2023-09-19T11:40:10 EEST" name="setUp" finished-at="2023-09-19T11:40:10 EEST" duration-ms="1" status="PASS">
          <reporter-output>
          </reporter-output>
        </test-method> <!-- setUp -->
        <test-method signature="mainBlockWhitePaperPage(java.lang.String,java.lang.String)[pri:5, instance:tests.whitePaper.WhitePaperChromeTests@4082ba93]" started-at="2023-09-19T11:40:10 EEST" name="mainBlockWhitePaperPage" finished-at="2023-09-19T11:40:16 EEST" duration-ms="6224" status="PASS">
          <params>
            <param index="0">
              <value>
                <![CDATA[https://ai-mood.com/en/white-paper]]>
              </value>
            </param>
            <param index="1">
              <value>
                <![CDATA[Screenshots/]]>
              </value>
            </param>
          </params>
          <reporter-output>
          </reporter-output>
        </test-method> <!-- mainBlockWhitePaperPage -->
        <test-method signature="EweuimtPage(java.lang.String,java.lang.String)[pri:6, instance:tests.whitePaper.WhitePaperChromeTests@4082ba93]" started-at="2023-09-19T11:40:16 EEST" name="EweuimtPage" finished-at="2023-09-19T11:40:23 EEST" duration-ms="6609" status="PASS">
          <params>
            <param index="0">
              <value>
                <![CDATA[https://ai-mood.com/en/white-paper]]>
              </value>
            </param>
            <param index="1">
              <value>
                <![CDATA[Screenshots/]]>
              </value>
            </param>
          </params>
          <reporter-output>
          </reporter-output>
        </test-method> <!-- EweuimtPage -->
        <test-method is-config="true" signature="setUp()[pri:0, instance:tests.whitePaper.WhitePaperChromeTests@4082ba93]" started-at="2023-09-19T11:40:16 EEST" name="setUp" finished-at="2023-09-19T11:40:16 EEST" duration-ms="0" status="PASS">
          <reporter-output>
          </reporter-output>
        </test-method> <!-- setUp -->
        <test-method is-config="true" signature="setUp()[pri:0, instance:tests.whitePaper.WhitePaperChromeTests@4082ba93]" started-at="2023-09-19T11:40:23 EEST" name="setUp" finished-at="2023-09-19T11:40:23 EEST" duration-ms="1" status="PASS">
          <reporter-output>
          </reporter-output>
        </test-method> <!-- setUp -->
        <test-method signature="allFooterWhitePaperPage(java.lang.String,java.lang.String)[pri:7, instance:tests.whitePaper.WhitePaperChromeTests@4082ba93]" started-at="2023-09-19T11:40:23 EEST" name="allFooterWhitePaperPage" finished-at="2023-09-19T11:40:29 EEST" duration-ms="6225" status="PASS">
          <params>
            <param index="0">
              <value>
                <![CDATA[https://ai-mood.com/en/white-paper]]>
              </value>
            </param>
            <param index="1">
              <value>
                <![CDATA[Screenshots/]]>
              </value>
            </param>
          </params>
          <reporter-output>
          </reporter-output>
        </test-method> <!-- allFooterWhitePaperPage -->
        <test-method is-config="true" signature="tearDown()[pri:0, instance:tests.whitePaper.WhitePaperChromeTests@4082ba93]" started-at="2023-09-19T11:40:29 EEST" name="tearDown" finished-at="2023-09-19T11:40:30 EEST" duration-ms="642" status="PASS">
          <reporter-output>
          </reporter-output>
        </test-method> <!-- tearDown -->
      </class> <!-- tests.whitePaper.WhitePaperChromeTests -->
    </test> <!-- ai-mood - Pixel perfect regression -->
  </suite> <!-- WPT -->
</testng-results>
