<?xml version="1.0" encoding="UTF-8"?>
<testng-results ignored="0" total="122" passed="98" failed="24" skipped="0">
  <reporter-output>
  </reporter-output>
  <suite started-at="2023-08-16T11:52:37 EEST" name="WPT" finished-at="2023-08-16T12:04:36 EEST" duration-ms="719289">
    <groups>
    </groups>
    <test started-at="2023-08-16T11:52:37 EEST" name="ai-mood - Pixel perfect regression" finished-at="2023-08-16T12:04:36 EEST" duration-ms="719289">
      <class name="tests.buySellMoodCoinTests.AllPageFirefoxTests">
        <test-method is-config="true" signature="setUp()[pri:0, instance:tests.buySellMoodCoinTests.AllPageFirefoxTests@f0c8a99]" started-at="2023-08-16T11:58:27 EEST" name="setUp" finished-at="2023-08-16T11:58:29 EEST" duration-ms="2701" status="PASS">
          <reporter-output>
          </reporter-output>
        </test-method> <!-- setUp -->
        <test-method signature="allHeaderBuySellMoodCoinPage(java.lang.String,java.lang.String)[pri:1, instance:tests.buySellMoodCoinTests.AllPageFirefoxTests@f0c8a99]" started-at="2023-08-16T11:58:29 EEST" name="allHeaderBuySellMoodCoinPage" finished-at="2023-08-16T11:58:36 EEST" duration-ms="6287" status="PASS">
          <params>
            <param index="0">
              <value>
                <![CDATA[https://ai-mood.com/en/buy-sell-affil-coin]]>
              </value>
            </param>
            <param index="1">
              <value>
                <![CDATA[Screenshots/]]>
              </value>
            </param>
          </params>
          <reporter-output>
          </reporter-output>
        </test-method> <!-- allHeaderBuySellMoodCoinPage -->
        <test-method signature="getStartedHeaderBuySellMoodCoinPage(java.lang.String,java.lang.String)[pri:2, instance:tests.buySellMoodCoinTests.AllPageFirefoxTests@f0c8a99]" started-at="2023-08-16T11:58:36 EEST" name="getStartedHeaderBuySellMoodCoinPage" finished-at="2023-08-16T11:58:40 EEST" duration-ms="4586" status="PASS">
          <params>
            <param index="0">
              <value>
                <![CDATA[https://ai-mood.com/en/buy-sell-affil-coin]]>
              </value>
            </param>
            <param index="1">
              <value>
                <![CDATA[Screenshots/]]>
              </value>
            </param>
          </params>
          <reporter-output>
          </reporter-output>
        </test-method> <!-- getStartedHeaderBuySellMoodCoinPage -->
        <test-method is-config="true" signature="setUp()[pri:0, instance:tests.buySellMoodCoinTests.AllPageFirefoxTests@f0c8a99]" started-at="2023-08-16T11:58:36 EEST" name="setUp" finished-at="2023-08-16T11:58:36 EEST" duration-ms="0" status="PASS">
          <reporter-output>
          </reporter-output>
        </test-method> <!-- setUp -->
        <test-method is-config="true" signature="setUp()[pri:0, instance:tests.buySellMoodCoinTests.AllPageFirefoxTests@f0c8a99]" started-at="2023-08-16T11:58:40 EEST" name="setUp" finished-at="2023-08-16T11:58:40 EEST" duration-ms="0" status="PASS">
          <reporter-output>
          </reporter-output>
        </test-method> <!-- setUp -->
        <test-method signature="learnHeaderBuySellMoodCoinPage(java.lang.String,java.lang.String)[pri:3, instance:tests.buySellMoodCoinTests.AllPageFirefoxTests@f0c8a99]" started-at="2023-08-16T11:58:40 EEST" name="learnHeaderBuySellMoodCoinPage" finished-at="2023-08-16T11:58:45 EEST" duration-ms="4355" status="PASS">
          <params>
            <param index="0">
              <value>
                <![CDATA[https://ai-mood.com/en/buy-sell-affil-coin]]>
              </value>
            </param>
            <param index="1">
              <value>
                <![CDATA[Screenshots/]]>
              </value>
            </param>
          </params>
          <reporter-output>
          </reporter-output>
        </test-method> <!-- learnHeaderBuySellMoodCoinPage -->
        <test-method is-config="true" signature="setUp()[pri:0, instance:tests.buySellMoodCoinTests.AllPageFirefoxTests@f0c8a99]" started-at="2023-08-16T11:58:45 EEST" name="setUp" finished-at="2023-08-16T11:58:45 EEST" duration-ms="1" status="PASS">
          <reporter-output>
          </reporter-output>
        </test-method> <!-- setUp -->
        <test-method signature="resourcesHeaderBuySellMoodCoinPage(java.lang.String,java.lang.String)[pri:4, instance:tests.buySellMoodCoinTests.AllPageFirefoxTests@f0c8a99]" started-at="2023-08-16T11:58:45 EEST" name="resourcesHeaderBuySellMoodCoinPage" finished-at="2023-08-16T11:58:49 EEST" duration-ms="4403" status="PASS">
          <params>
            <param index="0">
              <value>
                <![CDATA[https://ai-mood.com/en/buy-sell-affil-coin]]>
              </value>
            </param>
            <param index="1">
              <value>
                <![CDATA[Screenshots/]]>
              </value>
            </param>
          </params>
          <reporter-output>
          </reporter-output>
        </test-method> <!-- resourcesHeaderBuySellMoodCoinPage -->
        <test-method is-config="true" signature="setUp()[pri:0, instance:tests.buySellMoodCoinTests.AllPageFirefoxTests@f0c8a99]" started-at="2023-08-16T11:58:49 EEST" name="setUp" finished-at="2023-08-16T11:58:49 EEST" duration-ms="0" status="PASS">
          <reporter-output>
          </reporter-output>
        </test-method> <!-- setUp -->
        <test-method signature="mainSectionBuySellMoodCoinPage(java.lang.String,java.lang.String)[pri:6, instance:tests.buySellMoodCoinTests.AllPageFirefoxTests@f0c8a99]" started-at="2023-08-16T11:58:49 EEST" name="mainSectionBuySellMoodCoinPage" finished-at="2023-08-16T11:59:09 EEST" duration-ms="19628" status="FAIL">
          <params>
            <param index="0">
              <value>
                <![CDATA[https://ai-mood.com/en/buy-sell-affil-coin]]>
              </value>
            </param>
            <param index="1">
              <value>
                <![CDATA[Screenshots/]]>
              </value>
            </param>
          </params>
          <exception class="org.openqa.selenium.NoSuchElementException">
            <message>
              <![CDATA[Unable to locate element: //section[@class='first-main-saction affiliate-program-section section-new']
For documentation on this error, please visit: https://selenium.dev/exceptions/#no_such_element
Build info: version: '4.8.1', revision: '8ebccac989'
System info: os.name: 'Windows 10', os.arch: 'amd64', os.version: '10.0', java.version: '9.0.4'
Driver info: org.openqa.selenium.firefox.FirefoxDriver
Command: [b516f83d-5d2a-441b-b583-64bf039c16fb, findElement {using=xpath, value=//section[@class='first-main-saction affiliate-program-section section-new']}]
Capabilities {acceptInsecureCerts: true, browserName: firefox, browserVersion: 113.0.2, moz:accessibilityChecks: false, moz:buildID: 20230522134052, moz:debuggerAddress: 127.0.0.1:40668, moz:geckodriverVersion: 0.33.0, moz:headless: false, moz:platformVersion: 10.0, moz:processID: 6808, moz:profile: C:\Users\admin\AppData\Loca..., moz:shutdownTimeout: 60000, moz:useNonSpecCompliantPointerOrigin: false, moz:webdriverClick: true, moz:windowless: false, pageLoadStrategy: normal, platformName: WINDOWS, proxy: Proxy(), se:cdp: ws://127.0.0.1:40668/devtoo..., se:cdpVersion: 85.0, setWindowRect: true, strictFileInteractability: false, timeouts: {implicit: 0, pageLoad: 300000, script: 30000}, unhandledPromptBehavior: dismiss and notify}
Session ID: b516f83d-5d2a-441b-b583-64bf039c16fb]]>
            </message>
            <full-stacktrace>
              <![CDATA[org.openqa.selenium.NoSuchElementException: Unable to locate element: //section[@class='first-main-saction affiliate-program-section section-new']
For documentation on this error, please visit: https://selenium.dev/exceptions/#no_such_element
Build info: version: '4.8.1', revision: '8ebccac989'
System info: os.name: 'Windows 10', os.arch: 'amd64', os.version: '10.0', java.version: '9.0.4'
Driver info: org.openqa.selenium.firefox.FirefoxDriver
Command: [b516f83d-5d2a-441b-b583-64bf039c16fb, findElement {using=xpath, value=//section[@class='first-main-saction affiliate-program-section section-new']}]
Capabilities {acceptInsecureCerts: true, browserName: firefox, browserVersion: 113.0.2, moz:accessibilityChecks: false, moz:buildID: 20230522134052, moz:debuggerAddress: 127.0.0.1:40668, moz:geckodriverVersion: 0.33.0, moz:headless: false, moz:platformVersion: 10.0, moz:processID: 6808, moz:profile: C:\Users\admin\AppData\Loca..., moz:shutdownTimeout: 60000, moz:useNonSpecCompliantPointerOrigin: false, moz:webdriverClick: true, moz:windowless: false, pageLoadStrategy: normal, platformName: WINDOWS, proxy: Proxy(), se:cdp: ws://127.0.0.1:40668/devtoo..., se:cdpVersion: 85.0, setWindowRect: true, strictFileInteractability: false, timeouts: {implicit: 0, pageLoad: 300000, script: 30000}, unhandledPromptBehavior: dismiss and notify}
Session ID: b516f83d-5d2a-441b-b583-64bf039c16fb
at java.base/jdk.internal.reflect.NativeConstructorAccessorImpl.newInstance0(Native Method)
at java.base/jdk.internal.reflect.NativeConstructorAccessorImpl.newInstance(NativeConstructorAccessorImpl.java:62)
at java.base/jdk.internal.reflect.DelegatingConstructorAccessorImpl.newInstance(DelegatingConstructorAccessorImpl.java:45)
at java.base/java.lang.reflect.Constructor.newInstance(Constructor.java:488)
at org.openqa.selenium.remote.codec.w3c.W3CHttpResponseCodec.createException(W3CHttpResponseCodec.java:200)
at org.openqa.selenium.remote.codec.w3c.W3CHttpResponseCodec.decode(W3CHttpResponseCodec.java:133)
at org.openqa.selenium.remote.codec.w3c.W3CHttpResponseCodec.decode(W3CHttpResponseCodec.java:53)
at org.openqa.selenium.remote.HttpCommandExecutor.execute(HttpCommandExecutor.java:184)
at org.openqa.selenium.remote.service.DriverCommandExecutor.invokeExecute(DriverCommandExecutor.java:167)
at org.openqa.selenium.remote.service.DriverCommandExecutor.execute(DriverCommandExecutor.java:142)
at org.openqa.selenium.remote.RemoteWebDriver.execute(RemoteWebDriver.java:543)
at org.openqa.selenium.remote.ElementLocation$ElementFinder$2.findElement(ElementLocation.java:162)
at org.openqa.selenium.remote.ElementLocation.findElement(ElementLocation.java:60)
at org.openqa.selenium.remote.RemoteWebDriver.findElement(RemoteWebDriver.java:352)
at org.openqa.selenium.remote.RemoteWebDriver.findElement(RemoteWebDriver.java:344)
at pages.pixel_perfect.PixelPerfectAssert.byElement(PixelPerfectAssert.java:30)
at tests.buySellMoodCoinTests.AllPageFirefoxTests.mainSectionBuySellMoodCoinPage(AllPageFirefoxTests.java:118)
at java.base/jdk.internal.reflect.NativeMethodAccessorImpl.invoke0(Native Method)
at java.base/jdk.internal.reflect.NativeMethodAccessorImpl.invoke(NativeMethodAccessorImpl.java:62)
at java.base/jdk.internal.reflect.DelegatingMethodAccessorImpl.invoke(DelegatingMethodAccessorImpl.java:43)
at java.base/java.lang.reflect.Method.invoke(Method.java:564)
at org.testng.internal.invokers.MethodInvocationHelper.invokeMethod(MethodInvocationHelper.java:135)
at org.testng.internal.invokers.TestInvoker.invokeMethod(TestInvoker.java:673)
at org.testng.internal.invokers.TestInvoker.invokeTestMethod(TestInvoker.java:220)
at org.testng.internal.invokers.MethodRunner.runInSequence(MethodRunner.java:50)
at org.testng.internal.invokers.TestInvoker$MethodInvocationAgent.invoke(TestInvoker.java:945)
at org.testng.internal.invokers.TestInvoker.invokeTestMethods(TestInvoker.java:193)
at org.testng.internal.invokers.TestMethodWorker.invokeTestMethods(TestMethodWorker.java:146)
at org.testng.internal.invokers.TestMethodWorker.run(TestMethodWorker.java:128)
at java.base/java.util.ArrayList.forEach(ArrayList.java:1380)
at org.testng.TestRunner.privateRun(TestRunner.java:808)
at org.testng.TestRunner.run(TestRunner.java:603)
at org.testng.SuiteRunner.runTest(SuiteRunner.java:429)
at org.testng.SuiteRunner.runSequentially(SuiteRunner.java:423)
at org.testng.SuiteRunner.privateRun(SuiteRunner.java:383)
at org.testng.SuiteRunner.run(SuiteRunner.java:326)
at org.testng.SuiteRunnerWorker.runSuite(SuiteRunnerWorker.java:52)
at org.testng.SuiteRunnerWorker.run(SuiteRunnerWorker.java:95)
at org.testng.TestNG.runSuitesSequentially(TestNG.java:1249)
at org.testng.TestNG.runSuitesLocally(TestNG.java:1169)
at org.testng.TestNG.runSuites(TestNG.java:1092)
at org.testng.TestNG.run(TestNG.java:1060)
at org.apache.maven.surefire.testng.TestNGExecutor.run(TestNGExecutor.java:284)
at org.apache.maven.surefire.testng.TestNGXmlTestSuite.execute(TestNGXmlTestSuite.java:75)
at org.apache.maven.surefire.testng.TestNGProvider.invoke(TestNGProvider.java:119)
at org.apache.maven.surefire.booter.ForkedBooter.runSuitesInProcess(ForkedBooter.java:428)
at org.apache.maven.surefire.booter.ForkedBooter.execute(ForkedBooter.java:162)
at org.apache.maven.surefire.booter.ForkedBooter.run(ForkedBooter.java:562)
at org.apache.maven.surefire.booter.ForkedBooter.main(ForkedBooter.java:548)
]]>
            </full-stacktrace>
          </exception> <!-- org.openqa.selenium.NoSuchElementException -->
          <reporter-output>
          </reporter-output>
        </test-method> <!-- mainSectionBuySellMoodCoinPage -->
        <test-method is-config="true" signature="setUp()[pri:0, instance:tests.buySellMoodCoinTests.AllPageFirefoxTests@f0c8a99]" started-at="2023-08-16T11:59:09 EEST" name="setUp" finished-at="2023-08-16T11:59:09 EEST" duration-ms="0" status="PASS">
          <reporter-output>
          </reporter-output>
        </test-method> <!-- setUp -->
        <test-method signature="allFooterBuySellMoodCoinPage(java.lang.String,java.lang.String)[pri:7, instance:tests.buySellMoodCoinTests.AllPageFirefoxTests@f0c8a99]" started-at="2023-08-16T11:59:09 EEST" name="allFooterBuySellMoodCoinPage" finished-at="2023-08-16T11:59:24 EEST" duration-ms="15700" status="FAIL">
          <params>
            <param index="0">
              <value>
                <![CDATA[https://ai-mood.com/en/buy-sell-affil-coin]]>
              </value>
            </param>
            <param index="1">
              <value>
                <![CDATA[Screenshots/]]>
              </value>
            </param>
          </params>
          <exception class="org.openqa.selenium.NoSuchElementException">
            <message>
              <![CDATA[Unable to locate element: //footer[@class='footer-new transparent__footer']
For documentation on this error, please visit: https://selenium.dev/exceptions/#no_such_element
Build info: version: '4.8.1', revision: '8ebccac989'
System info: os.name: 'Windows 10', os.arch: 'amd64', os.version: '10.0', java.version: '9.0.4'
Driver info: org.openqa.selenium.firefox.FirefoxDriver
Command: [b516f83d-5d2a-441b-b583-64bf039c16fb, findElement {using=xpath, value=//footer[@class='footer-new transparent__footer']}]
Capabilities {acceptInsecureCerts: true, browserName: firefox, browserVersion: 113.0.2, moz:accessibilityChecks: false, moz:buildID: 20230522134052, moz:debuggerAddress: 127.0.0.1:40668, moz:geckodriverVersion: 0.33.0, moz:headless: false, moz:platformVersion: 10.0, moz:processID: 6808, moz:profile: C:\Users\admin\AppData\Loca..., moz:shutdownTimeout: 60000, moz:useNonSpecCompliantPointerOrigin: false, moz:webdriverClick: true, moz:windowless: false, pageLoadStrategy: normal, platformName: WINDOWS, proxy: Proxy(), se:cdp: ws://127.0.0.1:40668/devtoo..., se:cdpVersion: 85.0, setWindowRect: true, strictFileInteractability: false, timeouts: {implicit: 0, pageLoad: 300000, script: 30000}, unhandledPromptBehavior: dismiss and notify}
Session ID: b516f83d-5d2a-441b-b583-64bf039c16fb]]>
            </message>
            <full-stacktrace>
              <![CDATA[org.openqa.selenium.NoSuchElementException: Unable to locate element: //footer[@class='footer-new transparent__footer']
For documentation on this error, please visit: https://selenium.dev/exceptions/#no_such_element
Build info: version: '4.8.1', revision: '8ebccac989'
System info: os.name: 'Windows 10', os.arch: 'amd64', os.version: '10.0', java.version: '9.0.4'
Driver info: org.openqa.selenium.firefox.FirefoxDriver
Command: [b516f83d-5d2a-441b-b583-64bf039c16fb, findElement {using=xpath, value=//footer[@class='footer-new transparent__footer']}]
Capabilities {acceptInsecureCerts: true, browserName: firefox, browserVersion: 113.0.2, moz:accessibilityChecks: false, moz:buildID: 20230522134052, moz:debuggerAddress: 127.0.0.1:40668, moz:geckodriverVersion: 0.33.0, moz:headless: false, moz:platformVersion: 10.0, moz:processID: 6808, moz:profile: C:\Users\admin\AppData\Loca..., moz:shutdownTimeout: 60000, moz:useNonSpecCompliantPointerOrigin: false, moz:webdriverClick: true, moz:windowless: false, pageLoadStrategy: normal, platformName: WINDOWS, proxy: Proxy(), se:cdp: ws://127.0.0.1:40668/devtoo..., se:cdpVersion: 85.0, setWindowRect: true, strictFileInteractability: false, timeouts: {implicit: 0, pageLoad: 300000, script: 30000}, unhandledPromptBehavior: dismiss and notify}
Session ID: b516f83d-5d2a-441b-b583-64bf039c16fb
at java.base/jdk.internal.reflect.NativeConstructorAccessorImpl.newInstance0(Native Method)
at java.base/jdk.internal.reflect.NativeConstructorAccessorImpl.newInstance(NativeConstructorAccessorImpl.java:62)
at java.base/jdk.internal.reflect.DelegatingConstructorAccessorImpl.newInstance(DelegatingConstructorAccessorImpl.java:45)
at java.base/java.lang.reflect.Constructor.newInstance(Constructor.java:488)
at org.openqa.selenium.remote.codec.w3c.W3CHttpResponseCodec.createException(W3CHttpResponseCodec.java:200)
at org.openqa.selenium.remote.codec.w3c.W3CHttpResponseCodec.decode(W3CHttpResponseCodec.java:133)
at org.openqa.selenium.remote.codec.w3c.W3CHttpResponseCodec.decode(W3CHttpResponseCodec.java:53)
at org.openqa.selenium.remote.HttpCommandExecutor.execute(HttpCommandExecutor.java:184)
at org.openqa.selenium.remote.service.DriverCommandExecutor.invokeExecute(DriverCommandExecutor.java:167)
at org.openqa.selenium.remote.service.DriverCommandExecutor.execute(DriverCommandExecutor.java:142)
at org.openqa.selenium.remote.RemoteWebDriver.execute(RemoteWebDriver.java:543)
at org.openqa.selenium.remote.ElementLocation$ElementFinder$2.findElement(ElementLocation.java:162)
at org.openqa.selenium.remote.ElementLocation.findElement(ElementLocation.java:60)
at org.openqa.selenium.remote.RemoteWebDriver.findElement(RemoteWebDriver.java:352)
at org.openqa.selenium.remote.RemoteWebDriver.findElement(RemoteWebDriver.java:344)
at pages.base.Action.findElementByXpath(Action.java:30)
at pages.base.Action.moveViewableElementIntoCenter2(Action.java:102)
at tests.buySellMoodCoinTests.AllPageFirefoxTests.allFooterBuySellMoodCoinPage(AllPageFirefoxTests.java:135)
at java.base/jdk.internal.reflect.NativeMethodAccessorImpl.invoke0(Native Method)
at java.base/jdk.internal.reflect.NativeMethodAccessorImpl.invoke(NativeMethodAccessorImpl.java:62)
at java.base/jdk.internal.reflect.DelegatingMethodAccessorImpl.invoke(DelegatingMethodAccessorImpl.java:43)
at java.base/java.lang.reflect.Method.invoke(Method.java:564)
at org.testng.internal.invokers.MethodInvocationHelper.invokeMethod(MethodInvocationHelper.java:135)
at org.testng.internal.invokers.TestInvoker.invokeMethod(TestInvoker.java:673)
at org.testng.internal.invokers.TestInvoker.invokeTestMethod(TestInvoker.java:220)
at org.testng.internal.invokers.MethodRunner.runInSequence(MethodRunner.java:50)
at org.testng.internal.invokers.TestInvoker$MethodInvocationAgent.invoke(TestInvoker.java:945)
at org.testng.internal.invokers.TestInvoker.invokeTestMethods(TestInvoker.java:193)
at org.testng.internal.invokers.TestMethodWorker.invokeTestMethods(TestMethodWorker.java:146)
at org.testng.internal.invokers.TestMethodWorker.run(TestMethodWorker.java:128)
at java.base/java.util.ArrayList.forEach(ArrayList.java:1380)
at org.testng.TestRunner.privateRun(TestRunner.java:808)
at org.testng.TestRunner.run(TestRunner.java:603)
at org.testng.SuiteRunner.runTest(SuiteRunner.java:429)
at org.testng.SuiteRunner.runSequentially(SuiteRunner.java:423)
at org.testng.SuiteRunner.privateRun(SuiteRunner.java:383)
at org.testng.SuiteRunner.run(SuiteRunner.java:326)
at org.testng.SuiteRunnerWorker.runSuite(SuiteRunnerWorker.java:52)
at org.testng.SuiteRunnerWorker.run(SuiteRunnerWorker.java:95)
at org.testng.TestNG.runSuitesSequentially(TestNG.java:1249)
at org.testng.TestNG.runSuitesLocally(TestNG.java:1169)
at org.testng.TestNG.runSuites(TestNG.java:1092)
at org.testng.TestNG.run(TestNG.java:1060)
at org.apache.maven.surefire.testng.TestNGExecutor.run(TestNGExecutor.java:284)
at org.apache.maven.surefire.testng.TestNGXmlTestSuite.execute(TestNGXmlTestSuite.java:75)
at org.apache.maven.surefire.testng.TestNGProvider.invoke(TestNGProvider.java:119)
at org.apache.maven.surefire.booter.ForkedBooter.runSuitesInProcess(ForkedBooter.java:428)
at org.apache.maven.surefire.booter.ForkedBooter.execute(ForkedBooter.java:162)
at org.apache.maven.surefire.booter.ForkedBooter.run(ForkedBooter.java:562)
at org.apache.maven.surefire.booter.ForkedBooter.main(ForkedBooter.java:548)
]]>
            </full-stacktrace>
          </exception> <!-- org.openqa.selenium.NoSuchElementException -->
          <reporter-output>
          </reporter-output>
        </test-method> <!-- allFooterBuySellMoodCoinPage -->
        <test-method is-config="true" signature="setUp()[pri:0, instance:tests.buySellMoodCoinTests.AllPageFirefoxTests@f0c8a99]" started-at="2023-08-16T11:59:24 EEST" name="setUp" finished-at="2023-08-16T11:59:24 EEST" duration-ms="0" status="PASS">
          <reporter-output>
          </reporter-output>
        </test-method> <!-- setUp -->
        <test-method signature="partnFooterBuySellMoodCoinPage(java.lang.String,java.lang.String)[pri:8, instance:tests.buySellMoodCoinTests.AllPageFirefoxTests@f0c8a99]" started-at="2023-08-16T11:59:24 EEST" name="partnFooterBuySellMoodCoinPage" finished-at="2023-08-16T11:59:29 EEST" duration-ms="5138" status="PASS">
          <params>
            <param index="0">
              <value>
                <![CDATA[https://ai-mood.com/en/buy-sell-affil-coin]]>
              </value>
            </param>
            <param index="1">
              <value>
                <![CDATA[Screenshots/]]>
              </value>
            </param>
          </params>
          <reporter-output>
          </reporter-output>
        </test-method> <!-- partnFooterBuySellMoodCoinPage -->
        <test-method is-config="true" signature="setUp()[pri:0, instance:tests.buySellMoodCoinTests.AllPageFirefoxTests@f0c8a99]" started-at="2023-08-16T11:59:29 EEST" name="setUp" finished-at="2023-08-16T11:59:29 EEST" duration-ms="0" status="PASS">
          <reporter-output>
          </reporter-output>
        </test-method> <!-- setUp -->
        <test-method signature="subFooterBuySellMoodCoinPage(java.lang.String,java.lang.String)[pri:9, instance:tests.buySellMoodCoinTests.AllPageFirefoxTests@f0c8a99]" started-at="2023-08-16T11:59:29 EEST" name="subFooterBuySellMoodCoinPage" finished-at="2023-08-16T11:59:35 EEST" duration-ms="5114" status="PASS">
          <params>
            <param index="0">
              <value>
                <![CDATA[https://ai-mood.com/en/buy-sell-affil-coin]]>
              </value>
            </param>
            <param index="1">
              <value>
                <![CDATA[Screenshots/]]>
              </value>
            </param>
          </params>
          <reporter-output>
          </reporter-output>
        </test-method> <!-- subFooterBuySellMoodCoinPage -->
        <test-method is-config="true" signature="setUp()[pri:0, instance:tests.buySellMoodCoinTests.AllPageFirefoxTests@f0c8a99]" started-at="2023-08-16T11:59:35 EEST" name="setUp" finished-at="2023-08-16T11:59:35 EEST" duration-ms="1" status="PASS">
          <reporter-output>
          </reporter-output>
        </test-method> <!-- setUp -->
        <test-method signature="copFooterBuySellMoodCoinPage(java.lang.String,java.lang.String)[pri:10, instance:tests.buySellMoodCoinTests.AllPageFirefoxTests@f0c8a99]" started-at="2023-08-16T11:59:35 EEST" name="copFooterBuySellMoodCoinPage" finished-at="2023-08-16T11:59:39 EEST" duration-ms="4164" status="PASS">
          <params>
            <param index="0">
              <value>
                <![CDATA[https://ai-mood.com/en/buy-sell-affil-coin]]>
              </value>
            </param>
            <param index="1">
              <value>
                <![CDATA[Screenshots/]]>
              </value>
            </param>
          </params>
          <reporter-output>
          </reporter-output>
        </test-method> <!-- copFooterBuySellMoodCoinPage -->
        <test-method is-config="true" signature="tearDown()[pri:0, instance:tests.buySellMoodCoinTests.AllPageFirefoxTests@f0c8a99]" started-at="2023-08-16T11:59:39 EEST" name="tearDown" finished-at="2023-08-16T11:59:40 EEST" duration-ms="1558" status="PASS">
          <reporter-output>
          </reporter-output>
        </test-method> <!-- tearDown -->
      </class> <!-- tests.buySellMoodCoinTests.AllPageFirefoxTests -->
      <class name="tests.marketPlacePageTests.AllPageFirefoxTests">
        <test-method is-config="true" signature="setUp()[pri:0, instance:tests.marketPlacePageTests.AllPageFirefoxTests@298a5e20]" started-at="2023-08-16T11:55:32 EEST" name="setUp" finished-at="2023-08-16T11:55:34 EEST" duration-ms="2443" status="PASS">
          <reporter-output>
          </reporter-output>
        </test-method> <!-- setUp -->
        <test-method signature="allHeaderMarketPlacePage(java.lang.String,java.lang.String)[pri:1, instance:tests.marketPlacePageTests.AllPageFirefoxTests@298a5e20]" started-at="2023-08-16T11:55:34 EEST" name="allHeaderMarketPlacePage" finished-at="2023-08-16T11:55:41 EEST" duration-ms="6297" status="PASS">
          <params>
            <param index="0">
              <value>
                <![CDATA[https://ai-mood.com/en/market-place]]>
              </value>
            </param>
            <param index="1">
              <value>
                <![CDATA[Screenshots/]]>
              </value>
            </param>
          </params>
          <reporter-output>
          </reporter-output>
        </test-method> <!-- allHeaderMarketPlacePage -->
        <test-method is-config="true" signature="setUp()[pri:0, instance:tests.marketPlacePageTests.AllPageFirefoxTests@298a5e20]" started-at="2023-08-16T11:55:41 EEST" name="setUp" finished-at="2023-08-16T11:55:41 EEST" duration-ms="1" status="PASS">
          <reporter-output>
          </reporter-output>
        </test-method> <!-- setUp -->
        <test-method signature="getStartedHeaderMarketPlacePage(java.lang.String,java.lang.String)[pri:2, instance:tests.marketPlacePageTests.AllPageFirefoxTests@298a5e20]" started-at="2023-08-16T11:55:41 EEST" name="getStartedHeaderMarketPlacePage" finished-at="2023-08-16T11:55:45 EEST" duration-ms="4118" status="PASS">
          <params>
            <param index="0">
              <value>
                <![CDATA[https://ai-mood.com/en/market-place]]>
              </value>
            </param>
            <param index="1">
              <value>
                <![CDATA[Screenshots/]]>
              </value>
            </param>
          </params>
          <reporter-output>
          </reporter-output>
        </test-method> <!-- getStartedHeaderMarketPlacePage -->
        <test-method signature="learnHeaderMarketPlacePage(java.lang.String,java.lang.String)[pri:3, instance:tests.marketPlacePageTests.AllPageFirefoxTests@298a5e20]" started-at="2023-08-16T11:55:45 EEST" name="learnHeaderMarketPlacePage" finished-at="2023-08-16T11:55:49 EEST" duration-ms="4092" status="PASS">
          <params>
            <param index="0">
              <value>
                <![CDATA[https://ai-mood.com/en/market-place]]>
              </value>
            </param>
            <param index="1">
              <value>
                <![CDATA[Screenshots/]]>
              </value>
            </param>
          </params>
          <reporter-output>
          </reporter-output>
        </test-method> <!-- learnHeaderMarketPlacePage -->
        <test-method is-config="true" signature="setUp()[pri:0, instance:tests.marketPlacePageTests.AllPageFirefoxTests@298a5e20]" started-at="2023-08-16T11:55:45 EEST" name="setUp" finished-at="2023-08-16T11:55:45 EEST" duration-ms="0" status="PASS">
          <reporter-output>
          </reporter-output>
        </test-method> <!-- setUp -->
        <test-method is-config="true" signature="setUp()[pri:0, instance:tests.marketPlacePageTests.AllPageFirefoxTests@298a5e20]" started-at="2023-08-16T11:55:49 EEST" name="setUp" finished-at="2023-08-16T11:55:49 EEST" duration-ms="0" status="PASS">
          <reporter-output>
          </reporter-output>
        </test-method> <!-- setUp -->
        <test-method signature="resourcesHeaderMarketPlacePage(java.lang.String,java.lang.String)[pri:4, instance:tests.marketPlacePageTests.AllPageFirefoxTests@298a5e20]" started-at="2023-08-16T11:55:49 EEST" name="resourcesHeaderMarketPlacePage" finished-at="2023-08-16T11:55:53 EEST" duration-ms="4119" status="PASS">
          <params>
            <param index="0">
              <value>
                <![CDATA[https://ai-mood.com/en/market-place]]>
              </value>
            </param>
            <param index="1">
              <value>
                <![CDATA[Screenshots/]]>
              </value>
            </param>
          </params>
          <reporter-output>
          </reporter-output>
        </test-method> <!-- resourcesHeaderMarketPlacePage -->
        <test-method signature="mainSectionMarketPlacePage(java.lang.String,java.lang.String)[pri:6, instance:tests.marketPlacePageTests.AllPageFirefoxTests@298a5e20]" started-at="2023-08-16T11:55:53 EEST" name="mainSectionMarketPlacePage" finished-at="2023-08-16T11:55:58 EEST" duration-ms="4901" status="PASS">
          <params>
            <param index="0">
              <value>
                <![CDATA[https://ai-mood.com/en/market-place]]>
              </value>
            </param>
            <param index="1">
              <value>
                <![CDATA[Screenshots/]]>
              </value>
            </param>
          </params>
          <reporter-output>
          </reporter-output>
        </test-method> <!-- mainSectionMarketPlacePage -->
        <test-method is-config="true" signature="setUp()[pri:0, instance:tests.marketPlacePageTests.AllPageFirefoxTests@298a5e20]" started-at="2023-08-16T11:55:53 EEST" name="setUp" finished-at="2023-08-16T11:55:53 EEST" duration-ms="0" status="PASS">
          <reporter-output>
          </reporter-output>
        </test-method> <!-- setUp -->
        <test-method signature="statisticsSectionMarketPlacePage(java.lang.String,java.lang.String)[pri:7, instance:tests.marketPlacePageTests.AllPageFirefoxTests@298a5e20]" started-at="2023-08-16T11:55:58 EEST" name="statisticsSectionMarketPlacePage" finished-at="2023-08-16T11:56:03 EEST" duration-ms="5282" status="PASS">
          <params>
            <param index="0">
              <value>
                <![CDATA[https://ai-mood.com/en/market-place]]>
              </value>
            </param>
            <param index="1">
              <value>
                <![CDATA[Screenshots/]]>
              </value>
            </param>
          </params>
          <reporter-output>
          </reporter-output>
        </test-method> <!-- statisticsSectionMarketPlacePage -->
        <test-method is-config="true" signature="setUp()[pri:0, instance:tests.marketPlacePageTests.AllPageFirefoxTests@298a5e20]" started-at="2023-08-16T11:55:58 EEST" name="setUp" finished-at="2023-08-16T11:55:58 EEST" duration-ms="0" status="PASS">
          <reporter-output>
          </reporter-output>
        </test-method> <!-- setUp -->
        <test-method signature="allFooterMarketPlacePage(java.lang.String,java.lang.String)[pri:8, instance:tests.marketPlacePageTests.AllPageFirefoxTests@298a5e20]" started-at="2023-08-16T11:56:03 EEST" name="allFooterMarketPlacePage" finished-at="2023-08-16T11:56:08 EEST" duration-ms="4988" status="PASS">
          <params>
            <param index="0">
              <value>
                <![CDATA[https://ai-mood.com/en/market-place]]>
              </value>
            </param>
            <param index="1">
              <value>
                <![CDATA[Screenshots/]]>
              </value>
            </param>
          </params>
          <reporter-output>
          </reporter-output>
        </test-method> <!-- allFooterMarketPlacePage -->
        <test-method is-config="true" signature="setUp()[pri:0, instance:tests.marketPlacePageTests.AllPageFirefoxTests@298a5e20]" started-at="2023-08-16T11:56:03 EEST" name="setUp" finished-at="2023-08-16T11:56:03 EEST" duration-ms="0" status="PASS">
          <reporter-output>
          </reporter-output>
        </test-method> <!-- setUp -->
        <test-method is-config="true" signature="setUp()[pri:0, instance:tests.marketPlacePageTests.AllPageFirefoxTests@298a5e20]" started-at="2023-08-16T11:56:08 EEST" name="setUp" finished-at="2023-08-16T11:56:08 EEST" duration-ms="0" status="PASS">
          <reporter-output>
          </reporter-output>
        </test-method> <!-- setUp -->
        <test-method signature="partnFooterMarketPlacePage(java.lang.String,java.lang.String)[pri:9, instance:tests.marketPlacePageTests.AllPageFirefoxTests@298a5e20]" started-at="2023-08-16T11:56:08 EEST" name="partnFooterMarketPlacePage" finished-at="2023-08-16T11:56:13 EEST" duration-ms="4914" status="PASS">
          <params>
            <param index="0">
              <value>
                <![CDATA[https://ai-mood.com/en/market-place]]>
              </value>
            </param>
            <param index="1">
              <value>
                <![CDATA[Screenshots/]]>
              </value>
            </param>
          </params>
          <reporter-output>
          </reporter-output>
        </test-method> <!-- partnFooterMarketPlacePage -->
        <test-method is-config="true" signature="setUp()[pri:0, instance:tests.marketPlacePageTests.AllPageFirefoxTests@298a5e20]" started-at="2023-08-16T11:56:13 EEST" name="setUp" finished-at="2023-08-16T11:56:13 EEST" duration-ms="0" status="PASS">
          <reporter-output>
          </reporter-output>
        </test-method> <!-- setUp -->
        <test-method signature="subFooterMarketPlacePage(java.lang.String,java.lang.String)[pri:10, instance:tests.marketPlacePageTests.AllPageFirefoxTests@298a5e20]" started-at="2023-08-16T11:56:13 EEST" name="subFooterMarketPlacePage" finished-at="2023-08-16T11:56:18 EEST" duration-ms="4941" status="PASS">
          <params>
            <param index="0">
              <value>
                <![CDATA[https://ai-mood.com/en/market-place]]>
              </value>
            </param>
            <param index="1">
              <value>
                <![CDATA[Screenshots/]]>
              </value>
            </param>
          </params>
          <reporter-output>
          </reporter-output>
        </test-method> <!-- subFooterMarketPlacePage -->
        <test-method is-config="true" signature="setUp()[pri:0, instance:tests.marketPlacePageTests.AllPageFirefoxTests@298a5e20]" started-at="2023-08-16T11:56:18 EEST" name="setUp" finished-at="2023-08-16T11:56:18 EEST" duration-ms="0" status="PASS">
          <reporter-output>
          </reporter-output>
        </test-method> <!-- setUp -->
        <test-method signature="copFooterMarketPlacePage(java.lang.String,java.lang.String)[pri:11, instance:tests.marketPlacePageTests.AllPageFirefoxTests@298a5e20]" started-at="2023-08-16T11:56:18 EEST" name="copFooterMarketPlacePage" finished-at="2023-08-16T11:56:22 EEST" duration-ms="3994" status="PASS">
          <params>
            <param index="0">
              <value>
                <![CDATA[https://ai-mood.com/en/market-place]]>
              </value>
            </param>
            <param index="1">
              <value>
                <![CDATA[Screenshots/]]>
              </value>
            </param>
          </params>
          <reporter-output>
          </reporter-output>
        </test-method> <!-- copFooterMarketPlacePage -->
        <test-method is-config="true" signature="tearDown()[pri:0, instance:tests.marketPlacePageTests.AllPageFirefoxTests@298a5e20]" started-at="2023-08-16T11:56:22 EEST" name="tearDown" finished-at="2023-08-16T11:56:24 EEST" duration-ms="1773" status="PASS">
          <reporter-output>
          </reporter-output>
        </test-method> <!-- tearDown -->
      </class> <!-- tests.marketPlacePageTests.AllPageFirefoxTests -->
      <class name="tests.fundPageTests.AllPageFirefoxTests">
        <test-method is-config="true" signature="setUp()[pri:0, instance:tests.fundPageTests.AllPageFirefoxTests@f78a47e]" started-at="2023-08-16T12:01:24 EEST" name="setUp" finished-at="2023-08-16T12:01:27 EEST" duration-ms="2299" status="PASS">
          <reporter-output>
          </reporter-output>
        </test-method> <!-- setUp -->
        <test-method signature="allHeaderFundPage(java.lang.String,java.lang.String)[pri:1, instance:tests.fundPageTests.AllPageFirefoxTests@f78a47e]" started-at="2023-08-16T12:01:27 EEST" name="allHeaderFundPage" finished-at="2023-08-16T12:01:32 EEST" duration-ms="5631" status="FAIL">
          <params>
            <param index="0">
              <value>
                <![CDATA[https://ai-mood.com/en/fund]]>
              </value>
            </param>
            <param index="1">
              <value>
                <![CDATA[Screenshots/]]>
              </value>
            </param>
          </params>
          <exception class="java.lang.AssertionError">
            <message>
              <![CDATA[*** Images are not similar *** expected [true] but found [false]]]>
            </message>
            <full-stacktrace>
              <![CDATA[java.lang.AssertionError: *** Images are not similar *** expected [true] but found [false]
at org.testng.Assert.fail(Assert.java:110)
at org.testng.Assert.failNotEquals(Assert.java:1413)
at org.testng.Assert.assertTrue(Assert.java:56)
at pages.pixel_perfect.PixelPerfectAssert.byElement(PixelPerfectAssert.java:109)
at tests.fundPageTests.AllPageFirefoxTests.allHeaderFundPage(AllPageFirefoxTests.java:26)
at java.base/jdk.internal.reflect.NativeMethodAccessorImpl.invoke0(Native Method)
at java.base/jdk.internal.reflect.NativeMethodAccessorImpl.invoke(NativeMethodAccessorImpl.java:62)
at java.base/jdk.internal.reflect.DelegatingMethodAccessorImpl.invoke(DelegatingMethodAccessorImpl.java:43)
at java.base/java.lang.reflect.Method.invoke(Method.java:564)
at org.testng.internal.invokers.MethodInvocationHelper.invokeMethod(MethodInvocationHelper.java:135)
at org.testng.internal.invokers.TestInvoker.invokeMethod(TestInvoker.java:673)
at org.testng.internal.invokers.TestInvoker.invokeTestMethod(TestInvoker.java:220)
at org.testng.internal.invokers.MethodRunner.runInSequence(MethodRunner.java:50)
at org.testng.internal.invokers.TestInvoker$MethodInvocationAgent.invoke(TestInvoker.java:945)
at org.testng.internal.invokers.TestInvoker.invokeTestMethods(TestInvoker.java:193)
at org.testng.internal.invokers.TestMethodWorker.invokeTestMethods(TestMethodWorker.java:146)
at org.testng.internal.invokers.TestMethodWorker.run(TestMethodWorker.java:128)
at java.base/java.util.ArrayList.forEach(ArrayList.java:1380)
at org.testng.TestRunner.privateRun(TestRunner.java:808)
at org.testng.TestRunner.run(TestRunner.java:603)
at org.testng.SuiteRunner.runTest(SuiteRunner.java:429)
at org.testng.SuiteRunner.runSequentially(SuiteRunner.java:423)
at org.testng.SuiteRunner.privateRun(SuiteRunner.java:383)
at org.testng.SuiteRunner.run(SuiteRunner.java:326)
at org.testng.SuiteRunnerWorker.runSuite(SuiteRunnerWorker.java:52)
at org.testng.SuiteRunnerWorker.run(SuiteRunnerWorker.java:95)
at org.testng.TestNG.runSuitesSequentially(TestNG.java:1249)
at org.testng.TestNG.runSuitesLocally(TestNG.java:1169)
at org.testng.TestNG.runSuites(TestNG.java:1092)
at org.testng.TestNG.run(TestNG.java:1060)
at org.apache.maven.surefire.testng.TestNGExecutor.run(TestNGExecutor.java:284)
at org.apache.maven.surefire.testng.TestNGXmlTestSuite.execute(TestNGXmlTestSuite.java:75)
at org.apache.maven.surefire.testng.TestNGProvider.invoke(TestNGProvider.java:119)
at org.apache.maven.surefire.booter.ForkedBooter.runSuitesInProcess(ForkedBooter.java:428)
at org.apache.maven.surefire.booter.ForkedBooter.execute(ForkedBooter.java:162)
at org.apache.maven.surefire.booter.ForkedBooter.run(ForkedBooter.java:562)
at org.apache.maven.surefire.booter.ForkedBooter.main(ForkedBooter.java:548)
]]>
            </full-stacktrace>
          </exception> <!-- java.lang.AssertionError -->
          <reporter-output>
          </reporter-output>
        </test-method> <!-- allHeaderFundPage -->
        <test-method is-config="true" signature="setUp()[pri:0, instance:tests.fundPageTests.AllPageFirefoxTests@f78a47e]" started-at="2023-08-16T12:01:32 EEST" name="setUp" finished-at="2023-08-16T12:01:32 EEST" duration-ms="0" status="PASS">
          <reporter-output>
          </reporter-output>
        </test-method> <!-- setUp -->
        <test-method signature="getStartedHeaderFundPage(java.lang.String,java.lang.String)[pri:2, instance:tests.fundPageTests.AllPageFirefoxTests@f78a47e]" started-at="2023-08-16T12:01:32 EEST" name="getStartedHeaderFundPage" finished-at="2023-08-16T12:01:36 EEST" duration-ms="4089" status="PASS">
          <params>
            <param index="0">
              <value>
                <![CDATA[https://ai-mood.com/en/fund]]>
              </value>
            </param>
            <param index="1">
              <value>
                <![CDATA[Screenshots/]]>
              </value>
            </param>
          </params>
          <reporter-output>
          </reporter-output>
        </test-method> <!-- getStartedHeaderFundPage -->
        <test-method is-config="true" signature="setUp()[pri:0, instance:tests.fundPageTests.AllPageFirefoxTests@f78a47e]" started-at="2023-08-16T12:01:36 EEST" name="setUp" finished-at="2023-08-16T12:01:36 EEST" duration-ms="0" status="PASS">
          <reporter-output>
          </reporter-output>
        </test-method> <!-- setUp -->
        <test-method signature="learnHeaderFundPage(java.lang.String,java.lang.String)[pri:3, instance:tests.fundPageTests.AllPageFirefoxTests@f78a47e]" started-at="2023-08-16T12:01:36 EEST" name="learnHeaderFundPage" finished-at="2023-08-16T12:01:40 EEST" duration-ms="4073" status="PASS">
          <params>
            <param index="0">
              <value>
                <![CDATA[https://ai-mood.com/en/fund]]>
              </value>
            </param>
            <param index="1">
              <value>
                <![CDATA[Screenshots/]]>
              </value>
            </param>
          </params>
          <reporter-output>
          </reporter-output>
        </test-method> <!-- learnHeaderFundPage -->
        <test-method is-config="true" signature="setUp()[pri:0, instance:tests.fundPageTests.AllPageFirefoxTests@f78a47e]" started-at="2023-08-16T12:01:40 EEST" name="setUp" finished-at="2023-08-16T12:01:40 EEST" duration-ms="0" status="PASS">
          <reporter-output>
          </reporter-output>
        </test-method> <!-- setUp -->
        <test-method signature="resourcesHeaderFundPage(java.lang.String,java.lang.String)[pri:4, instance:tests.fundPageTests.AllPageFirefoxTests@f78a47e]" started-at="2023-08-16T12:01:40 EEST" name="resourcesHeaderFundPage" finished-at="2023-08-16T12:01:44 EEST" duration-ms="3610" status="FAIL">
          <params>
            <param index="0">
              <value>
                <![CDATA[https://ai-mood.com/en/fund]]>
              </value>
            </param>
            <param index="1">
              <value>
                <![CDATA[Screenshots/]]>
              </value>
            </param>
          </params>
          <exception class="java.lang.AssertionError">
            <message>
              <![CDATA[*** Images are not similar *** expected [true] but found [false]]]>
            </message>
            <full-stacktrace>
              <![CDATA[java.lang.AssertionError: *** Images are not similar *** expected [true] but found [false]
at org.testng.Assert.fail(Assert.java:110)
at org.testng.Assert.failNotEquals(Assert.java:1413)
at org.testng.Assert.assertTrue(Assert.java:56)
at pages.pixel_perfect.PixelPerfectAssert.byElement(PixelPerfectAssert.java:109)
at tests.fundPageTests.AllPageFirefoxTests.resourcesHeaderFundPage(AllPageFirefoxTests.java:80)
at java.base/jdk.internal.reflect.NativeMethodAccessorImpl.invoke0(Native Method)
at java.base/jdk.internal.reflect.NativeMethodAccessorImpl.invoke(NativeMethodAccessorImpl.java:62)
at java.base/jdk.internal.reflect.DelegatingMethodAccessorImpl.invoke(DelegatingMethodAccessorImpl.java:43)
at java.base/java.lang.reflect.Method.invoke(Method.java:564)
at org.testng.internal.invokers.MethodInvocationHelper.invokeMethod(MethodInvocationHelper.java:135)
at org.testng.internal.invokers.TestInvoker.invokeMethod(TestInvoker.java:673)
at org.testng.internal.invokers.TestInvoker.invokeTestMethod(TestInvoker.java:220)
at org.testng.internal.invokers.MethodRunner.runInSequence(MethodRunner.java:50)
at org.testng.internal.invokers.TestInvoker$MethodInvocationAgent.invoke(TestInvoker.java:945)
at org.testng.internal.invokers.TestInvoker.invokeTestMethods(TestInvoker.java:193)
at org.testng.internal.invokers.TestMethodWorker.invokeTestMethods(TestMethodWorker.java:146)
at org.testng.internal.invokers.TestMethodWorker.run(TestMethodWorker.java:128)
at java.base/java.util.ArrayList.forEach(ArrayList.java:1380)
at org.testng.TestRunner.privateRun(TestRunner.java:808)
at org.testng.TestRunner.run(TestRunner.java:603)
at org.testng.SuiteRunner.runTest(SuiteRunner.java:429)
at org.testng.SuiteRunner.runSequentially(SuiteRunner.java:423)
at org.testng.SuiteRunner.privateRun(SuiteRunner.java:383)
at org.testng.SuiteRunner.run(SuiteRunner.java:326)
at org.testng.SuiteRunnerWorker.runSuite(SuiteRunnerWorker.java:52)
at org.testng.SuiteRunnerWorker.run(SuiteRunnerWorker.java:95)
at org.testng.TestNG.runSuitesSequentially(TestNG.java:1249)
at org.testng.TestNG.runSuitesLocally(TestNG.java:1169)
at org.testng.TestNG.runSuites(TestNG.java:1092)
at org.testng.TestNG.run(TestNG.java:1060)
at org.apache.maven.surefire.testng.TestNGExecutor.run(TestNGExecutor.java:284)
at org.apache.maven.surefire.testng.TestNGXmlTestSuite.execute(TestNGXmlTestSuite.java:75)
at org.apache.maven.surefire.testng.TestNGProvider.invoke(TestNGProvider.java:119)
at org.apache.maven.surefire.booter.ForkedBooter.runSuitesInProcess(ForkedBooter.java:428)
at org.apache.maven.surefire.booter.ForkedBooter.execute(ForkedBooter.java:162)
at org.apache.maven.surefire.booter.ForkedBooter.run(ForkedBooter.java:562)
at org.apache.maven.surefire.booter.ForkedBooter.main(ForkedBooter.java:548)
]]>
            </full-stacktrace>
          </exception> <!-- java.lang.AssertionError -->
          <reporter-output>
          </reporter-output>
        </test-method> <!-- resourcesHeaderFundPage -->
        <test-method is-config="true" signature="setUp()[pri:0, instance:tests.fundPageTests.AllPageFirefoxTests@f78a47e]" started-at="2023-08-16T12:01:44 EEST" name="setUp" finished-at="2023-08-16T12:01:44 EEST" duration-ms="1" status="PASS">
          <reporter-output>
          </reporter-output>
        </test-method> <!-- setUp -->
        <test-method signature="mainSectionFundPage(java.lang.String,java.lang.String)[pri:6, instance:tests.fundPageTests.AllPageFirefoxTests@f78a47e]" started-at="2023-08-16T12:01:44 EEST" name="mainSectionFundPage" finished-at="2023-08-16T12:01:49 EEST" duration-ms="4891" status="PASS">
          <params>
            <param index="0">
              <value>
                <![CDATA[https://ai-mood.com/en/fund]]>
              </value>
            </param>
            <param index="1">
              <value>
                <![CDATA[Screenshots/]]>
              </value>
            </param>
          </params>
          <reporter-output>
          </reporter-output>
        </test-method> <!-- mainSectionFundPage -->
        <test-method is-config="true" signature="setUp()[pri:0, instance:tests.fundPageTests.AllPageFirefoxTests@f78a47e]" started-at="2023-08-16T12:01:49 EEST" name="setUp" finished-at="2023-08-16T12:01:49 EEST" duration-ms="0" status="PASS">
          <reporter-output>
          </reporter-output>
        </test-method> <!-- setUp -->
        <test-method signature="allFooterFundPage(java.lang.String,java.lang.String)[pri:7, instance:tests.fundPageTests.AllPageFirefoxTests@f78a47e]" started-at="2023-08-16T12:01:49 EEST" name="allFooterFundPage" finished-at="2023-08-16T12:01:53 EEST" duration-ms="4610" status="FAIL">
          <params>
            <param index="0">
              <value>
                <![CDATA[https://ai-mood.com/en/fund]]>
              </value>
            </param>
            <param index="1">
              <value>
                <![CDATA[Screenshots/]]>
              </value>
            </param>
          </params>
          <exception class="java.lang.AssertionError">
            <message>
              <![CDATA[*** Images are not similar *** expected [true] but found [false]]]>
            </message>
            <full-stacktrace>
              <![CDATA[java.lang.AssertionError: *** Images are not similar *** expected [true] but found [false]
at org.testng.Assert.fail(Assert.java:110)
at org.testng.Assert.failNotEquals(Assert.java:1413)
at org.testng.Assert.assertTrue(Assert.java:56)
at pages.pixel_perfect.PixelPerfectAssert.byElement(PixelPerfectAssert.java:109)
at tests.fundPageTests.AllPageFirefoxTests.allFooterFundPage(AllPageFirefoxTests.java:139)
at java.base/jdk.internal.reflect.NativeMethodAccessorImpl.invoke0(Native Method)
at java.base/jdk.internal.reflect.NativeMethodAccessorImpl.invoke(NativeMethodAccessorImpl.java:62)
at java.base/jdk.internal.reflect.DelegatingMethodAccessorImpl.invoke(DelegatingMethodAccessorImpl.java:43)
at java.base/java.lang.reflect.Method.invoke(Method.java:564)
at org.testng.internal.invokers.MethodInvocationHelper.invokeMethod(MethodInvocationHelper.java:135)
at org.testng.internal.invokers.TestInvoker.invokeMethod(TestInvoker.java:673)
at org.testng.internal.invokers.TestInvoker.invokeTestMethod(TestInvoker.java:220)
at org.testng.internal.invokers.MethodRunner.runInSequence(MethodRunner.java:50)
at org.testng.internal.invokers.TestInvoker$MethodInvocationAgent.invoke(TestInvoker.java:945)
at org.testng.internal.invokers.TestInvoker.invokeTestMethods(TestInvoker.java:193)
at org.testng.internal.invokers.TestMethodWorker.invokeTestMethods(TestMethodWorker.java:146)
at org.testng.internal.invokers.TestMethodWorker.run(TestMethodWorker.java:128)
at java.base/java.util.ArrayList.forEach(ArrayList.java:1380)
at org.testng.TestRunner.privateRun(TestRunner.java:808)
at org.testng.TestRunner.run(TestRunner.java:603)
at org.testng.SuiteRunner.runTest(SuiteRunner.java:429)
at org.testng.SuiteRunner.runSequentially(SuiteRunner.java:423)
at org.testng.SuiteRunner.privateRun(SuiteRunner.java:383)
at org.testng.SuiteRunner.run(SuiteRunner.java:326)
at org.testng.SuiteRunnerWorker.runSuite(SuiteRunnerWorker.java:52)
at org.testng.SuiteRunnerWorker.run(SuiteRunnerWorker.java:95)
at org.testng.TestNG.runSuitesSequentially(TestNG.java:1249)
at org.testng.TestNG.runSuitesLocally(TestNG.java:1169)
at org.testng.TestNG.runSuites(TestNG.java:1092)
at org.testng.TestNG.run(TestNG.java:1060)
at org.apache.maven.surefire.testng.TestNGExecutor.run(TestNGExecutor.java:284)
at org.apache.maven.surefire.testng.TestNGXmlTestSuite.execute(TestNGXmlTestSuite.java:75)
at org.apache.maven.surefire.testng.TestNGProvider.invoke(TestNGProvider.java:119)
at org.apache.maven.surefire.booter.ForkedBooter.runSuitesInProcess(ForkedBooter.java:428)
at org.apache.maven.surefire.booter.ForkedBooter.execute(ForkedBooter.java:162)
at org.apache.maven.surefire.booter.ForkedBooter.run(ForkedBooter.java:562)
at org.apache.maven.surefire.booter.ForkedBooter.main(ForkedBooter.java:548)
]]>
            </full-stacktrace>
          </exception> <!-- java.lang.AssertionError -->
          <reporter-output>
          </reporter-output>
        </test-method> <!-- allFooterFundPage -->
        <test-method is-config="true" signature="setUp()[pri:0, instance:tests.fundPageTests.AllPageFirefoxTests@f78a47e]" started-at="2023-08-16T12:01:53 EEST" name="setUp" finished-at="2023-08-16T12:01:53 EEST" duration-ms="0" status="PASS">
          <reporter-output>
          </reporter-output>
        </test-method> <!-- setUp -->
        <test-method signature="partnFooterFundPage(java.lang.String,java.lang.String)[pri:8, instance:tests.fundPageTests.AllPageFirefoxTests@f78a47e]" started-at="2023-08-16T12:01:53 EEST" name="partnFooterFundPage" finished-at="2023-08-16T12:01:58 EEST" duration-ms="4855" status="PASS">
          <params>
            <param index="0">
              <value>
                <![CDATA[https://ai-mood.com/en/fund]]>
              </value>
            </param>
            <param index="1">
              <value>
                <![CDATA[Screenshots/]]>
              </value>
            </param>
          </params>
          <reporter-output>
          </reporter-output>
        </test-method> <!-- partnFooterFundPage -->
        <test-method is-config="true" signature="setUp()[pri:0, instance:tests.fundPageTests.AllPageFirefoxTests@f78a47e]" started-at="2023-08-16T12:01:58 EEST" name="setUp" finished-at="2023-08-16T12:01:58 EEST" duration-ms="1" status="PASS">
          <reporter-output>
          </reporter-output>
        </test-method> <!-- setUp -->
        <test-method signature="subFooterFundPage(java.lang.String,java.lang.String)[pri:9, instance:tests.fundPageTests.AllPageFirefoxTests@f78a47e]" started-at="2023-08-16T12:01:58 EEST" name="subFooterFundPage" finished-at="2023-08-16T12:02:03 EEST" duration-ms="4451" status="FAIL">
          <params>
            <param index="0">
              <value>
                <![CDATA[https://ai-mood.com/en/fund]]>
              </value>
            </param>
            <param index="1">
              <value>
                <![CDATA[Screenshots/]]>
              </value>
            </param>
          </params>
          <exception class="java.lang.AssertionError">
            <message>
              <![CDATA[*** Images are not similar *** expected [true] but found [false]]]>
            </message>
            <full-stacktrace>
              <![CDATA[java.lang.AssertionError: *** Images are not similar *** expected [true] but found [false]
at org.testng.Assert.fail(Assert.java:110)
at org.testng.Assert.failNotEquals(Assert.java:1413)
at org.testng.Assert.assertTrue(Assert.java:56)
at pages.pixel_perfect.PixelPerfectAssert.byElement(PixelPerfectAssert.java:109)
at tests.fundPageTests.AllPageFirefoxTests.subFooterFundPage(AllPageFirefoxTests.java:177)
at java.base/jdk.internal.reflect.NativeMethodAccessorImpl.invoke0(Native Method)
at java.base/jdk.internal.reflect.NativeMethodAccessorImpl.invoke(NativeMethodAccessorImpl.java:62)
at java.base/jdk.internal.reflect.DelegatingMethodAccessorImpl.invoke(DelegatingMethodAccessorImpl.java:43)
at java.base/java.lang.reflect.Method.invoke(Method.java:564)
at org.testng.internal.invokers.MethodInvocationHelper.invokeMethod(MethodInvocationHelper.java:135)
at org.testng.internal.invokers.TestInvoker.invokeMethod(TestInvoker.java:673)
at org.testng.internal.invokers.TestInvoker.invokeTestMethod(TestInvoker.java:220)
at org.testng.internal.invokers.MethodRunner.runInSequence(MethodRunner.java:50)
at org.testng.internal.invokers.TestInvoker$MethodInvocationAgent.invoke(TestInvoker.java:945)
at org.testng.internal.invokers.TestInvoker.invokeTestMethods(TestInvoker.java:193)
at org.testng.internal.invokers.TestMethodWorker.invokeTestMethods(TestMethodWorker.java:146)
at org.testng.internal.invokers.TestMethodWorker.run(TestMethodWorker.java:128)
at java.base/java.util.ArrayList.forEach(ArrayList.java:1380)
at org.testng.TestRunner.privateRun(TestRunner.java:808)
at org.testng.TestRunner.run(TestRunner.java:603)
at org.testng.SuiteRunner.runTest(SuiteRunner.java:429)
at org.testng.SuiteRunner.runSequentially(SuiteRunner.java:423)
at org.testng.SuiteRunner.privateRun(SuiteRunner.java:383)
at org.testng.SuiteRunner.run(SuiteRunner.java:326)
at org.testng.SuiteRunnerWorker.runSuite(SuiteRunnerWorker.java:52)
at org.testng.SuiteRunnerWorker.run(SuiteRunnerWorker.java:95)
at org.testng.TestNG.runSuitesSequentially(TestNG.java:1249)
at org.testng.TestNG.runSuitesLocally(TestNG.java:1169)
at org.testng.TestNG.runSuites(TestNG.java:1092)
at org.testng.TestNG.run(TestNG.java:1060)
at org.apache.maven.surefire.testng.TestNGExecutor.run(TestNGExecutor.java:284)
at org.apache.maven.surefire.testng.TestNGXmlTestSuite.execute(TestNGXmlTestSuite.java:75)
at org.apache.maven.surefire.testng.TestNGProvider.invoke(TestNGProvider.java:119)
at org.apache.maven.surefire.booter.ForkedBooter.runSuitesInProcess(ForkedBooter.java:428)
at org.apache.maven.surefire.booter.ForkedBooter.execute(ForkedBooter.java:162)
at org.apache.maven.surefire.booter.ForkedBooter.run(ForkedBooter.java:562)
at org.apache.maven.surefire.booter.ForkedBooter.main(ForkedBooter.java:548)
]]>
            </full-stacktrace>
          </exception> <!-- java.lang.AssertionError -->
          <reporter-output>
          </reporter-output>
        </test-method> <!-- subFooterFundPage -->
        <test-method is-config="true" signature="setUp()[pri:0, instance:tests.fundPageTests.AllPageFirefoxTests@f78a47e]" started-at="2023-08-16T12:02:03 EEST" name="setUp" finished-at="2023-08-16T12:02:03 EEST" duration-ms="1" status="PASS">
          <reporter-output>
          </reporter-output>
        </test-method> <!-- setUp -->
        <test-method signature="copFooterFundPage(java.lang.String,java.lang.String)[pri:10, instance:tests.fundPageTests.AllPageFirefoxTests@f78a47e]" started-at="2023-08-16T12:02:03 EEST" name="copFooterFundPage" finished-at="2023-08-16T12:02:06 EEST" duration-ms="3536" status="FAIL">
          <params>
            <param index="0">
              <value>
                <![CDATA[https://ai-mood.com/en/fund]]>
              </value>
            </param>
            <param index="1">
              <value>
                <![CDATA[Screenshots/]]>
              </value>
            </param>
          </params>
          <exception class="java.lang.AssertionError">
            <message>
              <![CDATA[*** Images are not similar *** expected [true] but found [false]]]>
            </message>
            <full-stacktrace>
              <![CDATA[java.lang.AssertionError: *** Images are not similar *** expected [true] but found [false]
at org.testng.Assert.fail(Assert.java:110)
at org.testng.Assert.failNotEquals(Assert.java:1413)
at org.testng.Assert.assertTrue(Assert.java:56)
at pages.pixel_perfect.PixelPerfectAssert.byElement(PixelPerfectAssert.java:109)
at tests.fundPageTests.AllPageFirefoxTests.copFooterFundPage(AllPageFirefoxTests.java:196)
at java.base/jdk.internal.reflect.NativeMethodAccessorImpl.invoke0(Native Method)
at java.base/jdk.internal.reflect.NativeMethodAccessorImpl.invoke(NativeMethodAccessorImpl.java:62)
at java.base/jdk.internal.reflect.DelegatingMethodAccessorImpl.invoke(DelegatingMethodAccessorImpl.java:43)
at java.base/java.lang.reflect.Method.invoke(Method.java:564)
at org.testng.internal.invokers.MethodInvocationHelper.invokeMethod(MethodInvocationHelper.java:135)
at org.testng.internal.invokers.TestInvoker.invokeMethod(TestInvoker.java:673)
at org.testng.internal.invokers.TestInvoker.invokeTestMethod(TestInvoker.java:220)
at org.testng.internal.invokers.MethodRunner.runInSequence(MethodRunner.java:50)
at org.testng.internal.invokers.TestInvoker$MethodInvocationAgent.invoke(TestInvoker.java:945)
at org.testng.internal.invokers.TestInvoker.invokeTestMethods(TestInvoker.java:193)
at org.testng.internal.invokers.TestMethodWorker.invokeTestMethods(TestMethodWorker.java:146)
at org.testng.internal.invokers.TestMethodWorker.run(TestMethodWorker.java:128)
at java.base/java.util.ArrayList.forEach(ArrayList.java:1380)
at org.testng.TestRunner.privateRun(TestRunner.java:808)
at org.testng.TestRunner.run(TestRunner.java:603)
at org.testng.SuiteRunner.runTest(SuiteRunner.java:429)
at org.testng.SuiteRunner.runSequentially(SuiteRunner.java:423)
at org.testng.SuiteRunner.privateRun(SuiteRunner.java:383)
at org.testng.SuiteRunner.run(SuiteRunner.java:326)
at org.testng.SuiteRunnerWorker.runSuite(SuiteRunnerWorker.java:52)
at org.testng.SuiteRunnerWorker.run(SuiteRunnerWorker.java:95)
at org.testng.TestNG.runSuitesSequentially(TestNG.java:1249)
at org.testng.TestNG.runSuitesLocally(TestNG.java:1169)
at org.testng.TestNG.runSuites(TestNG.java:1092)
at org.testng.TestNG.run(TestNG.java:1060)
at org.apache.maven.surefire.testng.TestNGExecutor.run(TestNGExecutor.java:284)
at org.apache.maven.surefire.testng.TestNGXmlTestSuite.execute(TestNGXmlTestSuite.java:75)
at org.apache.maven.surefire.testng.TestNGProvider.invoke(TestNGProvider.java:119)
at org.apache.maven.surefire.booter.ForkedBooter.runSuitesInProcess(ForkedBooter.java:428)
at org.apache.maven.surefire.booter.ForkedBooter.execute(ForkedBooter.java:162)
at org.apache.maven.surefire.booter.ForkedBooter.run(ForkedBooter.java:562)
at org.apache.maven.surefire.booter.ForkedBooter.main(ForkedBooter.java:548)
]]>
            </full-stacktrace>
          </exception> <!-- java.lang.AssertionError -->
          <reporter-output>
          </reporter-output>
        </test-method> <!-- copFooterFundPage -->
        <test-method is-config="true" signature="tearDown()[pri:0, instance:tests.fundPageTests.AllPageFirefoxTests@f78a47e]" started-at="2023-08-16T12:02:06 EEST" name="tearDown" finished-at="2023-08-16T12:02:08 EEST" duration-ms="1895" status="PASS">
          <reporter-output>
          </reporter-output>
        </test-method> <!-- tearDown -->
      </class> <!-- tests.fundPageTests.AllPageFirefoxTests -->
      <class name="tests.marketPlacePageTests.AllPageChromeTests">
        <test-method is-config="true" signature="setUp()[pri:0, instance:tests.marketPlacePageTests.AllPageChromeTests@2a7f1f10]" started-at="2023-08-16T11:56:24 EEST" name="setUp" finished-at="2023-08-16T11:56:25 EEST" duration-ms="1545" status="PASS">
          <reporter-output>
          </reporter-output>
        </test-method> <!-- setUp -->
        <test-method signature="allHeaderMarketPlacePage(java.lang.String,java.lang.String)[pri:1, instance:tests.marketPlacePageTests.AllPageChromeTests@2a7f1f10]" started-at="2023-08-16T11:56:25 EEST" name="allHeaderMarketPlacePage" finished-at="2023-08-16T11:56:31 EEST" duration-ms="5666" status="PASS">
          <params>
            <param index="0">
              <value>
                <![CDATA[https://ai-mood.com/en/market-place]]>
              </value>
            </param>
            <param index="1">
              <value>
                <![CDATA[Screenshots/]]>
              </value>
            </param>
          </params>
          <reporter-output>
          </reporter-output>
        </test-method> <!-- allHeaderMarketPlacePage -->
        <test-method signature="getStartedHeaderMarketPlacePage(java.lang.String,java.lang.String)[pri:2, instance:tests.marketPlacePageTests.AllPageChromeTests@2a7f1f10]" started-at="2023-08-16T11:56:31 EEST" name="getStartedHeaderMarketPlacePage" finished-at="2023-08-16T11:56:35 EEST" duration-ms="4409" status="PASS">
          <params>
            <param index="0">
              <value>
                <![CDATA[https://ai-mood.com/en/market-place]]>
              </value>
            </param>
            <param index="1">
              <value>
                <![CDATA[Screenshots/]]>
              </value>
            </param>
          </params>
          <reporter-output>
          </reporter-output>
        </test-method> <!-- getStartedHeaderMarketPlacePage -->
        <test-method is-config="true" signature="setUp()[pri:0, instance:tests.marketPlacePageTests.AllPageChromeTests@2a7f1f10]" started-at="2023-08-16T11:56:31 EEST" name="setUp" finished-at="2023-08-16T11:56:31 EEST" duration-ms="0" status="PASS">
          <reporter-output>
          </reporter-output>
        </test-method> <!-- setUp -->
        <test-method is-config="true" signature="setUp()[pri:0, instance:tests.marketPlacePageTests.AllPageChromeTests@2a7f1f10]" started-at="2023-08-16T11:56:35 EEST" name="setUp" finished-at="2023-08-16T11:56:35 EEST" duration-ms="0" status="PASS">
          <reporter-output>
          </reporter-output>
        </test-method> <!-- setUp -->
        <test-method signature="learnHeaderMarketPlacePage(java.lang.String,java.lang.String)[pri:3, instance:tests.marketPlacePageTests.AllPageChromeTests@2a7f1f10]" started-at="2023-08-16T11:56:35 EEST" name="learnHeaderMarketPlacePage" finished-at="2023-08-16T11:56:40 EEST" duration-ms="4308" status="PASS">
          <params>
            <param index="0">
              <value>
                <![CDATA[https://ai-mood.com/en/market-place]]>
              </value>
            </param>
            <param index="1">
              <value>
                <![CDATA[Screenshots/]]>
              </value>
            </param>
          </params>
          <reporter-output>
          </reporter-output>
        </test-method> <!-- learnHeaderMarketPlacePage -->
        <test-method signature="resourcesHeaderMarketPlacePage(java.lang.String,java.lang.String)[pri:4, instance:tests.marketPlacePageTests.AllPageChromeTests@2a7f1f10]" started-at="2023-08-16T11:56:40 EEST" name="resourcesHeaderMarketPlacePage" finished-at="2023-08-16T11:56:44 EEST" duration-ms="4295" status="PASS">
          <params>
            <param index="0">
              <value>
                <![CDATA[https://ai-mood.com/en/market-place]]>
              </value>
            </param>
            <param index="1">
              <value>
                <![CDATA[Screenshots/]]>
              </value>
            </param>
          </params>
          <reporter-output>
          </reporter-output>
        </test-method> <!-- resourcesHeaderMarketPlacePage -->
        <test-method is-config="true" signature="setUp()[pri:0, instance:tests.marketPlacePageTests.AllPageChromeTests@2a7f1f10]" started-at="2023-08-16T11:56:40 EEST" name="setUp" finished-at="2023-08-16T11:56:40 EEST" duration-ms="0" status="PASS">
          <reporter-output>
          </reporter-output>
        </test-method> <!-- setUp -->
        <test-method is-config="true" signature="setUp()[pri:0, instance:tests.marketPlacePageTests.AllPageChromeTests@2a7f1f10]" started-at="2023-08-16T11:56:44 EEST" name="setUp" finished-at="2023-08-16T11:56:44 EEST" duration-ms="0" status="PASS">
          <reporter-output>
          </reporter-output>
        </test-method> <!-- setUp -->
        <test-method signature="mainSectionMarketPlacePage(java.lang.String,java.lang.String)[pri:6, instance:tests.marketPlacePageTests.AllPageChromeTests@2a7f1f10]" started-at="2023-08-16T11:56:44 EEST" name="mainSectionMarketPlacePage" finished-at="2023-08-16T11:56:49 EEST" duration-ms="5217" status="PASS">
          <params>
            <param index="0">
              <value>
                <![CDATA[https://ai-mood.com/en/market-place]]>
              </value>
            </param>
            <param index="1">
              <value>
                <![CDATA[Screenshots/]]>
              </value>
            </param>
          </params>
          <reporter-output>
          </reporter-output>
        </test-method> <!-- mainSectionMarketPlacePage -->
        <test-method is-config="true" signature="setUp()[pri:0, instance:tests.marketPlacePageTests.AllPageChromeTests@2a7f1f10]" started-at="2023-08-16T11:56:49 EEST" name="setUp" finished-at="2023-08-16T11:56:49 EEST" duration-ms="0" status="PASS">
          <reporter-output>
          </reporter-output>
        </test-method> <!-- setUp -->
        <test-method signature="statisticsSectionMarketPlacePage(java.lang.String,java.lang.String)[pri:7, instance:tests.marketPlacePageTests.AllPageChromeTests@2a7f1f10]" started-at="2023-08-16T11:56:49 EEST" name="statisticsSectionMarketPlacePage" finished-at="2023-08-16T11:56:55 EEST" duration-ms="5803" status="PASS">
          <params>
            <param index="0">
              <value>
                <![CDATA[https://ai-mood.com/en/market-place]]>
              </value>
            </param>
            <param index="1">
              <value>
                <![CDATA[Screenshots/]]>
              </value>
            </param>
          </params>
          <reporter-output>
          </reporter-output>
        </test-method> <!-- statisticsSectionMarketPlacePage -->
        <test-method signature="allFooterMarketPlacePage(java.lang.String,java.lang.String)[pri:8, instance:tests.marketPlacePageTests.AllPageChromeTests@2a7f1f10]" started-at="2023-08-16T11:56:55 EEST" name="allFooterMarketPlacePage" finished-at="2023-08-16T11:57:00 EEST" duration-ms="5266" status="PASS">
          <params>
            <param index="0">
              <value>
                <![CDATA[https://ai-mood.com/en/market-place]]>
              </value>
            </param>
            <param index="1">
              <value>
                <![CDATA[Screenshots/]]>
              </value>
            </param>
          </params>
          <reporter-output>
          </reporter-output>
        </test-method> <!-- allFooterMarketPlacePage -->
        <test-method is-config="true" signature="setUp()[pri:0, instance:tests.marketPlacePageTests.AllPageChromeTests@2a7f1f10]" started-at="2023-08-16T11:56:55 EEST" name="setUp" finished-at="2023-08-16T11:56:55 EEST" duration-ms="0" status="PASS">
          <reporter-output>
          </reporter-output>
        </test-method> <!-- setUp -->
        <test-method is-config="true" signature="setUp()[pri:0, instance:tests.marketPlacePageTests.AllPageChromeTests@2a7f1f10]" started-at="2023-08-16T11:57:00 EEST" name="setUp" finished-at="2023-08-16T11:57:00 EEST" duration-ms="0" status="PASS">
          <reporter-output>
          </reporter-output>
        </test-method> <!-- setUp -->
        <test-method signature="partnFooterMarketPlacePage(java.lang.String,java.lang.String)[pri:9, instance:tests.marketPlacePageTests.AllPageChromeTests@2a7f1f10]" started-at="2023-08-16T11:57:00 EEST" name="partnFooterMarketPlacePage" finished-at="2023-08-16T11:57:05 EEST" duration-ms="5159" status="PASS">
          <params>
            <param index="0">
              <value>
                <![CDATA[https://ai-mood.com/en/market-place]]>
              </value>
            </param>
            <param index="1">
              <value>
                <![CDATA[Screenshots/]]>
              </value>
            </param>
          </params>
          <reporter-output>
          </reporter-output>
        </test-method> <!-- partnFooterMarketPlacePage -->
        <test-method is-config="true" signature="setUp()[pri:0, instance:tests.marketPlacePageTests.AllPageChromeTests@2a7f1f10]" started-at="2023-08-16T11:57:05 EEST" name="setUp" finished-at="2023-08-16T11:57:05 EEST" duration-ms="1" status="PASS">
          <reporter-output>
          </reporter-output>
        </test-method> <!-- setUp -->
        <test-method signature="subFooterMarketPlacePage(java.lang.String,java.lang.String)[pri:10, instance:tests.marketPlacePageTests.AllPageChromeTests@2a7f1f10]" started-at="2023-08-16T11:57:05 EEST" name="subFooterMarketPlacePage" finished-at="2023-08-16T11:57:11 EEST" duration-ms="5116" status="PASS">
          <params>
            <param index="0">
              <value>
                <![CDATA[https://ai-mood.com/en/market-place]]>
              </value>
            </param>
            <param index="1">
              <value>
                <![CDATA[Screenshots/]]>
              </value>
            </param>
          </params>
          <reporter-output>
          </reporter-output>
        </test-method> <!-- subFooterMarketPlacePage -->
        <test-method is-config="true" signature="setUp()[pri:0, instance:tests.marketPlacePageTests.AllPageChromeTests@2a7f1f10]" started-at="2023-08-16T11:57:11 EEST" name="setUp" finished-at="2023-08-16T11:57:11 EEST" duration-ms="1" status="PASS">
          <reporter-output>
          </reporter-output>
        </test-method> <!-- setUp -->
        <test-method signature="copFooterMarketPlacePage(java.lang.String,java.lang.String)[pri:11, instance:tests.marketPlacePageTests.AllPageChromeTests@2a7f1f10]" started-at="2023-08-16T11:57:11 EEST" name="copFooterMarketPlacePage" finished-at="2023-08-16T11:57:15 EEST" duration-ms="4196" status="PASS">
          <params>
            <param index="0">
              <value>
                <![CDATA[https://ai-mood.com/en/market-place]]>
              </value>
            </param>
            <param index="1">
              <value>
                <![CDATA[Screenshots/]]>
              </value>
            </param>
          </params>
          <reporter-output>
          </reporter-output>
        </test-method> <!-- copFooterMarketPlacePage -->
        <test-method is-config="true" signature="tearDown()[pri:0, instance:tests.marketPlacePageTests.AllPageChromeTests@2a7f1f10]" started-at="2023-08-16T11:57:15 EEST" name="tearDown" finished-at="2023-08-16T11:57:15 EEST" duration-ms="656" status="PASS">
          <reporter-output>
          </reporter-output>
        </test-method> <!-- tearDown -->
      </class> <!-- tests.marketPlacePageTests.AllPageChromeTests -->
      <class name="tests.affiliateProgramPageTests.AllPageFirefoxTests">
        <test-method is-config="true" signature="setUp()[pri:0, instance:tests.affiliateProgramPageTests.AllPageFirefoxTests@7526515b]" started-at="2023-08-16T12:02:51 EEST" name="setUp" finished-at="2023-08-16T12:02:54 EEST" duration-ms="2471" status="PASS">
          <reporter-output>
          </reporter-output>
        </test-method> <!-- setUp -->
        <test-method signature="allHeaderAffiliateProgramPage(java.lang.String,java.lang.String)[pri:1, instance:tests.affiliateProgramPageTests.AllPageFirefoxTests@7526515b]" started-at="2023-08-16T12:02:54 EEST" name="allHeaderAffiliateProgramPage" finished-at="2023-08-16T12:03:00 EEST" duration-ms="6106" status="PASS">
          <params>
            <param index="0">
              <value>
                <![CDATA[https://ai-mood.com/en/affiliate-program]]>
              </value>
            </param>
            <param index="1">
              <value>
                <![CDATA[Screenshots/]]>
              </value>
            </param>
          </params>
          <reporter-output>
          </reporter-output>
        </test-method> <!-- allHeaderAffiliateProgramPage -->
        <test-method is-config="true" signature="setUp()[pri:0, instance:tests.affiliateProgramPageTests.AllPageFirefoxTests@7526515b]" started-at="2023-08-16T12:03:00 EEST" name="setUp" finished-at="2023-08-16T12:03:00 EEST" duration-ms="1" status="PASS">
          <reporter-output>
          </reporter-output>
        </test-method> <!-- setUp -->
        <test-method signature="getStartedHeaderAffiliateProgramPage(java.lang.String,java.lang.String)[pri:2, instance:tests.affiliateProgramPageTests.AllPageFirefoxTests@7526515b]" started-at="2023-08-16T12:03:00 EEST" name="getStartedHeaderAffiliateProgramPage" finished-at="2023-08-16T12:03:04 EEST" duration-ms="4089" status="PASS">
          <params>
            <param index="0">
              <value>
                <![CDATA[https://ai-mood.com/en/affiliate-program]]>
              </value>
            </param>
            <param index="1">
              <value>
                <![CDATA[Screenshots/]]>
              </value>
            </param>
          </params>
          <reporter-output>
          </reporter-output>
        </test-method> <!-- getStartedHeaderAffiliateProgramPage -->
        <test-method is-config="true" signature="setUp()[pri:0, instance:tests.affiliateProgramPageTests.AllPageFirefoxTests@7526515b]" started-at="2023-08-16T12:03:04 EEST" name="setUp" finished-at="2023-08-16T12:03:04 EEST" duration-ms="0" status="PASS">
          <reporter-output>
          </reporter-output>
        </test-method> <!-- setUp -->
        <test-method signature="learnHeaderAffiliateProgramPage(java.lang.String,java.lang.String)[pri:3, instance:tests.affiliateProgramPageTests.AllPageFirefoxTests@7526515b]" started-at="2023-08-16T12:03:04 EEST" name="learnHeaderAffiliateProgramPage" finished-at="2023-08-16T12:03:08 EEST" duration-ms="4105" status="PASS">
          <params>
            <param index="0">
              <value>
                <![CDATA[https://ai-mood.com/en/affiliate-program]]>
              </value>
            </param>
            <param index="1">
              <value>
                <![CDATA[Screenshots/]]>
              </value>
            </param>
          </params>
          <reporter-output>
          </reporter-output>
        </test-method> <!-- learnHeaderAffiliateProgramPage -->
        <test-method is-config="true" signature="setUp()[pri:0, instance:tests.affiliateProgramPageTests.AllPageFirefoxTests@7526515b]" started-at="2023-08-16T12:03:08 EEST" name="setUp" finished-at="2023-08-16T12:03:08 EEST" duration-ms="0" status="PASS">
          <reporter-output>
          </reporter-output>
        </test-method> <!-- setUp -->
        <test-method signature="resourcesHeaderAffiliateProgramPage(java.lang.String,java.lang.String)[pri:4, instance:tests.affiliateProgramPageTests.AllPageFirefoxTests@7526515b]" started-at="2023-08-16T12:03:08 EEST" name="resourcesHeaderAffiliateProgramPage" finished-at="2023-08-16T12:03:12 EEST" duration-ms="4123" status="PASS">
          <params>
            <param index="0">
              <value>
                <![CDATA[https://ai-mood.com/en/affiliate-program]]>
              </value>
            </param>
            <param index="1">
              <value>
                <![CDATA[Screenshots/]]>
              </value>
            </param>
          </params>
          <reporter-output>
          </reporter-output>
        </test-method> <!-- resourcesHeaderAffiliateProgramPage -->
        <test-method is-config="true" signature="setUp()[pri:0, instance:tests.affiliateProgramPageTests.AllPageFirefoxTests@7526515b]" started-at="2023-08-16T12:03:12 EEST" name="setUp" finished-at="2023-08-16T12:03:12 EEST" duration-ms="0" status="PASS">
          <reporter-output>
          </reporter-output>
        </test-method> <!-- setUp -->
        <test-method signature="mainSectionAffiliateProgramPage(java.lang.String,java.lang.String)[pri:6, instance:tests.affiliateProgramPageTests.AllPageFirefoxTests@7526515b]" started-at="2023-08-16T12:03:12 EEST" name="mainSectionAffiliateProgramPage" finished-at="2023-08-16T12:03:18 EEST" duration-ms="5935" status="PASS">
          <params>
            <param index="0">
              <value>
                <![CDATA[https://ai-mood.com/en/affiliate-program]]>
              </value>
            </param>
            <param index="1">
              <value>
                <![CDATA[Screenshots/]]>
              </value>
            </param>
          </params>
          <reporter-output>
          </reporter-output>
        </test-method> <!-- mainSectionAffiliateProgramPage -->
[...]
]]>
            </full-stacktrace>
          </exception> <!-- java.lang.AssertionError -->
          <reporter-output>
          </reporter-output>
        </test-method> <!-- resourcesHeaderMainPage -->
        <test-method is-config="true" signature="setUp()[pri:0, instance:tests.mainPageTests.AllPageChromeTests@2ddc9a9f]" started-at="2023-08-16T11:54:40 EEST" name="setUp" finished-at="2023-08-16T11:54:40 EEST" duration-ms="0" status="PASS">
          <reporter-output>
          </reporter-output>
        </test-method> <!-- setUp -->
        <test-method signature="mainSectionMainPage(java.lang.String,java.lang.String)[pri:6, instance:tests.mainPageTests.AllPageChromeTests@2ddc9a9f]" started-at="2023-08-16T11:54:44 EEST" name="mainSectionMainPage" finished-at="2023-08-16T11:54:49 EEST" duration-ms="5295" status="PASS">
          <params>
            <param index="0">
              <value>
                <![CDATA[https://ai-mood.com/en]]>
              </value>
            </param>
            <param index="1">
              <value>
                <![CDATA[Screenshots/]]>
              </value>
            </param>
          </params>
          <reporter-output>
          </reporter-output>
        </test-method> <!-- mainSectionMainPage -->
        <test-method is-config="true" signature="setUp()[pri:0, instance:tests.mainPageTests.AllPageChromeTests@2ddc9a9f]" started-at="2023-08-16T11:54:44 EEST" name="setUp" finished-at="2023-08-16T11:54:44 EEST" duration-ms="0" status="PASS">
          <reporter-output>
          </reporter-output>
        </test-method> <!-- setUp -->
        <test-method is-config="true" signature="setUp()[pri:0, instance:tests.mainPageTests.AllPageChromeTests@2ddc9a9f]" started-at="2023-08-16T11:54:49 EEST" name="setUp" finished-at="2023-08-16T11:54:49 EEST" duration-ms="0" status="PASS">
          <reporter-output>
          </reporter-output>
        </test-method> <!-- setUp -->
        <test-method signature="videoSectionMainPage(java.lang.String,java.lang.String)[pri:7, instance:tests.mainPageTests.AllPageChromeTests@2ddc9a9f]" started-at="2023-08-16T11:54:49 EEST" name="videoSectionMainPage" finished-at="2023-08-16T11:54:55 EEST" duration-ms="5620" status="PASS">
          <params>
            <param index="0">
              <value>
                <![CDATA[https://ai-mood.com/en]]>
              </value>
            </param>
            <param index="1">
              <value>
                <![CDATA[Screenshots/]]>
              </value>
            </param>
          </params>
          <reporter-output>
          </reporter-output>
        </test-method> <!-- videoSectionMainPage -->
        <test-method is-config="true" signature="setUp()[pri:0, instance:tests.mainPageTests.AllPageChromeTests@2ddc9a9f]" started-at="2023-08-16T11:54:55 EEST" name="setUp" finished-at="2023-08-16T11:54:55 EEST" duration-ms="1" status="PASS">
          <reporter-output>
          </reporter-output>
        </test-method> <!-- setUp -->
        <test-method signature="roadmapSectionMainPage(java.lang.String,java.lang.String)[pri:8, instance:tests.mainPageTests.AllPageChromeTests@2ddc9a9f]" started-at="2023-08-16T11:54:55 EEST" name="roadmapSectionMainPage" finished-at="2023-08-16T11:55:00 EEST" duration-ms="5636" status="PASS">
          <params>
            <param index="0">
              <value>
                <![CDATA[https://ai-mood.com/en]]>
              </value>
            </param>
            <param index="1">
              <value>
                <![CDATA[Screenshots/]]>
              </value>
            </param>
          </params>
          <reporter-output>
          </reporter-output>
        </test-method> <!-- roadmapSectionMainPage -->
        <test-method is-config="true" signature="setUp()[pri:0, instance:tests.mainPageTests.AllPageChromeTests@2ddc9a9f]" started-at="2023-08-16T11:55:00 EEST" name="setUp" finished-at="2023-08-16T11:55:00 EEST" duration-ms="1" status="PASS">
          <reporter-output>
          </reporter-output>
        </test-method> <!-- setUp -->
        <test-method signature="statisticsSectionMainPage(java.lang.String,java.lang.String)[pri:9, instance:tests.mainPageTests.AllPageChromeTests@2ddc9a9f]" started-at="2023-08-16T11:55:00 EEST" name="statisticsSectionMainPage" finished-at="2023-08-16T11:55:06 EEST" duration-ms="5773" status="PASS">
          <params>
            <param index="0">
              <value>
                <![CDATA[https://ai-mood.com/en]]>
              </value>
            </param>
            <param index="1">
              <value>
                <![CDATA[Screenshots/]]>
              </value>
            </param>
          </params>
          <reporter-output>
          </reporter-output>
        </test-method> <!-- statisticsSectionMainPage -->
        <test-method is-config="true" signature="setUp()[pri:0, instance:tests.mainPageTests.AllPageChromeTests@2ddc9a9f]" started-at="2023-08-16T11:55:06 EEST" name="setUp" finished-at="2023-08-16T11:55:06 EEST" duration-ms="0" status="PASS">
          <reporter-output>
          </reporter-output>
        </test-method> <!-- setUp -->
        <test-method signature="leaningSectionMainPage(java.lang.String,java.lang.String)[pri:10, instance:tests.mainPageTests.AllPageChromeTests@2ddc9a9f]" started-at="2023-08-16T11:55:06 EEST" name="leaningSectionMainPage" finished-at="2023-08-16T11:55:12 EEST" duration-ms="6243" status="PASS">
          <params>
            <param index="0">
              <value>
                <![CDATA[https://ai-mood.com/en]]>
              </value>
            </param>
            <param index="1">
              <value>
                <![CDATA[Screenshots/]]>
              </value>
            </param>
          </params>
          <reporter-output>
          </reporter-output>
        </test-method> <!-- leaningSectionMainPage -->
        <test-method is-config="true" signature="setUp()[pri:0, instance:tests.mainPageTests.AllPageChromeTests@2ddc9a9f]" started-at="2023-08-16T11:55:12 EEST" name="setUp" finished-at="2023-08-16T11:55:12 EEST" duration-ms="1" status="PASS">
          <reporter-output>
          </reporter-output>
        </test-method> <!-- setUp -->
        <test-method signature="allFooterMainPage(java.lang.String,java.lang.String)[pri:11, instance:tests.mainPageTests.AllPageChromeTests@2ddc9a9f]" started-at="2023-08-16T11:55:12 EEST" name="allFooterMainPage" finished-at="2023-08-16T11:55:18 EEST" duration-ms="5019" status="FAIL">
          <params>
            <param index="0">
              <value>
                <![CDATA[https://ai-mood.com/en]]>
              </value>
            </param>
            <param index="1">
              <value>
                <![CDATA[Screenshots/]]>
              </value>
            </param>
          </params>
          <exception class="java.lang.AssertionError">
            <message>
              <![CDATA[*** Images are not similar *** expected [true] but found [false]]]>
            </message>
            <full-stacktrace>
              <![CDATA[java.lang.AssertionError: *** Images are not similar *** expected [true] but found [false]
at org.testng.Assert.fail(Assert.java:110)
at org.testng.Assert.failNotEquals(Assert.java:1413)
at org.testng.Assert.assertTrue(Assert.java:56)
at pages.pixel_perfect.PixelPerfectAssert.byElement(PixelPerfectAssert.java:109)
at tests.mainPageTests.AllPageChromeTests.allFooterMainPage(AllPageChromeTests.java:214)
at java.base/jdk.internal.reflect.NativeMethodAccessorImpl.invoke0(Native Method)
at java.base/jdk.internal.reflect.NativeMethodAccessorImpl.invoke(NativeMethodAccessorImpl.java:62)
at java.base/jdk.internal.reflect.DelegatingMethodAccessorImpl.invoke(DelegatingMethodAccessorImpl.java:43)
at java.base/java.lang.reflect.Method.invoke(Method.java:564)
at org.testng.internal.invokers.MethodInvocationHelper.invokeMethod(MethodInvocationHelper.java:135)
at org.testng.internal.invokers.TestInvoker.invokeMethod(TestInvoker.java:673)
at org.testng.internal.invokers.TestInvoker.invokeTestMethod(TestInvoker.java:220)
at org.testng.internal.invokers.MethodRunner.runInSequence(MethodRunner.java:50)
at org.testng.internal.invokers.TestInvoker$MethodInvocationAgent.invoke(TestInvoker.java:945)
at org.testng.internal.invokers.TestInvoker.invokeTestMethods(TestInvoker.java:193)
at org.testng.internal.invokers.TestMethodWorker.invokeTestMethods(TestMethodWorker.java:146)
at org.testng.internal.invokers.TestMethodWorker.run(TestMethodWorker.java:128)
at java.base/java.util.ArrayList.forEach(ArrayList.java:1380)
at org.testng.TestRunner.privateRun(TestRunner.java:808)
at org.testng.TestRunner.run(TestRunner.java:603)
at org.testng.SuiteRunner.runTest(SuiteRunner.java:429)
at org.testng.SuiteRunner.runSequentially(SuiteRunner.java:423)
at org.testng.SuiteRunner.privateRun(SuiteRunner.java:383)
at org.testng.SuiteRunner.run(SuiteRunner.java:326)
at org.testng.SuiteRunnerWorker.runSuite(SuiteRunnerWorker.java:52)
at org.testng.SuiteRunnerWorker.run(SuiteRunnerWorker.java:95)
at org.testng.TestNG.runSuitesSequentially(TestNG.java:1249)
at org.testng.TestNG.runSuitesLocally(TestNG.java:1169)
at org.testng.TestNG.runSuites(TestNG.java:1092)
at org.testng.TestNG.run(TestNG.java:1060)
at org.apache.maven.surefire.testng.TestNGExecutor.run(TestNGExecutor.java:284)
at org.apache.maven.surefire.testng.TestNGXmlTestSuite.execute(TestNGXmlTestSuite.java:75)
at org.apache.maven.surefire.testng.TestNGProvider.invoke(TestNGProvider.java:119)
at org.apache.maven.surefire.booter.ForkedBooter.runSuitesInProcess(ForkedBooter.java:428)
at org.apache.maven.surefire.booter.ForkedBooter.execute(ForkedBooter.java:162)
at org.apache.maven.surefire.booter.ForkedBooter.run(ForkedBooter.java:562)
at org.apache.maven.surefire.booter.ForkedBooter.main(ForkedBooter.java:548)
]]>
            </full-stacktrace>
          </exception> <!-- java.lang.AssertionError -->
          <reporter-output>
          </reporter-output>
        </test-method> <!-- allFooterMainPage -->
        <test-method is-config="true" signature="setUp()[pri:0, instance:tests.mainPageTests.AllPageChromeTests@2ddc9a9f]" started-at="2023-08-16T11:55:18 EEST" name="setUp" finished-at="2023-08-16T11:55:18 EEST" duration-ms="0" status="PASS">
          <reporter-output>
          </reporter-output>
        </test-method> <!-- setUp -->
        <test-method signature="partnFooterMainPage(java.lang.String,java.lang.String)[pri:12, instance:tests.mainPageTests.AllPageChromeTests@2ddc9a9f]" started-at="2023-08-16T11:55:18 EEST" name="partnFooterMainPage" finished-at="2023-08-16T11:55:23 EEST" duration-ms="5196" status="PASS">
          <params>
            <param index="0">
              <value>
                <![CDATA[https://ai-mood.com/en]]>
              </value>
            </param>
            <param index="1">
              <value>
                <![CDATA[Screenshots/]]>
              </value>
            </param>
          </params>
          <reporter-output>
          </reporter-output>
        </test-method> <!-- partnFooterMainPage -->
        <test-method signature="subFooterMainPage(java.lang.String,java.lang.String)[pri:13, instance:tests.mainPageTests.AllPageChromeTests@2ddc9a9f]" started-at="2023-08-16T11:55:23 EEST" name="subFooterMainPage" finished-at="2023-08-16T11:55:27 EEST" duration-ms="4693" status="FAIL">
          <params>
            <param index="0">
              <value>
                <![CDATA[https://ai-mood.com/en]]>
              </value>
            </param>
            <param index="1">
              <value>
                <![CDATA[Screenshots/]]>
              </value>
            </param>
          </params>
          <exception class="java.lang.AssertionError">
            <message>
              <![CDATA[*** Images are not similar *** expected [true] but found [false]]]>
            </message>
            <full-stacktrace>
              <![CDATA[java.lang.AssertionError: *** Images are not similar *** expected [true] but found [false]
at org.testng.Assert.fail(Assert.java:110)
at org.testng.Assert.failNotEquals(Assert.java:1413)
at org.testng.Assert.assertTrue(Assert.java:56)
at pages.pixel_perfect.PixelPerfectAssert.byElement(PixelPerfectAssert.java:109)
at tests.mainPageTests.AllPageChromeTests.subFooterMainPage(AllPageChromeTests.java:252)
at java.base/jdk.internal.reflect.NativeMethodAccessorImpl.invoke0(Native Method)
at java.base/jdk.internal.reflect.NativeMethodAccessorImpl.invoke(NativeMethodAccessorImpl.java:62)
at java.base/jdk.internal.reflect.DelegatingMethodAccessorImpl.invoke(DelegatingMethodAccessorImpl.java:43)
at java.base/java.lang.reflect.Method.invoke(Method.java:564)
at org.testng.internal.invokers.MethodInvocationHelper.invokeMethod(MethodInvocationHelper.java:135)
at org.testng.internal.invokers.TestInvoker.invokeMethod(TestInvoker.java:673)
at org.testng.internal.invokers.TestInvoker.invokeTestMethod(TestInvoker.java:220)
at org.testng.internal.invokers.MethodRunner.runInSequence(MethodRunner.java:50)
at org.testng.internal.invokers.TestInvoker$MethodInvocationAgent.invoke(TestInvoker.java:945)
at org.testng.internal.invokers.TestInvoker.invokeTestMethods(TestInvoker.java:193)
at org.testng.internal.invokers.TestMethodWorker.invokeTestMethods(TestMethodWorker.java:146)
at org.testng.internal.invokers.TestMethodWorker.run(TestMethodWorker.java:128)
at java.base/java.util.ArrayList.forEach(ArrayList.java:1380)
at org.testng.TestRunner.privateRun(TestRunner.java:808)
at org.testng.TestRunner.run(TestRunner.java:603)
at org.testng.SuiteRunner.runTest(SuiteRunner.java:429)
at org.testng.SuiteRunner.runSequentially(SuiteRunner.java:423)
at org.testng.SuiteRunner.privateRun(SuiteRunner.java:383)
at org.testng.SuiteRunner.run(SuiteRunner.java:326)
at org.testng.SuiteRunnerWorker.runSuite(SuiteRunnerWorker.java:52)
at org.testng.SuiteRunnerWorker.run(SuiteRunnerWorker.java:95)
at org.testng.TestNG.runSuitesSequentially(TestNG.java:1249)
at org.testng.TestNG.runSuitesLocally(TestNG.java:1169)
at org.testng.TestNG.runSuites(TestNG.java:1092)
at org.testng.TestNG.run(TestNG.java:1060)
at org.apache.maven.surefire.testng.TestNGExecutor.run(TestNGExecutor.java:284)
at org.apache.maven.surefire.testng.TestNGXmlTestSuite.execute(TestNGXmlTestSuite.java:75)
at org.apache.maven.surefire.testng.TestNGProvider.invoke(TestNGProvider.java:119)
at org.apache.maven.surefire.booter.ForkedBooter.runSuitesInProcess(ForkedBooter.java:428)
at org.apache.maven.surefire.booter.ForkedBooter.execute(ForkedBooter.java:162)
at org.apache.maven.surefire.booter.ForkedBooter.run(ForkedBooter.java:562)
at org.apache.maven.surefire.booter.ForkedBooter.main(ForkedBooter.java:548)
]]>
            </full-stacktrace>
          </exception> <!-- java.lang.AssertionError -->
          <reporter-output>
          </reporter-output>
        </test-method> <!-- subFooterMainPage -->
        <test-method is-config="true" signature="setUp()[pri:0, instance:tests.mainPageTests.AllPageChromeTests@2ddc9a9f]" started-at="2023-08-16T11:55:23 EEST" name="setUp" finished-at="2023-08-16T11:55:23 EEST" duration-ms="0" status="PASS">
          <reporter-output>
          </reporter-output>
        </test-method> <!-- setUp -->
        <test-method signature="copFooterMainPage(java.lang.String,java.lang.String)[pri:14, instance:tests.mainPageTests.AllPageChromeTests@2ddc9a9f]" started-at="2023-08-16T11:55:27 EEST" name="copFooterMainPage" finished-at="2023-08-16T11:55:31 EEST" duration-ms="3772" status="FAIL">
          <params>
            <param index="0">
              <value>
                <![CDATA[https://ai-mood.com/en]]>
              </value>
            </param>
            <param index="1">
              <value>
                <![CDATA[Screenshots/]]>
              </value>
            </param>
          </params>
          <exception class="java.lang.AssertionError">
            <message>
              <![CDATA[*** Images are not similar *** expected [true] but found [false]]]>
            </message>
            <full-stacktrace>
              <![CDATA[java.lang.AssertionError: *** Images are not similar *** expected [true] but found [false]
at org.testng.Assert.fail(Assert.java:110)
at org.testng.Assert.failNotEquals(Assert.java:1413)
at org.testng.Assert.assertTrue(Assert.java:56)
at pages.pixel_perfect.PixelPerfectAssert.byElement(PixelPerfectAssert.java:109)
at tests.mainPageTests.AllPageChromeTests.copFooterMainPage(AllPageChromeTests.java:271)
at java.base/jdk.internal.reflect.NativeMethodAccessorImpl.invoke0(Native Method)
at java.base/jdk.internal.reflect.NativeMethodAccessorImpl.invoke(NativeMethodAccessorImpl.java:62)
at java.base/jdk.internal.reflect.DelegatingMethodAccessorImpl.invoke(DelegatingMethodAccessorImpl.java:43)
at java.base/java.lang.reflect.Method.invoke(Method.java:564)
at org.testng.internal.invokers.MethodInvocationHelper.invokeMethod(MethodInvocationHelper.java:135)
at org.testng.internal.invokers.TestInvoker.invokeMethod(TestInvoker.java:673)
at org.testng.internal.invokers.TestInvoker.invokeTestMethod(TestInvoker.java:220)
at org.testng.internal.invokers.MethodRunner.runInSequence(MethodRunner.java:50)
at org.testng.internal.invokers.TestInvoker$MethodInvocationAgent.invoke(TestInvoker.java:945)
at org.testng.internal.invokers.TestInvoker.invokeTestMethods(TestInvoker.java:193)
at org.testng.internal.invokers.TestMethodWorker.invokeTestMethods(TestMethodWorker.java:146)
at org.testng.internal.invokers.TestMethodWorker.run(TestMethodWorker.java:128)
at java.base/java.util.ArrayList.forEach(ArrayList.java:1380)
at org.testng.TestRunner.privateRun(TestRunner.java:808)
at org.testng.TestRunner.run(TestRunner.java:603)
at org.testng.SuiteRunner.runTest(SuiteRunner.java:429)
at org.testng.SuiteRunner.runSequentially(SuiteRunner.java:423)
at org.testng.SuiteRunner.privateRun(SuiteRunner.java:383)
at org.testng.SuiteRunner.run(SuiteRunner.java:326)
at org.testng.SuiteRunnerWorker.runSuite(SuiteRunnerWorker.java:52)
at org.testng.SuiteRunnerWorker.run(SuiteRunnerWorker.java:95)
at org.testng.TestNG.runSuitesSequentially(TestNG.java:1249)
at org.testng.TestNG.runSuitesLocally(TestNG.java:1169)
at org.testng.TestNG.runSuites(TestNG.java:1092)
at org.testng.TestNG.run(TestNG.java:1060)
at org.apache.maven.surefire.testng.TestNGExecutor.run(TestNGExecutor.java:284)
at org.apache.maven.surefire.testng.TestNGXmlTestSuite.execute(TestNGXmlTestSuite.java:75)
at org.apache.maven.surefire.testng.TestNGProvider.invoke(TestNGProvider.java:119)
at org.apache.maven.surefire.booter.ForkedBooter.runSuitesInProcess(ForkedBooter.java:428)
at org.apache.maven.surefire.booter.ForkedBooter.execute(ForkedBooter.java:162)
at org.apache.maven.surefire.booter.ForkedBooter.run(ForkedBooter.java:562)
at org.apache.maven.surefire.booter.ForkedBooter.main(ForkedBooter.java:548)
]]>
            </full-stacktrace>
          </exception> <!-- java.lang.AssertionError -->
          <reporter-output>
          </reporter-output>
        </test-method> <!-- copFooterMainPage -->
        <test-method is-config="true" signature="setUp()[pri:0, instance:tests.mainPageTests.AllPageChromeTests@2ddc9a9f]" started-at="2023-08-16T11:55:27 EEST" name="setUp" finished-at="2023-08-16T11:55:27 EEST" duration-ms="0" status="PASS">
          <reporter-output>
          </reporter-output>
        </test-method> <!-- setUp -->
        <test-method is-config="true" signature="tearDown()[pri:0, instance:tests.mainPageTests.AllPageChromeTests@2ddc9a9f]" started-at="2023-08-16T11:55:31 EEST" name="tearDown" finished-at="2023-08-16T11:55:32 EEST" duration-ms="676" status="PASS">
          <reporter-output>
          </reporter-output>
        </test-method> <!-- tearDown -->
      </class> <!-- tests.mainPageTests.AllPageChromeTests -->
    </test> <!-- ai-mood - Pixel perfect regression -->
  </suite> <!-- WPT -->
</testng-results>
