<?xml version="1.0" encoding="UTF-8"?>
<testng-results ignored="0" total="10" passed="10" failed="0" skipped="0">
  <reporter-output>
  </reporter-output>
  <suite started-at="2023-08-31T10:21:42 EEST" name="WPT" finished-at="2023-08-31T10:22:43 EEST" duration-ms="61784">
    <groups>
    </groups>
    <test started-at="2023-08-31T10:21:42 EEST" name="ai-mood - Pixel perfect regression" finished-at="2023-08-31T10:22:43 EEST" duration-ms="61784">
      <class name="tests.SignUp.SignUpChromeTests">
        <test-method is-config="true" signature="setUp()[pri:0, instance:tests.SignUp.SignUpChromeTests@60bd273d]" started-at="2023-08-31T10:21:42 EEST" name="setUp" finished-at="2023-08-31T10:21:44 EEST" duration-ms="2088" status="PASS">
          <reporter-output>
          </reporter-output>
        </test-method> <!-- setUp -->
        <test-method signature="allHeaderSignUpPage(java.lang.String,java.lang.String)[pri:1, instance:tests.SignUp.SignUpChromeTests@60bd273d]" started-at="2023-08-31T10:21:44 EEST" name="allHeaderSignUpPage" finished-at="2023-08-31T10:21:49 EEST" duration-ms="5551" status="PASS">
          <params>
            <param index="0">
              <value>
                <![CDATA[https://ai-mood.com/en/register]]>
              </value>
            </param>
            <param index="1">
              <value>
                <![CDATA[Screenshots/]]>
              </value>
            </param>
          </params>
          <reporter-output>
          </reporter-output>
        </test-method> <!-- allHeaderSignUpPage -->
        <test-method signature="mainBlockWhitePaperPage(java.lang.String,java.lang.String)[pri:2, instance:tests.SignUp.SignUpChromeTests@60bd273d]" started-at="2023-08-31T10:21:49 EEST" name="mainBlockWhitePaperPage" finished-at="2023-08-31T10:21:55 EEST" duration-ms="5310" status="PASS">
          <params>
            <param index="0">
              <value>
                <![CDATA[https://ai-mood.com/en/register]]>
              </value>
            </param>
            <param index="1">
              <value>
                <![CDATA[Screenshots/]]>
              </value>
            </param>
          </params>
          <reporter-output>
          </reporter-output>
        </test-method> <!-- mainBlockWhitePaperPage -->
        <test-method is-config="true" signature="setUp()[pri:0, instance:tests.SignUp.SignUpChromeTests@60bd273d]" started-at="2023-08-31T10:21:49 EEST" name="setUp" finished-at="2023-08-31T10:21:49 EEST" duration-ms="0" status="PASS">
          <reporter-output>
          </reporter-output>
        </test-method> <!-- setUp -->
        <test-method signature="Already(java.lang.String,java.lang.String)[pri:4, instance:tests.SignUp.SignUpChromeTests@60bd273d]" started-at="2023-08-31T10:21:55 EEST" name="Already" finished-at="2023-08-31T10:22:00 EEST" duration-ms="4990" status="PASS">
          <params>
            <param index="0">
              <value>
                <![CDATA[https://ai-mood.com/en/register]]>
              </value>
            </param>
            <param index="1">
              <value>
                <![CDATA[Screenshots/]]>
              </value>
            </param>
          </params>
          <reporter-output>
          </reporter-output>
        </test-method> <!-- Already -->
        <test-method is-config="true" signature="setUp()[pri:0, instance:tests.SignUp.SignUpChromeTests@60bd273d]" started-at="2023-08-31T10:21:55 EEST" name="setUp" finished-at="2023-08-31T10:21:55 EEST" duration-ms="0" status="PASS">
          <reporter-output>
          </reporter-output>
        </test-method> <!-- setUp -->
        <test-method signature="allPageSignUpPage(java.lang.String,java.lang.String)[pri:5, instance:tests.SignUp.SignUpChromeTests@60bd273d]" started-at="2023-08-31T10:22:00 EEST" name="allPageSignUpPage" finished-at="2023-08-31T10:22:02 EEST" duration-ms="2517" status="PASS">
          <params>
            <param index="0">
              <value>
                <![CDATA[https://ai-mood.com/en/register]]>
              </value>
            </param>
            <param index="1">
              <value>
                <![CDATA[Screenshots/]]>
              </value>
            </param>
          </params>
          <reporter-output>
          </reporter-output>
        </test-method> <!-- allPageSignUpPage -->
        <test-method is-config="true" signature="setUp()[pri:0, instance:tests.SignUp.SignUpChromeTests@60bd273d]" started-at="2023-08-31T10:22:00 EEST" name="setUp" finished-at="2023-08-31T10:22:00 EEST" duration-ms="0" status="PASS">
          <reporter-output>
          </reporter-output>
        </test-method> <!-- setUp -->
        <test-method signature="allFooterSignUp(java.lang.String,java.lang.String)[pri:6, instance:tests.SignUp.SignUpChromeTests@60bd273d]" started-at="2023-08-31T10:22:02 EEST" name="allFooterSignUp" finished-at="2023-08-31T10:22:17 EEST" duration-ms="14967" status="PASS">
          <params>
            <param index="0">
              <value>
                <![CDATA[https://ai-mood.com/en/register]]>
              </value>
            </param>
            <param index="1">
              <value>
                <![CDATA[Screenshots/]]>
              </value>
            </param>
          </params>
          <reporter-output>
          </reporter-output>
        </test-method> <!-- allFooterSignUp -->
        <test-method is-config="true" signature="setUp()[pri:0, instance:tests.SignUp.SignUpChromeTests@60bd273d]" started-at="2023-08-31T10:22:02 EEST" name="setUp" finished-at="2023-08-31T10:22:02 EEST" duration-ms="0" status="PASS">
          <reporter-output>
          </reporter-output>
        </test-method> <!-- setUp -->
        <test-method is-config="true" signature="tearDown()[pri:0, instance:tests.SignUp.SignUpChromeTests@60bd273d]" started-at="2023-08-31T10:22:17 EEST" name="tearDown" finished-at="2023-08-31T10:22:18 EEST" duration-ms="650" status="PASS">
          <reporter-output>
          </reporter-output>
        </test-method> <!-- tearDown -->
      </class> <!-- tests.SignUp.SignUpChromeTests -->
      <class name="tests.SignUp.SignUpFirefoxTests">
        <test-method is-config="true" signature="setUp()[pri:0, instance:tests.SignUp.SignUpFirefoxTests@2cf3d63b]" started-at="2023-08-31T10:22:18 EEST" name="setUp" finished-at="2023-08-31T10:22:20 EEST" duration-ms="2390" status="PASS">
          <reporter-output>
          </reporter-output>
        </test-method> <!-- setUp -->
        <test-method signature="allHeaderSignUpPage(java.lang.String,java.lang.String)[pri:1, instance:tests.SignUp.SignUpFirefoxTests@2cf3d63b]" started-at="2023-08-31T10:22:20 EEST" name="allHeaderSignUpPage" finished-at="2023-08-31T10:22:26 EEST" duration-ms="5552" status="PASS">
          <params>
            <param index="0">
              <value>
                <![CDATA[https://ai-mood.com/en/register]]>
              </value>
            </param>
            <param index="1">
              <value>
                <![CDATA[Screenshots/]]>
              </value>
            </param>
          </params>
          <reporter-output>
          </reporter-output>
        </test-method> <!-- allHeaderSignUpPage -->
        <test-method signature="mainBlockWhitePaperPage(java.lang.String,java.lang.String)[pri:2, instance:tests.SignUp.SignUpFirefoxTests@2cf3d63b]" started-at="2023-08-31T10:22:26 EEST" name="mainBlockWhitePaperPage" finished-at="2023-08-31T10:22:31 EEST" duration-ms="4940" status="PASS">
          <params>
            <param index="0">
              <value>
                <![CDATA[https://ai-mood.com/en/register]]>
              </value>
            </param>
            <param index="1">
              <value>
                <![CDATA[Screenshots/]]>
              </value>
            </param>
          </params>
          <reporter-output>
          </reporter-output>
        </test-method> <!-- mainBlockWhitePaperPage -->
        <test-method is-config="true" signature="setUp()[pri:0, instance:tests.SignUp.SignUpFirefoxTests@2cf3d63b]" started-at="2023-08-31T10:22:26 EEST" name="setUp" finished-at="2023-08-31T10:22:26 EEST" duration-ms="0" status="PASS">
          <reporter-output>
          </reporter-output>
        </test-method> <!-- setUp -->
        <test-method signature="Already(java.lang.String,java.lang.String)[pri:4, instance:tests.SignUp.SignUpFirefoxTests@2cf3d63b]" started-at="2023-08-31T10:22:31 EEST" name="Already" finished-at="2023-08-31T10:22:36 EEST" duration-ms="4870" status="PASS">
          <params>
            <param index="0">
              <value>
                <![CDATA[https://ai-mood.com/en/register]]>
              </value>
            </param>
            <param index="1">
              <value>
                <![CDATA[Screenshots/]]>
              </value>
            </param>
          </params>
          <reporter-output>
          </reporter-output>
        </test-method> <!-- Already -->
        <test-method is-config="true" signature="setUp()[pri:0, instance:tests.SignUp.SignUpFirefoxTests@2cf3d63b]" started-at="2023-08-31T10:22:31 EEST" name="setUp" finished-at="2023-08-31T10:22:31 EEST" duration-ms="0" status="PASS">
          <reporter-output>
          </reporter-output>
        </test-method> <!-- setUp -->
        <test-method signature="allPageSignUpPage(java.lang.String,java.lang.String)[pri:5, instance:tests.SignUp.SignUpFirefoxTests@2cf3d63b]" started-at="2023-08-31T10:22:36 EEST" name="allPageSignUpPage" finished-at="2023-08-31T10:22:38 EEST" duration-ms="2379" status="PASS">
          <params>
            <param index="0">
              <value>
                <![CDATA[https://ai-mood.com/en/register]]>
              </value>
            </param>
            <param index="1">
              <value>
                <![CDATA[Screenshots/]]>
              </value>
            </param>
          </params>
          <reporter-output>
          </reporter-output>
        </test-method> <!-- allPageSignUpPage -->
        <test-method is-config="true" signature="setUp()[pri:0, instance:tests.SignUp.SignUpFirefoxTests@2cf3d63b]" started-at="2023-08-31T10:22:36 EEST" name="setUp" finished-at="2023-08-31T10:22:36 EEST" duration-ms="0" status="PASS">
          <reporter-output>
          </reporter-output>
        </test-method> <!-- setUp -->
        <test-method signature="allFooterSignUp(java.lang.String,java.lang.String)[pri:6, instance:tests.SignUp.SignUpFirefoxTests@2cf3d63b]" started-at="2023-08-31T10:22:38 EEST" name="allFooterSignUp" finished-at="2023-08-31T10:22:43 EEST" duration-ms="4797" status="PASS">
          <params>
            <param index="0">
              <value>
                <![CDATA[https://ai-mood.com/en/register]]>
              </value>
            </param>
            <param index="1">
              <value>
                <![CDATA[Screenshots/]]>
              </value>
            </param>
          </params>
          <reporter-output>
          </reporter-output>
        </test-method> <!-- allFooterSignUp -->
        <test-method is-config="true" signature="setUp()[pri:0, instance:tests.SignUp.SignUpFirefoxTests@2cf3d63b]" started-at="2023-08-31T10:22:38 EEST" name="setUp" finished-at="2023-08-31T10:22:38 EEST" duration-ms="0" status="PASS">
          <reporter-output>
          </reporter-output>
        </test-method> <!-- setUp -->
        <test-method is-config="true" signature="tearDown()[pri:0, instance:tests.SignUp.SignUpFirefoxTests@2cf3d63b]" started-at="2023-08-31T10:22:43 EEST" name="tearDown" finished-at="2023-08-31T10:22:43 EEST" duration-ms="698" status="PASS">
          <reporter-output>
          </reporter-output>
        </test-method> <!-- tearDown -->
      </class> <!-- tests.SignUp.SignUpFirefoxTests -->
    </test> <!-- ai-mood - Pixel perfect regression -->
  </suite> <!-- WPT -->
</testng-results>
