-------------------------------------------------------------------------------
Test set: TestSuite
-------------------------------------------------------------------------------
Tests run: 362, Failures: 82, Errors: 0, Skipped: 164, Time elapsed: 2,714.91 s <<< FAILURE! - in TestSuite
tests.whitePaper.WhitePaperChromeTests.allHeaderWhitePaperPage[https://ai-mood.com/en/white-paper, Screenshots/](3)  Time elapsed: 21.674 s  <<< FAILURE!
java.lang.AssertionError: *** Images are not similar *** expected [true] but found [false]
	at tests.whitePaper.WhitePaperChromeTests.allHeaderWhitePaperPage(WhitePaperChromeTests.java:26)

tests.whitePaper.WhitePaperChromeTests.getStartedHeaderWhitePaperPage[https://ai-mood.com/en/white-paper, Screenshots/](3)  Time elapsed: 5.769 s  <<< FAILURE!
java.lang.AssertionError: *** Images are not similar *** expected [true] but found [false]
	at tests.whitePaper.WhitePaperChromeTests.getStartedHeaderWhitePaperPage(WhitePaperChromeTests.java:43)

tests.whitePaper.WhitePaperChromeTests.marketPlaceHeaderWhitePaperPage[https://ai-mood.com/en/white-paper, Screenshots/](3)  Time elapsed: 5.733 s  <<< FAILURE!
javax.imageio.IIOException: Can't read input file!
	at tests.whitePaper.WhitePaperChromeTests.marketPlaceHeaderWhitePaperPage(WhitePaperChromeTests.java:80)

tests.whitePaper.WhitePaperChromeTests.whitePaperHeaderWhitePaperPage[https://ai-mood.com/en/white-paper, Screenshots/](3)  Time elapsed: 5.768 s  <<< FAILURE!
javax.imageio.IIOException: Can't read input file!
	at tests.whitePaper.WhitePaperChromeTests.whitePaperHeaderWhitePaperPage(WhitePaperChromeTests.java:98)

tests.whitePaper.WhitePaperChromeTests.learnHeaderWhitePaperPage[https://ai-mood.com/en/white-paper, Screenshots/](3)  Time elapsed: 5.792 s  <<< FAILURE!
java.lang.AssertionError: *** Images are not similar *** expected [true] but found [false]
	at tests.whitePaper.WhitePaperChromeTests.learnHeaderWhitePaperPage(WhitePaperChromeTests.java:62)

tests.whitePaper.WhitePaperChromeTests.resourcesHeaderWhitePaperPage[https://ai-mood.com/en/white-paper, Screenshots/](3)  Time elapsed: 5.829 s  <<< FAILURE!
java.lang.AssertionError: *** Images are not similar *** expected [true] but found [false]
	at tests.whitePaper.WhitePaperChromeTests.resourcesHeaderWhitePaperPage(WhitePaperChromeTests.java:117)

tests.whitePaper.WhitePaperChromeTests.mainBlockWhitePaperPage[https://ai-mood.com/en/white-paper, Screenshots/](3)  Time elapsed: 5.906 s  <<< FAILURE!
java.lang.AssertionError: *** Images are not similar *** expected [true] but found [false]
	at tests.whitePaper.WhitePaperChromeTests.mainBlockWhitePaperPage(WhitePaperChromeTests.java:135)

tests.whitePaper.WhitePaperChromeTests.EweuimtPage[https://ai-mood.com/en/white-paper, Screenshots/](3)  Time elapsed: 6.52 s  <<< FAILURE!
java.lang.AssertionError: *** Images are not similar *** expected [true] but found [false]
	at tests.whitePaper.WhitePaperChromeTests.EweuimtPage(WhitePaperChromeTests.java:154)

tests.whitePaper.WhitePaperChromeTests.allFooterWhitePaperPage[https://ai-mood.com/en/white-paper, Screenshots/](3)  Time elapsed: 5.943 s  <<< FAILURE!
java.lang.AssertionError: *** Images are not similar *** expected [true] but found [false]
	at tests.whitePaper.WhitePaperChromeTests.allFooterWhitePaperPage(WhitePaperChromeTests.java:173)

tests.whitePaper.WhitePaperFirefoxTests.allHeaderWhitePaperPage[https://ai-mood.com/en/white-paper, Screenshots/](3)  Time elapsed: 22.543 s  <<< FAILURE!
java.lang.AssertionError: *** Images are not similar *** expected [true] but found [false]
	at tests.whitePaper.WhitePaperFirefoxTests.allHeaderWhitePaperPage(WhitePaperFirefoxTests.java:27)

tests.whitePaper.WhitePaperFirefoxTests.getStartedHeaderWhitePaperPage[https://ai-mood.com/en/white-paper, Screenshots/](3)  Time elapsed: 5.46 s  <<< FAILURE!
java.lang.AssertionError: *** Images are not similar *** expected [true] but found [false]
	at tests.whitePaper.WhitePaperFirefoxTests.getStartedHeaderWhitePaperPage(WhitePaperFirefoxTests.java:44)

tests.whitePaper.WhitePaperFirefoxTests.marketPlaceHeaderWhitePaperPage[https://ai-mood.com/en/white-paper, Screenshots/](3)  Time elapsed: 5.52 s  <<< FAILURE!
javax.imageio.IIOException: Can't read input file!
	at tests.whitePaper.WhitePaperFirefoxTests.marketPlaceHeaderWhitePaperPage(WhitePaperFirefoxTests.java:80)

tests.whitePaper.WhitePaperFirefoxTests.whitePaperHeaderWhitePaperPage[https://ai-mood.com/en/white-paper, Screenshots/](3)  Time elapsed: 5.44 s  <<< FAILURE!
javax.imageio.IIOException: Can't read input file!
	at tests.whitePaper.WhitePaperFirefoxTests.whitePaperHeaderWhitePaperPage(WhitePaperFirefoxTests.java:98)

tests.whitePaper.WhitePaperFirefoxTests.learnHeaderWhitePaperPage[https://ai-mood.com/en/white-paper, Screenshots/](3)  Time elapsed: 5.434 s  <<< FAILURE!
java.lang.AssertionError: *** Images are not similar *** expected [true] but found [false]
	at tests.whitePaper.WhitePaperFirefoxTests.learnHeaderWhitePaperPage(WhitePaperFirefoxTests.java:62)

tests.whitePaper.WhitePaperFirefoxTests.resourcesHeaderWhitePaperPage[https://ai-mood.com/en/white-paper, Screenshots/](3)  Time elapsed: 5.461 s  <<< FAILURE!
java.lang.AssertionError: *** Images are not similar *** expected [true] but found [false]
	at tests.whitePaper.WhitePaperFirefoxTests.resourcesHeaderWhitePaperPage(WhitePaperFirefoxTests.java:116)

tests.whitePaper.WhitePaperFirefoxTests.mainBlockWhitePaperPage[https://ai-mood.com/en/white-paper, Screenshots/](3)  Time elapsed: 5.644 s  <<< FAILURE!
java.lang.AssertionError: *** Images are not similar *** expected [true] but found [false]
	at tests.whitePaper.WhitePaperFirefoxTests.mainBlockWhitePaperPage(WhitePaperFirefoxTests.java:134)

tests.whitePaper.WhitePaperFirefoxTests.marketTokenWhitePaperPage[https://ai-mood.com/en/white-paper, Screenshots/](3)  Time elapsed: 6.101 s  <<< FAILURE!
java.lang.AssertionError: *** Images are not similar *** expected [true] but found [false]
	at tests.whitePaper.WhitePaperFirefoxTests.marketTokenWhitePaperPage(WhitePaperFirefoxTests.java:153)

tests.whitePaper.WhitePaperFirefoxTests.allFooterWhitePaperPage[https://ai-mood.com/en/white-paper, Screenshots/](3)  Time elapsed: 5.615 s  <<< FAILURE!
java.lang.AssertionError: *** Images are not similar *** expected [true] but found [false]
	at tests.whitePaper.WhitePaperFirefoxTests.allFooterWhitePaperPage(WhitePaperFirefoxTests.java:172)

tests.WhatIsAimood.WhatIsAimoodChromeTests.allHeaderWhatIsAimoodPage[https://ai-mood.com/en/what-is-aimood, Screenshots/](3)  Time elapsed: 21.687 s  <<< FAILURE!
java.lang.AssertionError: *** Images are not similar *** expected [true] but found [false]
	at tests.WhatIsAimood.WhatIsAimoodChromeTests.allHeaderWhatIsAimoodPage(WhatIsAimoodChromeTests.java:27)

tests.WhatIsAimood.WhatIsAimoodChromeTests.getStartedHeaderWhatIsAimoodPage[https://ai-mood.com/en/what-is-aimood, Screenshots/](3)  Time elapsed: 5.18 s  <<< FAILURE!
java.lang.AssertionError: *** Images are not similar *** expected [true] but found [false]
	at tests.WhatIsAimood.WhatIsAimoodChromeTests.getStartedHeaderWhatIsAimoodPage(WhatIsAimoodChromeTests.java:44)

tests.WhatIsAimood.WhatIsAimoodChromeTests.learnHeaderWhatIsAimoodPage[https://ai-mood.com/en/what-is-aimood, Screenshots/](3)  Time elapsed: 4.889 s  <<< FAILURE!
java.lang.AssertionError: *** Images are not similar *** expected [true] but found [false]
	at tests.WhatIsAimood.WhatIsAimoodChromeTests.learnHeaderWhatIsAimoodPage(WhatIsAimoodChromeTests.java:62)

tests.WhatIsAimood.WhatIsAimoodChromeTests.resourcesHeaderWhatIsAimoodPage[https://ai-mood.com/en/what-is-aimood, Screenshots/](3)  Time elapsed: 4.915 s  <<< FAILURE!
java.lang.AssertionError: *** Images are not similar *** expected [true] but found [false]
	at tests.WhatIsAimood.WhatIsAimoodChromeTests.resourcesHeaderWhatIsAimoodPage(WhatIsAimoodChromeTests.java:80)

tests.WhatIsAimood.WhatIsAimoodChromeTests.mainBlockWhatIsAimoodPage[https://ai-mood.com/en/what-is-aimood, Screenshots/](3)  Time elapsed: 5.984 s  <<< FAILURE!
java.lang.AssertionError: *** Images are not similar *** expected [true] but found [false]
	at tests.WhatIsAimood.WhatIsAimoodChromeTests.mainBlockWhatIsAimoodPage(WhatIsAimoodChromeTests.java:115)

tests.WhatIsAimood.WhatIsAimoodChromeTests.whyChooseWhatIsAimoodPage[https://ai-mood.com/en/what-is-aimood, Screenshots/](3)  Time elapsed: 6.448 s  <<< FAILURE!
java.lang.AssertionError: *** Images are not similar *** expected [true] but found [false]
	at tests.WhatIsAimood.WhatIsAimoodChromeTests.whyChooseWhatIsAimoodPage(WhatIsAimoodChromeTests.java:134)

tests.WhatIsAimood.WhatIsAimoodChromeTests.ecosystemWhatIsAimoodPage[https://ai-mood.com/en/what-is-aimood, Screenshots/](3)  Time elapsed: 6.552 s  <<< FAILURE!
java.lang.AssertionError: *** Images are not similar *** expected [true] but found [false]
	at tests.WhatIsAimood.WhatIsAimoodChromeTests.ecosystemWhatIsAimoodPage(WhatIsAimoodChromeTests.java:151)

tests.WhatIsAimood.WhatIsAimoodChromeTests.allFooterWhatIsAimoodPage[https://ai-mood.com/en/what-is-aimood, Screenshots/](3)  Time elapsed: 5.969 s  <<< FAILURE!
java.lang.AssertionError: *** Images are not similar *** expected [true] but found [false]
	at tests.WhatIsAimood.WhatIsAimoodChromeTests.allFooterWhatIsAimoodPage(WhatIsAimoodChromeTests.java:170)

tests.WhatIsAimood.WhatIsAimoodFirefoxTests.allHeaderWhatIsAimoodPage[https://ai-mood.com/en/what-is-aimood, Screenshots/](3)  Time elapsed: 21.557 s  <<< FAILURE!
java.lang.AssertionError: *** Images are not similar *** expected [true] but found [false]
	at tests.WhatIsAimood.WhatIsAimoodFirefoxTests.allHeaderWhatIsAimoodPage(WhatIsAimoodFirefoxTests.java:27)

tests.WhatIsAimood.WhatIsAimoodFirefoxTests.getStartedHeaderWhatIsAimoodPage[https://ai-mood.com/en/what-is-aimood, Screenshots/](3)  Time elapsed: 4.567 s  <<< FAILURE!
java.lang.AssertionError: *** Images are not similar *** expected [true] but found [false]
	at tests.WhatIsAimood.WhatIsAimoodFirefoxTests.getStartedHeaderWhatIsAimoodPage(WhatIsAimoodFirefoxTests.java:44)

tests.WhatIsAimood.WhatIsAimoodFirefoxTests.learnHeaderWhatIsAimoodPage[https://ai-mood.com/en/what-is-aimood, Screenshots/](3)  Time elapsed: 4.556 s  <<< FAILURE!
java.lang.AssertionError: *** Images are not similar *** expected [true] but found [false]
	at tests.WhatIsAimood.WhatIsAimoodFirefoxTests.learnHeaderWhatIsAimoodPage(WhatIsAimoodFirefoxTests.java:62)

tests.WhatIsAimood.WhatIsAimoodFirefoxTests.resourcesHeaderWhatIsAimoodPage[https://ai-mood.com/en/what-is-aimood, Screenshots/](3)  Time elapsed: 4.543 s  <<< FAILURE!
java.lang.AssertionError: *** Images are not similar *** expected [true] but found [false]
	at tests.WhatIsAimood.WhatIsAimoodFirefoxTests.resourcesHeaderWhatIsAimoodPage(WhatIsAimoodFirefoxTests.java:80)

tests.WhatIsAimood.WhatIsAimoodFirefoxTests.mainBlockWhatIsAimoodPage[https://ai-mood.com/en/what-is-aimood, Screenshots/](3)  Time elapsed: 5.623 s  <<< FAILURE!
java.lang.AssertionError: *** Images are not similar *** expected [true] but found [false]
	at tests.WhatIsAimood.WhatIsAimoodFirefoxTests.mainBlockWhatIsAimoodPage(WhatIsAimoodFirefoxTests.java:115)

tests.WhatIsAimood.WhatIsAimoodFirefoxTests.whyChooseWhatIsAimoodPage[https://ai-mood.com/en/what-is-aimood, Screenshots/](3)  Time elapsed: 6.094 s  <<< FAILURE!
java.lang.AssertionError: *** Images are not similar *** expected [true] but found [false]
	at tests.WhatIsAimood.WhatIsAimoodFirefoxTests.whyChooseWhatIsAimoodPage(WhatIsAimoodFirefoxTests.java:134)

tests.WhatIsAimood.WhatIsAimoodFirefoxTests.ecosystemWhatIsAimoodPage[https://ai-mood.com/en/what-is-aimood, Screenshots/](3)  Time elapsed: 6.092 s  <<< FAILURE!
java.lang.AssertionError: *** Images are not similar *** expected [true] but found [false]
	at tests.WhatIsAimood.WhatIsAimoodFirefoxTests.ecosystemWhatIsAimoodPage(WhatIsAimoodFirefoxTests.java:151)

tests.WhatIsAimood.WhatIsAimoodFirefoxTests.allFooterWhatIsAimoodPage[https://ai-mood.com/en/what-is-aimood, Screenshots/](3)  Time elapsed: 5.646 s  <<< FAILURE!
java.lang.AssertionError: *** Images are not similar *** expected [true] but found [false]
	at tests.WhatIsAimood.WhatIsAimoodFirefoxTests.allFooterWhatIsAimoodPage(WhatIsAimoodFirefoxTests.java:170)

tests.resetPasswordPageTests.AllPageFirefoxTests.allHeaderResetPasswordPage[https://ai-mood.com/en/reset-password-1, Screenshots/](3)  Time elapsed: 21.537 s  <<< FAILURE!
java.lang.AssertionError: *** Images are not similar *** expected [true] but found [false]
	at tests.resetPasswordPageTests.AllPageFirefoxTests.allHeaderResetPasswordPage(AllPageFirefoxTests.java:25)

tests.resetPasswordPageTests.AllPageFirefoxTests.getStartedHeaderResetPasswordPage[https://ai-mood.com/en/reset-password-1, Screenshots/](3)  Time elapsed: 4.572 s  <<< FAILURE!
java.lang.AssertionError: *** Images are not similar *** expected [true] but found [false]
	at tests.resetPasswordPageTests.AllPageFirefoxTests.getStartedHeaderResetPasswordPage(AllPageFirefoxTests.java:43)

tests.resetPasswordPageTests.AllPageFirefoxTests.learnHeaderResetPasswordPage[https://ai-mood.com/en/reset-password-1, Screenshots/](3)  Time elapsed: 4.635 s  <<< FAILURE!
java.lang.AssertionError: *** Images are not similar *** expected [true] but found [false]
	at tests.resetPasswordPageTests.AllPageFirefoxTests.learnHeaderResetPasswordPage(AllPageFirefoxTests.java:61)

tests.resetPasswordPageTests.AllPageFirefoxTests.resourcesHeaderResetPasswordPage[https://ai-mood.com/en/reset-password-1, Screenshots/](3)  Time elapsed: 4.581 s  <<< FAILURE!
java.lang.AssertionError: *** Images are not similar *** expected [true] but found [false]
	at tests.resetPasswordPageTests.AllPageFirefoxTests.resourcesHeaderResetPasswordPage(AllPageFirefoxTests.java:79)

tests.resetPasswordPageTests.AllPageFirefoxTests.mainSectionResetPasswordPage[https://ai-mood.com/en/reset-password-1, Screenshots/](3)  Time elapsed: 6.667 s  <<< FAILURE!
java.lang.AssertionError: *** Images are not similar *** expected [true] but found [false]
	at tests.resetPasswordPageTests.AllPageFirefoxTests.mainSectionResetPasswordPage(AllPageFirefoxTests.java:115)

tests.resetPasswordPageTests.AllPageFirefoxTests.allFooterResetPasswordPage[https://ai-mood.com/en/reset-password-1, Screenshots/](3)  Time elapsed: 5.607 s  <<< FAILURE!
java.lang.AssertionError: *** Images are not similar *** expected [true] but found [false]
	at tests.resetPasswordPageTests.AllPageFirefoxTests.allFooterResetPasswordPage(AllPageFirefoxTests.java:137)

tests.resetPasswordPageTests.AllPageChromeTests.allHeaderResetPasswordPage[https://ai-mood.com/en/reset-password-1, Screenshots/](3)  Time elapsed: 21.682 s  <<< FAILURE!
java.lang.AssertionError: *** Images are not similar *** expected [true] but found [false]
	at tests.resetPasswordPageTests.AllPageChromeTests.allHeaderResetPasswordPage(AllPageChromeTests.java:26)

tests.resetPasswordPageTests.AllPageChromeTests.getStartedHeaderResetPasswordPage[https://ai-mood.com/en/reset-password-1, Screenshots/](3)  Time elapsed: 4.868 s  <<< FAILURE!
java.lang.AssertionError: *** Images are not similar *** expected [true] but found [false]
	at tests.resetPasswordPageTests.AllPageChromeTests.getStartedHeaderResetPasswordPage(AllPageChromeTests.java:44)

tests.resetPasswordPageTests.AllPageChromeTests.learnHeaderResetPasswordPage[https://ai-mood.com/en/reset-password-1, Screenshots/](3)  Time elapsed: 4.85 s  <<< FAILURE!
java.lang.AssertionError: *** Images are not similar *** expected [true] but found [false]
	at tests.resetPasswordPageTests.AllPageChromeTests.learnHeaderResetPasswordPage(AllPageChromeTests.java:62)

tests.resetPasswordPageTests.AllPageChromeTests.resourcesHeaderResetPasswordPage[https://ai-mood.com/en/reset-password-1, Screenshots/](3)  Time elapsed: 4.883 s  <<< FAILURE!
java.lang.AssertionError: *** Images are not similar *** expected [true] but found [false]
	at tests.resetPasswordPageTests.AllPageChromeTests.resourcesHeaderResetPasswordPage(AllPageChromeTests.java:80)

tests.resetPasswordPageTests.AllPageChromeTests.mainSectionResetPasswordPage[https://ai-mood.com/en/reset-password-1, Screenshots/](3)  Time elapsed: 6.96 s  <<< FAILURE!
java.lang.AssertionError: *** Images are not similar *** expected [true] but found [false]
	at tests.resetPasswordPageTests.AllPageChromeTests.mainSectionResetPasswordPage(AllPageChromeTests.java:116)

tests.resetPasswordPageTests.AllPageChromeTests.allFooterResetPasswordPage[https://ai-mood.com/en/reset-password-1, Screenshots/](3)  Time elapsed: 5.962 s  <<< FAILURE!
java.lang.AssertionError: *** Images are not similar *** expected [true] but found [false]
	at tests.resetPasswordPageTests.AllPageChromeTests.allFooterResetPasswordPage(AllPageChromeTests.java:138)

tests.resetPasswordPage2Tests.AllPageFirefoxTests.allHeaderResetPasswordPage2[https://ai-mood.com/en/reset-password-2, Screenshots/](3)  Time elapsed: 21.568 s  <<< FAILURE!
java.lang.AssertionError: *** Images are not similar *** expected [true] but found [false]
	at tests.resetPasswordPage2Tests.AllPageFirefoxTests.allHeaderResetPasswordPage2(AllPageFirefoxTests.java:26)

tests.resetPasswordPage2Tests.AllPageFirefoxTests.getStartedHeaderResetPasswordPage2[https://ai-mood.com/en/reset-password-2, Screenshots/](3)  Time elapsed: 4.547 s  <<< FAILURE!
java.lang.AssertionError: *** Images are not similar *** expected [true] but found [false]
	at tests.resetPasswordPage2Tests.AllPageFirefoxTests.getStartedHeaderResetPasswordPage2(AllPageFirefoxTests.java:44)

tests.resetPasswordPage2Tests.AllPageFirefoxTests.learnHeaderResetPasswordPage2[https://ai-mood.com/en/reset-password-2, Screenshots/](3)  Time elapsed: 4.667 s  <<< FAILURE!
java.lang.AssertionError: *** Images are not similar *** expected [true] but found [false]
	at tests.resetPasswordPage2Tests.AllPageFirefoxTests.learnHeaderResetPasswordPage2(AllPageFirefoxTests.java:62)

tests.resetPasswordPage2Tests.AllPageFirefoxTests.resourcesHeaderResetPasswordPage2[https://ai-mood.com/en/reset-password-2, Screenshots/](3)  Time elapsed: 4.586 s  <<< FAILURE!
java.lang.AssertionError: *** Images are not similar *** expected [true] but found [false]
	at tests.resetPasswordPage2Tests.AllPageFirefoxTests.resourcesHeaderResetPasswordPage2(AllPageFirefoxTests.java:80)

tests.resetPasswordPage2Tests.AllPageFirefoxTests.mainSectionResetPasswordPage2[https://ai-mood.com/en/reset-password-2, Screenshots/](3)  Time elapsed: 6.685 s  <<< FAILURE!
java.lang.AssertionError: *** Images are not similar *** expected [true] but found [false]
	at tests.resetPasswordPage2Tests.AllPageFirefoxTests.mainSectionResetPasswordPage2(AllPageFirefoxTests.java:116)

tests.resetPasswordPage2Tests.AllPageFirefoxTests.allFooterResetPasswordPage2[https://ai-mood.com/en/reset-password-2, Screenshots/](3)  Time elapsed: 5.636 s  <<< FAILURE!
java.lang.AssertionError: *** Images are not similar *** expected [true] but found [false]
	at tests.resetPasswordPage2Tests.AllPageFirefoxTests.allFooterResetPasswordPage2(AllPageFirefoxTests.java:138)

tests.resetPasswordPage2Tests.AllPageChromeTests.allHeaderResetPasswordPage2[https://ai-mood.com/en/reset-password-2, Screenshots/](3)  Time elapsed: 21.752 s  <<< FAILURE!
java.lang.AssertionError: *** Images are not similar *** expected [true] but found [false]
	at tests.resetPasswordPage2Tests.AllPageChromeTests.allHeaderResetPasswordPage2(AllPageChromeTests.java:26)

tests.resetPasswordPage2Tests.AllPageChromeTests.getStartedHeaderResetPasswordPage2[https://ai-mood.com/en/reset-password-2, Screenshots/](3)  Time elapsed: 4.835 s  <<< FAILURE!
java.lang.AssertionError: *** Images are not similar *** expected [true] but found [false]
	at tests.resetPasswordPage2Tests.AllPageChromeTests.getStartedHeaderResetPasswordPage2(AllPageChromeTests.java:44)

tests.resetPasswordPage2Tests.AllPageChromeTests.learnHeaderResetPasswordPage2[https://ai-mood.com/en/reset-password-2, Screenshots/](3)  Time elapsed: 4.884 s  <<< FAILURE!
java.lang.AssertionError: *** Images are not similar *** expected [true] but found [false]
	at tests.resetPasswordPage2Tests.AllPageChromeTests.learnHeaderResetPasswordPage2(AllPageChromeTests.java:62)

tests.resetPasswordPage2Tests.AllPageChromeTests.resourcesHeaderResetPasswordPage2[https://ai-mood.com/en/reset-password-2, Screenshots/](3)  Time elapsed: 20.148 s  <<< FAILURE!
java.lang.AssertionError: *** Images are not similar *** expected [true] but found [false]
	at tests.resetPasswordPage2Tests.AllPageChromeTests.resourcesHeaderResetPasswordPage2(AllPageChromeTests.java:80)

tests.resetPasswordPage2Tests.AllPageChromeTests.mainSectionResetPasswordPage2[https://ai-mood.com/en/reset-password-2, Screenshots/](3)  Time elapsed: 7.053 s  <<< FAILURE!
java.lang.AssertionError: *** Images are not similar *** expected [true] but found [false]
	at tests.resetPasswordPage2Tests.AllPageChromeTests.mainSectionResetPasswordPage2(AllPageChromeTests.java:116)

tests.resetPasswordPage2Tests.AllPageChromeTests.allFooterResetPasswordPage2[https://ai-mood.com/en/reset-password-2, Screenshots/](3)  Time elapsed: 5.966 s  <<< FAILURE!
java.lang.AssertionError: *** Images are not similar *** expected [true] but found [false]
	at tests.resetPasswordPage2Tests.AllPageChromeTests.allFooterResetPasswordPage2(AllPageChromeTests.java:138)

tests.signInPageTests.AllPageFirefoxTests.allHeaderSignInPage[https://ai-mood.com/en/login, Screenshots/](3)  Time elapsed: 21.507 s  <<< FAILURE!
java.lang.AssertionError: *** Images are not similar *** expected [true] but found [false]
	at tests.signInPageTests.AllPageFirefoxTests.allHeaderSignInPage(AllPageFirefoxTests.java:25)

tests.signInPageTests.AllPageFirefoxTests.getStartedHeaderSignInPage[https://ai-mood.com/en/login, Screenshots/](3)  Time elapsed: 4.575 s  <<< FAILURE!
java.lang.AssertionError: *** Images are not similar *** expected [true] but found [false]
	at tests.signInPageTests.AllPageFirefoxTests.getStartedHeaderSignInPage(AllPageFirefoxTests.java:43)

tests.signInPageTests.AllPageFirefoxTests.learnHeaderSignInPage[https://ai-mood.com/en/login, Screenshots/](3)  Time elapsed: 4.568 s  <<< FAILURE!
java.lang.AssertionError: *** Images are not similar *** expected [true] but found [false]
	at tests.signInPageTests.AllPageFirefoxTests.learnHeaderSignInPage(AllPageFirefoxTests.java:61)

tests.signInPageTests.AllPageFirefoxTests.resourcesHeaderSignInPage[https://ai-mood.com/en/login, Screenshots/](3)  Time elapsed: 4.58 s  <<< FAILURE!
java.lang.AssertionError: *** Images are not similar *** expected [true] but found [false]
	at tests.signInPageTests.AllPageFirefoxTests.resourcesHeaderSignInPage(AllPageFirefoxTests.java:79)

tests.signInPageTests.AllPageFirefoxTests.mainSectionSignInPage[https://ai-mood.com/en/login, Screenshots/](3)  Time elapsed: 6.681 s  <<< FAILURE!
java.lang.AssertionError: *** Images are not similar *** expected [true] but found [false]
	at tests.signInPageTests.AllPageFirefoxTests.mainSectionSignInPage(AllPageFirefoxTests.java:115)

tests.signInPageTests.AllPageFirefoxTests.allFooterSignInPage[https://ai-mood.com/en/login, Screenshots/](3)  Time elapsed: 5.63 s  <<< FAILURE!
java.lang.AssertionError: *** Images are not similar *** expected [true] but found [false]
	at tests.signInPageTests.AllPageFirefoxTests.allFooterSignInPage(AllPageFirefoxTests.java:137)

tests.signInPageTests.AllPageChromeTests.allHeaderSignInPage[https://ai-mood.com/en/login, Screenshots/](3)  Time elapsed: 21.659 s  <<< FAILURE!
java.lang.AssertionError: *** Images are not similar *** expected [true] but found [false]
	at tests.signInPageTests.AllPageChromeTests.allHeaderSignInPage(AllPageChromeTests.java:26)

tests.signInPageTests.AllPageChromeTests.getStartedHeaderSignInPage[https://ai-mood.com/en/login, Screenshots/](3)  Time elapsed: 4.85 s  <<< FAILURE!
java.lang.AssertionError: *** Images are not similar *** expected [true] but found [false]
	at tests.signInPageTests.AllPageChromeTests.getStartedHeaderSignInPage(AllPageChromeTests.java:44)

tests.signInPageTests.AllPageChromeTests.learnHeaderSignInPage[https://ai-mood.com/en/login, Screenshots/](3)  Time elapsed: 4.865 s  <<< FAILURE!
java.lang.AssertionError: *** Images are not similar *** expected [true] but found [false]
	at tests.signInPageTests.AllPageChromeTests.learnHeaderSignInPage(AllPageChromeTests.java:62)

tests.signInPageTests.AllPageChromeTests.resourcesHeaderSignInPage[https://ai-mood.com/en/login, Screenshots/](3)  Time elapsed: 4.883 s  <<< FAILURE!
java.lang.AssertionError: *** Images are not similar *** expected [true] but found [false]
	at tests.signInPageTests.AllPageChromeTests.resourcesHeaderSignInPage(AllPageChromeTests.java:80)

tests.signInPageTests.AllPageChromeTests.mainSectionSignInPage[https://ai-mood.com/en/login, Screenshots/](3)  Time elapsed: 6.965 s  <<< FAILURE!
java.lang.AssertionError: *** Images are not similar *** expected [true] but found [false]
	at tests.signInPageTests.AllPageChromeTests.mainSectionSignInPage(AllPageChromeTests.java:116)

tests.signInPageTests.AllPageChromeTests.allFooterSignInPage[https://ai-mood.com/en/login, Screenshots/](3)  Time elapsed: 6.005 s  <<< FAILURE!
java.lang.AssertionError: *** Images are not similar *** expected [true] but found [false]
	at tests.signInPageTests.AllPageChromeTests.allFooterSignInPage(AllPageChromeTests.java:138)

tests.signUpPageTests.AllPageFirefoxTests.allHeaderSignUpPage[https://ai-mood.com/en/register, Screenshots/](3)  Time elapsed: 21.556 s  <<< FAILURE!
java.lang.AssertionError: *** Images are not similar *** expected [true] but found [false]
	at tests.signUpPageTests.AllPageFirefoxTests.allHeaderSignUpPage(AllPageFirefoxTests.java:26)

tests.signUpPageTests.AllPageFirefoxTests.getStartedHeaderSignUpPage[https://ai-mood.com/en/register, Screenshots/](3)  Time elapsed: 4.559 s  <<< FAILURE!
java.lang.AssertionError: *** Images are not similar *** expected [true] but found [false]
	at tests.signUpPageTests.AllPageFirefoxTests.getStartedHeaderSignUpPage(AllPageFirefoxTests.java:44)

tests.signUpPageTests.AllPageFirefoxTests.learnHeaderSignUpPage[https://ai-mood.com/en/register, Screenshots/](3)  Time elapsed: 4.674 s  <<< FAILURE!
java.lang.AssertionError: *** Images are not similar *** expected [true] but found [false]
	at tests.signUpPageTests.AllPageFirefoxTests.learnHeaderSignUpPage(AllPageFirefoxTests.java:62)

tests.signUpPageTests.AllPageFirefoxTests.resourcesHeaderSignUpPage[https://ai-mood.com/en/register, Screenshots/](3)  Time elapsed: 4.562 s  <<< FAILURE!
java.lang.AssertionError: *** Images are not similar *** expected [true] but found [false]
	at tests.signUpPageTests.AllPageFirefoxTests.resourcesHeaderSignUpPage(AllPageFirefoxTests.java:80)

tests.signUpPageTests.AllPageFirefoxTests.mainSectionSignUpPage[https://ai-mood.com/en/register, Screenshots/](3)  Time elapsed: 6.648 s  <<< FAILURE!
java.lang.AssertionError: *** Images are not similar *** expected [true] but found [false]
	at tests.signUpPageTests.AllPageFirefoxTests.mainSectionSignUpPage(AllPageFirefoxTests.java:116)

tests.signUpPageTests.AllPageFirefoxTests.allFooterSignUpPage[https://ai-mood.com/en/register, Screenshots/](3)  Time elapsed: 5.624 s  <<< FAILURE!
java.lang.AssertionError: *** Images are not similar *** expected [true] but found [false]
	at tests.signUpPageTests.AllPageFirefoxTests.allFooterSignUpPage(AllPageFirefoxTests.java:138)

tests.signUpPageTests.AllPageChromeTests.allHeaderSignUpPage[https://ai-mood.com/en/register, Screenshots/](3)  Time elapsed: 21.746 s  <<< FAILURE!
java.lang.AssertionError: *** Images are not similar *** expected [true] but found [false]
	at tests.signUpPageTests.AllPageChromeTests.allHeaderSignUpPage(AllPageChromeTests.java:25)

tests.signUpPageTests.AllPageChromeTests.getStartedHeaderSignUpPage[https://ai-mood.com/en/register, Screenshots/](3)  Time elapsed: 4.966 s  <<< FAILURE!
java.lang.AssertionError: *** Images are not similar *** expected [true] but found [false]
	at tests.signUpPageTests.AllPageChromeTests.getStartedHeaderSignUpPage(AllPageChromeTests.java:43)

tests.signUpPageTests.AllPageChromeTests.learnHeaderSignUpPage[https://ai-mood.com/en/register, Screenshots/](3)  Time elapsed: 4.984 s  <<< FAILURE!
java.lang.AssertionError: *** Images are not similar *** expected [true] but found [false]
	at tests.signUpPageTests.AllPageChromeTests.learnHeaderSignUpPage(AllPageChromeTests.java:61)

tests.signUpPageTests.AllPageChromeTests.resourcesHeaderSignUpPage[https://ai-mood.com/en/register, Screenshots/](3)  Time elapsed: 9.349 s  <<< FAILURE!
java.lang.AssertionError: *** Images are not similar *** expected [true] but found [false]
	at tests.signUpPageTests.AllPageChromeTests.resourcesHeaderSignUpPage(AllPageChromeTests.java:79)

tests.signUpPageTests.AllPageChromeTests.mainSectionSignUpPage[https://ai-mood.com/en/register, Screenshots/](3)  Time elapsed: 7.06 s  <<< FAILURE!
java.lang.AssertionError: *** Images are not similar *** expected [true] but found [false]
	at tests.signUpPageTests.AllPageChromeTests.mainSectionSignUpPage(AllPageChromeTests.java:115)

tests.signUpPageTests.AllPageChromeTests.allFooterSignUpPage[https://ai-mood.com/en/register, Screenshots/](3)  Time elapsed: 5.943 s  <<< FAILURE!
java.lang.AssertionError: *** Images are not similar *** expected [true] but found [false]
	at tests.signUpPageTests.AllPageChromeTests.allFooterSignUpPage(AllPageChromeTests.java:137)

