<?xml version="1.0" encoding="UTF-8"?>
<testng-results retried="1" ignored="1" total="328" passed="304" failed="22" skipped="0">
  <reporter-output>
  </reporter-output>
  <suite started-at="2023-09-22T14:00:50 EEST" name="WPT" finished-at="2023-09-22T14:38:46 EEST" duration-ms="2275983">
    <groups>
    </groups>
    <test started-at="2023-09-22T14:00:50 EEST" name="ai-mood - Pixel perfect regression" finished-at="2023-09-22T14:38:46 EEST" duration-ms="2275983">
      <class name="tests.accountFundPageTests.AllPageChromeTests">
        <test-method is-config="true" signature="setUp()[pri:0, instance:tests.accountFundPageTests.AllPageChromeTests@38467116]" started-at="2023-09-22T14:32:37 EEST" name="setUp" finished-at="2023-09-22T14:32:37 EEST" duration-ms="795" status="PASS">
          <reporter-output>
          </reporter-output>
        </test-method> <!-- setUp -->
        <test-method signature="signInUser(java.lang.String)[pri:1, instance:tests.accountFundPageTests.AllPageChromeTests@38467116]" started-at="2023-09-22T14:32:37 EEST" name="signInUser" finished-at="2023-09-22T14:32:52 EEST" duration-ms="14177" status="PASS">
          <params>
            <param index="0">
              <value>
                <![CDATA[https://aimood-stage1.intary.net/en/]]>
              </value>
            </param>
          </params>
          <reporter-output>
          </reporter-output>
        </test-method> <!-- signInUser -->
        <test-method signature="allHeaderAccountFundPage(java.lang.String,java.lang.String)[pri:2, instance:tests.accountFundPageTests.AllPageChromeTests@38467116]" started-at="2023-09-22T14:32:52 EEST" name="allHeaderAccountFundPage" finished-at="2023-09-22T14:32:58 EEST" duration-ms="6010" status="PASS">
          <params>
            <param index="0">
              <value>
                <![CDATA[https://aimood-stage1.intary.net/en/account/fund]]>
              </value>
            </param>
            <param index="1">
              <value>
                <![CDATA[Screenshots_St1/]]>
              </value>
            </param>
          </params>
          <reporter-output>
          </reporter-output>
        </test-method> <!-- allHeaderAccountFundPage -->
        <test-method is-config="true" signature="setUp()[pri:0, instance:tests.accountFundPageTests.AllPageChromeTests@38467116]" started-at="2023-09-22T14:32:52 EEST" name="setUp" finished-at="2023-09-22T14:32:52 EEST" duration-ms="0" status="PASS">
          <reporter-output>
          </reporter-output>
        </test-method> <!-- setUp -->
        <test-method signature="getStartedHeaderAccountFundPage(java.lang.String,java.lang.String)[pri:3, instance:tests.accountFundPageTests.AllPageChromeTests@38467116]" started-at="2023-09-22T14:32:58 EEST" name="getStartedHeaderAccountFundPage" finished-at="2023-09-22T14:33:05 EEST" duration-ms="7188" status="PASS">
          <params>
            <param index="0">
              <value>
                <![CDATA[https://aimood-stage1.intary.net/en/account/fund]]>
              </value>
            </param>
            <param index="1">
              <value>
                <![CDATA[Screenshots_St1/]]>
              </value>
            </param>
          </params>
          <reporter-output>
          </reporter-output>
        </test-method> <!-- getStartedHeaderAccountFundPage -->
        <test-method is-config="true" signature="setUp()[pri:0, instance:tests.accountFundPageTests.AllPageChromeTests@38467116]" started-at="2023-09-22T14:32:58 EEST" name="setUp" finished-at="2023-09-22T14:32:58 EEST" duration-ms="0" status="PASS">
          <reporter-output>
          </reporter-output>
        </test-method> <!-- setUp -->
        <test-method is-config="true" signature="setUp()[pri:0, instance:tests.accountFundPageTests.AllPageChromeTests@38467116]" started-at="2023-09-22T14:33:05 EEST" name="setUp" finished-at="2023-09-22T14:33:05 EEST" duration-ms="1" status="PASS">
          <reporter-output>
          </reporter-output>
        </test-method> <!-- setUp -->
        <test-method retried="true" signature="learnHeaderAccountFundPage(java.lang.String,java.lang.String)[pri:4, instance:tests.accountFundPageTests.AllPageChromeTests@38467116]" started-at="2023-09-22T14:33:05 EEST" name="learnHeaderAccountFundPage" finished-at="2023-09-22T14:33:11 EEST" duration-ms="6667" status="SKIP">
          <params>
            <param index="0">
              <value>
                <![CDATA[https://aimood-stage1.intary.net/en/account/fund]]>
              </value>
            </param>
            <param index="1">
              <value>
                <![CDATA[Screenshots_St1/]]>
              </value>
            </param>
          </params>
          <exception class="java.lang.AssertionError">
            <message>
              <![CDATA[*** Images are not similar *** expected [true] but found [false]]]>
            </message>
            <full-stacktrace>
              <![CDATA[java.lang.AssertionError: *** Images are not similar *** expected [true] but found [false]
at org.testng.Assert.fail(Assert.java:111)
at org.testng.Assert.failNotEquals(Assert.java:1578)
at org.testng.Assert.assertTrue(Assert.java:57)
at pages.pixel_perfect.PixelPerfectAssert.byElement(PixelPerfectAssert.java:109)
at tests.accountFundPageTests.AllPageChromeTests.learnHeaderAccountFundPage(AllPageChromeTests.java:81)
at java.base/jdk.internal.reflect.NativeMethodAccessorImpl.invoke0(Native Method)
at java.base/jdk.internal.reflect.NativeMethodAccessorImpl.invoke(NativeMethodAccessorImpl.java:62)
at java.base/jdk.internal.reflect.DelegatingMethodAccessorImpl.invoke(DelegatingMethodAccessorImpl.java:43)
at java.base/java.lang.reflect.Method.invoke(Method.java:566)
at org.testng.internal.invokers.MethodInvocationHelper.invokeMethod(MethodInvocationHelper.java:139)
at org.testng.internal.invokers.TestInvoker.invokeMethod(TestInvoker.java:664)
at org.testng.internal.invokers.TestInvoker.invokeTestMethod(TestInvoker.java:227)
at org.testng.internal.invokers.MethodRunner.runInSequence(MethodRunner.java:50)
at org.testng.internal.invokers.TestInvoker$MethodInvocationAgent.invoke(TestInvoker.java:957)
at org.testng.internal.invokers.TestInvoker.invokeTestMethods(TestInvoker.java:200)
at org.testng.internal.invokers.TestMethodWorker.invokeTestMethods(TestMethodWorker.java:148)
at org.testng.internal.invokers.TestMethodWorker.run(TestMethodWorker.java:128)
at java.base/java.util.ArrayList.forEach(ArrayList.java:1540)
at org.testng.TestRunner.privateRun(TestRunner.java:848)
at org.testng.TestRunner.run(TestRunner.java:621)
at org.testng.SuiteRunner.runTest(SuiteRunner.java:443)
at org.testng.SuiteRunner.runSequentially(SuiteRunner.java:437)
at org.testng.SuiteRunner.privateRun(SuiteRunner.java:397)
at org.testng.SuiteRunner.run(SuiteRunner.java:336)
at org.testng.SuiteRunnerWorker.runSuite(SuiteRunnerWorker.java:52)
at org.testng.SuiteRunnerWorker.run(SuiteRunnerWorker.java:95)
at org.testng.TestNG.runSuitesSequentially(TestNG.java:1280)
at org.testng.TestNG.runSuitesLocally(TestNG.java:1200)
at org.testng.TestNG.runSuites(TestNG.java:1114)
at org.testng.TestNG.run(TestNG.java:1082)
at org.apache.maven.surefire.testng.TestNGExecutor.run(TestNGExecutor.java:284)
at org.apache.maven.surefire.testng.TestNGXmlTestSuite.execute(TestNGXmlTestSuite.java:75)
at org.apache.maven.surefire.testng.TestNGProvider.invoke(TestNGProvider.java:119)
at org.apache.maven.surefire.booter.ForkedBooter.runSuitesInProcess(ForkedBooter.java:428)
at org.apache.maven.surefire.booter.ForkedBooter.execute(ForkedBooter.java:162)
at org.apache.maven.surefire.booter.ForkedBooter.run(ForkedBooter.java:562)
at org.apache.maven.surefire.booter.ForkedBooter.main(ForkedBooter.java:548)
]]>
            </full-stacktrace>
          </exception> <!-- java.lang.AssertionError -->
          <reporter-output>
          </reporter-output>
        </test-method> <!-- learnHeaderAccountFundPage -->
        <test-method signature="learnHeaderAccountFundPage(java.lang.String,java.lang.String)[pri:4, instance:tests.accountFundPageTests.AllPageChromeTests@38467116]" started-at="2023-09-22T14:33:11 EEST" name="learnHeaderAccountFundPage" finished-at="2023-09-22T14:33:19 EEST" duration-ms="7154" status="PASS">
          <params>
            <param index="0">
              <value>
                <![CDATA[https://aimood-stage1.intary.net/en/account/fund]]>
              </value>
            </param>
            <param index="1">
              <value>
                <![CDATA[Screenshots_St1/]]>
              </value>
            </param>
          </params>
          <reporter-output>
          </reporter-output>
        </test-method> <!-- learnHeaderAccountFundPage -->
        <test-method is-config="true" signature="setUp()[pri:0, instance:tests.accountFundPageTests.AllPageChromeTests@38467116]" started-at="2023-09-22T14:33:11 EEST" name="setUp" finished-at="2023-09-22T14:33:11 EEST" duration-ms="0" status="PASS">
          <reporter-output>
          </reporter-output>
        </test-method> <!-- setUp -->
        <test-method is-config="true" signature="setUp()[pri:0, instance:tests.accountFundPageTests.AllPageChromeTests@38467116]" started-at="2023-09-22T14:33:19 EEST" name="setUp" finished-at="2023-09-22T14:33:19 EEST" duration-ms="1" status="PASS">
          <reporter-output>
          </reporter-output>
        </test-method> <!-- setUp -->
        <test-method signature="resourcesHeaderAccountFundPage(java.lang.String,java.lang.String)[pri:5, instance:tests.accountFundPageTests.AllPageChromeTests@38467116]" started-at="2023-09-22T14:33:19 EEST" name="resourcesHeaderAccountFundPage" finished-at="2023-09-22T14:33:26 EEST" duration-ms="7191" status="PASS">
          <params>
            <param index="0">
              <value>
                <![CDATA[https://aimood-stage1.intary.net/en/account/fund]]>
              </value>
            </param>
            <param index="1">
              <value>
                <![CDATA[Screenshots_St1/]]>
              </value>
            </param>
          </params>
          <reporter-output>
          </reporter-output>
        </test-method> <!-- resourcesHeaderAccountFundPage -->
        <test-method is-config="true" signature="setUp()[pri:0, instance:tests.accountFundPageTests.AllPageChromeTests@38467116]" started-at="2023-09-22T14:33:26 EEST" name="setUp" finished-at="2023-09-22T14:33:26 EEST" duration-ms="1" status="PASS">
          <reporter-output>
          </reporter-output>
        </test-method> <!-- setUp -->
        <test-method signature="notificationsHeaderAccountFundPage(java.lang.String,java.lang.String)[pri:7, instance:tests.accountFundPageTests.AllPageChromeTests@38467116]" started-at="2023-09-22T14:33:26 EEST" name="notificationsHeaderAccountFundPage" finished-at="2023-09-22T14:33:33 EEST" duration-ms="7085" status="PASS">
          <params>
            <param index="0">
              <value>
                <![CDATA[https://aimood-stage1.intary.net/en/account/fund]]>
              </value>
            </param>
            <param index="1">
              <value>
                <![CDATA[Screenshots_St1/]]>
              </value>
            </param>
          </params>
          <reporter-output>
          </reporter-output>
        </test-method> <!-- notificationsHeaderAccountFundPage -->
        <test-method signature="profileHeaderAccountFundPage(java.lang.String,java.lang.String)[pri:8, instance:tests.accountFundPageTests.AllPageChromeTests@38467116]" started-at="2023-09-22T14:33:33 EEST" name="profileHeaderAccountFundPage" finished-at="2023-09-22T14:33:40 EEST" duration-ms="7082" status="PASS">
          <params>
            <param index="0">
              <value>
                <![CDATA[https://aimood-stage1.intary.net/en/account/fund]]>
              </value>
            </param>
            <param index="1">
              <value>
                <![CDATA[Screenshots_St1/]]>
              </value>
            </param>
          </params>
          <reporter-output>
          </reporter-output>
        </test-method> <!-- profileHeaderAccountFundPage -->
        <test-method is-config="true" signature="setUp()[pri:0, instance:tests.accountFundPageTests.AllPageChromeTests@38467116]" started-at="2023-09-22T14:33:33 EEST" name="setUp" finished-at="2023-09-22T14:33:33 EEST" duration-ms="0" status="PASS">
          <reporter-output>
          </reporter-output>
        </test-method> <!-- setUp -->
        <test-method signature="mainSectionAccountFundPage(java.lang.String,java.lang.String)[pri:9, instance:tests.accountFundPageTests.AllPageChromeTests@38467116]" started-at="2023-09-22T14:33:40 EEST" name="mainSectionAccountFundPage" finished-at="2023-09-22T14:33:47 EEST" duration-ms="7252" status="PASS">
          <params>
            <param index="0">
              <value>
                <![CDATA[https://aimood-stage1.intary.net/en/account/fund]]>
              </value>
            </param>
            <param index="1">
              <value>
                <![CDATA[Screenshots_St1/]]>
              </value>
            </param>
          </params>
          <reporter-output>
          </reporter-output>
        </test-method> <!-- mainSectionAccountFundPage -->
        <test-method is-config="true" signature="setUp()[pri:0, instance:tests.accountFundPageTests.AllPageChromeTests@38467116]" started-at="2023-09-22T14:33:40 EEST" name="setUp" finished-at="2023-09-22T14:33:40 EEST" duration-ms="0" status="PASS">
          <reporter-output>
          </reporter-output>
        </test-method> <!-- setUp -->
        <test-method signature="allFooterAccountFundPage(java.lang.String,java.lang.String)[pri:10, instance:tests.accountFundPageTests.AllPageChromeTests@38467116]" started-at="2023-09-22T14:33:47 EEST" name="allFooterAccountFundPage" finished-at="2023-09-22T14:33:55 EEST" duration-ms="8211" status="PASS">
          <params>
            <param index="0">
              <value>
                <![CDATA[https://aimood-stage1.intary.net/en/account/fund]]>
              </value>
            </param>
            <param index="1">
              <value>
                <![CDATA[Screenshots_St1/]]>
              </value>
            </param>
          </params>
          <reporter-output>
          </reporter-output>
        </test-method> <!-- allFooterAccountFundPage -->
        <test-method is-config="true" signature="setUp()[pri:0, instance:tests.accountFundPageTests.AllPageChromeTests@38467116]" started-at="2023-09-22T14:33:47 EEST" name="setUp" finished-at="2023-09-22T14:33:47 EEST" duration-ms="0" status="PASS">
          <reporter-output>
          </reporter-output>
        </test-method> <!-- setUp -->
        <test-method is-config="true" signature="tearDown()[pri:0, instance:tests.accountFundPageTests.AllPageChromeTests@38467116]" started-at="2023-09-22T14:33:55 EEST" name="tearDown" finished-at="2023-09-22T14:33:56 EEST" duration-ms="657" status="PASS">
          <reporter-output>
          </reporter-output>
        </test-method> <!-- tearDown -->
      </class> <!-- tests.accountFundPageTests.AllPageChromeTests -->
      <class name="tests.marketPlacePageTests.AllPageFirefoxTests">
        <test-method is-config="true" signature="setUp()[pri:0, instance:tests.marketPlacePageTests.AllPageFirefoxTests@5965d37]" started-at="2023-09-22T14:03:34 EEST" name="setUp" finished-at="2023-09-22T14:03:36 EEST" duration-ms="2330" status="PASS">
          <reporter-output>
          </reporter-output>
        </test-method> <!-- setUp -->
        <test-method signature="allHeaderMarketPlacePage(java.lang.String,java.lang.String)[pri:1, instance:tests.marketPlacePageTests.AllPageFirefoxTests@5965d37]" started-at="2023-09-22T14:03:36 EEST" name="allHeaderMarketPlacePage" finished-at="2023-09-22T14:03:47 EEST" duration-ms="10768" status="PASS">
          <params>
            <param index="0">
              <value>
                <![CDATA[https://aimood-stage1.intary.net/en/market-place]]>
              </value>
            </param>
            <param index="1">
              <value>
                <![CDATA[Screenshots_St1/]]>
              </value>
            </param>
          </params>
          <reporter-output>
          </reporter-output>
        </test-method> <!-- allHeaderMarketPlacePage -->
        <test-method signature="getStartedHeaderMarketPlacePage(java.lang.String,java.lang.String)[pri:2, instance:tests.marketPlacePageTests.AllPageFirefoxTests@5965d37]" started-at="2023-09-22T14:03:47 EEST" name="getStartedHeaderMarketPlacePage" finished-at="2023-09-22T14:03:53 EEST" duration-ms="6013" status="PASS">
          <params>
            <param index="0">
              <value>
                <![CDATA[https://aimood-stage1.intary.net/en/market-place]]>
              </value>
            </param>
            <param index="1">
              <value>
                <![CDATA[Screenshots_St1/]]>
              </value>
            </param>
          </params>
          <reporter-output>
          </reporter-output>
        </test-method> <!-- getStartedHeaderMarketPlacePage -->
        <test-method is-config="true" signature="setUp()[pri:0, instance:tests.marketPlacePageTests.AllPageFirefoxTests@5965d37]" started-at="2023-09-22T14:03:47 EEST" name="setUp" finished-at="2023-09-22T14:03:47 EEST" duration-ms="0" status="PASS">
          <reporter-output>
          </reporter-output>
        </test-method> <!-- setUp -->
        <test-method is-config="true" signature="setUp()[pri:0, instance:tests.marketPlacePageTests.AllPageFirefoxTests@5965d37]" started-at="2023-09-22T14:03:53 EEST" name="setUp" finished-at="2023-09-22T14:03:53 EEST" duration-ms="1" status="PASS">
          <reporter-output>
          </reporter-output>
        </test-method> <!-- setUp -->
        <test-method signature="learnHeaderMarketPlacePage(java.lang.String,java.lang.String)[pri:3, instance:tests.marketPlacePageTests.AllPageFirefoxTests@5965d37]" started-at="2023-09-22T14:03:53 EEST" name="learnHeaderMarketPlacePage" finished-at="2023-09-22T14:03:59 EEST" duration-ms="5984" status="PASS">
          <params>
            <param index="0">
              <value>
                <![CDATA[https://aimood-stage1.intary.net/en/market-place]]>
              </value>
            </param>
            <param index="1">
              <value>
                <![CDATA[Screenshots_St1/]]>
              </value>
            </param>
          </params>
          <reporter-output>
          </reporter-output>
        </test-method> <!-- learnHeaderMarketPlacePage -->
        <test-method signature="resourcesHeaderMarketPlacePage(java.lang.String,java.lang.String)[pri:4, instance:tests.marketPlacePageTests.AllPageFirefoxTests@5965d37]" started-at="2023-09-22T14:03:59 EEST" name="resourcesHeaderMarketPlacePage" finished-at="2023-09-22T14:04:05 EEST" duration-ms="6051" status="PASS">
          <params>
            <param index="0">
              <value>
                <![CDATA[https://aimood-stage1.intary.net/en/market-place]]>
              </value>
            </param>
            <param index="1">
              <value>
                <![CDATA[Screenshots_St1/]]>
              </value>
            </param>
          </params>
          <reporter-output>
          </reporter-output>
        </test-method> <!-- resourcesHeaderMarketPlacePage -->
        <test-method is-config="true" signature="setUp()[pri:0, instance:tests.marketPlacePageTests.AllPageFirefoxTests@5965d37]" started-at="2023-09-22T14:03:59 EEST" name="setUp" finished-at="2023-09-22T14:03:59 EEST" duration-ms="0" status="PASS">
          <reporter-output>
          </reporter-output>
        </test-method> <!-- setUp -->
        <test-method signature="mainSectionMarketPlacePage(java.lang.String,java.lang.String)[pri:6, instance:tests.marketPlacePageTests.AllPageFirefoxTests@5965d37]" started-at="2023-09-22T14:04:05 EEST" name="mainSectionMarketPlacePage" finished-at="2023-09-22T14:04:12 EEST" duration-ms="6921" status="PASS">
          <params>
            <param index="0">
              <value>
                <![CDATA[https://aimood-stage1.intary.net/en/market-place]]>
              </value>
            </param>
            <param index="1">
              <value>
                <![CDATA[Screenshots_St1/]]>
              </value>
            </param>
          </params>
          <reporter-output>
          </reporter-output>
        </test-method> <!-- mainSectionMarketPlacePage -->
        <test-method is-config="true" signature="setUp()[pri:0, instance:tests.marketPlacePageTests.AllPageFirefoxTests@5965d37]" started-at="2023-09-22T14:04:05 EEST" name="setUp" finished-at="2023-09-22T14:04:05 EEST" duration-ms="0" status="PASS">
          <reporter-output>
          </reporter-output>
        </test-method> <!-- setUp -->
        <test-method is-config="true" signature="setUp()[pri:0, instance:tests.marketPlacePageTests.AllPageFirefoxTests@5965d37]" started-at="2023-09-22T14:04:12 EEST" name="setUp" finished-at="2023-09-22T14:04:12 EEST" duration-ms="4" status="PASS">
          <reporter-output>
          </reporter-output>
        </test-method> <!-- setUp -->
        <test-method signature="statisticsSectionMarketPlacePage(java.lang.String,java.lang.String)[pri:7, instance:tests.marketPlacePageTests.AllPageFirefoxTests@5965d37]" started-at="2023-09-22T14:04:12 EEST" name="statisticsSectionMarketPlacePage" finished-at="2023-09-22T14:04:18 EEST" duration-ms="6300" status="PASS">
          <params>
            <param index="0">
              <value>
                <![CDATA[https://aimood-stage1.intary.net/en/market-place]]>
              </value>
            </param>
            <param index="1">
              <value>
                <![CDATA[Screenshots_St1/]]>
              </value>
            </param>
          </params>
          <reporter-output>
          </reporter-output>
        </test-method> <!-- statisticsSectionMarketPlacePage -->
        <test-method signature="allFooterMarketPlacePage(java.lang.String,java.lang.String)[pri:8, instance:tests.marketPlacePageTests.AllPageFirefoxTests@5965d37]" started-at="2023-09-22T14:04:18 EEST" name="allFooterMarketPlacePage" finished-at="2023-09-22T14:04:24 EEST" duration-ms="5927" status="PASS">
          <params>
            <param index="0">
              <value>
                <![CDATA[https://aimood-stage1.intary.net/en/market-place]]>
              </value>
            </param>
            <param index="1">
              <value>
                <![CDATA[Screenshots_St1/]]>
              </value>
            </param>
          </params>
          <reporter-output>
          </reporter-output>
        </test-method> <!-- allFooterMarketPlacePage -->
        <test-method is-config="true" signature="setUp()[pri:0, instance:tests.marketPlacePageTests.AllPageFirefoxTests@5965d37]" started-at="2023-09-22T14:04:18 EEST" name="setUp" finished-at="2023-09-22T14:04:18 EEST" duration-ms="0" status="PASS">
          <reporter-output>
          </reporter-output>
        </test-method> <!-- setUp -->
        <test-method is-config="true" signature="tearDown()[pri:0, instance:tests.marketPlacePageTests.AllPageFirefoxTests@5965d37]" started-at="2023-09-22T14:04:24 EEST" name="tearDown" finished-at="2023-09-22T14:04:25 EEST" duration-ms="1451" status="PASS">
          <reporter-output>
          </reporter-output>
        </test-method> <!-- tearDown -->
      </class> <!-- tests.marketPlacePageTests.AllPageFirefoxTests -->
      <class name="tests.accountDashboardPageTests.AllPageFirefoxTests">
        <test-method is-config="true" signature="setUp()[pri:0, instance:tests.accountDashboardPageTests.AllPageFirefoxTests@5b7a7f33]" started-at="2023-09-22T14:33:56 EEST" name="setUp" finished-at="2023-09-22T14:33:59 EEST" duration-ms="2576" status="PASS">
          <reporter-output>
          </reporter-output>
        </test-method> <!-- setUp -->
        <test-method signature="signInUser(java.lang.String)[pri:1, instance:tests.accountDashboardPageTests.AllPageFirefoxTests@5b7a7f33]" started-at="2023-09-22T14:33:59 EEST" name="signInUser" finished-at="2023-09-22T14:34:10 EEST" duration-ms="11281" status="PASS">
          <params>
            <param index="0">
              <value>
                <![CDATA[https://aimood-stage1.intary.net/en/]]>
              </value>
            </param>
          </params>
          <reporter-output>
          </reporter-output>
        </test-method> <!-- signInUser -->
        <test-method signature="allHeaderAccountDashboardPage(java.lang.String,java.lang.String)[pri:2, instance:tests.accountDashboardPageTests.AllPageFirefoxTests@5b7a7f33]" started-at="2023-09-22T14:34:10 EEST" name="allHeaderAccountDashboardPage" finished-at="2023-09-22T14:34:16 EEST" duration-ms="5985" status="PASS">
          <params>
            <param index="0">
              <value>
                <![CDATA[https://aimood-stage1.intary.net/en/account/dashboard]]>
              </value>
            </param>
            <param index="1">
              <value>
                <![CDATA[Screenshots_St1/]]>
              </value>
            </param>
          </params>
          <reporter-output>
          </reporter-output>
        </test-method> <!-- allHeaderAccountDashboardPage -->
        <test-method is-config="true" signature="setUp()[pri:0, instance:tests.accountDashboardPageTests.AllPageFirefoxTests@5b7a7f33]" started-at="2023-09-22T14:34:10 EEST" name="setUp" finished-at="2023-09-22T14:34:10 EEST" duration-ms="0" status="PASS">
          <reporter-output>
          </reporter-output>
        </test-method> <!-- setUp -->
        <test-method signature="getStartedHeaderAccountDashboardPage(java.lang.String,java.lang.String)[pri:3, instance:tests.accountDashboardPageTests.AllPageFirefoxTests@5b7a7f33]" started-at="2023-09-22T14:34:16 EEST" name="getStartedHeaderAccountDashboardPage" finished-at="2023-09-22T14:34:23 EEST" duration-ms="6949" status="PASS">
          <params>
            <param index="0">
              <value>
                <![CDATA[https://aimood-stage1.intary.net/en/account/dashboard]]>
              </value>
            </param>
            <param index="1">
              <value>
                <![CDATA[Screenshots_St1/]]>
              </value>
            </param>
          </params>
          <reporter-output>
          </reporter-output>
        </test-method> <!-- getStartedHeaderAccountDashboardPage -->
        <test-method is-config="true" signature="setUp()[pri:0, instance:tests.accountDashboardPageTests.AllPageFirefoxTests@5b7a7f33]" started-at="2023-09-22T14:34:16 EEST" name="setUp" finished-at="2023-09-22T14:34:16 EEST" duration-ms="0" status="PASS">
          <reporter-output>
          </reporter-output>
        </test-method> <!-- setUp -->
        <test-method signature="learnHeaderAccountDashboardPage(java.lang.String,java.lang.String)[pri:4, instance:tests.accountDashboardPageTests.AllPageFirefoxTests@5b7a7f33]" started-at="2023-09-22T14:34:23 EEST" name="learnHeaderAccountDashboardPage" finished-at="2023-09-22T14:34:30 EEST" duration-ms="6938" status="PASS">
          <params>
            <param index="0">
              <value>
                <![CDATA[https://aimood-stage1.intary.net/en/account/dashboard]]>
              </value>
            </param>
            <param index="1">
              <value>
                <![CDATA[Screenshots_St1/]]>
              </value>
            </param>
          </params>
          <reporter-output>
          </reporter-output>
        </test-method> <!-- learnHeaderAccountDashboardPage -->
        <test-method is-config="true" signature="setUp()[pri:0, instance:tests.accountDashboardPageTests.AllPageFirefoxTests@5b7a7f33]" started-at="2023-09-22T14:34:23 EEST" name="setUp" finished-at="2023-09-22T14:34:23 EEST" duration-ms="0" status="PASS">
          <reporter-output>
          </reporter-output>
        </test-method> <!-- setUp -->
        <test-method signature="resourcesHeaderAccountDashboardPage(java.lang.String,java.lang.String)[pri:5, instance:tests.accountDashboardPageTests.AllPageFirefoxTests@5b7a7f33]" started-at="2023-09-22T14:34:30 EEST" name="resourcesHeaderAccountDashboardPage" finished-at="2023-09-22T14:34:37 EEST" duration-ms="6965" status="PASS">
          <params>
            <param index="0">
              <value>
                <![CDATA[https://aimood-stage1.intary.net/en/account/dashboard]]>
              </value>
            </param>
            <param index="1">
              <value>
                <![CDATA[Screenshots_St1/]]>
              </value>
            </param>
          </params>
          <reporter-output>
          </reporter-output>
        </test-method> <!-- resourcesHeaderAccountDashboardPage -->
        <test-method is-config="true" signature="setUp()[pri:0, instance:tests.accountDashboardPageTests.AllPageFirefoxTests@5b7a7f33]" started-at="2023-09-22T14:34:30 EEST" name="setUp" finished-at="2023-09-22T14:34:30 EEST" duration-ms="0" status="PASS">
          <reporter-output>
          </reporter-output>
        </test-method> <!-- setUp -->
        <test-method signature="notificationsHeaderAccountDashboardPage(java.lang.String,java.lang.String)[pri:7, instance:tests.accountDashboardPageTests.AllPageFirefoxTests@5b7a7f33]" started-at="2023-09-22T14:34:37 EEST" name="notificationsHeaderAccountDashboardPage" finished-at="2023-09-22T14:34:44 EEST" duration-ms="7076" status="PASS">
          <params>
            <param index="0">
              <value>
                <![CDATA[https://aimood-stage1.intary.net/en/account/dashboard]]>
              </value>
            </param>
            <param index="1">
              <value>
                <![CDATA[Screenshots_St1/]]>
              </value>
            </param>
          </params>
          <reporter-output>
          </reporter-output>
        </test-method> <!-- notificationsHeaderAccountDashboardPage -->
        <test-method is-config="true" signature="setUp()[pri:0, instance:tests.accountDashboardPageTests.AllPageFirefoxTests@5b7a7f33]" started-at="2023-09-22T14:34:37 EEST" name="setUp" finished-at="2023-09-22T14:34:37 EEST" duration-ms="0" status="PASS">
          <reporter-output>
          </reporter-output>
        </test-method> <!-- setUp -->
        <test-method signature="profileHeaderAccountDashboardPage(java.lang.String,java.lang.String)[pri:8, instance:tests.accountDashboardPageTests.AllPageFirefoxTests@5b7a7f33]" started-at="2023-09-22T14:34:44 EEST" name="profileHeaderAccountDashboardPage" finished-at="2023-09-22T14:34:51 EEST" duration-ms="7026" status="PASS">
          <params>
            <param index="0">
              <value>
                <![CDATA[https://aimood-stage1.intary.net/en/account/dashboard]]>
              </value>
            </param>
            <param index="1">
              <value>
                <![CDATA[Screenshots_St1/]]>
              </value>
            </param>
          </params>
          <reporter-output>
          </reporter-output>
        </test-method> <!-- profileHeaderAccountDashboardPage -->
        <test-method is-config="true" signature="setUp()[pri:0, instance:tests.accountDashboardPageTests.AllPageFirefoxTests@5b7a7f33]" started-at="2023-09-22T14:34:44 EEST" name="setUp" finished-at="2023-09-22T14:34:44 EEST" duration-ms="0" status="PASS">
          <reporter-output>
          </reporter-output>
        </test-method> <!-- setUp -->
        <test-method signature="mainSectionAccountDashboardPage(java.lang.String,java.lang.String)[pri:9, instance:tests.accountDashboardPageTests.AllPageFirefoxTests@5b7a7f33]" started-at="2023-09-22T14:34:51 EEST" name="mainSectionAccountDashboardPage" finished-at="2023-09-22T14:34:58 EEST" duration-ms="7181" status="PASS">
          <params>
            <param index="0">
              <value>
                <![CDATA[https://aimood-stage1.intary.net/en/account/dashboard]]>
              </value>
            </param>
            <param index="1">
              <value>
                <![CDATA[Screenshots_St1/]]>
              </value>
            </param>
          </params>
          <reporter-output>
          </reporter-output>
        </test-method> <!-- mainSectionAccountDashboardPage -->
        <test-method is-config="true" signature="setUp()[pri:0, instance:tests.accountDashboardPageTests.AllPageFirefoxTests@5b7a7f33]" started-at="2023-09-22T14:34:51 EEST" name="setUp" finished-at="2023-09-22T14:34:51 EEST" duration-ms="0" status="PASS">
          <reporter-output>
          </reporter-output>
        </test-method> <!-- setUp -->
        <test-method signature="allFooterAccountDashboardPage(java.lang.String,java.lang.String)[pri:10, instance:tests.accountDashboardPageTests.AllPageFirefoxTests@5b7a7f33]" started-at="2023-09-22T14:34:58 EEST" name="allFooterAccountDashboardPage" finished-at="2023-09-22T14:35:05 EEST" duration-ms="6900" status="PASS">
          <params>
            <param index="0">
              <value>
                <![CDATA[https://aimood-stage1.intary.net/en/account/dashboard]]>
              </value>
            </param>
            <param index="1">
              <value>
                <![CDATA[Screenshots_St1/]]>
              </value>
            </param>
          </params>
          <reporter-output>
          </reporter-output>
        </test-method> <!-- allFooterAccountDashboardPage -->
        <test-method is-config="true" signature="setUp()[pri:0, instance:tests.accountDashboardPageTests.AllPageFirefoxTests@5b7a7f33]" started-at="2023-09-22T14:34:58 EEST" name="setUp" finished-at="2023-09-22T14:34:58 EEST" duration-ms="0" status="PASS">
          <reporter-output>
          </reporter-output>
        </test-method> <!-- setUp -->
        <test-method is-config="true" signature="tearDown()[pri:0, instance:tests.accountDashboardPageTests.AllPageFirefoxTests@5b7a7f33]" started-at="2023-09-22T14:35:05 EEST" name="tearDown" finished-at="2023-09-22T14:35:06 EEST" duration-ms="1504" status="PASS">
          <reporter-output>
          </reporter-output>
        </test-method> <!-- tearDown -->
      </class> <!-- tests.accountDashboardPageTests.AllPageFirefoxTests -->
      <class name="tests.accountAffiliateProgramPageTests.AllPageFirefoxTests">
        <test-method is-config="true" signature="setUp()[pri:0, instance:tests.accountAffiliateProgramPageTests.AllPageFirefoxTests@5c7933ad]" started-at="2023-09-22T14:36:18 EEST" name="setUp" finished-at="2023-09-22T14:36:21 EEST" duration-ms="2578" status="PASS">
          <reporter-output>
          </reporter-output>
        </test-method> <!-- setUp -->
        <test-method signature="signInUser(java.lang.String)[pri:1, instance:tests.accountAffiliateProgramPageTests.AllPageFirefoxTests@5c7933ad]" started-at="2023-09-22T14:36:21 EEST" name="signInUser" finished-at="2023-09-22T14:36:35 EEST" duration-ms="14278" status="PASS">
          <params>
            <param index="0">
              <value>
                <![CDATA[https://aimood-stage1.intary.net/en/]]>
              </value>
            </param>
          </params>
          <reporter-output>
          </reporter-output>
        </test-method> <!-- signInUser -->
        <test-method signature="allHeaderAccountAffiliateProgramPage(java.lang.String,java.lang.String)[pri:2, instance:tests.accountAffiliateProgramPageTests.AllPageFirefoxTests@5c7933ad]" started-at="2023-09-22T14:36:35 EEST" name="allHeaderAccountAffiliateProgramPage" finished-at="2023-09-22T14:36:42 EEST" duration-ms="7158" status="PASS">
          <params>
            <param index="0">
              <value>
                <![CDATA[https://aimood-stage1.intary.net/en/account/affiliate-program]]>
              </value>
            </param>
            <param index="1">
              <value>
                <![CDATA[Screenshots_St1/]]>
              </value>
            </param>
          </params>
          <reporter-output>
          </reporter-output>
        </test-method> <!-- allHeaderAccountAffiliateProgramPage -->
        <test-method is-config="true" signature="setUp()[pri:0, instance:tests.accountAffiliateProgramPageTests.AllPageFirefoxTests@5c7933ad]" started-at="2023-09-22T14:36:35 EEST" name="setUp" finished-at="2023-09-22T14:36:35 EEST" duration-ms="0" status="PASS">
          <reporter-output>
          </reporter-output>
        </test-method> <!-- setUp -->
        <test-method signature="getStartedHeaderAccountAffiliateProgramPage(java.lang.String,java.lang.String)[pri:3, instance:tests.accountAffiliateProgramPageTests.AllPageFirefoxTests@5c7933ad]" started-at="2023-09-22T14:36:42 EEST" name="getStartedHeaderAccountAffiliateProgramPage" finished-at="2023-09-22T14:36:49 EEST" duration-ms="6938" status="PASS">
          <params>
            <param index="0">
              <value>
                <![CDATA[https://aimood-stage1.intary.net/en/account/affiliate-program]]>
              </value>
            </param>
            <param index="1">
              <value>
                <![CDATA[Screenshots_St1/]]>
              </value>
            </param>
          </params>
          <reporter-output>
          </reporter-output>
        </test-method> <!-- getStartedHeaderAccountAffiliateProgramPage -->
        <test-method is-config="true" signature="setUp()[pri:0, instance:tests.accountAffiliateProgramPageTests.AllPageFirefoxTests@5c7933ad]" started-at="2023-09-22T14:36:42 EEST" name="setUp" finished-at="2023-09-22T14:36:42 EEST" duration-ms="0" status="PASS">
          <reporter-output>
          </reporter-output>
        </test-method> <!-- setUp -->
        <test-method signature="learnHeaderAccountAffiliateProgramPage(java.lang.String,java.lang.String)[pri:4, instance:tests.accountAffiliateProgramPageTests.AllPageFirefoxTests@5c7933ad]" started-at="2023-09-22T14:36:49 EEST" name="learnHeaderAccountAffiliateProgramPage" finished-at="2023-09-22T14:36:56 EEST" duration-ms="6940" status="PASS">
          <params>
            <param index="0">
              <value>
                <![CDATA[https://aimood-stage1.intary.net/en/account/affiliate-program]]>
              </value>
            </param>
            <param index="1">
              <value>
                <![CDATA[Screenshots_St1/]]>
              </value>
            </param>
          </params>
          <reporter-output>
          </reporter-output>
        </test-method> <!-- learnHeaderAccountAffiliateProgramPage -->
        <test-method is-config="true" signature="setUp()[pri:0, instance:tests.accountAffiliateProgramPageTests.AllPageFirefoxTests@5c7933ad]" started-at="2023-09-22T14:36:49 EEST" name="setUp" finished-at="2023-09-22T14:36:49 EEST" duration-ms="0" status="PASS">
          <reporter-output>
          </reporter-output>
        </test-method> <!-- setUp -->
        <test-method signature="resourcesHeaderAccountAffiliateProgramPage(java.lang.String,java.lang.String)[pri:5, instance:tests.accountAffiliateProgramPageTests.AllPageFirefoxTests@5c7933ad]" started-at="2023-09-22T14:36:56 EEST" name="resourcesHeaderAccountAffiliateProgramPage" finished-at="2023-09-22T14:37:03 EEST" duration-ms="6961" status="PASS">
          <params>
            <param index="0">
              <value>
                <![CDATA[https://aimood-stage1.intary.net/en/account/affiliate-program]]>
              </value>
            </param>
            <param index="1">
              <value>
                <![CDATA[Screenshots_St1/]]>
              </value>
            </param>
          </params>
          <reporter-output>
          </reporter-output>
        </test-method> <!-- resourcesHeaderAccountAffiliateProgramPage -->
        <test-method is-config="true" signature="setUp()[pri:0, instance:tests.accountAffiliateProgramPageTests.AllPageFirefoxTests@5c7933ad]" started-at="2023-09-22T14:36:56 EEST" name="setUp" finished-at="2023-09-22T14:36:56 EEST" duration-ms="0" status="PASS">
          <reporter-output>
          </reporter-output>
        </test-method> <!-- setUp -->
        <test-method signature="notificationsHeaderAccountAffiliateProgramPage(java.lang.String,java.lang.String)[pri:7, instance:tests.accountAffiliateProgramPageTests.AllPageFirefoxTests@5c7933ad]" started-at="2023-09-22T14:37:03 EEST" name="notificationsHeaderAccountAffiliateProgramPage" finished-at="2023-09-22T14:37:10 EEST" duration-ms="7081" status="PASS">
          <params>
            <param index="0">
              <value>
                <![CDATA[https://aimood-stage1.intary.net/en/account/affiliate-program]]>
              </value>
            </param>
            <param index="1">
              <value>
                <![CDATA[Screenshots_St1/]]>
              </value>
            </param>
          </params>
          <reporter-output>
          </reporter-output>
        </test-method> <!-- notificationsHeaderAccountAffiliateProgramPage -->
        <test-method is-config="true" signature="setUp()[pri:0, instance:tests.accountAffiliateProgramPageTests.AllPageFirefoxTests@5c7933ad]" started-at="2023-09-22T14:37:03 EEST" name="setUp" finished-at="2023-09-22T14:37:03 EEST" duration-ms="0" status="PASS">
          <reporter-output>
          </reporter-output>
        </test-method> <!-- setUp -->
        <test-method signature="profileHeaderAccountAffiliateProgramPage(java.lang.String,java.lang.String)[pri:8, instance:tests.accountAffiliateProgramPageTests.AllPageFirefoxTests@5c7933ad]" started-at="2023-09-22T14:37:10 EEST" name="profileHeaderAccountAffiliateProgramPage" finished-at="2023-09-22T14:37:17 EEST" duration-ms="6987" status="PASS">
          <params>
            <param index="0">
              <value>
                <![CDATA[https://aimood-stage1.intary.net/en/account/affiliate-program]]>
              </value>
            </param>
            <param index="1">
              <value>
                <![CDATA[Screenshots_St1/]]>
              </value>
            </param>
          </params>
          <reporter-output>
          </reporter-output>
        </test-method> <!-- profileHeaderAccountAffiliateProgramPage -->
        <test-method is-config="true" signature="setUp()[pri:0, instance:tests.accountAffiliateProgramPageTests.AllPageFirefoxTests@5c7933ad]" started-at="2023-09-22T14:37:10 EEST" name="setUp" finished-at="2023-09-22T14:37:10 EEST" duration-ms="0" status="PASS">
          <reporter-output>
          </reporter-output>
        </test-method> <!-- setUp -->
        <test-method signature="mainSectionAccountAffiliateProgramPage(java.lang.String,java.lang.String)[pri:9, instance:tests.accountAffiliateProgramPageTests.AllPageFirefoxTests@5c7933ad]" started-at="2023-09-22T14:37:17 EEST" name="mainSectionAccountAffiliateProgramPage" finished-at="2023-09-22T14:37:24 EEST" duration-ms="6919" status="PASS">
          <params>
            <param index="0">
              <value>
                <![CDATA[https://aimood-stage1.intary.net/en/account/affiliate-program]]>
              </value>
            </param>
            <param index="1">
              <value>
                <![CDATA[Screenshots_St1/]]>
              </value>
            </param>
          </params>
          <reporter-output>
          </reporter-output>
        </test-method> <!-- mainSectionAccountAffiliateProgramPage -->
        <test-method is-config="true" signature="setUp()[pri:0, instance:tests.accountAffiliateProgramPageTests.AllPageFirefoxTests@5c7933ad]" started-at="2023-09-22T14:37:17 EEST" name="setUp" finished-at="2023-09-22T14:37:17 EEST" duration-ms="0" status="PASS">
          <reporter-output>
          </reporter-output>
        </test-method> <!-- setUp -->
        <test-method signature="allFooterAccountAffiliateProgramPage(java.lang.String,java.lang.String)[pri:10, instance:tests.accountAffiliateProgramPageTests.AllPageFirefoxTests@5c7933ad]" started-at="2023-09-22T14:37:24 EEST" name="allFooterAccountAffiliateProgramPage" finished-at="2023-09-22T14:37:30 EEST" duration-ms="5959" status="PASS">
          <params>
            <param index="0">
              <value>
                <![CDATA[https://aimood-stage1.intary.net/en/account/affiliate-program]]>
              </value>
            </param>
            <param index="1">
              <value>
                <![CDATA[Screenshots_St1/]]>
              </value>
            </param>
          </params>
          <reporter-output>
          </reporter-output>
        </test-method> <!-- allFooterAccountAffiliateProgramPage -->
        <test-method is-config="true" signature="setUp()[pri:0, instance:tests.accountAffiliateProgramPageTests.AllPageFirefoxTests@5c7933ad]" started-at="2023-09-22T14:37:24 EEST" name="setUp" finished-at="2023-09-22T14:37:24 EEST" duration-ms="0" status="PASS">
          <reporter-output>
          </reporter-output>
        </test-method> <!-- setUp -->
        <test-method is-config="true" signature="tearDown()[pri:0, instance:tests.accountAffiliateProgramPageTests.AllPageFirefoxTests@5c7933ad]" started-at="2023-09-22T14:37:30 EEST" name="tearDown" finished-at="2023-09-22T14:37:32 EEST" duration-ms="1621" status="PASS">
          <reporter-output>
          </reporter-output>
        </test-method> <!-- tearDown -->
      </class> <!-- tests.accountAffiliateProgramPageTests.AllPageFirefoxTests -->
      <class name="tests.accountP2PPageTests.AllPageFirefoxTests">
        <test-method is-config="true" signature="setUp()[pri:0, instance:tests.accountP2PPageTests.AllPageFirefoxTests@72c8e7b]" started-at="2023-09-22T14:28:29 EEST" name="setUp" finished-at="2023-09-22T14:28:31 EEST" duration-ms="2425" status="PASS">
          <reporter-output>
          </reporter-output>
        </test-method> <!-- setUp -->
        <test-method signature="signInUser(java.lang.String)[pri:1, instance:tests.accountP2PPageTests.AllPageFirefoxTests@72c8e7b]" started-at="2023-09-22T14:28:31 EEST" name="signInUser" finished-at="2023-09-22T14:28:54 EEST" duration-ms="22512" status="PASS">
          <params>
            <param index="0">
              <value>
                <![CDATA[https://aimood-stage1.intary.net/en/]]>
              </value>
            </param>
          </params>
          <reporter-output>
          </reporter-output>
        </test-method> <!-- signInUser -->
        <test-method signature="allHeaderAccountP2PPage(java.lang.String,java.lang.String)[pri:2, instance:tests.accountP2PPageTests.AllPageFirefoxTests@72c8e7b]" started-at="2023-09-22T14:28:54 EEST" name="allHeaderAccountP2PPage" finished-at="2023-09-22T14:29:00 EEST" duration-ms="6164" status="PASS">
          <params>
            <param index="0">
              <value>
                <![CDATA[https://aimood-stage1.intary.net/en/account/p2p]]>
              </value>
            </param>
            <param index="1">
              <value>
                <![CDATA[Screenshots_St1/]]>
              </value>
            </param>
          </params>
          <reporter-output>
          </reporter-output>
        </test-method> <!-- allHeaderAccountP2PPage -->
        <test-method is-config="true" signature="setUp()[pri:0, instance:tests.accountP2PPageTests.AllPageFirefoxTests@72c8e7b]" started-at="2023-09-22T14:28:54 EEST" name="setUp" finished-at="2023-09-22T14:28:54 EEST" duration-ms="0" status="PASS">
          <reporter-output>
          </reporter-output>
        </test-method> <!-- setUp -->
        <test-method signature="getStartedHeaderAccountP2PPage(java.lang.String,java.lang.String)[pri:3, instance:tests.accountP2PPageTests.AllPageFirefoxTests@72c8e7b]" started-at="2023-09-22T14:29:00 EEST" name="getStartedHeaderAccountP2PPage" finished-at="2023-09-22T14:29:07 EEST" duration-ms="6990" status="PASS">
          <params>
            <param index="0">
              <value>
                <![CDATA[https://aimood-stage1.intary.net/en/account/p2p]]>
              </value>
            </param>
            <param index="1">
              <value>
                <![CDATA[Screenshots_St1/]]>
              </value>
            </param>
          </params>
          <reporter-output>
          </reporter-output>
        </test-method> <!-- getStartedHeaderAccountP2PPage -->
        <test-method is-config="true" signature="setUp()[pri:0, instance:tests.accountP2PPageTests.AllPageFirefoxTests@72c8e7b]" started-at="2023-09-22T14:29:00 EEST" name="setUp" finished-at="2023-09-22T14:29:00 EEST" duration-ms="0" status="PASS">
          <reporter-output>
          </reporter-output>
        </test-method> <!-- setUp -->
        <test-method signature="learnHeaderAccountP2PPage(java.lang.String,java.lang.String)[pri:4, instance:tests.accountP2PPageTests.AllPageFirefoxTests@72c8e7b]" started-at="2023-09-22T14:29:07 EEST" name="learnHeaderAccountP2PPage" finished-at="2023-09-22T14:29:14 EEST" duration-ms="6982" status="PASS">
          <params>
            <param index="0">
              <value>
                <![CDATA[https://aimood-stage1.intary.net/en/account/p2p]]>
              </value>
            </param>
            <param index="1">
              <value>
                <![CDATA[Screenshots_St1/]]>
              </value>
            </param>
          </params>
          <reporter-output>
          </reporter-output>
        </test-method> <!-- learnHeaderAccountP2PPage -->
        <test-method is-config="true" signature="setUp()[pri:0, instance:tests.accountP2PPageTests.AllPageFirefoxTests@72c8e7b]" started-at="2023-09-22T14:29:07 EEST" name="setUp" finished-at="2023-09-22T14:29:07 EEST" duration-ms="0" status="PASS">
          <reporter-output>
          </reporter-output>
        </test-method> <!-- setUp -->
        <test-method signature="resourcesHeaderAccountP2PPage(java.lang.String,java.lang.String)[pri:5, instance:tests.accountP2PPageTests.AllPageFirefoxTests@72c8e7b]" started-at="2023-09-22T14:29:14 EEST" name="resourcesHeaderAccountP2PPage" finished-at="2023-09-22T14:29:21 EEST" duration-ms="6993" status="PASS">
          <params>
            <param index="0">
              <value>
                <![CDATA[https://aimood-stage1.intary.net/en/account/p2p]]>
              </value>
            </param>
            <param index="1">
              <value>
                <![CDATA[Screenshots_St1/]]>
              </value>
            </param>
          </params>
          <reporter-output>
          </reporter-output>
        </test-method> <!-- resourcesHeaderAccountP2PPage -->
        <test-method is-config="true" signature="setUp()[pri:0, instance:tests.accountP2PPageTests.AllPageFirefoxTests@72c8e7b]" started-at="2023-09-22T14:29:14 EEST" name="setUp" finished-at="2023-09-22T14:29:14 EEST" duration-ms="0" status="PASS">
          <reporter-output>
          </reporter-output>
        </test-method> <!-- setUp -->
        <test-method is-config="true" signature="setUp()[pri:0, instance:tests.accountP2PPageTests.AllPageFirefoxTests@72c8e7b]" started-at="2023-09-22T14:29:21 EEST" name="setUp" finished-at="2023-09-22T14:29:21 EEST" duration-ms="1" status="PASS">
          <reporter-output>
          </reporter-output>
        </test-method> <!-- setUp -->
        <test-method signature="notificationsHeaderAccountP2PPage(java.lang.String,java.lang.String)[pri:7, instance:tests.accountP2PPageTests.AllPageFirefoxTests@72c8e7b]" started-at="2023-09-22T14:29:21 EEST" name="notificationsHeaderAccountP2PPage" finished-at="2023-09-22T14:29:28 EEST" duration-ms="7075" status="PASS">
          <params>
            <param index="0">
              <value>
                <![CDATA[https://aimood-stage1.intary.net/en/account/p2p]]>
              </value>
            </param>
            <param index="1">
              <value>
                <![CDATA[Screenshots_St1/]]>
              </value>
            </param>
          </params>
          <reporter-output>
          </reporter-output>
        </test-method> <!-- notificationsHeaderAccountP2PPage -->
        <test-method signature="profileHeaderAccountP2PPage(java.lang.String,java.lang.String)[pri:8, instance:tests.accountP2PPageTests.AllPageFirefoxTests@72c8e7b]" started-at="2023-09-22T14:29:28 EEST" name="profileHeaderAccountP2PPage" finished-at="2023-09-22T14:29:35 EEST" duration-ms="7030" status="PASS">
          <params>
            <param index="0">
              <value>
                <![CDATA[https://aimood-stage1.intary.net/en/account/p2p]]>
              </value>
            </param>
            <param index="1">
              <value>
                <![CDATA[Screenshots_St1/]]>
              </value>
            </param>
          </params>
          <reporter-output>
          </reporter-output>
        </test-method> <!-- profileHeaderAccountP2PPage -->
        <test-method is-config="true" signature="setUp()[pri:0, instance:tests.accountP2PPageTests.AllPageFirefoxTests@72c8e7b]" started-at="2023-09-22T14:29:28 EEST" name="setUp" finished-at="2023-09-22T14:29:28 EEST" duration-ms="0" status="PASS">
          <reporter-output>
          </reporter-output>
        </test-method> <!-- setUp -->
        <test-method signature="mainSectionAccountP2PPage(java.lang.String,java.lang.String)[pri:9, instance:tests.accountP2PPageTests.AllPageFirefoxTests@72c8e7b]" started-at="2023-09-22T14:29:35 EEST" name="mainSectionAccountP2PPage" finished-at="2023-09-22T14:29:42 EEST" duration-ms="7253" status="PASS">
          <params>
            <param index="0">
              <value>
                <![CDATA[https://aimood-stage1.intary.net/en/account/p2p]]>
              </value>
            </param>
            <param index="1">
              <value>
                <![CDATA[Screenshots_St1/]]>
              </value>
            </param>
          </params>
          <reporter-output>
          </reporter-output>
        </test-method> <!-- mainSectionAccountP2PPage -->
        <test-method is-config="true" signature="setUp()[pri:0, instance:tests.accountP2PPageTests.AllPageFirefoxTests@72c8e7b]" started-at="2023-09-22T14:29:35 EEST" name="setUp" finished-at="2023-09-22T14:29:35 EEST" duration-ms="0" status="PASS">
          <reporter-output>
          </reporter-output>
        </test-method> <!-- setUp -->
        <test-method signature="allFooterAccountP2PPage(java.lang.String,java.lang.String)[pri:10, instance:tests.accountP2PPageTests.AllPageFirefoxTests@72c8e7b]" started-at="2023-09-22T14:29:42 EEST" name="allFooterAccountP2PPage" finished-at="2023-09-22T14:29:48 EEST" duration-ms="5921" status="PASS">
          <params>
            <param index="0">
              <value>
                <![CDATA[https://aimood-stage1.intary.net/en/account/p2p]]>
              </value>
            </param>
            <param index="1">
              <value>
                <![CDATA[Screenshots_St1/]]>
              </value>
            </param>
          </params>
          <reporter-output>
          </reporter-output>
        </test-method> <!-- allFooterAccountP2PPage -->
        <test-method is-config="true" signature="setUp()[pri:0, instance:tests.accountP2PPageTests.AllPageFirefoxTests@72c8e7b]" started-at="2023-09-22T14:29:42 EEST" name="setUp" finished-at="2023-09-22T14:29:42 EEST" duration-ms="0" status="PASS">
          <reporter-output>
          </reporter-output>
        </test-method> <!-- setUp -->
        <test-method is-config="true" signature="tearDown()[pri:0, instance:tests.accountP2PPageTests.AllPageFirefoxTests@72c8e7b]" started-at="2023-09-22T14:29:48 EEST" name="tearDown" finished-at="2023-09-22T14:29:50 EEST" duration-ms="1504" status="PASS">
          <reporter-output>
          </reporter-output>
        </test-method> <!-- tearDown -->
      </class> <!-- tests.accountP2PPageTests.AllPageFirefoxTests -->
      <class name="tests.resetPasswordPage2Tests.AllPageFirefoxTests">
        <test-method is-config="true" signature="setUp()[pri:0, instance:tests.resetPasswordPage2Tests.AllPageFirefoxTests@5b38c1ec]" started-at="2023-09-22T14:19:21 EEST" name="setUp" finished-at="2023-09-22T14:19:24 EEST" duration-ms="2629" status="PASS">
          <reporter-output>
          </reporter-output>
        </test-method> <!-- setUp -->
        <test-method signature="allHeaderResetPasswordPage2(java.lang.String,java.lang.String)[pri:1, instance:tests.resetPasswordPage2Tests.AllPageFirefoxTests@5b38c1ec]" started-at="2023-09-22T14:19:24 EEST" name="allHeaderResetPasswordPage2" finished-at="2023-09-22T14:19:35 EEST" duration-ms="11126" status="PASS">
          <params>
            <param index="0">
              <value>
                <![CDATA[https://aimood-stage1.intary.net/en/reset-password-2]]>
              </value>
            </param>
            <param index="1">
              <value>
                <![CDATA[Screenshots_St1/]]>
              </value>
            </param>
          </params>
          <reporter-output>
          </reporter-output>
        </test-method> <!-- allHeaderResetPasswordPage2 -->
        <test-method signature="getStartedHeaderResetPasswordPage2(java.lang.String,java.lang.String)[pri:2, instance:tests.resetPasswordPage2Tests.AllPageFirefoxTests@5b38c1ec]" started-at="2023-09-22T14:19:35 EEST" name="getStartedHeaderResetPasswordPage2" finished-at="2023-09-22T14:19:40 EEST" duration-ms="5107" status="PASS">
          <params>
            <param index="0">
              <value>
                <![CDATA[https://aimood-stage1.intary.net/en/reset-password-2]]>
              </value>
            </param>
            <param index="1">
              <value>
                <![CDATA[Screenshots_St1/]]>
              </value>
            </param>
          </params>
          <reporter-output>
          </reporter-output>
        </test-method> <!-- getStartedHeaderResetPasswordPage2 -->
        <test-method is-config="true" signature="setUp()[pri:0, instance:tests.resetPasswordPage2Tests.AllPageFirefoxTests@5b38c1ec]" started-at="2023-09-22T14:19:35 EEST" name="setUp" finished-at="2023-09-22T14:19:35 EEST" duration-ms="0" status="PASS">
          <reporter-output>
          </reporter-output>
        </test-method> <!-- setUp -->
        <test-method signature="learnHeaderResetPasswordPage2(java.lang.String,java.lang.String)[pri:3, instance:tests.resetPasswordPage2Tests.AllPageFirefoxTests@5b38c1ec]" started-at="2023-09-22T14:19:40 EEST" name="learnHeaderResetPasswordPage2" finished-at="2023-09-22T14:19:45 EEST" duration-ms="5140" status="PASS">
          <params>
            <param index="0">
              <value>
                <![CDATA[https://aimood-stage1.intary.net/en/reset-password-2]]>
              </value>
            </param>
            <param index="1">
              <value>
                <![CDATA[Screenshots_St1/]]>
              </value>
            </param>
          </params>
          <reporter-output>
          </reporter-output>
        </test-method> <!-- learnHeaderResetPasswordPage2 -->
        <test-method is-config="true" signature="setUp()[pri:0, instance:tests.resetPasswordPage2Tests.AllPageFirefoxTests@5b38c1ec]" started-at="2023-09-22T14:19:40 EEST" name="setUp" finished-at="2023-09-22T14:19:40 EEST" duration-ms="0" status="PASS">
          <reporter-output>
          </reporter-output>
        </test-method> <!-- setUp -->
        <test-method signature="resourcesHeaderResetPasswordPage2(java.lang.String,java.lang.String)[pri:4, instance:tests.resetPasswordPage2Tests.AllPageFirefoxTests@5b38c1ec]" started-at="2023-09-22T14:19:45 EEST" name="resourcesHeaderResetPasswordPage2" finished-at="2023-09-22T14:19:50 EEST" duration-ms="5083" status="PASS">
          <params>
            <param index="0">
              <value>
                <![CDATA[https://aimood-stage1.intary.net/en/reset-password-2]]>
              </value>
            </param>
            <param index="1">
              <value>
                <![CDATA[Screenshots_St1/]]>
              </value>
            </param>
          </params>
          <reporter-output>
          </reporter-output>
        </test-method> <!-- resourcesHeaderResetPasswordPage2 -->
        <test-method is-config="true" signature="setUp()[pri:0, instance:tests.resetPasswordPage2Tests.AllPageFirefoxTests@5b38c1ec]" started-at="2023-09-22T14:19:45 EEST" name="setUp" finished-at="2023-09-22T14:19:45 EEST" duration-ms="0" status="PASS">
          <reporter-output>
          </reporter-output>
        </test-method> <!-- setUp -->
        <test-method signature="mainSectionResetPasswordPage2(java.lang.String,java.lang.String)[pri:6, instance:tests.resetPasswordPage2Tests.AllPageFirefoxTests@5b38c1ec]" started-at="2023-09-22T14:19:50 EEST" name="mainSectionResetPasswordPage2" finished-at="2023-09-22T14:19:57 EEST" duration-ms="6984" status="PASS">
          <params>
            <param index="0">
              <value>
                <![CDATA[https://aimood-stage1.intary.net/en/reset-password-2]]>
              </value>
            </param>
            <param index="1">
              <value>
                <![CDATA[Screenshots_St1/]]>
              </value>
            </param>
          </params>
          <reporter-output>
          </reporter-output>
        </test-method> <!-- mainSectionResetPasswordPage2 -->
        <test-method is-config="true" signature="setUp()[pri:0, instance:tests.resetPasswordPage2Tests.AllPageFirefoxTests@5b38c1ec]" started-at="2023-09-22T14:19:50 EEST" name="setUp" finished-at="2023-09-22T14:19:50 EEST" duration-ms="0" status="PASS">
          <reporter-output>
          </reporter-output>
        </test-method> <!-- setUp -->
        <test-method signature="allFooterResetPasswordPage2(java.lang.String,java.lang.String)[pri:7, instance:tests.resetPasswordPage2Tests.AllPageFirefoxTests@5b38c1ec]" started-at="2023-09-22T14:19:57 EEST" name="allFooterResetPasswordPage2" finished-at="2023-09-22T14:20:03 EEST" duration-ms="5993" status="PASS">
          <params>
            <param index="0">
              <value>
                <![CDATA[https://aimood-stage1.intary.net/en/reset-password-2]]>
              </value>
            </param>
            <param index="1">
              <value>
                <![CDATA[Screenshots_St1/]]>
              </value>
            </param>
          </params>
          <reporter-output>
          </reporter-output>
        </test-method> <!-- allFooterResetPasswordPage2 -->
        <test-method is-config="true" signature="setUp()[pri:0, instance:tests.resetPasswordPage2Tests.AllPageFirefoxTests@5b38c1ec]" started-at="2023-09-22T14:19:57 EEST" name="setUp" finished-at="2023-09-22T14:19:57 EEST" duration-ms="0" status="PASS">
          <reporter-output>
          </reporter-output>
        </test-method> <!-- setUp -->
        <test-method is-config="true" signature="tearDown()[pri:0, instance:tests.resetPasswordPage2Tests.AllPageFirefoxTests@5b38c1ec]" started-at="2023-09-22T14:20:03 EEST" name="tearDown" finished-at="2023-09-22T14:20:05 EEST" duration-ms="1456" status="PASS">
          <reporter-output>
          </reporter-output>
        </test-method> <!-- tearDown -->
      </class> <!-- tests.resetPasswordPage2Tests.AllPageFirefoxTests -->
      <class name="tests.signInPageTests.AllPageChromeTests">
        <test-method is-config="true" signature="setUp()[pri:0, instance:tests.signInPageTests.AllPageChromeTests@48e1f6c7]" started-at="2023-09-22T14:21:25 EEST" name="setUp" finished-at="2023-09-22T14:21:26 EEST" duration-ms="778" status="PASS">
          <reporter-output>
          </reporter-output>
        </test-method> <!-- setUp -->
        <test-method signature="allHeaderSignInPage(java.lang.String,java.lang.String)[pri:1, instance:tests.signInPageTests.AllPageChromeTests@48e1f6c7]" started-at="2023-09-22T14:21:26 EEST" name="allHeaderSignInPage" finished-at="2023-09-22T14:21:34 EEST" duration-ms="8352" status="PASS">
          <params>
            <param index="0">
              <value>
                <![CDATA[https://aimood-stage1.intary.net/en/login]]>
              </value>
            </param>
            <param index="1">
              <value>
                <![CDATA[Screenshots_St1/]]>
              </value>
            </param>
          </params>
          <reporter-output>
          </reporter-output>
        </test-method> <!-- allHeaderSignInPage -->
        <test-method signature="getStartedHeaderSignInPage(java.lang.String,java.lang.String)[pri:2, instance:tests.signInPageTests.AllPageChromeTests@48e1f6c7]" started-at="2023-09-22T14:21:34 EEST" name="getStartedHeaderSignInPage" finished-at="2023-09-22T14:21:39 EEST" duration-ms="5330" status="PASS">
          <params>
            <param index="0">
              <value>
                <![CDATA[https://aimood-stage1.intary.net/en/login]]>
              </value>
            </param>
            <param index="1">
              <value>
                <![CDATA[Screenshots_St1/]]>
              </value>
            </param>
          </params>
          <reporter-output>
          </reporter-output>
        </test-method> <!-- getStartedHeaderSignInPage -->
        <test-method is-config="true" signature="setUp()[pri:0, instance:tests.signInPageTests.AllPageChromeTests@48e1f6c7]" started-at="2023-09-22T14:21:34 EEST" name="setUp" finished-at="2023-09-22T14:21:34 EEST" duration-ms="0" status="PASS">
          <reporter-output>
          </reporter-output>
        </test-method> <!-- setUp -->
        <test-method signature="learnHeaderSignInPage(java.lang.String,java.lang.String)[pri:3, instance:tests.signInPageTests.AllPageChromeTests@48e1f6c7]" started-at="2023-09-22T14:21:39 EEST" name="learnHeaderSignInPage" finished-at="2023-09-22T14:21:45 EEST" duration-ms="5230" status="PASS">
          <params>
            <param index="0">
              <value>
                <![CDATA[https://aimood-stage1.intary.net/en/login]]>
              </value>
            </param>
            <param index="1">
              <value>
                <![CDATA[Screenshots_St1/]]>
              </value>
            </param>
          </params>
          <reporter-output>
          </reporter-output>
        </test-method> <!-- learnHeaderSignInPage -->
        <test-method is-config="true" signature="setUp()[pri:0, instance:tests.signInPageTests.AllPageChromeTests@48e1f6c7]" started-at="2023-09-22T14:21:39 EEST" name="setUp" finished-at="2023-09-22T14:21:39 EEST" duration-ms="0" status="PASS">
          <reporter-output>
          </reporter-output>
        </test-method> <!-- setUp -->
        <test-method signature="resourcesHeaderSignInPage(java.lang.String,java.lang.String)[pri:4, instance:tests.signInPageTests.AllPageChromeTests@48e1f6c7]" started-at="2023-09-22T14:21:45 EEST" name="resourcesHeaderSignInPage" finished-at="2023-09-22T14:21:50 EEST" duration-ms="5250" status="PASS">
          <params>
            <param index="0">
              <value>
                <![CDATA[https://aimood-stage1.intary.net/en/login]]>
              </value>
            </param>
            <param index="1">
              <value>
                <![CDATA[Screenshots_St1/]]>
              </value>
            </param>
          </params>
          <reporter-output>
          </reporter-output>
        </test-method> <!-- resourcesHeaderSignInPage -->
        <test-method is-config="true" signature="setUp()[pri:0, instance:tests.signInPageTests.AllPageChromeTests@48e1f6c7]" started-at="2023-09-22T14:21:45 EEST" name="setUp" finished-at="2023-09-22T14:21:45 EEST" duration-ms="0" status="PASS">
          <reporter-output>
          </reporter-output>
        </test-method> <!-- setUp -->
        <test-method signature="mainSectionSignInPage(java.lang.String,java.lang.String)[pri:6, instance:tests.signInPageTests.AllPageChromeTests@48e1f6c7]" started-at="2023-09-22T14:21:50 EEST" name="mainSectionSignInPage" finished-at="2023-09-22T14:21:57 EEST" duration-ms="7190" status="PASS">
          <params>
            <param index="0">
              <value>
                <![CDATA[https://aimood-stage1.intary.net/en/login]]>
              </value>
            </param>
            <param index="1">
              <value>
                <![CDATA[Screenshots_St1/]]>
              </value>
            </param>
          </params>
          <reporter-output>
          </reporter-output>
        </test-method> <!-- mainSectionSignInPage -->
        <test-method is-config="true" signature="setUp()[pri:0, instance:tests.signInPageTests.AllPageChromeTests@48e1f6c7]" started-at="2023-09-22T14:21:50 EEST" name="setUp" finished-at="2023-09-22T14:21:50 EEST" duration-ms="0" status="PASS">
          <reporter-output>
          </reporter-output>
        </test-method> <!-- setUp -->
        <test-method signature="allFooterSignInPage(java.lang.String,java.lang.String)[pri:7, instance:tests.signInPageTests.AllPageChromeTests@48e1f6c7]" started-at="2023-09-22T14:21:57 EEST" name="allFooterSignInPage" finished-at="2023-09-22T14:22:03 EEST" duration-ms="6180" status="PASS">
          <params>
            <param index="0">
              <value>
                <![CDATA[https://aimood-stage1.intary.net/en/login]]>
              </value>
            </param>
            <param index="1">
              <value>
                <![CDATA[Screenshots_St1/]]>
              </value>
            </param>
          </params>
          <reporter-output>
          </reporter-output>
        </test-method> <!-- allFooterSignInPage -->
        <test-method is-config="true" signature="setUp()[pri:0, instance:tests.signInPageTests.AllPageChromeTests@48e1f6c7]" started-at="2023-09-22T14:21:57 EEST" name="setUp" finished-at="2023-09-22T14:21:57 EEST" duration-ms="0" status="PASS">
          <reporter-output>
          </reporter-output>
        </test-method> <!-- setUp -->
        <test-method is-config="true" signature="tearDown()[pri:0, instance:tests.signInPageTests.AllPageChromeTests@48e1f6c7]" started-at="2023-09-22T14:22:03 EEST" name="tearDown" finished-at="2023-09-22T14:22:04 EEST" duration-ms="630" status="PASS">
          <reporter-output>
          </reporter-output>
        </test-method> <!-- tearDown -->
      </class> <!-- tests.signInPageTests.AllPageChromeTests -->
      <class name="tests.walletPageTests.AllPageFirefoxTests">
        <test-method is-config="true" signature="setUp()[pri:0, instance:tests.walletPageTests.AllPageFirefoxTests@740fb309]" started-at="2023-09-22T14:11:00 EEST" name="setUp" finished-at="2023-09-22T14:11:03 EEST" duration-ms="2504" status="PASS">
          <reporter-output>
          </reporter-output>
        </test-method> <!-- setUp -->
        <test-method signature="allHeaderWalletPage(java.lang.String,java.lang.String)[pri:1, instance:tests.walletPageTests.AllPageFirefoxTests@740fb309]" started-at="2023-09-22T14:11:03 EEST" name="allHeaderWalletPage" finished-at="2023-09-22T14:11:13 EEST" duration-ms="10436" status="PASS">
          <params>
            <param index="0">
              <value>
                <![CDATA[https://aimood-stage1.intary.net/en/the-aimood-wallet]]>
              </value>
            </param>
            <param index="1">
              <value>
                <![CDATA[Screenshots_St1/]]>
              </value>
            </param>
          </params>
          <reporter-output>
          </reporter-output>
        </test-method> <!-- allHeaderWalletPage -->
        <test-method signature="getStartedHeaderWalletPage(java.lang.String,java.lang.String)[pri:2, instance:tests.walletPageTests.AllPageFirefoxTests@740fb309]" started-at="2023-09-22T14:11:13 EEST" name="getStartedHeaderWalletPage" finished-at="2023-09-22T14:11:18 EEST" duration-ms="5072" status="PASS">
          <params>
            <param index="0">
              <value>
                <![CDATA[https://aimood-stage1.intary.net/en/the-aimood-wallet]]>
              </value>
            </param>
            <param index="1">
              <value>
                <![CDATA[Screenshots_St1/]]>
              </value>
            </param>
          </params>
          <reporter-output>
          </reporter-output>
        </test-method> <!-- getStartedHeaderWalletPage -->
        <test-method is-config="true" signature="setUp()[pri:0, instance:tests.walletPageTests.AllPageFirefoxTests@740fb309]" started-at="2023-09-22T14:11:13 EEST" name="setUp" finished-at="2023-09-22T14:11:13 EEST" duration-ms="0" status="PASS">
          <reporter-output>
          </reporter-output>
        </test-method> <!-- setUp -->
        <test-method signature="learnHeaderWalletPage(java.lang.String,java.lang.String)[pri:3, instance:tests.walletPageTests.AllPageFirefoxTests@740fb309]" started-at="2023-09-22T14:11:18 EEST" name="learnHeaderWalletPage" finished-at="2023-09-22T14:11:23 EEST" duration-ms="5074" status="PASS">
          <params>
            <param index="0">
              <value>
                <![CDATA[https://aimood-stage1.intary.net/en/the-aimood-wallet]]>
              </value>
            </param>
            <param index="1">
              <value>
                <![CDATA[Screenshots_St1/]]>
              </value>
            </param>
          </params>
          <reporter-output>
          </reporter-output>
        </test-method> <!-- learnHeaderWalletPage -->
        <test-method is-config="true" signature="setUp()[pri:0, instance:tests.walletPageTests.AllPageFirefoxTests@740fb309]" started-at="2023-09-22T14:11:18 EEST" name="setUp" finished-at="2023-09-22T14:11:18 EEST" duration-ms="0" status="PASS">
          <reporter-output>
          </reporter-output>
        </test-method> <!-- setUp -->
        <test-method signature="resourcesHeaderWalletPage(java.lang.String,java.lang.String)[pri:4, instance:tests.walletPageTests.AllPageFirefoxTests@740fb309]" started-at="2023-09-22T14:11:23 EEST" name="resourcesHeaderWalletPage" finished-at="2023-09-22T14:11:28 EEST" duration-ms="5152" status="PASS">
          <params>
            <param index="0">
              <value>
                <![CDATA[https://aimood-stage1.intary.net/en/the-aimood-wallet]]>
              </value>
            </param>
            <param index="1">
              <value>
                <![CDATA[Screenshots_St1/]]>
              </value>
            </param>
          </params>
          <reporter-output>
          </reporter-output>
        </test-method> <!-- resourcesHeaderWalletPage -->
        <test-method is-config="true" signature="setUp()[pri:0, instance:tests.walletPageTests.AllPageFirefoxTests@740fb309]" started-at="2023-09-22T14:11:23 EEST" name="setUp" finished-at="2023-09-22T14:11:23 EEST" duration-ms="0" status="PASS">
          <reporter-output>
          </reporter-output>
        </test-method> <!-- setUp -->
        <test-method signature="mainSectionWalletPage(java.lang.String,java.lang.String)[pri:6, instance:tests.walletPageTests.AllPageFirefoxTests@740fb309]" started-at="2023-09-22T14:11:28 EEST" name="mainSectionWalletPage" finished-at="2023-09-22T14:11:34 EEST" duration-ms="5935" status="PASS">
          <params>
            <param index="0">
              <value>
                <![CDATA[https://aimood-stage1.intary.net/en/the-aimood-wallet]]>
              </value>
            </param>
            <param index="1">
              <value>
                <![CDATA[Screenshots_St1/]]>
              </value>
            </param>
          </params>
          <reporter-output>
          </reporter-output>
        </test-method> <!-- mainSectionWalletPage -->
        <test-method is-config="true" signature="setUp()[pri:0, instance:tests.walletPageTests.AllPageFirefoxTests@740fb309]" started-at="2023-09-22T14:11:28 EEST" name="setUp" finished-at="2023-09-22T14:11:28 EEST" duration-ms="0" status="PASS">
          <reporter-output>
          </reporter-output>
        </test-method> <!-- setUp -->
        <test-method signature="delegatedSectionWalletPage(java.lang.String,java.lang.String)[pri:7, instance:tests.walletPageTests.AllPageFirefoxTests@740fb309]" started-at="2023-09-22T14:11:34 EEST" name="delegatedSectionWalletPage" finished-at="2023-09-22T14:11:41 EEST" duration-ms="6240" status="PASS">
          <params>
            <param index="0">
              <value>
                <![CDATA[https://aimood-stage1.intary.net/en/the-aimood-wallet]]>
              </value>
            </param>
            <param index="1">
              <value>
                <![CDATA[Screenshots_St1/]]>
              </value>
            </param>
          </params>
          <reporter-output>
          </reporter-output>
        </test-method> <!-- delegatedSectionWalletPage -->
        <test-method is-config="true" signature="setUp()[pri:0, instance:tests.walletPageTests.AllPageFirefoxTests@740fb309]" started-at="2023-09-22T14:11:34 EEST" name="setUp" finished-at="2023-09-22T14:11:34 EEST" duration-ms="0" status="PASS">
          <reporter-output>
          </reporter-output>
        </test-method> <!-- setUp -->
        <test-method signature="allFooterWalletPage(java.lang.String,java.lang.String)[pri:8, instance:tests.walletPageTests.AllPageFirefoxTests@740fb309]" started-at="2023-09-22T14:11:41 EEST" name="allFooterWalletPage" finished-at="2023-09-22T14:11:47 EEST" duration-ms="6020" status="PASS">
          <params>
            <param index="0">
              <value>
                <![CDATA[https://aimood-stage1.intary.net/en/the-aimood-wallet]]>
              </value>
            </param>
            <param index="1">
              <value>
                <![CDATA[Screenshots_St1/]]>
              </value>
            </param>
          </params>
          <reporter-output>
          </reporter-output>
        </test-method> <!-- allFooterWalletPage -->
        <test-method is-config="true" signature="setUp()[pri:0, instance:tests.walletPageTests.AllPageFirefoxTests@740fb309]" started-at="2023-09-22T14:11:41 EEST" name="setUp" finished-at="2023-09-22T14:11:41 EEST" duration-ms="0" status="PASS">
          <reporter-output>
          </reporter-output>
        </test-method> <!-- setUp -->
        <test-method is-config="true" signature="tearDown()[pri:0, instance:tests.walletPageTests.AllPageFirefoxTests@740fb309]" started-at="2023-09-22T14:11:47 EEST" name="tearDown" finished-at="2023-09-22T14:11:48 EEST" duration-ms="1586" status="PASS">
          <reporter-output>
          </reporter-output>
        </test-method> <!-- tearDown -->
      </class> <!-- tests.walletPageTests.AllPageFirefoxTests -->
      <class name="tests.accountAffiliateProgramPageTests.AllPageChromeTests">
        <test-method is-config="true" signature="setUp()[pri:0, instance:tests.accountAffiliateProgramPageTests.AllPageChromeTests@57bc27f5]" started-at="2023-09-22T14:37:32 EEST" name="setUp" finished-at="2023-09-22T14:37:32 EEST" duration-ms="801" status="PASS">
          <reporter-output>
          </reporter-output>
        </test-method> <!-- setUp -->
        <test-method signature="signInUser(java.lang.String)[pri:1, instance:tests.accountAffiliateProgramPageTests.AllPageChromeTests@57bc27f5]" started-at="2023-09-22T14:37:32 EEST" name="signInUser" finished-at="2023-09-22T14:37:48 EEST" duration-ms="15391" status="PASS">
          <params>
            <param index="0">
              <value>
                <![CDATA[https://aimood-stage1.intary.net/en/]]>
              </value>
            </param>
          </params>
          <reporter-output>
          </reporter-output>
        </test-method> <!-- signInUser -->
[...]
              <value>
                <![CDATA[Screenshots_St1/]]>
              </value>
            </param>
          </params>
          <reporter-output>
          </reporter-output>
        </test-method> <!-- allFooterAccountFundPage -->
        <test-method is-config="true" signature="setUp()[pri:0, instance:tests.accountFundPageTests.AllPageFirefoxTests@431cd9b2]" started-at="2023-09-22T14:32:29 EEST" name="setUp" finished-at="2023-09-22T14:32:29 EEST" duration-ms="0" status="PASS">
          <reporter-output>
          </reporter-output>
        </test-method> <!-- setUp -->
        <test-method is-config="true" signature="tearDown()[pri:0, instance:tests.accountFundPageTests.AllPageFirefoxTests@431cd9b2]" started-at="2023-09-22T14:32:35 EEST" name="tearDown" finished-at="2023-09-22T14:32:37 EEST" duration-ms="1494" status="PASS">
          <reporter-output>
          </reporter-output>
        </test-method> <!-- tearDown -->
      </class> <!-- tests.accountFundPageTests.AllPageFirefoxTests -->
      <class name="tests.accountSettingsPageTests.AllPageChromeTests">
        <test-method is-config="true" signature="setUp()[pri:0, instance:tests.accountSettingsPageTests.AllPageChromeTests@f1da57d]" started-at="2023-09-22T14:24:34 EEST" name="setUp" finished-at="2023-09-22T14:24:35 EEST" duration-ms="784" status="PASS">
          <reporter-output>
          </reporter-output>
        </test-method> <!-- setUp -->
        <test-method signature="signInUser(java.lang.String)[pri:1, instance:tests.accountSettingsPageTests.AllPageChromeTests@f1da57d]" started-at="2023-09-22T14:24:35 EEST" name="signInUser" finished-at="2023-09-22T14:24:50 EEST" duration-ms="15345" status="PASS">
          <params>
            <param index="0">
              <value>
                <![CDATA[https://aimood-stage1.intary.net/en/]]>
              </value>
            </param>
          </params>
          <reporter-output>
          </reporter-output>
        </test-method> <!-- signInUser -->
        <test-method signature="allHeaderAccountSettingsPage(java.lang.String,java.lang.String)[pri:2, instance:tests.accountSettingsPageTests.AllPageChromeTests@f1da57d]" started-at="2023-09-22T14:24:50 EEST" name="allHeaderAccountSettingsPage" finished-at="2023-09-22T14:24:57 EEST" duration-ms="6190" status="PASS">
          <params>
            <param index="0">
              <value>
                <![CDATA[https://aimood-stage1.intary.net/en/account/settings]]>
              </value>
            </param>
            <param index="1">
              <value>
                <![CDATA[Screenshots_St1/]]>
              </value>
            </param>
          </params>
          <reporter-output>
          </reporter-output>
        </test-method> <!-- allHeaderAccountSettingsPage -->
        <test-method is-config="true" signature="setUp()[pri:0, instance:tests.accountSettingsPageTests.AllPageChromeTests@f1da57d]" started-at="2023-09-22T14:24:50 EEST" name="setUp" finished-at="2023-09-22T14:24:50 EEST" duration-ms="0" status="PASS">
          <reporter-output>
          </reporter-output>
        </test-method> <!-- setUp -->
        <test-method signature="getStartedHeaderAccountSettingsPage(java.lang.String,java.lang.String)[pri:3, instance:tests.accountSettingsPageTests.AllPageChromeTests@f1da57d]" started-at="2023-09-22T14:24:57 EEST" name="getStartedHeaderAccountSettingsPage" finished-at="2023-09-22T14:25:04 EEST" duration-ms="7130" status="PASS">
          <params>
            <param index="0">
              <value>
                <![CDATA[https://aimood-stage1.intary.net/en/account/settings]]>
              </value>
            </param>
            <param index="1">
              <value>
                <![CDATA[Screenshots_St1/]]>
              </value>
            </param>
          </params>
          <reporter-output>
          </reporter-output>
        </test-method> <!-- getStartedHeaderAccountSettingsPage -->
        <test-method is-config="true" signature="setUp()[pri:0, instance:tests.accountSettingsPageTests.AllPageChromeTests@f1da57d]" started-at="2023-09-22T14:24:57 EEST" name="setUp" finished-at="2023-09-22T14:24:57 EEST" duration-ms="0" status="PASS">
          <reporter-output>
          </reporter-output>
        </test-method> <!-- setUp -->
        <test-method signature="learnHeaderAccountSettingsPage(java.lang.String,java.lang.String)[pri:4, instance:tests.accountSettingsPageTests.AllPageChromeTests@f1da57d]" started-at="2023-09-22T14:25:04 EEST" name="learnHeaderAccountSettingsPage" finished-at="2023-09-22T14:25:11 EEST" duration-ms="7171" status="PASS">
          <params>
            <param index="0">
              <value>
                <![CDATA[https://aimood-stage1.intary.net/en/account/settings]]>
              </value>
            </param>
            <param index="1">
              <value>
                <![CDATA[Screenshots_St1/]]>
              </value>
            </param>
          </params>
          <reporter-output>
          </reporter-output>
        </test-method> <!-- learnHeaderAccountSettingsPage -->
        <test-method is-config="true" signature="setUp()[pri:0, instance:tests.accountSettingsPageTests.AllPageChromeTests@f1da57d]" started-at="2023-09-22T14:25:04 EEST" name="setUp" finished-at="2023-09-22T14:25:04 EEST" duration-ms="0" status="PASS">
          <reporter-output>
          </reporter-output>
        </test-method> <!-- setUp -->
        <test-method signature="resourcesHeaderAccountSettingsPage(java.lang.String,java.lang.String)[pri:5, instance:tests.accountSettingsPageTests.AllPageChromeTests@f1da57d]" started-at="2023-09-22T14:25:11 EEST" name="resourcesHeaderAccountSettingsPage" finished-at="2023-09-22T14:25:18 EEST" duration-ms="7169" status="PASS">
          <params>
            <param index="0">
              <value>
                <![CDATA[https://aimood-stage1.intary.net/en/account/settings]]>
              </value>
            </param>
            <param index="1">
              <value>
                <![CDATA[Screenshots_St1/]]>
              </value>
            </param>
          </params>
          <reporter-output>
          </reporter-output>
        </test-method> <!-- resourcesHeaderAccountSettingsPage -->
        <test-method is-config="true" signature="setUp()[pri:0, instance:tests.accountSettingsPageTests.AllPageChromeTests@f1da57d]" started-at="2023-09-22T14:25:11 EEST" name="setUp" finished-at="2023-09-22T14:25:11 EEST" duration-ms="0" status="PASS">
          <reporter-output>
          </reporter-output>
        </test-method> <!-- setUp -->
        <test-method signature="notificationsHeaderAccountSettingsPage(java.lang.String,java.lang.String)[pri:7, instance:tests.accountSettingsPageTests.AllPageChromeTests@f1da57d]" started-at="2023-09-22T14:25:18 EEST" name="notificationsHeaderAccountSettingsPage" finished-at="2023-09-22T14:25:25 EEST" duration-ms="7099" status="PASS">
          <params>
            <param index="0">
              <value>
                <![CDATA[https://aimood-stage1.intary.net/en/account/settings]]>
              </value>
            </param>
            <param index="1">
              <value>
                <![CDATA[Screenshots_St1/]]>
              </value>
            </param>
          </params>
          <reporter-output>
          </reporter-output>
        </test-method> <!-- notificationsHeaderAccountSettingsPage -->
        <test-method is-config="true" signature="setUp()[pri:0, instance:tests.accountSettingsPageTests.AllPageChromeTests@f1da57d]" started-at="2023-09-22T14:25:18 EEST" name="setUp" finished-at="2023-09-22T14:25:18 EEST" duration-ms="0" status="PASS">
          <reporter-output>
          </reporter-output>
        </test-method> <!-- setUp -->
        <test-method signature="profileHeaderAccountSettingsPage(java.lang.String,java.lang.String)[pri:8, instance:tests.accountSettingsPageTests.AllPageChromeTests@f1da57d]" started-at="2023-09-22T14:25:25 EEST" name="profileHeaderAccountSettingsPage" finished-at="2023-09-22T14:25:32 EEST" duration-ms="7073" status="PASS">
          <params>
            <param index="0">
              <value>
                <![CDATA[https://aimood-stage1.intary.net/en/account/settings]]>
              </value>
            </param>
            <param index="1">
              <value>
                <![CDATA[Screenshots_St1/]]>
              </value>
            </param>
          </params>
          <reporter-output>
          </reporter-output>
        </test-method> <!-- profileHeaderAccountSettingsPage -->
        <test-method is-config="true" signature="setUp()[pri:0, instance:tests.accountSettingsPageTests.AllPageChromeTests@f1da57d]" started-at="2023-09-22T14:25:25 EEST" name="setUp" finished-at="2023-09-22T14:25:25 EEST" duration-ms="0" status="PASS">
          <reporter-output>
          </reporter-output>
        </test-method> <!-- setUp -->
        <test-method signature="mainSectionAccountSettingsPage(java.lang.String,java.lang.String)[pri:9, instance:tests.accountSettingsPageTests.AllPageChromeTests@f1da57d]" started-at="2023-09-22T14:25:32 EEST" name="mainSectionAccountSettingsPage" finished-at="2023-09-22T14:25:39 EEST" duration-ms="7228" status="PASS">
          <params>
            <param index="0">
              <value>
                <![CDATA[https://aimood-stage1.intary.net/en/account/settings]]>
              </value>
            </param>
            <param index="1">
              <value>
                <![CDATA[Screenshots_St1/]]>
              </value>
            </param>
          </params>
          <reporter-output>
          </reporter-output>
        </test-method> <!-- mainSectionAccountSettingsPage -->
        <test-method is-config="true" signature="setUp()[pri:0, instance:tests.accountSettingsPageTests.AllPageChromeTests@f1da57d]" started-at="2023-09-22T14:25:32 EEST" name="setUp" finished-at="2023-09-22T14:25:32 EEST" duration-ms="0" status="PASS">
          <reporter-output>
          </reporter-output>
        </test-method> <!-- setUp -->
        <test-method signature="allFooterAccountSettingsPage(java.lang.String,java.lang.String)[pri:10, instance:tests.accountSettingsPageTests.AllPageChromeTests@f1da57d]" started-at="2023-09-22T14:25:39 EEST" name="allFooterAccountSettingsPage" finished-at="2023-09-22T14:25:46 EEST" duration-ms="6240" status="PASS">
          <params>
            <param index="0">
              <value>
                <![CDATA[https://aimood-stage1.intary.net/en/account/settings]]>
              </value>
            </param>
            <param index="1">
              <value>
                <![CDATA[Screenshots_St1/]]>
              </value>
            </param>
          </params>
          <reporter-output>
          </reporter-output>
        </test-method> <!-- allFooterAccountSettingsPage -->
        <test-method is-config="true" signature="setUp()[pri:0, instance:tests.accountSettingsPageTests.AllPageChromeTests@f1da57d]" started-at="2023-09-22T14:25:39 EEST" name="setUp" finished-at="2023-09-22T14:25:39 EEST" duration-ms="0" status="PASS">
          <reporter-output>
          </reporter-output>
        </test-method> <!-- setUp -->
        <test-method is-config="true" signature="tearDown()[pri:0, instance:tests.accountSettingsPageTests.AllPageChromeTests@f1da57d]" started-at="2023-09-22T14:25:46 EEST" name="tearDown" finished-at="2023-09-22T14:25:46 EEST" duration-ms="640" status="PASS">
          <reporter-output>
          </reporter-output>
        </test-method> <!-- tearDown -->
      </class> <!-- tests.accountSettingsPageTests.AllPageChromeTests -->
      <class name="tests.whitePaper.WhitePaperChromeTests">
        <test-method is-config="true" signature="setUp()[pri:0, instance:tests.whitePaper.WhitePaperChromeTests@6f204a1a]" started-at="2023-09-22T14:15:26 EEST" name="setUp" finished-at="2023-09-22T14:15:27 EEST" duration-ms="750" status="PASS">
          <reporter-output>
          </reporter-output>
        </test-method> <!-- setUp -->
        <test-method signature="allHeaderWhitePaperPage(java.lang.String,java.lang.String)[pri:1, instance:tests.whitePaper.WhitePaperChromeTests@6f204a1a]" started-at="2023-09-22T14:15:27 EEST" name="allHeaderWhitePaperPage" finished-at="2023-09-22T14:15:36 EEST" duration-ms="8850" status="PASS">
          <params>
            <param index="0">
              <value>
                <![CDATA[https://aimood-stage1.intary.net/en/white-paper]]>
              </value>
            </param>
            <param index="1">
              <value>
                <![CDATA[Screenshots_St1/]]>
              </value>
            </param>
          </params>
          <reporter-output>
          </reporter-output>
        </test-method> <!-- allHeaderWhitePaperPage -->
        <test-method signature="getStartedHeaderWhitePaperPage(java.lang.String,java.lang.String)[pri:2, instance:tests.whitePaper.WhitePaperChromeTests@6f204a1a]" started-at="2023-09-22T14:15:36 EEST" name="getStartedHeaderWhitePaperPage" finished-at="2023-09-22T14:15:42 EEST" duration-ms="6260" status="PASS">
          <params>
            <param index="0">
              <value>
                <![CDATA[https://aimood-stage1.intary.net/en/white-paper]]>
              </value>
            </param>
            <param index="1">
              <value>
                <![CDATA[Screenshots_St1/]]>
              </value>
            </param>
          </params>
          <reporter-output>
          </reporter-output>
        </test-method> <!-- getStartedHeaderWhitePaperPage -->
        <test-method is-config="true" signature="setUp()[pri:0, instance:tests.whitePaper.WhitePaperChromeTests@6f204a1a]" started-at="2023-09-22T14:15:36 EEST" name="setUp" finished-at="2023-09-22T14:15:36 EEST" duration-ms="0" status="PASS">
          <reporter-output>
          </reporter-output>
        </test-method> <!-- setUp -->
        <test-method signature="learnHeaderWhitePaperPage(java.lang.String,java.lang.String)[pri:3, instance:tests.whitePaper.WhitePaperChromeTests@6f204a1a]" started-at="2023-09-22T14:15:42 EEST" name="learnHeaderWhitePaperPage" finished-at="2023-09-22T14:15:48 EEST" duration-ms="6171" status="PASS">
          <params>
            <param index="0">
              <value>
                <![CDATA[https://aimood-stage1.intary.net/en/white-paper]]>
              </value>
            </param>
            <param index="1">
              <value>
                <![CDATA[Screenshots_St1/]]>
              </value>
            </param>
          </params>
          <reporter-output>
          </reporter-output>
        </test-method> <!-- learnHeaderWhitePaperPage -->
        <test-method is-config="true" signature="setUp()[pri:0, instance:tests.whitePaper.WhitePaperChromeTests@6f204a1a]" started-at="2023-09-22T14:15:42 EEST" name="setUp" finished-at="2023-09-22T14:15:42 EEST" duration-ms="0" status="PASS">
          <reporter-output>
          </reporter-output>
        </test-method> <!-- setUp -->
        <test-method signature="resourcesHeaderWhitePaperPage(java.lang.String,java.lang.String)[pri:4, instance:tests.whitePaper.WhitePaperChromeTests@6f204a1a]" started-at="2023-09-22T14:15:48 EEST" name="resourcesHeaderWhitePaperPage" finished-at="2023-09-22T14:15:54 EEST" duration-ms="6159" status="PASS">
          <params>
            <param index="0">
              <value>
                <![CDATA[https://aimood-stage1.intary.net/en/white-paper]]>
              </value>
            </param>
            <param index="1">
              <value>
                <![CDATA[Screenshots_St1/]]>
              </value>
            </param>
          </params>
          <reporter-output>
          </reporter-output>
        </test-method> <!-- resourcesHeaderWhitePaperPage -->
        <test-method is-config="true" signature="setUp()[pri:0, instance:tests.whitePaper.WhitePaperChromeTests@6f204a1a]" started-at="2023-09-22T14:15:48 EEST" name="setUp" finished-at="2023-09-22T14:15:48 EEST" duration-ms="0" status="PASS">
          <reporter-output>
          </reporter-output>
        </test-method> <!-- setUp -->
        <test-method signature="mainBlockWhitePaperPage(java.lang.String,java.lang.String)[pri:5, instance:tests.whitePaper.WhitePaperChromeTests@6f204a1a]" started-at="2023-09-22T14:15:54 EEST" name="mainBlockWhitePaperPage" finished-at="2023-09-22T14:16:01 EEST" duration-ms="6250" status="PASS">
          <params>
            <param index="0">
              <value>
                <![CDATA[https://aimood-stage1.intary.net/en/white-paper]]>
              </value>
            </param>
            <param index="1">
              <value>
                <![CDATA[Screenshots_St1/]]>
              </value>
            </param>
          </params>
          <reporter-output>
          </reporter-output>
        </test-method> <!-- mainBlockWhitePaperPage -->
        <test-method is-config="true" signature="setUp()[pri:0, instance:tests.whitePaper.WhitePaperChromeTests@6f204a1a]" started-at="2023-09-22T14:15:54 EEST" name="setUp" finished-at="2023-09-22T14:15:54 EEST" duration-ms="0" status="PASS">
          <reporter-output>
          </reporter-output>
        </test-method> <!-- setUp -->
        <test-method signature="EweuimtPage(java.lang.String,java.lang.String)[pri:6, instance:tests.whitePaper.WhitePaperChromeTests@6f204a1a]" started-at="2023-09-22T14:16:01 EEST" name="EweuimtPage" finished-at="2023-09-22T14:16:07 EEST" duration-ms="6580" status="PASS">
          <params>
            <param index="0">
              <value>
                <![CDATA[https://aimood-stage1.intary.net/en/white-paper]]>
              </value>
            </param>
            <param index="1">
              <value>
                <![CDATA[Screenshots_St1/]]>
              </value>
            </param>
          </params>
          <reporter-output>
          </reporter-output>
        </test-method> <!-- EweuimtPage -->
        <test-method is-config="true" signature="setUp()[pri:0, instance:tests.whitePaper.WhitePaperChromeTests@6f204a1a]" started-at="2023-09-22T14:16:01 EEST" name="setUp" finished-at="2023-09-22T14:16:01 EEST" duration-ms="0" status="PASS">
          <reporter-output>
          </reporter-output>
        </test-method> <!-- setUp -->
        <test-method signature="allFooterWhitePaperPage(java.lang.String,java.lang.String)[pri:7, instance:tests.whitePaper.WhitePaperChromeTests@6f204a1a]" started-at="2023-09-22T14:16:07 EEST" name="allFooterWhitePaperPage" finished-at="2023-09-22T14:16:13 EEST" duration-ms="6231" status="PASS">
          <params>
            <param index="0">
              <value>
                <![CDATA[https://aimood-stage1.intary.net/en/white-paper]]>
              </value>
            </param>
            <param index="1">
              <value>
                <![CDATA[Screenshots_St1/]]>
              </value>
            </param>
          </params>
          <reporter-output>
          </reporter-output>
        </test-method> <!-- allFooterWhitePaperPage -->
        <test-method is-config="true" signature="setUp()[pri:0, instance:tests.whitePaper.WhitePaperChromeTests@6f204a1a]" started-at="2023-09-22T14:16:07 EEST" name="setUp" finished-at="2023-09-22T14:16:07 EEST" duration-ms="0" status="PASS">
          <reporter-output>
          </reporter-output>
        </test-method> <!-- setUp -->
        <test-method is-config="true" signature="tearDown()[pri:0, instance:tests.whitePaper.WhitePaperChromeTests@6f204a1a]" started-at="2023-09-22T14:16:13 EEST" name="tearDown" finished-at="2023-09-22T14:16:14 EEST" duration-ms="655" status="PASS">
          <reporter-output>
          </reporter-output>
        </test-method> <!-- tearDown -->
      </class> <!-- tests.whitePaper.WhitePaperChromeTests -->
    </test> <!-- ai-mood - Pixel perfect regression -->
  </suite> <!-- WPT -->
</testng-results>
