-------------------------------------------------------------------------------
Test set: TestSuite
-------------------------------------------------------------------------------
Tests run: 198, Failures: 48, Errors: 0, Skipped: 96, Time elapsed: 1,124.792 s <<< FAILURE! - in TestSuite
tests.mainPageTests.AllPageFirefoxTests.getStartedHeaderMainPage[https://ai-mood.com/en, Screenshots/](3)  Time elapsed: 3.784 s  <<< FAILURE!
java.lang.AssertionError: *** Images are not similar *** expected [true] but found [false]
	at tests.mainPageTests.AllPageFirefoxTests.getStartedHeaderMainPage(AllPageFirefoxTests.java:44)

tests.mainPageTests.AllPageFirefoxTests.learnHeaderMainPage[https://ai-mood.com/en, Screenshots/](3)  Time elapsed: 3.746 s  <<< FAILURE!
java.lang.AssertionError: *** Images are not similar *** expected [true] but found [false]
	at tests.mainPageTests.AllPageFirefoxTests.learnHeaderMainPage(AllPageFirefoxTests.java:62)

tests.mainPageTests.AllPageFirefoxTests.resourcesHeaderMainPage[https://ai-mood.com/en, Screenshots/](3)  Time elapsed: 3.719 s  <<< FAILURE!
java.lang.AssertionError: *** Images are not similar *** expected [true] but found [false]
	at tests.mainPageTests.AllPageFirefoxTests.resourcesHeaderMainPage(AllPageFirefoxTests.java:80)

tests.mainPageTests.AllPageFirefoxTests.roadmapSectionMainPage[https://ai-mood.com/en, Screenshots/](3)  Time elapsed: 5.18 s  <<< FAILURE!
java.lang.AssertionError: *** Images are not similar *** expected [true] but found [false]
	at tests.mainPageTests.AllPageFirefoxTests.roadmapSectionMainPage(AllPageFirefoxTests.java:156)

tests.mainPageTests.AllPageFirefoxTests.statisticsSectionMainPage[https://ai-mood.com/en, Screenshots/](3)  Time elapsed: 5.214 s  <<< FAILURE!
java.lang.AssertionError: *** Images are not similar *** expected [true] but found [false]
	at tests.mainPageTests.AllPageFirefoxTests.statisticsSectionMainPage(AllPageFirefoxTests.java:175)

tests.mainPageTests.AllPageChromeTests.allHeaderMainPage[https://ai-mood.com/en, Screenshots/](3)  Time elapsed: 18.89 s  <<< FAILURE!
java.lang.AssertionError: *** Images are not similar *** expected [true] but found [false]
	at tests.mainPageTests.AllPageChromeTests.allHeaderMainPage(AllPageChromeTests.java:26)

tests.mainPageTests.AllPageChromeTests.getStartedHeaderMainPage[https://ai-mood.com/en, Screenshots/](3)  Time elapsed: 3.933 s  <<< FAILURE!
java.lang.AssertionError: *** Images are not similar *** expected [true] but found [false]
	at tests.mainPageTests.AllPageChromeTests.getStartedHeaderMainPage(AllPageChromeTests.java:44)

tests.mainPageTests.AllPageChromeTests.learnHeaderMainPage[https://ai-mood.com/en, Screenshots/](3)  Time elapsed: 3.895 s  <<< FAILURE!
java.lang.AssertionError: *** Images are not similar *** expected [true] but found [false]
	at tests.mainPageTests.AllPageChromeTests.learnHeaderMainPage(AllPageChromeTests.java:62)

tests.mainPageTests.AllPageChromeTests.resourcesHeaderMainPage[https://ai-mood.com/en, Screenshots/](3)  Time elapsed: 3.95 s  <<< FAILURE!
java.lang.AssertionError: *** Images are not similar *** expected [true] but found [false]
	at tests.mainPageTests.AllPageChromeTests.resourcesHeaderMainPage(AllPageChromeTests.java:80)

tests.mainPageTests.AllPageChromeTests.mainSectionMainPage[https://ai-mood.com/en, Screenshots/](3)  Time elapsed: 5.01 s  <<< FAILURE!
java.lang.AssertionError: *** Images are not similar *** expected [true] but found [false]
	at tests.mainPageTests.AllPageChromeTests.mainSectionMainPage(AllPageChromeTests.java:118)

tests.mainPageTests.AllPageChromeTests.videoSectionMainPage[https://ai-mood.com/en, Screenshots/](3)  Time elapsed: 5.547 s  <<< FAILURE!
java.lang.AssertionError: *** Images are not similar *** expected [true] but found [false]
	at tests.mainPageTests.AllPageChromeTests.videoSectionMainPage(AllPageChromeTests.java:137)

tests.mainPageTests.AllPageChromeTests.roadmapSectionMainPage[https://ai-mood.com/en, Screenshots/](3)  Time elapsed: 5.689 s  <<< FAILURE!
java.lang.AssertionError: *** Images are not similar *** expected [true] but found [false]
	at tests.mainPageTests.AllPageChromeTests.roadmapSectionMainPage(AllPageChromeTests.java:156)

tests.mainPageTests.AllPageChromeTests.statisticsSectionMainPage[https://ai-mood.com/en, Screenshots/](3)  Time elapsed: 4.967 s  <<< FAILURE!
java.lang.AssertionError: *** Images are not similar *** expected [true] but found [false]
	at tests.mainPageTests.AllPageChromeTests.statisticsSectionMainPage(AllPageChromeTests.java:175)

tests.mainPageTests.AllPageChromeTests.leaningSectionMainPage[https://ai-mood.com/en, Screenshots/](3)  Time elapsed: 6.094 s  <<< FAILURE!
java.lang.AssertionError: *** Images are not similar *** expected [true] but found [false]
	at tests.mainPageTests.AllPageChromeTests.leaningSectionMainPage(AllPageChromeTests.java:194)

tests.mainPageTests.AllPageChromeTests.subFooterMainPage[https://ai-mood.com/en, Screenshots/](3)  Time elapsed: 4.596 s  <<< FAILURE!
java.lang.AssertionError: *** Images are not similar *** expected [true] but found [false]
	at tests.mainPageTests.AllPageChromeTests.subFooterMainPage(AllPageChromeTests.java:252)

tests.mainPageTests.AllPageChromeTests.copFooterMainPage[https://ai-mood.com/en, Screenshots/](3)  Time elapsed: 3.701 s  <<< FAILURE!
java.lang.AssertionError: *** Images are not similar *** expected [true] but found [false]
	at tests.mainPageTests.AllPageChromeTests.copFooterMainPage(AllPageChromeTests.java:271)

tests.marketPlacePageTests.AllPageFirefoxTests.getStartedHeaderMarketPlacePage[https://ai-mood.com/en/market-place, Screenshots/](3)  Time elapsed: 3.593 s  <<< FAILURE!
java.lang.AssertionError: *** Images are not similar *** expected [true] but found [false]
	at tests.marketPlacePageTests.AllPageFirefoxTests.getStartedHeaderMarketPlacePage(AllPageFirefoxTests.java:44)

tests.marketPlacePageTests.AllPageFirefoxTests.learnHeaderMarketPlacePage[https://ai-mood.com/en/market-place, Screenshots/](3)  Time elapsed: 3.544 s  <<< FAILURE!
java.lang.AssertionError: *** Images are not similar *** expected [true] but found [false]
	at tests.marketPlacePageTests.AllPageFirefoxTests.learnHeaderMarketPlacePage(AllPageFirefoxTests.java:62)

tests.marketPlacePageTests.AllPageFirefoxTests.resourcesHeaderMarketPlacePage[https://ai-mood.com/en/market-place, Screenshots/](3)  Time elapsed: 3.658 s  <<< FAILURE!
java.lang.AssertionError: *** Images are not similar *** expected [true] but found [false]
	at tests.marketPlacePageTests.AllPageFirefoxTests.resourcesHeaderMarketPlacePage(AllPageFirefoxTests.java:80)

tests.marketPlacePageTests.AllPageFirefoxTests.statisticsSectionMarketPlacePage[https://ai-mood.com/en/market-place, Screenshots/](3)  Time elapsed: 5.193 s  <<< FAILURE!
java.lang.AssertionError: *** Images are not similar *** expected [true] but found [false]
	at tests.marketPlacePageTests.AllPageFirefoxTests.statisticsSectionMarketPlacePage(AllPageFirefoxTests.java:137)

tests.marketPlacePageTests.AllPageChromeTests.allHeaderMarketPlacePage[https://ai-mood.com/en/market-place, Screenshots/](3)  Time elapsed: 18.821 s  <<< FAILURE!
java.lang.AssertionError: *** Images are not similar *** expected [true] but found [false]
	at tests.marketPlacePageTests.AllPageChromeTests.allHeaderMarketPlacePage(AllPageChromeTests.java:27)

tests.marketPlacePageTests.AllPageChromeTests.getStartedHeaderMarketPlacePage[https://ai-mood.com/en/market-place, Screenshots/](3)  Time elapsed: 3.882 s  <<< FAILURE!
java.lang.AssertionError: *** Images are not similar *** expected [true] but found [false]
	at tests.marketPlacePageTests.AllPageChromeTests.getStartedHeaderMarketPlacePage(AllPageChromeTests.java:45)

tests.marketPlacePageTests.AllPageChromeTests.learnHeaderMarketPlacePage[https://ai-mood.com/en/market-place, Screenshots/](3)  Time elapsed: 3.911 s  <<< FAILURE!
java.lang.AssertionError: *** Images are not similar *** expected [true] but found [false]
	at tests.marketPlacePageTests.AllPageChromeTests.learnHeaderMarketPlacePage(AllPageChromeTests.java:63)

tests.marketPlacePageTests.AllPageChromeTests.resourcesHeaderMarketPlacePage[https://ai-mood.com/en/market-place, Screenshots/](3)  Time elapsed: 3.884 s  <<< FAILURE!
java.lang.AssertionError: *** Images are not similar *** expected [true] but found [false]
	at tests.marketPlacePageTests.AllPageChromeTests.resourcesHeaderMarketPlacePage(AllPageChromeTests.java:81)

tests.marketPlacePageTests.AllPageChromeTests.statisticsSectionMarketPlacePage[https://ai-mood.com/en/market-place, Screenshots/](3)  Time elapsed: 5.694 s  <<< FAILURE!
java.lang.AssertionError: *** Images are not similar *** expected [true] but found [false]
	at tests.marketPlacePageTests.AllPageChromeTests.statisticsSectionMarketPlacePage(AllPageChromeTests.java:138)

tests.marketPlacePageTests.AllPageChromeTests.copFooterMarketPlacePage[https://ai-mood.com/en/market-place, Screenshots/](3)  Time elapsed: 3.783 s  <<< FAILURE!
java.lang.AssertionError: *** Images are not similar *** expected [true] but found [false]
	at tests.marketPlacePageTests.AllPageChromeTests.copFooterMarketPlacePage(AllPageChromeTests.java:216)

tests.buySellMoodCoinTests.AllPageChromeTests.allHeaderBuySellMoodCoinPage[https://ai-mood.com/en/buy-sell-aimood-coin, Screenshots/](3)  Time elapsed: 18.698 s  <<< FAILURE!
java.lang.AssertionError: *** Images are not similar *** expected [true] but found [false]
	at tests.buySellMoodCoinTests.AllPageChromeTests.allHeaderBuySellMoodCoinPage(AllPageChromeTests.java:26)

tests.buySellMoodCoinTests.AllPageChromeTests.getStartedHeaderBuySellMoodCoinPage[https://ai-mood.com/en/buy-sell-aimood-coin, Screenshots/](3)  Time elapsed: 3.85 s  <<< FAILURE!
java.lang.AssertionError: *** Images are not similar *** expected [true] but found [false]
	at tests.buySellMoodCoinTests.AllPageChromeTests.getStartedHeaderBuySellMoodCoinPage(AllPageChromeTests.java:44)

tests.buySellMoodCoinTests.AllPageChromeTests.learnHeaderBuySellMoodCoinPage[https://ai-mood.com/en/buy-sell-aimood-coin, Screenshots/](3)  Time elapsed: 3.917 s  <<< FAILURE!
java.lang.AssertionError: *** Images are not similar *** expected [true] but found [false]
	at tests.buySellMoodCoinTests.AllPageChromeTests.learnHeaderBuySellMoodCoinPage(AllPageChromeTests.java:62)

tests.buySellMoodCoinTests.AllPageChromeTests.resourcesHeaderBuySellMoodCoinPage[https://ai-mood.com/en/buy-sell-aimood-coin, Screenshots/](3)  Time elapsed: 3.814 s  <<< FAILURE!
java.lang.AssertionError: *** Images are not similar *** expected [true] but found [false]
	at tests.buySellMoodCoinTests.AllPageChromeTests.resourcesHeaderBuySellMoodCoinPage(AllPageChromeTests.java:80)

tests.buySellMoodCoinTests.AllPageChromeTests.copFooterBuySellMoodCoinPage[https://ai-mood.com/en/buy-sell-aimood-coin, Screenshots/](3)  Time elapsed: 3.732 s  <<< FAILURE!
java.lang.AssertionError: *** Images are not similar *** expected [true] but found [false]
	at tests.buySellMoodCoinTests.AllPageChromeTests.copFooterBuySellMoodCoinPage(AllPageChromeTests.java:196)

tests.buySellMoodCoinTests.AllPageFirefoxTests.allHeaderBuySellMoodCoinPage[https://ai-mood.com/en/buy-sell-aimood-coin, Screenshots/](3)  Time elapsed: 18.513 s  <<< FAILURE!
java.lang.AssertionError: *** Images are not similar *** expected [true] but found [false]
	at tests.buySellMoodCoinTests.AllPageFirefoxTests.allHeaderBuySellMoodCoinPage(AllPageFirefoxTests.java:26)

tests.buySellMoodCoinTests.AllPageFirefoxTests.getStartedHeaderBuySellMoodCoinPage[https://ai-mood.com/en/buy-sell-aimood-coin, Screenshots/](3)  Time elapsed: 3.524 s  <<< FAILURE!
java.lang.AssertionError: *** Images are not similar *** expected [true] but found [false]
	at tests.buySellMoodCoinTests.AllPageFirefoxTests.getStartedHeaderBuySellMoodCoinPage(AllPageFirefoxTests.java:44)

tests.buySellMoodCoinTests.AllPageFirefoxTests.learnHeaderBuySellMoodCoinPage[https://ai-mood.com/en/buy-sell-aimood-coin, Screenshots/](3)  Time elapsed: 3.54 s  <<< FAILURE!
java.lang.AssertionError: *** Images are not similar *** expected [true] but found [false]
	at tests.buySellMoodCoinTests.AllPageFirefoxTests.learnHeaderBuySellMoodCoinPage(AllPageFirefoxTests.java:62)

tests.buySellMoodCoinTests.AllPageFirefoxTests.resourcesHeaderBuySellMoodCoinPage[https://ai-mood.com/en/buy-sell-aimood-coin, Screenshots/](3)  Time elapsed: 3.54 s  <<< FAILURE!
java.lang.AssertionError: *** Images are not similar *** expected [true] but found [false]
	at tests.buySellMoodCoinTests.AllPageFirefoxTests.resourcesHeaderBuySellMoodCoinPage(AllPageFirefoxTests.java:80)

tests.buySellMoodCoinTests.AllPageFirefoxTests.allFooterBuySellMoodCoinPage[https://ai-mood.com/en/buy-sell-aimood-coin, Screenshots/](3)  Time elapsed: 4.657 s  <<< FAILURE!
java.lang.AssertionError: *** Images are not similar *** expected [true] but found [false]
	at tests.buySellMoodCoinTests.AllPageFirefoxTests.allFooterBuySellMoodCoinPage(AllPageFirefoxTests.java:139)

tests.buySellMoodCoinTests.AllPageFirefoxTests.copFooterBuySellMoodCoinPage[https://ai-mood.com/en/buy-sell-aimood-coin, Screenshots/](3)  Time elapsed: 3.451 s  <<< FAILURE!
java.lang.AssertionError: *** Images are not similar *** expected [true] but found [false]
	at tests.buySellMoodCoinTests.AllPageFirefoxTests.copFooterBuySellMoodCoinPage(AllPageFirefoxTests.java:196)

tests.fundPageTests.AllPageFirefoxTests.allHeaderFundPage[https://ai-mood.com/en/fund, Screenshots/](3)  Time elapsed: 18.533 s  <<< FAILURE!
java.lang.AssertionError: *** Images are not similar *** expected [true] but found [false]
	at tests.fundPageTests.AllPageFirefoxTests.allHeaderFundPage(AllPageFirefoxTests.java:26)

tests.fundPageTests.AllPageFirefoxTests.getStartedHeaderFundPage[https://ai-mood.com/en/fund, Screenshots/](3)  Time elapsed: 3.518 s  <<< FAILURE!
java.lang.AssertionError: *** Images are not similar *** expected [true] but found [false]
	at tests.fundPageTests.AllPageFirefoxTests.getStartedHeaderFundPage(AllPageFirefoxTests.java:44)

tests.fundPageTests.AllPageFirefoxTests.learnHeaderFundPage[https://ai-mood.com/en/fund, Screenshots/](3)  Time elapsed: 3.542 s  <<< FAILURE!
java.lang.AssertionError: *** Images are not similar *** expected [true] but found [false]
	at tests.fundPageTests.AllPageFirefoxTests.learnHeaderFundPage(AllPageFirefoxTests.java:62)

tests.fundPageTests.AllPageFirefoxTests.resourcesHeaderFundPage[https://ai-mood.com/en/fund, Screenshots/](3)  Time elapsed: 3.588 s  <<< FAILURE!
java.lang.AssertionError: *** Images are not similar *** expected [true] but found [false]
	at tests.fundPageTests.AllPageFirefoxTests.resourcesHeaderFundPage(AllPageFirefoxTests.java:80)

tests.fundPageTests.AllPageFirefoxTests.allFooterFundPage[https://ai-mood.com/en/fund, Screenshots/](3)  Time elapsed: 4.687 s  <<< FAILURE!
java.lang.AssertionError: *** Images are not similar *** expected [true] but found [false]
	at tests.fundPageTests.AllPageFirefoxTests.allFooterFundPage(AllPageFirefoxTests.java:139)

tests.fundPageTests.AllPageFirefoxTests.copFooterFundPage[https://ai-mood.com/en/fund, Screenshots/](3)  Time elapsed: 3.46 s  <<< FAILURE!
java.lang.AssertionError: *** Images are not similar *** expected [true] but found [false]
	at tests.fundPageTests.AllPageFirefoxTests.copFooterFundPage(AllPageFirefoxTests.java:196)

tests.fundPageTests.AllPageChromeTests.allHeaderFundPage[https://ai-mood.com/en/fund, Screenshots/](3)  Time elapsed: 18.681 s  <<< FAILURE!
java.lang.AssertionError: *** Images are not similar *** expected [true] but found [false]
	at tests.fundPageTests.AllPageChromeTests.allHeaderFundPage(AllPageChromeTests.java:28)

tests.fundPageTests.AllPageChromeTests.getStartedHeaderFundPage[https://ai-mood.com/en/fund, Screenshots/](3)  Time elapsed: 3.799 s  <<< FAILURE!
java.lang.AssertionError: *** Images are not similar *** expected [true] but found [false]
	at tests.fundPageTests.AllPageChromeTests.getStartedHeaderFundPage(AllPageChromeTests.java:46)

tests.fundPageTests.AllPageChromeTests.learnHeaderFundPage[https://ai-mood.com/en/fund, Screenshots/](3)  Time elapsed: 3.866 s  <<< FAILURE!
java.lang.AssertionError: *** Images are not similar *** expected [true] but found [false]
	at tests.fundPageTests.AllPageChromeTests.learnHeaderFundPage(AllPageChromeTests.java:64)

tests.fundPageTests.AllPageChromeTests.resourcesHeaderFundPage[https://ai-mood.com/en/fund, Screenshots/](3)  Time elapsed: 3.85 s  <<< FAILURE!
java.lang.AssertionError: *** Images are not similar *** expected [true] but found [false]
	at tests.fundPageTests.AllPageChromeTests.resourcesHeaderFundPage(AllPageChromeTests.java:82)

tests.fundPageTests.AllPageChromeTests.copFooterFundPage[https://ai-mood.com/en/fund, Screenshots/](3)  Time elapsed: 3.974 s  <<< FAILURE!
java.lang.AssertionError: *** Images are not similar *** expected [true] but found [false]
	at tests.fundPageTests.AllPageChromeTests.copFooterFundPage(AllPageChromeTests.java:198)

