<?xml version="1.0" encoding="UTF-8"?>
<testsuite xmlns:xsi="http://www.w3.org/2001/XMLSchema-instance" xsi:noNamespaceSchemaLocation="https://maven.apache.org/surefire/maven-surefire-plugin/xsd/surefire-test-report-3.0.xsd" version="3.0" name="TestSuite" time="830.378" tests="116" errors="0" skipped="0" failures="0">
  <properties>
[...]
</properties>
  <testcase name="allHeaderMainPage[https://ai-mood.com/en/, Screenshots/](1)" classname="tests.mainPageTests.AllPageFirefoxTests" time="11.008">
    <system-out><![CDATA[The two images are similar.
]]></system-out>
    <system-err><![CDATA[SLF4J: Failed to load class "org.slf4j.impl.StaticLoggerBinder".
SLF4J: Defaulting to no-operation (NOP) logger implementation
SLF4J: See http://www.slf4j.org/codes.html#StaticLoggerBinder for further details.
]]></system-err>
  </testcase>
  <testcase name="getStartedHeaderMainPage[https://ai-mood.com/en/, Screenshots/](1)" classname="tests.mainPageTests.AllPageFirefoxTests" time="5.226">
    <system-out><![CDATA[The two images are similar.
]]></system-out>
  </testcase>
  <testcase name="learnHeaderMainPage[https://ai-mood.com/en/, Screenshots/](1)" classname="tests.mainPageTests.AllPageFirefoxTests" time="5.156">
    <system-out><![CDATA[The two images are similar.
]]></system-out>
  </testcase>
  <testcase name="resourcesHeaderMainPage[https://ai-mood.com/en/, Screenshots/](1)" classname="tests.mainPageTests.AllPageFirefoxTests" time="5.628">
    <system-out><![CDATA[The two images are similar.
]]></system-out>
  </testcase>
  <testcase name="mainSectionMainPage[https://ai-mood.com/en/, Screenshots/](1)" classname="tests.mainPageTests.AllPageFirefoxTests" time="6.105">
    <system-out><![CDATA[The two images are similar.
]]></system-out>
  </testcase>
  <testcase name="videoSectionMainPage[https://ai-mood.com/en/, Screenshots/](1)" classname="tests.mainPageTests.AllPageFirefoxTests" time="6.414">
    <system-out><![CDATA[The two images are similar.
]]></system-out>
  </testcase>
  <testcase name="roadmapSectionMainPage[https://ai-mood.com/en/, Screenshots/](1)" classname="tests.mainPageTests.AllPageFirefoxTests" time="6.597">
    <system-out><![CDATA[The two images are similar.
]]></system-out>
  </testcase>
  <testcase name="statisticsSectionMainPage[https://ai-mood.com/en/, Screenshots/](1)" classname="tests.mainPageTests.AllPageFirefoxTests" time="6.359">
    <system-out><![CDATA[888
3.14
1703
777
The two images are similar.
]]></system-out>
  </testcase>
  <testcase name="leaningSectionMainPage[https://ai-mood.com/en/, Screenshots/](1)" classname="tests.mainPageTests.AllPageFirefoxTests" time="6.355">
    <system-out><![CDATA[The two images are similar.
]]></system-out>
  </testcase>
  <testcase name="allFooterMainPage[https://ai-mood.com/en/, Screenshots/](1)" classname="tests.mainPageTests.AllPageFirefoxTests" time="6.398">
    <system-out><![CDATA[The two images are similar.
]]></system-out>
  </testcase>
  <testcase name="allHeaderMainPage[https://ai-mood.com/en/, Screenshots/](1)" classname="tests.mainPageTests.AllPageChromeTests" time="14.175">
    <system-out><![CDATA[The two images are similar.
]]></system-out>
    <system-err><![CDATA[вер. 08, 2023 10:55:58 ДП org.openqa.selenium.devtools.CdpVersionFinder findNearestMatch
WARNING: Unable to find an exact match for CDP version 116, so returning the closest version found: 115
]]></system-err>
  </testcase>
  <testcase name="getStartedHeaderMainPage[https://ai-mood.com/en/, Screenshots/](1)" classname="tests.mainPageTests.AllPageChromeTests" time="7.787">
    <system-out><![CDATA[The two images are similar.
]]></system-out>
  </testcase>
  <testcase name="learnHeaderMainPage[https://ai-mood.com/en/, Screenshots/](1)" classname="tests.mainPageTests.AllPageChromeTests" time="9.399">
    <system-out><![CDATA[The two images are similar.
]]></system-out>
  </testcase>
  <testcase name="resourcesHeaderMainPage[https://ai-mood.com/en/, Screenshots/](1)" classname="tests.mainPageTests.AllPageChromeTests" time="5.395">
    <system-out><![CDATA[The two images are similar.
]]></system-out>
  </testcase>
  <testcase name="mainSectionMainPage[https://ai-mood.com/en/, Screenshots/](1)" classname="tests.mainPageTests.AllPageChromeTests" time="7.341">
    <system-out><![CDATA[The two images are similar.
]]></system-out>
  </testcase>
  <testcase name="videoSectionMainPage[https://ai-mood.com/en/, Screenshots/](1)" classname="tests.mainPageTests.AllPageChromeTests" time="7.767">
    <system-out><![CDATA[The two images are similar.
]]></system-out>
  </testcase>
  <testcase name="roadmapSectionMainPage[https://ai-mood.com/en/, Screenshots/](1)" classname="tests.mainPageTests.AllPageChromeTests" time="10.642">
    <system-out><![CDATA[The two images are similar.
]]></system-out>
  </testcase>
  <testcase name="statisticsSectionMainPage[https://ai-mood.com/en/, Screenshots/](1)" classname="tests.mainPageTests.AllPageChromeTests" time="11.969">
    <system-out><![CDATA[888
3.14
1703
777
The two images are similar.
]]></system-out>
  </testcase>
  <testcase name="leaningSectionMainPage[https://ai-mood.com/en/, Screenshots/](1)" classname="tests.mainPageTests.AllPageChromeTests" time="10.151">
    <system-out><![CDATA[The two images are similar.
]]></system-out>
  </testcase>
  <testcase name="allFooterMainPage[https://ai-mood.com/en/, Screenshots/](1)" classname="tests.mainPageTests.AllPageChromeTests" time="6.36">
    <system-out><![CDATA[The two images are similar.
]]></system-out>
  </testcase>
  <testcase name="allHeaderMarketPlacePage[https://ai-mood.com/en/market-place, Screenshots/](1)" classname="tests.marketPlacePageTests.AllPageFirefoxTests" time="8.267">
    <system-out><![CDATA[The two images are similar.
]]></system-out>
  </testcase>
  <testcase name="getStartedHeaderMarketPlacePage[https://ai-mood.com/en/market-place, Screenshots/](1)" classname="tests.marketPlacePageTests.AllPageFirefoxTests" time="8.014">
    <system-out><![CDATA[The two images are similar.
]]></system-out>
  </testcase>
  <testcase name="learnHeaderMarketPlacePage[https://ai-mood.com/en/market-place, Screenshots/](1)" classname="tests.marketPlacePageTests.AllPageFirefoxTests" time="5.089">
    <system-out><![CDATA[The two images are similar.
]]></system-out>
  </testcase>
  <testcase name="resourcesHeaderMarketPlacePage[https://ai-mood.com/en/market-place, Screenshots/](1)" classname="tests.marketPlacePageTests.AllPageFirefoxTests" time="8.077">
    <system-out><![CDATA[The two images are similar.
]]></system-out>
  </testcase>
  <testcase name="mainSectionMarketPlacePage[https://ai-mood.com/en/market-place, Screenshots/](1)" classname="tests.marketPlacePageTests.AllPageFirefoxTests" time="6.917">
    <system-out><![CDATA[The two images are similar.
]]></system-out>
  </testcase>
  <testcase name="statisticsSectionMarketPlacePage[https://ai-mood.com/en/market-place, Screenshots/](1)" classname="tests.marketPlacePageTests.AllPageFirefoxTests" time="6.285">
    <system-out><![CDATA[The two images are similar.
]]></system-out>
  </testcase>
  <testcase name="allFooterMarketPlacePage[https://ai-mood.com/en/market-place, Screenshots/](1)" classname="tests.marketPlacePageTests.AllPageFirefoxTests" time="5.935">
    <system-out><![CDATA[The two images are similar.
]]></system-out>
  </testcase>
  <testcase name="allHeaderMarketPlacePage[https://ai-mood.com/en/market-place, Screenshots/](1)" classname="tests.marketPlacePageTests.AllPageChromeTests" time="7.972">
    <system-out><![CDATA[The two images are similar.
]]></system-out>
    <system-err><![CDATA[вер. 08, 2023 10:58:23 ДП org.openqa.selenium.devtools.CdpVersionFinder findNearestMatch
WARNING: Unable to find an exact match for CDP version 116, so returning the closest version found: 115
]]></system-err>
  </testcase>
  <testcase name="getStartedHeaderMarketPlacePage[https://ai-mood.com/en/market-place, Screenshots/](1)" classname="tests.marketPlacePageTests.AllPageChromeTests" time="8.302">
    <system-out><![CDATA[The two images are similar.
]]></system-out>
  </testcase>
  <testcase name="learnHeaderMarketPlacePage[https://ai-mood.com/en/market-place, Screenshots/](1)" classname="tests.marketPlacePageTests.AllPageChromeTests" time="8.276">
    <system-out><![CDATA[The two images are similar.
]]></system-out>
  </testcase>
  <testcase name="resourcesHeaderMarketPlacePage[https://ai-mood.com/en/market-place, Screenshots/](1)" classname="tests.marketPlacePageTests.AllPageChromeTests" time="8.198">
    <system-out><![CDATA[The two images are similar.
]]></system-out>
  </testcase>
  <testcase name="mainSectionMarketPlacePage[https://ai-mood.com/en/market-place, Screenshots/](1)" classname="tests.marketPlacePageTests.AllPageChromeTests" time="7.282">
    <system-out><![CDATA[The two images are similar.
]]></system-out>
  </testcase>
  <testcase name="statisticsSectionMarketPlacePage[https://ai-mood.com/en/market-place, Screenshots/](1)" classname="tests.marketPlacePageTests.AllPageChromeTests" time="6.675">
    <system-out><![CDATA[The two images are similar.
]]></system-out>
  </testcase>
  <testcase name="allFooterMarketPlacePage[https://ai-mood.com/en/market-place, Screenshots/](1)" classname="tests.marketPlacePageTests.AllPageChromeTests" time="6.237">
    <system-out><![CDATA[The two images are similar.
]]></system-out>
  </testcase>
  <testcase name="allHeaderBuySellMoodCoinPage[https://ai-mood.com/en/buy-sell-aimood-coin, Screenshots/](1)" classname="tests.buySellMoodCoinTests.AllPageFirefoxTests" time="6.873">
    <system-out><![CDATA[The two images are similar.
]]></system-out>
  </testcase>
  <testcase name="getStartedHeaderBuySellMoodCoinPage[https://ai-mood.com/en/buy-sell-aimood-coin, Screenshots/](1)" classname="tests.buySellMoodCoinTests.AllPageFirefoxTests" time="5.103">
    <system-out><![CDATA[The two images are similar.
]]></system-out>
  </testcase>
  <testcase name="learnHeaderBuySellMoodCoinPage[https://ai-mood.com/en/buy-sell-aimood-coin, Screenshots/](1)" classname="tests.buySellMoodCoinTests.AllPageFirefoxTests" time="5.109">
    <system-out><![CDATA[The two images are similar.
]]></system-out>
  </testcase>
  <testcase name="resourcesHeaderBuySellMoodCoinPage[https://ai-mood.com/en/buy-sell-aimood-coin, Screenshots/](1)" classname="tests.buySellMoodCoinTests.AllPageFirefoxTests" time="5.144">
    <system-out><![CDATA[The two images are similar.
]]></system-out>
  </testcase>
  <testcase name="mainSectionBuySellMoodCoinPage[https://ai-mood.com/en/buy-sell-aimood-coin, Screenshots/](1)" classname="tests.buySellMoodCoinTests.AllPageFirefoxTests" time="6.883">
    <system-out><![CDATA[The two images are similar.
]]></system-out>
  </testcase>
  <testcase name="allFooterBuySellMoodCoinPage[https://ai-mood.com/en/buy-sell-aimood-coin, Screenshots/](1)" classname="tests.buySellMoodCoinTests.AllPageFirefoxTests" time="5.946">
    <system-out><![CDATA[The two images are similar.
]]></system-out>
  </testcase>
  <testcase name="allHeaderBuySellMoodCoinPage[https://ai-mood.com/en/buy-sell-aimood-coin, Screenshots/](1)" classname="tests.buySellMoodCoinTests.AllPageChromeTests" time="6.786">
    <system-out><![CDATA[The two images are similar.
]]></system-out>
    <system-err><![CDATA[вер. 08, 2023 10:59:56 ДП org.openqa.selenium.devtools.CdpVersionFinder findNearestMatch
WARNING: Unable to find an exact match for CDP version 116, so returning the closest version found: 115
]]></system-err>
  </testcase>
  <testcase name="getStartedHeaderBuySellMoodCoinPage[https://ai-mood.com/en/buy-sell-aimood-coin, Screenshots/](1)" classname="tests.buySellMoodCoinTests.AllPageChromeTests" time="5.356">
    <system-out><![CDATA[The two images are similar.
]]></system-out>
  </testcase>
  <testcase name="learnHeaderBuySellMoodCoinPage[https://ai-mood.com/en/buy-sell-aimood-coin, Screenshots/](1)" classname="tests.buySellMoodCoinTests.AllPageChromeTests" time="5.29">
    <system-out><![CDATA[The two images are similar.
]]></system-out>
  </testcase>
  <testcase name="resourcesHeaderBuySellMoodCoinPage[https://ai-mood.com/en/buy-sell-aimood-coin, Screenshots/](1)" classname="tests.buySellMoodCoinTests.AllPageChromeTests" time="5.279">
    <system-out><![CDATA[The two images are similar.
]]></system-out>
  </testcase>
  <testcase name="mainSectionBuySellMoodCoinPage[https://ai-mood.com/en/buy-sell-aimood-coin, Screenshots/](1)" classname="tests.buySellMoodCoinTests.AllPageChromeTests" time="7.194">
    <system-out><![CDATA[The two images are similar.
]]></system-out>
  </testcase>
  <testcase name="allFooterBuySellMoodCoinPage[https://ai-mood.com/en/buy-sell-aimood-coin, Screenshots/](1)" classname="tests.buySellMoodCoinTests.AllPageChromeTests" time="6.201">
    <system-out><![CDATA[The two images are similar.
]]></system-out>
  </testcase>
  <testcase name="allHeaderTokenMoodPage[https://ai-mood.com/en/token-mood, Screenshots/](1)" classname="tests.tokenMoodPageTests.AllPageFirefoxTests" time="8.979">
    <system-out><![CDATA[The two images are similar.
]]></system-out>
  </testcase>
  <testcase name="getStartedHeaderTokenMoodPage[https://ai-mood.com/en/token-mood, Screenshots/](1)" classname="tests.tokenMoodPageTests.AllPageFirefoxTests" time="5.101">
    <system-out><![CDATA[The two images are similar.
]]></system-out>
  </testcase>
  <testcase name="learnHeaderTokenMoodPage[https://ai-mood.com/en/token-mood, Screenshots/](1)" classname="tests.tokenMoodPageTests.AllPageFirefoxTests" time="5.108">
    <system-out><![CDATA[The two images are similar.
]]></system-out>
  </testcase>
  <testcase name="resourcesHeaderTokenMoodPage[https://ai-mood.com/en/token-mood, Screenshots/](1)" classname="tests.tokenMoodPageTests.AllPageFirefoxTests" time="5.136">
    <system-out><![CDATA[The two images are similar.
]]></system-out>
  </testcase>
  <testcase name="mainSectionTokenMoodPage[https://ai-mood.com/en/token-mood, Screenshots/](1)" classname="tests.tokenMoodPageTests.AllPageFirefoxTests" time="6.963">
    <system-out><![CDATA[The two images are similar.
]]></system-out>
  </testcase>
  <testcase name="statisticsSectionTokenMoodPage[https://ai-mood.com/en/token-mood, Screenshots/](1)" classname="tests.tokenMoodPageTests.AllPageFirefoxTests" time="7.389">
    <system-out><![CDATA[888
3.14
1703
777
The two images are similar.
]]></system-out>
  </testcase>
  <testcase name="allFooterTokenMoodPage[https://ai-mood.com/en/token-mood, Screenshots/](1)" classname="tests.tokenMoodPageTests.AllPageFirefoxTests" time="5.982">
    <system-out><![CDATA[The two images are similar.
]]></system-out>
  </testcase>
  <testcase name="allHeaderTokenMoodPage[https://ai-mood.com/en/token-mood, Screenshots/](1)" classname="tests.tokenMoodPageTests.AllPageChromeTests" time="7.474">
    <system-out><![CDATA[The two images are similar.
]]></system-out>
    <system-err><![CDATA[вер. 08, 2023 11:01:23 ДП org.openqa.selenium.devtools.CdpVersionFinder findNearestMatch
WARNING: Unable to find an exact match for CDP version 116, so returning the closest version found: 115
]]></system-err>
  </testcase>
  <testcase name="getStartedHeaderTokenMoodPage[https://ai-mood.com/en/token-mood, Screenshots/](1)" classname="tests.tokenMoodPageTests.AllPageChromeTests" time="5.365">
    <system-out><![CDATA[The two images are similar.
]]></system-out>
  </testcase>
  <testcase name="learnHeaderTokenMoodPage[https://ai-mood.com/en/token-mood, Screenshots/](1)" classname="tests.tokenMoodPageTests.AllPageChromeTests" time="5.309">
    <system-out><![CDATA[The two images are similar.
]]></system-out>
  </testcase>
  <testcase name="resourcesHeaderTokenMoodPage[https://ai-mood.com/en/token-mood, Screenshots/](1)" classname="tests.tokenMoodPageTests.AllPageChromeTests" time="5.275">
    <system-out><![CDATA[The two images are similar.
]]></system-out>
  </testcase>
  <testcase name="mainSectionTokenMoodPage[https://ai-mood.com/en/token-mood, Screenshots/](1)" classname="tests.tokenMoodPageTests.AllPageChromeTests" time="7.24">
    <system-out><![CDATA[The two images are similar.
]]></system-out>
  </testcase>
  <testcase name="statisticsSectionTokenMoodPage[https://ai-mood.com/en/token-mood, Screenshots/](1)" classname="tests.tokenMoodPageTests.AllPageChromeTests" time="7.793">
    <system-out><![CDATA[888
3.14
1703
777
The two images are similar.
]]></system-out>
  </testcase>
  <testcase name="allFooterTokenMoodPage[https://ai-mood.com/en/token-mood, Screenshots/](1)" classname="tests.tokenMoodPageTests.AllPageChromeTests" time="6.251">
    <system-out><![CDATA[The two images are similar.
]]></system-out>
  </testcase>
  <testcase name="allHeaderFundPage[https://ai-mood.com/en/fund, Screenshots/](1)" classname="tests.fundPageTests.AllPageFirefoxTests" time="7.771">
    <system-out><![CDATA[The two images are similar.
]]></system-out>
  </testcase>
  <testcase name="getStartedHeaderFundPage[https://ai-mood.com/en/fund, Screenshots/](1)" classname="tests.fundPageTests.AllPageFirefoxTests" time="5.11">
    <system-out><![CDATA[The two images are similar.
]]></system-out>
  </testcase>
  <testcase name="learnHeaderFundPage[https://ai-mood.com/en/fund, Screenshots/](1)" classname="tests.fundPageTests.AllPageFirefoxTests" time="5.11">
    <system-out><![CDATA[The two images are similar.
]]></system-out>
  </testcase>
  <testcase name="resourcesHeaderFundPage[https://ai-mood.com/en/fund, Screenshots/](1)" classname="tests.fundPageTests.AllPageFirefoxTests" time="5.158">
    <system-out><![CDATA[The two images are similar.
]]></system-out>
  </testcase>
  <testcase name="mainSectionFundPage[https://ai-mood.com/en/fund, Screenshots/](1)" classname="tests.fundPageTests.AllPageFirefoxTests" time="6.922">
    <system-out><![CDATA[The two images are similar.
]]></system-out>
  </testcase>
  <testcase name="allFooterFundPage[https://ai-mood.com/en/fund, Screenshots/](1)" classname="tests.fundPageTests.AllPageFirefoxTests" time="5.959">
    <system-out><![CDATA[The two images are similar.
]]></system-out>
  </testcase>
  <testcase name="allHeaderFundPage[https://ai-mood.com/en/fund, Screenshots/](1)" classname="tests.fundPageTests.AllPageChromeTests" time="7.609">
    <system-out><![CDATA[The two images are similar.
]]></system-out>
    <system-err><![CDATA[вер. 08, 2023 11:02:49 ДП org.openqa.selenium.devtools.CdpVersionFinder findNearestMatch
WARNING: Unable to find an exact match for CDP version 116, so returning the closest version found: 115
]]></system-err>
  </testcase>
  <testcase name="getStartedHeaderFundPage[https://ai-mood.com/en/fund, Screenshots/](1)" classname="tests.fundPageTests.AllPageChromeTests" time="5.354">
    <system-out><![CDATA[The two images are similar.
]]></system-out>
  </testcase>
  <testcase name="learnHeaderFundPage[https://ai-mood.com/en/fund, Screenshots/](1)" classname="tests.fundPageTests.AllPageChromeTests" time="5.297">
    <system-out><![CDATA[The two images are similar.
]]></system-out>
  </testcase>
  <testcase name="resourcesHeaderFundPage[https://ai-mood.com/en/fund, Screenshots/](1)" classname="tests.fundPageTests.AllPageChromeTests" time="5.287">
    <system-out><![CDATA[The two images are similar.
]]></system-out>
  </testcase>
  <testcase name="mainSectionFundPage[https://ai-mood.com/en/fund, Screenshots/](1)" classname="tests.fundPageTests.AllPageChromeTests" time="7.213">
    <system-out><![CDATA[The two images are similar.
]]></system-out>
  </testcase>
  <testcase name="allFooterFundPage[https://ai-mood.com/en/fund, Screenshots/](1)" classname="tests.fundPageTests.AllPageChromeTests" time="6.261">
    <system-out><![CDATA[The two images are similar.
]]></system-out>
  </testcase>
  <testcase name="allHeaderAffiliateProgramPage[https://ai-mood.com/en/affiliate-program, Screenshots/](1)" classname="tests.affiliateProgramPageTests.AllPageFirefoxTests" time="8.663">
    <system-out><![CDATA[The two images are similar.
]]></system-out>
  </testcase>
  <testcase name="getStartedHeaderAffiliateProgramPage[https://ai-mood.com/en/affiliate-program, Screenshots/](1)" classname="tests.affiliateProgramPageTests.AllPageFirefoxTests" time="5.139">
    <system-out><![CDATA[The two images are similar.
]]></system-out>
  </testcase>
  <testcase name="learnHeaderAffiliateProgramPage[https://ai-mood.com/en/affiliate-program, Screenshots/](1)" classname="tests.affiliateProgramPageTests.AllPageFirefoxTests" time="5.107">
    <system-out><![CDATA[The two images are similar.
]]></system-out>
  </testcase>
  <testcase name="resourcesHeaderAffiliateProgramPage[https://ai-mood.com/en/affiliate-program, Screenshots/](1)" classname="tests.affiliateProgramPageTests.AllPageFirefoxTests" time="5.147">
    <system-out><![CDATA[The two images are similar.
]]></system-out>
  </testcase>
  <testcase name="mainSectionAffiliateProgramPage[https://ai-mood.com/en/affiliate-program, Screenshots/](1)" classname="tests.affiliateProgramPageTests.AllPageFirefoxTests" time="6.966">
    <system-out><![CDATA[The two images are similar.
]]></system-out>
  </testcase>
  <testcase name="affiliateSectionAffiliateProgramPage[https://ai-mood.com/en/affiliate-program, Screenshots/](1)" classname="tests.affiliateProgramPageTests.AllPageFirefoxTests" time="7.216">
    <system-out><![CDATA[The two images are similar.
]]></system-out>
  </testcase>
  <testcase name="allFooterAffiliateProgramPage[https://ai-mood.com/en/affiliate-program, Screenshots/](1)" classname="tests.affiliateProgramPageTests.AllPageFirefoxTests" time="6.017">
    <system-out><![CDATA[The two images are similar.
]]></system-out>
  </testcase>
  <testcase name="allHeaderAffiliateProgramPage[https://ai-mood.com/en/affiliate-program, Screenshots/](1)" classname="tests.affiliateProgramPageTests.AllPageChromeTests" time="8.076">
    <system-out><![CDATA[The two images are similar.
]]></system-out>
    <system-err><![CDATA[вер. 08, 2023 11:04:16 ДП org.openqa.selenium.devtools.CdpVersionFinder findNearestMatch
WARNING: Unable to find an exact match for CDP version 116, so returning the closest version found: 115
]]></system-err>
  </testcase>
  <testcase name="getStartedHeaderAffiliateProgramPage[https://ai-mood.com/en/affiliate-program, Screenshots/](1)" classname="tests.affiliateProgramPageTests.AllPageChromeTests" time="5.383">
    <system-out><![CDATA[The two images are similar.
]]></system-out>
  </testcase>
  <testcase name="learnHeaderAffiliateProgramPage[https://ai-mood.com/en/affiliate-program, Screenshots/](1)" classname="tests.affiliateProgramPageTests.AllPageChromeTests" time="5.278">
    <system-out><![CDATA[The two images are similar.
]]></system-out>
  </testcase>
  <testcase name="resourcesHeaderAffiliateProgramPage[https://ai-mood.com/en/affiliate-program, Screenshots/](1)" classname="tests.affiliateProgramPageTests.AllPageChromeTests" time="5.296">
    <system-out><![CDATA[The two images are similar.
]]></system-out>
  </testcase>
  <testcase name="mainSectionAffiliateProgramPage[https://ai-mood.com/en/affiliate-program, Screenshots/](1)" classname="tests.affiliateProgramPageTests.AllPageChromeTests" time="7.195">
    <system-out><![CDATA[The two images are similar.
]]></system-out>
  </testcase>
  <testcase name="affiliateSectionAffiliateProgramPage[https://ai-mood.com/en/affiliate-program, Screenshots/](1)" classname="tests.affiliateProgramPageTests.AllPageChromeTests" time="7.564">
    <system-out><![CDATA[The two images are similar.
]]></system-out>
  </testcase>
  <testcase name="allFooterAffiliateProgramPage[https://ai-mood.com/en/affiliate-program, Screenshots/](1)" classname="tests.affiliateProgramPageTests.AllPageChromeTests" time="6.25">
    <system-out><![CDATA[The two images are similar.
]]></system-out>
  </testcase>
  <testcase name="allHeaderWalletPage[https://ai-mood.com/en/the-aimood-wallet, Screenshots/](1)" classname="tests.walletPageTests.AllPageFirefoxTests" time="8.646">
    <system-out><![CDATA[The two images are similar.
]]></system-out>
  </testcase>
  <testcase name="getStartedHeaderWalletPage[https://ai-mood.com/en/the-aimood-wallet, Screenshots/](1)" classname="tests.walletPageTests.AllPageFirefoxTests" time="5.086">
    <system-out><![CDATA[The two images are similar.
]]></system-out>
  </testcase>
  <testcase name="learnHeaderWalletPage[https://ai-mood.com/en/the-aimood-wallet, Screenshots/](1)" classname="tests.walletPageTests.AllPageFirefoxTests" time="5.1">
    <system-out><![CDATA[The two images are similar.
]]></system-out>
  </testcase>
  <testcase name="resourcesHeaderWalletPage[https://ai-mood.com/en/the-aimood-wallet, Screenshots/](1)" classname="tests.walletPageTests.AllPageFirefoxTests" time="5.156">
    <system-out><![CDATA[The two images are similar.
]]></system-out>
  </testcase>
  <testcase name="mainSectionWalletPage[https://ai-mood.com/en/the-aimood-wallet, Screenshots/](1)" classname="tests.walletPageTests.AllPageFirefoxTests" time="5.917">
    <system-out><![CDATA[The two images are similar.
]]></system-out>
  </testcase>
  <testcase name="delegatedSectionWalletPage[https://ai-mood.com/en/the-aimood-wallet, Screenshots/](1)" classname="tests.walletPageTests.AllPageFirefoxTests" time="6.177">
    <system-out><![CDATA[The two images are similar.
]]></system-out>
  </testcase>
  <testcase name="allFooterWalletPage[https://ai-mood.com/en/the-aimood-wallet, Screenshots/](1)" classname="tests.walletPageTests.AllPageFirefoxTests" time="5.987">
    <system-out><![CDATA[The two images are similar.
]]></system-out>
  </testcase>
  <testcase name="allHeaderWalletPage[https://ai-mood.com/en/the-aimood-wallet, Screenshots/](1)" classname="tests.walletPageTests.AllPageChromeTests" time="7.701">
    <system-out><![CDATA[The two images are similar.
]]></system-out>
    <system-err><![CDATA[вер. 08, 2023 11:05:48 ДП org.openqa.selenium.devtools.CdpVersionFinder findNearestMatch
WARNING: Unable to find an exact match for CDP version 116, so returning the closest version found: 115
]]></system-err>
  </testcase>
  <testcase name="getStartedHeaderWalletPage[https://ai-mood.com/en/the-aimood-wallet, Screenshots/](1)" classname="tests.walletPageTests.AllPageChromeTests" time="5.323">
    <system-out><![CDATA[The two images are similar.
]]></system-out>
  </testcase>
  <testcase name="learnHeaderWalletPage[https://ai-mood.com/en/the-aimood-wallet, Screenshots/](1)" classname="tests.walletPageTests.AllPageChromeTests" time="5.282">
    <system-out><![CDATA[The two images are similar.
]]></system-out>
  </testcase>
  <testcase name="resourcesHeaderWalletPage[https://ai-mood.com/en/the-aimood-wallet, Screenshots/](1)" classname="tests.walletPageTests.AllPageChromeTests" time="5.337">
    <system-out><![CDATA[The two images are similar.
]]></system-out>
  </testcase>
  <testcase name="mainSectionWalletPage[https://ai-mood.com/en/the-aimood-wallet, Screenshots/](1)" classname="tests.walletPageTests.AllPageChromeTests" time="6.209">
    <system-out><![CDATA[The two images are similar.
]]></system-out>
  </testcase>
  <testcase name="delegatedSectionWalletPage[https://ai-mood.com/en/the-aimood-wallet, Screenshots/](1)" classname="tests.walletPageTests.AllPageChromeTests" time="6.556">
    <system-out><![CDATA[The two images are similar.
]]></system-out>
  </testcase>
  <testcase name="allFooterWalletPage[https://ai-mood.com/en/the-aimood-wallet, Screenshots/](1)" classname="tests.walletPageTests.AllPageChromeTests" time="6.235">
    <system-out><![CDATA[The two images are similar.
]]></system-out>
  </testcase>
  <testcase name="allHeaderStakingPage[https://ai-mood.com/en/stake-delegate, Screenshots/](1)" classname="tests.stakingPageTests.AllPageFirefoxTests" time="10.612">
    <system-out><![CDATA[The two images are similar.
]]></system-out>
  </testcase>
  <testcase name="getStartedHeaderStakingPage[https://ai-mood.com/en/stake-delegate, Screenshots/](1)" classname="tests.stakingPageTests.AllPageFirefoxTests" time="6.027">
    <system-out><![CDATA[The two images are similar.
]]></system-out>
  </testcase>
  <testcase name="learnHeaderStakingPage[https://ai-mood.com/en/stake-delegate, Screenshots/](1)" classname="tests.stakingPageTests.AllPageFirefoxTests" time="6.004">
    <system-out><![CDATA[The two images are similar.
]]></system-out>
  </testcase>
  <testcase name="resourcesHeaderStakingPage[https://ai-mood.com/en/stake-delegate, Screenshots/](1)" classname="tests.stakingPageTests.AllPageFirefoxTests" time="6.075">
    <system-out><![CDATA[The two images are similar.
]]></system-out>
  </testcase>
  <testcase name="mainSectionStakingPage[https://ai-mood.com/en/stake-delegate, Screenshots/](1)" classname="tests.stakingPageTests.AllPageFirefoxTests" time="6.951">
    <system-out><![CDATA[The two images are similar.
]]></system-out>
  </testcase>
  <testcase name="delegatedSectionStakingPage[https://ai-mood.com/en/stake-delegate, Screenshots/](1)" classname="tests.stakingPageTests.AllPageFirefoxTests" time="7.233">
    <system-out><![CDATA[The two images are similar.
]]></system-out>
  </testcase>
  <testcase name="calcStakSectionStakingPage[https://ai-mood.com/en/stake-delegate, Screenshots/](1)" classname="tests.stakingPageTests.AllPageFirefoxTests" time="9.318">
    <system-out><![CDATA[(0.13% 24H)
~0.13
2864.2900
The two images are similar.
]]></system-out>
  </testcase>
  <testcase name="allFooterStakingPage[https://ai-mood.com/en/stake-delegate, Screenshots/](1)" classname="tests.stakingPageTests.AllPageFirefoxTests" time="5.928">
    <system-out><![CDATA[The two images are similar.
]]></system-out>
  </testcase>
  <testcase name="allHeaderStakingPage[https://ai-mood.com/en/stake-delegate, Screenshots/](1)" classname="tests.stakingPageTests.AllPageChromeTests" time="8.795">
    <system-out><![CDATA[The two images are similar.
]]></system-out>
    <system-err><![CDATA[вер. 08, 2023 11:07:34 ДП org.openqa.selenium.devtools.CdpVersionFinder findNearestMatch
WARNING: Unable to find an exact match for CDP version 116, so returning the closest version found: 115
]]></system-err>
  </testcase>
  <testcase name="getStartedHeaderStakingPage[https://ai-mood.com/en/stake-delegate, Screenshots/](1)" classname="tests.stakingPageTests.AllPageChromeTests" time="6.291">
    <system-out><![CDATA[The two images are similar.
]]></system-out>
  </testcase>
  <testcase name="learnHeaderStakingPage[https://ai-mood.com/en/stake-delegate, Screenshots/](1)" classname="tests.stakingPageTests.AllPageChromeTests" time="6.208">
    <system-out><![CDATA[The two images are similar.
]]></system-out>
  </testcase>
  <testcase name="resourcesHeaderStakingPage[https://ai-mood.com/en/stake-delegate, Screenshots/](1)" classname="tests.stakingPageTests.AllPageChromeTests" time="6.203">
    <system-out><![CDATA[The two images are similar.
]]></system-out>
  </testcase>
  <testcase name="mainSectionStakingPage[https://ai-mood.com/en/stake-delegate, Screenshots/](1)" classname="tests.stakingPageTests.AllPageChromeTests" time="7.237">
    <system-out><![CDATA[The two images are similar.
]]></system-out>
  </testcase>
  <testcase name="delegatedSectionStakingPage[https://ai-mood.com/en/stake-delegate, Screenshots/](1)" classname="tests.stakingPageTests.AllPageChromeTests" time="9.556">
    <system-out><![CDATA[The two images are similar.
]]></system-out>
  </testcase>
  <testcase name="calcStakSectionStakingPage[https://ai-mood.com/en/stake-delegate, Screenshots/](1)" classname="tests.stakingPageTests.AllPageChromeTests" time="9.799">
    <system-out><![CDATA[(0.13% 24H)
~0.13
2864.2900
The two images are similar.
]]></system-out>
  </testcase>
  <testcase name="allFooterStakingPage[https://ai-mood.com/en/stake-delegate, Screenshots/](1)" classname="tests.stakingPageTests.AllPageChromeTests" time="6.3">
    <system-out><![CDATA[The two images are similar.
]]></system-out>
  </testcase>
</testsuite>