<?xml version="1.0" encoding="UTF-8"?>
<testng-results ignored="0" total="10" passed="10" failed="0" skipped="0">
  <reporter-output>
  </reporter-output>
  <suite started-at="2023-08-22T15:17:29 EEST" name="WPT" finished-at="2023-08-22T15:18:25 EEST" duration-ms="55857">
    <groups>
    </groups>
    <test started-at="2023-08-22T15:17:29 EEST" name="ai-mood - Pixel perfect regression" finished-at="2023-08-22T15:18:25 EEST" duration-ms="55857">
      <class name="tests.tokenMoodPageTests.AllPageChromeTests">
        <test-method is-config="true" signature="setUp()[pri:0, instance:tests.tokenMoodPageTests.AllPageChromeTests@53fdffa1]" started-at="2023-08-22T15:17:29 EEST" name="setUp" finished-at="2023-08-22T15:17:32 EEST" duration-ms="2511" status="PASS">
          <reporter-output>
          </reporter-output>
        </test-method> <!-- setUp -->
        <test-method signature="allHeaderTokenMoodPage(java.lang.String,java.lang.String)[pri:1, instance:tests.tokenMoodPageTests.AllPageChromeTests@53fdffa1]" started-at="2023-08-22T15:17:32 EEST" name="allHeaderTokenMoodPage" finished-at="2023-08-22T15:17:38 EEST" duration-ms="6198" status="PASS">
          <params>
            <param index="0">
              <value>
                <![CDATA[https://ai-mood.com/en/block-explorer]]>
              </value>
            </param>
            <param index="1">
              <value>
                <![CDATA[Screenshots/]]>
              </value>
            </param>
          </params>
          <reporter-output>
          </reporter-output>
        </test-method> <!-- allHeaderTokenMoodPage -->
        <test-method signature="getStartedHeaderTokenMoodPage(java.lang.String,java.lang.String)[pri:2, instance:tests.tokenMoodPageTests.AllPageChromeTests@53fdffa1]" started-at="2023-08-22T15:17:38 EEST" name="getStartedHeaderTokenMoodPage" finished-at="2023-08-22T15:17:43 EEST" duration-ms="4476" status="PASS">
          <params>
            <param index="0">
              <value>
                <![CDATA[https://ai-mood.com/en/block-explorer]]>
              </value>
            </param>
            <param index="1">
              <value>
                <![CDATA[Screenshots/]]>
              </value>
            </param>
          </params>
          <reporter-output>
          </reporter-output>
        </test-method> <!-- getStartedHeaderTokenMoodPage -->
        <test-method is-config="true" signature="setUp()[pri:0, instance:tests.tokenMoodPageTests.AllPageChromeTests@53fdffa1]" started-at="2023-08-22T15:17:38 EEST" name="setUp" finished-at="2023-08-22T15:17:38 EEST" duration-ms="0" status="PASS">
          <reporter-output>
          </reporter-output>
        </test-method> <!-- setUp -->
        <test-method signature="learnHeaderTokenMoodPage(java.lang.String,java.lang.String)[pri:3, instance:tests.tokenMoodPageTests.AllPageChromeTests@53fdffa1]" started-at="2023-08-22T15:17:43 EEST" name="learnHeaderTokenMoodPage" finished-at="2023-08-22T15:17:47 EEST" duration-ms="4434" status="PASS">
          <params>
            <param index="0">
              <value>
                <![CDATA[https://ai-mood.com/en/block-explorer]]>
              </value>
            </param>
            <param index="1">
              <value>
                <![CDATA[Screenshots/]]>
              </value>
            </param>
          </params>
          <reporter-output>
          </reporter-output>
        </test-method> <!-- learnHeaderTokenMoodPage -->
        <test-method is-config="true" signature="setUp()[pri:0, instance:tests.tokenMoodPageTests.AllPageChromeTests@53fdffa1]" started-at="2023-08-22T15:17:43 EEST" name="setUp" finished-at="2023-08-22T15:17:43 EEST" duration-ms="0" status="PASS">
          <reporter-output>
          </reporter-output>
        </test-method> <!-- setUp -->
        <test-method is-config="true" signature="setUp()[pri:0, instance:tests.tokenMoodPageTests.AllPageChromeTests@53fdffa1]" started-at="2023-08-22T15:17:47 EEST" name="setUp" finished-at="2023-08-22T15:17:47 EEST" duration-ms="0" status="PASS">
          <reporter-output>
          </reporter-output>
        </test-method> <!-- setUp -->
        <test-method signature="resourcesHeaderTokenMoodPage(java.lang.String,java.lang.String)[pri:4, instance:tests.tokenMoodPageTests.AllPageChromeTests@53fdffa1]" started-at="2023-08-22T15:17:47 EEST" name="resourcesHeaderTokenMoodPage" finished-at="2023-08-22T15:17:52 EEST" duration-ms="4444" status="PASS">
          <params>
            <param index="0">
              <value>
                <![CDATA[https://ai-mood.com/en/block-explorer]]>
              </value>
            </param>
            <param index="1">
              <value>
                <![CDATA[Screenshots/]]>
              </value>
            </param>
          </params>
          <reporter-output>
          </reporter-output>
        </test-method> <!-- resourcesHeaderTokenMoodPage -->
        <test-method is-config="true" signature="setUp()[pri:0, instance:tests.tokenMoodPageTests.AllPageChromeTests@53fdffa1]" started-at="2023-08-22T15:17:52 EEST" name="setUp" finished-at="2023-08-22T15:17:52 EEST" duration-ms="1" status="PASS">
          <reporter-output>
          </reporter-output>
        </test-method> <!-- setUp -->
        <test-method signature="mainSectionTokenMoodPage(java.lang.String,java.lang.String)[pri:6, instance:tests.tokenMoodPageTests.AllPageChromeTests@53fdffa1]" started-at="2023-08-22T15:17:52 EEST" name="mainSectionTokenMoodPage" finished-at="2023-08-22T15:17:58 EEST" duration-ms="6322" status="PASS">
          <params>
            <param index="0">
              <value>
                <![CDATA[https://ai-mood.com/en/block-explorer]]>
              </value>
            </param>
            <param index="1">
              <value>
                <![CDATA[Screenshots/]]>
              </value>
            </param>
          </params>
          <reporter-output>
          </reporter-output>
        </test-method> <!-- mainSectionTokenMoodPage -->
        <test-method is-config="true" signature="setUp()[pri:0, instance:tests.tokenMoodPageTests.AllPageChromeTests@53fdffa1]" started-at="2023-08-22T15:17:58 EEST" name="setUp" finished-at="2023-08-22T15:17:58 EEST" duration-ms="0" status="PASS">
          <reporter-output>
          </reporter-output>
        </test-method> <!-- setUp -->
        <test-method signature="statisticsSectionTokenMoodPage(java.lang.String,java.lang.String)[pri:7, instance:tests.tokenMoodPageTests.AllPageChromeTests@53fdffa1]" started-at="2023-08-22T15:17:58 EEST" name="statisticsSectionTokenMoodPage" finished-at="2023-08-22T15:18:05 EEST" duration-ms="6777" status="PASS">
          <params>
            <param index="0">
              <value>
                <![CDATA[https://ai-mood.com/en/block-explorer]]>
              </value>
            </param>
            <param index="1">
              <value>
                <![CDATA[Screenshots/]]>
              </value>
            </param>
          </params>
          <reporter-output>
          </reporter-output>
        </test-method> <!-- statisticsSectionTokenMoodPage -->
        <test-method signature="allFooterTokenMoodPage(java.lang.String,java.lang.String)[pri:8, instance:tests.tokenMoodPageTests.AllPageChromeTests@53fdffa1]" started-at="2023-08-22T15:18:05 EEST" name="allFooterTokenMoodPage" finished-at="2023-08-22T15:18:10 EEST" duration-ms="5335" status="PASS">
          <params>
            <param index="0">
              <value>
                <![CDATA[https://ai-mood.com/en/block-explorer]]>
              </value>
            </param>
            <param index="1">
              <value>
                <![CDATA[Screenshots/]]>
              </value>
            </param>
          </params>
          <reporter-output>
          </reporter-output>
        </test-method> <!-- allFooterTokenMoodPage -->
        <test-method is-config="true" signature="setUp()[pri:0, instance:tests.tokenMoodPageTests.AllPageChromeTests@53fdffa1]" started-at="2023-08-22T15:18:05 EEST" name="setUp" finished-at="2023-08-22T15:18:05 EEST" duration-ms="0" status="PASS">
          <reporter-output>
          </reporter-output>
        </test-method> <!-- setUp -->
        <test-method signature="partnFooterTokenMoodPage(java.lang.String,java.lang.String)[pri:9, instance:tests.tokenMoodPageTests.AllPageChromeTests@53fdffa1]" started-at="2023-08-22T15:18:10 EEST" name="partnFooterTokenMoodPage" finished-at="2023-08-22T15:18:15 EEST" duration-ms="5177" status="PASS">
          <params>
            <param index="0">
              <value>
                <![CDATA[https://ai-mood.com/en/block-explorer]]>
              </value>
            </param>
            <param index="1">
              <value>
                <![CDATA[Screenshots/]]>
              </value>
            </param>
          </params>
          <reporter-output>
          </reporter-output>
        </test-method> <!-- partnFooterTokenMoodPage -->
        <test-method is-config="true" signature="setUp()[pri:0, instance:tests.tokenMoodPageTests.AllPageChromeTests@53fdffa1]" started-at="2023-08-22T15:18:10 EEST" name="setUp" finished-at="2023-08-22T15:18:10 EEST" duration-ms="0" status="PASS">
          <reporter-output>
          </reporter-output>
        </test-method> <!-- setUp -->
        <test-method signature="subFooterTokenMoodPage(java.lang.String,java.lang.String)[pri:10, instance:tests.tokenMoodPageTests.AllPageChromeTests@53fdffa1]" started-at="2023-08-22T15:18:15 EEST" name="subFooterTokenMoodPage" finished-at="2023-08-22T15:18:20 EEST" duration-ms="5223" status="PASS">
          <params>
            <param index="0">
              <value>
                <![CDATA[https://ai-mood.com/en/block-explorer]]>
              </value>
            </param>
            <param index="1">
              <value>
                <![CDATA[Screenshots/]]>
              </value>
            </param>
          </params>
          <reporter-output>
          </reporter-output>
        </test-method> <!-- subFooterTokenMoodPage -->
        <test-method is-config="true" signature="setUp()[pri:0, instance:tests.tokenMoodPageTests.AllPageChromeTests@53fdffa1]" started-at="2023-08-22T15:18:15 EEST" name="setUp" finished-at="2023-08-22T15:18:15 EEST" duration-ms="0" status="PASS">
          <reporter-output>
          </reporter-output>
        </test-method> <!-- setUp -->
        <test-method signature="copFooterTokenMoodPage(java.lang.String,java.lang.String)[pri:11, instance:tests.tokenMoodPageTests.AllPageChromeTests@53fdffa1]" started-at="2023-08-22T15:18:20 EEST" name="copFooterTokenMoodPage" finished-at="2023-08-22T15:18:25 EEST" duration-ms="4251" status="PASS">
          <params>
            <param index="0">
              <value>
                <![CDATA[https://ai-mood.com/en/block-explorer]]>
              </value>
            </param>
            <param index="1">
              <value>
                <![CDATA[Screenshots/]]>
              </value>
            </param>
          </params>
          <reporter-output>
          </reporter-output>
        </test-method> <!-- copFooterTokenMoodPage -->
        <test-method is-config="true" signature="setUp()[pri:0, instance:tests.tokenMoodPageTests.AllPageChromeTests@53fdffa1]" started-at="2023-08-22T15:18:20 EEST" name="setUp" finished-at="2023-08-22T15:18:20 EEST" duration-ms="0" status="PASS">
          <reporter-output>
          </reporter-output>
        </test-method> <!-- setUp -->
        <test-method is-config="true" signature="tearDown()[pri:0, instance:tests.tokenMoodPageTests.AllPageChromeTests@53fdffa1]" started-at="2023-08-22T15:18:25 EEST" name="tearDown" finished-at="2023-08-22T15:18:25 EEST" duration-ms="669" status="PASS">
          <reporter-output>
          </reporter-output>
        </test-method> <!-- tearDown -->
      </class> <!-- tests.tokenMoodPageTests.AllPageChromeTests -->
    </test> <!-- ai-mood - Pixel perfect regression -->
  </suite> <!-- WPT -->
</testng-results>
