<?xml version="1.0" encoding="UTF-8"?>
<testng-results retried="5" ignored="5" total="30" passed="18" failed="2" skipped="0">
  <reporter-output>
  </reporter-output>
  <suite started-at="2023-08-30T10:58:03 EEST" name="WPT" finished-at="2023-08-30T11:00:46 EEST" duration-ms="163713">
    <groups>
    </groups>
    <test started-at="2023-08-30T10:58:03 EEST" name="ai-mood - Pixel perfect regression" finished-at="2023-08-30T11:00:46 EEST" duration-ms="163713">
      <class name="tests.whitePaper.WhitePaperFirefoxTests">
        <test-method is-config="true" signature="setUp()[pri:0, instance:tests.whitePaper.WhitePaperFirefoxTests@74ea2410]" started-at="2023-08-30T10:59:48 EEST" name="setUp" finished-at="2023-08-30T10:59:51 EEST" duration-ms="2628" status="PASS">
          <reporter-output>
          </reporter-output>
        </test-method> <!-- setUp -->
        <test-method signature="allHeaderMainPage(java.lang.String,java.lang.String)[pri:1, instance:tests.whitePaper.WhitePaperFirefoxTests@74ea2410]" started-at="2023-08-30T10:59:51 EEST" name="allHeaderMainPage" finished-at="2023-08-30T10:59:59 EEST" duration-ms="8646" status="PASS">
          <params>
            <param index="0">
              <value>
                <![CDATA[https://ai-mood.com/en/white-paper]]>
              </value>
            </param>
            <param index="1">
              <value>
                <![CDATA[Screenshots/]]>
              </value>
            </param>
          </params>
          <reporter-output>
          </reporter-output>
        </test-method> <!-- allHeaderMainPage -->
        <test-method signature="getStartedHeaderMainPage(java.lang.String,java.lang.String)[pri:2, instance:tests.whitePaper.WhitePaperFirefoxTests@74ea2410]" started-at="2023-08-30T10:59:59 EEST" name="getStartedHeaderMainPage" finished-at="2023-08-30T11:00:04 EEST" duration-ms="4999" status="PASS">
          <params>
            <param index="0">
              <value>
                <![CDATA[https://ai-mood.com/en/white-paper]]>
              </value>
            </param>
            <param index="1">
              <value>
                <![CDATA[Screenshots/]]>
              </value>
            </param>
          </params>
          <reporter-output>
          </reporter-output>
        </test-method> <!-- getStartedHeaderMainPage -->
        <test-method is-config="true" signature="setUp()[pri:0, instance:tests.whitePaper.WhitePaperFirefoxTests@74ea2410]" started-at="2023-08-30T10:59:59 EEST" name="setUp" finished-at="2023-08-30T10:59:59 EEST" duration-ms="0" status="PASS">
          <reporter-output>
          </reporter-output>
        </test-method> <!-- setUp -->
        <test-method signature="learnHeaderMainPage(java.lang.String,java.lang.String)[pri:3, instance:tests.whitePaper.WhitePaperFirefoxTests@74ea2410]" started-at="2023-08-30T11:00:04 EEST" name="learnHeaderMainPage" finished-at="2023-08-30T11:00:09 EEST" duration-ms="4998" status="PASS">
          <params>
            <param index="0">
              <value>
                <![CDATA[https://ai-mood.com/en/white-paper]]>
              </value>
            </param>
            <param index="1">
              <value>
                <![CDATA[Screenshots/]]>
              </value>
            </param>
          </params>
          <reporter-output>
          </reporter-output>
        </test-method> <!-- learnHeaderMainPage -->
        <test-method is-config="true" signature="setUp()[pri:0, instance:tests.whitePaper.WhitePaperFirefoxTests@74ea2410]" started-at="2023-08-30T11:00:04 EEST" name="setUp" finished-at="2023-08-30T11:00:04 EEST" duration-ms="0" status="PASS">
          <reporter-output>
          </reporter-output>
        </test-method> <!-- setUp -->
        <test-method signature="resourcesHeaderMainPage(java.lang.String,java.lang.String)[pri:4, instance:tests.whitePaper.WhitePaperFirefoxTests@74ea2410]" started-at="2023-08-30T11:00:09 EEST" name="resourcesHeaderMainPage" finished-at="2023-08-30T11:00:14 EEST" duration-ms="5013" status="PASS">
          <params>
            <param index="0">
              <value>
                <![CDATA[https://ai-mood.com/en/white-paper]]>
              </value>
            </param>
            <param index="1">
              <value>
                <![CDATA[Screenshots/]]>
              </value>
            </param>
          </params>
          <reporter-output>
          </reporter-output>
        </test-method> <!-- resourcesHeaderMainPage -->
        <test-method is-config="true" signature="setUp()[pri:0, instance:tests.whitePaper.WhitePaperFirefoxTests@74ea2410]" started-at="2023-08-30T11:00:09 EEST" name="setUp" finished-at="2023-08-30T11:00:09 EEST" duration-ms="0" status="PASS">
          <reporter-output>
          </reporter-output>
        </test-method> <!-- setUp -->
        <test-method is-config="true" signature="setUp()[pri:0, instance:tests.whitePaper.WhitePaperFirefoxTests@74ea2410]" started-at="2023-08-30T11:00:14 EEST" name="setUp" finished-at="2023-08-30T11:00:14 EEST" duration-ms="1" status="PASS">
          <reporter-output>
          </reporter-output>
        </test-method> <!-- setUp -->
        <test-method signature="mainBlockWhitePaperPage(java.lang.String,java.lang.String)[pri:5, instance:tests.whitePaper.WhitePaperFirefoxTests@74ea2410]" started-at="2023-08-30T11:00:14 EEST" name="mainBlockWhitePaperPage" finished-at="2023-08-30T11:00:20 EEST" duration-ms="5307" status="PASS">
          <params>
            <param index="0">
              <value>
                <![CDATA[https://ai-mood.com/en/white-paper]]>
              </value>
            </param>
            <param index="1">
              <value>
                <![CDATA[Screenshots/]]>
              </value>
            </param>
          </params>
          <reporter-output>
          </reporter-output>
        </test-method> <!-- mainBlockWhitePaperPage -->
        <test-method is-config="true" signature="setUp()[pri:0, instance:tests.whitePaper.WhitePaperFirefoxTests@74ea2410]" started-at="2023-08-30T11:00:20 EEST" name="setUp" finished-at="2023-08-30T11:00:20 EEST" duration-ms="1" status="PASS">
          <reporter-output>
          </reporter-output>
        </test-method> <!-- setUp -->
        <test-method signature="EweuimtPage(java.lang.String,java.lang.String)[pri:6, instance:tests.whitePaper.WhitePaperFirefoxTests@74ea2410]" started-at="2023-08-30T11:00:20 EEST" name="EweuimtPage" finished-at="2023-08-30T11:00:25 EEST" duration-ms="5269" status="PASS">
          <params>
            <param index="0">
              <value>
                <![CDATA[https://ai-mood.com/en/white-paper]]>
              </value>
            </param>
            <param index="1">
              <value>
                <![CDATA[Screenshots/]]>
              </value>
            </param>
          </params>
          <reporter-output>
          </reporter-output>
        </test-method> <!-- EweuimtPage -->
        <test-method is-config="true" signature="setUp()[pri:0, instance:tests.whitePaper.WhitePaperFirefoxTests@74ea2410]" started-at="2023-08-30T11:00:25 EEST" name="setUp" finished-at="2023-08-30T11:00:25 EEST" duration-ms="1" status="PASS">
          <reporter-output>
          </reporter-output>
        </test-method> <!-- setUp -->
        <test-method signature="allFooterMainPage(java.lang.String,java.lang.String)[pri:7, instance:tests.whitePaper.WhitePaperFirefoxTests@74ea2410]" started-at="2023-08-30T11:00:25 EEST" name="allFooterMainPage" finished-at="2023-08-30T11:00:30 EEST" duration-ms="5027" status="PASS">
          <params>
            <param index="0">
              <value>
                <![CDATA[https://ai-mood.com/en/white-paper]]>
              </value>
            </param>
            <param index="1">
              <value>
                <![CDATA[Screenshots/]]>
              </value>
            </param>
          </params>
          <reporter-output>
          </reporter-output>
        </test-method> <!-- allFooterMainPage -->
        <test-method is-config="true" signature="setUp()[pri:0, instance:tests.whitePaper.WhitePaperFirefoxTests@74ea2410]" started-at="2023-08-30T11:00:30 EEST" name="setUp" finished-at="2023-08-30T11:00:30 EEST" duration-ms="1" status="PASS">
          <reporter-output>
          </reporter-output>
        </test-method> <!-- setUp -->
        <test-method signature="partnFooterMainPage(java.lang.String,java.lang.String)[pri:8, instance:tests.whitePaper.WhitePaperFirefoxTests@74ea2410]" started-at="2023-08-30T11:00:30 EEST" name="partnFooterMainPage" finished-at="2023-08-30T11:00:35 EEST" duration-ms="4899" status="PASS">
          <params>
            <param index="0">
              <value>
                <![CDATA[https://ai-mood.com/en/white-paper]]>
              </value>
            </param>
            <param index="1">
              <value>
                <![CDATA[Screenshots/]]>
              </value>
            </param>
          </params>
          <reporter-output>
          </reporter-output>
        </test-method> <!-- partnFooterMainPage -->
        <test-method signature="subFooterMainPage(java.lang.String,java.lang.String)[pri:9, instance:tests.whitePaper.WhitePaperFirefoxTests@74ea2410]" started-at="2023-08-30T11:00:35 EEST" name="subFooterMainPage" finished-at="2023-08-30T11:00:40 EEST" duration-ms="5390" status="PASS">
          <params>
            <param index="0">
              <value>
                <![CDATA[https://ai-mood.com/en/white-paper]]>
              </value>
            </param>
            <param index="1">
              <value>
                <![CDATA[Screenshots/]]>
              </value>
            </param>
          </params>
          <reporter-output>
          </reporter-output>
        </test-method> <!-- subFooterMainPage -->
        <test-method is-config="true" signature="setUp()[pri:0, instance:tests.whitePaper.WhitePaperFirefoxTests@74ea2410]" started-at="2023-08-30T11:00:35 EEST" name="setUp" finished-at="2023-08-30T11:00:35 EEST" duration-ms="0" status="PASS">
          <reporter-output>
          </reporter-output>
        </test-method> <!-- setUp -->
        <test-method is-config="true" signature="setUp()[pri:0, instance:tests.whitePaper.WhitePaperFirefoxTests@74ea2410]" started-at="2023-08-30T11:00:40 EEST" name="setUp" finished-at="2023-08-30T11:00:40 EEST" duration-ms="0" status="PASS">
          <reporter-output>
          </reporter-output>
        </test-method> <!-- setUp -->
        <test-method signature="copFooterMainPage(java.lang.String,java.lang.String)[pri:10, instance:tests.whitePaper.WhitePaperFirefoxTests@74ea2410]" started-at="2023-08-30T11:00:40 EEST" name="copFooterMainPage" finished-at="2023-08-30T11:00:45 EEST" duration-ms="4849" status="PASS">
          <params>
            <param index="0">
              <value>
                <![CDATA[https://ai-mood.com/en/white-paper]]>
              </value>
            </param>
            <param index="1">
              <value>
                <![CDATA[Screenshots/]]>
              </value>
            </param>
          </params>
          <reporter-output>
          </reporter-output>
        </test-method> <!-- copFooterMainPage -->
        <test-method is-config="true" signature="tearDown()[pri:0, instance:tests.whitePaper.WhitePaperFirefoxTests@74ea2410]" started-at="2023-08-30T11:00:45 EEST" name="tearDown" finished-at="2023-08-30T11:00:46 EEST" duration-ms="1523" status="PASS">
          <reporter-output>
          </reporter-output>
        </test-method> <!-- tearDown -->
      </class> <!-- tests.whitePaper.WhitePaperFirefoxTests -->
      <class name="tests.whitePaper.WhitePaperChromeTests">
        <test-method is-config="true" signature="setUp()[pri:0, instance:tests.whitePaper.WhitePaperChromeTests@5d534f5d]" started-at="2023-08-30T10:58:03 EEST" name="setUp" finished-at="2023-08-30T10:58:05 EEST" duration-ms="2523" status="PASS">
          <reporter-output>
          </reporter-output>
        </test-method> <!-- setUp -->
        <test-method signature="allHeaderMainPage(java.lang.String,java.lang.String)[pri:1, instance:tests.whitePaper.WhitePaperChromeTests@5d534f5d]" started-at="2023-08-30T10:58:05 EEST" name="allHeaderMainPage" finished-at="2023-08-30T10:58:11 EEST" duration-ms="5790" status="PASS">
          <params>
            <param index="0">
              <value>
                <![CDATA[https://ai-mood.com/en/white-paper]]>
              </value>
            </param>
            <param index="1">
              <value>
                <![CDATA[Screenshots/]]>
              </value>
            </param>
          </params>
          <reporter-output>
          </reporter-output>
        </test-method> <!-- allHeaderMainPage -->
        <test-method is-config="true" signature="setUp()[pri:0, instance:tests.whitePaper.WhitePaperChromeTests@5d534f5d]" started-at="2023-08-30T10:58:11 EEST" name="setUp" finished-at="2023-08-30T10:58:11 EEST" duration-ms="0" status="PASS">
          <reporter-output>
          </reporter-output>
        </test-method> <!-- setUp -->
        <test-method retried="true" signature="getStartedHeaderMainPage(java.lang.String,java.lang.String)[pri:2, instance:tests.whitePaper.WhitePaperChromeTests@5d534f5d]" started-at="2023-08-30T10:58:11 EEST" name="getStartedHeaderMainPage" finished-at="2023-08-30T10:58:19 EEST" duration-ms="7898" status="SKIP">
          <params>
            <param index="0">
              <value>
                <![CDATA[https://ai-mood.com/en/white-paper]]>
              </value>
            </param>
            <param index="1">
              <value>
                <![CDATA[Screenshots/]]>
              </value>
            </param>
          </params>
          <exception class="java.lang.AssertionError">
            <message>
              <![CDATA[*** Images are not similar *** expected [true] but found [false]]]>
            </message>
            <full-stacktrace>
              <![CDATA[java.lang.AssertionError: *** Images are not similar *** expected [true] but found [false]
at org.testng.Assert.fail(Assert.java:111)
at org.testng.Assert.failNotEquals(Assert.java:1578)
at org.testng.Assert.assertTrue(Assert.java:57)
at pages.pixel_perfect.PixelPerfectAssert.byElement(PixelPerfectAssert.java:109)
at tests.whitePaper.WhitePaperChromeTests.getStartedHeaderMainPage(WhitePaperChromeTests.java:43)
at java.base/jdk.internal.reflect.NativeMethodAccessorImpl.invoke0(Native Method)
at java.base/jdk.internal.reflect.NativeMethodAccessorImpl.invoke(NativeMethodAccessorImpl.java:62)
at java.base/jdk.internal.reflect.DelegatingMethodAccessorImpl.invoke(DelegatingMethodAccessorImpl.java:43)
at java.base/java.lang.reflect.Method.invoke(Method.java:566)
at org.testng.internal.invokers.MethodInvocationHelper.invokeMethod(MethodInvocationHelper.java:139)
at org.testng.internal.invokers.TestInvoker.invokeMethod(TestInvoker.java:664)
at org.testng.internal.invokers.TestInvoker.invokeTestMethod(TestInvoker.java:227)
at org.testng.internal.invokers.MethodRunner.runInSequence(MethodRunner.java:50)
at org.testng.internal.invokers.TestInvoker$MethodInvocationAgent.invoke(TestInvoker.java:957)
at org.testng.internal.invokers.TestInvoker.invokeTestMethods(TestInvoker.java:200)
at org.testng.internal.invokers.TestMethodWorker.invokeTestMethods(TestMethodWorker.java:148)
at org.testng.internal.invokers.TestMethodWorker.run(TestMethodWorker.java:128)
at java.base/java.util.ArrayList.forEach(ArrayList.java:1540)
at org.testng.TestRunner.privateRun(TestRunner.java:848)
at org.testng.TestRunner.run(TestRunner.java:621)
at org.testng.SuiteRunner.runTest(SuiteRunner.java:443)
at org.testng.SuiteRunner.runSequentially(SuiteRunner.java:437)
at org.testng.SuiteRunner.privateRun(SuiteRunner.java:397)
at org.testng.SuiteRunner.run(SuiteRunner.java:336)
at org.testng.SuiteRunnerWorker.runSuite(SuiteRunnerWorker.java:52)
at org.testng.SuiteRunnerWorker.run(SuiteRunnerWorker.java:95)
at org.testng.TestNG.runSuitesSequentially(TestNG.java:1280)
at org.testng.TestNG.runSuitesLocally(TestNG.java:1200)
at org.testng.TestNG.runSuites(TestNG.java:1114)
at org.testng.TestNG.run(TestNG.java:1082)
at org.apache.maven.surefire.testng.TestNGExecutor.run(TestNGExecutor.java:284)
at org.apache.maven.surefire.testng.TestNGXmlTestSuite.execute(TestNGXmlTestSuite.java:75)
at org.apache.maven.surefire.testng.TestNGProvider.invoke(TestNGProvider.java:119)
at org.apache.maven.surefire.booter.ForkedBooter.runSuitesInProcess(ForkedBooter.java:428)
at org.apache.maven.surefire.booter.ForkedBooter.execute(ForkedBooter.java:162)
at org.apache.maven.surefire.booter.ForkedBooter.run(ForkedBooter.java:562)
at org.apache.maven.surefire.booter.ForkedBooter.main(ForkedBooter.java:548)
]]>
            </full-stacktrace>
          </exception> <!-- java.lang.AssertionError -->
          <reporter-output>
          </reporter-output>
        </test-method> <!-- getStartedHeaderMainPage -->
        <test-method is-config="true" signature="setUp()[pri:0, instance:tests.whitePaper.WhitePaperChromeTests@5d534f5d]" started-at="2023-08-30T10:58:19 EEST" name="setUp" finished-at="2023-08-30T10:58:19 EEST" duration-ms="0" status="PASS">
          <reporter-output>
          </reporter-output>
        </test-method> <!-- setUp -->
        <test-method retried="true" signature="getStartedHeaderMainPage(java.lang.String,java.lang.String)[pri:2, instance:tests.whitePaper.WhitePaperChromeTests@5d534f5d]" started-at="2023-08-30T10:58:19 EEST" name="getStartedHeaderMainPage" finished-at="2023-08-30T10:58:27 EEST" duration-ms="7781" status="SKIP">
          <params>
            <param index="0">
              <value>
                <![CDATA[https://ai-mood.com/en/white-paper]]>
              </value>
            </param>
            <param index="1">
              <value>
                <![CDATA[Screenshots/]]>
              </value>
            </param>
          </params>
          <exception class="java.lang.AssertionError">
            <message>
              <![CDATA[*** Images are not similar *** expected [true] but found [false]]]>
            </message>
            <full-stacktrace>
              <![CDATA[java.lang.AssertionError: *** Images are not similar *** expected [true] but found [false]
at org.testng.Assert.fail(Assert.java:111)
at org.testng.Assert.failNotEquals(Assert.java:1578)
at org.testng.Assert.assertTrue(Assert.java:57)
at pages.pixel_perfect.PixelPerfectAssert.byElement(PixelPerfectAssert.java:109)
at tests.whitePaper.WhitePaperChromeTests.getStartedHeaderMainPage(WhitePaperChromeTests.java:43)
at java.base/jdk.internal.reflect.NativeMethodAccessorImpl.invoke0(Native Method)
at java.base/jdk.internal.reflect.NativeMethodAccessorImpl.invoke(NativeMethodAccessorImpl.java:62)
at java.base/jdk.internal.reflect.DelegatingMethodAccessorImpl.invoke(DelegatingMethodAccessorImpl.java:43)
at java.base/java.lang.reflect.Method.invoke(Method.java:566)
at org.testng.internal.invokers.MethodInvocationHelper.invokeMethod(MethodInvocationHelper.java:139)
at org.testng.internal.invokers.TestInvoker.invokeMethod(TestInvoker.java:664)
at org.testng.internal.invokers.TestInvoker.retryFailed(TestInvoker.java:248)
at org.testng.internal.invokers.MethodRunner.runInSequence(MethodRunner.java:62)
at org.testng.internal.invokers.TestInvoker$MethodInvocationAgent.invoke(TestInvoker.java:957)
at org.testng.internal.invokers.TestInvoker.invokeTestMethods(TestInvoker.java:200)
at org.testng.internal.invokers.TestMethodWorker.invokeTestMethods(TestMethodWorker.java:148)
at org.testng.internal.invokers.TestMethodWorker.run(TestMethodWorker.java:128)
at java.base/java.util.ArrayList.forEach(ArrayList.java:1540)
at org.testng.TestRunner.privateRun(TestRunner.java:848)
at org.testng.TestRunner.run(TestRunner.java:621)
at org.testng.SuiteRunner.runTest(SuiteRunner.java:443)
at org.testng.SuiteRunner.runSequentially(SuiteRunner.java:437)
at org.testng.SuiteRunner.privateRun(SuiteRunner.java:397)
at org.testng.SuiteRunner.run(SuiteRunner.java:336)
at org.testng.SuiteRunnerWorker.runSuite(SuiteRunnerWorker.java:52)
at org.testng.SuiteRunnerWorker.run(SuiteRunnerWorker.java:95)
at org.testng.TestNG.runSuitesSequentially(TestNG.java:1280)
at org.testng.TestNG.runSuitesLocally(TestNG.java:1200)
at org.testng.TestNG.runSuites(TestNG.java:1114)
at org.testng.TestNG.run(TestNG.java:1082)
at org.apache.maven.surefire.testng.TestNGExecutor.run(TestNGExecutor.java:284)
at org.apache.maven.surefire.testng.TestNGXmlTestSuite.execute(TestNGXmlTestSuite.java:75)
at org.apache.maven.surefire.testng.TestNGProvider.invoke(TestNGProvider.java:119)
at org.apache.maven.surefire.booter.ForkedBooter.runSuitesInProcess(ForkedBooter.java:428)
at org.apache.maven.surefire.booter.ForkedBooter.execute(ForkedBooter.java:162)
at org.apache.maven.surefire.booter.ForkedBooter.run(ForkedBooter.java:562)
at org.apache.maven.surefire.booter.ForkedBooter.main(ForkedBooter.java:548)
]]>
            </full-stacktrace>
          </exception> <!-- java.lang.AssertionError -->
          <reporter-output>
          </reporter-output>
        </test-method> <!-- getStartedHeaderMainPage -->
        <test-method is-config="true" signature="setUp()[pri:0, instance:tests.whitePaper.WhitePaperChromeTests@5d534f5d]" started-at="2023-08-30T10:58:27 EEST" name="setUp" finished-at="2023-08-30T10:58:27 EEST" duration-ms="1" status="PASS">
          <reporter-output>
          </reporter-output>
        </test-method> <!-- setUp -->
        <test-method signature="getStartedHeaderMainPage(java.lang.String,java.lang.String)[pri:2, instance:tests.whitePaper.WhitePaperChromeTests@5d534f5d]" started-at="2023-08-30T10:58:27 EEST" name="getStartedHeaderMainPage" finished-at="2023-08-30T10:58:35 EEST" duration-ms="7730" status="FAIL">
          <params>
            <param index="0">
              <value>
                <![CDATA[https://ai-mood.com/en/white-paper]]>
              </value>
            </param>
            <param index="1">
              <value>
                <![CDATA[Screenshots/]]>
              </value>
            </param>
          </params>
          <exception class="java.lang.AssertionError">
            <message>
              <![CDATA[*** Images are not similar *** expected [true] but found [false]]]>
            </message>
            <full-stacktrace>
              <![CDATA[java.lang.AssertionError: *** Images are not similar *** expected [true] but found [false]
at org.testng.Assert.fail(Assert.java:111)
at org.testng.Assert.failNotEquals(Assert.java:1578)
at org.testng.Assert.assertTrue(Assert.java:57)
at pages.pixel_perfect.PixelPerfectAssert.byElement(PixelPerfectAssert.java:109)
at tests.whitePaper.WhitePaperChromeTests.getStartedHeaderMainPage(WhitePaperChromeTests.java:43)
at java.base/jdk.internal.reflect.NativeMethodAccessorImpl.invoke0(Native Method)
at java.base/jdk.internal.reflect.NativeMethodAccessorImpl.invoke(NativeMethodAccessorImpl.java:62)
at java.base/jdk.internal.reflect.DelegatingMethodAccessorImpl.invoke(DelegatingMethodAccessorImpl.java:43)
at java.base/java.lang.reflect.Method.invoke(Method.java:566)
at org.testng.internal.invokers.MethodInvocationHelper.invokeMethod(MethodInvocationHelper.java:139)
at org.testng.internal.invokers.TestInvoker.invokeMethod(TestInvoker.java:664)
at org.testng.internal.invokers.TestInvoker.retryFailed(TestInvoker.java:248)
at org.testng.internal.invokers.MethodRunner.runInSequence(MethodRunner.java:62)
at org.testng.internal.invokers.TestInvoker$MethodInvocationAgent.invoke(TestInvoker.java:957)
at org.testng.internal.invokers.TestInvoker.invokeTestMethods(TestInvoker.java:200)
at org.testng.internal.invokers.TestMethodWorker.invokeTestMethods(TestMethodWorker.java:148)
at org.testng.internal.invokers.TestMethodWorker.run(TestMethodWorker.java:128)
at java.base/java.util.ArrayList.forEach(ArrayList.java:1540)
at org.testng.TestRunner.privateRun(TestRunner.java:848)
at org.testng.TestRunner.run(TestRunner.java:621)
at org.testng.SuiteRunner.runTest(SuiteRunner.java:443)
at org.testng.SuiteRunner.runSequentially(SuiteRunner.java:437)
at org.testng.SuiteRunner.privateRun(SuiteRunner.java:397)
at org.testng.SuiteRunner.run(SuiteRunner.java:336)
at org.testng.SuiteRunnerWorker.runSuite(SuiteRunnerWorker.java:52)
at org.testng.SuiteRunnerWorker.run(SuiteRunnerWorker.java:95)
at org.testng.TestNG.runSuitesSequentially(TestNG.java:1280)
at org.testng.TestNG.runSuitesLocally(TestNG.java:1200)
at org.testng.TestNG.runSuites(TestNG.java:1114)
at org.testng.TestNG.run(TestNG.java:1082)
at org.apache.maven.surefire.testng.TestNGExecutor.run(TestNGExecutor.java:284)
at org.apache.maven.surefire.testng.TestNGXmlTestSuite.execute(TestNGXmlTestSuite.java:75)
at org.apache.maven.surefire.testng.TestNGProvider.invoke(TestNGProvider.java:119)
at org.apache.maven.surefire.booter.ForkedBooter.runSuitesInProcess(ForkedBooter.java:428)
at org.apache.maven.surefire.booter.ForkedBooter.execute(ForkedBooter.java:162)
at org.apache.maven.surefire.booter.ForkedBooter.run(ForkedBooter.java:562)
at org.apache.maven.surefire.booter.ForkedBooter.main(ForkedBooter.java:548)
]]>
            </full-stacktrace>
          </exception> <!-- java.lang.AssertionError -->
          <reporter-output>
          </reporter-output>
        </test-method> <!-- getStartedHeaderMainPage -->
        <test-method is-config="true" signature="setUp()[pri:0, instance:tests.whitePaper.WhitePaperChromeTests@5d534f5d]" started-at="2023-08-30T10:58:35 EEST" name="setUp" finished-at="2023-08-30T10:58:35 EEST" duration-ms="0" status="PASS">
          <reporter-output>
          </reporter-output>
        </test-method> <!-- setUp -->
        <test-method retried="true" signature="learnHeaderMainPage(java.lang.String,java.lang.String)[pri:3, instance:tests.whitePaper.WhitePaperChromeTests@5d534f5d]" started-at="2023-08-30T10:58:35 EEST" name="learnHeaderMainPage" finished-at="2023-08-30T10:58:42 EEST" duration-ms="7793" status="SKIP">
          <params>
            <param index="0">
              <value>
                <![CDATA[https://ai-mood.com/en/white-paper]]>
              </value>
            </param>
            <param index="1">
              <value>
                <![CDATA[Screenshots/]]>
              </value>
            </param>
          </params>
          <exception class="java.lang.AssertionError">
            <message>
              <![CDATA[*** Images are not similar *** expected [true] but found [false]]]>
            </message>
            <full-stacktrace>
              <![CDATA[java.lang.AssertionError: *** Images are not similar *** expected [true] but found [false]
at org.testng.Assert.fail(Assert.java:111)
at org.testng.Assert.failNotEquals(Assert.java:1578)
at org.testng.Assert.assertTrue(Assert.java:57)
at pages.pixel_perfect.PixelPerfectAssert.byElement(PixelPerfectAssert.java:109)
at tests.whitePaper.WhitePaperChromeTests.learnHeaderMainPage(WhitePaperChromeTests.java:61)
at java.base/jdk.internal.reflect.NativeMethodAccessorImpl.invoke0(Native Method)
at java.base/jdk.internal.reflect.NativeMethodAccessorImpl.invoke(NativeMethodAccessorImpl.java:62)
at java.base/jdk.internal.reflect.DelegatingMethodAccessorImpl.invoke(DelegatingMethodAccessorImpl.java:43)
at java.base/java.lang.reflect.Method.invoke(Method.java:566)
at org.testng.internal.invokers.MethodInvocationHelper.invokeMethod(MethodInvocationHelper.java:139)
at org.testng.internal.invokers.TestInvoker.invokeMethod(TestInvoker.java:664)
at org.testng.internal.invokers.TestInvoker.invokeTestMethod(TestInvoker.java:227)
at org.testng.internal.invokers.MethodRunner.runInSequence(MethodRunner.java:50)
at org.testng.internal.invokers.TestInvoker$MethodInvocationAgent.invoke(TestInvoker.java:957)
at org.testng.internal.invokers.TestInvoker.invokeTestMethods(TestInvoker.java:200)
at org.testng.internal.invokers.TestMethodWorker.invokeTestMethods(TestMethodWorker.java:148)
at org.testng.internal.invokers.TestMethodWorker.run(TestMethodWorker.java:128)
at java.base/java.util.ArrayList.forEach(ArrayList.java:1540)
at org.testng.TestRunner.privateRun(TestRunner.java:848)
at org.testng.TestRunner.run(TestRunner.java:621)
at org.testng.SuiteRunner.runTest(SuiteRunner.java:443)
at org.testng.SuiteRunner.runSequentially(SuiteRunner.java:437)
at org.testng.SuiteRunner.privateRun(SuiteRunner.java:397)
at org.testng.SuiteRunner.run(SuiteRunner.java:336)
at org.testng.SuiteRunnerWorker.runSuite(SuiteRunnerWorker.java:52)
at org.testng.SuiteRunnerWorker.run(SuiteRunnerWorker.java:95)
at org.testng.TestNG.runSuitesSequentially(TestNG.java:1280)
at org.testng.TestNG.runSuitesLocally(TestNG.java:1200)
at org.testng.TestNG.runSuites(TestNG.java:1114)
at org.testng.TestNG.run(TestNG.java:1082)
at org.apache.maven.surefire.testng.TestNGExecutor.run(TestNGExecutor.java:284)
at org.apache.maven.surefire.testng.TestNGXmlTestSuite.execute(TestNGXmlTestSuite.java:75)
at org.apache.maven.surefire.testng.TestNGProvider.invoke(TestNGProvider.java:119)
at org.apache.maven.surefire.booter.ForkedBooter.runSuitesInProcess(ForkedBooter.java:428)
at org.apache.maven.surefire.booter.ForkedBooter.execute(ForkedBooter.java:162)
at org.apache.maven.surefire.booter.ForkedBooter.run(ForkedBooter.java:562)
at org.apache.maven.surefire.booter.ForkedBooter.main(ForkedBooter.java:548)
]]>
            </full-stacktrace>
          </exception> <!-- java.lang.AssertionError -->
          <reporter-output>
          </reporter-output>
        </test-method> <!-- learnHeaderMainPage -->
        <test-method is-config="true" signature="setUp()[pri:0, instance:tests.whitePaper.WhitePaperChromeTests@5d534f5d]" started-at="2023-08-30T10:58:42 EEST" name="setUp" finished-at="2023-08-30T10:58:42 EEST" duration-ms="1" status="PASS">
          <reporter-output>
          </reporter-output>
        </test-method> <!-- setUp -->
        <test-method signature="learnHeaderMainPage(java.lang.String,java.lang.String)[pri:3, instance:tests.whitePaper.WhitePaperChromeTests@5d534f5d]" started-at="2023-08-30T10:58:42 EEST" name="learnHeaderMainPage" finished-at="2023-08-30T10:58:51 EEST" duration-ms="8316" status="PASS">
          <params>
            <param index="0">
              <value>
                <![CDATA[https://ai-mood.com/en/white-paper]]>
              </value>
            </param>
            <param index="1">
              <value>
                <![CDATA[Screenshots/]]>
              </value>
            </param>
          </params>
          <reporter-output>
          </reporter-output>
        </test-method> <!-- learnHeaderMainPage -->
        <test-method signature="resourcesHeaderMainPage(java.lang.String,java.lang.String)[pri:4, instance:tests.whitePaper.WhitePaperChromeTests@5d534f5d]" started-at="2023-08-30T10:58:51 EEST" name="resourcesHeaderMainPage" finished-at="2023-08-30T10:58:59 EEST" duration-ms="8253" status="PASS">
          <params>
            <param index="0">
              <value>
                <![CDATA[https://ai-mood.com/en/white-paper]]>
              </value>
            </param>
            <param index="1">
              <value>
                <![CDATA[Screenshots/]]>
              </value>
            </param>
          </params>
          <reporter-output>
          </reporter-output>
        </test-method> <!-- resourcesHeaderMainPage -->
        <test-method is-config="true" signature="setUp()[pri:0, instance:tests.whitePaper.WhitePaperChromeTests@5d534f5d]" started-at="2023-08-30T10:58:51 EEST" name="setUp" finished-at="2023-08-30T10:58:51 EEST" duration-ms="0" status="PASS">
          <reporter-output>
          </reporter-output>
        </test-method> <!-- setUp -->
        <test-method signature="mainBlockWhitePaperPage(java.lang.String,java.lang.String)[pri:5, instance:tests.whitePaper.WhitePaperChromeTests@5d534f5d]" started-at="2023-08-30T10:58:59 EEST" name="mainBlockWhitePaperPage" finished-at="2023-08-30T10:59:04 EEST" duration-ms="5213" status="PASS">
          <params>
            <param index="0">
              <value>
                <![CDATA[https://ai-mood.com/en/white-paper]]>
              </value>
            </param>
            <param index="1">
              <value>
                <![CDATA[Screenshots/]]>
              </value>
            </param>
          </params>
          <reporter-output>
          </reporter-output>
        </test-method> <!-- mainBlockWhitePaperPage -->
        <test-method is-config="true" signature="setUp()[pri:0, instance:tests.whitePaper.WhitePaperChromeTests@5d534f5d]" started-at="2023-08-30T10:58:59 EEST" name="setUp" finished-at="2023-08-30T10:58:59 EEST" duration-ms="0" status="PASS">
          <reporter-output>
          </reporter-output>
        </test-method> <!-- setUp -->
        <test-method is-config="true" signature="setUp()[pri:0, instance:tests.whitePaper.WhitePaperChromeTests@5d534f5d]" started-at="2023-08-30T10:59:04 EEST" name="setUp" finished-at="2023-08-30T10:59:04 EEST" duration-ms="1" status="PASS">
          <reporter-output>
          </reporter-output>
        </test-method> <!-- setUp -->
        <test-method signature="EweuimtPage(java.lang.String,java.lang.String)[pri:6, instance:tests.whitePaper.WhitePaperChromeTests@5d534f5d]" started-at="2023-08-30T10:59:04 EEST" name="EweuimtPage" finished-at="2023-08-30T10:59:10 EEST" duration-ms="5645" status="PASS">
          <params>
            <param index="0">
              <value>
                <![CDATA[https://ai-mood.com/en/white-paper]]>
              </value>
            </param>
            <param index="1">
              <value>
                <![CDATA[Screenshots/]]>
              </value>
            </param>
          </params>
          <reporter-output>
          </reporter-output>
        </test-method> <!-- EweuimtPage -->
        <test-method is-config="true" signature="setUp()[pri:0, instance:tests.whitePaper.WhitePaperChromeTests@5d534f5d]" started-at="2023-08-30T10:59:10 EEST" name="setUp" finished-at="2023-08-30T10:59:10 EEST" duration-ms="1" status="PASS">
          <reporter-output>
          </reporter-output>
        </test-method> <!-- setUp -->
        <test-method signature="allFooterMainPage(java.lang.String,java.lang.String)[pri:7, instance:tests.whitePaper.WhitePaperChromeTests@5d534f5d]" started-at="2023-08-30T10:59:10 EEST" name="allFooterMainPage" finished-at="2023-08-30T10:59:15 EEST" duration-ms="5281" status="PASS">
          <params>
            <param index="0">
              <value>
                <![CDATA[https://ai-mood.com/en/white-paper]]>
              </value>
            </param>
            <param index="1">
              <value>
                <![CDATA[Screenshots/]]>
              </value>
            </param>
          </params>
          <reporter-output>
          </reporter-output>
        </test-method> <!-- allFooterMainPage -->
        <test-method signature="partnFooterMainPage(java.lang.String,java.lang.String)[pri:8, instance:tests.whitePaper.WhitePaperChromeTests@5d534f5d]" started-at="2023-08-30T10:59:15 EEST" name="partnFooterMainPage" finished-at="2023-08-30T10:59:20 EEST" duration-ms="5143" status="PASS">
          <params>
            <param index="0">
              <value>
                <![CDATA[https://ai-mood.com/en/white-paper]]>
              </value>
            </param>
            <param index="1">
              <value>
                <![CDATA[Screenshots/]]>
              </value>
            </param>
          </params>
          <reporter-output>
          </reporter-output>
        </test-method> <!-- partnFooterMainPage -->
        <test-method is-config="true" signature="setUp()[pri:0, instance:tests.whitePaper.WhitePaperChromeTests@5d534f5d]" started-at="2023-08-30T10:59:15 EEST" name="setUp" finished-at="2023-08-30T10:59:15 EEST" duration-ms="0" status="PASS">
          <reporter-output>
          </reporter-output>
        </test-method> <!-- setUp -->
        <test-method retried="true" signature="subFooterMainPage(java.lang.String,java.lang.String)[pri:9, instance:tests.whitePaper.WhitePaperChromeTests@5d534f5d]" started-at="2023-08-30T10:59:20 EEST" name="subFooterMainPage" finished-at="2023-08-30T10:59:28 EEST" duration-ms="7610" status="SKIP">
          <params>
            <param index="0">
              <value>
                <![CDATA[https://ai-mood.com/en/white-paper]]>
              </value>
            </param>
            <param index="1">
              <value>
                <![CDATA[Screenshots/]]>
              </value>
            </param>
          </params>
          <exception class="java.lang.AssertionError">
            <message>
              <![CDATA[*** Images are not similar *** expected [true] but found [false]]]>
            </message>
            <full-stacktrace>
              <![CDATA[java.lang.AssertionError: *** Images are not similar *** expected [true] but found [false]
at org.testng.Assert.fail(Assert.java:111)
at org.testng.Assert.failNotEquals(Assert.java:1578)
at org.testng.Assert.assertTrue(Assert.java:57)
at pages.pixel_perfect.PixelPerfectAssert.byElement(PixelPerfectAssert.java:109)
at tests.whitePaper.WhitePaperChromeTests.subFooterMainPage(WhitePaperChromeTests.java:171)
at java.base/jdk.internal.reflect.NativeMethodAccessorImpl.invoke0(Native Method)
at java.base/jdk.internal.reflect.NativeMethodAccessorImpl.invoke(NativeMethodAccessorImpl.java:62)
at java.base/jdk.internal.reflect.DelegatingMethodAccessorImpl.invoke(DelegatingMethodAccessorImpl.java:43)
at java.base/java.lang.reflect.Method.invoke(Method.java:566)
at org.testng.internal.invokers.MethodInvocationHelper.invokeMethod(MethodInvocationHelper.java:139)
at org.testng.internal.invokers.TestInvoker.invokeMethod(TestInvoker.java:664)
at org.testng.internal.invokers.TestInvoker.invokeTestMethod(TestInvoker.java:227)
at org.testng.internal.invokers.MethodRunner.runInSequence(MethodRunner.java:50)
at org.testng.internal.invokers.TestInvoker$MethodInvocationAgent.invoke(TestInvoker.java:957)
at org.testng.internal.invokers.TestInvoker.invokeTestMethods(TestInvoker.java:200)
at org.testng.internal.invokers.TestMethodWorker.invokeTestMethods(TestMethodWorker.java:148)
at org.testng.internal.invokers.TestMethodWorker.run(TestMethodWorker.java:128)
at java.base/java.util.ArrayList.forEach(ArrayList.java:1540)
at org.testng.TestRunner.privateRun(TestRunner.java:848)
at org.testng.TestRunner.run(TestRunner.java:621)
at org.testng.SuiteRunner.runTest(SuiteRunner.java:443)
at org.testng.SuiteRunner.runSequentially(SuiteRunner.java:437)
at org.testng.SuiteRunner.privateRun(SuiteRunner.java:397)
at org.testng.SuiteRunner.run(SuiteRunner.java:336)
at org.testng.SuiteRunnerWorker.runSuite(SuiteRunnerWorker.java:52)
at org.testng.SuiteRunnerWorker.run(SuiteRunnerWorker.java:95)
at org.testng.TestNG.runSuitesSequentially(TestNG.java:1280)
at org.testng.TestNG.runSuitesLocally(TestNG.java:1200)
at org.testng.TestNG.runSuites(TestNG.java:1114)
at org.testng.TestNG.run(TestNG.java:1082)
at org.apache.maven.surefire.testng.TestNGExecutor.run(TestNGExecutor.java:284)
at org.apache.maven.surefire.testng.TestNGXmlTestSuite.execute(TestNGXmlTestSuite.java:75)
at org.apache.maven.surefire.testng.TestNGProvider.invoke(TestNGProvider.java:119)
at org.apache.maven.surefire.booter.ForkedBooter.runSuitesInProcess(ForkedBooter.java:428)
at org.apache.maven.surefire.booter.ForkedBooter.execute(ForkedBooter.java:162)
at org.apache.maven.surefire.booter.ForkedBooter.run(ForkedBooter.java:562)
at org.apache.maven.surefire.booter.ForkedBooter.main(ForkedBooter.java:548)
]]>
            </full-stacktrace>
          </exception> <!-- java.lang.AssertionError -->
          <reporter-output>
          </reporter-output>
        </test-method> <!-- subFooterMainPage -->
        <test-method is-config="true" signature="setUp()[pri:0, instance:tests.whitePaper.WhitePaperChromeTests@5d534f5d]" started-at="2023-08-30T10:59:20 EEST" name="setUp" finished-at="2023-08-30T10:59:20 EEST" duration-ms="0" status="PASS">
          <reporter-output>
          </reporter-output>
        </test-method> <!-- setUp -->
        <test-method is-config="true" signature="setUp()[pri:0, instance:tests.whitePaper.WhitePaperChromeTests@5d534f5d]" started-at="2023-08-30T10:59:28 EEST" name="setUp" finished-at="2023-08-30T10:59:28 EEST" duration-ms="0" status="PASS">
          <reporter-output>
          </reporter-output>
        </test-method> <!-- setUp -->
        <test-method retried="true" signature="subFooterMainPage(java.lang.String,java.lang.String)[pri:9, instance:tests.whitePaper.WhitePaperChromeTests@5d534f5d]" started-at="2023-08-30T10:59:28 EEST" name="subFooterMainPage" finished-at="2023-08-30T10:59:35 EEST" duration-ms="7611" status="SKIP">
          <params>
            <param index="0">
              <value>
                <![CDATA[https://ai-mood.com/en/white-paper]]>
              </value>
            </param>
            <param index="1">
              <value>
                <![CDATA[Screenshots/]]>
              </value>
            </param>
          </params>
          <exception class="java.lang.AssertionError">
            <message>
              <![CDATA[*** Images are not similar *** expected [true] but found [false]]]>
            </message>
            <full-stacktrace>
              <![CDATA[java.lang.AssertionError: *** Images are not similar *** expected [true] but found [false]
at org.testng.Assert.fail(Assert.java:111)
at org.testng.Assert.failNotEquals(Assert.java:1578)
at org.testng.Assert.assertTrue(Assert.java:57)
at pages.pixel_perfect.PixelPerfectAssert.byElement(PixelPerfectAssert.java:109)
at tests.whitePaper.WhitePaperChromeTests.subFooterMainPage(WhitePaperChromeTests.java:171)
at java.base/jdk.internal.reflect.NativeMethodAccessorImpl.invoke0(Native Method)
at java.base/jdk.internal.reflect.NativeMethodAccessorImpl.invoke(NativeMethodAccessorImpl.java:62)
at java.base/jdk.internal.reflect.DelegatingMethodAccessorImpl.invoke(DelegatingMethodAccessorImpl.java:43)
at java.base/java.lang.reflect.Method.invoke(Method.java:566)
at org.testng.internal.invokers.MethodInvocationHelper.invokeMethod(MethodInvocationHelper.java:139)
at org.testng.internal.invokers.TestInvoker.invokeMethod(TestInvoker.java:664)
at org.testng.internal.invokers.TestInvoker.retryFailed(TestInvoker.java:248)
at org.testng.internal.invokers.MethodRunner.runInSequence(MethodRunner.java:62)
at org.testng.internal.invokers.TestInvoker$MethodInvocationAgent.invoke(TestInvoker.java:957)
at org.testng.internal.invokers.TestInvoker.invokeTestMethods(TestInvoker.java:200)
at org.testng.internal.invokers.TestMethodWorker.invokeTestMethods(TestMethodWorker.java:148)
at org.testng.internal.invokers.TestMethodWorker.run(TestMethodWorker.java:128)
at java.base/java.util.ArrayList.forEach(ArrayList.java:1540)
at org.testng.TestRunner.privateRun(TestRunner.java:848)
at org.testng.TestRunner.run(TestRunner.java:621)
at org.testng.SuiteRunner.runTest(SuiteRunner.java:443)
at org.testng.SuiteRunner.runSequentially(SuiteRunner.java:437)
at org.testng.SuiteRunner.privateRun(SuiteRunner.java:397)
at org.testng.SuiteRunner.run(SuiteRunner.java:336)
at org.testng.SuiteRunnerWorker.runSuite(SuiteRunnerWorker.java:52)
at org.testng.SuiteRunnerWorker.run(SuiteRunnerWorker.java:95)
at org.testng.TestNG.runSuitesSequentially(TestNG.java:1280)
at org.testng.TestNG.runSuitesLocally(TestNG.java:1200)
at org.testng.TestNG.runSuites(TestNG.java:1114)
at org.testng.TestNG.run(TestNG.java:1082)
at org.apache.maven.surefire.testng.TestNGExecutor.run(TestNGExecutor.java:284)
at org.apache.maven.surefire.testng.TestNGXmlTestSuite.execute(TestNGXmlTestSuite.java:75)
at org.apache.maven.surefire.testng.TestNGProvider.invoke(TestNGProvider.java:119)
at org.apache.maven.surefire.booter.ForkedBooter.runSuitesInProcess(ForkedBooter.java:428)
at org.apache.maven.surefire.booter.ForkedBooter.execute(ForkedBooter.java:162)
at org.apache.maven.surefire.booter.ForkedBooter.run(ForkedBooter.java:562)
at org.apache.maven.surefire.booter.ForkedBooter.main(ForkedBooter.java:548)
]]>
            </full-stacktrace>
          </exception> <!-- java.lang.AssertionError -->
          <reporter-output>
          </reporter-output>
        </test-method> <!-- subFooterMainPage -->
        <test-method is-config="true" signature="setUp()[pri:0, instance:tests.whitePaper.WhitePaperChromeTests@5d534f5d]" started-at="2023-08-30T10:59:35 EEST" name="setUp" finished-at="2023-08-30T10:59:35 EEST" duration-ms="0" status="PASS">
          <reporter-output>
          </reporter-output>
        </test-method> <!-- setUp -->
        <test-method signature="subFooterMainPage(java.lang.String,java.lang.String)[pri:9, instance:tests.whitePaper.WhitePaperChromeTests@5d534f5d]" started-at="2023-08-30T10:59:35 EEST" name="subFooterMainPage" finished-at="2023-08-30T10:59:43 EEST" duration-ms="7616" status="FAIL">
          <params>
            <param index="0">
              <value>
                <![CDATA[https://ai-mood.com/en/white-paper]]>
              </value>
            </param>
            <param index="1">
              <value>
                <![CDATA[Screenshots/]]>
              </value>
            </param>
          </params>
          <exception class="java.lang.AssertionError">
            <message>
              <![CDATA[*** Images are not similar *** expected [true] but found [false]]]>
            </message>
            <full-stacktrace>
              <![CDATA[java.lang.AssertionError: *** Images are not similar *** expected [true] but found [false]
at org.testng.Assert.fail(Assert.java:111)
at org.testng.Assert.failNotEquals(Assert.java:1578)
at org.testng.Assert.assertTrue(Assert.java:57)
at pages.pixel_perfect.PixelPerfectAssert.byElement(PixelPerfectAssert.java:109)
at tests.whitePaper.WhitePaperChromeTests.subFooterMainPage(WhitePaperChromeTests.java:171)
at java.base/jdk.internal.reflect.NativeMethodAccessorImpl.invoke0(Native Method)
at java.base/jdk.internal.reflect.NativeMethodAccessorImpl.invoke(NativeMethodAccessorImpl.java:62)
at java.base/jdk.internal.reflect.DelegatingMethodAccessorImpl.invoke(DelegatingMethodAccessorImpl.java:43)
at java.base/java.lang.reflect.Method.invoke(Method.java:566)
at org.testng.internal.invokers.MethodInvocationHelper.invokeMethod(MethodInvocationHelper.java:139)
at org.testng.internal.invokers.TestInvoker.invokeMethod(TestInvoker.java:664)
at org.testng.internal.invokers.TestInvoker.retryFailed(TestInvoker.java:248)
at org.testng.internal.invokers.MethodRunner.runInSequence(MethodRunner.java:62)
at org.testng.internal.invokers.TestInvoker$MethodInvocationAgent.invoke(TestInvoker.java:957)
at org.testng.internal.invokers.TestInvoker.invokeTestMethods(TestInvoker.java:200)
at org.testng.internal.invokers.TestMethodWorker.invokeTestMethods(TestMethodWorker.java:148)
at org.testng.internal.invokers.TestMethodWorker.run(TestMethodWorker.java:128)
at java.base/java.util.ArrayList.forEach(ArrayList.java:1540)
at org.testng.TestRunner.privateRun(TestRunner.java:848)
at org.testng.TestRunner.run(TestRunner.java:621)
at org.testng.SuiteRunner.runTest(SuiteRunner.java:443)
at org.testng.SuiteRunner.runSequentially(SuiteRunner.java:437)
at org.testng.SuiteRunner.privateRun(SuiteRunner.java:397)
at org.testng.SuiteRunner.run(SuiteRunner.java:336)
at org.testng.SuiteRunnerWorker.runSuite(SuiteRunnerWorker.java:52)
at org.testng.SuiteRunnerWorker.run(SuiteRunnerWorker.java:95)
at org.testng.TestNG.runSuitesSequentially(TestNG.java:1280)
at org.testng.TestNG.runSuitesLocally(TestNG.java:1200)
at org.testng.TestNG.runSuites(TestNG.java:1114)
at org.testng.TestNG.run(TestNG.java:1082)
at org.apache.maven.surefire.testng.TestNGExecutor.run(TestNGExecutor.java:284)
at org.apache.maven.surefire.testng.TestNGXmlTestSuite.execute(TestNGXmlTestSuite.java:75)
at org.apache.maven.surefire.testng.TestNGProvider.invoke(TestNGProvider.java:119)
at org.apache.maven.surefire.booter.ForkedBooter.runSuitesInProcess(ForkedBooter.java:428)
at org.apache.maven.surefire.booter.ForkedBooter.execute(ForkedBooter.java:162)
at org.apache.maven.surefire.booter.ForkedBooter.run(ForkedBooter.java:562)
at org.apache.maven.surefire.booter.ForkedBooter.main(ForkedBooter.java:548)
]]>
            </full-stacktrace>
          </exception> <!-- java.lang.AssertionError -->
          <reporter-output>
          </reporter-output>
        </test-method> <!-- subFooterMainPage -->
        <test-method is-config="true" signature="setUp()[pri:0, instance:tests.whitePaper.WhitePaperChromeTests@5d534f5d]" started-at="2023-08-30T10:59:43 EEST" name="setUp" finished-at="2023-08-30T10:59:43 EEST" duration-ms="0" status="PASS">
          <reporter-output>
          </reporter-output>
        </test-method> <!-- setUp -->
        <test-method signature="copFooterMainPage(java.lang.String,java.lang.String)[pri:10, instance:tests.whitePaper.WhitePaperChromeTests@5d534f5d]" started-at="2023-08-30T10:59:43 EEST" name="copFooterMainPage" finished-at="2023-08-30T10:59:47 EEST" duration-ms="4190" status="PASS">
          <params>
            <param index="0">
              <value>
                <![CDATA[https://ai-mood.com/en/white-paper]]>
              </value>
            </param>
            <param index="1">
              <value>
                <![CDATA[Screenshots/]]>
              </value>
            </param>
          </params>
          <reporter-output>
          </reporter-output>
        </test-method> <!-- copFooterMainPage -->
        <test-method is-config="true" signature="tearDown()[pri:0, instance:tests.whitePaper.WhitePaperChromeTests@5d534f5d]" started-at="2023-08-30T10:59:47 EEST" name="tearDown" finished-at="2023-08-30T10:59:48 EEST" duration-ms="657" status="PASS">
          <reporter-output>
          </reporter-output>
        </test-method> <!-- tearDown -->
      </class> <!-- tests.whitePaper.WhitePaperChromeTests -->
    </test> <!-- ai-mood - Pixel perfect regression -->
  </suite> <!-- WPT -->
</testng-results>
