<?xml version="1.0" encoding="UTF-8"?>
<testng-results ignored="0" total="20" passed="20" failed="0" skipped="0">
  <reporter-output>
  </reporter-output>
  <suite started-at="2023-08-25T12:25:07 EEST" name="WPT" finished-at="2023-08-25T12:27:07 EEST" duration-ms="120737">
    <groups>
    </groups>
    <test started-at="2023-08-25T12:25:07 EEST" name="ai-mood - Pixel perfect regression" finished-at="2023-08-25T12:27:07 EEST" duration-ms="120737">
      <class name="tests.affiliateProgramPageTests.AllPageFirefoxTests">
        <test-method is-config="true" signature="setUp()[pri:0, instance:tests.affiliateProgramPageTests.AllPageFirefoxTests@5562c41e]" started-at="2023-08-25T12:25:07 EEST" name="setUp" finished-at="2023-08-25T12:25:10 EEST" duration-ms="3634" status="PASS">
          <reporter-output>
          </reporter-output>
        </test-method> <!-- setUp -->
        <test-method signature="allHeaderAffiliateProgramPage(java.lang.String,java.lang.String)[pri:1, instance:tests.affiliateProgramPageTests.AllPageFirefoxTests@5562c41e]" started-at="2023-08-25T12:25:10 EEST" name="allHeaderAffiliateProgramPage" finished-at="2023-08-25T12:25:21 EEST" duration-ms="10131" status="PASS">
          <params>
            <param index="0">
              <value>
                <![CDATA[https://ai-mood.com/en/affiliate-program]]>
              </value>
            </param>
            <param index="1">
              <value>
                <![CDATA[Screenshots/]]>
              </value>
            </param>
          </params>
          <reporter-output>
          </reporter-output>
        </test-method> <!-- allHeaderAffiliateProgramPage -->
        <test-method is-config="true" signature="setUp()[pri:0, instance:tests.affiliateProgramPageTests.AllPageFirefoxTests@5562c41e]" started-at="2023-08-25T12:25:21 EEST" name="setUp" finished-at="2023-08-25T12:25:21 EEST" duration-ms="0" status="PASS">
          <reporter-output>
          </reporter-output>
        </test-method> <!-- setUp -->
        <test-method signature="getStartedHeaderAffiliateProgramPage(java.lang.String,java.lang.String)[pri:2, instance:tests.affiliateProgramPageTests.AllPageFirefoxTests@5562c41e]" started-at="2023-08-25T12:25:21 EEST" name="getStartedHeaderAffiliateProgramPage" finished-at="2023-08-25T12:25:25 EEST" duration-ms="4228" status="PASS">
          <params>
            <param index="0">
              <value>
                <![CDATA[https://ai-mood.com/en/affiliate-program]]>
              </value>
            </param>
            <param index="1">
              <value>
                <![CDATA[Screenshots/]]>
              </value>
            </param>
          </params>
          <reporter-output>
          </reporter-output>
        </test-method> <!-- getStartedHeaderAffiliateProgramPage -->
        <test-method is-config="true" signature="setUp()[pri:0, instance:tests.affiliateProgramPageTests.AllPageFirefoxTests@5562c41e]" started-at="2023-08-25T12:25:25 EEST" name="setUp" finished-at="2023-08-25T12:25:25 EEST" duration-ms="0" status="PASS">
          <reporter-output>
          </reporter-output>
        </test-method> <!-- setUp -->
        <test-method signature="learnHeaderAffiliateProgramPage(java.lang.String,java.lang.String)[pri:3, instance:tests.affiliateProgramPageTests.AllPageFirefoxTests@5562c41e]" started-at="2023-08-25T12:25:25 EEST" name="learnHeaderAffiliateProgramPage" finished-at="2023-08-25T12:25:29 EEST" duration-ms="4143" status="PASS">
          <params>
            <param index="0">
              <value>
                <![CDATA[https://ai-mood.com/en/affiliate-program]]>
              </value>
            </param>
            <param index="1">
              <value>
                <![CDATA[Screenshots/]]>
              </value>
            </param>
          </params>
          <reporter-output>
          </reporter-output>
        </test-method> <!-- learnHeaderAffiliateProgramPage -->
        <test-method signature="resourcesHeaderAffiliateProgramPage(java.lang.String,java.lang.String)[pri:4, instance:tests.affiliateProgramPageTests.AllPageFirefoxTests@5562c41e]" started-at="2023-08-25T12:25:29 EEST" name="resourcesHeaderAffiliateProgramPage" finished-at="2023-08-25T12:25:33 EEST" duration-ms="4181" status="PASS">
          <params>
            <param index="0">
              <value>
                <![CDATA[https://ai-mood.com/en/affiliate-program]]>
              </value>
            </param>
            <param index="1">
              <value>
                <![CDATA[Screenshots/]]>
              </value>
            </param>
          </params>
          <reporter-output>
          </reporter-output>
        </test-method> <!-- resourcesHeaderAffiliateProgramPage -->
        <test-method is-config="true" signature="setUp()[pri:0, instance:tests.affiliateProgramPageTests.AllPageFirefoxTests@5562c41e]" started-at="2023-08-25T12:25:29 EEST" name="setUp" finished-at="2023-08-25T12:25:29 EEST" duration-ms="0" status="PASS">
          <reporter-output>
          </reporter-output>
        </test-method> <!-- setUp -->
        <test-method is-config="true" signature="setUp()[pri:0, instance:tests.affiliateProgramPageTests.AllPageFirefoxTests@5562c41e]" started-at="2023-08-25T12:25:33 EEST" name="setUp" finished-at="2023-08-25T12:25:33 EEST" duration-ms="0" status="PASS">
          <reporter-output>
          </reporter-output>
        </test-method> <!-- setUp -->
        <test-method signature="mainSectionAffiliateProgramPage(java.lang.String,java.lang.String)[pri:6, instance:tests.affiliateProgramPageTests.AllPageFirefoxTests@5562c41e]" started-at="2023-08-25T12:25:33 EEST" name="mainSectionAffiliateProgramPage" finished-at="2023-08-25T12:25:39 EEST" duration-ms="5988" status="PASS">
          <params>
            <param index="0">
              <value>
                <![CDATA[https://ai-mood.com/en/affiliate-program]]>
              </value>
            </param>
            <param index="1">
              <value>
                <![CDATA[Screenshots/]]>
              </value>
            </param>
          </params>
          <reporter-output>
          </reporter-output>
        </test-method> <!-- mainSectionAffiliateProgramPage -->
        <test-method is-config="true" signature="setUp()[pri:0, instance:tests.affiliateProgramPageTests.AllPageFirefoxTests@5562c41e]" started-at="2023-08-25T12:25:39 EEST" name="setUp" finished-at="2023-08-25T12:25:39 EEST" duration-ms="0" status="PASS">
          <reporter-output>
          </reporter-output>
        </test-method> <!-- setUp -->
        <test-method signature="affiliateSectionAffiliateProgramPage(java.lang.String,java.lang.String)[pri:7, instance:tests.affiliateProgramPageTests.AllPageFirefoxTests@5562c41e]" started-at="2023-08-25T12:25:39 EEST" name="affiliateSectionAffiliateProgramPage" finished-at="2023-08-25T12:25:45 EEST" duration-ms="6310" status="PASS">
          <params>
            <param index="0">
              <value>
                <![CDATA[https://ai-mood.com/en/affiliate-program]]>
              </value>
            </param>
            <param index="1">
              <value>
                <![CDATA[Screenshots/]]>
              </value>
            </param>
          </params>
          <reporter-output>
          </reporter-output>
        </test-method> <!-- affiliateSectionAffiliateProgramPage -->
        <test-method is-config="true" signature="setUp()[pri:0, instance:tests.affiliateProgramPageTests.AllPageFirefoxTests@5562c41e]" started-at="2023-08-25T12:25:45 EEST" name="setUp" finished-at="2023-08-25T12:25:45 EEST" duration-ms="0" status="PASS">
          <reporter-output>
          </reporter-output>
        </test-method> <!-- setUp -->
        <test-method signature="allFooterAffiliateProgramPage(java.lang.String,java.lang.String)[pri:8, instance:tests.affiliateProgramPageTests.AllPageFirefoxTests@5562c41e]" started-at="2023-08-25T12:25:45 EEST" name="allFooterAffiliateProgramPage" finished-at="2023-08-25T12:25:51 EEST" duration-ms="5078" status="PASS">
          <params>
            <param index="0">
              <value>
                <![CDATA[https://ai-mood.com/en/affiliate-program]]>
              </value>
            </param>
            <param index="1">
              <value>
                <![CDATA[Screenshots/]]>
              </value>
            </param>
          </params>
          <reporter-output>
          </reporter-output>
        </test-method> <!-- allFooterAffiliateProgramPage -->
        <test-method is-config="true" signature="setUp()[pri:0, instance:tests.affiliateProgramPageTests.AllPageFirefoxTests@5562c41e]" started-at="2023-08-25T12:25:51 EEST" name="setUp" finished-at="2023-08-25T12:25:51 EEST" duration-ms="0" status="PASS">
          <reporter-output>
          </reporter-output>
        </test-method> <!-- setUp -->
        <test-method signature="partnFooterAffiliateProgramPage(java.lang.String,java.lang.String)[pri:9, instance:tests.affiliateProgramPageTests.AllPageFirefoxTests@5562c41e]" started-at="2023-08-25T12:25:51 EEST" name="partnFooterAffiliateProgramPage" finished-at="2023-08-25T12:25:55 EEST" duration-ms="4966" status="PASS">
          <params>
            <param index="0">
              <value>
                <![CDATA[https://ai-mood.com/en/affiliate-program]]>
              </value>
            </param>
            <param index="1">
              <value>
                <![CDATA[Screenshots/]]>
              </value>
            </param>
          </params>
          <reporter-output>
          </reporter-output>
        </test-method> <!-- partnFooterAffiliateProgramPage -->
        <test-method is-config="true" signature="setUp()[pri:0, instance:tests.affiliateProgramPageTests.AllPageFirefoxTests@5562c41e]" started-at="2023-08-25T12:25:55 EEST" name="setUp" finished-at="2023-08-25T12:25:55 EEST" duration-ms="1" status="PASS">
          <reporter-output>
          </reporter-output>
        </test-method> <!-- setUp -->
        <test-method signature="subFooterAffiliateProgramPage(java.lang.String,java.lang.String)[pri:10, instance:tests.affiliateProgramPageTests.AllPageFirefoxTests@5562c41e]" started-at="2023-08-25T12:25:55 EEST" name="subFooterAffiliateProgramPage" finished-at="2023-08-25T12:26:00 EEST" duration-ms="4934" status="PASS">
          <params>
            <param index="0">
              <value>
                <![CDATA[https://ai-mood.com/en/affiliate-program]]>
              </value>
            </param>
            <param index="1">
              <value>
                <![CDATA[Screenshots/]]>
              </value>
            </param>
          </params>
          <reporter-output>
          </reporter-output>
        </test-method> <!-- subFooterAffiliateProgramPage -->
        <test-method is-config="true" signature="setUp()[pri:0, instance:tests.affiliateProgramPageTests.AllPageFirefoxTests@5562c41e]" started-at="2023-08-25T12:26:00 EEST" name="setUp" finished-at="2023-08-25T12:26:00 EEST" duration-ms="0" status="PASS">
          <reporter-output>
          </reporter-output>
        </test-method> <!-- setUp -->
        <test-method signature="copFooterAffiliateProgramPage(java.lang.String,java.lang.String)[pri:11, instance:tests.affiliateProgramPageTests.AllPageFirefoxTests@5562c41e]" started-at="2023-08-25T12:26:00 EEST" name="copFooterAffiliateProgramPage" finished-at="2023-08-25T12:26:04 EEST" duration-ms="4021" status="PASS">
          <params>
            <param index="0">
              <value>
                <![CDATA[https://ai-mood.com/en/affiliate-program]]>
              </value>
            </param>
            <param index="1">
              <value>
                <![CDATA[Screenshots/]]>
              </value>
            </param>
          </params>
          <reporter-output>
          </reporter-output>
        </test-method> <!-- copFooterAffiliateProgramPage -->
        <test-method is-config="true" signature="tearDown()[pri:0, instance:tests.affiliateProgramPageTests.AllPageFirefoxTests@5562c41e]" started-at="2023-08-25T12:26:04 EEST" name="tearDown" finished-at="2023-08-25T12:26:06 EEST" duration-ms="1352" status="PASS">
          <reporter-output>
          </reporter-output>
        </test-method> <!-- tearDown -->
      </class> <!-- tests.affiliateProgramPageTests.AllPageFirefoxTests -->
      <class name="tests.affiliateProgramPageTests.AllPageChromeTests">
        <test-method is-config="true" signature="setUp()[pri:0, instance:tests.affiliateProgramPageTests.AllPageChromeTests@43dac38f]" started-at="2023-08-25T12:26:06 EEST" name="setUp" finished-at="2023-08-25T12:26:07 EEST" duration-ms="871" status="PASS">
          <reporter-output>
          </reporter-output>
        </test-method> <!-- setUp -->
        <test-method signature="allHeaderAffiliateProgramPage(java.lang.String,java.lang.String)[pri:1, instance:tests.affiliateProgramPageTests.AllPageChromeTests@43dac38f]" started-at="2023-08-25T12:26:07 EEST" name="allHeaderAffiliateProgramPage" finished-at="2023-08-25T12:26:20 EEST" duration-ms="13719" status="PASS">
          <params>
            <param index="0">
              <value>
                <![CDATA[https://ai-mood.com/en/affiliate-program]]>
              </value>
            </param>
            <param index="1">
              <value>
                <![CDATA[Screenshots/]]>
              </value>
            </param>
          </params>
          <reporter-output>
          </reporter-output>
        </test-method> <!-- allHeaderAffiliateProgramPage -->
        <test-method is-config="true" signature="setUp()[pri:0, instance:tests.affiliateProgramPageTests.AllPageChromeTests@43dac38f]" started-at="2023-08-25T12:26:20 EEST" name="setUp" finished-at="2023-08-25T12:26:20 EEST" duration-ms="1" status="PASS">
          <reporter-output>
          </reporter-output>
        </test-method> <!-- setUp -->
        <test-method signature="getStartedHeaderAffiliateProgramPage(java.lang.String,java.lang.String)[pri:2, instance:tests.affiliateProgramPageTests.AllPageChromeTests@43dac38f]" started-at="2023-08-25T12:26:20 EEST" name="getStartedHeaderAffiliateProgramPage" finished-at="2023-08-25T12:26:25 EEST" duration-ms="4461" status="PASS">
          <params>
            <param index="0">
              <value>
                <![CDATA[https://ai-mood.com/en/affiliate-program]]>
              </value>
            </param>
            <param index="1">
              <value>
                <![CDATA[Screenshots/]]>
              </value>
            </param>
          </params>
          <reporter-output>
          </reporter-output>
        </test-method> <!-- getStartedHeaderAffiliateProgramPage -->
        <test-method is-config="true" signature="setUp()[pri:0, instance:tests.affiliateProgramPageTests.AllPageChromeTests@43dac38f]" started-at="2023-08-25T12:26:25 EEST" name="setUp" finished-at="2023-08-25T12:26:25 EEST" duration-ms="0" status="PASS">
          <reporter-output>
          </reporter-output>
        </test-method> <!-- setUp -->
        <test-method signature="learnHeaderAffiliateProgramPage(java.lang.String,java.lang.String)[pri:3, instance:tests.affiliateProgramPageTests.AllPageChromeTests@43dac38f]" started-at="2023-08-25T12:26:25 EEST" name="learnHeaderAffiliateProgramPage" finished-at="2023-08-25T12:26:29 EEST" duration-ms="4388" status="PASS">
          <params>
            <param index="0">
              <value>
                <![CDATA[https://ai-mood.com/en/affiliate-program]]>
              </value>
            </param>
            <param index="1">
              <value>
                <![CDATA[Screenshots/]]>
              </value>
            </param>
          </params>
          <reporter-output>
          </reporter-output>
        </test-method> <!-- learnHeaderAffiliateProgramPage -->
        <test-method signature="resourcesHeaderAffiliateProgramPage(java.lang.String,java.lang.String)[pri:4, instance:tests.affiliateProgramPageTests.AllPageChromeTests@43dac38f]" started-at="2023-08-25T12:26:29 EEST" name="resourcesHeaderAffiliateProgramPage" finished-at="2023-08-25T12:26:34 EEST" duration-ms="4393" status="PASS">
          <params>
            <param index="0">
              <value>
                <![CDATA[https://ai-mood.com/en/affiliate-program]]>
              </value>
            </param>
            <param index="1">
              <value>
                <![CDATA[Screenshots/]]>
              </value>
            </param>
          </params>
          <reporter-output>
          </reporter-output>
        </test-method> <!-- resourcesHeaderAffiliateProgramPage -->
        <test-method is-config="true" signature="setUp()[pri:0, instance:tests.affiliateProgramPageTests.AllPageChromeTests@43dac38f]" started-at="2023-08-25T12:26:29 EEST" name="setUp" finished-at="2023-08-25T12:26:29 EEST" duration-ms="0" status="PASS">
          <reporter-output>
          </reporter-output>
        </test-method> <!-- setUp -->
        <test-method signature="mainSectionAffiliateProgramPage(java.lang.String,java.lang.String)[pri:6, instance:tests.affiliateProgramPageTests.AllPageChromeTests@43dac38f]" started-at="2023-08-25T12:26:34 EEST" name="mainSectionAffiliateProgramPage" finished-at="2023-08-25T12:26:40 EEST" duration-ms="6346" status="PASS">
          <params>
            <param index="0">
              <value>
                <![CDATA[https://ai-mood.com/en/affiliate-program]]>
              </value>
            </param>
            <param index="1">
              <value>
                <![CDATA[Screenshots/]]>
              </value>
            </param>
          </params>
          <reporter-output>
          </reporter-output>
        </test-method> <!-- mainSectionAffiliateProgramPage -->
        <test-method is-config="true" signature="setUp()[pri:0, instance:tests.affiliateProgramPageTests.AllPageChromeTests@43dac38f]" started-at="2023-08-25T12:26:34 EEST" name="setUp" finished-at="2023-08-25T12:26:34 EEST" duration-ms="0" status="PASS">
          <reporter-output>
          </reporter-output>
        </test-method> <!-- setUp -->
        <test-method is-config="true" signature="setUp()[pri:0, instance:tests.affiliateProgramPageTests.AllPageChromeTests@43dac38f]" started-at="2023-08-25T12:26:40 EEST" name="setUp" finished-at="2023-08-25T12:26:40 EEST" duration-ms="0" status="PASS">
          <reporter-output>
          </reporter-output>
        </test-method> <!-- setUp -->
        <test-method signature="affiliateSectionAffiliateProgramPage(java.lang.String,java.lang.String)[pri:7, instance:tests.affiliateProgramPageTests.AllPageChromeTests@43dac38f]" started-at="2023-08-25T12:26:40 EEST" name="affiliateSectionAffiliateProgramPage" finished-at="2023-08-25T12:26:47 EEST" duration-ms="6729" status="PASS">
          <params>
            <param index="0">
              <value>
                <![CDATA[https://ai-mood.com/en/affiliate-program]]>
              </value>
            </param>
            <param index="1">
              <value>
                <![CDATA[Screenshots/]]>
              </value>
            </param>
          </params>
          <reporter-output>
          </reporter-output>
        </test-method> <!-- affiliateSectionAffiliateProgramPage -->
        <test-method signature="allFooterAffiliateProgramPage(java.lang.String,java.lang.String)[pri:8, instance:tests.affiliateProgramPageTests.AllPageChromeTests@43dac38f]" started-at="2023-08-25T12:26:47 EEST" name="allFooterAffiliateProgramPage" finished-at="2023-08-25T12:26:52 EEST" duration-ms="5358" status="PASS">
          <params>
            <param index="0">
              <value>
                <![CDATA[https://ai-mood.com/en/affiliate-program]]>
              </value>
            </param>
            <param index="1">
              <value>
                <![CDATA[Screenshots/]]>
              </value>
            </param>
          </params>
          <reporter-output>
          </reporter-output>
        </test-method> <!-- allFooterAffiliateProgramPage -->
        <test-method is-config="true" signature="setUp()[pri:0, instance:tests.affiliateProgramPageTests.AllPageChromeTests@43dac38f]" started-at="2023-08-25T12:26:47 EEST" name="setUp" finished-at="2023-08-25T12:26:47 EEST" duration-ms="0" status="PASS">
          <reporter-output>
          </reporter-output>
        </test-method> <!-- setUp -->
        <test-method signature="partnFooterAffiliateProgramPage(java.lang.String,java.lang.String)[pri:9, instance:tests.affiliateProgramPageTests.AllPageChromeTests@43dac38f]" started-at="2023-08-25T12:26:52 EEST" name="partnFooterAffiliateProgramPage" finished-at="2023-08-25T12:26:57 EEST" duration-ms="5241" status="PASS">
          <params>
            <param index="0">
              <value>
                <![CDATA[https://ai-mood.com/en/affiliate-program]]>
              </value>
            </param>
            <param index="1">
              <value>
                <![CDATA[Screenshots/]]>
              </value>
            </param>
          </params>
          <reporter-output>
          </reporter-output>
        </test-method> <!-- partnFooterAffiliateProgramPage -->
        <test-method is-config="true" signature="setUp()[pri:0, instance:tests.affiliateProgramPageTests.AllPageChromeTests@43dac38f]" started-at="2023-08-25T12:26:52 EEST" name="setUp" finished-at="2023-08-25T12:26:52 EEST" duration-ms="0" status="PASS">
          <reporter-output>
          </reporter-output>
        </test-method> <!-- setUp -->
        <test-method is-config="true" signature="setUp()[pri:0, instance:tests.affiliateProgramPageTests.AllPageChromeTests@43dac38f]" started-at="2023-08-25T12:26:57 EEST" name="setUp" finished-at="2023-08-25T12:26:57 EEST" duration-ms="1" status="PASS">
          <reporter-output>
          </reporter-output>
        </test-method> <!-- setUp -->
        <test-method signature="subFooterAffiliateProgramPage(java.lang.String,java.lang.String)[pri:10, instance:tests.affiliateProgramPageTests.AllPageChromeTests@43dac38f]" started-at="2023-08-25T12:26:57 EEST" name="subFooterAffiliateProgramPage" finished-at="2023-08-25T12:27:03 EEST" duration-ms="5207" status="PASS">
          <params>
            <param index="0">
              <value>
                <![CDATA[https://ai-mood.com/en/affiliate-program]]>
              </value>
            </param>
            <param index="1">
              <value>
                <![CDATA[Screenshots/]]>
              </value>
            </param>
          </params>
          <reporter-output>
          </reporter-output>
        </test-method> <!-- subFooterAffiliateProgramPage -->
        <test-method signature="copFooterAffiliateProgramPage(java.lang.String,java.lang.String)[pri:11, instance:tests.affiliateProgramPageTests.AllPageChromeTests@43dac38f]" started-at="2023-08-25T12:27:03 EEST" name="copFooterAffiliateProgramPage" finished-at="2023-08-25T12:27:07 EEST" duration-ms="4321" status="PASS">
          <params>
            <param index="0">
              <value>
                <![CDATA[https://ai-mood.com/en/affiliate-program]]>
              </value>
            </param>
            <param index="1">
              <value>
                <![CDATA[Screenshots/]]>
              </value>
            </param>
          </params>
          <reporter-output>
          </reporter-output>
        </test-method> <!-- copFooterAffiliateProgramPage -->
        <test-method is-config="true" signature="setUp()[pri:0, instance:tests.affiliateProgramPageTests.AllPageChromeTests@43dac38f]" started-at="2023-08-25T12:27:03 EEST" name="setUp" finished-at="2023-08-25T12:27:03 EEST" duration-ms="0" status="PASS">
          <reporter-output>
          </reporter-output>
        </test-method> <!-- setUp -->
        <test-method is-config="true" signature="tearDown()[pri:0, instance:tests.affiliateProgramPageTests.AllPageChromeTests@43dac38f]" started-at="2023-08-25T12:27:07 EEST" name="tearDown" finished-at="2023-08-25T12:27:07 EEST" duration-ms="668" status="PASS">
          <reporter-output>
          </reporter-output>
        </test-method> <!-- tearDown -->
      </class> <!-- tests.affiliateProgramPageTests.AllPageChromeTests -->
    </test> <!-- ai-mood - Pixel perfect regression -->
  </suite> <!-- WPT -->
</testng-results>
