<?xml version="1.0" encoding="UTF-8"?>
<testng-results retried="27" ignored="27" total="380" passed="291" failed="35" skipped="0">
  <reporter-output>
  </reporter-output>
  <suite started-at="2023-09-29T15:35:36 EEST" name="WPT" finished-at="2023-09-29T16:17:10 EEST" duration-ms="2494338">
    <groups>
    </groups>
    <test started-at="2023-09-29T15:35:36 EEST" name="ai-mood - Pixel perfect regression" finished-at="2023-09-29T16:17:10 EEST" duration-ms="2494338">
      <class name="tests.accountFundPageTests.AllPageChromeTests">
        <test-method is-config="true" signature="setUp()[pri:0, instance:tests.accountFundPageTests.AllPageChromeTests@38467116]" started-at="2023-09-29T16:10:22 EEST" name="setUp" finished-at="2023-09-29T16:10:23 EEST" duration-ms="835" status="PASS">
          <reporter-output>
          </reporter-output>
        </test-method> <!-- setUp -->
        <test-method signature="signInUser(java.lang.String)[pri:1, instance:tests.accountFundPageTests.AllPageChromeTests@38467116]" started-at="2023-09-29T16:10:23 EEST" name="signInUser" finished-at="2023-09-29T16:10:36 EEST" duration-ms="13313" status="PASS">
          <params>
            <param index="0">
              <value>
                <![CDATA[https://aimood-stage1.intary.net/en/]]>
              </value>
            </param>
          </params>
          <reporter-output>
          </reporter-output>
        </test-method> <!-- signInUser -->
        <test-method signature="allHeaderAccountFundPage(java.lang.String,java.lang.String)[pri:2, instance:tests.accountFundPageTests.AllPageChromeTests@38467116]" started-at="2023-09-29T16:10:36 EEST" name="allHeaderAccountFundPage" finished-at="2023-09-29T16:10:42 EEST" duration-ms="6142" status="PASS">
          <params>
            <param index="0">
              <value>
                <![CDATA[https://aimood-stage1.intary.net/en/account/fund]]>
              </value>
            </param>
            <param index="1">
              <value>
                <![CDATA[Screenshots_St1/]]>
              </value>
            </param>
          </params>
          <reporter-output>
          </reporter-output>
        </test-method> <!-- allHeaderAccountFundPage -->
        <test-method is-config="true" signature="setUp()[pri:0, instance:tests.accountFundPageTests.AllPageChromeTests@38467116]" started-at="2023-09-29T16:10:36 EEST" name="setUp" finished-at="2023-09-29T16:10:36 EEST" duration-ms="0" status="PASS">
          <reporter-output>
          </reporter-output>
        </test-method> <!-- setUp -->
        <test-method signature="getStartedHeaderAccountFundPage(java.lang.String,java.lang.String)[pri:3, instance:tests.accountFundPageTests.AllPageChromeTests@38467116]" started-at="2023-09-29T16:10:42 EEST" name="getStartedHeaderAccountFundPage" finished-at="2023-09-29T16:10:49 EEST" duration-ms="7239" status="PASS">
          <params>
            <param index="0">
              <value>
                <![CDATA[https://aimood-stage1.intary.net/en/account/fund]]>
              </value>
            </param>
            <param index="1">
              <value>
                <![CDATA[Screenshots_St1/]]>
              </value>
            </param>
          </params>
          <reporter-output>
          </reporter-output>
        </test-method> <!-- getStartedHeaderAccountFundPage -->
        <test-method is-config="true" signature="setUp()[pri:0, instance:tests.accountFundPageTests.AllPageChromeTests@38467116]" started-at="2023-09-29T16:10:42 EEST" name="setUp" finished-at="2023-09-29T16:10:42 EEST" duration-ms="0" status="PASS">
          <reporter-output>
          </reporter-output>
        </test-method> <!-- setUp -->
        <test-method signature="learnHeaderAccountFundPage(java.lang.String,java.lang.String)[pri:4, instance:tests.accountFundPageTests.AllPageChromeTests@38467116]" started-at="2023-09-29T16:10:49 EEST" name="learnHeaderAccountFundPage" finished-at="2023-09-29T16:10:57 EEST" duration-ms="7225" status="PASS">
          <params>
            <param index="0">
              <value>
                <![CDATA[https://aimood-stage1.intary.net/en/account/fund]]>
              </value>
            </param>
            <param index="1">
              <value>
                <![CDATA[Screenshots_St1/]]>
              </value>
            </param>
          </params>
          <reporter-output>
          </reporter-output>
        </test-method> <!-- learnHeaderAccountFundPage -->
        <test-method is-config="true" signature="setUp()[pri:0, instance:tests.accountFundPageTests.AllPageChromeTests@38467116]" started-at="2023-09-29T16:10:49 EEST" name="setUp" finished-at="2023-09-29T16:10:49 EEST" duration-ms="0" status="PASS">
          <reporter-output>
          </reporter-output>
        </test-method> <!-- setUp -->
        <test-method signature="resourcesHeaderAccountFundPage(java.lang.String,java.lang.String)[pri:5, instance:tests.accountFundPageTests.AllPageChromeTests@38467116]" started-at="2023-09-29T16:10:57 EEST" name="resourcesHeaderAccountFundPage" finished-at="2023-09-29T16:11:04 EEST" duration-ms="7265" status="PASS">
          <params>
            <param index="0">
              <value>
                <![CDATA[https://aimood-stage1.intary.net/en/account/fund]]>
              </value>
            </param>
            <param index="1">
              <value>
                <![CDATA[Screenshots_St1/]]>
              </value>
            </param>
          </params>
          <reporter-output>
          </reporter-output>
        </test-method> <!-- resourcesHeaderAccountFundPage -->
        <test-method is-config="true" signature="setUp()[pri:0, instance:tests.accountFundPageTests.AllPageChromeTests@38467116]" started-at="2023-09-29T16:10:57 EEST" name="setUp" finished-at="2023-09-29T16:10:57 EEST" duration-ms="0" status="PASS">
          <reporter-output>
          </reporter-output>
        </test-method> <!-- setUp -->
        <test-method signature="notificationsHeaderAccountFundPage(java.lang.String,java.lang.String)[pri:7, instance:tests.accountFundPageTests.AllPageChromeTests@38467116]" started-at="2023-09-29T16:11:04 EEST" name="notificationsHeaderAccountFundPage" finished-at="2023-09-29T16:11:11 EEST" duration-ms="7185" status="PASS">
          <params>
            <param index="0">
              <value>
                <![CDATA[https://aimood-stage1.intary.net/en/account/fund]]>
              </value>
            </param>
            <param index="1">
              <value>
                <![CDATA[Screenshots_St1/]]>
              </value>
            </param>
          </params>
          <reporter-output>
          </reporter-output>
        </test-method> <!-- notificationsHeaderAccountFundPage -->
        <test-method is-config="true" signature="setUp()[pri:0, instance:tests.accountFundPageTests.AllPageChromeTests@38467116]" started-at="2023-09-29T16:11:04 EEST" name="setUp" finished-at="2023-09-29T16:11:04 EEST" duration-ms="0" status="PASS">
          <reporter-output>
          </reporter-output>
        </test-method> <!-- setUp -->
        <test-method signature="profileHeaderAccountFundPage(java.lang.String,java.lang.String)[pri:8, instance:tests.accountFundPageTests.AllPageChromeTests@38467116]" started-at="2023-09-29T16:11:11 EEST" name="profileHeaderAccountFundPage" finished-at="2023-09-29T16:11:18 EEST" duration-ms="7150" status="PASS">
          <params>
            <param index="0">
              <value>
                <![CDATA[https://aimood-stage1.intary.net/en/account/fund]]>
              </value>
            </param>
            <param index="1">
              <value>
                <![CDATA[Screenshots_St1/]]>
              </value>
            </param>
          </params>
          <reporter-output>
          </reporter-output>
        </test-method> <!-- profileHeaderAccountFundPage -->
        <test-method is-config="true" signature="setUp()[pri:0, instance:tests.accountFundPageTests.AllPageChromeTests@38467116]" started-at="2023-09-29T16:11:11 EEST" name="setUp" finished-at="2023-09-29T16:11:11 EEST" duration-ms="0" status="PASS">
          <reporter-output>
          </reporter-output>
        </test-method> <!-- setUp -->
        <test-method retried="true" signature="mainSectionAccountFundPage(java.lang.String,java.lang.String)[pri:9, instance:tests.accountFundPageTests.AllPageChromeTests@38467116]" started-at="2023-09-29T16:11:18 EEST" name="mainSectionAccountFundPage" finished-at="2023-09-29T16:11:25 EEST" duration-ms="6942" status="SKIP">
          <params>
            <param index="0">
              <value>
                <![CDATA[https://aimood-stage1.intary.net/en/account/fund]]>
              </value>
            </param>
            <param index="1">
              <value>
                <![CDATA[Screenshots_St1/]]>
              </value>
            </param>
          </params>
          <exception class="java.lang.AssertionError">
            <message>
              <![CDATA[*** Images are not similar *** expected [true] but found [false]]]>
            </message>
            <full-stacktrace>
              <![CDATA[java.lang.AssertionError: *** Images are not similar *** expected [true] but found [false]
at org.testng.Assert.fail(Assert.java:111)
at org.testng.Assert.failNotEquals(Assert.java:1578)
at org.testng.Assert.assertTrue(Assert.java:57)
at pages.pixel_perfect.PixelPerfectAssert.byElement(PixelPerfectAssert.java:109)
at tests.accountFundPageTests.AllPageChromeTests.mainSectionAccountFundPage(AllPageChromeTests.java:177)
at java.base/jdk.internal.reflect.NativeMethodAccessorImpl.invoke0(Native Method)
at java.base/jdk.internal.reflect.NativeMethodAccessorImpl.invoke(NativeMethodAccessorImpl.java:62)
at java.base/jdk.internal.reflect.DelegatingMethodAccessorImpl.invoke(DelegatingMethodAccessorImpl.java:43)
at java.base/java.lang.reflect.Method.invoke(Method.java:566)
at org.testng.internal.invokers.MethodInvocationHelper.invokeMethod(MethodInvocationHelper.java:139)
at org.testng.internal.invokers.TestInvoker.invokeMethod(TestInvoker.java:664)
at org.testng.internal.invokers.TestInvoker.invokeTestMethod(TestInvoker.java:227)
at org.testng.internal.invokers.MethodRunner.runInSequence(MethodRunner.java:50)
at org.testng.internal.invokers.TestInvoker$MethodInvocationAgent.invoke(TestInvoker.java:957)
at org.testng.internal.invokers.TestInvoker.invokeTestMethods(TestInvoker.java:200)
at org.testng.internal.invokers.TestMethodWorker.invokeTestMethods(TestMethodWorker.java:148)
at org.testng.internal.invokers.TestMethodWorker.run(TestMethodWorker.java:128)
at java.base/java.util.ArrayList.forEach(ArrayList.java:1540)
at org.testng.TestRunner.privateRun(TestRunner.java:848)
at org.testng.TestRunner.run(TestRunner.java:621)
at org.testng.SuiteRunner.runTest(SuiteRunner.java:443)
at org.testng.SuiteRunner.runSequentially(SuiteRunner.java:437)
at org.testng.SuiteRunner.privateRun(SuiteRunner.java:397)
at org.testng.SuiteRunner.run(SuiteRunner.java:336)
at org.testng.SuiteRunnerWorker.runSuite(SuiteRunnerWorker.java:52)
at org.testng.SuiteRunnerWorker.run(SuiteRunnerWorker.java:95)
at org.testng.TestNG.runSuitesSequentially(TestNG.java:1280)
at org.testng.TestNG.runSuitesLocally(TestNG.java:1200)
at org.testng.TestNG.runSuites(TestNG.java:1114)
at org.testng.TestNG.run(TestNG.java:1082)
at org.apache.maven.surefire.testng.TestNGExecutor.run(TestNGExecutor.java:284)
at org.apache.maven.surefire.testng.TestNGXmlTestSuite.execute(TestNGXmlTestSuite.java:75)
at org.apache.maven.surefire.testng.TestNGProvider.invoke(TestNGProvider.java:119)
at org.apache.maven.surefire.booter.ForkedBooter.runSuitesInProcess(ForkedBooter.java:428)
at org.apache.maven.surefire.booter.ForkedBooter.execute(ForkedBooter.java:162)
at org.apache.maven.surefire.booter.ForkedBooter.run(ForkedBooter.java:562)
at org.apache.maven.surefire.booter.ForkedBooter.main(ForkedBooter.java:548)
]]>
            </full-stacktrace>
          </exception> <!-- java.lang.AssertionError -->
          <reporter-output>
          </reporter-output>
        </test-method> <!-- mainSectionAccountFundPage -->
        <test-method is-config="true" signature="setUp()[pri:0, instance:tests.accountFundPageTests.AllPageChromeTests@38467116]" started-at="2023-09-29T16:11:18 EEST" name="setUp" finished-at="2023-09-29T16:11:18 EEST" duration-ms="0" status="PASS">
          <reporter-output>
          </reporter-output>
        </test-method> <!-- setUp -->
        <test-method retried="true" signature="mainSectionAccountFundPage(java.lang.String,java.lang.String)[pri:9, instance:tests.accountFundPageTests.AllPageChromeTests@38467116]" started-at="2023-09-29T16:11:25 EEST" name="mainSectionAccountFundPage" finished-at="2023-09-29T16:11:32 EEST" duration-ms="7058" status="SKIP">
          <params>
            <param index="0">
              <value>
                <![CDATA[https://aimood-stage1.intary.net/en/account/fund]]>
              </value>
            </param>
            <param index="1">
              <value>
                <![CDATA[Screenshots_St1/]]>
              </value>
            </param>
          </params>
          <exception class="java.lang.AssertionError">
            <message>
              <![CDATA[*** Images are not similar *** expected [true] but found [false]]]>
            </message>
            <full-stacktrace>
              <![CDATA[java.lang.AssertionError: *** Images are not similar *** expected [true] but found [false]
at org.testng.Assert.fail(Assert.java:111)
at org.testng.Assert.failNotEquals(Assert.java:1578)
at org.testng.Assert.assertTrue(Assert.java:57)
at pages.pixel_perfect.PixelPerfectAssert.byElement(PixelPerfectAssert.java:109)
at tests.accountFundPageTests.AllPageChromeTests.mainSectionAccountFundPage(AllPageChromeTests.java:177)
at java.base/jdk.internal.reflect.NativeMethodAccessorImpl.invoke0(Native Method)
at java.base/jdk.internal.reflect.NativeMethodAccessorImpl.invoke(NativeMethodAccessorImpl.java:62)
at java.base/jdk.internal.reflect.DelegatingMethodAccessorImpl.invoke(DelegatingMethodAccessorImpl.java:43)
at java.base/java.lang.reflect.Method.invoke(Method.java:566)
at org.testng.internal.invokers.MethodInvocationHelper.invokeMethod(MethodInvocationHelper.java:139)
at org.testng.internal.invokers.TestInvoker.invokeMethod(TestInvoker.java:664)
at org.testng.internal.invokers.TestInvoker.retryFailed(TestInvoker.java:248)
at org.testng.internal.invokers.MethodRunner.runInSequence(MethodRunner.java:62)
at org.testng.internal.invokers.TestInvoker$MethodInvocationAgent.invoke(TestInvoker.java:957)
at org.testng.internal.invokers.TestInvoker.invokeTestMethods(TestInvoker.java:200)
at org.testng.internal.invokers.TestMethodWorker.invokeTestMethods(TestMethodWorker.java:148)
at org.testng.internal.invokers.TestMethodWorker.run(TestMethodWorker.java:128)
at java.base/java.util.ArrayList.forEach(ArrayList.java:1540)
at org.testng.TestRunner.privateRun(TestRunner.java:848)
at org.testng.TestRunner.run(TestRunner.java:621)
at org.testng.SuiteRunner.runTest(SuiteRunner.java:443)
at org.testng.SuiteRunner.runSequentially(SuiteRunner.java:437)
at org.testng.SuiteRunner.privateRun(SuiteRunner.java:397)
at org.testng.SuiteRunner.run(SuiteRunner.java:336)
at org.testng.SuiteRunnerWorker.runSuite(SuiteRunnerWorker.java:52)
at org.testng.SuiteRunnerWorker.run(SuiteRunnerWorker.java:95)
at org.testng.TestNG.runSuitesSequentially(TestNG.java:1280)
at org.testng.TestNG.runSuitesLocally(TestNG.java:1200)
at org.testng.TestNG.runSuites(TestNG.java:1114)
at org.testng.TestNG.run(TestNG.java:1082)
at org.apache.maven.surefire.testng.TestNGExecutor.run(TestNGExecutor.java:284)
at org.apache.maven.surefire.testng.TestNGXmlTestSuite.execute(TestNGXmlTestSuite.java:75)
at org.apache.maven.surefire.testng.TestNGProvider.invoke(TestNGProvider.java:119)
at org.apache.maven.surefire.booter.ForkedBooter.runSuitesInProcess(ForkedBooter.java:428)
at org.apache.maven.surefire.booter.ForkedBooter.execute(ForkedBooter.java:162)
at org.apache.maven.surefire.booter.ForkedBooter.run(ForkedBooter.java:562)
at org.apache.maven.surefire.booter.ForkedBooter.main(ForkedBooter.java:548)
]]>
            </full-stacktrace>
          </exception> <!-- java.lang.AssertionError -->
          <reporter-output>
          </reporter-output>
        </test-method> <!-- mainSectionAccountFundPage -->
        <test-method is-config="true" signature="setUp()[pri:0, instance:tests.accountFundPageTests.AllPageChromeTests@38467116]" started-at="2023-09-29T16:11:25 EEST" name="setUp" finished-at="2023-09-29T16:11:25 EEST" duration-ms="0" status="PASS">
          <reporter-output>
          </reporter-output>
        </test-method> <!-- setUp -->
        <test-method signature="mainSectionAccountFundPage(java.lang.String,java.lang.String)[pri:9, instance:tests.accountFundPageTests.AllPageChromeTests@38467116]" started-at="2023-09-29T16:11:32 EEST" name="mainSectionAccountFundPage" finished-at="2023-09-29T16:11:39 EEST" duration-ms="6921" status="FAIL">
          <params>
            <param index="0">
              <value>
                <![CDATA[https://aimood-stage1.intary.net/en/account/fund]]>
              </value>
            </param>
            <param index="1">
              <value>
                <![CDATA[Screenshots_St1/]]>
              </value>
            </param>
          </params>
          <exception class="java.lang.AssertionError">
            <message>
              <![CDATA[*** Images are not similar *** expected [true] but found [false]]]>
            </message>
            <full-stacktrace>
              <![CDATA[java.lang.AssertionError: *** Images are not similar *** expected [true] but found [false]
at org.testng.Assert.fail(Assert.java:111)
at org.testng.Assert.failNotEquals(Assert.java:1578)
at org.testng.Assert.assertTrue(Assert.java:57)
at pages.pixel_perfect.PixelPerfectAssert.byElement(PixelPerfectAssert.java:109)
at tests.accountFundPageTests.AllPageChromeTests.mainSectionAccountFundPage(AllPageChromeTests.java:177)
at java.base/jdk.internal.reflect.NativeMethodAccessorImpl.invoke0(Native Method)
at java.base/jdk.internal.reflect.NativeMethodAccessorImpl.invoke(NativeMethodAccessorImpl.java:62)
at java.base/jdk.internal.reflect.DelegatingMethodAccessorImpl.invoke(DelegatingMethodAccessorImpl.java:43)
at java.base/java.lang.reflect.Method.invoke(Method.java:566)
at org.testng.internal.invokers.MethodInvocationHelper.invokeMethod(MethodInvocationHelper.java:139)
at org.testng.internal.invokers.TestInvoker.invokeMethod(TestInvoker.java:664)
at org.testng.internal.invokers.TestInvoker.retryFailed(TestInvoker.java:248)
at org.testng.internal.invokers.MethodRunner.runInSequence(MethodRunner.java:62)
at org.testng.internal.invokers.TestInvoker$MethodInvocationAgent.invoke(TestInvoker.java:957)
at org.testng.internal.invokers.TestInvoker.invokeTestMethods(TestInvoker.java:200)
at org.testng.internal.invokers.TestMethodWorker.invokeTestMethods(TestMethodWorker.java:148)
at org.testng.internal.invokers.TestMethodWorker.run(TestMethodWorker.java:128)
at java.base/java.util.ArrayList.forEach(ArrayList.java:1540)
at org.testng.TestRunner.privateRun(TestRunner.java:848)
at org.testng.TestRunner.run(TestRunner.java:621)
at org.testng.SuiteRunner.runTest(SuiteRunner.java:443)
at org.testng.SuiteRunner.runSequentially(SuiteRunner.java:437)
at org.testng.SuiteRunner.privateRun(SuiteRunner.java:397)
at org.testng.SuiteRunner.run(SuiteRunner.java:336)
at org.testng.SuiteRunnerWorker.runSuite(SuiteRunnerWorker.java:52)
at org.testng.SuiteRunnerWorker.run(SuiteRunnerWorker.java:95)
at org.testng.TestNG.runSuitesSequentially(TestNG.java:1280)
at org.testng.TestNG.runSuitesLocally(TestNG.java:1200)
at org.testng.TestNG.runSuites(TestNG.java:1114)
at org.testng.TestNG.run(TestNG.java:1082)
at org.apache.maven.surefire.testng.TestNGExecutor.run(TestNGExecutor.java:284)
at org.apache.maven.surefire.testng.TestNGXmlTestSuite.execute(TestNGXmlTestSuite.java:75)
at org.apache.maven.surefire.testng.TestNGProvider.invoke(TestNGProvider.java:119)
at org.apache.maven.surefire.booter.ForkedBooter.runSuitesInProcess(ForkedBooter.java:428)
at org.apache.maven.surefire.booter.ForkedBooter.execute(ForkedBooter.java:162)
at org.apache.maven.surefire.booter.ForkedBooter.run(ForkedBooter.java:562)
at org.apache.maven.surefire.booter.ForkedBooter.main(ForkedBooter.java:548)
]]>
            </full-stacktrace>
          </exception> <!-- java.lang.AssertionError -->
          <reporter-output>
          </reporter-output>
        </test-method> <!-- mainSectionAccountFundPage -->
        <test-method is-config="true" signature="setUp()[pri:0, instance:tests.accountFundPageTests.AllPageChromeTests@38467116]" started-at="2023-09-29T16:11:32 EEST" name="setUp" finished-at="2023-09-29T16:11:32 EEST" duration-ms="0" status="PASS">
          <reporter-output>
          </reporter-output>
        </test-method> <!-- setUp -->
        <test-method signature="allFooterAccountFundPage(java.lang.String,java.lang.String)[pri:10, instance:tests.accountFundPageTests.AllPageChromeTests@38467116]" started-at="2023-09-29T16:11:39 EEST" name="allFooterAccountFundPage" finished-at="2023-09-29T16:11:47 EEST" duration-ms="8287" status="PASS">
          <params>
            <param index="0">
              <value>
                <![CDATA[https://aimood-stage1.intary.net/en/account/fund]]>
              </value>
            </param>
            <param index="1">
              <value>
                <![CDATA[Screenshots_St1/]]>
              </value>
            </param>
          </params>
          <reporter-output>
          </reporter-output>
        </test-method> <!-- allFooterAccountFundPage -->
        <test-method is-config="true" signature="setUp()[pri:0, instance:tests.accountFundPageTests.AllPageChromeTests@38467116]" started-at="2023-09-29T16:11:39 EEST" name="setUp" finished-at="2023-09-29T16:11:39 EEST" duration-ms="0" status="PASS">
          <reporter-output>
          </reporter-output>
        </test-method> <!-- setUp -->
        <test-method is-config="true" signature="tearDown()[pri:0, instance:tests.accountFundPageTests.AllPageChromeTests@38467116]" started-at="2023-09-29T16:11:47 EEST" name="tearDown" finished-at="2023-09-29T16:11:48 EEST" duration-ms="684" status="PASS">
          <reporter-output>
          </reporter-output>
        </test-method> <!-- tearDown -->
      </class> <!-- tests.accountFundPageTests.AllPageChromeTests -->
      <class name="tests.marketPlacePageTests.AllPageFirefoxTests">
        <test-method is-config="true" signature="setUp()[pri:0, instance:tests.marketPlacePageTests.AllPageFirefoxTests@5965d37]" started-at="2023-09-29T15:38:52 EEST" name="setUp" finished-at="2023-09-29T15:38:55 EEST" duration-ms="2646" status="PASS">
          <reporter-output>
          </reporter-output>
        </test-method> <!-- setUp -->
        <test-method signature="allHeaderMarketPlacePage(java.lang.String,java.lang.String)[pri:1, instance:tests.marketPlacePageTests.AllPageFirefoxTests@5965d37]" started-at="2023-09-29T15:38:55 EEST" name="allHeaderMarketPlacePage" finished-at="2023-09-29T15:39:05 EEST" duration-ms="10144" status="PASS">
          <params>
            <param index="0">
              <value>
                <![CDATA[https://aimood-stage1.intary.net/en/market-place]]>
              </value>
            </param>
            <param index="1">
              <value>
                <![CDATA[Screenshots_St1/]]>
              </value>
            </param>
          </params>
          <reporter-output>
          </reporter-output>
        </test-method> <!-- allHeaderMarketPlacePage -->
        <test-method signature="getStartedHeaderMarketPlacePage(java.lang.String,java.lang.String)[pri:2, instance:tests.marketPlacePageTests.AllPageFirefoxTests@5965d37]" started-at="2023-09-29T15:39:05 EEST" name="getStartedHeaderMarketPlacePage" finished-at="2023-09-29T15:39:11 EEST" duration-ms="6221" status="PASS">
          <params>
            <param index="0">
              <value>
                <![CDATA[https://aimood-stage1.intary.net/en/market-place]]>
              </value>
            </param>
            <param index="1">
              <value>
                <![CDATA[Screenshots_St1/]]>
              </value>
            </param>
          </params>
          <reporter-output>
          </reporter-output>
        </test-method> <!-- getStartedHeaderMarketPlacePage -->
        <test-method is-config="true" signature="setUp()[pri:0, instance:tests.marketPlacePageTests.AllPageFirefoxTests@5965d37]" started-at="2023-09-29T15:39:05 EEST" name="setUp" finished-at="2023-09-29T15:39:05 EEST" duration-ms="0" status="PASS">
          <reporter-output>
          </reporter-output>
        </test-method> <!-- setUp -->
        <test-method is-config="true" signature="setUp()[pri:0, instance:tests.marketPlacePageTests.AllPageFirefoxTests@5965d37]" started-at="2023-09-29T15:39:11 EEST" name="setUp" finished-at="2023-09-29T15:39:11 EEST" duration-ms="0" status="PASS">
          <reporter-output>
          </reporter-output>
        </test-method> <!-- setUp -->
        <test-method signature="learnHeaderMarketPlacePage(java.lang.String,java.lang.String)[pri:3, instance:tests.marketPlacePageTests.AllPageFirefoxTests@5965d37]" started-at="2023-09-29T15:39:11 EEST" name="learnHeaderMarketPlacePage" finished-at="2023-09-29T15:39:17 EEST" duration-ms="6118" status="PASS">
          <params>
            <param index="0">
              <value>
                <![CDATA[https://aimood-stage1.intary.net/en/market-place]]>
              </value>
            </param>
            <param index="1">
              <value>
                <![CDATA[Screenshots_St1/]]>
              </value>
            </param>
          </params>
          <reporter-output>
          </reporter-output>
        </test-method> <!-- learnHeaderMarketPlacePage -->
        <test-method signature="resourcesHeaderMarketPlacePage(java.lang.String,java.lang.String)[pri:4, instance:tests.marketPlacePageTests.AllPageFirefoxTests@5965d37]" started-at="2023-09-29T15:39:17 EEST" name="resourcesHeaderMarketPlacePage" finished-at="2023-09-29T15:39:23 EEST" duration-ms="6054" status="PASS">
          <params>
            <param index="0">
              <value>
                <![CDATA[https://aimood-stage1.intary.net/en/market-place]]>
              </value>
            </param>
            <param index="1">
              <value>
                <![CDATA[Screenshots_St1/]]>
              </value>
            </param>
          </params>
          <reporter-output>
          </reporter-output>
        </test-method> <!-- resourcesHeaderMarketPlacePage -->
        <test-method is-config="true" signature="setUp()[pri:0, instance:tests.marketPlacePageTests.AllPageFirefoxTests@5965d37]" started-at="2023-09-29T15:39:17 EEST" name="setUp" finished-at="2023-09-29T15:39:17 EEST" duration-ms="0" status="PASS">
          <reporter-output>
          </reporter-output>
        </test-method> <!-- setUp -->
        <test-method signature="mainSectionMarketPlacePage(java.lang.String,java.lang.String)[pri:6, instance:tests.marketPlacePageTests.AllPageFirefoxTests@5965d37]" started-at="2023-09-29T15:39:23 EEST" name="mainSectionMarketPlacePage" finished-at="2023-09-29T15:39:30 EEST" duration-ms="6991" status="PASS">
          <params>
            <param index="0">
              <value>
                <![CDATA[https://aimood-stage1.intary.net/en/market-place]]>
              </value>
            </param>
            <param index="1">
              <value>
                <![CDATA[Screenshots_St1/]]>
              </value>
            </param>
          </params>
          <reporter-output>
          </reporter-output>
        </test-method> <!-- mainSectionMarketPlacePage -->
        <test-method is-config="true" signature="setUp()[pri:0, instance:tests.marketPlacePageTests.AllPageFirefoxTests@5965d37]" started-at="2023-09-29T15:39:23 EEST" name="setUp" finished-at="2023-09-29T15:39:23 EEST" duration-ms="0" status="PASS">
          <reporter-output>
          </reporter-output>
        </test-method> <!-- setUp -->
        <test-method signature="statisticsSectionMarketPlacePage(java.lang.String,java.lang.String)[pri:7, instance:tests.marketPlacePageTests.AllPageFirefoxTests@5965d37]" started-at="2023-09-29T15:39:30 EEST" name="statisticsSectionMarketPlacePage" finished-at="2023-09-29T15:39:37 EEST" duration-ms="6504" status="PASS">
          <params>
            <param index="0">
              <value>
                <![CDATA[https://aimood-stage1.intary.net/en/market-place]]>
              </value>
            </param>
            <param index="1">
              <value>
                <![CDATA[Screenshots_St1/]]>
              </value>
            </param>
          </params>
          <reporter-output>
          </reporter-output>
        </test-method> <!-- statisticsSectionMarketPlacePage -->
        <test-method is-config="true" signature="setUp()[pri:0, instance:tests.marketPlacePageTests.AllPageFirefoxTests@5965d37]" started-at="2023-09-29T15:39:30 EEST" name="setUp" finished-at="2023-09-29T15:39:30 EEST" duration-ms="0" status="PASS">
          <reporter-output>
          </reporter-output>
        </test-method> <!-- setUp -->
        <test-method is-config="true" signature="setUp()[pri:0, instance:tests.marketPlacePageTests.AllPageFirefoxTests@5965d37]" started-at="2023-09-29T15:39:37 EEST" name="setUp" finished-at="2023-09-29T15:39:37 EEST" duration-ms="1" status="PASS">
          <reporter-output>
          </reporter-output>
        </test-method> <!-- setUp -->
        <test-method signature="allFooterMarketPlacePage(java.lang.String,java.lang.String)[pri:8, instance:tests.marketPlacePageTests.AllPageFirefoxTests@5965d37]" started-at="2023-09-29T15:39:37 EEST" name="allFooterMarketPlacePage" finished-at="2023-09-29T15:39:43 EEST" duration-ms="6201" status="PASS">
          <params>
            <param index="0">
              <value>
                <![CDATA[https://aimood-stage1.intary.net/en/market-place]]>
              </value>
            </param>
            <param index="1">
              <value>
                <![CDATA[Screenshots_St1/]]>
              </value>
            </param>
          </params>
          <reporter-output>
          </reporter-output>
        </test-method> <!-- allFooterMarketPlacePage -->
        <test-method is-config="true" signature="tearDown()[pri:0, instance:tests.marketPlacePageTests.AllPageFirefoxTests@5965d37]" started-at="2023-09-29T15:39:43 EEST" name="tearDown" finished-at="2023-09-29T15:39:45 EEST" duration-ms="1861" status="PASS">
          <reporter-output>
          </reporter-output>
        </test-method> <!-- tearDown -->
      </class> <!-- tests.marketPlacePageTests.AllPageFirefoxTests -->
      <class name="tests.accountDashboardPageTests.AllPageFirefoxTests">
        <test-method is-config="true" signature="setUp()[pri:0, instance:tests.accountDashboardPageTests.AllPageFirefoxTests@5b7a7f33]" started-at="2023-09-29T16:11:48 EEST" name="setUp" finished-at="2023-09-29T16:11:51 EEST" duration-ms="2775" status="PASS">
          <reporter-output>
          </reporter-output>
        </test-method> <!-- setUp -->
        <test-method signature="signInUser(java.lang.String)[pri:1, instance:tests.accountDashboardPageTests.AllPageFirefoxTests@5b7a7f33]" started-at="2023-09-29T16:11:51 EEST" name="signInUser" finished-at="2023-09-29T16:12:02 EEST" duration-ms="10989" status="PASS">
          <params>
            <param index="0">
              <value>
                <![CDATA[https://aimood-stage1.intary.net/en/]]>
              </value>
            </param>
          </params>
          <reporter-output>
          </reporter-output>
        </test-method> <!-- signInUser -->
        <test-method signature="allHeaderAccountDashboardPage(java.lang.String,java.lang.String)[pri:2, instance:tests.accountDashboardPageTests.AllPageFirefoxTests@5b7a7f33]" started-at="2023-09-29T16:12:02 EEST" name="allHeaderAccountDashboardPage" finished-at="2023-09-29T16:12:08 EEST" duration-ms="6004" status="PASS">
          <params>
            <param index="0">
              <value>
                <![CDATA[https://aimood-stage1.intary.net/en/account/dashboard]]>
              </value>
            </param>
            <param index="1">
              <value>
                <![CDATA[Screenshots_St1/]]>
              </value>
            </param>
          </params>
          <reporter-output>
          </reporter-output>
        </test-method> <!-- allHeaderAccountDashboardPage -->
        <test-method is-config="true" signature="setUp()[pri:0, instance:tests.accountDashboardPageTests.AllPageFirefoxTests@5b7a7f33]" started-at="2023-09-29T16:12:02 EEST" name="setUp" finished-at="2023-09-29T16:12:02 EEST" duration-ms="0" status="PASS">
          <reporter-output>
          </reporter-output>
        </test-method> <!-- setUp -->
        <test-method signature="getStartedHeaderAccountDashboardPage(java.lang.String,java.lang.String)[pri:3, instance:tests.accountDashboardPageTests.AllPageFirefoxTests@5b7a7f33]" started-at="2023-09-29T16:12:08 EEST" name="getStartedHeaderAccountDashboardPage" finished-at="2023-09-29T16:12:15 EEST" duration-ms="6980" status="PASS">
          <params>
            <param index="0">
              <value>
                <![CDATA[https://aimood-stage1.intary.net/en/account/dashboard]]>
              </value>
            </param>
            <param index="1">
              <value>
                <![CDATA[Screenshots_St1/]]>
              </value>
            </param>
          </params>
          <reporter-output>
          </reporter-output>
        </test-method> <!-- getStartedHeaderAccountDashboardPage -->
        <test-method is-config="true" signature="setUp()[pri:0, instance:tests.accountDashboardPageTests.AllPageFirefoxTests@5b7a7f33]" started-at="2023-09-29T16:12:08 EEST" name="setUp" finished-at="2023-09-29T16:12:08 EEST" duration-ms="0" status="PASS">
          <reporter-output>
          </reporter-output>
        </test-method> <!-- setUp -->
        <test-method signature="learnHeaderAccountDashboardPage(java.lang.String,java.lang.String)[pri:4, instance:tests.accountDashboardPageTests.AllPageFirefoxTests@5b7a7f33]" started-at="2023-09-29T16:12:15 EEST" name="learnHeaderAccountDashboardPage" finished-at="2023-09-29T16:12:22 EEST" duration-ms="6947" status="PASS">
          <params>
            <param index="0">
              <value>
                <![CDATA[https://aimood-stage1.intary.net/en/account/dashboard]]>
              </value>
            </param>
            <param index="1">
              <value>
                <![CDATA[Screenshots_St1/]]>
              </value>
            </param>
          </params>
          <reporter-output>
          </reporter-output>
        </test-method> <!-- learnHeaderAccountDashboardPage -->
        <test-method is-config="true" signature="setUp()[pri:0, instance:tests.accountDashboardPageTests.AllPageFirefoxTests@5b7a7f33]" started-at="2023-09-29T16:12:15 EEST" name="setUp" finished-at="2023-09-29T16:12:15 EEST" duration-ms="0" status="PASS">
          <reporter-output>
          </reporter-output>
        </test-method> <!-- setUp -->
        <test-method signature="resourcesHeaderAccountDashboardPage(java.lang.String,java.lang.String)[pri:5, instance:tests.accountDashboardPageTests.AllPageFirefoxTests@5b7a7f33]" started-at="2023-09-29T16:12:22 EEST" name="resourcesHeaderAccountDashboardPage" finished-at="2023-09-29T16:12:29 EEST" duration-ms="7305" status="PASS">
          <params>
            <param index="0">
              <value>
                <![CDATA[https://aimood-stage1.intary.net/en/account/dashboard]]>
              </value>
            </param>
            <param index="1">
              <value>
                <![CDATA[Screenshots_St1/]]>
              </value>
            </param>
          </params>
          <reporter-output>
          </reporter-output>
        </test-method> <!-- resourcesHeaderAccountDashboardPage -->
        <test-method is-config="true" signature="setUp()[pri:0, instance:tests.accountDashboardPageTests.AllPageFirefoxTests@5b7a7f33]" started-at="2023-09-29T16:12:22 EEST" name="setUp" finished-at="2023-09-29T16:12:22 EEST" duration-ms="0" status="PASS">
          <reporter-output>
          </reporter-output>
        </test-method> <!-- setUp -->
        <test-method signature="notificationsHeaderAccountDashboardPage(java.lang.String,java.lang.String)[pri:7, instance:tests.accountDashboardPageTests.AllPageFirefoxTests@5b7a7f33]" started-at="2023-09-29T16:12:29 EEST" name="notificationsHeaderAccountDashboardPage" finished-at="2023-09-29T16:12:36 EEST" duration-ms="7209" status="PASS">
          <params>
            <param index="0">
              <value>
                <![CDATA[https://aimood-stage1.intary.net/en/account/dashboard]]>
              </value>
            </param>
            <param index="1">
              <value>
                <![CDATA[Screenshots_St1/]]>
              </value>
            </param>
          </params>
          <reporter-output>
          </reporter-output>
        </test-method> <!-- notificationsHeaderAccountDashboardPage -->
        <test-method is-config="true" signature="setUp()[pri:0, instance:tests.accountDashboardPageTests.AllPageFirefoxTests@5b7a7f33]" started-at="2023-09-29T16:12:29 EEST" name="setUp" finished-at="2023-09-29T16:12:29 EEST" duration-ms="0" status="PASS">
          <reporter-output>
          </reporter-output>
        </test-method> <!-- setUp -->
        <test-method signature="profileHeaderAccountDashboardPage(java.lang.String,java.lang.String)[pri:8, instance:tests.accountDashboardPageTests.AllPageFirefoxTests@5b7a7f33]" started-at="2023-09-29T16:12:36 EEST" name="profileHeaderAccountDashboardPage" finished-at="2023-09-29T16:12:43 EEST" duration-ms="7072" status="PASS">
          <params>
            <param index="0">
              <value>
                <![CDATA[https://aimood-stage1.intary.net/en/account/dashboard]]>
              </value>
            </param>
            <param index="1">
              <value>
                <![CDATA[Screenshots_St1/]]>
              </value>
            </param>
          </params>
          <reporter-output>
          </reporter-output>
        </test-method> <!-- profileHeaderAccountDashboardPage -->
        <test-method is-config="true" signature="setUp()[pri:0, instance:tests.accountDashboardPageTests.AllPageFirefoxTests@5b7a7f33]" started-at="2023-09-29T16:12:36 EEST" name="setUp" finished-at="2023-09-29T16:12:36 EEST" duration-ms="0" status="PASS">
          <reporter-output>
          </reporter-output>
        </test-method> <!-- setUp -->
        <test-method retried="true" signature="mainSectionAccountDashboardPage(java.lang.String,java.lang.String)[pri:9, instance:tests.accountDashboardPageTests.AllPageFirefoxTests@5b7a7f33]" started-at="2023-09-29T16:12:43 EEST" name="mainSectionAccountDashboardPage" finished-at="2023-09-29T16:12:50 EEST" duration-ms="6886" status="SKIP">
          <params>
            <param index="0">
              <value>
                <![CDATA[https://aimood-stage1.intary.net/en/account/dashboard]]>
              </value>
            </param>
            <param index="1">
              <value>
                <![CDATA[Screenshots_St1/]]>
              </value>
            </param>
          </params>
          <exception class="java.lang.AssertionError">
            <message>
              <![CDATA[*** Images are not similar *** expected [true] but found [false]]]>
            </message>
            <full-stacktrace>
              <![CDATA[java.lang.AssertionError: *** Images are not similar *** expected [true] but found [false]
at org.testng.Assert.fail(Assert.java:111)
at org.testng.Assert.failNotEquals(Assert.java:1578)
at org.testng.Assert.assertTrue(Assert.java:57)
at pages.pixel_perfect.PixelPerfectAssert.byElement(PixelPerfectAssert.java:109)
at tests.accountDashboardPageTests.AllPageFirefoxTests.mainSectionAccountDashboardPage(AllPageFirefoxTests.java:177)
at java.base/jdk.internal.reflect.NativeMethodAccessorImpl.invoke0(Native Method)
at java.base/jdk.internal.reflect.NativeMethodAccessorImpl.invoke(NativeMethodAccessorImpl.java:62)
at java.base/jdk.internal.reflect.DelegatingMethodAccessorImpl.invoke(DelegatingMethodAccessorImpl.java:43)
at java.base/java.lang.reflect.Method.invoke(Method.java:566)
at org.testng.internal.invokers.MethodInvocationHelper.invokeMethod(MethodInvocationHelper.java:139)
at org.testng.internal.invokers.TestInvoker.invokeMethod(TestInvoker.java:664)
at org.testng.internal.invokers.TestInvoker.invokeTestMethod(TestInvoker.java:227)
at org.testng.internal.invokers.MethodRunner.runInSequence(MethodRunner.java:50)
at org.testng.internal.invokers.TestInvoker$MethodInvocationAgent.invoke(TestInvoker.java:957)
at org.testng.internal.invokers.TestInvoker.invokeTestMethods(TestInvoker.java:200)
at org.testng.internal.invokers.TestMethodWorker.invokeTestMethods(TestMethodWorker.java:148)
at org.testng.internal.invokers.TestMethodWorker.run(TestMethodWorker.java:128)
at java.base/java.util.ArrayList.forEach(ArrayList.java:1540)
at org.testng.TestRunner.privateRun(TestRunner.java:848)
at org.testng.TestRunner.run(TestRunner.java:621)
at org.testng.SuiteRunner.runTest(SuiteRunner.java:443)
at org.testng.SuiteRunner.runSequentially(SuiteRunner.java:437)
at org.testng.SuiteRunner.privateRun(SuiteRunner.java:397)
at org.testng.SuiteRunner.run(SuiteRunner.java:336)
at org.testng.SuiteRunnerWorker.runSuite(SuiteRunnerWorker.java:52)
at org.testng.SuiteRunnerWorker.run(SuiteRunnerWorker.java:95)
at org.testng.TestNG.runSuitesSequentially(TestNG.java:1280)
at org.testng.TestNG.runSuitesLocally(TestNG.java:1200)
at org.testng.TestNG.runSuites(TestNG.java:1114)
at org.testng.TestNG.run(TestNG.java:1082)
at org.apache.maven.surefire.testng.TestNGExecutor.run(TestNGExecutor.java:284)
at org.apache.maven.surefire.testng.TestNGXmlTestSuite.execute(TestNGXmlTestSuite.java:75)
at org.apache.maven.surefire.testng.TestNGProvider.invoke(TestNGProvider.java:119)
at org.apache.maven.surefire.booter.ForkedBooter.runSuitesInProcess(ForkedBooter.java:428)
at org.apache.maven.surefire.booter.ForkedBooter.execute(ForkedBooter.java:162)
at org.apache.maven.surefire.booter.ForkedBooter.run(ForkedBooter.java:562)
at org.apache.maven.surefire.booter.ForkedBooter.main(ForkedBooter.java:548)
]]>
            </full-stacktrace>
          </exception> <!-- java.lang.AssertionError -->
          <reporter-output>
          </reporter-output>
        </test-method> <!-- mainSectionAccountDashboardPage -->
        <test-method is-config="true" signature="setUp()[pri:0, instance:tests.accountDashboardPageTests.AllPageFirefoxTests@5b7a7f33]" started-at="2023-09-29T16:12:43 EEST" name="setUp" finished-at="2023-09-29T16:12:43 EEST" duration-ms="0" status="PASS">
          <reporter-output>
          </reporter-output>
        </test-method> <!-- setUp -->
        <test-method retried="true" signature="mainSectionAccountDashboardPage(java.lang.String,java.lang.String)[pri:9, instance:tests.accountDashboardPageTests.AllPageFirefoxTests@5b7a7f33]" started-at="2023-09-29T16:12:50 EEST" name="mainSectionAccountDashboardPage" finished-at="2023-09-29T16:12:57 EEST" duration-ms="6915" status="SKIP">
          <params>
            <param index="0">
              <value>
                <![CDATA[https://aimood-stage1.intary.net/en/account/dashboard]]>
              </value>
            </param>
            <param index="1">
              <value>
                <![CDATA[Screenshots_St1/]]>
              </value>
            </param>
          </params>
          <exception class="java.lang.AssertionError">
            <message>
              <![CDATA[*** Images are not similar *** expected [true] but found [false]]]>
            </message>
            <full-stacktrace>
              <![CDATA[java.lang.AssertionError: *** Images are not similar *** expected [true] but found [false]
at org.testng.Assert.fail(Assert.java:111)
at org.testng.Assert.failNotEquals(Assert.java:1578)
at org.testng.Assert.assertTrue(Assert.java:57)
at pages.pixel_perfect.PixelPerfectAssert.byElement(PixelPerfectAssert.java:109)
at tests.accountDashboardPageTests.AllPageFirefoxTests.mainSectionAccountDashboardPage(AllPageFirefoxTests.java:177)
at java.base/jdk.internal.reflect.NativeMethodAccessorImpl.invoke0(Native Method)
at java.base/jdk.internal.reflect.NativeMethodAccessorImpl.invoke(NativeMethodAccessorImpl.java:62)
at java.base/jdk.internal.reflect.DelegatingMethodAccessorImpl.invoke(DelegatingMethodAccessorImpl.java:43)
at java.base/java.lang.reflect.Method.invoke(Method.java:566)
at org.testng.internal.invokers.MethodInvocationHelper.invokeMethod(MethodInvocationHelper.java:139)
at org.testng.internal.invokers.TestInvoker.invokeMethod(TestInvoker.java:664)
at org.testng.internal.invokers.TestInvoker.retryFailed(TestInvoker.java:248)
at org.testng.internal.invokers.MethodRunner.runInSequence(MethodRunner.java:62)
at org.testng.internal.invokers.TestInvoker$MethodInvocationAgent.invoke(TestInvoker.java:957)
at org.testng.internal.invokers.TestInvoker.invokeTestMethods(TestInvoker.java:200)
at org.testng.internal.invokers.TestMethodWorker.invokeTestMethods(TestMethodWorker.java:148)
at org.testng.internal.invokers.TestMethodWorker.run(TestMethodWorker.java:128)
at java.base/java.util.ArrayList.forEach(ArrayList.java:1540)
at org.testng.TestRunner.privateRun(TestRunner.java:848)
at org.testng.TestRunner.run(TestRunner.java:621)
at org.testng.SuiteRunner.runTest(SuiteRunner.java:443)
at org.testng.SuiteRunner.runSequentially(SuiteRunner.java:437)
at org.testng.SuiteRunner.privateRun(SuiteRunner.java:397)
at org.testng.SuiteRunner.run(SuiteRunner.java:336)
at org.testng.SuiteRunnerWorker.runSuite(SuiteRunnerWorker.java:52)
at org.testng.SuiteRunnerWorker.run(SuiteRunnerWorker.java:95)
at org.testng.TestNG.runSuitesSequentially(TestNG.java:1280)
at org.testng.TestNG.runSuitesLocally(TestNG.java:1200)
at org.testng.TestNG.runSuites(TestNG.java:1114)
at org.testng.TestNG.run(TestNG.java:1082)
at org.apache.maven.surefire.testng.TestNGExecutor.run(TestNGExecutor.java:284)
at org.apache.maven.surefire.testng.TestNGXmlTestSuite.execute(TestNGXmlTestSuite.java:75)
at org.apache.maven.surefire.testng.TestNGProvider.invoke(TestNGProvider.java:119)
at org.apache.maven.surefire.booter.ForkedBooter.runSuitesInProcess(ForkedBooter.java:428)
at org.apache.maven.surefire.booter.ForkedBooter.execute(ForkedBooter.java:162)
at org.apache.maven.surefire.booter.ForkedBooter.run(ForkedBooter.java:562)
at org.apache.maven.surefire.booter.ForkedBooter.main(ForkedBooter.java:548)
]]>
            </full-stacktrace>
          </exception> <!-- java.lang.AssertionError -->
          <reporter-output>
          </reporter-output>
        </test-method> <!-- mainSectionAccountDashboardPage -->
        <test-method is-config="true" signature="setUp()[pri:0, instance:tests.accountDashboardPageTests.AllPageFirefoxTests@5b7a7f33]" started-at="2023-09-29T16:12:50 EEST" name="setUp" finished-at="2023-09-29T16:12:50 EEST" duration-ms="0" status="PASS">
          <reporter-output>
          </reporter-output>
        </test-method> <!-- setUp -->
        <test-method signature="mainSectionAccountDashboardPage(java.lang.String,java.lang.String)[pri:9, instance:tests.accountDashboardPageTests.AllPageFirefoxTests@5b7a7f33]" started-at="2023-09-29T16:12:57 EEST" name="mainSectionAccountDashboardPage" finished-at="2023-09-29T16:13:04 EEST" duration-ms="6888" status="FAIL">
          <params>
            <param index="0">
              <value>
                <![CDATA[https://aimood-stage1.intary.net/en/account/dashboard]]>
              </value>
            </param>
            <param index="1">
              <value>
                <![CDATA[Screenshots_St1/]]>
              </value>
            </param>
          </params>
          <exception class="java.lang.AssertionError">
            <message>
              <![CDATA[*** Images are not similar *** expected [true] but found [false]]]>
            </message>
            <full-stacktrace>
              <![CDATA[java.lang.AssertionError: *** Images are not similar *** expected [true] but found [false]
at org.testng.Assert.fail(Assert.java:111)
at org.testng.Assert.failNotEquals(Assert.java:1578)
at org.testng.Assert.assertTrue(Assert.java:57)
at pages.pixel_perfect.PixelPerfectAssert.byElement(PixelPerfectAssert.java:109)
at tests.accountDashboardPageTests.AllPageFirefoxTests.mainSectionAccountDashboardPage(AllPageFirefoxTests.java:177)
at java.base/jdk.internal.reflect.NativeMethodAccessorImpl.invoke0(Native Method)
at java.base/jdk.internal.reflect.NativeMethodAccessorImpl.invoke(NativeMethodAccessorImpl.java:62)
at java.base/jdk.internal.reflect.DelegatingMethodAccessorImpl.invoke(DelegatingMethodAccessorImpl.java:43)
at java.base/java.lang.reflect.Method.invoke(Method.java:566)
at org.testng.internal.invokers.MethodInvocationHelper.invokeMethod(MethodInvocationHelper.java:139)
at org.testng.internal.invokers.TestInvoker.invokeMethod(TestInvoker.java:664)
at org.testng.internal.invokers.TestInvoker.retryFailed(TestInvoker.java:248)
at org.testng.internal.invokers.MethodRunner.runInSequence(MethodRunner.java:62)
at org.testng.internal.invokers.TestInvoker$MethodInvocationAgent.invoke(TestInvoker.java:957)
at org.testng.internal.invokers.TestInvoker.invokeTestMethods(TestInvoker.java:200)
at org.testng.internal.invokers.TestMethodWorker.invokeTestMethods(TestMethodWorker.java:148)
at org.testng.internal.invokers.TestMethodWorker.run(TestMethodWorker.java:128)
at java.base/java.util.ArrayList.forEach(ArrayList.java:1540)
at org.testng.TestRunner.privateRun(TestRunner.java:848)
at org.testng.TestRunner.run(TestRunner.java:621)
at org.testng.SuiteRunner.runTest(SuiteRunner.java:443)
at org.testng.SuiteRunner.runSequentially(SuiteRunner.java:437)
at org.testng.SuiteRunner.privateRun(SuiteRunner.java:397)
at org.testng.SuiteRunner.run(SuiteRunner.java:336)
at org.testng.SuiteRunnerWorker.runSuite(SuiteRunnerWorker.java:52)
at org.testng.SuiteRunnerWorker.run(SuiteRunnerWorker.java:95)
at org.testng.TestNG.runSuitesSequentially(TestNG.java:1280)
at org.testng.TestNG.runSuitesLocally(TestNG.java:1200)
at org.testng.TestNG.runSuites(TestNG.java:1114)
at org.testng.TestNG.run(TestNG.java:1082)
at org.apache.maven.surefire.testng.TestNGExecutor.run(TestNGExecutor.java:284)
at org.apache.maven.surefire.testng.TestNGXmlTestSuite.execute(TestNGXmlTestSuite.java:75)
at org.apache.maven.surefire.testng.TestNGProvider.invoke(TestNGProvider.java:119)
at org.apache.maven.surefire.booter.ForkedBooter.runSuitesInProcess(ForkedBooter.java:428)
at org.apache.maven.surefire.booter.ForkedBooter.execute(ForkedBooter.java:162)
at org.apache.maven.surefire.booter.ForkedBooter.run(ForkedBooter.java:562)
at org.apache.maven.surefire.booter.ForkedBooter.main(ForkedBooter.java:548)
]]>
            </full-stacktrace>
          </exception> <!-- java.lang.AssertionError -->
          <reporter-output>
          </reporter-output>
        </test-method> <!-- mainSectionAccountDashboardPage -->
        <test-method is-config="true" signature="setUp()[pri:0, instance:tests.accountDashboardPageTests.AllPageFirefoxTests@5b7a7f33]" started-at="2023-09-29T16:12:57 EEST" name="setUp" finished-at="2023-09-29T16:12:57 EEST" duration-ms="0" status="PASS">
          <reporter-output>
          </reporter-output>
        </test-method> <!-- setUp -->
        <test-method signature="allFooterAccountDashboardPage(java.lang.String,java.lang.String)[pri:10, instance:tests.accountDashboardPageTests.AllPageFirefoxTests@5b7a7f33]" started-at="2023-09-29T16:13:04 EEST" name="allFooterAccountDashboardPage" finished-at="2023-09-29T16:13:11 EEST" duration-ms="7019" status="PASS">
          <params>
            <param index="0">
              <value>
                <![CDATA[https://aimood-stage1.intary.net/en/account/dashboard]]>
              </value>
            </param>
            <param index="1">
              <value>
                <![CDATA[Screenshots_St1/]]>
              </value>
            </param>
          </params>
          <reporter-output>
          </reporter-output>
        </test-method> <!-- allFooterAccountDashboardPage -->
        <test-method is-config="true" signature="setUp()[pri:0, instance:tests.accountDashboardPageTests.AllPageFirefoxTests@5b7a7f33]" started-at="2023-09-29T16:13:04 EEST" name="setUp" finished-at="2023-09-29T16:13:04 EEST" duration-ms="0" status="PASS">
          <reporter-output>
          </reporter-output>
        </test-method> <!-- setUp -->
        <test-method is-config="true" signature="tearDown()[pri:0, instance:tests.accountDashboardPageTests.AllPageFirefoxTests@5b7a7f33]" started-at="2023-09-29T16:13:11 EEST" name="tearDown" finished-at="2023-09-29T16:13:13 EEST" duration-ms="1612" status="PASS">
          <reporter-output>
          </reporter-output>
        </test-method> <!-- tearDown -->
      </class> <!-- tests.accountDashboardPageTests.AllPageFirefoxTests -->
      <class name="tests.accountAffiliateProgramPageTests.AllPageFirefoxTests">
        <test-method is-config="true" signature="setUp()[pri:0, instance:tests.accountAffiliateProgramPageTests.AllPageFirefoxTests@5c7933ad]" started-at="2023-09-29T16:14:40 EEST" name="setUp" finished-at="2023-09-29T16:14:43 EEST" duration-ms="2632" status="PASS">
          <reporter-output>
          </reporter-output>
        </test-method> <!-- setUp -->
        <test-method signature="signInUser(java.lang.String)[pri:1, instance:tests.accountAffiliateProgramPageTests.AllPageFirefoxTests@5c7933ad]" started-at="2023-09-29T16:14:43 EEST" name="signInUser" finished-at="2023-09-29T16:14:54 EEST" duration-ms="10722" status="PASS">
          <params>
            <param index="0">
              <value>
                <![CDATA[https://aimood-stage1.intary.net/en/]]>
              </value>
            </param>
          </params>
          <reporter-output>
          </reporter-output>
        </test-method> <!-- signInUser -->
        <test-method is-config="true" signature="setUp()[pri:0, instance:tests.accountAffiliateProgramPageTests.AllPageFirefoxTests@5c7933ad]" started-at="2023-09-29T16:14:54 EEST" name="setUp" finished-at="2023-09-29T16:14:54 EEST" duration-ms="2" status="PASS">
          <reporter-output>
          </reporter-output>
        </test-method> <!-- setUp -->
        <test-method signature="allHeaderAccountAffiliateProgramPage(java.lang.String,java.lang.String)[pri:2, instance:tests.accountAffiliateProgramPageTests.AllPageFirefoxTests@5c7933ad]" started-at="2023-09-29T16:14:54 EEST" name="allHeaderAccountAffiliateProgramPage" finished-at="2023-09-29T16:15:01 EEST" duration-ms="7259" status="PASS">
          <params>
            <param index="0">
              <value>
                <![CDATA[https://aimood-stage1.intary.net/en/account/affiliate-program]]>
              </value>
            </param>
            <param index="1">
              <value>
                <![CDATA[Screenshots_St1/]]>
              </value>
            </param>
          </params>
          <reporter-output>
          </reporter-output>
        </test-method> <!-- allHeaderAccountAffiliateProgramPage -->
        <test-method signature="getStartedHeaderAccountAffiliateProgramPage(java.lang.String,java.lang.String)[pri:3, instance:tests.accountAffiliateProgramPageTests.AllPageFirefoxTests@5c7933ad]" started-at="2023-09-29T16:15:01 EEST" name="getStartedHeaderAccountAffiliateProgramPage" finished-at="2023-09-29T16:15:08 EEST" duration-ms="6954" status="PASS">
          <params>
            <param index="0">
              <value>
                <![CDATA[https://aimood-stage1.intary.net/en/account/affiliate-program]]>
              </value>
            </param>
            <param index="1">
              <value>
                <![CDATA[Screenshots_St1/]]>
              </value>
            </param>
          </params>
          <reporter-output>
          </reporter-output>
        </test-method> <!-- getStartedHeaderAccountAffiliateProgramPage -->
        <test-method is-config="true" signature="setUp()[pri:0, instance:tests.accountAffiliateProgramPageTests.AllPageFirefoxTests@5c7933ad]" started-at="2023-09-29T16:15:01 EEST" name="setUp" finished-at="2023-09-29T16:15:01 EEST" duration-ms="0" status="PASS">
          <reporter-output>
          </reporter-output>
        </test-method> <!-- setUp -->
        <test-method signature="learnHeaderAccountAffiliateProgramPage(java.lang.String,java.lang.String)[pri:4, instance:tests.accountAffiliateProgramPageTests.AllPageFirefoxTests@5c7933ad]" started-at="2023-09-29T16:15:08 EEST" name="learnHeaderAccountAffiliateProgramPage" finished-at="2023-09-29T16:15:15 EEST" duration-ms="6927" status="PASS">
          <params>
            <param index="0">
              <value>
                <![CDATA[https://aimood-stage1.intary.net/en/account/affiliate-program]]>
              </value>
            </param>
            <param index="1">
              <value>
                <![CDATA[Screenshots_St1/]]>
              </value>
            </param>
          </params>
          <reporter-output>
          </reporter-output>
        </test-method> <!-- learnHeaderAccountAffiliateProgramPage -->
        <test-method is-config="true" signature="setUp()[pri:0, instance:tests.accountAffiliateProgramPageTests.AllPageFirefoxTests@5c7933ad]" started-at="2023-09-29T16:15:08 EEST" name="setUp" finished-at="2023-09-29T16:15:08 EEST" duration-ms="0" status="PASS">
          <reporter-output>
          </reporter-output>
        </test-method> <!-- setUp -->
        <test-method signature="resourcesHeaderAccountAffiliateProgramPage(java.lang.String,java.lang.String)[pri:5, instance:tests.accountAffiliateProgramPageTests.AllPageFirefoxTests@5c7933ad]" started-at="2023-09-29T16:15:15 EEST" name="resourcesHeaderAccountAffiliateProgramPage" finished-at="2023-09-29T16:15:22 EEST" duration-ms="6990" status="PASS">
          <params>
            <param index="0">
              <value>
                <![CDATA[https://aimood-stage1.intary.net/en/account/affiliate-program]]>
              </value>
            </param>
            <param index="1">
              <value>
                <![CDATA[Screenshots_St1/]]>
              </value>
            </param>
          </params>
          <reporter-output>
          </reporter-output>
        </test-method> <!-- resourcesHeaderAccountAffiliateProgramPage -->
        <test-method is-config="true" signature="setUp()[pri:0, instance:tests.accountAffiliateProgramPageTests.AllPageFirefoxTests@5c7933ad]" started-at="2023-09-29T16:15:15 EEST" name="setUp" finished-at="2023-09-29T16:15:15 EEST" duration-ms="0" status="PASS">
          <reporter-output>
          </reporter-output>
        </test-method> <!-- setUp -->
        <test-method signature="notificationsHeaderAccountAffiliateProgramPage(java.lang.String,java.lang.String)[pri:7, instance:tests.accountAffiliateProgramPageTests.AllPageFirefoxTests@5c7933ad]" started-at="2023-09-29T16:15:22 EEST" name="notificationsHeaderAccountAffiliateProgramPage" finished-at="2023-09-29T16:15:29 EEST" duration-ms="7081" status="PASS">
          <params>
            <param index="0">
              <value>
                <![CDATA[https://aimood-stage1.intary.net/en/account/affiliate-program]]>
              </value>
            </param>
            <param index="1">
              <value>
                <![CDATA[Screenshots_St1/]]>
              </value>
            </param>
          </params>
          <reporter-output>
          </reporter-output>
        </test-method> <!-- notificationsHeaderAccountAffiliateProgramPage -->
        <test-method is-config="true" signature="setUp()[pri:0, instance:tests.accountAffiliateProgramPageTests.AllPageFirefoxTests@5c7933ad]" started-at="2023-09-29T16:15:22 EEST" name="setUp" finished-at="2023-09-29T16:15:22 EEST" duration-ms="0" status="PASS">
          <reporter-output>
          </reporter-output>
        </test-method> <!-- setUp -->
        <test-method signature="profileHeaderAccountAffiliateProgramPage(java.lang.String,java.lang.String)[pri:8, instance:tests.accountAffiliateProgramPageTests.AllPageFirefoxTests@5c7933ad]" started-at="2023-09-29T16:15:29 EEST" name="profileHeaderAccountAffiliateProgramPage" finished-at="2023-09-29T16:15:36 EEST" duration-ms="7037" status="PASS">
          <params>
            <param index="0">
              <value>
                <![CDATA[https://aimood-stage1.intary.net/en/account/affiliate-program]]>
              </value>
            </param>
            <param index="1">
              <value>
                <![CDATA[Screenshots_St1/]]>
              </value>
            </param>
          </params>
          <reporter-output>
          </reporter-output>
        </test-method> <!-- profileHeaderAccountAffiliateProgramPage -->
        <test-method is-config="true" signature="setUp()[pri:0, instance:tests.accountAffiliateProgramPageTests.AllPageFirefoxTests@5c7933ad]" started-at="2023-09-29T16:15:29 EEST" name="setUp" finished-at="2023-09-29T16:15:29 EEST" duration-ms="0" status="PASS">
          <reporter-output>
          </reporter-output>
        </test-method> <!-- setUp -->
        <test-method signature="mainSectionAccountAffiliateProgramPage(java.lang.String,java.lang.String)[pri:9, instance:tests.accountAffiliateProgramPageTests.AllPageFirefoxTests@5c7933ad]" started-at="2023-09-29T16:15:36 EEST" name="mainSectionAccountAffiliateProgramPage" finished-at="2023-09-29T16:15:43 EEST" duration-ms="6960" status="PASS">
          <params>
            <param index="0">
              <value>
                <![CDATA[https://aimood-stage1.intary.net/en/account/affiliate-program]]>
              </value>
            </param>
            <param index="1">
              <value>
                <![CDATA[Screenshots_St1/]]>
              </value>
            </param>
          </params>
          <reporter-output>
          </reporter-output>
        </test-method> <!-- mainSectionAccountAffiliateProgramPage -->
        <test-method is-config="true" signature="setUp()[pri:0, instance:tests.accountAffiliateProgramPageTests.AllPageFirefoxTests@5c7933ad]" started-at="2023-09-29T16:15:36 EEST" name="setUp" finished-at="2023-09-29T16:15:36 EEST" duration-ms="0" status="PASS">
          <reporter-output>
          </reporter-output>
        </test-method> <!-- setUp -->
        <test-method signature="allFooterAccountAffiliateProgramPage(java.lang.String,java.lang.String)[pri:10, instance:tests.accountAffiliateProgramPageTests.AllPageFirefoxTests@5c7933ad]" started-at="2023-09-29T16:15:43 EEST" name="allFooterAccountAffiliateProgramPage" finished-at="2023-09-29T16:15:49 EEST" duration-ms="5990" status="PASS">
          <params>
            <param index="0">
              <value>
                <![CDATA[https://aimood-stage1.intary.net/en/account/affiliate-program]]>
              </value>
            </param>
            <param index="1">
              <value>
                <![CDATA[Screenshots_St1/]]>
              </value>
            </param>
          </params>
          <reporter-output>
          </reporter-output>
        </test-method> <!-- allFooterAccountAffiliateProgramPage -->
        <test-method is-config="true" signature="setUp()[pri:0, instance:tests.accountAffiliateProgramPageTests.AllPageFirefoxTests@5c7933ad]" started-at="2023-09-29T16:15:43 EEST" name="setUp" finished-at="2023-09-29T16:15:43 EEST" duration-ms="0" status="PASS">
          <reporter-output>
          </reporter-output>
        </test-method> <!-- setUp -->
        <test-method is-config="true" signature="tearDown()[pri:0, instance:tests.accountAffiliateProgramPageTests.AllPageFirefoxTests@5c7933ad]" started-at="2023-09-29T16:15:49 EEST" name="tearDown" finished-at="2023-09-29T16:15:50 EEST" duration-ms="1597" status="PASS">
          <reporter-output>
          </reporter-output>
        </test-method> <!-- tearDown -->
      </class> <!-- tests.accountAffiliateProgramPageTests.AllPageFirefoxTests -->
      <class name="tests.accountP2PPageTests.AllPageFirefoxTests">
        <test-method is-config="true" signature="setUp()[pri:0, instance:tests.accountP2PPageTests.AllPageFirefoxTests@72c8e7b]" started-at="2023-09-29T16:06:10 EEST" name="setUp" finished-at="2023-09-29T16:06:13 EEST" duration-ms="3030" status="PASS">
          <reporter-output>
          </reporter-output>
        </test-method> <!-- setUp -->
        <test-method signature="signInUser(java.lang.String)[pri:1, instance:tests.accountP2PPageTests.AllPageFirefoxTests@72c8e7b]" started-at="2023-09-29T16:06:13 EEST" name="signInUser" finished-at="2023-09-29T16:06:25 EEST" duration-ms="11714" status="PASS">
          <params>
            <param index="0">
              <value>
                <![CDATA[https://aimood-stage1.intary.net/en/]]>
              </value>
            </param>
          </params>
          <reporter-output>
          </reporter-output>
        </test-method> <!-- signInUser -->
        <test-method is-config="true" signature="setUp()[pri:0, instance:tests.accountP2PPageTests.AllPageFirefoxTests@72c8e7b]" started-at="2023-09-29T16:06:25 EEST" name="setUp" finished-at="2023-09-29T16:06:25 EEST" duration-ms="1" status="PASS">
          <reporter-output>
          </reporter-output>
        </test-method> <!-- setUp -->
        <test-method signature="allHeaderAccountP2PPage(java.lang.String,java.lang.String)[pri:2, instance:tests.accountP2PPageTests.AllPageFirefoxTests@72c8e7b]" started-at="2023-09-29T16:06:25 EEST" name="allHeaderAccountP2PPage" finished-at="2023-09-29T16:06:31 EEST" duration-ms="6170" status="PASS">
          <params>
            <param index="0">
              <value>
                <![CDATA[https://aimood-stage1.intary.net/en/account/p2p]]>
              </value>
            </param>
            <param index="1">
              <value>
                <![CDATA[Screenshots_St1/]]>
              </value>
            </param>
          </params>
          <reporter-output>
          </reporter-output>
        </test-method> <!-- allHeaderAccountP2PPage -->
        <test-method signature="getStartedHeaderAccountP2PPage(java.lang.String,java.lang.String)[pri:3, instance:tests.accountP2PPageTests.AllPageFirefoxTests@72c8e7b]" started-at="2023-09-29T16:06:31 EEST" name="getStartedHeaderAccountP2PPage" finished-at="2023-09-29T16:06:38 EEST" duration-ms="7002" status="PASS">
          <params>
            <param index="0">
              <value>
                <![CDATA[https://aimood-stage1.intary.net/en/account/p2p]]>
              </value>
            </param>
            <param index="1">
              <value>
                <![CDATA[Screenshots_St1/]]>
              </value>
            </param>
          </params>
          <reporter-output>
          </reporter-output>
        </test-method> <!-- getStartedHeaderAccountP2PPage -->
        <test-method is-config="true" signature="setUp()[pri:0, instance:tests.accountP2PPageTests.AllPageFirefoxTests@72c8e7b]" started-at="2023-09-29T16:06:31 EEST" name="setUp" finished-at="2023-09-29T16:06:31 EEST" duration-ms="0" status="PASS">
          <reporter-output>
          </reporter-output>
        </test-method> <!-- setUp -->
        <test-method signature="learnHeaderAccountP2PPage(java.lang.String,java.lang.String)[pri:4, instance:tests.accountP2PPageTests.AllPageFirefoxTests@72c8e7b]" started-at="2023-09-29T16:06:38 EEST" name="learnHeaderAccountP2PPage" finished-at="2023-09-29T16:06:45 EEST" duration-ms="6956" status="PASS">
          <params>
            <param index="0">
              <value>
                <![CDATA[https://aimood-stage1.intary.net/en/account/p2p]]>
              </value>
            </param>
            <param index="1">
              <value>
                <![CDATA[Screenshots_St1/]]>
              </value>
            </param>
          </params>
          <reporter-output>
          </reporter-output>
        </test-method> <!-- learnHeaderAccountP2PPage -->
        <test-method is-config="true" signature="setUp()[pri:0, instance:tests.accountP2PPageTests.AllPageFirefoxTests@72c8e7b]" started-at="2023-09-29T16:06:38 EEST" name="setUp" finished-at="2023-09-29T16:06:38 EEST" duration-ms="0" status="PASS">
          <reporter-output>
          </reporter-output>
        </test-method> <!-- setUp -->
        <test-method is-config="true" signature="setUp()[pri:0, instance:tests.accountP2PPageTests.AllPageFirefoxTests@72c8e7b]" started-at="2023-09-29T16:06:45 EEST" name="setUp" finished-at="2023-09-29T16:06:45 EEST" duration-ms="1" status="PASS">
          <reporter-output>
          </reporter-output>
        </test-method> <!-- setUp -->
        <test-method signature="resourcesHeaderAccountP2PPage(java.lang.String,java.lang.String)[pri:5, instance:tests.accountP2PPageTests.AllPageFirefoxTests@72c8e7b]" started-at="2023-09-29T16:06:45 EEST" name="resourcesHeaderAccountP2PPage" finished-at="2023-09-29T16:06:52 EEST" duration-ms="7021" status="PASS">
          <params>
            <param index="0">
              <value>
                <![CDATA[https://aimood-stage1.intary.net/en/account/p2p]]>
              </value>
            </param>
            <param index="1">
              <value>
                <![CDATA[Screenshots_St1/]]>
              </value>
            </param>
          </params>
          <reporter-output>
          </reporter-output>
        </test-method> <!-- resourcesHeaderAccountP2PPage -->
        <test-method signature="notificationsHeaderAccountP2PPage(java.lang.String,java.lang.String)[pri:7, instance:tests.accountP2PPageTests.AllPageFirefoxTests@72c8e7b]" started-at="2023-09-29T16:06:52 EEST" name="notificationsHeaderAccountP2PPage" finished-at="2023-09-29T16:06:59 EEST" duration-ms="7139" status="PASS">
          <params>
            <param index="0">
              <value>
                <![CDATA[https://aimood-stage1.intary.net/en/account/p2p]]>
              </value>
            </param>
            <param index="1">
              <value>
                <![CDATA[Screenshots_St1/]]>
              </value>
            </param>
          </params>
          <reporter-output>
          </reporter-output>
        </test-method> <!-- notificationsHeaderAccountP2PPage -->
        <test-method is-config="true" signature="setUp()[pri:0, instance:tests.accountP2PPageTests.AllPageFirefoxTests@72c8e7b]" started-at="2023-09-29T16:06:52 EEST" name="setUp" finished-at="2023-09-29T16:06:52 EEST" duration-ms="0" status="PASS">
          <reporter-output>
          </reporter-output>
        </test-method> <!-- setUp -->
        <test-method signature="profileHeaderAccountP2PPage(java.lang.String,java.lang.String)[pri:8, instance:tests.accountP2PPageTests.AllPageFirefoxTests@72c8e7b]" started-at="2023-09-29T16:06:59 EEST" name="profileHeaderAccountP2PPage" finished-at="2023-09-29T16:07:06 EEST" duration-ms="7025" status="PASS">
          <params>
            <param index="0">
              <value>
                <![CDATA[https://aimood-stage1.intary.net/en/account/p2p]]>
              </value>
            </param>
            <param index="1">
              <value>
                <![CDATA[Screenshots_St1/]]>
              </value>
            </param>
          </params>
          <reporter-output>
          </reporter-output>
        </test-method> <!-- profileHeaderAccountP2PPage -->
        <test-method is-config="true" signature="setUp()[pri:0, instance:tests.accountP2PPageTests.AllPageFirefoxTests@72c8e7b]" started-at="2023-09-29T16:06:59 EEST" name="setUp" finished-at="2023-09-29T16:06:59 EEST" duration-ms="0" status="PASS">
          <reporter-output>
          </reporter-output>
        </test-method> <!-- setUp -->
        <test-method retried="true" signature="mainSectionAccountP2PPage(java.lang.String,java.lang.String)[pri:9, instance:tests.accountP2PPageTests.AllPageFirefoxTests@72c8e7b]" started-at="2023-09-29T16:07:06 EEST" name="mainSectionAccountP2PPage" finished-at="2023-09-29T16:07:13 EEST" duration-ms="6568" status="SKIP">
          <params>
            <param index="0">
              <value>
                <![CDATA[https://aimood-stage1.intary.net/en/account/p2p]]>
              </value>
            </param>
            <param index="1">
              <value>
                <![CDATA[Screenshots_St1/]]>
              </value>
            </param>
          </params>
          <exception class="java.lang.AssertionError">
            <message>
              <![CDATA[*** Images are not similar *** expected [true] but found [false]]]>
            </message>
            <full-stacktrace>
              <![CDATA[java.lang.AssertionError: *** Images are not similar *** expected [true] but found [false]
at org.testng.Assert.fail(Assert.java:111)
at org.testng.Assert.failNotEquals(Assert.java:1578)
at org.testng.Assert.assertTrue(Assert.java:57)
at pages.pixel_perfect.PixelPerfectAssert.byElement(PixelPerfectAssert.java:109)
at tests.accountP2PPageTests.AllPageFirefoxTests.mainSectionAccountP2PPage(AllPageFirefoxTests.java:177)
at java.base/jdk.internal.reflect.NativeMethodAccessorImpl.invoke0(Native Method)
at java.base/jdk.internal.reflect.NativeMethodAccessorImpl.invoke(NativeMethodAccessorImpl.java:62)
at java.base/jdk.internal.reflect.DelegatingMethodAccessorImpl.invoke(DelegatingMethodAccessorImpl.java:43)
at java.base/java.lang.reflect.Method.invoke(Method.java:566)
at org.testng.internal.invokers.MethodInvocationHelper.invokeMethod(MethodInvocationHelper.java:139)
at org.testng.internal.invokers.TestInvoker.invokeMethod(TestInvoker.java:664)
at org.testng.internal.invokers.TestInvoker.invokeTestMethod(TestInvoker.java:227)
at org.testng.internal.invokers.MethodRunner.runInSequence(MethodRunner.java:50)
at org.testng.internal.invokers.TestInvoker$MethodInvocationAgent.invoke(TestInvoker.java:957)
at org.testng.internal.invokers.TestInvoker.invokeTestMethods(TestInvoker.java:200)
at org.testng.internal.invokers.TestMethodWorker.invokeTestMethods(TestMethodWorker.java:148)
at org.testng.internal.invokers.TestMethodWorker.run(TestMethodWorker.java:128)
at java.base/java.util.ArrayList.forEach(ArrayList.java:1540)
at org.testng.TestRunner.privateRun(TestRunner.java:848)
at org.testng.TestRunner.run(TestRunner.java:621)
at org.testng.SuiteRunner.runTest(SuiteRunner.java:443)
at org.testng.SuiteRunner.runSequentially(SuiteRunner.java:437)
at org.testng.SuiteRunner.privateRun(SuiteRunner.java:397)
at org.testng.SuiteRunner.run(SuiteRunner.java:336)
at org.testng.SuiteRunnerWorker.runSuite(SuiteRunnerWorker.java:52)
at org.testng.SuiteRunnerWorker.run(SuiteRunnerWorker.java:95)
at org.testng.TestNG.runSuitesSequentially(TestNG.java:1280)
at org.testng.TestNG.runSuitesLocally(TestNG.java:1200)
at org.testng.TestNG.runSuites(TestNG.java:1114)
at org.testng.TestNG.run(TestNG.java:1082)
at org.apache.maven.surefire.testng.TestNGExecutor.run(TestNGExecutor.java:284)
at org.apache.maven.surefire.testng.TestNGXmlTestSuite.execute(TestNGXmlTestSuite.java:75)
at org.apache.maven.surefire.testng.TestNGProvider.invoke(TestNGProvider.java:119)
at org.apache.maven.surefire.booter.ForkedBooter.runSuitesInProcess(ForkedBooter.java:428)
at org.apache.maven.surefire.booter.ForkedBooter.execute(ForkedBooter.java:162)
at org.apache.maven.surefire.booter.ForkedBooter.run(ForkedBooter.java:562)
at org.apache.maven.surefire.booter.ForkedBooter.main(ForkedBooter.java:548)
]]>
            </full-stacktrace>
          </exception> <!-- java.lang.AssertionError -->
          <reporter-output>
          </reporter-output>
        </test-method> <!-- mainSectionAccountP2PPage -->
        <test-method is-config="true" signature="setUp()[pri:0, instance:tests.accountP2PPageTests.AllPageFirefoxTests@72c8e7b]" started-at="2023-09-29T16:07:06 EEST" name="setUp" finished-at="2023-09-29T16:07:06 EEST" duration-ms="0" status="PASS">
          <reporter-output>
          </reporter-output>
        </test-method> <!-- setUp -->
        <test-method retried="true" signature="mainSectionAccountP2PPage(java.lang.String,java.lang.String)[pri:9, instance:tests.accountP2PPageTests.AllPageFirefoxTests@72c8e7b]" started-at="2023-09-29T16:07:13 EEST" name="mainSectionAccountP2PPage" finished-at="2023-09-29T16:07:19 EEST" duration-ms="6617" status="SKIP">
          <params>
            <param index="0">
              <value>
                <![CDATA[https://aimood-stage1.intary.net/en/account/p2p]]>
              </value>
            </param>
            <param index="1">
              <value>
                <![CDATA[Screenshots_St1/]]>
              </value>
            </param>
          </params>
          <exception class="java.lang.AssertionError">
            <message>
              <![CDATA[*** Images are not similar *** expected [true] but found [false]]]>
            </message>
            <full-stacktrace>
              <![CDATA[java.lang.AssertionError: *** Images are not similar *** expected [true] but found [false]
at org.testng.Assert.fail(Assert.java:111)
at org.testng.Assert.failNotEquals(Assert.java:1578)
at org.testng.Assert.assertTrue(Assert.java:57)
at pages.pixel_perfect.PixelPerfectAssert.byElement(PixelPerfectAssert.java:109)
at tests.accountP2PPageTests.AllPageFirefoxTests.mainSectionAccountP2PPage(AllPageFirefoxTests.java:177)
at java.base/jdk.internal.reflect.NativeMethodAccessorImpl.invoke0(Native Method)
at java.base/jdk.internal.reflect.NativeMethodAccessorImpl.invoke(NativeMethodAccessorImpl.java:62)
at java.base/jdk.internal.reflect.DelegatingMethodAccessorImpl.invoke(DelegatingMethodAccessorImpl.java:43)
at java.base/java.lang.reflect.Method.invoke(Method.java:566)
at org.testng.internal.invokers.MethodInvocationHelper.invokeMethod(MethodInvocationHelper.java:139)
at org.testng.internal.invokers.TestInvoker.invokeMethod(TestInvoker.java:664)
at org.testng.internal.invokers.TestInvoker.retryFailed(TestInvoker.java:248)
at org.testng.internal.invokers.MethodRunner.runInSequence(MethodRunner.java:62)
at org.testng.internal.invokers.TestInvoker$MethodInvocationAgent.invoke(TestInvoker.java:957)
at org.testng.internal.invokers.TestInvoker.invokeTestMethods(TestInvoker.java:200)
at org.testng.internal.invokers.TestMethodWorker.invokeTestMethods(TestMethodWorker.java:148)
at org.testng.internal.invokers.TestMethodWorker.run(TestMethodWorker.java:128)
at java.base/java.util.ArrayList.forEach(ArrayList.java:1540)
at org.testng.TestRunner.privateRun(TestRunner.java:848)
at org.testng.TestRunner.run(TestRunner.java:621)
at org.testng.SuiteRunner.runTest(SuiteRunner.java:443)
at org.testng.SuiteRunner.runSequentially(SuiteRunner.java:437)
at org.testng.SuiteRunner.privateRun(SuiteRunner.java:397)
at org.testng.SuiteRunner.run(SuiteRunner.java:336)
at org.testng.SuiteRunnerWorker.runSuite(SuiteRunnerWorker.java:52)
at org.testng.SuiteRunnerWorker.run(SuiteRunnerWorker.java:95)
at org.testng.TestNG.runSuitesSequentially(TestNG.java:1280)
at org.testng.TestNG.runSuitesLocally(TestNG.java:1200)
at org.testng.TestNG.runSuites(TestNG.java:1114)
at org.testng.TestNG.run(TestNG.java:1082)
at org.apache.maven.surefire.testng.TestNGExecutor.run(TestNGExecutor.java:284)
at org.apache.maven.surefire.testng.TestNGXmlTestSuite.execute(TestNGXmlTestSuite.java:75)
[...]
              <value>
                <![CDATA[Screenshots_St1/]]>
              </value>
            </param>
          </params>
          <reporter-output>
          </reporter-output>
        </test-method> <!-- allFooterAccountFundPage -->
        <test-method is-config="true" signature="setUp()[pri:0, instance:tests.accountFundPageTests.AllPageFirefoxTests@431cd9b2]" started-at="2023-09-29T16:10:14 EEST" name="setUp" finished-at="2023-09-29T16:10:14 EEST" duration-ms="0" status="PASS">
          <reporter-output>
          </reporter-output>
        </test-method> <!-- setUp -->
        <test-method is-config="true" signature="tearDown()[pri:0, instance:tests.accountFundPageTests.AllPageFirefoxTests@431cd9b2]" started-at="2023-09-29T16:10:20 EEST" name="tearDown" finished-at="2023-09-29T16:10:22 EEST" duration-ms="1683" status="PASS">
          <reporter-output>
          </reporter-output>
        </test-method> <!-- tearDown -->
      </class> <!-- tests.accountFundPageTests.AllPageFirefoxTests -->
      <class name="tests.accountSettingsPageTests.AllPageChromeTests">
        <test-method is-config="true" signature="setUp()[pri:0, instance:tests.accountSettingsPageTests.AllPageChromeTests@f1da57d]" started-at="2023-09-29T16:02:11 EEST" name="setUp" finished-at="2023-09-29T16:02:12 EEST" duration-ms="821" status="PASS">
          <reporter-output>
          </reporter-output>
        </test-method> <!-- setUp -->
        <test-method signature="signInUser(java.lang.String)[pri:1, instance:tests.accountSettingsPageTests.AllPageChromeTests@f1da57d]" started-at="2023-09-29T16:02:12 EEST" name="signInUser" finished-at="2023-09-29T16:02:25 EEST" duration-ms="12935" status="PASS">
          <params>
            <param index="0">
              <value>
                <![CDATA[https://aimood-stage1.intary.net/en/]]>
              </value>
            </param>
          </params>
          <reporter-output>
          </reporter-output>
        </test-method> <!-- signInUser -->
        <test-method signature="allHeaderAccountSettingsPage(java.lang.String,java.lang.String)[pri:2, instance:tests.accountSettingsPageTests.AllPageChromeTests@f1da57d]" started-at="2023-09-29T16:02:25 EEST" name="allHeaderAccountSettingsPage" finished-at="2023-09-29T16:02:31 EEST" duration-ms="6419" status="PASS">
          <params>
            <param index="0">
              <value>
                <![CDATA[https://aimood-stage1.intary.net/en/account/settings]]>
              </value>
            </param>
            <param index="1">
              <value>
                <![CDATA[Screenshots_St1/]]>
              </value>
            </param>
          </params>
          <reporter-output>
          </reporter-output>
        </test-method> <!-- allHeaderAccountSettingsPage -->
        <test-method is-config="true" signature="setUp()[pri:0, instance:tests.accountSettingsPageTests.AllPageChromeTests@f1da57d]" started-at="2023-09-29T16:02:25 EEST" name="setUp" finished-at="2023-09-29T16:02:25 EEST" duration-ms="0" status="PASS">
          <reporter-output>
          </reporter-output>
        </test-method> <!-- setUp -->
        <test-method signature="getStartedHeaderAccountSettingsPage(java.lang.String,java.lang.String)[pri:3, instance:tests.accountSettingsPageTests.AllPageChromeTests@f1da57d]" started-at="2023-09-29T16:02:31 EEST" name="getStartedHeaderAccountSettingsPage" finished-at="2023-09-29T16:02:39 EEST" duration-ms="7277" status="PASS">
          <params>
            <param index="0">
              <value>
                <![CDATA[https://aimood-stage1.intary.net/en/account/settings]]>
              </value>
            </param>
            <param index="1">
              <value>
                <![CDATA[Screenshots_St1/]]>
              </value>
            </param>
          </params>
          <reporter-output>
          </reporter-output>
        </test-method> <!-- getStartedHeaderAccountSettingsPage -->
        <test-method is-config="true" signature="setUp()[pri:0, instance:tests.accountSettingsPageTests.AllPageChromeTests@f1da57d]" started-at="2023-09-29T16:02:31 EEST" name="setUp" finished-at="2023-09-29T16:02:31 EEST" duration-ms="0" status="PASS">
          <reporter-output>
          </reporter-output>
        </test-method> <!-- setUp -->
        <test-method signature="learnHeaderAccountSettingsPage(java.lang.String,java.lang.String)[pri:4, instance:tests.accountSettingsPageTests.AllPageChromeTests@f1da57d]" started-at="2023-09-29T16:02:39 EEST" name="learnHeaderAccountSettingsPage" finished-at="2023-09-29T16:02:46 EEST" duration-ms="7224" status="PASS">
          <params>
            <param index="0">
              <value>
                <![CDATA[https://aimood-stage1.intary.net/en/account/settings]]>
              </value>
            </param>
            <param index="1">
              <value>
                <![CDATA[Screenshots_St1/]]>
              </value>
            </param>
          </params>
          <reporter-output>
          </reporter-output>
        </test-method> <!-- learnHeaderAccountSettingsPage -->
        <test-method is-config="true" signature="setUp()[pri:0, instance:tests.accountSettingsPageTests.AllPageChromeTests@f1da57d]" started-at="2023-09-29T16:02:39 EEST" name="setUp" finished-at="2023-09-29T16:02:39 EEST" duration-ms="0" status="PASS">
          <reporter-output>
          </reporter-output>
        </test-method> <!-- setUp -->
        <test-method signature="resourcesHeaderAccountSettingsPage(java.lang.String,java.lang.String)[pri:5, instance:tests.accountSettingsPageTests.AllPageChromeTests@f1da57d]" started-at="2023-09-29T16:02:46 EEST" name="resourcesHeaderAccountSettingsPage" finished-at="2023-09-29T16:02:53 EEST" duration-ms="7265" status="PASS">
          <params>
            <param index="0">
              <value>
                <![CDATA[https://aimood-stage1.intary.net/en/account/settings]]>
              </value>
            </param>
            <param index="1">
              <value>
                <![CDATA[Screenshots_St1/]]>
              </value>
            </param>
          </params>
          <reporter-output>
          </reporter-output>
        </test-method> <!-- resourcesHeaderAccountSettingsPage -->
        <test-method is-config="true" signature="setUp()[pri:0, instance:tests.accountSettingsPageTests.AllPageChromeTests@f1da57d]" started-at="2023-09-29T16:02:46 EEST" name="setUp" finished-at="2023-09-29T16:02:46 EEST" duration-ms="0" status="PASS">
          <reporter-output>
          </reporter-output>
        </test-method> <!-- setUp -->
        <test-method signature="notificationsHeaderAccountSettingsPage(java.lang.String,java.lang.String)[pri:7, instance:tests.accountSettingsPageTests.AllPageChromeTests@f1da57d]" started-at="2023-09-29T16:02:53 EEST" name="notificationsHeaderAccountSettingsPage" finished-at="2023-09-29T16:03:00 EEST" duration-ms="7151" status="PASS">
          <params>
            <param index="0">
              <value>
                <![CDATA[https://aimood-stage1.intary.net/en/account/settings]]>
              </value>
            </param>
            <param index="1">
              <value>
                <![CDATA[Screenshots_St1/]]>
              </value>
            </param>
          </params>
          <reporter-output>
          </reporter-output>
        </test-method> <!-- notificationsHeaderAccountSettingsPage -->
        <test-method is-config="true" signature="setUp()[pri:0, instance:tests.accountSettingsPageTests.AllPageChromeTests@f1da57d]" started-at="2023-09-29T16:02:53 EEST" name="setUp" finished-at="2023-09-29T16:02:53 EEST" duration-ms="0" status="PASS">
          <reporter-output>
          </reporter-output>
        </test-method> <!-- setUp -->
        <test-method signature="profileHeaderAccountSettingsPage(java.lang.String,java.lang.String)[pri:8, instance:tests.accountSettingsPageTests.AllPageChromeTests@f1da57d]" started-at="2023-09-29T16:03:00 EEST" name="profileHeaderAccountSettingsPage" finished-at="2023-09-29T16:03:07 EEST" duration-ms="7170" status="PASS">
          <params>
            <param index="0">
              <value>
                <![CDATA[https://aimood-stage1.intary.net/en/account/settings]]>
              </value>
            </param>
            <param index="1">
              <value>
                <![CDATA[Screenshots_St1/]]>
              </value>
            </param>
          </params>
          <reporter-output>
          </reporter-output>
        </test-method> <!-- profileHeaderAccountSettingsPage -->
        <test-method is-config="true" signature="setUp()[pri:0, instance:tests.accountSettingsPageTests.AllPageChromeTests@f1da57d]" started-at="2023-09-29T16:03:00 EEST" name="setUp" finished-at="2023-09-29T16:03:00 EEST" duration-ms="0" status="PASS">
          <reporter-output>
          </reporter-output>
        </test-method> <!-- setUp -->
        <test-method signature="mainSectionAccountSettingsPage(java.lang.String,java.lang.String)[pri:9, instance:tests.accountSettingsPageTests.AllPageChromeTests@f1da57d]" started-at="2023-09-29T16:03:07 EEST" name="mainSectionAccountSettingsPage" finished-at="2023-09-29T16:03:15 EEST" duration-ms="7393" status="PASS">
          <params>
            <param index="0">
              <value>
                <![CDATA[https://aimood-stage1.intary.net/en/account/settings]]>
              </value>
            </param>
            <param index="1">
              <value>
                <![CDATA[Screenshots_St1/]]>
              </value>
            </param>
          </params>
          <reporter-output>
          </reporter-output>
        </test-method> <!-- mainSectionAccountSettingsPage -->
        <test-method is-config="true" signature="setUp()[pri:0, instance:tests.accountSettingsPageTests.AllPageChromeTests@f1da57d]" started-at="2023-09-29T16:03:07 EEST" name="setUp" finished-at="2023-09-29T16:03:07 EEST" duration-ms="0" status="PASS">
          <reporter-output>
          </reporter-output>
        </test-method> <!-- setUp -->
        <test-method is-config="true" signature="setUp()[pri:0, instance:tests.accountSettingsPageTests.AllPageChromeTests@f1da57d]" started-at="2023-09-29T16:03:15 EEST" name="setUp" finished-at="2023-09-29T16:03:15 EEST" duration-ms="0" status="PASS">
          <reporter-output>
          </reporter-output>
        </test-method> <!-- setUp -->
        <test-method signature="allFooterAccountSettingsPage(java.lang.String,java.lang.String)[pri:10, instance:tests.accountSettingsPageTests.AllPageChromeTests@f1da57d]" started-at="2023-09-29T16:03:15 EEST" name="allFooterAccountSettingsPage" finished-at="2023-09-29T16:03:21 EEST" duration-ms="6447" status="PASS">
          <params>
            <param index="0">
              <value>
                <![CDATA[https://aimood-stage1.intary.net/en/account/settings]]>
              </value>
            </param>
            <param index="1">
              <value>
                <![CDATA[Screenshots_St1/]]>
              </value>
            </param>
          </params>
          <reporter-output>
          </reporter-output>
        </test-method> <!-- allFooterAccountSettingsPage -->
        <test-method is-config="true" signature="tearDown()[pri:0, instance:tests.accountSettingsPageTests.AllPageChromeTests@f1da57d]" started-at="2023-09-29T16:03:21 EEST" name="tearDown" finished-at="2023-09-29T16:03:22 EEST" duration-ms="658" status="PASS">
          <reporter-output>
          </reporter-output>
        </test-method> <!-- tearDown -->
      </class> <!-- tests.accountSettingsPageTests.AllPageChromeTests -->
      <class name="tests.whitePaper.WhitePaperChromeTests">
        <test-method is-config="true" signature="setUp()[pri:0, instance:tests.whitePaper.WhitePaperChromeTests@6f204a1a]" started-at="2023-09-29T15:52:50 EEST" name="setUp" finished-at="2023-09-29T15:52:50 EEST" duration-ms="889" status="PASS">
          <reporter-output>
          </reporter-output>
        </test-method> <!-- setUp -->
        <test-method signature="allHeaderWhitePaperPage(java.lang.String,java.lang.String)[pri:1, instance:tests.whitePaper.WhitePaperChromeTests@6f204a1a]" started-at="2023-09-29T15:52:50 EEST" name="allHeaderWhitePaperPage" finished-at="2023-09-29T15:53:00 EEST" duration-ms="10021" status="PASS">
          <params>
            <param index="0">
              <value>
                <![CDATA[https://aimood-stage1.intary.net/en/white-paper]]>
              </value>
            </param>
            <param index="1">
              <value>
                <![CDATA[Screenshots_St1/]]>
              </value>
            </param>
          </params>
          <reporter-output>
          </reporter-output>
        </test-method> <!-- allHeaderWhitePaperPage -->
        <test-method signature="getStartedHeaderWhitePaperPage(java.lang.String,java.lang.String)[pri:2, instance:tests.whitePaper.WhitePaperChromeTests@6f204a1a]" started-at="2023-09-29T15:53:00 EEST" name="getStartedHeaderWhitePaperPage" finished-at="2023-09-29T15:53:07 EEST" duration-ms="6386" status="PASS">
          <params>
            <param index="0">
              <value>
                <![CDATA[https://aimood-stage1.intary.net/en/white-paper]]>
              </value>
            </param>
            <param index="1">
              <value>
                <![CDATA[Screenshots_St1/]]>
              </value>
            </param>
          </params>
          <reporter-output>
          </reporter-output>
        </test-method> <!-- getStartedHeaderWhitePaperPage -->
        <test-method is-config="true" signature="setUp()[pri:0, instance:tests.whitePaper.WhitePaperChromeTests@6f204a1a]" started-at="2023-09-29T15:53:00 EEST" name="setUp" finished-at="2023-09-29T15:53:00 EEST" duration-ms="0" status="PASS">
          <reporter-output>
          </reporter-output>
        </test-method> <!-- setUp -->
        <test-method signature="learnHeaderWhitePaperPage(java.lang.String,java.lang.String)[pri:3, instance:tests.whitePaper.WhitePaperChromeTests@6f204a1a]" started-at="2023-09-29T15:53:07 EEST" name="learnHeaderWhitePaperPage" finished-at="2023-09-29T15:53:13 EEST" duration-ms="6425" status="PASS">
          <params>
            <param index="0">
              <value>
                <![CDATA[https://aimood-stage1.intary.net/en/white-paper]]>
              </value>
            </param>
            <param index="1">
              <value>
                <![CDATA[Screenshots_St1/]]>
              </value>
            </param>
          </params>
          <reporter-output>
          </reporter-output>
        </test-method> <!-- learnHeaderWhitePaperPage -->
        <test-method is-config="true" signature="setUp()[pri:0, instance:tests.whitePaper.WhitePaperChromeTests@6f204a1a]" started-at="2023-09-29T15:53:07 EEST" name="setUp" finished-at="2023-09-29T15:53:07 EEST" duration-ms="0" status="PASS">
          <reporter-output>
          </reporter-output>
        </test-method> <!-- setUp -->
        <test-method signature="resourcesHeaderWhitePaperPage(java.lang.String,java.lang.String)[pri:4, instance:tests.whitePaper.WhitePaperChromeTests@6f204a1a]" started-at="2023-09-29T15:53:13 EEST" name="resourcesHeaderWhitePaperPage" finished-at="2023-09-29T15:53:20 EEST" duration-ms="6379" status="PASS">
          <params>
            <param index="0">
              <value>
                <![CDATA[https://aimood-stage1.intary.net/en/white-paper]]>
              </value>
            </param>
            <param index="1">
              <value>
                <![CDATA[Screenshots_St1/]]>
              </value>
            </param>
          </params>
          <reporter-output>
          </reporter-output>
        </test-method> <!-- resourcesHeaderWhitePaperPage -->
        <test-method is-config="true" signature="setUp()[pri:0, instance:tests.whitePaper.WhitePaperChromeTests@6f204a1a]" started-at="2023-09-29T15:53:13 EEST" name="setUp" finished-at="2023-09-29T15:53:13 EEST" duration-ms="0" status="PASS">
          <reporter-output>
          </reporter-output>
        </test-method> <!-- setUp -->
        <test-method signature="mainBlockWhitePaperPage(java.lang.String,java.lang.String)[pri:5, instance:tests.whitePaper.WhitePaperChromeTests@6f204a1a]" started-at="2023-09-29T15:53:20 EEST" name="mainBlockWhitePaperPage" finished-at="2023-09-29T15:53:26 EEST" duration-ms="6506" status="PASS">
          <params>
            <param index="0">
              <value>
                <![CDATA[https://aimood-stage1.intary.net/en/white-paper]]>
              </value>
            </param>
            <param index="1">
              <value>
                <![CDATA[Screenshots_St1/]]>
              </value>
            </param>
          </params>
          <reporter-output>
          </reporter-output>
        </test-method> <!-- mainBlockWhitePaperPage -->
        <test-method is-config="true" signature="setUp()[pri:0, instance:tests.whitePaper.WhitePaperChromeTests@6f204a1a]" started-at="2023-09-29T15:53:20 EEST" name="setUp" finished-at="2023-09-29T15:53:20 EEST" duration-ms="0" status="PASS">
          <reporter-output>
          </reporter-output>
        </test-method> <!-- setUp -->
        <test-method is-config="true" signature="setUp()[pri:0, instance:tests.whitePaper.WhitePaperChromeTests@6f204a1a]" started-at="2023-09-29T15:53:26 EEST" name="setUp" finished-at="2023-09-29T15:53:26 EEST" duration-ms="1" status="PASS">
          <reporter-output>
          </reporter-output>
        </test-method> <!-- setUp -->
        <test-method signature="EweuimtPage(java.lang.String,java.lang.String)[pri:6, instance:tests.whitePaper.WhitePaperChromeTests@6f204a1a]" started-at="2023-09-29T15:53:26 EEST" name="EweuimtPage" finished-at="2023-09-29T15:53:34 EEST" duration-ms="7704" status="PASS">
          <params>
            <param index="0">
              <value>
                <![CDATA[https://aimood-stage1.intary.net/en/white-paper]]>
              </value>
            </param>
            <param index="1">
              <value>
                <![CDATA[Screenshots_St1/]]>
              </value>
            </param>
          </params>
          <reporter-output>
          </reporter-output>
        </test-method> <!-- EweuimtPage -->
        <test-method is-config="true" signature="setUp()[pri:0, instance:tests.whitePaper.WhitePaperChromeTests@6f204a1a]" started-at="2023-09-29T15:53:34 EEST" name="setUp" finished-at="2023-09-29T15:53:34 EEST" duration-ms="2" status="PASS">
          <reporter-output>
          </reporter-output>
        </test-method> <!-- setUp -->
        <test-method signature="allFooterWhitePaperPage(java.lang.String,java.lang.String)[pri:7, instance:tests.whitePaper.WhitePaperChromeTests@6f204a1a]" started-at="2023-09-29T15:53:34 EEST" name="allFooterWhitePaperPage" finished-at="2023-09-29T15:53:41 EEST" duration-ms="6800" status="PASS">
          <params>
            <param index="0">
              <value>
                <![CDATA[https://aimood-stage1.intary.net/en/white-paper]]>
              </value>
            </param>
            <param index="1">
              <value>
                <![CDATA[Screenshots_St1/]]>
              </value>
            </param>
          </params>
          <reporter-output>
          </reporter-output>
        </test-method> <!-- allFooterWhitePaperPage -->
        <test-method is-config="true" signature="tearDown()[pri:0, instance:tests.whitePaper.WhitePaperChromeTests@6f204a1a]" started-at="2023-09-29T15:53:41 EEST" name="tearDown" finished-at="2023-09-29T15:53:41 EEST" duration-ms="654" status="PASS">
          <reporter-output>
          </reporter-output>
        </test-method> <!-- tearDown -->
      </class> <!-- tests.whitePaper.WhitePaperChromeTests -->
    </test> <!-- ai-mood - Pixel perfect regression -->
  </suite> <!-- WPT -->
</testng-results>
