<?xml version="1.0" encoding="UTF-8"?>
<testng-results ignored="0" total="20" passed="20" failed="0" skipped="0">
  <reporter-output>
  </reporter-output>
  <suite started-at="2023-08-15T15:54:38 EEST" name="WPT" finished-at="2023-08-15T15:56:25 EEST" duration-ms="107214">
    <groups>
    </groups>
    <test started-at="2023-08-15T15:54:38 EEST" name="ai-mood - Pixel perfect regression" finished-at="2023-08-15T15:56:25 EEST" duration-ms="107214">
      <class name="tests.affiliateProgramPageTests.AllPageFirefoxTests">
        <test-method is-config="true" signature="setUp()[pri:0, instance:tests.affiliateProgramPageTests.AllPageFirefoxTests@2c1b194a]" started-at="2023-08-15T15:54:38 EEST" name="setUp" finished-at="2023-08-15T15:54:42 EEST" duration-ms="3555" status="PASS">
          <reporter-output>
          </reporter-output>
        </test-method> <!-- setUp -->
        <test-method signature="allHeaderAffiliateProgramPage(java.lang.String,java.lang.String)[pri:1, instance:tests.affiliateProgramPageTests.AllPageFirefoxTests@2c1b194a]" started-at="2023-08-15T15:54:42 EEST" name="allHeaderAffiliateProgramPage" finished-at="2023-08-15T15:54:48 EEST" duration-ms="6514" status="PASS">
          <params>
            <param index="0">
              <value>
                <![CDATA[https://ai-mood.com/en/affiliate-program]]>
              </value>
            </param>
            <param index="1">
              <value>
                <![CDATA[Screenshots/]]>
              </value>
            </param>
          </params>
          <reporter-output>
          </reporter-output>
        </test-method> <!-- allHeaderAffiliateProgramPage -->
        <test-method signature="getStartedHeaderAffiliateProgramPage(java.lang.String,java.lang.String)[pri:2, instance:tests.affiliateProgramPageTests.AllPageFirefoxTests@2c1b194a]" started-at="2023-08-15T15:54:48 EEST" name="getStartedHeaderAffiliateProgramPage" finished-at="2023-08-15T15:54:52 EEST" duration-ms="4129" status="PASS">
          <params>
            <param index="0">
              <value>
                <![CDATA[https://ai-mood.com/en/affiliate-program]]>
              </value>
            </param>
            <param index="1">
              <value>
                <![CDATA[Screenshots/]]>
              </value>
            </param>
          </params>
          <reporter-output>
          </reporter-output>
        </test-method> <!-- getStartedHeaderAffiliateProgramPage -->
        <test-method is-config="true" signature="setUp()[pri:0, instance:tests.affiliateProgramPageTests.AllPageFirefoxTests@2c1b194a]" started-at="2023-08-15T15:54:48 EEST" name="setUp" finished-at="2023-08-15T15:54:48 EEST" duration-ms="0" status="PASS">
          <reporter-output>
          </reporter-output>
        </test-method> <!-- setUp -->
        <test-method signature="learnHeaderAffiliateProgramPage(java.lang.String,java.lang.String)[pri:3, instance:tests.affiliateProgramPageTests.AllPageFirefoxTests@2c1b194a]" started-at="2023-08-15T15:54:52 EEST" name="learnHeaderAffiliateProgramPage" finished-at="2023-08-15T15:54:57 EEST" duration-ms="4091" status="PASS">
          <params>
            <param index="0">
              <value>
                <![CDATA[https://ai-mood.com/en/affiliate-program]]>
              </value>
            </param>
            <param index="1">
              <value>
                <![CDATA[Screenshots/]]>
              </value>
            </param>
          </params>
          <reporter-output>
          </reporter-output>
        </test-method> <!-- learnHeaderAffiliateProgramPage -->
        <test-method is-config="true" signature="setUp()[pri:0, instance:tests.affiliateProgramPageTests.AllPageFirefoxTests@2c1b194a]" started-at="2023-08-15T15:54:52 EEST" name="setUp" finished-at="2023-08-15T15:54:52 EEST" duration-ms="0" status="PASS">
          <reporter-output>
          </reporter-output>
        </test-method> <!-- setUp -->
        <test-method signature="resourcesHeaderAffiliateProgramPage(java.lang.String,java.lang.String)[pri:4, instance:tests.affiliateProgramPageTests.AllPageFirefoxTests@2c1b194a]" started-at="2023-08-15T15:54:57 EEST" name="resourcesHeaderAffiliateProgramPage" finished-at="2023-08-15T15:55:01 EEST" duration-ms="4080" status="PASS">
          <params>
            <param index="0">
              <value>
                <![CDATA[https://ai-mood.com/en/affiliate-program]]>
              </value>
            </param>
            <param index="1">
              <value>
                <![CDATA[Screenshots/]]>
              </value>
            </param>
          </params>
          <reporter-output>
          </reporter-output>
        </test-method> <!-- resourcesHeaderAffiliateProgramPage -->
        <test-method is-config="true" signature="setUp()[pri:0, instance:tests.affiliateProgramPageTests.AllPageFirefoxTests@2c1b194a]" started-at="2023-08-15T15:54:57 EEST" name="setUp" finished-at="2023-08-15T15:54:57 EEST" duration-ms="0" status="PASS">
          <reporter-output>
          </reporter-output>
        </test-method> <!-- setUp -->
        <test-method signature="mainSectionAffiliateProgramPage(java.lang.String,java.lang.String)[pri:6, instance:tests.affiliateProgramPageTests.AllPageFirefoxTests@2c1b194a]" started-at="2023-08-15T15:55:01 EEST" name="mainSectionAffiliateProgramPage" finished-at="2023-08-15T15:55:07 EEST" duration-ms="5941" status="PASS">
          <params>
            <param index="0">
              <value>
                <![CDATA[https://ai-mood.com/en/affiliate-program]]>
              </value>
            </param>
            <param index="1">
              <value>
                <![CDATA[Screenshots/]]>
              </value>
            </param>
          </params>
          <reporter-output>
          </reporter-output>
        </test-method> <!-- mainSectionAffiliateProgramPage -->
        <test-method is-config="true" signature="setUp()[pri:0, instance:tests.affiliateProgramPageTests.AllPageFirefoxTests@2c1b194a]" started-at="2023-08-15T15:55:01 EEST" name="setUp" finished-at="2023-08-15T15:55:01 EEST" duration-ms="0" status="PASS">
          <reporter-output>
          </reporter-output>
        </test-method> <!-- setUp -->
        <test-method is-config="true" signature="setUp()[pri:0, instance:tests.affiliateProgramPageTests.AllPageFirefoxTests@2c1b194a]" started-at="2023-08-15T15:55:07 EEST" name="setUp" finished-at="2023-08-15T15:55:07 EEST" duration-ms="0" status="PASS">
          <reporter-output>
          </reporter-output>
        </test-method> <!-- setUp -->
        <test-method signature="affiliateSectionAffiliateProgramPage(java.lang.String,java.lang.String)[pri:7, instance:tests.affiliateProgramPageTests.AllPageFirefoxTests@2c1b194a]" started-at="2023-08-15T15:55:07 EEST" name="affiliateSectionAffiliateProgramPage" finished-at="2023-08-15T15:55:12 EEST" duration-ms="5262" status="PASS">
          <params>
            <param index="0">
              <value>
                <![CDATA[https://ai-mood.com/en/affiliate-program]]>
              </value>
            </param>
            <param index="1">
              <value>
                <![CDATA[Screenshots/]]>
              </value>
            </param>
          </params>
          <reporter-output>
          </reporter-output>
        </test-method> <!-- affiliateSectionAffiliateProgramPage -->
        <test-method signature="allFooterAffiliateProgramPage(java.lang.String,java.lang.String)[pri:8, instance:tests.affiliateProgramPageTests.AllPageFirefoxTests@2c1b194a]" started-at="2023-08-15T15:55:12 EEST" name="allFooterAffiliateProgramPage" finished-at="2023-08-15T15:55:17 EEST" duration-ms="4976" status="PASS">
          <params>
            <param index="0">
              <value>
                <![CDATA[https://ai-mood.com/en/affiliate-program]]>
              </value>
            </param>
            <param index="1">
              <value>
                <![CDATA[Screenshots/]]>
              </value>
            </param>
          </params>
          <reporter-output>
          </reporter-output>
        </test-method> <!-- allFooterAffiliateProgramPage -->
        <test-method is-config="true" signature="setUp()[pri:0, instance:tests.affiliateProgramPageTests.AllPageFirefoxTests@2c1b194a]" started-at="2023-08-15T15:55:12 EEST" name="setUp" finished-at="2023-08-15T15:55:12 EEST" duration-ms="0" status="PASS">
          <reporter-output>
          </reporter-output>
        </test-method> <!-- setUp -->
        <test-method signature="partnFooterAffiliateProgramPage(java.lang.String,java.lang.String)[pri:9, instance:tests.affiliateProgramPageTests.AllPageFirefoxTests@2c1b194a]" started-at="2023-08-15T15:55:17 EEST" name="partnFooterAffiliateProgramPage" finished-at="2023-08-15T15:55:22 EEST" duration-ms="4986" status="PASS">
          <params>
            <param index="0">
              <value>
                <![CDATA[https://ai-mood.com/en/affiliate-program]]>
              </value>
            </param>
            <param index="1">
              <value>
                <![CDATA[Screenshots/]]>
              </value>
            </param>
          </params>
          <reporter-output>
          </reporter-output>
        </test-method> <!-- partnFooterAffiliateProgramPage -->
        <test-method is-config="true" signature="setUp()[pri:0, instance:tests.affiliateProgramPageTests.AllPageFirefoxTests@2c1b194a]" started-at="2023-08-15T15:55:17 EEST" name="setUp" finished-at="2023-08-15T15:55:17 EEST" duration-ms="0" status="PASS">
          <reporter-output>
          </reporter-output>
        </test-method> <!-- setUp -->
        <test-method signature="subFooterAffiliateProgramPage(java.lang.String,java.lang.String)[pri:10, instance:tests.affiliateProgramPageTests.AllPageFirefoxTests@2c1b194a]" started-at="2023-08-15T15:55:22 EEST" name="subFooterAffiliateProgramPage" finished-at="2023-08-15T15:55:27 EEST" duration-ms="4941" status="PASS">
          <params>
            <param index="0">
              <value>
                <![CDATA[https://ai-mood.com/en/affiliate-program]]>
              </value>
            </param>
            <param index="1">
              <value>
                <![CDATA[Screenshots/]]>
              </value>
            </param>
          </params>
          <reporter-output>
          </reporter-output>
        </test-method> <!-- subFooterAffiliateProgramPage -->
        <test-method is-config="true" signature="setUp()[pri:0, instance:tests.affiliateProgramPageTests.AllPageFirefoxTests@2c1b194a]" started-at="2023-08-15T15:55:22 EEST" name="setUp" finished-at="2023-08-15T15:55:22 EEST" duration-ms="0" status="PASS">
          <reporter-output>
          </reporter-output>
        </test-method> <!-- setUp -->
        <test-method signature="copFooterAffiliateProgramPage(java.lang.String,java.lang.String)[pri:11, instance:tests.affiliateProgramPageTests.AllPageFirefoxTests@2c1b194a]" started-at="2023-08-15T15:55:27 EEST" name="copFooterAffiliateProgramPage" finished-at="2023-08-15T15:55:31 EEST" duration-ms="4038" status="PASS">
          <params>
            <param index="0">
              <value>
                <![CDATA[https://ai-mood.com/en/affiliate-program]]>
              </value>
            </param>
            <param index="1">
              <value>
                <![CDATA[Screenshots/]]>
              </value>
            </param>
          </params>
          <reporter-output>
          </reporter-output>
        </test-method> <!-- copFooterAffiliateProgramPage -->
        <test-method is-config="true" signature="setUp()[pri:0, instance:tests.affiliateProgramPageTests.AllPageFirefoxTests@2c1b194a]" started-at="2023-08-15T15:55:27 EEST" name="setUp" finished-at="2023-08-15T15:55:27 EEST" duration-ms="0" status="PASS">
          <reporter-output>
          </reporter-output>
        </test-method> <!-- setUp -->
        <test-method is-config="true" signature="tearDown()[pri:0, instance:tests.affiliateProgramPageTests.AllPageFirefoxTests@2c1b194a]" started-at="2023-08-15T15:55:31 EEST" name="tearDown" finished-at="2023-08-15T15:55:33 EEST" duration-ms="1853" status="PASS">
          <reporter-output>
          </reporter-output>
        </test-method> <!-- tearDown -->
      </class> <!-- tests.affiliateProgramPageTests.AllPageFirefoxTests -->
      <class name="tests.affiliateProgramPageTests.AllPageChromeTests">
        <test-method is-config="true" signature="setUp()[pri:0, instance:tests.affiliateProgramPageTests.AllPageChromeTests@60bd273d]" started-at="2023-08-15T15:55:33 EEST" name="setUp" finished-at="2023-08-15T15:55:34 EEST" duration-ms="1872" status="PASS">
          <reporter-output>
          </reporter-output>
        </test-method> <!-- setUp -->
        <test-method signature="allHeaderAffiliateProgramPage(java.lang.String,java.lang.String)[pri:1, instance:tests.affiliateProgramPageTests.AllPageChromeTests@60bd273d]" started-at="2023-08-15T15:55:34 EEST" name="allHeaderAffiliateProgramPage" finished-at="2023-08-15T15:55:40 EEST" duration-ms="5758" status="PASS">
          <params>
            <param index="0">
              <value>
                <![CDATA[https://ai-mood.com/en/affiliate-program]]>
              </value>
            </param>
            <param index="1">
              <value>
                <![CDATA[Screenshots/]]>
              </value>
            </param>
          </params>
          <reporter-output>
          </reporter-output>
        </test-method> <!-- allHeaderAffiliateProgramPage -->
        <test-method signature="getStartedHeaderAffiliateProgramPage(java.lang.String,java.lang.String)[pri:2, instance:tests.affiliateProgramPageTests.AllPageChromeTests@60bd273d]" started-at="2023-08-15T15:55:40 EEST" name="getStartedHeaderAffiliateProgramPage" finished-at="2023-08-15T15:55:45 EEST" duration-ms="4419" status="PASS">
          <params>
            <param index="0">
              <value>
                <![CDATA[https://ai-mood.com/en/affiliate-program]]>
              </value>
            </param>
            <param index="1">
              <value>
                <![CDATA[Screenshots/]]>
              </value>
            </param>
          </params>
          <reporter-output>
          </reporter-output>
        </test-method> <!-- getStartedHeaderAffiliateProgramPage -->
        <test-method is-config="true" signature="setUp()[pri:0, instance:tests.affiliateProgramPageTests.AllPageChromeTests@60bd273d]" started-at="2023-08-15T15:55:40 EEST" name="setUp" finished-at="2023-08-15T15:55:40 EEST" duration-ms="0" status="PASS">
          <reporter-output>
          </reporter-output>
        </test-method> <!-- setUp -->
        <test-method is-config="true" signature="setUp()[pri:0, instance:tests.affiliateProgramPageTests.AllPageChromeTests@60bd273d]" started-at="2023-08-15T15:55:45 EEST" name="setUp" finished-at="2023-08-15T15:55:45 EEST" duration-ms="0" status="PASS">
          <reporter-output>
          </reporter-output>
        </test-method> <!-- setUp -->
        <test-method signature="learnHeaderAffiliateProgramPage(java.lang.String,java.lang.String)[pri:3, instance:tests.affiliateProgramPageTests.AllPageChromeTests@60bd273d]" started-at="2023-08-15T15:55:45 EEST" name="learnHeaderAffiliateProgramPage" finished-at="2023-08-15T15:55:49 EEST" duration-ms="4304" status="PASS">
          <params>
            <param index="0">
              <value>
                <![CDATA[https://ai-mood.com/en/affiliate-program]]>
              </value>
            </param>
            <param index="1">
              <value>
                <![CDATA[Screenshots/]]>
              </value>
            </param>
          </params>
          <reporter-output>
          </reporter-output>
        </test-method> <!-- learnHeaderAffiliateProgramPage -->
        <test-method signature="resourcesHeaderAffiliateProgramPage(java.lang.String,java.lang.String)[pri:4, instance:tests.affiliateProgramPageTests.AllPageChromeTests@60bd273d]" started-at="2023-08-15T15:55:49 EEST" name="resourcesHeaderAffiliateProgramPage" finished-at="2023-08-15T15:55:53 EEST" duration-ms="4292" status="PASS">
          <params>
            <param index="0">
              <value>
                <![CDATA[https://ai-mood.com/en/affiliate-program]]>
              </value>
            </param>
            <param index="1">
              <value>
                <![CDATA[Screenshots/]]>
              </value>
            </param>
          </params>
          <reporter-output>
          </reporter-output>
        </test-method> <!-- resourcesHeaderAffiliateProgramPage -->
        <test-method is-config="true" signature="setUp()[pri:0, instance:tests.affiliateProgramPageTests.AllPageChromeTests@60bd273d]" started-at="2023-08-15T15:55:49 EEST" name="setUp" finished-at="2023-08-15T15:55:49 EEST" duration-ms="0" status="PASS">
          <reporter-output>
          </reporter-output>
        </test-method> <!-- setUp -->
        <test-method is-config="true" signature="setUp()[pri:0, instance:tests.affiliateProgramPageTests.AllPageChromeTests@60bd273d]" started-at="2023-08-15T15:55:53 EEST" name="setUp" finished-at="2023-08-15T15:55:53 EEST" duration-ms="0" status="PASS">
          <reporter-output>
          </reporter-output>
        </test-method> <!-- setUp -->
        <test-method signature="mainSectionAffiliateProgramPage(java.lang.String,java.lang.String)[pri:6, instance:tests.affiliateProgramPageTests.AllPageChromeTests@60bd273d]" started-at="2023-08-15T15:55:53 EEST" name="mainSectionAffiliateProgramPage" finished-at="2023-08-15T15:55:59 EEST" duration-ms="6225" status="PASS">
          <params>
            <param index="0">
              <value>
                <![CDATA[https://ai-mood.com/en/affiliate-program]]>
              </value>
            </param>
            <param index="1">
              <value>
                <![CDATA[Screenshots/]]>
              </value>
            </param>
          </params>
          <reporter-output>
          </reporter-output>
        </test-method> <!-- mainSectionAffiliateProgramPage -->
        <test-method is-config="true" signature="setUp()[pri:0, instance:tests.affiliateProgramPageTests.AllPageChromeTests@60bd273d]" started-at="2023-08-15T15:55:59 EEST" name="setUp" finished-at="2023-08-15T15:55:59 EEST" duration-ms="0" status="PASS">
          <reporter-output>
          </reporter-output>
        </test-method> <!-- setUp -->
        <test-method signature="affiliateSectionAffiliateProgramPage(java.lang.String,java.lang.String)[pri:7, instance:tests.affiliateProgramPageTests.AllPageChromeTests@60bd273d]" started-at="2023-08-15T15:55:59 EEST" name="affiliateSectionAffiliateProgramPage" finished-at="2023-08-15T15:56:05 EEST" duration-ms="5621" status="PASS">
          <params>
            <param index="0">
              <value>
                <![CDATA[https://ai-mood.com/en/affiliate-program]]>
              </value>
            </param>
            <param index="1">
              <value>
                <![CDATA[Screenshots/]]>
              </value>
            </param>
          </params>
          <reporter-output>
          </reporter-output>
        </test-method> <!-- affiliateSectionAffiliateProgramPage -->
        <test-method signature="allFooterAffiliateProgramPage(java.lang.String,java.lang.String)[pri:8, instance:tests.affiliateProgramPageTests.AllPageChromeTests@60bd273d]" started-at="2023-08-15T15:56:05 EEST" name="allFooterAffiliateProgramPage" finished-at="2023-08-15T15:56:10 EEST" duration-ms="5258" status="PASS">
          <params>
            <param index="0">
              <value>
                <![CDATA[https://ai-mood.com/en/affiliate-program]]>
              </value>
            </param>
            <param index="1">
              <value>
                <![CDATA[Screenshots/]]>
              </value>
            </param>
          </params>
          <reporter-output>
          </reporter-output>
        </test-method> <!-- allFooterAffiliateProgramPage -->
        <test-method is-config="true" signature="setUp()[pri:0, instance:tests.affiliateProgramPageTests.AllPageChromeTests@60bd273d]" started-at="2023-08-15T15:56:05 EEST" name="setUp" finished-at="2023-08-15T15:56:05 EEST" duration-ms="0" status="PASS">
          <reporter-output>
          </reporter-output>
        </test-method> <!-- setUp -->
        <test-method is-config="true" signature="setUp()[pri:0, instance:tests.affiliateProgramPageTests.AllPageChromeTests@60bd273d]" started-at="2023-08-15T15:56:10 EEST" name="setUp" finished-at="2023-08-15T15:56:10 EEST" duration-ms="0" status="PASS">
          <reporter-output>
          </reporter-output>
        </test-method> <!-- setUp -->
        <test-method signature="partnFooterAffiliateProgramPage(java.lang.String,java.lang.String)[pri:9, instance:tests.affiliateProgramPageTests.AllPageChromeTests@60bd273d]" started-at="2023-08-15T15:56:10 EEST" name="partnFooterAffiliateProgramPage" finished-at="2023-08-15T15:56:15 EEST" duration-ms="5130" status="PASS">
          <params>
            <param index="0">
              <value>
                <![CDATA[https://ai-mood.com/en/affiliate-program]]>
              </value>
            </param>
            <param index="1">
              <value>
                <![CDATA[Screenshots/]]>
              </value>
            </param>
          </params>
          <reporter-output>
          </reporter-output>
        </test-method> <!-- partnFooterAffiliateProgramPage -->
        <test-method signature="subFooterAffiliateProgramPage(java.lang.String,java.lang.String)[pri:10, instance:tests.affiliateProgramPageTests.AllPageChromeTests@60bd273d]" started-at="2023-08-15T15:56:15 EEST" name="subFooterAffiliateProgramPage" finished-at="2023-08-15T15:56:21 EEST" duration-ms="5110" status="PASS">
          <params>
            <param index="0">
              <value>
                <![CDATA[https://ai-mood.com/en/affiliate-program]]>
              </value>
            </param>
            <param index="1">
              <value>
                <![CDATA[Screenshots/]]>
              </value>
            </param>
          </params>
          <reporter-output>
          </reporter-output>
        </test-method> <!-- subFooterAffiliateProgramPage -->
        <test-method is-config="true" signature="setUp()[pri:0, instance:tests.affiliateProgramPageTests.AllPageChromeTests@60bd273d]" started-at="2023-08-15T15:56:15 EEST" name="setUp" finished-at="2023-08-15T15:56:15 EEST" duration-ms="0" status="PASS">
          <reporter-output>
          </reporter-output>
        </test-method> <!-- setUp -->
        <test-method is-config="true" signature="setUp()[pri:0, instance:tests.affiliateProgramPageTests.AllPageChromeTests@60bd273d]" started-at="2023-08-15T15:56:21 EEST" name="setUp" finished-at="2023-08-15T15:56:21 EEST" duration-ms="0" status="PASS">
          <reporter-output>
          </reporter-output>
        </test-method> <!-- setUp -->
        <test-method signature="copFooterAffiliateProgramPage(java.lang.String,java.lang.String)[pri:11, instance:tests.affiliateProgramPageTests.AllPageChromeTests@60bd273d]" started-at="2023-08-15T15:56:21 EEST" name="copFooterAffiliateProgramPage" finished-at="2023-08-15T15:56:25 EEST" duration-ms="4180" status="PASS">
          <params>
            <param index="0">
              <value>
                <![CDATA[https://ai-mood.com/en/affiliate-program]]>
              </value>
            </param>
            <param index="1">
              <value>
                <![CDATA[Screenshots/]]>
              </value>
            </param>
          </params>
          <reporter-output>
          </reporter-output>
        </test-method> <!-- copFooterAffiliateProgramPage -->
        <test-method is-config="true" signature="tearDown()[pri:0, instance:tests.affiliateProgramPageTests.AllPageChromeTests@60bd273d]" started-at="2023-08-15T15:56:25 EEST" name="tearDown" finished-at="2023-08-15T15:56:25 EEST" duration-ms="641" status="PASS">
          <reporter-output>
          </reporter-output>
        </test-method> <!-- tearDown -->
      </class> <!-- tests.affiliateProgramPageTests.AllPageChromeTests -->
    </test> <!-- ai-mood - Pixel perfect regression -->
  </suite> <!-- WPT -->
</testng-results>
