<?xml version="1.0" encoding="UTF-8"?>
<testng-results ignored="0" total="9" passed="9" failed="0" skipped="0">
  <reporter-output>
  </reporter-output>
  <suite started-at="2023-09-19T11:01:17 EEST" name="WPT" finished-at="2023-09-19T11:02:28 EEST" duration-ms="70226">
    <groups>
    </groups>
    <test started-at="2023-09-19T11:01:17 EEST" name="ai-mood - Pixel perfect regression" finished-at="2023-09-19T11:02:28 EEST" duration-ms="70226">
      <class name="tests.whitePaper.WhitePaperFirefoxTests">
        <test-method is-config="true" signature="setUp()[pri:0, instance:tests.whitePaper.WhitePaperFirefoxTests@5e600dd5]" started-at="2023-09-19T11:01:17 EEST" name="setUp" finished-at="2023-09-19T11:01:22 EEST" duration-ms="4817" status="PASS">
          <reporter-output>
          </reporter-output>
        </test-method> <!-- setUp -->
        <test-method signature="allHeaderWhitePaperPage(java.lang.String,java.lang.String)[pri:1, instance:tests.whitePaper.WhitePaperFirefoxTests@5e600dd5]" started-at="2023-09-19T11:01:22 EEST" name="allHeaderWhitePaperPage" finished-at="2023-09-19T11:01:37 EEST" duration-ms="15120" status="PASS">
          <params>
            <param index="0">
              <value>
                <![CDATA[https://ai-mood.com/en/white-paper]]>
              </value>
            </param>
            <param index="1">
              <value>
                <![CDATA[Screenshots/]]>
              </value>
            </param>
          </params>
          <reporter-output>
          </reporter-output>
        </test-method> <!-- allHeaderWhitePaperPage -->
        <test-method signature="getStartedHeaderWhitePaperPage(java.lang.String,java.lang.String)[pri:2, instance:tests.whitePaper.WhitePaperFirefoxTests@5e600dd5]" started-at="2023-09-19T11:01:37 EEST" name="getStartedHeaderWhitePaperPage" finished-at="2023-09-19T11:01:44 EEST" duration-ms="6134" status="PASS">
          <params>
            <param index="0">
              <value>
                <![CDATA[https://ai-mood.com/en/white-paper]]>
              </value>
            </param>
            <param index="1">
              <value>
                <![CDATA[Screenshots/]]>
              </value>
            </param>
          </params>
          <reporter-output>
          </reporter-output>
        </test-method> <!-- getStartedHeaderWhitePaperPage -->
        <test-method is-config="true" signature="setUp()[pri:0, instance:tests.whitePaper.WhitePaperFirefoxTests@5e600dd5]" started-at="2023-09-19T11:01:37 EEST" name="setUp" finished-at="2023-09-19T11:01:37 EEST" duration-ms="0" status="PASS">
          <reporter-output>
          </reporter-output>
        </test-method> <!-- setUp -->
        <test-method is-config="true" signature="setUp()[pri:0, instance:tests.whitePaper.WhitePaperFirefoxTests@5e600dd5]" started-at="2023-09-19T11:01:44 EEST" name="setUp" finished-at="2023-09-19T11:01:44 EEST" duration-ms="1" status="PASS">
          <reporter-output>
          </reporter-output>
        </test-method> <!-- setUp -->
        <test-method signature="marketPlaceHeaderWhitePaperPage(java.lang.String,java.lang.String)[pri:2, instance:tests.whitePaper.WhitePaperFirefoxTests@5e600dd5]" started-at="2023-09-19T11:01:44 EEST" name="marketPlaceHeaderWhitePaperPage" finished-at="2023-09-19T11:01:50 EEST" duration-ms="6059" status="PASS">
          <params>
            <param index="0">
              <value>
                <![CDATA[https://ai-mood.com/en/white-paper]]>
              </value>
            </param>
            <param index="1">
              <value>
                <![CDATA[Screenshots/]]>
              </value>
            </param>
          </params>
          <reporter-output>
          </reporter-output>
        </test-method> <!-- marketPlaceHeaderWhitePaperPage -->
        <test-method signature="whitePaperHeaderWhitePaperPage(java.lang.String,java.lang.String)[pri:2, instance:tests.whitePaper.WhitePaperFirefoxTests@5e600dd5]" started-at="2023-09-19T11:01:50 EEST" name="whitePaperHeaderWhitePaperPage" finished-at="2023-09-19T11:01:56 EEST" duration-ms="6127" status="PASS">
          <params>
            <param index="0">
              <value>
                <![CDATA[https://ai-mood.com/en/white-paper]]>
              </value>
            </param>
            <param index="1">
              <value>
                <![CDATA[Screenshots/]]>
              </value>
            </param>
          </params>
          <reporter-output>
          </reporter-output>
        </test-method> <!-- whitePaperHeaderWhitePaperPage -->
        <test-method is-config="true" signature="setUp()[pri:0, instance:tests.whitePaper.WhitePaperFirefoxTests@5e600dd5]" started-at="2023-09-19T11:01:50 EEST" name="setUp" finished-at="2023-09-19T11:01:50 EEST" duration-ms="0" status="PASS">
          <reporter-output>
          </reporter-output>
        </test-method> <!-- setUp -->
        <test-method signature="learnHeaderWhitePaperPage(java.lang.String,java.lang.String)[pri:3, instance:tests.whitePaper.WhitePaperFirefoxTests@5e600dd5]" started-at="2023-09-19T11:01:56 EEST" name="learnHeaderWhitePaperPage" finished-at="2023-09-19T11:02:02 EEST" duration-ms="6032" status="PASS">
          <params>
            <param index="0">
              <value>
                <![CDATA[https://ai-mood.com/en/white-paper]]>
              </value>
            </param>
            <param index="1">
              <value>
                <![CDATA[Screenshots/]]>
              </value>
            </param>
          </params>
          <reporter-output>
          </reporter-output>
        </test-method> <!-- learnHeaderWhitePaperPage -->
        <test-method is-config="true" signature="setUp()[pri:0, instance:tests.whitePaper.WhitePaperFirefoxTests@5e600dd5]" started-at="2023-09-19T11:01:56 EEST" name="setUp" finished-at="2023-09-19T11:01:56 EEST" duration-ms="0" status="PASS">
          <reporter-output>
          </reporter-output>
        </test-method> <!-- setUp -->
        <test-method signature="resourcesHeaderWhitePaperPage(java.lang.String,java.lang.String)[pri:4, instance:tests.whitePaper.WhitePaperFirefoxTests@5e600dd5]" started-at="2023-09-19T11:02:02 EEST" name="resourcesHeaderWhitePaperPage" finished-at="2023-09-19T11:02:08 EEST" duration-ms="6044" status="PASS">
          <params>
            <param index="0">
              <value>
                <![CDATA[https://ai-mood.com/en/white-paper]]>
              </value>
            </param>
            <param index="1">
              <value>
                <![CDATA[Screenshots/]]>
              </value>
            </param>
          </params>
          <reporter-output>
          </reporter-output>
        </test-method> <!-- resourcesHeaderWhitePaperPage -->
        <test-method is-config="true" signature="setUp()[pri:0, instance:tests.whitePaper.WhitePaperFirefoxTests@5e600dd5]" started-at="2023-09-19T11:02:02 EEST" name="setUp" finished-at="2023-09-19T11:02:02 EEST" duration-ms="0" status="PASS">
          <reporter-output>
          </reporter-output>
        </test-method> <!-- setUp -->
        <test-method signature="mainBlockWhitePaperPage(java.lang.String,java.lang.String)[pri:5, instance:tests.whitePaper.WhitePaperFirefoxTests@5e600dd5]" started-at="2023-09-19T11:02:08 EEST" name="mainBlockWhitePaperPage" finished-at="2023-09-19T11:02:14 EEST" duration-ms="6004" status="PASS">
          <params>
            <param index="0">
              <value>
                <![CDATA[https://ai-mood.com/en/white-paper]]>
              </value>
            </param>
            <param index="1">
              <value>
                <![CDATA[Screenshots/]]>
              </value>
            </param>
          </params>
          <reporter-output>
          </reporter-output>
        </test-method> <!-- mainBlockWhitePaperPage -->
        <test-method is-config="true" signature="setUp()[pri:0, instance:tests.whitePaper.WhitePaperFirefoxTests@5e600dd5]" started-at="2023-09-19T11:02:08 EEST" name="setUp" finished-at="2023-09-19T11:02:08 EEST" duration-ms="0" status="PASS">
          <reporter-output>
          </reporter-output>
        </test-method> <!-- setUp -->
        <test-method is-config="true" signature="setUp()[pri:0, instance:tests.whitePaper.WhitePaperFirefoxTests@5e600dd5]" started-at="2023-09-19T11:02:14 EEST" name="setUp" finished-at="2023-09-19T11:02:14 EEST" duration-ms="0" status="PASS">
          <reporter-output>
          </reporter-output>
        </test-method> <!-- setUp -->
        <test-method signature="marketTokenWhitePaperPage(java.lang.String,java.lang.String)[pri:6, instance:tests.whitePaper.WhitePaperFirefoxTests@5e600dd5]" started-at="2023-09-19T11:02:14 EEST" name="marketTokenWhitePaperPage" finished-at="2023-09-19T11:02:20 EEST" duration-ms="6319" status="PASS">
          <params>
            <param index="0">
              <value>
                <![CDATA[https://ai-mood.com/en/white-paper]]>
              </value>
            </param>
            <param index="1">
              <value>
                <![CDATA[Screenshots/]]>
              </value>
            </param>
          </params>
          <reporter-output>
          </reporter-output>
        </test-method> <!-- marketTokenWhitePaperPage -->
        <test-method signature="allFooterWhitePaperPage(java.lang.String,java.lang.String)[pri:7, instance:tests.whitePaper.WhitePaperFirefoxTests@5e600dd5]" started-at="2023-09-19T11:02:20 EEST" name="allFooterWhitePaperPage" finished-at="2023-09-19T11:02:26 EEST" duration-ms="5941" status="PASS">
          <params>
            <param index="0">
              <value>
                <![CDATA[https://ai-mood.com/en/white-paper]]>
              </value>
            </param>
            <param index="1">
              <value>
                <![CDATA[Screenshots/]]>
              </value>
            </param>
          </params>
          <reporter-output>
          </reporter-output>
        </test-method> <!-- allFooterWhitePaperPage -->
        <test-method is-config="true" signature="setUp()[pri:0, instance:tests.whitePaper.WhitePaperFirefoxTests@5e600dd5]" started-at="2023-09-19T11:02:20 EEST" name="setUp" finished-at="2023-09-19T11:02:20 EEST" duration-ms="0" status="PASS">
          <reporter-output>
          </reporter-output>
        </test-method> <!-- setUp -->
        <test-method is-config="true" signature="tearDown()[pri:0, instance:tests.whitePaper.WhitePaperFirefoxTests@5e600dd5]" started-at="2023-09-19T11:02:26 EEST" name="tearDown" finished-at="2023-09-19T11:02:28 EEST" duration-ms="1558" status="PASS">
          <reporter-output>
          </reporter-output>
        </test-method> <!-- tearDown -->
      </class> <!-- tests.whitePaper.WhitePaperFirefoxTests -->
    </test> <!-- ai-mood - Pixel perfect regression -->
  </suite> <!-- WPT -->
</testng-results>
