<?xml version="1.0" encoding="UTF-8"?>
<testsuite xmlns:xsi="http://www.w3.org/2001/XMLSchema-instance" xsi:noNamespaceSchemaLocation="https://maven.apache.org/surefire/maven-surefire-plugin/xsd/surefire-test-report-3.0.xsd" version="3.0" name="TestSuite" time="4,106.26" tests="302" errors="0" skipped="113" failures="55">
  <properties>
[...]
</properties>
  <testcase name="allHeaderMainPage[https://ai-mood.com/en, Screenshots/](1)" classname="tests.mainPageTests.AllPageFirefoxTests" time="21.648">
    <system-out><![CDATA[The two images are similar.
]]></system-out>
    <system-err><![CDATA[SLF4J: Failed to load class "org.slf4j.impl.StaticLoggerBinder".
SLF4J: Defaulting to no-operation (NOP) logger implementation
SLF4J: See http://www.slf4j.org/codes.html#StaticLoggerBinder for further details.
]]></system-err>
  </testcase>
  <testcase name="getStartedHeaderMainPage[https://ai-mood.com/en, Screenshots/](1)" classname="tests.mainPageTests.AllPageFirefoxTests" time="0">
    <skipped message="*** Images are not similar *** expected [true] but found [false]"/>
    <system-out><![CDATA[The two images are not similar.
Difference found. See the file D:\jenkins-agent-data\workspace\pixelPerfectMultiPlatform_AI_Mood_Prod\Screenshots\Main_page\EnFirefox\Screenshots_getStartedHeaderMainPage\difference.png for details.
]]></system-out>
  </testcase>
  <testcase name="getStartedHeaderMainPage[https://ai-mood.com/en, Screenshots/](2)" classname="tests.mainPageTests.AllPageFirefoxTests" time="0">
    <skipped message="*** Images are not similar *** expected [true] but found [false]"/>
    <system-out><![CDATA[The two images are not similar.
Difference found. See the file D:\jenkins-agent-data\workspace\pixelPerfectMultiPlatform_AI_Mood_Prod\Screenshots\Main_page\EnFirefox\Screenshots_getStartedHeaderMainPage\difference.png for details.
]]></system-out>
  </testcase>
  <testcase name="getStartedHeaderMainPage[https://ai-mood.com/en, Screenshots/](3)" classname="tests.mainPageTests.AllPageFirefoxTests" time="3.681">
    <failure message="*** Images are not similar *** expected [true] but found [false]" type="java.lang.AssertionError"><![CDATA[java.lang.AssertionError: *** Images are not similar *** expected [true] but found [false]
	at tests.mainPageTests.AllPageFirefoxTests.getStartedHeaderMainPage(AllPageFirefoxTests.java:44)
]]></failure>
    <system-out><![CDATA[The two images are not similar.
Difference found. See the file D:\jenkins-agent-data\workspace\pixelPerfectMultiPlatform_AI_Mood_Prod\Screenshots\Main_page\EnFirefox\Screenshots_getStartedHeaderMainPage\difference.png for details.
]]></system-out>
  </testcase>
  <testcase name="learnHeaderMainPage[https://ai-mood.com/en, Screenshots/](1)" classname="tests.mainPageTests.AllPageFirefoxTests" time="0">
    <skipped message="*** Images are not similar *** expected [true] but found [false]"/>
    <system-out><![CDATA[The two images are not similar.
Difference found. See the file D:\jenkins-agent-data\workspace\pixelPerfectMultiPlatform_AI_Mood_Prod\Screenshots\Main_page\EnFirefox\Screenshots_learnHeaderMainPage\difference.png for details.
]]></system-out>
  </testcase>
  <testcase name="learnHeaderMainPage[https://ai-mood.com/en, Screenshots/](2)" classname="tests.mainPageTests.AllPageFirefoxTests" time="0">
    <skipped message="*** Images are not similar *** expected [true] but found [false]"/>
    <system-out><![CDATA[The two images are not similar.
Difference found. See the file D:\jenkins-agent-data\workspace\pixelPerfectMultiPlatform_AI_Mood_Prod\Screenshots\Main_page\EnFirefox\Screenshots_learnHeaderMainPage\difference.png for details.
]]></system-out>
  </testcase>
  <testcase name="learnHeaderMainPage[https://ai-mood.com/en, Screenshots/](3)" classname="tests.mainPageTests.AllPageFirefoxTests" time="3.608">
    <failure message="*** Images are not similar *** expected [true] but found [false]" type="java.lang.AssertionError"><![CDATA[java.lang.AssertionError: *** Images are not similar *** expected [true] but found [false]
	at tests.mainPageTests.AllPageFirefoxTests.learnHeaderMainPage(AllPageFirefoxTests.java:62)
]]></failure>
    <system-out><![CDATA[The two images are not similar.
Difference found. See the file D:\jenkins-agent-data\workspace\pixelPerfectMultiPlatform_AI_Mood_Prod\Screenshots\Main_page\EnFirefox\Screenshots_learnHeaderMainPage\difference.png for details.
]]></system-out>
  </testcase>
  <testcase name="resourcesHeaderMainPage[https://ai-mood.com/en, Screenshots/](1)" classname="tests.mainPageTests.AllPageFirefoxTests" time="0">
    <skipped message="*** Images are not similar *** expected [true] but found [false]"/>
    <system-out><![CDATA[The two images are not similar.
Difference found. See the file D:\jenkins-agent-data\workspace\pixelPerfectMultiPlatform_AI_Mood_Prod\Screenshots\Main_page\EnFirefox\Screenshots_resourcesHeaderMainPage\difference.png for details.
]]></system-out>
  </testcase>
  <testcase name="resourcesHeaderMainPage[https://ai-mood.com/en, Screenshots/](2)" classname="tests.mainPageTests.AllPageFirefoxTests" time="0">
    <skipped message="*** Images are not similar *** expected [true] but found [false]"/>
    <system-out><![CDATA[The two images are not similar.
Difference found. See the file D:\jenkins-agent-data\workspace\pixelPerfectMultiPlatform_AI_Mood_Prod\Screenshots\Main_page\EnFirefox\Screenshots_resourcesHeaderMainPage\difference.png for details.
]]></system-out>
  </testcase>
  <testcase name="resourcesHeaderMainPage[https://ai-mood.com/en, Screenshots/](3)" classname="tests.mainPageTests.AllPageFirefoxTests" time="3.554">
    <failure message="*** Images are not similar *** expected [true] but found [false]" type="java.lang.AssertionError"><![CDATA[java.lang.AssertionError: *** Images are not similar *** expected [true] but found [false]
	at tests.mainPageTests.AllPageFirefoxTests.resourcesHeaderMainPage(AllPageFirefoxTests.java:80)
]]></failure>
    <system-out><![CDATA[The two images are not similar.
Difference found. See the file D:\jenkins-agent-data\workspace\pixelPerfectMultiPlatform_AI_Mood_Prod\Screenshots\Main_page\EnFirefox\Screenshots_resourcesHeaderMainPage\difference.png for details.
]]></system-out>
  </testcase>
  <testcase name="mainSectionMainPage[https://ai-mood.com/en, Screenshots/](1)" classname="tests.mainPageTests.AllPageFirefoxTests" time="4.956">
    <system-out><![CDATA[The two images are similar.
]]></system-out>
  </testcase>
  <testcase name="videoSectionMainPage[https://ai-mood.com/en, Screenshots/](1)" classname="tests.mainPageTests.AllPageFirefoxTests" time="5.303">
    <system-out><![CDATA[The two images are similar.
]]></system-out>
  </testcase>
  <testcase name="roadmapSectionMainPage[https://ai-mood.com/en, Screenshots/](1)" classname="tests.mainPageTests.AllPageFirefoxTests" time="5.209">
    <system-out><![CDATA[The two images are similar.
]]></system-out>
  </testcase>
  <testcase name="statisticsSectionMainPage[https://ai-mood.com/en, Screenshots/](1)" classname="tests.mainPageTests.AllPageFirefoxTests" time="5.33">
    <system-out><![CDATA[The two images are similar.
]]></system-out>
  </testcase>
  <testcase name="leaningSectionMainPage[https://ai-mood.com/en, Screenshots/](1)" classname="tests.mainPageTests.AllPageFirefoxTests" time="5.507">
    <system-out><![CDATA[The two images are similar.
]]></system-out>
  </testcase>
  <testcase name="allFooterMainPage[https://ai-mood.com/en, Screenshots/](1)" classname="tests.mainPageTests.AllPageFirefoxTests" time="5.755">
    <system-out><![CDATA[The two images are similar.
]]></system-out>
  </testcase>
  <testcase name="partnFooterMainPage[https://ai-mood.com/en, Screenshots/](1)" classname="tests.mainPageTests.AllPageFirefoxTests" time="4.885">
    <system-out><![CDATA[The two images are similar.
]]></system-out>
  </testcase>
  <testcase name="subFooterMainPage[https://ai-mood.com/en, Screenshots/](1)" classname="tests.mainPageTests.AllPageFirefoxTests" time="4.902">
    <system-out><![CDATA[The two images are similar.
]]></system-out>
  </testcase>
  <testcase name="copFooterMainPage[https://ai-mood.com/en, Screenshots/](1)" classname="tests.mainPageTests.AllPageFirefoxTests" time="4.474">
    <system-out><![CDATA[The two images are similar.
]]></system-out>
  </testcase>
  <testcase name="loginInToTheDexTrade" classname="tests.mainPageTests.AllPageFirefoxAuthTests" time="6.111">
    <failure message="&#10;Cannot inject @Test annotated Method [loginInToTheDexTrade] with [class java.lang.String].&#10;For more information on native dependency injection please refer to https://testng.org/doc/documentation-main.html#native-dependency-injection" type="org.testng.TestNGException"><![CDATA[org.testng.TestNGException: 

Cannot inject @Test annotated Method [loginInToTheDexTrade] with [class java.lang.String].
For more information on native dependency injection please refer to https://testng.org/doc/documentation-main.html#native-dependency-injection
]]></failure>
  </testcase>
  <testcase name="allHeaderMainPage" classname="tests.mainPageTests.AllPageFirefoxAuthTests" time="0">
    <skipped message="Can&apos;t read input file!"/>
    <system-out><![CDATA[*** File exists ***
]]></system-out>
  </testcase>
  <testcase name="allHeaderMainPage" classname="tests.mainPageTests.AllPageFirefoxAuthTests" time="0">
    <skipped message="Can&apos;t read input file!"/>
    <system-out><![CDATA[*** File exists ***
]]></system-out>
    <system-err><![CDATA[org.openqa.selenium.NoSuchElementException: Unable to locate element: //button[@class='close-button']
For documentation on this error, please visit: https://www.selenium.dev/documentation/webdriver/troubleshooting/errors#no-such-element-exception
Build info: version: '4.11.0', revision: '040bc5406b'
System info: os.name: 'Windows 10', os.arch: 'amd64', os.version: '10.0', java.version: '11.0.2'
Driver info: org.openqa.selenium.firefox.FirefoxDriver
Command: [d00af6c9-0f16-4603-a386-88718c9eb966, findElement {using=xpath, value=//button[@class='close-button']}]
Capabilities {acceptInsecureCerts: true, browserName: firefox, browserVersion: 113.0.2, moz:accessibilityChecks: false, moz:buildID: 20230522134052, moz:debuggerAddress: 127.0.0.1:20533, moz:geckodriverVersion: 0.33.0, moz:headless: false, moz:platformVersion: 10.0, moz:processID: 2768, moz:profile: C:\Users\admin\AppData\Loca..., moz:shutdownTimeout: 60000, moz:useNonSpecCompliantPointerOrigin: false, moz:webdriverClick: true, moz:windowless: false, pageLoadStrategy: normal, platformName: windows, proxy: Proxy(), se:cdp: ws://127.0.0.1:20533/devtoo..., se:cdpVersion: 85.0, setWindowRect: true, strictFileInteractability: false, timeouts: {implicit: 0, pageLoad: 300000, script: 30000}, unhandledPromptBehavior: dismiss and notify}
Session ID: d00af6c9-0f16-4603-a386-88718c9eb966
	at java.base/jdk.internal.reflect.NativeConstructorAccessorImpl.newInstance0(Native Method)
	at java.base/jdk.internal.reflect.NativeConstructorAccessorImpl.newInstance(NativeConstructorAccessorImpl.java:62)
	at java.base/jdk.internal.reflect.DelegatingConstructorAccessorImpl.newInstance(DelegatingConstructorAccessorImpl.java:45)
	at java.base/java.lang.reflect.Constructor.newInstance(Constructor.java:490)
	at org.openqa.selenium.remote.codec.w3c.W3CHttpResponseCodec.createException(W3CHttpResponseCodec.java:200)
	at org.openqa.selenium.remote.codec.w3c.W3CHttpResponseCodec.decode(W3CHttpResponseCodec.java:133)
	at org.openqa.selenium.remote.codec.w3c.W3CHttpResponseCodec.decode(W3CHttpResponseCodec.java:52)
	at org.openqa.selenium.remote.HttpCommandExecutor.execute(HttpCommandExecutor.java:191)
	at org.openqa.selenium.remote.service.DriverCommandExecutor.invokeExecute(DriverCommandExecutor.java:196)
	at org.openqa.selenium.remote.service.DriverCommandExecutor.execute(DriverCommandExecutor.java:171)
	at org.openqa.selenium.remote.RemoteWebDriver.execute(RemoteWebDriver.java:518)
	at org.openqa.selenium.remote.ElementLocation$ElementFinder$2.findElement(ElementLocation.java:165)
	at org.openqa.selenium.remote.ElementLocation.findElement(ElementLocation.java:59)
	at org.openqa.selenium.remote.RemoteWebDriver.findElement(RemoteWebDriver.java:355)
	at org.openqa.selenium.remote.RemoteWebDriver.findElement(RemoteWebDriver.java:349)
	at pages.base.Action.findElementByXpath(Action.java:30)
	at pages.base.Action.ifButtonIsPresentClick(Action.java:109)
	at tests.mainPageTests.AllPageFirefoxAuthTests.allHeaderMainPage(AllPageFirefoxAuthTests.java:35)
	at java.base/jdk.internal.reflect.NativeMethodAccessorImpl.invoke0(Native Method)
	at java.base/jdk.internal.reflect.NativeMethodAccessorImpl.invoke(NativeMethodAccessorImpl.java:62)
	at java.base/jdk.internal.reflect.DelegatingMethodAccessorImpl.invoke(DelegatingMethodAccessorImpl.java:43)
	at java.base/java.lang.reflect.Method.invoke(Method.java:566)
	at org.testng.internal.invokers.MethodInvocationHelper.invokeMethod(MethodInvocationHelper.java:135)
	at org.testng.internal.invokers.TestInvoker.invokeMethod(TestInvoker.java:673)
	at org.testng.internal.invokers.TestInvoker.retryFailed(TestInvoker.java:262)
	at org.testng.internal.invokers.MethodRunner.runInSequence(MethodRunner.java:62)
	at org.testng.internal.invokers.TestInvoker$MethodInvocationAgent.invoke(TestInvoker.java:945)
	at org.testng.internal.invokers.TestInvoker.invokeTestMethods(TestInvoker.java:193)
	at org.testng.internal.invokers.TestMethodWorker.invokeTestMethods(TestMethodWorker.java:146)
	at org.testng.internal.invokers.TestMethodWorker.run(TestMethodWorker.java:128)
	at java.base/java.util.ArrayList.forEach(ArrayList.java:1540)
	at org.testng.TestRunner.privateRun(TestRunner.java:808)
	at org.testng.TestRunner.run(TestRunner.java:603)
	at org.testng.SuiteRunner.runTest(SuiteRunner.java:429)
	at org.testng.SuiteRunner.runSequentially(SuiteRunner.java:423)
	at org.testng.SuiteRunner.privateRun(SuiteRunner.java:383)
	at org.testng.SuiteRunner.run(SuiteRunner.java:326)
	at org.testng.SuiteRunnerWorker.runSuite(SuiteRunnerWorker.java:52)
	at org.testng.SuiteRunnerWorker.run(SuiteRunnerWorker.java:95)
	at org.testng.TestNG.runSuitesSequentially(TestNG.java:1249)
	at org.testng.TestNG.runSuitesLocally(TestNG.java:1169)
	at org.testng.TestNG.runSuites(TestNG.java:1092)
	at org.testng.TestNG.run(TestNG.java:1060)
	at org.apache.maven.surefire.testng.TestNGExecutor.run(TestNGExecutor.java:284)
	at org.apache.maven.surefire.testng.TestNGXmlTestSuite.execute(TestNGXmlTestSuite.java:75)
	at org.apache.maven.surefire.testng.TestNGProvider.invoke(TestNGProvider.java:119)
	at org.apache.maven.surefire.booter.ForkedBooter.runSuitesInProcess(ForkedBooter.java:428)
	at org.apache.maven.surefire.booter.ForkedBooter.execute(ForkedBooter.java:162)
	at org.apache.maven.surefire.booter.ForkedBooter.run(ForkedBooter.java:562)
	at org.apache.maven.surefire.booter.ForkedBooter.main(ForkedBooter.java:548)
]]></system-err>
  </testcase>
  <testcase name="allHeaderMainPage" classname="tests.mainPageTests.AllPageFirefoxAuthTests" time="25.91">
    <failure message="Can&apos;t read input file!" type="javax.imageio.IIOException"><![CDATA[javax.imageio.IIOException: Can't read input file!
	at tests.mainPageTests.AllPageFirefoxAuthTests.allHeaderMainPage(AllPageFirefoxAuthTests.java:39)
]]></failure>
    <system-out><![CDATA[*** File exists ***
]]></system-out>
    <system-err><![CDATA[org.openqa.selenium.NoSuchElementException: Unable to locate element: //button[@class='close-button']
For documentation on this error, please visit: https://www.selenium.dev/documentation/webdriver/troubleshooting/errors#no-such-element-exception
Build info: version: '4.11.0', revision: '040bc5406b'
System info: os.name: 'Windows 10', os.arch: 'amd64', os.version: '10.0', java.version: '11.0.2'
Driver info: org.openqa.selenium.firefox.FirefoxDriver
Command: [d00af6c9-0f16-4603-a386-88718c9eb966, findElement {using=xpath, value=//button[@class='close-button']}]
Capabilities {acceptInsecureCerts: true, browserName: firefox, browserVersion: 113.0.2, moz:accessibilityChecks: false, moz:buildID: 20230522134052, moz:debuggerAddress: 127.0.0.1:20533, moz:geckodriverVersion: 0.33.0, moz:headless: false, moz:platformVersion: 10.0, moz:processID: 2768, moz:profile: C:\Users\admin\AppData\Loca..., moz:shutdownTimeout: 60000, moz:useNonSpecCompliantPointerOrigin: false, moz:webdriverClick: true, moz:windowless: false, pageLoadStrategy: normal, platformName: windows, proxy: Proxy(), se:cdp: ws://127.0.0.1:20533/devtoo..., se:cdpVersion: 85.0, setWindowRect: true, strictFileInteractability: false, timeouts: {implicit: 0, pageLoad: 300000, script: 30000}, unhandledPromptBehavior: dismiss and notify}
Session ID: d00af6c9-0f16-4603-a386-88718c9eb966
	at java.base/jdk.internal.reflect.NativeConstructorAccessorImpl.newInstance0(Native Method)
	at java.base/jdk.internal.reflect.NativeConstructorAccessorImpl.newInstance(NativeConstructorAccessorImpl.java:62)
	at java.base/jdk.internal.reflect.DelegatingConstructorAccessorImpl.newInstance(DelegatingConstructorAccessorImpl.java:45)
	at java.base/java.lang.reflect.Constructor.newInstance(Constructor.java:490)
	at org.openqa.selenium.remote.codec.w3c.W3CHttpResponseCodec.createException(W3CHttpResponseCodec.java:200)
	at org.openqa.selenium.remote.codec.w3c.W3CHttpResponseCodec.decode(W3CHttpResponseCodec.java:133)
	at org.openqa.selenium.remote.codec.w3c.W3CHttpResponseCodec.decode(W3CHttpResponseCodec.java:52)
	at org.openqa.selenium.remote.HttpCommandExecutor.execute(HttpCommandExecutor.java:191)
	at org.openqa.selenium.remote.service.DriverCommandExecutor.invokeExecute(DriverCommandExecutor.java:196)
	at org.openqa.selenium.remote.service.DriverCommandExecutor.execute(DriverCommandExecutor.java:171)
	at org.openqa.selenium.remote.RemoteWebDriver.execute(RemoteWebDriver.java:518)
	at org.openqa.selenium.remote.ElementLocation$ElementFinder$2.findElement(ElementLocation.java:165)
	at org.openqa.selenium.remote.ElementLocation.findElement(ElementLocation.java:59)
	at org.openqa.selenium.remote.RemoteWebDriver.findElement(RemoteWebDriver.java:355)
	at org.openqa.selenium.remote.RemoteWebDriver.findElement(RemoteWebDriver.java:349)
	at pages.base.Action.findElementByXpath(Action.java:30)
	at pages.base.Action.ifButtonIsPresentClick(Action.java:109)
	at tests.mainPageTests.AllPageFirefoxAuthTests.allHeaderMainPage(AllPageFirefoxAuthTests.java:35)
	at java.base/jdk.internal.reflect.NativeMethodAccessorImpl.invoke0(Native Method)
	at java.base/jdk.internal.reflect.NativeMethodAccessorImpl.invoke(NativeMethodAccessorImpl.java:62)
	at java.base/jdk.internal.reflect.DelegatingMethodAccessorImpl.invoke(DelegatingMethodAccessorImpl.java:43)
	at java.base/java.lang.reflect.Method.invoke(Method.java:566)
	at org.testng.internal.invokers.MethodInvocationHelper.invokeMethod(MethodInvocationHelper.java:135)
	at org.testng.internal.invokers.TestInvoker.invokeMethod(TestInvoker.java:673)
	at org.testng.internal.invokers.TestInvoker.retryFailed(TestInvoker.java:262)
	at org.testng.internal.invokers.MethodRunner.runInSequence(MethodRunner.java:62)
	at org.testng.internal.invokers.TestInvoker$MethodInvocationAgent.invoke(TestInvoker.java:945)
	at org.testng.internal.invokers.TestInvoker.invokeTestMethods(TestInvoker.java:193)
	at org.testng.internal.invokers.TestMethodWorker.invokeTestMethods(TestMethodWorker.java:146)
	at org.testng.internal.invokers.TestMethodWorker.run(TestMethodWorker.java:128)
	at java.base/java.util.ArrayList.forEach(ArrayList.java:1540)
	at org.testng.TestRunner.privateRun(TestRunner.java:808)
	at org.testng.TestRunner.run(TestRunner.java:603)
	at org.testng.SuiteRunner.runTest(SuiteRunner.java:429)
	at org.testng.SuiteRunner.runSequentially(SuiteRunner.java:423)
	at org.testng.SuiteRunner.privateRun(SuiteRunner.java:383)
	at org.testng.SuiteRunner.run(SuiteRunner.java:326)
	at org.testng.SuiteRunnerWorker.runSuite(SuiteRunnerWorker.java:52)
	at org.testng.SuiteRunnerWorker.run(SuiteRunnerWorker.java:95)
	at org.testng.TestNG.runSuitesSequentially(TestNG.java:1249)
	at org.testng.TestNG.runSuitesLocally(TestNG.java:1169)
	at org.testng.TestNG.runSuites(TestNG.java:1092)
	at org.testng.TestNG.run(TestNG.java:1060)
	at org.apache.maven.surefire.testng.TestNGExecutor.run(TestNGExecutor.java:284)
	at org.apache.maven.surefire.testng.TestNGXmlTestSuite.execute(TestNGXmlTestSuite.java:75)
	at org.apache.maven.surefire.testng.TestNGProvider.invoke(TestNGProvider.java:119)
	at org.apache.maven.surefire.booter.ForkedBooter.runSuitesInProcess(ForkedBooter.java:428)
	at org.apache.maven.surefire.booter.ForkedBooter.execute(ForkedBooter.java:162)
	at org.apache.maven.surefire.booter.ForkedBooter.run(ForkedBooter.java:562)
	at org.apache.maven.surefire.booter.ForkedBooter.main(ForkedBooter.java:548)
]]></system-err>
  </testcase>
  <testcase name="tradeNavMainPage" classname="tests.mainPageTests.AllPageFirefoxAuthTests" time="0">
    <skipped message="Can&apos;t read input file!"/>
    <system-out><![CDATA[*** File exists ***
]]></system-out>
    <system-err><![CDATA[org.openqa.selenium.NoSuchElementException: Unable to locate element: //button[@class='close-button']
For documentation on this error, please visit: https://www.selenium.dev/documentation/webdriver/troubleshooting/errors#no-such-element-exception
Build info: version: '4.11.0', revision: '040bc5406b'
System info: os.name: 'Windows 10', os.arch: 'amd64', os.version: '10.0', java.version: '11.0.2'
Driver info: org.openqa.selenium.firefox.FirefoxDriver
Command: [d00af6c9-0f16-4603-a386-88718c9eb966, findElement {using=xpath, value=//button[@class='close-button']}]
Capabilities {acceptInsecureCerts: true, browserName: firefox, browserVersion: 113.0.2, moz:accessibilityChecks: false, moz:buildID: 20230522134052, moz:debuggerAddress: 127.0.0.1:20533, moz:geckodriverVersion: 0.33.0, moz:headless: false, moz:platformVersion: 10.0, moz:processID: 2768, moz:profile: C:\Users\admin\AppData\Loca..., moz:shutdownTimeout: 60000, moz:useNonSpecCompliantPointerOrigin: false, moz:webdriverClick: true, moz:windowless: false, pageLoadStrategy: normal, platformName: windows, proxy: Proxy(), se:cdp: ws://127.0.0.1:20533/devtoo..., se:cdpVersion: 85.0, setWindowRect: true, strictFileInteractability: false, timeouts: {implicit: 0, pageLoad: 300000, script: 30000}, unhandledPromptBehavior: dismiss and notify}
Session ID: d00af6c9-0f16-4603-a386-88718c9eb966
	at java.base/jdk.internal.reflect.NativeConstructorAccessorImpl.newInstance0(Native Method)
	at java.base/jdk.internal.reflect.NativeConstructorAccessorImpl.newInstance(NativeConstructorAccessorImpl.java:62)
	at java.base/jdk.internal.reflect.DelegatingConstructorAccessorImpl.newInstance(DelegatingConstructorAccessorImpl.java:45)
	at java.base/java.lang.reflect.Constructor.newInstance(Constructor.java:490)
	at org.openqa.selenium.remote.codec.w3c.W3CHttpResponseCodec.createException(W3CHttpResponseCodec.java:200)
	at org.openqa.selenium.remote.codec.w3c.W3CHttpResponseCodec.decode(W3CHttpResponseCodec.java:133)
	at org.openqa.selenium.remote.codec.w3c.W3CHttpResponseCodec.decode(W3CHttpResponseCodec.java:52)
	at org.openqa.selenium.remote.HttpCommandExecutor.execute(HttpCommandExecutor.java:191)
	at org.openqa.selenium.remote.service.DriverCommandExecutor.invokeExecute(DriverCommandExecutor.java:196)
	at org.openqa.selenium.remote.service.DriverCommandExecutor.execute(DriverCommandExecutor.java:171)
	at org.openqa.selenium.remote.RemoteWebDriver.execute(RemoteWebDriver.java:518)
	at org.openqa.selenium.remote.ElementLocation$ElementFinder$2.findElement(ElementLocation.java:165)
	at org.openqa.selenium.remote.ElementLocation.findElement(ElementLocation.java:59)
	at org.openqa.selenium.remote.RemoteWebDriver.findElement(RemoteWebDriver.java:355)
	at org.openqa.selenium.remote.RemoteWebDriver.findElement(RemoteWebDriver.java:349)
	at pages.base.Action.findElementByXpath(Action.java:30)
	at pages.base.Action.ifButtonIsPresentClick(Action.java:109)
	at tests.mainPageTests.AllPageFirefoxAuthTests.tradeNavMainPage(AllPageFirefoxAuthTests.java:55)
	at java.base/jdk.internal.reflect.NativeMethodAccessorImpl.invoke0(Native Method)
	at java.base/jdk.internal.reflect.NativeMethodAccessorImpl.invoke(NativeMethodAccessorImpl.java:62)
	at java.base/jdk.internal.reflect.DelegatingMethodAccessorImpl.invoke(DelegatingMethodAccessorImpl.java:43)
	at java.base/java.lang.reflect.Method.invoke(Method.java:566)
	at org.testng.internal.invokers.MethodInvocationHelper.invokeMethod(MethodInvocationHelper.java:135)
	at org.testng.internal.invokers.TestInvoker.invokeMethod(TestInvoker.java:673)
	at org.testng.internal.invokers.TestInvoker.invokeTestMethod(TestInvoker.java:220)
	at org.testng.internal.invokers.MethodRunner.runInSequence(MethodRunner.java:50)
	at org.testng.internal.invokers.TestInvoker$MethodInvocationAgent.invoke(TestInvoker.java:945)
	at org.testng.internal.invokers.TestInvoker.invokeTestMethods(TestInvoker.java:193)
	at org.testng.internal.invokers.TestMethodWorker.invokeTestMethods(TestMethodWorker.java:146)
	at org.testng.internal.invokers.TestMethodWorker.run(TestMethodWorker.java:128)
	at java.base/java.util.ArrayList.forEach(ArrayList.java:1540)
	at org.testng.TestRunner.privateRun(TestRunner.java:808)
	at org.testng.TestRunner.run(TestRunner.java:603)
	at org.testng.SuiteRunner.runTest(SuiteRunner.java:429)
	at org.testng.SuiteRunner.runSequentially(SuiteRunner.java:423)
	at org.testng.SuiteRunner.privateRun(SuiteRunner.java:383)
	at org.testng.SuiteRunner.run(SuiteRunner.java:326)
	at org.testng.SuiteRunnerWorker.runSuite(SuiteRunnerWorker.java:52)
	at org.testng.SuiteRunnerWorker.run(SuiteRunnerWorker.java:95)
	at org.testng.TestNG.runSuitesSequentially(TestNG.java:1249)
	at org.testng.TestNG.runSuitesLocally(TestNG.java:1169)
	at org.testng.TestNG.runSuites(TestNG.java:1092)
	at org.testng.TestNG.run(TestNG.java:1060)
	at org.apache.maven.surefire.testng.TestNGExecutor.run(TestNGExecutor.java:284)
	at org.apache.maven.surefire.testng.TestNGXmlTestSuite.execute(TestNGXmlTestSuite.java:75)
	at org.apache.maven.surefire.testng.TestNGProvider.invoke(TestNGProvider.java:119)
	at org.apache.maven.surefire.booter.ForkedBooter.runSuitesInProcess(ForkedBooter.java:428)
	at org.apache.maven.surefire.booter.ForkedBooter.execute(ForkedBooter.java:162)
	at org.apache.maven.surefire.booter.ForkedBooter.run(ForkedBooter.java:562)
	at org.apache.maven.surefire.booter.ForkedBooter.main(ForkedBooter.java:548)
]]></system-err>
  </testcase>
  <testcase name="tradeNavMainPage" classname="tests.mainPageTests.AllPageFirefoxAuthTests" time="0">
    <skipped message="Can&apos;t read input file!"/>
    <system-out><![CDATA[*** File exists ***
]]></system-out>
    <system-err><![CDATA[org.openqa.selenium.NoSuchElementException: Unable to locate element: //button[@class='close-button']
For documentation on this error, please visit: https://www.selenium.dev/documentation/webdriver/troubleshooting/errors#no-such-element-exception
Build info: version: '4.11.0', revision: '040bc5406b'
System info: os.name: 'Windows 10', os.arch: 'amd64', os.version: '10.0', java.version: '11.0.2'
Driver info: org.openqa.selenium.firefox.FirefoxDriver
Command: [d00af6c9-0f16-4603-a386-88718c9eb966, findElement {using=xpath, value=//button[@class='close-button']}]
Capabilities {acceptInsecureCerts: true, browserName: firefox, browserVersion: 113.0.2, moz:accessibilityChecks: false, moz:buildID: 20230522134052, moz:debuggerAddress: 127.0.0.1:20533, moz:geckodriverVersion: 0.33.0, moz:headless: false, moz:platformVersion: 10.0, moz:processID: 2768, moz:profile: C:\Users\admin\AppData\Loca..., moz:shutdownTimeout: 60000, moz:useNonSpecCompliantPointerOrigin: false, moz:webdriverClick: true, moz:windowless: false, pageLoadStrategy: normal, platformName: windows, proxy: Proxy(), se:cdp: ws://127.0.0.1:20533/devtoo..., se:cdpVersion: 85.0, setWindowRect: true, strictFileInteractability: false, timeouts: {implicit: 0, pageLoad: 300000, script: 30000}, unhandledPromptBehavior: dismiss and notify}
Session ID: d00af6c9-0f16-4603-a386-88718c9eb966
	at java.base/jdk.internal.reflect.NativeConstructorAccessorImpl.newInstance0(Native Method)
	at java.base/jdk.internal.reflect.NativeConstructorAccessorImpl.newInstance(NativeConstructorAccessorImpl.java:62)
	at java.base/jdk.internal.reflect.DelegatingConstructorAccessorImpl.newInstance(DelegatingConstructorAccessorImpl.java:45)
	at java.base/java.lang.reflect.Constructor.newInstance(Constructor.java:490)
	at org.openqa.selenium.remote.codec.w3c.W3CHttpResponseCodec.createException(W3CHttpResponseCodec.java:200)
	at org.openqa.selenium.remote.codec.w3c.W3CHttpResponseCodec.decode(W3CHttpResponseCodec.java:133)
	at org.openqa.selenium.remote.codec.w3c.W3CHttpResponseCodec.decode(W3CHttpResponseCodec.java:52)
	at org.openqa.selenium.remote.HttpCommandExecutor.execute(HttpCommandExecutor.java:191)
	at org.openqa.selenium.remote.service.DriverCommandExecutor.invokeExecute(DriverCommandExecutor.java:196)
	at org.openqa.selenium.remote.service.DriverCommandExecutor.execute(DriverCommandExecutor.java:171)
	at org.openqa.selenium.remote.RemoteWebDriver.execute(RemoteWebDriver.java:518)
	at org.openqa.selenium.remote.ElementLocation$ElementFinder$2.findElement(ElementLocation.java:165)
	at org.openqa.selenium.remote.ElementLocation.findElement(ElementLocation.java:59)
	at org.openqa.selenium.remote.RemoteWebDriver.findElement(RemoteWebDriver.java:355)
	at org.openqa.selenium.remote.RemoteWebDriver.findElement(RemoteWebDriver.java:349)
	at pages.base.Action.findElementByXpath(Action.java:30)
	at pages.base.Action.ifButtonIsPresentClick(Action.java:109)
	at tests.mainPageTests.AllPageFirefoxAuthTests.tradeNavMainPage(AllPageFirefoxAuthTests.java:55)
	at java.base/jdk.internal.reflect.NativeMethodAccessorImpl.invoke0(Native Method)
	at java.base/jdk.internal.reflect.NativeMethodAccessorImpl.invoke(NativeMethodAccessorImpl.java:62)
	at java.base/jdk.internal.reflect.DelegatingMethodAccessorImpl.invoke(DelegatingMethodAccessorImpl.java:43)
	at java.base/java.lang.reflect.Method.invoke(Method.java:566)
	at org.testng.internal.invokers.MethodInvocationHelper.invokeMethod(MethodInvocationHelper.java:135)
	at org.testng.internal.invokers.TestInvoker.invokeMethod(TestInvoker.java:673)
	at org.testng.internal.invokers.TestInvoker.retryFailed(TestInvoker.java:262)
	at org.testng.internal.invokers.MethodRunner.runInSequence(MethodRunner.java:62)
	at org.testng.internal.invokers.TestInvoker$MethodInvocationAgent.invoke(TestInvoker.java:945)
	at org.testng.internal.invokers.TestInvoker.invokeTestMethods(TestInvoker.java:193)
	at org.testng.internal.invokers.TestMethodWorker.invokeTestMethods(TestMethodWorker.java:146)
	at org.testng.internal.invokers.TestMethodWorker.run(TestMethodWorker.java:128)
	at java.base/java.util.ArrayList.forEach(ArrayList.java:1540)
	at org.testng.TestRunner.privateRun(TestRunner.java:808)
	at org.testng.TestRunner.run(TestRunner.java:603)
	at org.testng.SuiteRunner.runTest(SuiteRunner.java:429)
	at org.testng.SuiteRunner.runSequentially(SuiteRunner.java:423)
	at org.testng.SuiteRunner.privateRun(SuiteRunner.java:383)
	at org.testng.SuiteRunner.run(SuiteRunner.java:326)
	at org.testng.SuiteRunnerWorker.runSuite(SuiteRunnerWorker.java:52)
	at org.testng.SuiteRunnerWorker.run(SuiteRunnerWorker.java:95)
	at org.testng.TestNG.runSuitesSequentially(TestNG.java:1249)
	at org.testng.TestNG.runSuitesLocally(TestNG.java:1169)
	at org.testng.TestNG.runSuites(TestNG.java:1092)
	at org.testng.TestNG.run(TestNG.java:1060)
	at org.apache.maven.surefire.testng.TestNGExecutor.run(TestNGExecutor.java:284)
	at org.apache.maven.surefire.testng.TestNGXmlTestSuite.execute(TestNGXmlTestSuite.java:75)
	at org.apache.maven.surefire.testng.TestNGProvider.invoke(TestNGProvider.java:119)
	at org.apache.maven.surefire.booter.ForkedBooter.runSuitesInProcess(ForkedBooter.java:428)
	at org.apache.maven.surefire.booter.ForkedBooter.execute(ForkedBooter.java:162)
	at org.apache.maven.surefire.booter.ForkedBooter.run(ForkedBooter.java:562)
	at org.apache.maven.surefire.booter.ForkedBooter.main(ForkedBooter.java:548)
]]></system-err>
  </testcase>
  <testcase name="tradeNavMainPage" classname="tests.mainPageTests.AllPageFirefoxAuthTests" time="25.31">
    <failure message="Can&apos;t read input file!" type="javax.imageio.IIOException"><![CDATA[javax.imageio.IIOException: Can't read input file!
	at tests.mainPageTests.AllPageFirefoxAuthTests.tradeNavMainPage(AllPageFirefoxAuthTests.java:59)
]]></failure>
    <system-out><![CDATA[*** File exists ***
]]></system-out>
    <system-err><![CDATA[org.openqa.selenium.NoSuchElementException: Unable to locate element: //button[@class='close-button']
For documentation on this error, please visit: https://www.selenium.dev/documentation/webdriver/troubleshooting/errors#no-such-element-exception
Build info: version: '4.11.0', revision: '040bc5406b'
System info: os.name: 'Windows 10', os.arch: 'amd64', os.version: '10.0', java.version: '11.0.2'
Driver info: org.openqa.selenium.firefox.FirefoxDriver
Command: [d00af6c9-0f16-4603-a386-88718c9eb966, findElement {using=xpath, value=//button[@class='close-button']}]
Capabilities {acceptInsecureCerts: true, browserName: firefox, browserVersion: 113.0.2, moz:accessibilityChecks: false, moz:buildID: 20230522134052, moz:debuggerAddress: 127.0.0.1:20533, moz:geckodriverVersion: 0.33.0, moz:headless: false, moz:platformVersion: 10.0, moz:processID: 2768, moz:profile: C:\Users\admin\AppData\Loca..., moz:shutdownTimeout: 60000, moz:useNonSpecCompliantPointerOrigin: false, moz:webdriverClick: true, moz:windowless: false, pageLoadStrategy: normal, platformName: windows, proxy: Proxy(), se:cdp: ws://127.0.0.1:20533/devtoo..., se:cdpVersion: 85.0, setWindowRect: true, strictFileInteractability: false, timeouts: {implicit: 0, pageLoad: 300000, script: 30000}, unhandledPromptBehavior: dismiss and notify}
Session ID: d00af6c9-0f16-4603-a386-88718c9eb966
	at java.base/jdk.internal.reflect.NativeConstructorAccessorImpl.newInstance0(Native Method)
	at java.base/jdk.internal.reflect.NativeConstructorAccessorImpl.newInstance(NativeConstructorAccessorImpl.java:62)
	at java.base/jdk.internal.reflect.DelegatingConstructorAccessorImpl.newInstance(DelegatingConstructorAccessorImpl.java:45)
	at java.base/java.lang.reflect.Constructor.newInstance(Constructor.java:490)
	at org.openqa.selenium.remote.codec.w3c.W3CHttpResponseCodec.createException(W3CHttpResponseCodec.java:200)
	at org.openqa.selenium.remote.codec.w3c.W3CHttpResponseCodec.decode(W3CHttpResponseCodec.java:133)
	at org.openqa.selenium.remote.codec.w3c.W3CHttpResponseCodec.decode(W3CHttpResponseCodec.java:52)
	at org.openqa.selenium.remote.HttpCommandExecutor.execute(HttpCommandExecutor.java:191)
	at org.openqa.selenium.remote.service.DriverCommandExecutor.invokeExecute(DriverCommandExecutor.java:196)
	at org.openqa.selenium.remote.service.DriverCommandExecutor.execute(DriverCommandExecutor.java:171)
	at org.openqa.selenium.remote.RemoteWebDriver.execute(RemoteWebDriver.java:518)
	at org.openqa.selenium.remote.ElementLocation$ElementFinder$2.findElement(ElementLocation.java:165)
	at org.openqa.selenium.remote.ElementLocation.findElement(ElementLocation.java:59)
	at org.openqa.selenium.remote.RemoteWebDriver.findElement(RemoteWebDriver.java:355)
	at org.openqa.selenium.remote.RemoteWebDriver.findElement(RemoteWebDriver.java:349)
	at pages.base.Action.findElementByXpath(Action.java:30)
	at pages.base.Action.ifButtonIsPresentClick(Action.java:109)
	at tests.mainPageTests.AllPageFirefoxAuthTests.tradeNavMainPage(AllPageFirefoxAuthTests.java:55)
	at java.base/jdk.internal.reflect.NativeMethodAccessorImpl.invoke0(Native Method)
	at java.base/jdk.internal.reflect.NativeMethodAccessorImpl.invoke(NativeMethodAccessorImpl.java:62)
	at java.base/jdk.internal.reflect.DelegatingMethodAccessorImpl.invoke(DelegatingMethodAccessorImpl.java:43)
	at java.base/java.lang.reflect.Method.invoke(Method.java:566)
	at org.testng.internal.invokers.MethodInvocationHelper.invokeMethod(MethodInvocationHelper.java:135)
	at org.testng.internal.invokers.TestInvoker.invokeMethod(TestInvoker.java:673)
	at org.testng.internal.invokers.TestInvoker.retryFailed(TestInvoker.java:262)
	at org.testng.internal.invokers.MethodRunner.runInSequence(MethodRunner.java:62)
	at org.testng.internal.invokers.TestInvoker$MethodInvocationAgent.invoke(TestInvoker.java:945)
	at org.testng.internal.invokers.TestInvoker.invokeTestMethods(TestInvoker.java:193)
	at org.testng.internal.invokers.TestMethodWorker.invokeTestMethods(TestMethodWorker.java:146)
	at org.testng.internal.invokers.TestMethodWorker.run(TestMethodWorker.java:128)
	at java.base/java.util.ArrayList.forEach(ArrayList.java:1540)
	at org.testng.TestRunner.privateRun(TestRunner.java:808)
	at org.testng.TestRunner.run(TestRunner.java:603)
	at org.testng.SuiteRunner.runTest(SuiteRunner.java:429)
	at org.testng.SuiteRunner.runSequentially(SuiteRunner.java:423)
	at org.testng.SuiteRunner.privateRun(SuiteRunner.java:383)
	at org.testng.SuiteRunner.run(SuiteRunner.java:326)
	at org.testng.SuiteRunnerWorker.runSuite(SuiteRunnerWorker.java:52)
	at org.testng.SuiteRunnerWorker.run(SuiteRunnerWorker.java:95)
	at org.testng.TestNG.runSuitesSequentially(TestNG.java:1249)
	at org.testng.TestNG.runSuitesLocally(TestNG.java:1169)
	at org.testng.TestNG.runSuites(TestNG.java:1092)
	at org.testng.TestNG.run(TestNG.java:1060)
	at org.apache.maven.surefire.testng.TestNGExecutor.run(TestNGExecutor.java:284)
	at org.apache.maven.surefire.testng.TestNGXmlTestSuite.execute(TestNGXmlTestSuite.java:75)
	at org.apache.maven.surefire.testng.TestNGProvider.invoke(TestNGProvider.java:119)
	at org.apache.maven.surefire.booter.ForkedBooter.runSuitesInProcess(ForkedBooter.java:428)
	at org.apache.maven.surefire.booter.ForkedBooter.execute(ForkedBooter.java:162)
	at org.apache.maven.surefire.booter.ForkedBooter.run(ForkedBooter.java:562)
	at org.apache.maven.surefire.booter.ForkedBooter.main(ForkedBooter.java:548)
]]></system-err>
  </testcase>
  <testcase name="productsNavMainPage" classname="tests.mainPageTests.AllPageFirefoxAuthTests" time="0">
    <skipped message="Can&apos;t read input file!"/>
    <system-out><![CDATA[*** File exists ***
]]></system-out>
    <system-err><![CDATA[org.openqa.selenium.NoSuchElementException: Unable to locate element: //button[@class='close-button']
For documentation on this error, please visit: https://www.selenium.dev/documentation/webdriver/troubleshooting/errors#no-such-element-exception
Build info: version: '4.11.0', revision: '040bc5406b'
System info: os.name: 'Windows 10', os.arch: 'amd64', os.version: '10.0', java.version: '11.0.2'
Driver info: org.openqa.selenium.firefox.FirefoxDriver
Command: [d00af6c9-0f16-4603-a386-88718c9eb966, findElement {using=xpath, value=//button[@class='close-button']}]
Capabilities {acceptInsecureCerts: true, browserName: firefox, browserVersion: 113.0.2, moz:accessibilityChecks: false, moz:buildID: 20230522134052, moz:debuggerAddress: 127.0.0.1:20533, moz:geckodriverVersion: 0.33.0, moz:headless: false, moz:platformVersion: 10.0, moz:processID: 2768, moz:profile: C:\Users\admin\AppData\Loca..., moz:shutdownTimeout: 60000, moz:useNonSpecCompliantPointerOrigin: false, moz:webdriverClick: true, moz:windowless: false, pageLoadStrategy: normal, platformName: windows, proxy: Proxy(), se:cdp: ws://127.0.0.1:20533/devtoo..., se:cdpVersion: 85.0, setWindowRect: true, strictFileInteractability: false, timeouts: {implicit: 0, pageLoad: 300000, script: 30000}, unhandledPromptBehavior: dismiss and notify}
Session ID: d00af6c9-0f16-4603-a386-88718c9eb966
	at java.base/jdk.internal.reflect.NativeConstructorAccessorImpl.newInstance0(Native Method)
	at java.base/jdk.internal.reflect.NativeConstructorAccessorImpl.newInstance(NativeConstructorAccessorImpl.java:62)
	at java.base/jdk.internal.reflect.DelegatingConstructorAccessorImpl.newInstance(DelegatingConstructorAccessorImpl.java:45)
	at java.base/java.lang.reflect.Constructor.newInstance(Constructor.java:490)
	at org.openqa.selenium.remote.codec.w3c.W3CHttpResponseCodec.createException(W3CHttpResponseCodec.java:200)
	at org.openqa.selenium.remote.codec.w3c.W3CHttpResponseCodec.decode(W3CHttpResponseCodec.java:133)
	at org.openqa.selenium.remote.codec.w3c.W3CHttpResponseCodec.decode(W3CHttpResponseCodec.java:52)
	at org.openqa.selenium.remote.HttpCommandExecutor.execute(HttpCommandExecutor.java:191)
	at org.openqa.selenium.remote.service.DriverCommandExecutor.invokeExecute(DriverCommandExecutor.java:196)
	at org.openqa.selenium.remote.service.DriverCommandExecutor.execute(DriverCommandExecutor.java:171)
	at org.openqa.selenium.remote.RemoteWebDriver.execute(RemoteWebDriver.java:518)
	at org.openqa.selenium.remote.ElementLocation$ElementFinder$2.findElement(ElementLocation.java:165)
	at org.openqa.selenium.remote.ElementLocation.findElement(ElementLocation.java:59)
	at org.openqa.selenium.remote.RemoteWebDriver.findElement(RemoteWebDriver.java:355)
	at org.openqa.selenium.remote.RemoteWebDriver.findElement(RemoteWebDriver.java:349)
	at pages.base.Action.findElementByXpath(Action.java:30)
	at pages.base.Action.ifButtonIsPresentClick(Action.java:109)
	at tests.mainPageTests.AllPageFirefoxAuthTests.productsNavMainPage(AllPageFirefoxAuthTests.java:75)
	at java.base/jdk.internal.reflect.NativeMethodAccessorImpl.invoke0(Native Method)
	at java.base/jdk.internal.reflect.NativeMethodAccessorImpl.invoke(NativeMethodAccessorImpl.java:62)
	at java.base/jdk.internal.reflect.DelegatingMethodAccessorImpl.invoke(DelegatingMethodAccessorImpl.java:43)
	at java.base/java.lang.reflect.Method.invoke(Method.java:566)
	at org.testng.internal.invokers.MethodInvocationHelper.invokeMethod(MethodInvocationHelper.java:135)
	at org.testng.internal.invokers.TestInvoker.invokeMethod(TestInvoker.java:673)
	at org.testng.internal.invokers.TestInvoker.invokeTestMethod(TestInvoker.java:220)
	at org.testng.internal.invokers.MethodRunner.runInSequence(MethodRunner.java:50)
	at org.testng.internal.invokers.TestInvoker$MethodInvocationAgent.invoke(TestInvoker.java:945)
	at org.testng.internal.invokers.TestInvoker.invokeTestMethods(TestInvoker.java:193)
	at org.testng.internal.invokers.TestMethodWorker.invokeTestMethods(TestMethodWorker.java:146)
	at org.testng.internal.invokers.TestMethodWorker.run(TestMethodWorker.java:128)
	at java.base/java.util.ArrayList.forEach(ArrayList.java:1540)
	at org.testng.TestRunner.privateRun(TestRunner.java:808)
	at org.testng.TestRunner.run(TestRunner.java:603)
	at org.testng.SuiteRunner.runTest(SuiteRunner.java:429)
	at org.testng.SuiteRunner.runSequentially(SuiteRunner.java:423)
	at org.testng.SuiteRunner.privateRun(SuiteRunner.java:383)
	at org.testng.SuiteRunner.run(SuiteRunner.java:326)
	at org.testng.SuiteRunnerWorker.runSuite(SuiteRunnerWorker.java:52)
	at org.testng.SuiteRunnerWorker.run(SuiteRunnerWorker.java:95)
	at org.testng.TestNG.runSuitesSequentially(TestNG.java:1249)
	at org.testng.TestNG.runSuitesLocally(TestNG.java:1169)
	at org.testng.TestNG.runSuites(TestNG.java:1092)
	at org.testng.TestNG.run(TestNG.java:1060)
	at org.apache.maven.surefire.testng.TestNGExecutor.run(TestNGExecutor.java:284)
	at org.apache.maven.surefire.testng.TestNGXmlTestSuite.execute(TestNGXmlTestSuite.java:75)
	at org.apache.maven.surefire.testng.TestNGProvider.invoke(TestNGProvider.java:119)
	at org.apache.maven.surefire.booter.ForkedBooter.runSuitesInProcess(ForkedBooter.java:428)
	at org.apache.maven.surefire.booter.ForkedBooter.execute(ForkedBooter.java:162)
	at org.apache.maven.surefire.booter.ForkedBooter.run(ForkedBooter.java:562)
	at org.apache.maven.surefire.booter.ForkedBooter.main(ForkedBooter.java:548)
]]></system-err>
  </testcase>
  <testcase name="productsNavMainPage" classname="tests.mainPageTests.AllPageFirefoxAuthTests" time="0">
    <skipped message="Can&apos;t read input file!"/>
    <system-out><![CDATA[*** File exists ***
]]></system-out>
    <system-err><![CDATA[org.openqa.selenium.NoSuchElementException: Unable to locate element: //button[@class='close-button']
For documentation on this error, please visit: https://www.selenium.dev/documentation/webdriver/troubleshooting/errors#no-such-element-exception
Build info: version: '4.11.0', revision: '040bc5406b'
System info: os.name: 'Windows 10', os.arch: 'amd64', os.version: '10.0', java.version: '11.0.2'
Driver info: org.openqa.selenium.firefox.FirefoxDriver
Command: [d00af6c9-0f16-4603-a386-88718c9eb966, findElement {using=xpath, value=//button[@class='close-button']}]
Capabilities {acceptInsecureCerts: true, browserName: firefox, browserVersion: 113.0.2, moz:accessibilityChecks: false, moz:buildID: 20230522134052, moz:debuggerAddress: 127.0.0.1:20533, moz:geckodriverVersion: 0.33.0, moz:headless: false, moz:platformVersion: 10.0, moz:processID: 2768, moz:profile: C:\Users\admin\AppData\Loca..., moz:shutdownTimeout: 60000, moz:useNonSpecCompliantPointerOrigin: false, moz:webdriverClick: true, moz:windowless: false, pageLoadStrategy: normal, platformName: windows, proxy: Proxy(), se:cdp: ws://127.0.0.1:20533/devtoo..., se:cdpVersion: 85.0, setWindowRect: true, strictFileInteractability: false, timeouts: {implicit: 0, pageLoad: 300000, script: 30000}, unhandledPromptBehavior: dismiss and notify}
Session ID: d00af6c9-0f16-4603-a386-88718c9eb966
	at java.base/jdk.internal.reflect.NativeConstructorAccessorImpl.newInstance0(Native Method)
	at java.base/jdk.internal.reflect.NativeConstructorAccessorImpl.newInstance(NativeConstructorAccessorImpl.java:62)
	at java.base/jdk.internal.reflect.DelegatingConstructorAccessorImpl.newInstance(DelegatingConstructorAccessorImpl.java:45)
	at java.base/java.lang.reflect.Constructor.newInstance(Constructor.java:490)
	at org.openqa.selenium.remote.codec.w3c.W3CHttpResponseCodec.createException(W3CHttpResponseCodec.java:200)
	at org.openqa.selenium.remote.codec.w3c.W3CHttpResponseCodec.decode(W3CHttpResponseCodec.java:133)
	at org.openqa.selenium.remote.codec.w3c.W3CHttpResponseCodec.decode(W3CHttpResponseCodec.java:52)
	at org.openqa.selenium.remote.HttpCommandExecutor.execute(HttpCommandExecutor.java:191)
	at org.openqa.selenium.remote.service.DriverCommandExecutor.invokeExecute(DriverCommandExecutor.java:196)
	at org.openqa.selenium.remote.service.DriverCommandExecutor.execute(DriverCommandExecutor.java:171)
	at org.openqa.selenium.remote.RemoteWebDriver.execute(RemoteWebDriver.java:518)
	at org.openqa.selenium.remote.ElementLocation$ElementFinder$2.findElement(ElementLocation.java:165)
	at org.openqa.selenium.remote.ElementLocation.findElement(ElementLocation.java:59)
	at org.openqa.selenium.remote.RemoteWebDriver.findElement(RemoteWebDriver.java:355)
	at org.openqa.selenium.remote.RemoteWebDriver.findElement(RemoteWebDriver.java:349)
	at pages.base.Action.findElementByXpath(Action.java:30)
	at pages.base.Action.ifButtonIsPresentClick(Action.java:109)
	at tests.mainPageTests.AllPageFirefoxAuthTests.productsNavMainPage(AllPageFirefoxAuthTests.java:75)
	at java.base/jdk.internal.reflect.NativeMethodAccessorImpl.invoke0(Native Method)
	at java.base/jdk.internal.reflect.NativeMethodAccessorImpl.invoke(NativeMethodAccessorImpl.java:62)
	at java.base/jdk.internal.reflect.DelegatingMethodAccessorImpl.invoke(DelegatingMethodAccessorImpl.java:43)
	at java.base/java.lang.reflect.Method.invoke(Method.java:566)
	at org.testng.internal.invokers.MethodInvocationHelper.invokeMethod(MethodInvocationHelper.java:135)
	at org.testng.internal.invokers.TestInvoker.invokeMethod(TestInvoker.java:673)
	at org.testng.internal.invokers.TestInvoker.retryFailed(TestInvoker.java:262)
	at org.testng.internal.invokers.MethodRunner.runInSequence(MethodRunner.java:62)
	at org.testng.internal.invokers.TestInvoker$MethodInvocationAgent.invoke(TestInvoker.java:945)
	at org.testng.internal.invokers.TestInvoker.invokeTestMethods(TestInvoker.java:193)
	at org.testng.internal.invokers.TestMethodWorker.invokeTestMethods(TestMethodWorker.java:146)
	at org.testng.internal.invokers.TestMethodWorker.run(TestMethodWorker.java:128)
	at java.base/java.util.ArrayList.forEach(ArrayList.java:1540)
	at org.testng.TestRunner.privateRun(TestRunner.java:808)
	at org.testng.TestRunner.run(TestRunner.java:603)
	at org.testng.SuiteRunner.runTest(SuiteRunner.java:429)
	at org.testng.SuiteRunner.runSequentially(SuiteRunner.java:423)
	at org.testng.SuiteRunner.privateRun(SuiteRunner.java:383)
	at org.testng.SuiteRunner.run(SuiteRunner.java:326)
	at org.testng.SuiteRunnerWorker.runSuite(SuiteRunnerWorker.java:52)
	at org.testng.SuiteRunnerWorker.run(SuiteRunnerWorker.java:95)
	at org.testng.TestNG.runSuitesSequentially(TestNG.java:1249)
	at org.testng.TestNG.runSuitesLocally(TestNG.java:1169)
	at org.testng.TestNG.runSuites(TestNG.java:1092)
	at org.testng.TestNG.run(TestNG.java:1060)
	at org.apache.maven.surefire.testng.TestNGExecutor.run(TestNGExecutor.java:284)
	at org.apache.maven.surefire.testng.TestNGXmlTestSuite.execute(TestNGXmlTestSuite.java:75)
	at org.apache.maven.surefire.testng.TestNGProvider.invoke(TestNGProvider.java:119)
	at org.apache.maven.surefire.booter.ForkedBooter.runSuitesInProcess(ForkedBooter.java:428)
	at org.apache.maven.surefire.booter.ForkedBooter.execute(ForkedBooter.java:162)
	at org.apache.maven.surefire.booter.ForkedBooter.run(ForkedBooter.java:562)
	at org.apache.maven.surefire.booter.ForkedBooter.main(ForkedBooter.java:548)
]]></system-err>
  </testcase>
  <testcase name="productsNavMainPage" classname="tests.mainPageTests.AllPageFirefoxAuthTests" time="25.094">
    <failure message="Can&apos;t read input file!" type="javax.imageio.IIOException"><![CDATA[javax.imageio.IIOException: Can't read input file!
	at tests.mainPageTests.AllPageFirefoxAuthTests.productsNavMainPage(AllPageFirefoxAuthTests.java:79)
]]></failure>
    <system-out><![CDATA[*** File exists ***
]]></system-out>
    <system-err><![CDATA[org.openqa.selenium.NoSuchElementException: Unable to locate element: //button[@class='close-button']
For documentation on this error, please visit: https://www.selenium.dev/documentation/webdriver/troubleshooting/errors#no-such-element-exception
Build info: version: '4.11.0', revision: '040bc5406b'
System info: os.name: 'Windows 10', os.arch: 'amd64', os.version: '10.0', java.version: '11.0.2'
Driver info: org.openqa.selenium.firefox.FirefoxDriver
Command: [d00af6c9-0f16-4603-a386-88718c9eb966, findElement {using=xpath, value=//button[@class='close-button']}]
Capabilities {acceptInsecureCerts: true, browserName: firefox, browserVersion: 113.0.2, moz:accessibilityChecks: false, moz:buildID: 20230522134052, moz:debuggerAddress: 127.0.0.1:20533, moz:geckodriverVersion: 0.33.0, moz:headless: false, moz:platformVersion: 10.0, moz:processID: 2768, moz:profile: C:\Users\admin\AppData\Loca..., moz:shutdownTimeout: 60000, moz:useNonSpecCompliantPointerOrigin: false, moz:webdriverClick: true, moz:windowless: false, pageLoadStrategy: normal, platformName: windows, proxy: Proxy(), se:cdp: ws://127.0.0.1:20533/devtoo..., se:cdpVersion: 85.0, setWindowRect: true, strictFileInteractability: false, timeouts: {implicit: 0, pageLoad: 300000, script: 30000}, unhandledPromptBehavior: dismiss and notify}
Session ID: d00af6c9-0f16-4603-a386-88718c9eb966
	at java.base/jdk.internal.reflect.NativeConstructorAccessorImpl.newInstance0(Native Method)
	at java.base/jdk.internal.reflect.NativeConstructorAccessorImpl.newInstance(NativeConstructorAccessorImpl.java:62)
	at java.base/jdk.internal.reflect.DelegatingConstructorAccessorImpl.newInstance(DelegatingConstructorAccessorImpl.java:45)
	at java.base/java.lang.reflect.Constructor.newInstance(Constructor.java:490)
	at org.openqa.selenium.remote.codec.w3c.W3CHttpResponseCodec.createException(W3CHttpResponseCodec.java:200)
	at org.openqa.selenium.remote.codec.w3c.W3CHttpResponseCodec.decode(W3CHttpResponseCodec.java:133)
	at org.openqa.selenium.remote.codec.w3c.W3CHttpResponseCodec.decode(W3CHttpResponseCodec.java:52)
	at org.openqa.selenium.remote.HttpCommandExecutor.execute(HttpCommandExecutor.java:191)
	at org.openqa.selenium.remote.service.DriverCommandExecutor.invokeExecute(DriverCommandExecutor.java:196)
	at org.openqa.selenium.remote.service.DriverCommandExecutor.execute(DriverCommandExecutor.java:171)
	at org.openqa.selenium.remote.RemoteWebDriver.execute(RemoteWebDriver.java:518)
	at org.openqa.selenium.remote.ElementLocation$ElementFinder$2.findElement(ElementLocation.java:165)
	at org.openqa.selenium.remote.ElementLocation.findElement(ElementLocation.java:59)
	at org.openqa.selenium.remote.RemoteWebDriver.findElement(RemoteWebDriver.java:355)
	at org.openqa.selenium.remote.RemoteWebDriver.findElement(RemoteWebDriver.java:349)
	at pages.base.Action.findElementByXpath(Action.java:30)
	at pages.base.Action.ifButtonIsPresentClick(Action.java:109)
	at tests.mainPageTests.AllPageFirefoxAuthTests.productsNavMainPage(AllPageFirefoxAuthTests.java:75)
	at java.base/jdk.internal.reflect.NativeMethodAccessorImpl.invoke0(Native Method)
	at java.base/jdk.internal.reflect.NativeMethodAccessorImpl.invoke(NativeMethodAccessorImpl.java:62)
	at java.base/jdk.internal.reflect.DelegatingMethodAccessorImpl.invoke(DelegatingMethodAccessorImpl.java:43)
	at java.base/java.lang.reflect.Method.invoke(Method.java:566)
	at org.testng.internal.invokers.MethodInvocationHelper.invokeMethod(MethodInvocationHelper.java:135)
	at org.testng.internal.invokers.TestInvoker.invokeMethod(TestInvoker.java:673)
	at org.testng.internal.invokers.TestInvoker.retryFailed(TestInvoker.java:262)
	at org.testng.internal.invokers.MethodRunner.runInSequence(MethodRunner.java:62)
	at org.testng.internal.invokers.TestInvoker$MethodInvocationAgent.invoke(TestInvoker.java:945)
	at org.testng.internal.invokers.TestInvoker.invokeTestMethods(TestInvoker.java:193)
	at org.testng.internal.invokers.TestMethodWorker.invokeTestMethods(TestMethodWorker.java:146)
	at org.testng.internal.invokers.TestMethodWorker.run(TestMethodWorker.java:128)
	at java.base/java.util.ArrayList.forEach(ArrayList.java:1540)
	at org.testng.TestRunner.privateRun(TestRunner.java:808)
	at org.testng.TestRunner.run(TestRunner.java:603)
	at org.testng.SuiteRunner.runTest(SuiteRunner.java:429)
	at org.testng.SuiteRunner.runSequentially(SuiteRunner.java:423)
	at org.testng.SuiteRunner.privateRun(SuiteRunner.java:383)
	at org.testng.SuiteRunner.run(SuiteRunner.java:326)
	at org.testng.SuiteRunnerWorker.runSuite(SuiteRunnerWorker.java:52)
	at org.testng.SuiteRunnerWorker.run(SuiteRunnerWorker.java:95)
	at org.testng.TestNG.runSuitesSequentially(TestNG.java:1249)
	at org.testng.TestNG.runSuitesLocally(TestNG.java:1169)
	at org.testng.TestNG.runSuites(TestNG.java:1092)
	at org.testng.TestNG.run(TestNG.java:1060)
	at org.apache.maven.surefire.testng.TestNGExecutor.run(TestNGExecutor.java:284)
	at org.apache.maven.surefire.testng.TestNGXmlTestSuite.execute(TestNGXmlTestSuite.java:75)
	at org.apache.maven.surefire.testng.TestNGProvider.invoke(TestNGProvider.java:119)
	at org.apache.maven.surefire.booter.ForkedBooter.runSuitesInProcess(ForkedBooter.java:428)
	at org.apache.maven.surefire.booter.ForkedBooter.execute(ForkedBooter.java:162)
	at org.apache.maven.surefire.booter.ForkedBooter.run(ForkedBooter.java:562)
	at org.apache.maven.surefire.booter.ForkedBooter.main(ForkedBooter.java:548)
]]></system-err>
  </testcase>
  <testcase name="companyNavMainPage" classname="tests.mainPageTests.AllPageFirefoxAuthTests" time="0">
    <skipped message="Can&apos;t read input file!"/>
    <system-out><![CDATA[*** File exists ***
]]></system-out>
    <system-err><![CDATA[org.openqa.selenium.NoSuchElementException: Unable to locate element: //button[@class='close-button']
For documentation on this error, please visit: https://www.selenium.dev/documentation/webdriver/troubleshooting/errors#no-such-element-exception
Build info: version: '4.11.0', revision: '040bc5406b'
System info: os.name: 'Windows 10', os.arch: 'amd64', os.version: '10.0', java.version: '11.0.2'
Driver info: org.openqa.selenium.firefox.FirefoxDriver
Command: [d00af6c9-0f16-4603-a386-88718c9eb966, findElement {using=xpath, value=//button[@class='close-button']}]
Capabilities {acceptInsecureCerts: true, browserName: firefox, browserVersion: 113.0.2, moz:accessibilityChecks: false, moz:buildID: 20230522134052, moz:debuggerAddress: 127.0.0.1:20533, moz:geckodriverVersion: 0.33.0, moz:headless: false, moz:platformVersion: 10.0, moz:processID: 2768, moz:profile: C:\Users\admin\AppData\Loca..., moz:shutdownTimeout: 60000, moz:useNonSpecCompliantPointerOrigin: false, moz:webdriverClick: true, moz:windowless: false, pageLoadStrategy: normal, platformName: windows, proxy: Proxy(), se:cdp: ws://127.0.0.1:20533/devtoo..., se:cdpVersion: 85.0, setWindowRect: true, strictFileInteractability: false, timeouts: {implicit: 0, pageLoad: 300000, script: 30000}, unhandledPromptBehavior: dismiss and notify}
Session ID: d00af6c9-0f16-4603-a386-88718c9eb966
	at java.base/jdk.internal.reflect.NativeConstructorAccessorImpl.newInstance0(Native Method)
	at java.base/jdk.internal.reflect.NativeConstructorAccessorImpl.newInstance(NativeConstructorAccessorImpl.java:62)
	at java.base/jdk.internal.reflect.DelegatingConstructorAccessorImpl.newInstance(DelegatingConstructorAccessorImpl.java:45)
	at java.base/java.lang.reflect.Constructor.newInstance(Constructor.java:490)
	at org.openqa.selenium.remote.codec.w3c.W3CHttpResponseCodec.createException(W3CHttpResponseCodec.java:200)
	at org.openqa.selenium.remote.codec.w3c.W3CHttpResponseCodec.decode(W3CHttpResponseCodec.java:133)
	at org.openqa.selenium.remote.codec.w3c.W3CHttpResponseCodec.decode(W3CHttpResponseCodec.java:52)
	at org.openqa.selenium.remote.HttpCommandExecutor.execute(HttpCommandExecutor.java:191)
	at org.openqa.selenium.remote.service.DriverCommandExecutor.invokeExecute(DriverCommandExecutor.java:196)
	at org.openqa.selenium.remote.service.DriverCommandExecutor.execute(DriverCommandExecutor.java:171)
	at org.openqa.selenium.remote.RemoteWebDriver.execute(RemoteWebDriver.java:518)
	at org.openqa.selenium.remote.ElementLocation$ElementFinder$2.findElement(ElementLocation.java:165)
	at org.openqa.selenium.remote.ElementLocation.findElement(ElementLocation.java:59)
	at org.openqa.selenium.remote.RemoteWebDriver.findElement(RemoteWebDriver.java:355)
	at org.openqa.selenium.remote.RemoteWebDriver.findElement(RemoteWebDriver.java:349)
	at pages.base.Action.findElementByXpath(Action.java:30)
	at pages.base.Action.ifButtonIsPresentClick(Action.java:109)
	at tests.mainPageTests.AllPageFirefoxAuthTests.companyNavMainPage(AllPageFirefoxAuthTests.java:95)
	at java.base/jdk.internal.reflect.NativeMethodAccessorImpl.invoke0(Native Method)
	at java.base/jdk.internal.reflect.NativeMethodAccessorImpl.invoke(NativeMethodAccessorImpl.java:62)
	at java.base/jdk.internal.reflect.DelegatingMethodAccessorImpl.invoke(DelegatingMethodAccessorImpl.java:43)
	at java.base/java.lang.reflect.Method.invoke(Method.java:566)
	at org.testng.internal.invokers.MethodInvocationHelper.invokeMethod(MethodInvocationHelper.java:135)
	at org.testng.internal.invokers.TestInvoker.invokeMethod(TestInvoker.java:673)
	at org.testng.internal.invokers.TestInvoker.invokeTestMethod(TestInvoker.java:220)
	at org.testng.internal.invokers.MethodRunner.runInSequence(MethodRunner.java:50)
	at org.testng.internal.invokers.TestInvoker$MethodInvocationAgent.invoke(TestInvoker.java:945)
	at org.testng.internal.invokers.TestInvoker.invokeTestMethods(TestInvoker.java:193)
	at org.testng.internal.invokers.TestMethodWorker.invokeTestMethods(TestMethodWorker.java:146)
	at org.testng.internal.invokers.TestMethodWorker.run(TestMethodWorker.java:128)
	at java.base/java.util.ArrayList.forEach(ArrayList.java:1540)
	at org.testng.TestRunner.privateRun(TestRunner.java:808)
	at org.testng.TestRunner.run(TestRunner.java:603)
	at org.testng.SuiteRunner.runTest(SuiteRunner.java:429)
	at org.testng.SuiteRunner.runSequentially(SuiteRunner.java:423)
	at org.testng.SuiteRunner.privateRun(SuiteRunner.java:383)
	at org.testng.SuiteRunner.run(SuiteRunner.java:326)
	at org.testng.SuiteRunnerWorker.runSuite(SuiteRunnerWorker.java:52)
	at org.testng.SuiteRunnerWorker.run(SuiteRunnerWorker.java:95)
	at org.testng.TestNG.runSuitesSequentially(TestNG.java:1249)
	at org.testng.TestNG.runSuitesLocally(TestNG.java:1169)
	at org.testng.TestNG.runSuites(TestNG.java:1092)
	at org.testng.TestNG.run(TestNG.java:1060)
	at org.apache.maven.surefire.testng.TestNGExecutor.run(TestNGExecutor.java:284)
	at org.apache.maven.surefire.testng.TestNGXmlTestSuite.execute(TestNGXmlTestSuite.java:75)
	at org.apache.maven.surefire.testng.TestNGProvider.invoke(TestNGProvider.java:119)
	at org.apache.maven.surefire.booter.ForkedBooter.runSuitesInProcess(ForkedBooter.java:428)
	at org.apache.maven.surefire.booter.ForkedBooter.execute(ForkedBooter.java:162)
	at org.apache.maven.surefire.booter.ForkedBooter.run(ForkedBooter.java:562)
	at org.apache.maven.surefire.booter.ForkedBooter.main(ForkedBooter.java:548)
]]></system-err>
  </testcase>
  <testcase name="companyNavMainPage" classname="tests.mainPageTests.AllPageFirefoxAuthTests" time="0">
    <skipped message="Can&apos;t read input file!"/>
    <system-out><![CDATA[*** File exists ***
]]></system-out>
    <system-err><![CDATA[org.openqa.selenium.NoSuchElementException: Unable to locate element: //button[@class='close-button']
For documentation on this error, please visit: https://www.selenium.dev/documentation/webdriver/troubleshooting/errors#no-such-element-exception
Build info: version: '4.11.0', revision: '040bc5406b'
System info: os.name: 'Windows 10', os.arch: 'amd64', os.version: '10.0', java.version: '11.0.2'
Driver info: org.openqa.selenium.firefox.FirefoxDriver
Command: [d00af6c9-0f16-4603-a386-88718c9eb966, findElement {using=xpath, value=//button[@class='close-button']}]
Capabilities {acceptInsecureCerts: true, browserName: firefox, browserVersion: 113.0.2, moz:accessibilityChecks: false, moz:buildID: 20230522134052, moz:debuggerAddress: 127.0.0.1:20533, moz:geckodriverVersion: 0.33.0, moz:headless: false, moz:platformVersion: 10.0, moz:processID: 2768, moz:profile: C:\Users\admin\AppData\Loca..., moz:shutdownTimeout: 60000, moz:useNonSpecCompliantPointerOrigin: false, moz:webdriverClick: true, moz:windowless: false, pageLoadStrategy: normal, platformName: windows, proxy: Proxy(), se:cdp: ws://127.0.0.1:20533/devtoo..., se:cdpVersion: 85.0, setWindowRect: true, strictFileInteractability: false, timeouts: {implicit: 0, pageLoad: 300000, script: 30000}, unhandledPromptBehavior: dismiss and notify}
Session ID: d00af6c9-0f16-4603-a386-88718c9eb966
	at java.base/jdk.internal.reflect.NativeConstructorAccessorImpl.newInstance0(Native Method)
	at java.base/jdk.internal.reflect.NativeConstructorAccessorImpl.newInstance(NativeConstructorAccessorImpl.java:62)
	at java.base/jdk.internal.reflect.DelegatingConstructorAccessorImpl.newInstance(DelegatingConstructorAccessorImpl.java:45)
	at java.base/java.lang.reflect.Constructor.newInstance(Constructor.java:490)
	at org.openqa.selenium.remote.codec.w3c.W3CHttpResponseCodec.createException(W3CHttpResponseCodec.java:200)
	at org.openqa.selenium.remote.codec.w3c.W3CHttpResponseCodec.decode(W3CHttpResponseCodec.java:133)
	at org.openqa.selenium.remote.codec.w3c.W3CHttpResponseCodec.decode(W3CHttpResponseCodec.java:52)
	at org.openqa.selenium.remote.HttpCommandExecutor.execute(HttpCommandExecutor.java:191)
	at org.openqa.selenium.remote.service.DriverCommandExecutor.invokeExecute(DriverCommandExecutor.java:196)
	at org.openqa.selenium.remote.service.DriverCommandExecutor.execute(DriverCommandExecutor.java:171)
	at org.openqa.selenium.remote.RemoteWebDriver.execute(RemoteWebDriver.java:518)
	at org.openqa.selenium.remote.ElementLocation$ElementFinder$2.findElement(ElementLocation.java:165)
	at org.openqa.selenium.remote.ElementLocation.findElement(ElementLocation.java:59)
	at org.openqa.selenium.remote.RemoteWebDriver.findElement(RemoteWebDriver.java:355)
	at org.openqa.selenium.remote.RemoteWebDriver.findElement(RemoteWebDriver.java:349)
	at pages.base.Action.findElementByXpath(Action.java:30)
	at pages.base.Action.ifButtonIsPresentClick(Action.java:109)
	at tests.mainPageTests.AllPageFirefoxAuthTests.companyNavMainPage(AllPageFirefoxAuthTests.java:95)
	at java.base/jdk.internal.reflect.NativeMethodAccessorImpl.invoke0(Native Method)
	at java.base/jdk.internal.reflect.NativeMethodAccessorImpl.invoke(NativeMethodAccessorImpl.java:62)
	at java.base/jdk.internal.reflect.DelegatingMethodAccessorImpl.invoke(DelegatingMethodAccessorImpl.java:43)
	at java.base/java.lang.reflect.Method.invoke(Method.java:566)
	at org.testng.internal.invokers.MethodInvocationHelper.invokeMethod(MethodInvocationHelper.java:135)
	at org.testng.internal.invokers.TestInvoker.invokeMethod(TestInvoker.java:673)
	at org.testng.internal.invokers.TestInvoker.retryFailed(TestInvoker.java:262)
	at org.testng.internal.invokers.MethodRunner.runInSequence(MethodRunner.java:62)
	at org.testng.internal.invokers.TestInvoker$MethodInvocationAgent.invoke(TestInvoker.java:945)
	at org.testng.internal.invokers.TestInvoker.invokeTestMethods(TestInvoker.java:193)
	at org.testng.internal.invokers.TestMethodWorker.invokeTestMethods(TestMethodWorker.java:146)
	at org.testng.internal.invokers.TestMethodWorker.run(TestMethodWorker.java:128)
	at java.base/java.util.ArrayList.forEach(ArrayList.java:1540)
	at org.testng.TestRunner.privateRun(TestRunner.java:808)
	at org.testng.TestRunner.run(TestRunner.java:603)
	at org.testng.SuiteRunner.runTest(SuiteRunner.java:429)
	at org.testng.SuiteRunner.runSequentially(SuiteRunner.java:423)
	at org.testng.SuiteRunner.privateRun(SuiteRunner.java:383)
	at org.testng.SuiteRunner.run(SuiteRunner.java:326)
	at org.testng.SuiteRunnerWorker.runSuite(SuiteRunnerWorker.java:52)
	at org.testng.SuiteRunnerWorker.run(SuiteRunnerWorker.java:95)
	at org.testng.TestNG.runSuitesSequentially(TestNG.java:1249)
	at org.testng.TestNG.runSuitesLocally(TestNG.java:1169)
	at org.testng.TestNG.runSuites(TestNG.java:1092)
	at org.testng.TestNG.run(TestNG.java:1060)
	at org.apache.maven.surefire.testng.TestNGExecutor.run(TestNGExecutor.java:284)
	at org.apache.maven.surefire.testng.TestNGXmlTestSuite.execute(TestNGXmlTestSuite.java:75)
	at org.apache.maven.surefire.testng.TestNGProvider.invoke(TestNGProvider.java:119)
	at org.apache.maven.surefire.booter.ForkedBooter.runSuitesInProcess(ForkedBooter.java:428)
	at org.apache.maven.surefire.booter.ForkedBooter.execute(ForkedBooter.java:162)
	at org.apache.maven.surefire.booter.ForkedBooter.run(ForkedBooter.java:562)
	at org.apache.maven.surefire.booter.ForkedBooter.main(ForkedBooter.java:548)
]]></system-err>
  </testcase>
  <testcase name="companyNavMainPage" classname="tests.mainPageTests.AllPageFirefoxAuthTests" time="25.254">
    <failure message="Can&apos;t read input file!" type="javax.imageio.IIOException"><![CDATA[javax.imageio.IIOException: Can't read input file!
	at tests.mainPageTests.AllPageFirefoxAuthTests.companyNavMainPage(AllPageFirefoxAuthTests.java:99)
]]></failure>
    <system-out><![CDATA[*** File exists ***
]]></system-out>
    <system-err><![CDATA[org.openqa.selenium.NoSuchElementException: Unable to locate element: //button[@class='close-button']
For documentation on this error, please visit: https://www.selenium.dev/documentation/webdriver/troubleshooting/errors#no-such-element-exception
Build info: version: '4.11.0', revision: '040bc5406b'
System info: os.name: 'Windows 10', os.arch: 'amd64', os.version: '10.0', java.version: '11.0.2'
Driver info: org.openqa.selenium.firefox.FirefoxDriver
Command: [d00af6c9-0f16-4603-a386-88718c9eb966, findElement {using=xpath, value=//button[@class='close-button']}]
Capabilities {acceptInsecureCerts: true, browserName: firefox, browserVersion: 113.0.2, moz:accessibilityChecks: false, moz:buildID: 20230522134052, moz:debuggerAddress: 127.0.0.1:20533, moz:geckodriverVersion: 0.33.0, moz:headless: false, moz:platformVersion: 10.0, moz:processID: 2768, moz:profile: C:\Users\admin\AppData\Loca..., moz:shutdownTimeout: 60000, moz:useNonSpecCompliantPointerOrigin: false, moz:webdriverClick: true, moz:windowless: false, pageLoadStrategy: normal, platformName: windows, proxy: Proxy(), se:cdp: ws://127.0.0.1:20533/devtoo..., se:cdpVersion: 85.0, setWindowRect: true, strictFileInteractability: false, timeouts: {implicit: 0, pageLoad: 300000, script: 30000}, unhandledPromptBehavior: dismiss and notify}
Session ID: d00af6c9-0f16-4603-a386-88718c9eb966
	at java.base/jdk.internal.reflect.NativeConstructorAccessorImpl.newInstance0(Native Method)
	at java.base/jdk.internal.reflect.NativeConstructorAccessorImpl.newInstance(NativeConstructorAccessorImpl.java:62)
	at java.base/jdk.internal.reflect.DelegatingConstructorAccessorImpl.newInstance(DelegatingConstructorAccessorImpl.java:45)
	at java.base/java.lang.reflect.Constructor.newInstance(Constructor.java:490)
	at org.openqa.selenium.remote.codec.w3c.W3CHttpResponseCodec.createException(W3CHttpResponseCodec.java:200)
	at org.openqa.selenium.remote.codec.w3c.W3CHttpResponseCodec.decode(W3CHttpResponseCodec.java:133)
	at org.openqa.selenium.remote.codec.w3c.W3CHttpResponseCodec.decode(W3CHttpResponseCodec.java:52)
	at org.openqa.selenium.remote.HttpCommandExecutor.execute(HttpCommandExecutor.java:191)
	at org.openqa.selenium.remote.service.DriverCommandExecutor.invokeExecute(DriverCommandExecutor.java:196)
	at org.openqa.selenium.remote.service.DriverCommandExecutor.execute(DriverCommandExecutor.java:171)
	at org.openqa.selenium.remote.RemoteWebDriver.execute(RemoteWebDriver.java:518)
	at org.openqa.selenium.remote.ElementLocation$ElementFinder$2.findElement(ElementLocation.java:165)
	at org.openqa.selenium.remote.ElementLocation.findElement(ElementLocation.java:59)
	at org.openqa.selenium.remote.RemoteWebDriver.findElement(RemoteWebDriver.java:355)
	at org.openqa.selenium.remote.RemoteWebDriver.findElement(RemoteWebDriver.java:349)
	at pages.base.Action.findElementByXpath(Action.java:30)
	at pages.base.Action.ifButtonIsPresentClick(Action.java:109)
	at tests.mainPageTests.AllPageFirefoxAuthTests.companyNavMainPage(AllPageFirefoxAuthTests.java:95)
	at java.base/jdk.internal.reflect.NativeMethodAccessorImpl.invoke0(Native Method)
	at java.base/jdk.internal.reflect.NativeMethodAccessorImpl.invoke(NativeMethodAccessorImpl.java:62)
	at java.base/jdk.internal.reflect.DelegatingMethodAccessorImpl.invoke(DelegatingMethodAccessorImpl.java:43)
	at java.base/java.lang.reflect.Method.invoke(Method.java:566)
	at org.testng.internal.invokers.MethodInvocationHelper.invokeMethod(MethodInvocationHelper.java:135)
	at org.testng.internal.invokers.TestInvoker.invokeMethod(TestInvoker.java:673)
	at org.testng.internal.invokers.TestInvoker.retryFailed(TestInvoker.java:262)
	at org.testng.internal.invokers.MethodRunner.runInSequence(MethodRunner.java:62)
	at org.testng.internal.invokers.TestInvoker$MethodInvocationAgent.invoke(TestInvoker.java:945)
	at org.testng.internal.invokers.TestInvoker.invokeTestMethods(TestInvoker.java:193)
	at org.testng.internal.invokers.TestMethodWorker.invokeTestMethods(TestMethodWorker.java:146)
	at org.testng.internal.invokers.TestMethodWorker.run(TestMethodWorker.java:128)
	at java.base/java.util.ArrayList.forEach(ArrayList.java:1540)
	at org.testng.TestRunner.privateRun(TestRunner.java:808)
	at org.testng.TestRunner.run(TestRunner.java:603)
	at org.testng.SuiteRunner.runTest(SuiteRunner.java:429)
	at org.testng.SuiteRunner.runSequentially(SuiteRunner.java:423)
	at org.testng.SuiteRunner.privateRun(SuiteRunner.java:383)
	at org.testng.SuiteRunner.run(SuiteRunner.java:326)
	at org.testng.SuiteRunnerWorker.runSuite(SuiteRunnerWorker.java:52)
	at org.testng.SuiteRunnerWorker.run(SuiteRunnerWorker.java:95)
	at org.testng.TestNG.runSuitesSequentially(TestNG.java:1249)
	at org.testng.TestNG.runSuitesLocally(TestNG.java:1169)
	at org.testng.TestNG.runSuites(TestNG.java:1092)
	at org.testng.TestNG.run(TestNG.java:1060)
	at org.apache.maven.surefire.testng.TestNGExecutor.run(TestNGExecutor.java:284)
	at org.apache.maven.surefire.testng.TestNGXmlTestSuite.execute(TestNGXmlTestSuite.java:75)
	at org.apache.maven.surefire.testng.TestNGProvider.invoke(TestNGProvider.java:119)
	at org.apache.maven.surefire.booter.ForkedBooter.runSuitesInProcess(ForkedBooter.java:428)
	at org.apache.maven.surefire.booter.ForkedBooter.execute(ForkedBooter.java:162)
	at org.apache.maven.surefire.booter.ForkedBooter.run(ForkedBooter.java:562)
	at org.apache.maven.surefire.booter.ForkedBooter.main(ForkedBooter.java:548)
]]></system-err>
  </testcase>
  <testcase name="walletNavMainPage" classname="tests.mainPageTests.AllPageFirefoxAuthTests" time="0">
    <skipped message="Unable to locate element: //li[@data-test-id=&apos;wallet&apos;]&#10;For documentation on this error, please visit: https://www.selenium.dev/documentation/webdriver/troubleshooting/errors#no-such-element-exception&#10;Build info: version: &apos;4.11.0&apos;, revision: &apos;040bc5406b&apos;&#10;System info: os.name: &apos;Windows 10&apos;, os.arch: &apos;amd64&apos;, os.version: &apos;10.0&apos;, java.version: &apos;11.0.2&apos;&#10;Driver info: org.openqa.selenium.firefox.FirefoxDriver&#10;Command: [d00af6c9-0f16-4603-a386-88718c9eb966, findElement {using=xpath, value=//li[@data-test-id=&apos;wallet&apos;]}]&#10;Capabilities {acceptInsecureCerts: true, browserName: firefox, browserVersion: 113.0.2, moz:accessibilityChecks: false, moz:buildID: 20230522134052, moz:debuggerAddress: 127.0.0.1:20533, moz:geckodriverVersion: 0.33.0, moz:headless: false, moz:platformVersion: 10.0, moz:processID: 2768, moz:profile: C:\Users\admin\AppData\Loca..., moz:shutdownTimeout: 60000, moz:useNonSpecCompliantPointerOrigin: false, moz:webdriverClick: true, moz:windowless: false, pageLoadStrategy: normal, platformName: windows, proxy: Proxy(), se:cdp: ws://127.0.0.1:20533/devtoo..., se:cdpVersion: 85.0, setWindowRect: true, strictFileInteractability: false, timeouts: {implicit: 0, pageLoad: 300000, script: 30000}, unhandledPromptBehavior: dismiss and notify}&#10;Session ID: d00af6c9-0f16-4603-a386-88718c9eb966"/>
    <system-err><![CDATA[org.openqa.selenium.NoSuchElementException: Unable to locate element: //button[@class='close-button']
For documentation on this error, please visit: https://www.selenium.dev/documentation/webdriver/troubleshooting/errors#no-such-element-exception
Build info: version: '4.11.0', revision: '040bc5406b'
System info: os.name: 'Windows 10', os.arch: 'amd64', os.version: '10.0', java.version: '11.0.2'
Driver info: org.openqa.selenium.firefox.FirefoxDriver
Command: [d00af6c9-0f16-4603-a386-88718c9eb966, findElement {using=xpath, value=//button[@class='close-button']}]
Capabilities {acceptInsecureCerts: true, browserName: firefox, browserVersion: 113.0.2, moz:accessibilityChecks: false, moz:buildID: 20230522134052, moz:debuggerAddress: 127.0.0.1:20533, moz:geckodriverVersion: 0.33.0, moz:headless: false, moz:platformVersion: 10.0, moz:processID: 2768, moz:profile: C:\Users\admin\AppData\Loca..., moz:shutdownTimeout: 60000, moz:useNonSpecCompliantPointerOrigin: false, moz:webdriverClick: true, moz:windowless: false, pageLoadStrategy: normal, platformName: windows, proxy: Proxy(), se:cdp: ws://127.0.0.1:20533/devtoo..., se:cdpVersion: 85.0, setWindowRect: true, strictFileInteractability: false, timeouts: {implicit: 0, pageLoad: 300000, script: 30000}, unhandledPromptBehavior: dismiss and notify}
Session ID: d00af6c9-0f16-4603-a386-88718c9eb966
	at java.base/jdk.internal.reflect.NativeConstructorAccessorImpl.newInstance0(Native Method)
	at java.base/jdk.internal.reflect.NativeConstructorAccessorImpl.newInstance(NativeConstructorAccessorImpl.java:62)
	at java.base/jdk.internal.reflect.DelegatingConstructorAccessorImpl.newInstance(DelegatingConstructorAccessorImpl.java:45)
	at java.base/java.lang.reflect.Constructor.newInstance(Constructor.java:490)
	at org.openqa.selenium.remote.codec.w3c.W3CHttpResponseCodec.createException(W3CHttpResponseCodec.java:200)
	at org.openqa.selenium.remote.codec.w3c.W3CHttpResponseCodec.decode(W3CHttpResponseCodec.java:133)
	at org.openqa.selenium.remote.codec.w3c.W3CHttpResponseCodec.decode(W3CHttpResponseCodec.java:52)
	at org.openqa.selenium.remote.HttpCommandExecutor.execute(HttpCommandExecutor.java:191)
	at org.openqa.selenium.remote.service.DriverCommandExecutor.invokeExecute(DriverCommandExecutor.java:196)
	at org.openqa.selenium.remote.service.DriverCommandExecutor.execute(DriverCommandExecutor.java:171)
	at org.openqa.selenium.remote.RemoteWebDriver.execute(RemoteWebDriver.java:518)
	at org.openqa.selenium.remote.ElementLocation$ElementFinder$2.findElement(ElementLocation.java:165)
	at org.openqa.selenium.remote.ElementLocation.findElement(ElementLocation.java:59)
	at org.openqa.selenium.remote.RemoteWebDriver.findElement(RemoteWebDriver.java:355)
	at org.openqa.selenium.remote.RemoteWebDriver.findElement(RemoteWebDriver.java:349)
	at pages.base.Action.findElementByXpath(Action.java:30)
	at pages.base.Action.ifButtonIsPresentClick(Action.java:109)
	at tests.mainPageTests.AllPageFirefoxAuthTests.walletNavMainPage(AllPageFirefoxAuthTests.java:115)
	at java.base/jdk.internal.reflect.NativeMethodAccessorImpl.invoke0(Native Method)
	at java.base/jdk.internal.reflect.NativeMethodAccessorImpl.invoke(NativeMethodAccessorImpl.java:62)
	at java.base/jdk.internal.reflect.DelegatingMethodAccessorImpl.invoke(DelegatingMethodAccessorImpl.java:43)
	at java.base/java.lang.reflect.Method.invoke(Method.java:566)
	at org.testng.internal.invokers.MethodInvocationHelper.invokeMethod(MethodInvocationHelper.java:135)
	at org.testng.internal.invokers.TestInvoker.invokeMethod(TestInvoker.java:673)
	at org.testng.internal.invokers.TestInvoker.invokeTestMethod(TestInvoker.java:220)
	at org.testng.internal.invokers.MethodRunner.runInSequence(MethodRunner.java:50)
	at org.testng.internal.invokers.TestInvoker$MethodInvocationAgent.invoke(TestInvoker.java:945)
	at org.testng.internal.invokers.TestInvoker.invokeTestMethods(TestInvoker.java:193)
	at org.testng.internal.invokers.TestMethodWorker.invokeTestMethods(TestMethodWorker.java:146)
	at org.testng.internal.invokers.TestMethodWorker.run(TestMethodWorker.java:128)
	at java.base/java.util.ArrayList.forEach(ArrayList.java:1540)
	at org.testng.TestRunner.privateRun(TestRunner.java:808)
	at org.testng.TestRunner.run(TestRunner.java:603)
	at org.testng.SuiteRunner.runTest(SuiteRunner.java:429)
	at org.testng.SuiteRunner.runSequentially(SuiteRunner.java:423)
	at org.testng.SuiteRunner.privateRun(SuiteRunner.java:383)
	at org.testng.SuiteRunner.run(SuiteRunner.java:326)
	at org.testng.SuiteRunnerWorker.runSuite(SuiteRunnerWorker.java:52)
	at org.testng.SuiteRunnerWorker.run(SuiteRunnerWorker.java:95)
	at org.testng.TestNG.runSuitesSequentially(TestNG.java:1249)
	at org.testng.TestNG.runSuitesLocally(TestNG.java:1169)
	at org.testng.TestNG.runSuites(TestNG.java:1092)
	at org.testng.TestNG.run(TestNG.java:1060)
	at org.apache.maven.surefire.testng.TestNGExecutor.run(TestNGExecutor.java:284)
	at org.apache.maven.surefire.testng.TestNGXmlTestSuite.execute(TestNGXmlTestSuite.java:75)
	at org.apache.maven.surefire.testng.TestNGProvider.invoke(TestNGProvider.java:119)
	at org.apache.maven.surefire.booter.ForkedBooter.runSuitesInProcess(ForkedBooter.java:428)
	at org.apache.maven.surefire.booter.ForkedBooter.execute(ForkedBooter.java:162)
	at org.apache.maven.surefire.booter.ForkedBooter.run(ForkedBooter.java:562)
	at org.apache.maven.surefire.booter.ForkedBooter.main(ForkedBooter.java:548)
]]></system-err>
  </testcase>
  <testcase name="walletNavMainPage" classname="tests.mainPageTests.AllPageFirefoxAuthTests" time="0">
[...]
Difference found. See the file D:\jenkins-agent-data\workspace\pixelPerfectMultiPlatform_AI_Mood_Prod\Screenshots\TokenMood_page\EnFirefox\Screenshots_allFooterTokenMoodPage\difference.png for details.
]]></system-out>
  </testcase>
  <testcase name="allFooterTokenMoodPage[https://ai-mood.com/en/block-explorer, Screenshots/](3)" classname="tests.tokenMoodPageTests.AllPageFirefoxTests" time="4.993">
    <system-out><![CDATA[The two images are similar.
]]></system-out>
  </testcase>
  <testcase name="partnFooterTokenMoodPage[https://ai-mood.com/en/block-explorer, Screenshots/](1)" classname="tests.tokenMoodPageTests.AllPageFirefoxTests" time="4.845">
    <system-out><![CDATA[The two images are similar.
]]></system-out>
  </testcase>
  <testcase name="subFooterTokenMoodPage[https://ai-mood.com/en/block-explorer, Screenshots/](1)" classname="tests.tokenMoodPageTests.AllPageFirefoxTests" time="4.835">
    <system-out><![CDATA[The two images are similar.
]]></system-out>
  </testcase>
  <testcase name="copFooterTokenMoodPage[https://ai-mood.com/en/block-explorer, Screenshots/](1)" classname="tests.tokenMoodPageTests.AllPageFirefoxTests" time="3.921">
    <system-out><![CDATA[The two images are similar.
]]></system-out>
  </testcase>
  <testcase name="allHeaderTokenMoodPage[https://ai-mood.com/en/block-explorer, Screenshots/](1)" classname="tests.tokenMoodPageTests.AllPageChromeTests" time="9.394">
    <system-out><![CDATA[The two images are similar.
]]></system-out>
    <system-err><![CDATA[серп. 25, 2023 6:20:21 ПП org.openqa.selenium.devtools.CdpVersionFinder findNearestMatch
WARNING: Unable to find an exact match for CDP version 116, so returning the closest version found: 115
]]></system-err>
  </testcase>
  <testcase name="getStartedHeaderTokenMoodPage[https://ai-mood.com/en/block-explorer, Screenshots/](1)" classname="tests.tokenMoodPageTests.AllPageChromeTests" time="4.401">
    <system-out><![CDATA[The two images are similar.
]]></system-out>
  </testcase>
  <testcase name="learnHeaderTokenMoodPage[https://ai-mood.com/en/block-explorer, Screenshots/](1)" classname="tests.tokenMoodPageTests.AllPageChromeTests" time="4.352">
    <system-out><![CDATA[The two images are similar.
]]></system-out>
  </testcase>
  <testcase name="resourcesHeaderTokenMoodPage[https://ai-mood.com/en/block-explorer, Screenshots/](1)" classname="tests.tokenMoodPageTests.AllPageChromeTests" time="4.314">
    <system-out><![CDATA[The two images are similar.
]]></system-out>
  </testcase>
  <testcase name="mainSectionTokenMoodPage[https://ai-mood.com/en/block-explorer, Screenshots/](1)" classname="tests.tokenMoodPageTests.AllPageChromeTests" time="6.211">
    <system-out><![CDATA[The two images are similar.
]]></system-out>
  </testcase>
  <testcase name="statisticsSectionTokenMoodPage[https://ai-mood.com/en/block-explorer, Screenshots/](1)" classname="tests.tokenMoodPageTests.AllPageChromeTests" time="6.693">
    <system-out><![CDATA[The two images are similar.
]]></system-out>
  </testcase>
  <testcase name="allFooterTokenMoodPage[https://ai-mood.com/en/block-explorer, Screenshots/](1)" classname="tests.tokenMoodPageTests.AllPageChromeTests" time="5.272">
    <system-out><![CDATA[The two images are similar.
]]></system-out>
  </testcase>
  <testcase name="partnFooterTokenMoodPage[https://ai-mood.com/en/block-explorer, Screenshots/](1)" classname="tests.tokenMoodPageTests.AllPageChromeTests" time="5.17">
    <system-out><![CDATA[The two images are similar.
]]></system-out>
  </testcase>
  <testcase name="subFooterTokenMoodPage[https://ai-mood.com/en/block-explorer, Screenshots/](1)" classname="tests.tokenMoodPageTests.AllPageChromeTests" time="5.147">
    <system-out><![CDATA[The two images are similar.
]]></system-out>
  </testcase>
  <testcase name="copFooterTokenMoodPage[https://ai-mood.com/en/block-explorer, Screenshots/](1)" classname="tests.tokenMoodPageTests.AllPageChromeTests" time="4.198">
    <system-out><![CDATA[The two images are similar.
]]></system-out>
  </testcase>
  <testcase name="allHeaderFundPage[https://ai-mood.com/en/fund, Screenshots/](1)" classname="tests.fundPageTests.AllPageFirefoxTests" time="7.575">
    <system-out><![CDATA[The two images are similar.
]]></system-out>
  </testcase>
  <testcase name="getStartedHeaderFundPage[https://ai-mood.com/en/fund, Screenshots/](1)" classname="tests.fundPageTests.AllPageFirefoxTests" time="4.098">
    <system-out><![CDATA[The two images are similar.
]]></system-out>
  </testcase>
  <testcase name="learnHeaderFundPage[https://ai-mood.com/en/fund, Screenshots/](1)" classname="tests.fundPageTests.AllPageFirefoxTests" time="4.081">
    <system-out><![CDATA[The two images are similar.
]]></system-out>
  </testcase>
  <testcase name="resourcesHeaderFundPage[https://ai-mood.com/en/fund, Screenshots/](1)" classname="tests.fundPageTests.AllPageFirefoxTests" time="4.143">
    <system-out><![CDATA[The two images are similar.
]]></system-out>
  </testcase>
  <testcase name="mainSectionFundPage[https://ai-mood.com/en/fund, Screenshots/](1)" classname="tests.fundPageTests.AllPageFirefoxTests" time="5.932">
    <system-out><![CDATA[The two images are similar.
]]></system-out>
  </testcase>
  <testcase name="allFooterFundPage[https://ai-mood.com/en/fund, Screenshots/](1)" classname="tests.fundPageTests.AllPageFirefoxTests" time="0">
    <skipped message="*** Images are not similar *** expected [true] but found [false]"/>
    <system-out><![CDATA[The two images are not similar.
Difference found. See the file D:\jenkins-agent-data\workspace\pixelPerfectMultiPlatform_AI_Mood_Prod\Screenshots\Fund_page\EnFirefox\Screenshots_allFooterFundPage\difference.png for details.
]]></system-out>
  </testcase>
  <testcase name="allFooterFundPage[https://ai-mood.com/en/fund, Screenshots/](2)" classname="tests.fundPageTests.AllPageFirefoxTests" time="4.93">
    <system-out><![CDATA[The two images are similar.
]]></system-out>
  </testcase>
  <testcase name="partnFooterFundPage[https://ai-mood.com/en/fund, Screenshots/](1)" classname="tests.fundPageTests.AllPageFirefoxTests" time="4.874">
    <system-out><![CDATA[The two images are similar.
]]></system-out>
  </testcase>
  <testcase name="subFooterFundPage[https://ai-mood.com/en/fund, Screenshots/](1)" classname="tests.fundPageTests.AllPageFirefoxTests" time="4.903">
    <system-out><![CDATA[The two images are similar.
]]></system-out>
  </testcase>
  <testcase name="copFooterFundPage[https://ai-mood.com/en/fund, Screenshots/](1)" classname="tests.fundPageTests.AllPageFirefoxTests" time="3.921">
    <system-out><![CDATA[The two images are similar.
]]></system-out>
  </testcase>
  <testcase name="allHeaderFundPage[https://ai-mood.com/en/fund, Screenshots/](1)" classname="tests.fundPageTests.AllPageChromeTests" time="7.05">
    <system-out><![CDATA[The two images are similar.
]]></system-out>
    <system-err><![CDATA[серп. 25, 2023 6:22:10 ПП org.openqa.selenium.devtools.CdpVersionFinder findNearestMatch
WARNING: Unable to find an exact match for CDP version 116, so returning the closest version found: 115
]]></system-err>
  </testcase>
  <testcase name="getStartedHeaderFundPage[https://ai-mood.com/en/fund, Screenshots/](1)" classname="tests.fundPageTests.AllPageChromeTests" time="4.386">
    <system-out><![CDATA[The two images are similar.
]]></system-out>
  </testcase>
  <testcase name="learnHeaderFundPage[https://ai-mood.com/en/fund, Screenshots/](1)" classname="tests.fundPageTests.AllPageChromeTests" time="4.294">
    <system-out><![CDATA[The two images are similar.
]]></system-out>
  </testcase>
  <testcase name="resourcesHeaderFundPage[https://ai-mood.com/en/fund, Screenshots/](1)" classname="tests.fundPageTests.AllPageChromeTests" time="4.392">
    <system-out><![CDATA[The two images are similar.
]]></system-out>
  </testcase>
  <testcase name="mainSectionFundPage[https://ai-mood.com/en/fund, Screenshots/](1)" classname="tests.fundPageTests.AllPageChromeTests" time="6.185">
    <system-out><![CDATA[The two images are similar.
]]></system-out>
  </testcase>
  <testcase name="allFooterFundPage[https://ai-mood.com/en/fund, Screenshots/](1)" classname="tests.fundPageTests.AllPageChromeTests" time="5.252">
    <system-out><![CDATA[The two images are similar.
]]></system-out>
  </testcase>
  <testcase name="partnFooterFundPage[https://ai-mood.com/en/fund, Screenshots/](1)" classname="tests.fundPageTests.AllPageChromeTests" time="5.097">
    <system-out><![CDATA[The two images are similar.
]]></system-out>
  </testcase>
  <testcase name="subFooterFundPage[https://ai-mood.com/en/fund, Screenshots/](1)" classname="tests.fundPageTests.AllPageChromeTests" time="5.108">
    <system-out><![CDATA[The two images are similar.
]]></system-out>
  </testcase>
  <testcase name="copFooterFundPage[https://ai-mood.com/en/fund, Screenshots/](1)" classname="tests.fundPageTests.AllPageChromeTests" time="4.261">
    <system-out><![CDATA[The two images are similar.
]]></system-out>
  </testcase>
  <testcase name="allHeaderAffiliateProgramPage[https://ai-mood.com/en/affiliate-program, Screenshots/](1)" classname="tests.affiliateProgramPageTests.AllPageFirefoxTests" time="9.412">
    <system-out><![CDATA[The two images are similar.
]]></system-out>
  </testcase>
  <testcase name="getStartedHeaderAffiliateProgramPage[https://ai-mood.com/en/affiliate-program, Screenshots/](1)" classname="tests.affiliateProgramPageTests.AllPageFirefoxTests" time="4.109">
    <system-out><![CDATA[The two images are similar.
]]></system-out>
  </testcase>
  <testcase name="learnHeaderAffiliateProgramPage[https://ai-mood.com/en/affiliate-program, Screenshots/](1)" classname="tests.affiliateProgramPageTests.AllPageFirefoxTests" time="4.073">
    <system-out><![CDATA[The two images are similar.
]]></system-out>
  </testcase>
  <testcase name="resourcesHeaderAffiliateProgramPage[https://ai-mood.com/en/affiliate-program, Screenshots/](1)" classname="tests.affiliateProgramPageTests.AllPageFirefoxTests" time="4.152">
    <system-out><![CDATA[The two images are similar.
]]></system-out>
  </testcase>
  <testcase name="mainSectionAffiliateProgramPage[https://ai-mood.com/en/affiliate-program, Screenshots/](1)" classname="tests.affiliateProgramPageTests.AllPageFirefoxTests" time="5.903">
    <system-out><![CDATA[The two images are similar.
]]></system-out>
  </testcase>
  <testcase name="affiliateSectionAffiliateProgramPage[https://ai-mood.com/en/affiliate-program, Screenshots/](1)" classname="tests.affiliateProgramPageTests.AllPageFirefoxTests" time="6.199">
    <system-out><![CDATA[The two images are similar.
]]></system-out>
  </testcase>
  <testcase name="allFooterAffiliateProgramPage[https://ai-mood.com/en/affiliate-program, Screenshots/](1)" classname="tests.affiliateProgramPageTests.AllPageFirefoxTests" time="5.019">
    <system-out><![CDATA[The two images are similar.
]]></system-out>
  </testcase>
  <testcase name="partnFooterAffiliateProgramPage[https://ai-mood.com/en/affiliate-program, Screenshots/](1)" classname="tests.affiliateProgramPageTests.AllPageFirefoxTests" time="4.847">
    <system-out><![CDATA[The two images are similar.
]]></system-out>
  </testcase>
  <testcase name="subFooterAffiliateProgramPage[https://ai-mood.com/en/affiliate-program, Screenshots/](1)" classname="tests.affiliateProgramPageTests.AllPageFirefoxTests" time="4.858">
    <system-out><![CDATA[The two images are similar.
]]></system-out>
  </testcase>
  <testcase name="copFooterAffiliateProgramPage[https://ai-mood.com/en/affiliate-program, Screenshots/](1)" classname="tests.affiliateProgramPageTests.AllPageFirefoxTests" time="4.014">
    <system-out><![CDATA[The two images are similar.
]]></system-out>
  </testcase>
  <testcase name="allHeaderAffiliateProgramPage[https://ai-mood.com/en/affiliate-program, Screenshots/](1)" classname="tests.affiliateProgramPageTests.AllPageChromeTests" time="8.399">
    <system-out><![CDATA[The two images are similar.
]]></system-out>
    <system-err><![CDATA[серп. 25, 2023 6:23:54 ПП org.openqa.selenium.devtools.CdpVersionFinder findNearestMatch
WARNING: Unable to find an exact match for CDP version 116, so returning the closest version found: 115
]]></system-err>
  </testcase>
  <testcase name="getStartedHeaderAffiliateProgramPage[https://ai-mood.com/en/affiliate-program, Screenshots/](1)" classname="tests.affiliateProgramPageTests.AllPageChromeTests" time="4.37">
    <system-out><![CDATA[The two images are similar.
]]></system-out>
  </testcase>
  <testcase name="learnHeaderAffiliateProgramPage[https://ai-mood.com/en/affiliate-program, Screenshots/](1)" classname="tests.affiliateProgramPageTests.AllPageChromeTests" time="4.321">
    <system-out><![CDATA[The two images are similar.
]]></system-out>
  </testcase>
  <testcase name="resourcesHeaderAffiliateProgramPage[https://ai-mood.com/en/affiliate-program, Screenshots/](1)" classname="tests.affiliateProgramPageTests.AllPageChromeTests" time="4.308">
    <system-out><![CDATA[The two images are similar.
]]></system-out>
  </testcase>
  <testcase name="mainSectionAffiliateProgramPage[https://ai-mood.com/en/affiliate-program, Screenshots/](1)" classname="tests.affiliateProgramPageTests.AllPageChromeTests" time="6.225">
    <system-out><![CDATA[The two images are similar.
]]></system-out>
  </testcase>
  <testcase name="affiliateSectionAffiliateProgramPage[https://ai-mood.com/en/affiliate-program, Screenshots/](1)" classname="tests.affiliateProgramPageTests.AllPageChromeTests" time="6.593">
    <system-out><![CDATA[The two images are similar.
]]></system-out>
  </testcase>
  <testcase name="allFooterAffiliateProgramPage[https://ai-mood.com/en/affiliate-program, Screenshots/](1)" classname="tests.affiliateProgramPageTests.AllPageChromeTests" time="5.281">
    <system-out><![CDATA[The two images are similar.
]]></system-out>
  </testcase>
  <testcase name="partnFooterAffiliateProgramPage[https://ai-mood.com/en/affiliate-program, Screenshots/](1)" classname="tests.affiliateProgramPageTests.AllPageChromeTests" time="5.141">
    <system-out><![CDATA[The two images are similar.
]]></system-out>
  </testcase>
  <testcase name="subFooterAffiliateProgramPage[https://ai-mood.com/en/affiliate-program, Screenshots/](1)" classname="tests.affiliateProgramPageTests.AllPageChromeTests" time="5.151">
    <system-out><![CDATA[The two images are similar.
]]></system-out>
  </testcase>
  <testcase name="copFooterAffiliateProgramPage[https://ai-mood.com/en/affiliate-program, Screenshots/](1)" classname="tests.affiliateProgramPageTests.AllPageChromeTests" time="4.193">
    <system-out><![CDATA[The two images are similar.
]]></system-out>
  </testcase>
  <testcase name="allHeaderWalletPage[https://ai-mood.com/en/the-aimood-wallet, Screenshots/](1)" classname="tests.walletPageTests.AllPageFirefoxTests" time="8.878">
    <system-out><![CDATA[The two images are similar.
]]></system-out>
  </testcase>
  <testcase name="getStartedHeaderWalletPage[https://ai-mood.com/en/the-aimood-wallet, Screenshots/](1)" classname="tests.walletPageTests.AllPageFirefoxTests" time="4.069">
    <system-out><![CDATA[The two images are similar.
]]></system-out>
  </testcase>
  <testcase name="learnHeaderWalletPage[https://ai-mood.com/en/the-aimood-wallet, Screenshots/](1)" classname="tests.walletPageTests.AllPageFirefoxTests" time="4.072">
    <system-out><![CDATA[The two images are similar.
]]></system-out>
  </testcase>
  <testcase name="resourcesHeaderWalletPage[https://ai-mood.com/en/the-aimood-wallet, Screenshots/](1)" classname="tests.walletPageTests.AllPageFirefoxTests" time="4.174">
    <system-out><![CDATA[The two images are similar.
]]></system-out>
  </testcase>
  <testcase name="mainSectionWalletPage[https://ai-mood.com/en/the-aimood-wallet, Screenshots/](1)" classname="tests.walletPageTests.AllPageFirefoxTests" time="4.914">
    <system-out><![CDATA[The two images are similar.
]]></system-out>
  </testcase>
  <testcase name="delegatedSectionWalletPage[https://ai-mood.com/en/the-aimood-wallet, Screenshots/](1)" classname="tests.walletPageTests.AllPageFirefoxTests" time="5.167">
    <system-out><![CDATA[The two images are similar.
]]></system-out>
  </testcase>
  <testcase name="allFooterWalletPage[https://ai-mood.com/en/the-aimood-wallet, Screenshots/](1)" classname="tests.walletPageTests.AllPageFirefoxTests" time="4.997">
    <system-out><![CDATA[The two images are similar.
]]></system-out>
  </testcase>
  <testcase name="partnFooterWalletPage[https://ai-mood.com/en/the-aimood-wallet, Screenshots/](1)" classname="tests.walletPageTests.AllPageFirefoxTests" time="4.857">
    <system-out><![CDATA[The two images are similar.
]]></system-out>
  </testcase>
  <testcase name="subFooterWalletPage[https://ai-mood.com/en/the-aimood-wallet, Screenshots/](1)" classname="tests.walletPageTests.AllPageFirefoxTests" time="4.894">
    <system-out><![CDATA[The two images are similar.
]]></system-out>
  </testcase>
  <testcase name="copFooterWalletPage[https://ai-mood.com/en/the-aimood-wallet, Screenshots/](1)" classname="tests.walletPageTests.AllPageFirefoxTests" time="3.967">
    <system-out><![CDATA[The two images are similar.
]]></system-out>
  </testcase>
  <testcase name="allHeaderWalletPage[https://ai-mood.com/en/the-aimood-wallet, Screenshots/](1)" classname="tests.walletPageTests.AllPageChromeTests" time="8.499">
    <system-out><![CDATA[The two images are similar.
]]></system-out>
    <system-err><![CDATA[серп. 25, 2023 6:25:43 ПП org.openqa.selenium.devtools.CdpVersionFinder findNearestMatch
WARNING: Unable to find an exact match for CDP version 116, so returning the closest version found: 115
]]></system-err>
  </testcase>
  <testcase name="getStartedHeaderWalletPage[https://ai-mood.com/en/the-aimood-wallet, Screenshots/](1)" classname="tests.walletPageTests.AllPageChromeTests" time="4.466">
    <system-out><![CDATA[The two images are similar.
]]></system-out>
  </testcase>
  <testcase name="learnHeaderWalletPage[https://ai-mood.com/en/the-aimood-wallet, Screenshots/](1)" classname="tests.walletPageTests.AllPageChromeTests" time="4.323">
    <system-out><![CDATA[The two images are similar.
]]></system-out>
  </testcase>
  <testcase name="resourcesHeaderWalletPage[https://ai-mood.com/en/the-aimood-wallet, Screenshots/](1)" classname="tests.walletPageTests.AllPageChromeTests" time="4.406">
    <system-out><![CDATA[The two images are similar.
]]></system-out>
  </testcase>
  <testcase name="mainSectionWalletPage[https://ai-mood.com/en/the-aimood-wallet, Screenshots/](1)" classname="tests.walletPageTests.AllPageChromeTests" time="5.223">
    <system-out><![CDATA[The two images are similar.
]]></system-out>
  </testcase>
  <testcase name="delegatedSectionWalletPage[https://ai-mood.com/en/the-aimood-wallet, Screenshots/](1)" classname="tests.walletPageTests.AllPageChromeTests" time="5.546">
    <system-out><![CDATA[The two images are similar.
]]></system-out>
  </testcase>
  <testcase name="allFooterWalletPage[https://ai-mood.com/en/the-aimood-wallet, Screenshots/](1)" classname="tests.walletPageTests.AllPageChromeTests" time="5.264">
    <system-out><![CDATA[The two images are similar.
]]></system-out>
  </testcase>
  <testcase name="partnFooterWalletPage[https://ai-mood.com/en/the-aimood-wallet, Screenshots/](1)" classname="tests.walletPageTests.AllPageChromeTests" time="5.135">
    <system-out><![CDATA[The two images are similar.
]]></system-out>
  </testcase>
  <testcase name="subFooterWalletPage[https://ai-mood.com/en/the-aimood-wallet, Screenshots/](1)" classname="tests.walletPageTests.AllPageChromeTests" time="5.128">
    <system-out><![CDATA[The two images are similar.
]]></system-out>
  </testcase>
  <testcase name="copFooterWalletPage[https://ai-mood.com/en/the-aimood-wallet, Screenshots/](1)" classname="tests.walletPageTests.AllPageChromeTests" time="4.2">
    <system-out><![CDATA[The two images are similar.
]]></system-out>
  </testcase>
</testsuite>