<?xml version="1.0" encoding="UTF-8"?>
<testng-results ignored="0" total="13" passed="13" failed="0" skipped="0">
  <reporter-output>
  </reporter-output>
  <suite started-at="2023-09-04T12:56:34 EEST" name="WPT" finished-at="2023-09-04T12:58:05 EEST" duration-ms="90934">
    <groups>
    </groups>
    <test started-at="2023-09-04T12:56:34 EEST" name="ai-mood - Pixel perfect regression" finished-at="2023-09-04T12:58:05 EEST" duration-ms="90934">
      <class name="tests.mainPageTests.AllPageFirefoxTests">
        <test-method is-config="true" signature="setUp()[pri:0, instance:tests.mainPageTests.AllPageFirefoxTests@70e9c95d]" started-at="2023-09-04T12:56:34 EEST" name="setUp" finished-at="2023-09-04T12:56:38 EEST" duration-ms="3742" status="PASS">
          <reporter-output>
          </reporter-output>
        </test-method> <!-- setUp -->
        <test-method signature="allHeaderMainPage(java.lang.String,java.lang.String)[pri:1, instance:tests.mainPageTests.AllPageFirefoxTests@70e9c95d]" started-at="2023-09-04T12:56:38 EEST" name="allHeaderMainPage" finished-at="2023-09-04T12:56:51 EEST" duration-ms="13070" status="PASS">
          <params>
            <param index="0">
              <value>
                <![CDATA[https://aimood-stage1.intary.net/en/]]>
              </value>
            </param>
            <param index="1">
              <value>
                <![CDATA[Screenshots_St1/]]>
              </value>
            </param>
          </params>
          <reporter-output>
          </reporter-output>
        </test-method> <!-- allHeaderMainPage -->
        <test-method is-config="true" signature="setUp()[pri:0, instance:tests.mainPageTests.AllPageFirefoxTests@70e9c95d]" started-at="2023-09-04T12:56:51 EEST" name="setUp" finished-at="2023-09-04T12:56:51 EEST" duration-ms="2" status="PASS">
          <reporter-output>
          </reporter-output>
        </test-method> <!-- setUp -->
        <test-method signature="getStartedHeaderMainPage(java.lang.String,java.lang.String)[pri:2, instance:tests.mainPageTests.AllPageFirefoxTests@70e9c95d]" started-at="2023-09-04T12:56:51 EEST" name="getStartedHeaderMainPage" finished-at="2023-09-04T12:56:56 EEST" duration-ms="5369" status="PASS">
          <params>
            <param index="0">
              <value>
                <![CDATA[https://aimood-stage1.intary.net/en/]]>
              </value>
            </param>
            <param index="1">
              <value>
                <![CDATA[Screenshots_St1/]]>
              </value>
            </param>
          </params>
          <reporter-output>
          </reporter-output>
        </test-method> <!-- getStartedHeaderMainPage -->
        <test-method is-config="true" signature="setUp()[pri:0, instance:tests.mainPageTests.AllPageFirefoxTests@70e9c95d]" started-at="2023-09-04T12:56:56 EEST" name="setUp" finished-at="2023-09-04T12:56:56 EEST" duration-ms="1" status="PASS">
          <reporter-output>
          </reporter-output>
        </test-method> <!-- setUp -->
        <test-method signature="learnHeaderMainPage(java.lang.String,java.lang.String)[pri:3, instance:tests.mainPageTests.AllPageFirefoxTests@70e9c95d]" started-at="2023-09-04T12:56:56 EEST" name="learnHeaderMainPage" finished-at="2023-09-04T12:57:02 EEST" duration-ms="5307" status="PASS">
          <params>
            <param index="0">
              <value>
                <![CDATA[https://aimood-stage1.intary.net/en/]]>
              </value>
            </param>
            <param index="1">
              <value>
                <![CDATA[Screenshots_St1/]]>
              </value>
            </param>
          </params>
          <reporter-output>
          </reporter-output>
        </test-method> <!-- learnHeaderMainPage -->
        <test-method is-config="true" signature="setUp()[pri:0, instance:tests.mainPageTests.AllPageFirefoxTests@70e9c95d]" started-at="2023-09-04T12:57:02 EEST" name="setUp" finished-at="2023-09-04T12:57:02 EEST" duration-ms="1" status="PASS">
          <reporter-output>
          </reporter-output>
        </test-method> <!-- setUp -->
        <test-method signature="resourcesHeaderMainPage(java.lang.String,java.lang.String)[pri:4, instance:tests.mainPageTests.AllPageFirefoxTests@70e9c95d]" started-at="2023-09-04T12:57:02 EEST" name="resourcesHeaderMainPage" finished-at="2023-09-04T12:57:07 EEST" duration-ms="5277" status="PASS">
          <params>
            <param index="0">
              <value>
                <![CDATA[https://aimood-stage1.intary.net/en/]]>
              </value>
            </param>
            <param index="1">
              <value>
                <![CDATA[Screenshots_St1/]]>
              </value>
            </param>
          </params>
          <reporter-output>
          </reporter-output>
        </test-method> <!-- resourcesHeaderMainPage -->
        <test-method signature="mainSectionMainPage(java.lang.String,java.lang.String)[pri:6, instance:tests.mainPageTests.AllPageFirefoxTests@70e9c95d]" started-at="2023-09-04T12:57:07 EEST" name="mainSectionMainPage" finished-at="2023-09-04T12:57:14 EEST" duration-ms="6791" status="PASS">
          <params>
            <param index="0">
              <value>
                <![CDATA[https://aimood-stage1.intary.net/en/]]>
              </value>
            </param>
            <param index="1">
              <value>
                <![CDATA[Screenshots_St1/]]>
              </value>
            </param>
          </params>
          <reporter-output>
          </reporter-output>
        </test-method> <!-- mainSectionMainPage -->
        <test-method is-config="true" signature="setUp()[pri:0, instance:tests.mainPageTests.AllPageFirefoxTests@70e9c95d]" started-at="2023-09-04T12:57:07 EEST" name="setUp" finished-at="2023-09-04T12:57:07 EEST" duration-ms="0" status="PASS">
          <reporter-output>
          </reporter-output>
        </test-method> <!-- setUp -->
        <test-method signature="videoSectionMainPage(java.lang.String,java.lang.String)[pri:7, instance:tests.mainPageTests.AllPageFirefoxTests@70e9c95d]" started-at="2023-09-04T12:57:14 EEST" name="videoSectionMainPage" finished-at="2023-09-04T12:57:20 EEST" duration-ms="6480" status="PASS">
          <params>
            <param index="0">
              <value>
                <![CDATA[https://aimood-stage1.intary.net/en/]]>
              </value>
            </param>
            <param index="1">
              <value>
                <![CDATA[Screenshots_St1/]]>
              </value>
            </param>
          </params>
          <reporter-output>
          </reporter-output>
        </test-method> <!-- videoSectionMainPage -->
        <test-method is-config="true" signature="setUp()[pri:0, instance:tests.mainPageTests.AllPageFirefoxTests@70e9c95d]" started-at="2023-09-04T12:57:14 EEST" name="setUp" finished-at="2023-09-04T12:57:14 EEST" duration-ms="0" status="PASS">
          <reporter-output>
          </reporter-output>
        </test-method> <!-- setUp -->
        <test-method signature="roadmapSectionMainPage(java.lang.String,java.lang.String)[pri:8, instance:tests.mainPageTests.AllPageFirefoxTests@70e9c95d]" started-at="2023-09-04T12:57:20 EEST" name="roadmapSectionMainPage" finished-at="2023-09-04T12:57:27 EEST" duration-ms="6779" status="PASS">
          <params>
            <param index="0">
              <value>
                <![CDATA[https://aimood-stage1.intary.net/en/]]>
              </value>
            </param>
            <param index="1">
              <value>
                <![CDATA[Screenshots_St1/]]>
              </value>
            </param>
          </params>
          <reporter-output>
          </reporter-output>
        </test-method> <!-- roadmapSectionMainPage -->
        <test-method is-config="true" signature="setUp()[pri:0, instance:tests.mainPageTests.AllPageFirefoxTests@70e9c95d]" started-at="2023-09-04T12:57:20 EEST" name="setUp" finished-at="2023-09-04T12:57:20 EEST" duration-ms="0" status="PASS">
          <reporter-output>
          </reporter-output>
        </test-method> <!-- setUp -->
        <test-method is-config="true" signature="setUp()[pri:0, instance:tests.mainPageTests.AllPageFirefoxTests@70e9c95d]" started-at="2023-09-04T12:57:27 EEST" name="setUp" finished-at="2023-09-04T12:57:27 EEST" duration-ms="1" status="PASS">
          <reporter-output>
          </reporter-output>
        </test-method> <!-- setUp -->
        <test-method signature="statisticsSectionMainPage(java.lang.String,java.lang.String)[pri:9, instance:tests.mainPageTests.AllPageFirefoxTests@70e9c95d]" started-at="2023-09-04T12:57:27 EEST" name="statisticsSectionMainPage" finished-at="2023-09-04T12:57:33 EEST" duration-ms="6415" status="PASS">
          <params>
            <param index="0">
              <value>
                <![CDATA[https://aimood-stage1.intary.net/en/]]>
              </value>
            </param>
            <param index="1">
              <value>
                <![CDATA[Screenshots_St1/]]>
              </value>
            </param>
          </params>
          <reporter-output>
          </reporter-output>
        </test-method> <!-- statisticsSectionMainPage -->
        <test-method signature="leaningSectionMainPage(java.lang.String,java.lang.String)[pri:10, instance:tests.mainPageTests.AllPageFirefoxTests@70e9c95d]" started-at="2023-09-04T12:57:33 EEST" name="leaningSectionMainPage" finished-at="2023-09-04T12:57:40 EEST" duration-ms="6375" status="PASS">
          <params>
            <param index="0">
              <value>
                <![CDATA[https://aimood-stage1.intary.net/en/]]>
              </value>
            </param>
            <param index="1">
              <value>
                <![CDATA[Screenshots_St1/]]>
              </value>
            </param>
          </params>
          <reporter-output>
          </reporter-output>
        </test-method> <!-- leaningSectionMainPage -->
        <test-method is-config="true" signature="setUp()[pri:0, instance:tests.mainPageTests.AllPageFirefoxTests@70e9c95d]" started-at="2023-09-04T12:57:33 EEST" name="setUp" finished-at="2023-09-04T12:57:33 EEST" duration-ms="0" status="PASS">
          <reporter-output>
          </reporter-output>
        </test-method> <!-- setUp -->
        <test-method signature="allFooterMainPage(java.lang.String,java.lang.String)[pri:11, instance:tests.mainPageTests.AllPageFirefoxTests@70e9c95d]" started-at="2023-09-04T12:57:40 EEST" name="allFooterMainPage" finished-at="2023-09-04T12:57:46 EEST" duration-ms="6354" status="PASS">
          <params>
            <param index="0">
              <value>
                <![CDATA[https://aimood-stage1.intary.net/en/]]>
              </value>
            </param>
            <param index="1">
              <value>
                <![CDATA[Screenshots_St1/]]>
              </value>
            </param>
          </params>
          <reporter-output>
          </reporter-output>
        </test-method> <!-- allFooterMainPage -->
        <test-method is-config="true" signature="setUp()[pri:0, instance:tests.mainPageTests.AllPageFirefoxTests@70e9c95d]" started-at="2023-09-04T12:57:40 EEST" name="setUp" finished-at="2023-09-04T12:57:40 EEST" duration-ms="0" status="PASS">
          <reporter-output>
          </reporter-output>
        </test-method> <!-- setUp -->
        <test-method signature="partnFooterMainPage(java.lang.String,java.lang.String)[pri:12, instance:tests.mainPageTests.AllPageFirefoxTests@70e9c95d]" started-at="2023-09-04T12:57:46 EEST" name="partnFooterMainPage" finished-at="2023-09-04T12:57:52 EEST" duration-ms="5966" status="PASS">
          <params>
            <param index="0">
              <value>
                <![CDATA[https://aimood-stage1.intary.net/en/]]>
              </value>
            </param>
            <param index="1">
              <value>
                <![CDATA[Screenshots_St1/]]>
              </value>
            </param>
          </params>
          <reporter-output>
          </reporter-output>
        </test-method> <!-- partnFooterMainPage -->
        <test-method is-config="true" signature="setUp()[pri:0, instance:tests.mainPageTests.AllPageFirefoxTests@70e9c95d]" started-at="2023-09-04T12:57:46 EEST" name="setUp" finished-at="2023-09-04T12:57:46 EEST" duration-ms="0" status="PASS">
          <reporter-output>
          </reporter-output>
        </test-method> <!-- setUp -->
        <test-method is-config="true" signature="setUp()[pri:0, instance:tests.mainPageTests.AllPageFirefoxTests@70e9c95d]" started-at="2023-09-04T12:57:52 EEST" name="setUp" finished-at="2023-09-04T12:57:52 EEST" duration-ms="0" status="PASS">
          <reporter-output>
          </reporter-output>
        </test-method> <!-- setUp -->
        <test-method signature="subFooterMainPage(java.lang.String,java.lang.String)[pri:13, instance:tests.mainPageTests.AllPageFirefoxTests@70e9c95d]" started-at="2023-09-04T12:57:52 EEST" name="subFooterMainPage" finished-at="2023-09-04T12:57:58 EEST" duration-ms="6273" status="PASS">
          <params>
            <param index="0">
              <value>
                <![CDATA[https://aimood-stage1.intary.net/en/]]>
              </value>
            </param>
            <param index="1">
              <value>
                <![CDATA[Screenshots_St1/]]>
              </value>
            </param>
          </params>
          <reporter-output>
          </reporter-output>
        </test-method> <!-- subFooterMainPage -->
        <test-method signature="copFooterMainPage(java.lang.String,java.lang.String)[pri:14, instance:tests.mainPageTests.AllPageFirefoxTests@70e9c95d]" started-at="2023-09-04T12:57:58 EEST" name="copFooterMainPage" finished-at="2023-09-04T12:58:03 EEST" duration-ms="5037" status="PASS">
          <params>
            <param index="0">
              <value>
                <![CDATA[https://aimood-stage1.intary.net/en/]]>
              </value>
            </param>
            <param index="1">
              <value>
                <![CDATA[Screenshots_St1/]]>
              </value>
            </param>
          </params>
          <reporter-output>
          </reporter-output>
        </test-method> <!-- copFooterMainPage -->
        <test-method is-config="true" signature="setUp()[pri:0, instance:tests.mainPageTests.AllPageFirefoxTests@70e9c95d]" started-at="2023-09-04T12:57:58 EEST" name="setUp" finished-at="2023-09-04T12:57:58 EEST" duration-ms="0" status="PASS">
          <reporter-output>
          </reporter-output>
        </test-method> <!-- setUp -->
        <test-method is-config="true" signature="tearDown()[pri:0, instance:tests.mainPageTests.AllPageFirefoxTests@70e9c95d]" started-at="2023-09-04T12:58:03 EEST" name="tearDown" finished-at="2023-09-04T12:58:05 EEST" duration-ms="1615" status="PASS">
          <reporter-output>
          </reporter-output>
        </test-method> <!-- tearDown -->
      </class> <!-- tests.mainPageTests.AllPageFirefoxTests -->
    </test> <!-- ai-mood - Pixel perfect regression -->
  </suite> <!-- WPT -->
</testng-results>
