<?xml version="1.0" encoding="UTF-8"?>
<testsuite xmlns:xsi="http://www.w3.org/2001/XMLSchema-instance" xsi:noNamespaceSchemaLocation="https://maven.apache.org/surefire/maven-surefire-plugin/xsd/surefire-test-report-3.0.xsd" version="3.0" name="TestSuite" time="2,277.5" tests="331" errors="0" skipped="1" failures="26">
  <properties>
[...]
</properties>
  <testcase name="allHeaderMainPage[https://aimood-stage1.intary.net/en/, Screenshots_St1/](1)" classname="tests.mainPageTests.AllPageFirefoxTests" time="11.324">
    <system-out><![CDATA[The two images are similar.
]]></system-out>
    <system-err><![CDATA[SLF4J: Failed to load class "org.slf4j.impl.StaticLoggerBinder".
SLF4J: Defaulting to no-operation (NOP) logger implementation
SLF4J: See http://www.slf4j.org/codes.html#StaticLoggerBinder for further details.
]]></system-err>
  </testcase>
  <testcase name="getStartedHeaderMainPage[https://aimood-stage1.intary.net/en/, Screenshots_St1/](1)" classname="tests.mainPageTests.AllPageFirefoxTests" time="5.347">
    <system-out><![CDATA[The two images are similar.
]]></system-out>
  </testcase>
  <testcase name="learnHeaderMainPage[https://aimood-stage1.intary.net/en/, Screenshots_St1/](1)" classname="tests.mainPageTests.AllPageFirefoxTests" time="5.159">
    <system-out><![CDATA[The two images are similar.
]]></system-out>
  </testcase>
  <testcase name="resourcesHeaderMainPage[https://aimood-stage1.intary.net/en/, Screenshots_St1/](1)" classname="tests.mainPageTests.AllPageFirefoxTests" time="5.523">
    <system-out><![CDATA[The two images are similar.
]]></system-out>
  </testcase>
  <testcase name="mainSectionMainPage[https://aimood-stage1.intary.net/en/, Screenshots_St1/](1)" classname="tests.mainPageTests.AllPageFirefoxTests" time="6.034">
    <system-out><![CDATA[The two images are similar.
]]></system-out>
  </testcase>
  <testcase name="videoSectionMainPage[https://aimood-stage1.intary.net/en/, Screenshots_St1/](1)" classname="tests.mainPageTests.AllPageFirefoxTests" time="6.41">
    <system-out><![CDATA[The two images are similar.
]]></system-out>
  </testcase>
  <testcase name="roadmapSectionMainPage[https://aimood-stage1.intary.net/en/, Screenshots_St1/](1)" classname="tests.mainPageTests.AllPageFirefoxTests" time="6.552">
    <system-out><![CDATA[The two images are similar.
]]></system-out>
  </testcase>
  <testcase name="statisticsSectionMainPage[https://aimood-stage1.intary.net/en/, Screenshots_St1/](1)" classname="tests.mainPageTests.AllPageFirefoxTests" time="6.385">
    <system-out><![CDATA[888
3.14
1703
777
The two images are similar.
]]></system-out>
  </testcase>
  <testcase name="leaningSectionMainPage[https://aimood-stage1.intary.net/en/, Screenshots_St1/](1)" classname="tests.mainPageTests.AllPageFirefoxTests" time="6.604">
    <system-out><![CDATA[The two images are similar.
]]></system-out>
  </testcase>
  <testcase name="allFooterMainPage[https://aimood-stage1.intary.net/en/, Screenshots_St1/](1)" classname="tests.mainPageTests.AllPageFirefoxTests" time="5.99">
    <system-out><![CDATA[The two images are similar.
]]></system-out>
  </testcase>
  <testcase name="allHeaderMainPage[https://aimood-stage1.intary.net/en/, Screenshots_St1/](1)" classname="tests.mainPageTests.AllPageChromeTests" time="13.674">
    <system-out><![CDATA[The two images are similar.
]]></system-out>
    <system-err><![CDATA[вер. 22, 2023 2:02:01 ПП org.openqa.selenium.devtools.CdpVersionFinder findNearestMatch
WARNING: Unable to find an exact match for CDP version 117, so returning the closest version found: 115
]]></system-err>
  </testcase>
  <testcase name="getStartedHeaderMainPage[https://aimood-stage1.intary.net/en/, Screenshots_St1/](1)" classname="tests.mainPageTests.AllPageChromeTests" time="9.25">
    <system-out><![CDATA[The two images are similar.
]]></system-out>
  </testcase>
  <testcase name="learnHeaderMainPage[https://aimood-stage1.intary.net/en/, Screenshots_St1/](1)" classname="tests.mainPageTests.AllPageChromeTests" time="9.29">
    <system-out><![CDATA[The two images are similar.
]]></system-out>
  </testcase>
  <testcase name="resourcesHeaderMainPage[https://aimood-stage1.intary.net/en/, Screenshots_St1/](1)" classname="tests.mainPageTests.AllPageChromeTests" time="5.376">
    <system-out><![CDATA[The two images are similar.
]]></system-out>
  </testcase>
  <testcase name="mainSectionMainPage[https://aimood-stage1.intary.net/en/, Screenshots_St1/](1)" classname="tests.mainPageTests.AllPageChromeTests" time="7.324">
    <system-out><![CDATA[The two images are similar.
]]></system-out>
  </testcase>
  <testcase name="videoSectionMainPage[https://aimood-stage1.intary.net/en/, Screenshots_St1/](1)" classname="tests.mainPageTests.AllPageChromeTests" time="7.8">
    <system-out><![CDATA[The two images are similar.
]]></system-out>
  </testcase>
  <testcase name="roadmapSectionMainPage[https://aimood-stage1.intary.net/en/, Screenshots_St1/](1)" classname="tests.mainPageTests.AllPageChromeTests" time="10.579">
    <system-out><![CDATA[The two images are similar.
]]></system-out>
  </testcase>
  <testcase name="statisticsSectionMainPage[https://aimood-stage1.intary.net/en/, Screenshots_St1/](1)" classname="tests.mainPageTests.AllPageChromeTests" time="11.898">
    <system-out><![CDATA[888
3.14
1703
777
The two images are similar.
]]></system-out>
  </testcase>
  <testcase name="leaningSectionMainPage[https://aimood-stage1.intary.net/en/, Screenshots_St1/](1)" classname="tests.mainPageTests.AllPageChromeTests" time="10.193">
    <system-out><![CDATA[The two images are similar.
]]></system-out>
  </testcase>
  <testcase name="allFooterMainPage[https://aimood-stage1.intary.net/en/, Screenshots_St1/](1)" classname="tests.mainPageTests.AllPageChromeTests" time="6.368">
    <system-out><![CDATA[The two images are similar.
]]></system-out>
  </testcase>
  <testcase name="allHeaderMarketPlacePage[https://aimood-stage1.intary.net/en/market-place, Screenshots_St1/](1)" classname="tests.marketPlacePageTests.AllPageFirefoxTests" time="10.768">
    <system-out><![CDATA[The two images are similar.
]]></system-out>
  </testcase>
  <testcase name="getStartedHeaderMarketPlacePage[https://aimood-stage1.intary.net/en/market-place, Screenshots_St1/](1)" classname="tests.marketPlacePageTests.AllPageFirefoxTests" time="6.013">
    <system-out><![CDATA[The two images are similar.
]]></system-out>
  </testcase>
  <testcase name="learnHeaderMarketPlacePage[https://aimood-stage1.intary.net/en/market-place, Screenshots_St1/](1)" classname="tests.marketPlacePageTests.AllPageFirefoxTests" time="5.984">
    <system-out><![CDATA[The two images are similar.
]]></system-out>
  </testcase>
  <testcase name="resourcesHeaderMarketPlacePage[https://aimood-stage1.intary.net/en/market-place, Screenshots_St1/](1)" classname="tests.marketPlacePageTests.AllPageFirefoxTests" time="6.051">
    <system-out><![CDATA[The two images are similar.
]]></system-out>
  </testcase>
  <testcase name="mainSectionMarketPlacePage[https://aimood-stage1.intary.net/en/market-place, Screenshots_St1/](1)" classname="tests.marketPlacePageTests.AllPageFirefoxTests" time="6.921">
    <system-out><![CDATA[The two images are similar.
]]></system-out>
  </testcase>
  <testcase name="statisticsSectionMarketPlacePage[https://aimood-stage1.intary.net/en/market-place, Screenshots_St1/](1)" classname="tests.marketPlacePageTests.AllPageFirefoxTests" time="6.3">
    <system-out><![CDATA[The two images are similar.
]]></system-out>
  </testcase>
  <testcase name="allFooterMarketPlacePage[https://aimood-stage1.intary.net/en/market-place, Screenshots_St1/](1)" classname="tests.marketPlacePageTests.AllPageFirefoxTests" time="5.927">
    <system-out><![CDATA[The two images are similar.
]]></system-out>
  </testcase>
  <testcase name="allHeaderMarketPlacePage[https://aimood-stage1.intary.net/en/market-place, Screenshots_St1/](1)" classname="tests.marketPlacePageTests.AllPageChromeTests" time="9.09">
    <system-out><![CDATA[The two images are similar.
]]></system-out>
    <system-err><![CDATA[вер. 22, 2023 2:04:26 ПП org.openqa.selenium.devtools.CdpVersionFinder findNearestMatch
WARNING: Unable to find an exact match for CDP version 117, so returning the closest version found: 115
]]></system-err>
  </testcase>
  <testcase name="getStartedHeaderMarketPlacePage[https://aimood-stage1.intary.net/en/market-place, Screenshots_St1/](1)" classname="tests.marketPlacePageTests.AllPageChromeTests" time="6.24">
    <system-out><![CDATA[The two images are similar.
]]></system-out>
  </testcase>
  <testcase name="learnHeaderMarketPlacePage[https://aimood-stage1.intary.net/en/market-place, Screenshots_St1/](1)" classname="tests.marketPlacePageTests.AllPageChromeTests" time="6.16">
    <system-out><![CDATA[The two images are similar.
]]></system-out>
  </testcase>
  <testcase name="resourcesHeaderMarketPlacePage[https://aimood-stage1.intary.net/en/market-place, Screenshots_St1/](1)" classname="tests.marketPlacePageTests.AllPageChromeTests" time="6.14">
    <system-out><![CDATA[The two images are similar.
]]></system-out>
  </testcase>
  <testcase name="mainSectionMarketPlacePage[https://aimood-stage1.intary.net/en/market-place, Screenshots_St1/](1)" classname="tests.marketPlacePageTests.AllPageChromeTests" time="7.26">
    <system-out><![CDATA[The two images are similar.
]]></system-out>
  </testcase>
  <testcase name="statisticsSectionMarketPlacePage[https://aimood-stage1.intary.net/en/market-place, Screenshots_St1/](1)" classname="tests.marketPlacePageTests.AllPageChromeTests" time="6.61">
    <system-out><![CDATA[The two images are similar.
]]></system-out>
  </testcase>
  <testcase name="allFooterMarketPlacePage[https://aimood-stage1.intary.net/en/market-place, Screenshots_St1/](1)" classname="tests.marketPlacePageTests.AllPageChromeTests" time="6.21">
    <system-out><![CDATA[The two images are similar.
]]></system-out>
  </testcase>
  <testcase name="allHeaderBuySellMoodCoinPage[https://aimood-stage1.intary.net/en/buy-sell-aimood-coin, Screenshots_St1/](1)" classname="tests.buySellMoodCoinTests.AllPageFirefoxTests" time="7.183">
    <system-out><![CDATA[The two images are similar.
]]></system-out>
  </testcase>
  <testcase name="getStartedHeaderBuySellMoodCoinPage[https://aimood-stage1.intary.net/en/buy-sell-aimood-coin, Screenshots_St1/](1)" classname="tests.buySellMoodCoinTests.AllPageFirefoxTests" time="5.074">
    <system-out><![CDATA[The two images are similar.
]]></system-out>
  </testcase>
  <testcase name="learnHeaderBuySellMoodCoinPage[https://aimood-stage1.intary.net/en/buy-sell-aimood-coin, Screenshots_St1/](1)" classname="tests.buySellMoodCoinTests.AllPageFirefoxTests" time="5.097">
    <system-out><![CDATA[The two images are similar.
]]></system-out>
  </testcase>
  <testcase name="resourcesHeaderBuySellMoodCoinPage[https://aimood-stage1.intary.net/en/buy-sell-aimood-coin, Screenshots_St1/](1)" classname="tests.buySellMoodCoinTests.AllPageFirefoxTests" time="5.128">
    <system-out><![CDATA[The two images are similar.
]]></system-out>
  </testcase>
  <testcase name="mainSectionBuySellMoodCoinPage[https://aimood-stage1.intary.net/en/buy-sell-aimood-coin, Screenshots_St1/](1)" classname="tests.buySellMoodCoinTests.AllPageFirefoxTests" time="6.894">
    <system-out><![CDATA[The two images are similar.
]]></system-out>
  </testcase>
  <testcase name="allFooterBuySellMoodCoinPage[https://aimood-stage1.intary.net/en/buy-sell-aimood-coin, Screenshots_St1/](1)" classname="tests.buySellMoodCoinTests.AllPageFirefoxTests" time="5.946">
    <system-out><![CDATA[The two images are similar.
]]></system-out>
  </testcase>
  <testcase name="allHeaderBuySellMoodCoinPage[https://aimood-stage1.intary.net/en/buy-sell-aimood-coin, Screenshots_St1/](1)" classname="tests.buySellMoodCoinTests.AllPageChromeTests" time="6.4">
    <system-out><![CDATA[The two images are similar.
]]></system-out>
    <system-err><![CDATA[вер. 22, 2023 2:05:55 ПП org.openqa.selenium.devtools.CdpVersionFinder findNearestMatch
WARNING: Unable to find an exact match for CDP version 117, so returning the closest version found: 115
]]></system-err>
  </testcase>
  <testcase name="getStartedHeaderBuySellMoodCoinPage[https://aimood-stage1.intary.net/en/buy-sell-aimood-coin, Screenshots_St1/](1)" classname="tests.buySellMoodCoinTests.AllPageChromeTests" time="5.31">
    <system-out><![CDATA[The two images are similar.
]]></system-out>
  </testcase>
  <testcase name="learnHeaderBuySellMoodCoinPage[https://aimood-stage1.intary.net/en/buy-sell-aimood-coin, Screenshots_St1/](1)" classname="tests.buySellMoodCoinTests.AllPageChromeTests" time="5.237">
    <system-out><![CDATA[The two images are similar.
]]></system-out>
  </testcase>
  <testcase name="resourcesHeaderBuySellMoodCoinPage[https://aimood-stage1.intary.net/en/buy-sell-aimood-coin, Screenshots_St1/](1)" classname="tests.buySellMoodCoinTests.AllPageChromeTests" time="5.222">
    <system-out><![CDATA[The two images are similar.
]]></system-out>
  </testcase>
  <testcase name="mainSectionBuySellMoodCoinPage[https://aimood-stage1.intary.net/en/buy-sell-aimood-coin, Screenshots_St1/](1)" classname="tests.buySellMoodCoinTests.AllPageChromeTests" time="7.219">
    <system-out><![CDATA[The two images are similar.
]]></system-out>
  </testcase>
  <testcase name="allFooterBuySellMoodCoinPage[https://aimood-stage1.intary.net/en/buy-sell-aimood-coin, Screenshots_St1/](1)" classname="tests.buySellMoodCoinTests.AllPageChromeTests" time="6.245">
    <system-out><![CDATA[The two images are similar.
]]></system-out>
  </testcase>
  <testcase name="allHeaderTokenMoodPage[https://aimood-stage1.intary.net/en/token-mood, Screenshots_St1/](1)" classname="tests.tokenMoodPageTests.AllPageFirefoxTests" time="10.282">
    <system-out><![CDATA[The two images are similar.
]]></system-out>
  </testcase>
  <testcase name="getStartedHeaderTokenMoodPage[https://aimood-stage1.intary.net/en/token-mood, Screenshots_St1/](1)" classname="tests.tokenMoodPageTests.AllPageFirefoxTests" time="5.112">
    <system-out><![CDATA[The two images are similar.
]]></system-out>
  </testcase>
  <testcase name="learnHeaderTokenMoodPage[https://aimood-stage1.intary.net/en/token-mood, Screenshots_St1/](1)" classname="tests.tokenMoodPageTests.AllPageFirefoxTests" time="5.105">
    <system-out><![CDATA[The two images are similar.
]]></system-out>
  </testcase>
  <testcase name="resourcesHeaderTokenMoodPage[https://aimood-stage1.intary.net/en/token-mood, Screenshots_St1/](1)" classname="tests.tokenMoodPageTests.AllPageFirefoxTests" time="5.152">
    <system-out><![CDATA[The two images are similar.
]]></system-out>
  </testcase>
  <testcase name="mainSectionTokenMoodPage[https://aimood-stage1.intary.net/en/token-mood, Screenshots_St1/](1)" classname="tests.tokenMoodPageTests.AllPageFirefoxTests" time="6.928">
    <system-out><![CDATA[The two images are similar.
]]></system-out>
  </testcase>
  <testcase name="statisticsSectionTokenMoodPage[https://aimood-stage1.intary.net/en/token-mood, Screenshots_St1/](1)" classname="tests.tokenMoodPageTests.AllPageFirefoxTests" time="7.396">
    <system-out><![CDATA[888
3.14
1703
777
The two images are similar.
]]></system-out>
  </testcase>
  <testcase name="allFooterTokenMoodPage[https://aimood-stage1.intary.net/en/token-mood, Screenshots_St1/](1)" classname="tests.tokenMoodPageTests.AllPageFirefoxTests" time="5.982">
    <system-out><![CDATA[The two images are similar.
]]></system-out>
  </testcase>
  <testcase name="allHeaderTokenMoodPage[https://aimood-stage1.intary.net/en/token-mood, Screenshots_St1/](1)" classname="tests.tokenMoodPageTests.AllPageChromeTests" time="8.001">
    <system-out><![CDATA[The two images are similar.
]]></system-out>
    <system-err><![CDATA[вер. 22, 2023 2:07:21 ПП org.openqa.selenium.devtools.CdpVersionFinder findNearestMatch
WARNING: Unable to find an exact match for CDP version 117, so returning the closest version found: 115
]]></system-err>
  </testcase>
  <testcase name="getStartedHeaderTokenMoodPage[https://aimood-stage1.intary.net/en/token-mood, Screenshots_St1/](1)" classname="tests.tokenMoodPageTests.AllPageChromeTests" time="5.327">
    <system-out><![CDATA[The two images are similar.
]]></system-out>
  </testcase>
  <testcase name="learnHeaderTokenMoodPage[https://aimood-stage1.intary.net/en/token-mood, Screenshots_St1/](1)" classname="tests.tokenMoodPageTests.AllPageChromeTests" time="5.262">
    <system-out><![CDATA[The two images are similar.
]]></system-out>
  </testcase>
  <testcase name="resourcesHeaderTokenMoodPage[https://aimood-stage1.intary.net/en/token-mood, Screenshots_St1/](1)" classname="tests.tokenMoodPageTests.AllPageChromeTests" time="5.231">
    <system-out><![CDATA[The two images are similar.
]]></system-out>
  </testcase>
  <testcase name="mainSectionTokenMoodPage[https://aimood-stage1.intary.net/en/token-mood, Screenshots_St1/](1)" classname="tests.tokenMoodPageTests.AllPageChromeTests" time="7.209">
    <system-out><![CDATA[The two images are similar.
]]></system-out>
  </testcase>
  <testcase name="statisticsSectionTokenMoodPage[https://aimood-stage1.intary.net/en/token-mood, Screenshots_St1/](1)" classname="tests.tokenMoodPageTests.AllPageChromeTests" time="7.738">
    <system-out><![CDATA[888
3.14
1703
777
The two images are similar.
]]></system-out>
  </testcase>
  <testcase name="allFooterTokenMoodPage[https://aimood-stage1.intary.net/en/token-mood, Screenshots_St1/](1)" classname="tests.tokenMoodPageTests.AllPageChromeTests" time="6.207">
    <system-out><![CDATA[The two images are similar.
]]></system-out>
  </testcase>
  <testcase name="allHeaderFundPage[https://aimood-stage1.intary.net/en/fund, Screenshots_St1/](1)" classname="tests.fundPageTests.AllPageFirefoxTests" time="8.04">
    <system-out><![CDATA[The two images are similar.
]]></system-out>
  </testcase>
  <testcase name="getStartedHeaderFundPage[https://aimood-stage1.intary.net/en/fund, Screenshots_St1/](1)" classname="tests.fundPageTests.AllPageFirefoxTests" time="5.106">
    <system-out><![CDATA[The two images are similar.
]]></system-out>
  </testcase>
  <testcase name="learnHeaderFundPage[https://aimood-stage1.intary.net/en/fund, Screenshots_St1/](1)" classname="tests.fundPageTests.AllPageFirefoxTests" time="5.104">
    <system-out><![CDATA[The two images are similar.
]]></system-out>
  </testcase>
  <testcase name="resourcesHeaderFundPage[https://aimood-stage1.intary.net/en/fund, Screenshots_St1/](1)" classname="tests.fundPageTests.AllPageFirefoxTests" time="5.158">
    <system-out><![CDATA[The two images are similar.
]]></system-out>
  </testcase>
  <testcase name="mainSectionFundPage[https://aimood-stage1.intary.net/en/fund, Screenshots_St1/](1)" classname="tests.fundPageTests.AllPageFirefoxTests" time="6.902">
    <system-out><![CDATA[The two images are similar.
]]></system-out>
  </testcase>
  <testcase name="allFooterFundPage[https://aimood-stage1.intary.net/en/fund, Screenshots_St1/](1)" classname="tests.fundPageTests.AllPageFirefoxTests" time="6.056">
    <system-out><![CDATA[The two images are similar.
]]></system-out>
  </testcase>
  <testcase name="allHeaderFundPage[https://aimood-stage1.intary.net/en/fund, Screenshots_St1/](1)" classname="tests.fundPageTests.AllPageChromeTests" time="7.319">
    <system-out><![CDATA[The two images are similar.
]]></system-out>
    <system-err><![CDATA[вер. 22, 2023 2:08:49 ПП org.openqa.selenium.devtools.CdpVersionFinder findNearestMatch
WARNING: Unable to find an exact match for CDP version 117, so returning the closest version found: 115
]]></system-err>
  </testcase>
  <testcase name="getStartedHeaderFundPage[https://aimood-stage1.intary.net/en/fund, Screenshots_St1/](1)" classname="tests.fundPageTests.AllPageChromeTests" time="5.311">
    <system-out><![CDATA[The two images are similar.
]]></system-out>
  </testcase>
  <testcase name="learnHeaderFundPage[https://aimood-stage1.intary.net/en/fund, Screenshots_St1/](1)" classname="tests.fundPageTests.AllPageChromeTests" time="5.269">
    <system-out><![CDATA[The two images are similar.
]]></system-out>
  </testcase>
  <testcase name="resourcesHeaderFundPage[https://aimood-stage1.intary.net/en/fund, Screenshots_St1/](1)" classname="tests.fundPageTests.AllPageChromeTests" time="5.207">
    <system-out><![CDATA[The two images are similar.
]]></system-out>
  </testcase>
  <testcase name="mainSectionFundPage[https://aimood-stage1.intary.net/en/fund, Screenshots_St1/](1)" classname="tests.fundPageTests.AllPageChromeTests" time="7.219">
    <system-out><![CDATA[The two images are similar.
]]></system-out>
  </testcase>
  <testcase name="allFooterFundPage[https://aimood-stage1.intary.net/en/fund, Screenshots_St1/](1)" classname="tests.fundPageTests.AllPageChromeTests" time="6.226">
    <system-out><![CDATA[The two images are similar.
]]></system-out>
  </testcase>
  <testcase name="allHeaderAffiliateProgramPage[https://aimood-stage1.intary.net/en/affiliate-program, Screenshots_St1/](1)" classname="tests.affiliateProgramPageTests.AllPageFirefoxTests" time="8.265">
    <system-out><![CDATA[The two images are similar.
]]></system-out>
  </testcase>
  <testcase name="getStartedHeaderAffiliateProgramPage[https://aimood-stage1.intary.net/en/affiliate-program, Screenshots_St1/](1)" classname="tests.affiliateProgramPageTests.AllPageFirefoxTests" time="5.109">
    <system-out><![CDATA[The two images are similar.
]]></system-out>
  </testcase>
  <testcase name="learnHeaderAffiliateProgramPage[https://aimood-stage1.intary.net/en/affiliate-program, Screenshots_St1/](1)" classname="tests.affiliateProgramPageTests.AllPageFirefoxTests" time="5.095">
    <system-out><![CDATA[The two images are similar.
]]></system-out>
  </testcase>
  <testcase name="resourcesHeaderAffiliateProgramPage[https://aimood-stage1.intary.net/en/affiliate-program, Screenshots_St1/](1)" classname="tests.affiliateProgramPageTests.AllPageFirefoxTests" time="5.142">
    <system-out><![CDATA[The two images are similar.
]]></system-out>
  </testcase>
  <testcase name="mainSectionAffiliateProgramPage[https://aimood-stage1.intary.net/en/affiliate-program, Screenshots_St1/](1)" classname="tests.affiliateProgramPageTests.AllPageFirefoxTests" time="6.975">
    <system-out><![CDATA[The two images are similar.
]]></system-out>
  </testcase>
  <testcase name="affiliateSectionAffiliateProgramPage[https://aimood-stage1.intary.net/en/affiliate-program, Screenshots_St1/](1)" classname="tests.affiliateProgramPageTests.AllPageFirefoxTests" time="7.244">
    <system-out><![CDATA[The two images are similar.
]]></system-out>
  </testcase>
  <testcase name="allFooterAffiliateProgramPage[https://aimood-stage1.intary.net/en/affiliate-program, Screenshots_St1/](1)" classname="tests.affiliateProgramPageTests.AllPageFirefoxTests" time="6.015">
    <system-out><![CDATA[The two images are similar.
]]></system-out>
  </testcase>
  <testcase name="allHeaderAffiliateProgramPage[https://aimood-stage1.intary.net/en/affiliate-program, Screenshots_St1/](1)" classname="tests.affiliateProgramPageTests.AllPageChromeTests" time="7.684">
    <system-out><![CDATA[The two images are similar.
]]></system-out>
    <system-err><![CDATA[вер. 22, 2023 2:10:15 ПП org.openqa.selenium.devtools.CdpVersionFinder findNearestMatch
WARNING: Unable to find an exact match for CDP version 117, so returning the closest version found: 115
]]></system-err>
  </testcase>
  <testcase name="getStartedHeaderAffiliateProgramPage[https://aimood-stage1.intary.net/en/affiliate-program, Screenshots_St1/](1)" classname="tests.affiliateProgramPageTests.AllPageChromeTests" time="5.316">
    <system-out><![CDATA[The two images are similar.
]]></system-out>
  </testcase>
  <testcase name="learnHeaderAffiliateProgramPage[https://aimood-stage1.intary.net/en/affiliate-program, Screenshots_St1/](1)" classname="tests.affiliateProgramPageTests.AllPageChromeTests" time="5.242">
    <system-out><![CDATA[The two images are similar.
]]></system-out>
  </testcase>
  <testcase name="resourcesHeaderAffiliateProgramPage[https://aimood-stage1.intary.net/en/affiliate-program, Screenshots_St1/](1)" classname="tests.affiliateProgramPageTests.AllPageChromeTests" time="5.272">
    <system-out><![CDATA[The two images are similar.
]]></system-out>
  </testcase>
  <testcase name="mainSectionAffiliateProgramPage[https://aimood-stage1.intary.net/en/affiliate-program, Screenshots_St1/](1)" classname="tests.affiliateProgramPageTests.AllPageChromeTests" time="7.224">
    <system-out><![CDATA[The two images are similar.
]]></system-out>
  </testcase>
  <testcase name="affiliateSectionAffiliateProgramPage[https://aimood-stage1.intary.net/en/affiliate-program, Screenshots_St1/](1)" classname="tests.affiliateProgramPageTests.AllPageChromeTests" time="7.52">
    <system-out><![CDATA[The two images are similar.
]]></system-out>
  </testcase>
  <testcase name="allFooterAffiliateProgramPage[https://aimood-stage1.intary.net/en/affiliate-program, Screenshots_St1/](1)" classname="tests.affiliateProgramPageTests.AllPageChromeTests" time="6.277">
    <system-out><![CDATA[The two images are similar.
]]></system-out>
  </testcase>
  <testcase name="allHeaderWalletPage[https://aimood-stage1.intary.net/en/the-aimood-wallet, Screenshots_St1/](1)" classname="tests.walletPageTests.AllPageFirefoxTests" time="10.435">
    <system-out><![CDATA[The two images are similar.
]]></system-out>
  </testcase>
  <testcase name="getStartedHeaderWalletPage[https://aimood-stage1.intary.net/en/the-aimood-wallet, Screenshots_St1/](1)" classname="tests.walletPageTests.AllPageFirefoxTests" time="5.072">
    <system-out><![CDATA[The two images are similar.
]]></system-out>
  </testcase>
  <testcase name="learnHeaderWalletPage[https://aimood-stage1.intary.net/en/the-aimood-wallet, Screenshots_St1/](1)" classname="tests.walletPageTests.AllPageFirefoxTests" time="5.074">
    <system-out><![CDATA[The two images are similar.
]]></system-out>
  </testcase>
  <testcase name="resourcesHeaderWalletPage[https://aimood-stage1.intary.net/en/the-aimood-wallet, Screenshots_St1/](1)" classname="tests.walletPageTests.AllPageFirefoxTests" time="5.152">
    <system-out><![CDATA[The two images are similar.
]]></system-out>
  </testcase>
  <testcase name="mainSectionWalletPage[https://aimood-stage1.intary.net/en/the-aimood-wallet, Screenshots_St1/](1)" classname="tests.walletPageTests.AllPageFirefoxTests" time="5.935">
    <system-out><![CDATA[The two images are similar.
]]></system-out>
  </testcase>
  <testcase name="delegatedSectionWalletPage[https://aimood-stage1.intary.net/en/the-aimood-wallet, Screenshots_St1/](1)" classname="tests.walletPageTests.AllPageFirefoxTests" time="6.24">
    <system-out><![CDATA[The two images are similar.
]]></system-out>
  </testcase>
  <testcase name="allFooterWalletPage[https://aimood-stage1.intary.net/en/the-aimood-wallet, Screenshots_St1/](1)" classname="tests.walletPageTests.AllPageFirefoxTests" time="6.02">
    <system-out><![CDATA[The two images are similar.
]]></system-out>
  </testcase>
  <testcase name="allHeaderWalletPage[https://aimood-stage1.intary.net/en/the-aimood-wallet, Screenshots_St1/](1)" classname="tests.walletPageTests.AllPageChromeTests" time="7.636">
    <system-out><![CDATA[The two images are similar.
]]></system-out>
    <system-err><![CDATA[вер. 22, 2023 2:11:49 ПП org.openqa.selenium.devtools.CdpVersionFinder findNearestMatch
WARNING: Unable to find an exact match for CDP version 117, so returning the closest version found: 115
]]></system-err>
  </testcase>
  <testcase name="getStartedHeaderWalletPage[https://aimood-stage1.intary.net/en/the-aimood-wallet, Screenshots_St1/](1)" classname="tests.walletPageTests.AllPageChromeTests" time="5.31">
    <system-out><![CDATA[The two images are similar.
]]></system-out>
  </testcase>
  <testcase name="learnHeaderWalletPage[https://aimood-stage1.intary.net/en/the-aimood-wallet, Screenshots_St1/](1)" classname="tests.walletPageTests.AllPageChromeTests" time="5.23">
    <system-out><![CDATA[The two images are similar.
]]></system-out>
  </testcase>
  <testcase name="resourcesHeaderWalletPage[https://aimood-stage1.intary.net/en/the-aimood-wallet, Screenshots_St1/](1)" classname="tests.walletPageTests.AllPageChromeTests" time="5.24">
    <system-out><![CDATA[The two images are similar.
]]></system-out>
  </testcase>
  <testcase name="mainSectionWalletPage[https://aimood-stage1.intary.net/en/the-aimood-wallet, Screenshots_St1/](1)" classname="tests.walletPageTests.AllPageChromeTests" time="6.148">
    <system-out><![CDATA[The two images are similar.
]]></system-out>
  </testcase>
  <testcase name="delegatedSectionWalletPage[https://aimood-stage1.intary.net/en/the-aimood-wallet, Screenshots_St1/](1)" classname="tests.walletPageTests.AllPageChromeTests" time="6.542">
    <system-out><![CDATA[The two images are similar.
]]></system-out>
  </testcase>
  <testcase name="allFooterWalletPage[https://aimood-stage1.intary.net/en/the-aimood-wallet, Screenshots_St1/](1)" classname="tests.walletPageTests.AllPageChromeTests" time="6.18">
    <system-out><![CDATA[The two images are similar.
]]></system-out>
  </testcase>
  <testcase name="allHeaderStakingPage[https://aimood-stage1.intary.net/en/stake-delegate, Screenshots_St1/](1)" classname="tests.stakingPageTests.AllPageFirefoxTests" time="10.257">
    <system-out><![CDATA[The two images are similar.
]]></system-out>
  </testcase>
  <testcase name="getStartedHeaderStakingPage[https://aimood-stage1.intary.net/en/stake-delegate, Screenshots_St1/](1)" classname="tests.stakingPageTests.AllPageFirefoxTests" time="6.033">
    <system-out><![CDATA[The two images are similar.
]]></system-out>
  </testcase>
  <testcase name="learnHeaderStakingPage[https://aimood-stage1.intary.net/en/stake-delegate, Screenshots_St1/](1)" classname="tests.stakingPageTests.AllPageFirefoxTests" time="5.986">
    <system-out><![CDATA[The two images are similar.
]]></system-out>
  </testcase>
  <testcase name="resourcesHeaderStakingPage[https://aimood-stage1.intary.net/en/stake-delegate, Screenshots_St1/](1)" classname="tests.stakingPageTests.AllPageFirefoxTests" time="6.024">
    <system-out><![CDATA[The two images are similar.
]]></system-out>
  </testcase>
  <testcase name="mainSectionStakingPage[https://aimood-stage1.intary.net/en/stake-delegate, Screenshots_St1/](1)" classname="tests.stakingPageTests.AllPageFirefoxTests" time="6.95">
    <system-out><![CDATA[The two images are similar.
]]></system-out>
  </testcase>
  <testcase name="delegatedSectionStakingPage[https://aimood-stage1.intary.net/en/stake-delegate, Screenshots_St1/](1)" classname="tests.stakingPageTests.AllPageFirefoxTests" time="7.228">
    <system-out><![CDATA[The two images are similar.
]]></system-out>
  </testcase>
  <testcase name="calcStakSectionStakingPage[https://aimood-stage1.intary.net/en/stake-delegate, Screenshots_St1/](1)" classname="tests.stakingPageTests.AllPageFirefoxTests" time="9.332">
    <system-out><![CDATA[(0.13% 24H)
~0.13
2864.2900
The two images are similar.
]]></system-out>
  </testcase>
  <testcase name="allFooterStakingPage[https://aimood-stage1.intary.net/en/stake-delegate, Screenshots_St1/](1)" classname="tests.stakingPageTests.AllPageFirefoxTests" time="5.906">
    <system-out><![CDATA[The two images are similar.
]]></system-out>
  </testcase>
  <testcase name="allHeaderStakingPage[https://aimood-stage1.intary.net/en/stake-delegate, Screenshots_St1/](1)" classname="tests.stakingPageTests.AllPageChromeTests" time="8.438">
    <system-out><![CDATA[The two images are similar.
]]></system-out>
    <system-err><![CDATA[вер. 22, 2023 2:13:34 ПП org.openqa.selenium.devtools.CdpVersionFinder findNearestMatch
WARNING: Unable to find an exact match for CDP version 117, so returning the closest version found: 115
]]></system-err>
  </testcase>
  <testcase name="getStartedHeaderStakingPage[https://aimood-stage1.intary.net/en/stake-delegate, Screenshots_St1/](1)" classname="tests.stakingPageTests.AllPageChromeTests" time="6.23">
    <system-out><![CDATA[The two images are similar.
]]></system-out>
  </testcase>
  <testcase name="learnHeaderStakingPage[https://aimood-stage1.intary.net/en/stake-delegate, Screenshots_St1/](1)" classname="tests.stakingPageTests.AllPageChromeTests" time="6.16">
    <system-out><![CDATA[The two images are similar.
]]></system-out>
  </testcase>
  <testcase name="resourcesHeaderStakingPage[https://aimood-stage1.intary.net/en/stake-delegate, Screenshots_St1/](1)" classname="tests.stakingPageTests.AllPageChromeTests" time="6.16">
    <system-out><![CDATA[The two images are similar.
]]></system-out>
  </testcase>
  <testcase name="mainSectionStakingPage[https://aimood-stage1.intary.net/en/stake-delegate, Screenshots_St1/](1)" classname="tests.stakingPageTests.AllPageChromeTests" time="7.23">
    <system-out><![CDATA[The two images are similar.
]]></system-out>
  </testcase>
  <testcase name="delegatedSectionStakingPage[https://aimood-stage1.intary.net/en/stake-delegate, Screenshots_St1/](1)" classname="tests.stakingPageTests.AllPageChromeTests" time="9.53">
    <system-out><![CDATA[The two images are similar.
]]></system-out>
  </testcase>
  <testcase name="calcStakSectionStakingPage[https://aimood-stage1.intary.net/en/stake-delegate, Screenshots_St1/](1)" classname="tests.stakingPageTests.AllPageChromeTests" time="9.74">
    <system-out><![CDATA[(0.13% 24H)
~0.13
2864.2900
The two images are similar.
]]></system-out>
  </testcase>
  <testcase name="allFooterStakingPage[https://aimood-stage1.intary.net/en/stake-delegate, Screenshots_St1/](1)" classname="tests.stakingPageTests.AllPageChromeTests" time="6.22">
    <system-out><![CDATA[The two images are similar.
]]></system-out>
  </testcase>
  <testcase name="allHeaderWhitePaperPage[https://aimood-stage1.intary.net/en/white-paper, Screenshots_St1/](1)" classname="tests.whitePaper.WhitePaperFirefoxTests" time="11.186">
    <system-out><![CDATA[The two images are similar.
]]></system-out>
  </testcase>
  <testcase name="getStartedHeaderWhitePaperPage[https://aimood-stage1.intary.net/en/white-paper, Screenshots_St1/](1)" classname="tests.whitePaper.WhitePaperFirefoxTests" time="6.009">
    <system-out><![CDATA[The two images are similar.
]]></system-out>
  </testcase>
  <testcase name="learnHeaderWhitePaperPage[https://aimood-stage1.intary.net/en/white-paper, Screenshots_St1/](1)" classname="tests.whitePaper.WhitePaperFirefoxTests" time="5.972">
    <system-out><![CDATA[The two images are similar.
]]></system-out>
  </testcase>
  <testcase name="resourcesHeaderWhitePaperPage[https://aimood-stage1.intary.net/en/white-paper, Screenshots_St1/](1)" classname="tests.whitePaper.WhitePaperFirefoxTests" time="6.021">
    <system-out><![CDATA[The two images are similar.
]]></system-out>
  </testcase>
  <testcase name="mainBlockWhitePaperPage[https://aimood-stage1.intary.net/en/white-paper, Screenshots_St1/](1)" classname="tests.whitePaper.WhitePaperFirefoxTests" time="5.95">
    <system-out><![CDATA[The two images are similar.
]]></system-out>
  </testcase>
  <testcase name="marketTokenWhitePaperPage[https://aimood-stage1.intary.net/en/white-paper, Screenshots_St1/](1)" classname="tests.whitePaper.WhitePaperFirefoxTests" time="6.292">
    <system-out><![CDATA[The two images are similar.
]]></system-out>
  </testcase>
  <testcase name="allFooterWhitePaperPage[https://aimood-stage1.intary.net/en/white-paper, Screenshots_St1/](1)" classname="tests.whitePaper.WhitePaperFirefoxTests" time="5.986">
    <system-out><![CDATA[The two images are similar.
]]></system-out>
  </testcase>
  <testcase name="allHeaderWhitePaperPage[https://aimood-stage1.intary.net/en/white-paper, Screenshots_St1/](1)" classname="tests.whitePaper.WhitePaperChromeTests" time="8.85">
    <system-out><![CDATA[The two images are similar.
]]></system-out>
    <system-err><![CDATA[вер. 22, 2023 2:15:27 ПП org.openqa.selenium.devtools.CdpVersionFinder findNearestMatch
WARNING: Unable to find an exact match for CDP version 117, so returning the closest version found: 115
]]></system-err>
  </testcase>
  <testcase name="getStartedHeaderWhitePaperPage[https://aimood-stage1.intary.net/en/white-paper, Screenshots_St1/](1)" classname="tests.whitePaper.WhitePaperChromeTests" time="6.26">
    <system-out><![CDATA[The two images are similar.
]]></system-out>
  </testcase>
  <testcase name="learnHeaderWhitePaperPage[https://aimood-stage1.intary.net/en/white-paper, Screenshots_St1/](1)" classname="tests.whitePaper.WhitePaperChromeTests" time="6.171">
    <system-out><![CDATA[The two images are similar.
]]></system-out>
  </testcase>
  <testcase name="resourcesHeaderWhitePaperPage[https://aimood-stage1.intary.net/en/white-paper, Screenshots_St1/](1)" classname="tests.whitePaper.WhitePaperChromeTests" time="6.159">
    <system-out><![CDATA[The two images are similar.
]]></system-out>
  </testcase>
  <testcase name="mainBlockWhitePaperPage[https://aimood-stage1.intary.net/en/white-paper, Screenshots_St1/](1)" classname="tests.whitePaper.WhitePaperChromeTests" time="6.25">
    <system-out><![CDATA[The two images are similar.
]]></system-out>
  </testcase>
  <testcase name="EweuimtPage[https://aimood-stage1.intary.net/en/white-paper, Screenshots_St1/](1)" classname="tests.whitePaper.WhitePaperChromeTests" time="6.58">
    <system-out><![CDATA[The two images are similar.
]]></system-out>
  </testcase>
  <testcase name="allFooterWhitePaperPage[https://aimood-stage1.intary.net/en/white-paper, Screenshots_St1/](1)" classname="tests.whitePaper.WhitePaperChromeTests" time="6.231">
    <system-out><![CDATA[The two images are similar.
]]></system-out>
  </testcase>
  <testcase name="allHeaderWhatIsAimoodPage[https://aimood-stage1.intary.net/en/what-is-aimood, Screenshots_St1/](1)" classname="tests.WhatIsAimood.WhatIsAimoodFirefoxTests" time="10.769">
    <system-out><![CDATA[The two images are similar.
]]></system-out>
  </testcase>
  <testcase name="getStartedHeaderWhatIsAimoodPage[https://aimood-stage1.intary.net/en/what-is-aimood, Screenshots_St1/](1)" classname="tests.WhatIsAimood.WhatIsAimoodFirefoxTests" time="5.099">
    <system-out><![CDATA[The two images are similar.
]]></system-out>
  </testcase>
  <testcase name="learnHeaderWhatIsAimoodPage[https://aimood-stage1.intary.net/en/what-is-aimood, Screenshots_St1/](1)" classname="tests.WhatIsAimood.WhatIsAimoodFirefoxTests" time="5.082">
    <system-out><![CDATA[The two images are similar.
]]></system-out>
  </testcase>
  <testcase name="resourcesHeaderWhatIsAimoodPage[https://aimood-stage1.intary.net/en/what-is-aimood, Screenshots_St1/](1)" classname="tests.WhatIsAimood.WhatIsAimoodFirefoxTests" time="5.148">
    <system-out><![CDATA[The two images are similar.
]]></system-out>
  </testcase>
  <testcase name="mainBlockWhatIsAimoodPage[https://aimood-stage1.intary.net/en/what-is-aimood, Screenshots_St1/](1)" classname="tests.WhatIsAimood.WhatIsAimoodFirefoxTests" time="5.926">
    <system-out><![CDATA[The two images are similar.
]]></system-out>
  </testcase>
  <testcase name="whyChooseWhatIsAimoodPage[https://aimood-stage1.intary.net/en/what-is-aimood, Screenshots_St1/](1)" classname="tests.WhatIsAimood.WhatIsAimoodFirefoxTests" time="6.215">
    <system-out><![CDATA[The two images are similar.
]]></system-out>
  </testcase>
  <testcase name="ecosystemWhatIsAimoodPage[https://aimood-stage1.intary.net/en/what-is-aimood, Screenshots_St1/](1)" classname="tests.WhatIsAimood.WhatIsAimoodFirefoxTests" time="6.348">
    <system-out><![CDATA[The two images are similar.
]]></system-out>
  </testcase>
  <testcase name="allFooterWhatIsAimoodPage[https://aimood-stage1.intary.net/en/what-is-aimood, Screenshots_St1/](1)" classname="tests.WhatIsAimood.WhatIsAimoodFirefoxTests" time="5.901">
    <system-out><![CDATA[The two images are similar.
]]></system-out>
  </testcase>
  <testcase name="allHeaderWhatIsAimoodPage[https://aimood-stage1.intary.net/en/what-is-aimood, Screenshots_St1/](1)" classname="tests.WhatIsAimood.WhatIsAimoodChromeTests" time="9.465">
    <system-out><![CDATA[The two images are similar.
]]></system-out>
    <system-err><![CDATA[вер. 22, 2023 2:17:09 ПП org.openqa.selenium.devtools.CdpVersionFinder findNearestMatch
WARNING: Unable to find an exact match for CDP version 117, so returning the closest version found: 115
]]></system-err>
  </testcase>
  <testcase name="getStartedHeaderWhatIsAimoodPage[https://aimood-stage1.intary.net/en/what-is-aimood, Screenshots_St1/](1)" classname="tests.WhatIsAimood.WhatIsAimoodChromeTests" time="5.432">
    <system-out><![CDATA[The two images are similar.
]]></system-out>
  </testcase>
  <testcase name="learnHeaderWhatIsAimoodPage[https://aimood-stage1.intary.net/en/what-is-aimood, Screenshots_St1/](1)" classname="tests.WhatIsAimood.WhatIsAimoodChromeTests" time="5.351">
    <system-out><![CDATA[The two images are similar.
]]></system-out>
  </testcase>
  <testcase name="resourcesHeaderWhatIsAimoodPage[https://aimood-stage1.intary.net/en/what-is-aimood, Screenshots_St1/](1)" classname="tests.WhatIsAimood.WhatIsAimoodChromeTests" time="5.309">
    <system-out><![CDATA[The two images are similar.
]]></system-out>
  </testcase>
  <testcase name="mainBlockWhatIsAimoodPage[https://aimood-stage1.intary.net/en/what-is-aimood, Screenshots_St1/](1)" classname="tests.WhatIsAimood.WhatIsAimoodChromeTests" time="6.278">
    <system-out><![CDATA[The two images are similar.
]]></system-out>
  </testcase>
  <testcase name="whyChooseWhatIsAimoodPage[https://aimood-stage1.intary.net/en/what-is-aimood, Screenshots_St1/](1)" classname="tests.WhatIsAimood.WhatIsAimoodChromeTests" time="6.588">
    <system-out><![CDATA[The two images are similar.
]]></system-out>
  </testcase>
  <testcase name="ecosystemWhatIsAimoodPage[https://aimood-stage1.intary.net/en/what-is-aimood, Screenshots_St1/](1)" classname="tests.WhatIsAimood.WhatIsAimoodChromeTests" time="6.661">
    <system-out><![CDATA[The two images are similar.
]]></system-out>
  </testcase>
  <testcase name="allFooterWhatIsAimoodPage[https://aimood-stage1.intary.net/en/what-is-aimood, Screenshots_St1/](1)" classname="tests.WhatIsAimood.WhatIsAimoodChromeTests" time="6.269">
    <system-out><![CDATA[The two images are similar.
]]></system-out>
  </testcase>
  <testcase name="allHeaderMainPage" classname="tests.SignIn.SignInFirefoxTests" time="6.92">
    <failure message="&#10;Parameter &apos;SignIn_page&apos; is required by @Test on method allHeaderMainPage but has not been marked @Optional or defined&#10;in D:\jenkins-agent-data\workspace\pixelPerfectMultiPlatform_AI_Mood_St1\testngMasterStage1.xml" type="org.testng.TestNGException"><![CDATA[org.testng.TestNGException: 

Parameter 'SignIn_page' is required by @Test on method allHeaderMainPage but has not been marked @Optional or defined
in D:\jenkins-agent-data\workspace\pixelPerfectMultiPlatform_AI_Mood_St1\testngMasterStage1.xml
]]></failure>
  </testcase>
  <testcase name="mainBlockWhitePaperPage" classname="tests.SignIn.SignInFirefoxTests" time="6.921">
    <failure message="&#10;Parameter &apos;SignIn_page&apos; is required by @Test on method mainBlockWhitePaperPage but has not been marked @Optional or defined&#10;in D:\jenkins-agent-data\workspace\pixelPerfectMultiPlatform_AI_Mood_St1\testngMasterStage1.xml" type="org.testng.TestNGException"><![CDATA[org.testng.TestNGException: 

Parameter 'SignIn_page' is required by @Test on method mainBlockWhitePaperPage but has not been marked @Optional or defined
in D:\jenkins-agent-data\workspace\pixelPerfectMultiPlatform_AI_Mood_St1\testngMasterStage1.xml
]]></failure>
  </testcase>
  <testcase name="Forgot" classname="tests.SignIn.SignInFirefoxTests" time="6.921">
    <failure message="&#10;Parameter &apos;SignIn_page&apos; is required by @Test on method Forgot but has not been marked @Optional or defined&#10;in D:\jenkins-agent-data\workspace\pixelPerfectMultiPlatform_AI_Mood_St1\testngMasterStage1.xml" type="org.testng.TestNGException"><![CDATA[org.testng.TestNGException: 

Parameter 'SignIn_page' is required by @Test on method Forgot but has not been marked @Optional or defined
in D:\jenkins-agent-data\workspace\pixelPerfectMultiPlatform_AI_Mood_St1\testngMasterStage1.xml
]]></failure>
  </testcase>
  <testcase name="Dont" classname="tests.SignIn.SignInFirefoxTests" time="6.922">
    <failure message="&#10;Parameter &apos;SignIn_page&apos; is required by @Test on method Dont but has not been marked @Optional or defined&#10;in D:\jenkins-agent-data\workspace\pixelPerfectMultiPlatform_AI_Mood_St1\testngMasterStage1.xml" type="org.testng.TestNGException"><![CDATA[org.testng.TestNGException: 

Parameter 'SignIn_page' is required by @Test on method Dont but has not been marked @Optional or defined
in D:\jenkins-agent-data\workspace\pixelPerfectMultiPlatform_AI_Mood_St1\testngMasterStage1.xml
]]></failure>
  </testcase>
  <testcase name="allPageSignInPage" classname="tests.SignIn.SignInFirefoxTests" time="6.922">
    <failure message="&#10;Parameter &apos;SignIn_page&apos; is required by @Test on method allPageSignInPage but has not been marked @Optional or defined&#10;in D:\jenkins-agent-data\workspace\pixelPerfectMultiPlatform_AI_Mood_St1\testngMasterStage1.xml" type="org.testng.TestNGException"><![CDATA[org.testng.TestNGException: 

Parameter 'SignIn_page' is required by @Test on method allPageSignInPage but has not been marked @Optional or defined
in D:\jenkins-agent-data\workspace\pixelPerfectMultiPlatform_AI_Mood_St1\testngMasterStage1.xml
]]></failure>
  </testcase>
  <testcase name="allFooterMainPage" classname="tests.SignIn.SignInFirefoxTests" time="6.923">
    <failure message="&#10;Parameter &apos;SignIn_page&apos; is required by @Test on method allFooterMainPage but has not been marked @Optional or defined&#10;in D:\jenkins-agent-data\workspace\pixelPerfectMultiPlatform_AI_Mood_St1\testngMasterStage1.xml" type="org.testng.TestNGException"><![CDATA[org.testng.TestNGException: 

Parameter 'SignIn_page' is required by @Test on method allFooterMainPage but has not been marked @Optional or defined
in D:\jenkins-agent-data\workspace\pixelPerfectMultiPlatform_AI_Mood_St1\testngMasterStage1.xml
]]></failure>
  </testcase>
  <testcase name="tearDown" classname="tests.SignIn.SignInFirefoxTests" time="6.924">
    <failure type="java.lang.NullPointerException"><![CDATA[java.lang.NullPointerException
]]></failure>
  </testcase>
  <testcase name="allHeaderMainPage" classname="tests.SignIn.SignInChromeTests" time="6.925">
    <failure message="&#10;Parameter &apos;SignIn_page&apos; is required by @Test on method allHeaderMainPage but has not been marked @Optional or defined&#10;in D:\jenkins-agent-data\workspace\pixelPerfectMultiPlatform_AI_Mood_St1\testngMasterStage1.xml" type="org.testng.TestNGException"><![CDATA[org.testng.TestNGException: 

Parameter 'SignIn_page' is required by @Test on method allHeaderMainPage but has not been marked @Optional or defined
in D:\jenkins-agent-data\workspace\pixelPerfectMultiPlatform_AI_Mood_St1\testngMasterStage1.xml
]]></failure>
  </testcase>
  <testcase name="mainBlockWhitePaperPage" classname="tests.SignIn.SignInChromeTests" time="6.925">
    <failure message="&#10;Parameter &apos;SignIn_page&apos; is required by @Test on method mainBlockWhitePaperPage but has not been marked @Optional or defined&#10;in D:\jenkins-agent-data\workspace\pixelPerfectMultiPlatform_AI_Mood_St1\testngMasterStage1.xml" type="org.testng.TestNGException"><![CDATA[org.testng.TestNGException: 

Parameter 'SignIn_page' is required by @Test on method mainBlockWhitePaperPage but has not been marked @Optional or defined
in D:\jenkins-agent-data\workspace\pixelPerfectMultiPlatform_AI_Mood_St1\testngMasterStage1.xml
]]></failure>
  </testcase>
  <testcase name="Forgot" classname="tests.SignIn.SignInChromeTests" time="6.926">
    <failure message="&#10;Parameter &apos;SignIn_page&apos; is required by @Test on method Forgot but has not been marked @Optional or defined&#10;in D:\jenkins-agent-data\workspace\pixelPerfectMultiPlatform_AI_Mood_St1\testngMasterStage1.xml" type="org.testng.TestNGException"><![CDATA[org.testng.TestNGException: 

Parameter 'SignIn_page' is required by @Test on method Forgot but has not been marked @Optional or defined
in D:\jenkins-agent-data\workspace\pixelPerfectMultiPlatform_AI_Mood_St1\testngMasterStage1.xml
]]></failure>
  </testcase>
  <testcase name="Dont" classname="tests.SignIn.SignInChromeTests" time="6.926">
    <failure message="&#10;Parameter &apos;SignIn_page&apos; is required by @Test on method Dont but has not been marked @Optional or defined&#10;in D:\jenkins-agent-data\workspace\pixelPerfectMultiPlatform_AI_Mood_St1\testngMasterStage1.xml" type="org.testng.TestNGException"><![CDATA[org.testng.TestNGException: 

Parameter 'SignIn_page' is required by @Test on method Dont but has not been marked @Optional or defined
in D:\jenkins-agent-data\workspace\pixelPerfectMultiPlatform_AI_Mood_St1\testngMasterStage1.xml
]]></failure>
  </testcase>
  <testcase name="allPageSignInPage" classname="tests.SignIn.SignInChromeTests" time="6.927">
    <failure message="&#10;Parameter &apos;SignIn_page&apos; is required by @Test on method allPageSignInPage but has not been marked @Optional or defined&#10;in D:\jenkins-agent-data\workspace\pixelPerfectMultiPlatform_AI_Mood_St1\testngMasterStage1.xml" type="org.testng.TestNGException"><![CDATA[org.testng.TestNGException: 

Parameter 'SignIn_page' is required by @Test on method allPageSignInPage but has not been marked @Optional or defined
in D:\jenkins-agent-data\workspace\pixelPerfectMultiPlatform_AI_Mood_St1\testngMasterStage1.xml
]]></failure>
  </testcase>
  <testcase name="allFooterMainPage" classname="tests.SignIn.SignInChromeTests" time="6.927">
    <failure message="&#10;Parameter &apos;SignIn_page&apos; is required by @Test on method allFooterMainPage but has not been marked @Optional or defined&#10;in D:\jenkins-agent-data\workspace\pixelPerfectMultiPlatform_AI_Mood_St1\testngMasterStage1.xml" type="org.testng.TestNGException"><![CDATA[org.testng.TestNGException: 

Parameter 'SignIn_page' is required by @Test on method allFooterMainPage but has not been marked @Optional or defined
in D:\jenkins-agent-data\workspace\pixelPerfectMultiPlatform_AI_Mood_St1\testngMasterStage1.xml
]]></failure>
  </testcase>
  <testcase name="tearDown" classname="tests.SignIn.SignInChromeTests" time="6.928">
    <failure type="java.lang.NullPointerException"><![CDATA[java.lang.NullPointerException
]]></failure>
  </testcase>
  <testcase name="allHeaderSignUpPage" classname="tests.SignUp.SignUpFirefoxTests" time="6.928">
    <failure message="&#10;Parameter &apos;SignUp_page&apos; is required by @Test on method allHeaderSignUpPage but has not been marked @Optional or defined&#10;in D:\jenkins-agent-data\workspace\pixelPerfectMultiPlatform_AI_Mood_St1\testngMasterStage1.xml" type="org.testng.TestNGException"><![CDATA[org.testng.TestNGException: 

Parameter 'SignUp_page' is required by @Test on method allHeaderSignUpPage but has not been marked @Optional or defined
in D:\jenkins-agent-data\workspace\pixelPerfectMultiPlatform_AI_Mood_St1\testngMasterStage1.xml
]]></failure>
  </testcase>
  <testcase name="mainBlockWhitePaperPage" classname="tests.SignUp.SignUpFirefoxTests" time="6.929">
    <failure message="&#10;Parameter &apos;SignUp_page&apos; is required by @Test on method mainBlockWhitePaperPage but has not been marked @Optional or defined&#10;in D:\jenkins-agent-data\workspace\pixelPerfectMultiPlatform_AI_Mood_St1\testngMasterStage1.xml" type="org.testng.TestNGException"><![CDATA[org.testng.TestNGException: 

Parameter 'SignUp_page' is required by @Test on method mainBlockWhitePaperPage but has not been marked @Optional or defined
in D:\jenkins-agent-data\workspace\pixelPerfectMultiPlatform_AI_Mood_St1\testngMasterStage1.xml
]]></failure>
  </testcase>
  <testcase name="Already" classname="tests.SignUp.SignUpFirefoxTests" time="6.93">
    <failure message="&#10;Parameter &apos;SignUp_page&apos; is required by @Test on method Already but has not been marked @Optional or defined&#10;in D:\jenkins-agent-data\workspace\pixelPerfectMultiPlatform_AI_Mood_St1\testngMasterStage1.xml" type="org.testng.TestNGException"><![CDATA[org.testng.TestNGException: 

Parameter 'SignUp_page' is required by @Test on method Already but has not been marked @Optional or defined
in D:\jenkins-agent-data\workspace\pixelPerfectMultiPlatform_AI_Mood_St1\testngMasterStage1.xml
]]></failure>
  </testcase>
  <testcase name="allPageSignUpPage" classname="tests.SignUp.SignUpFirefoxTests" time="6.93">
    <failure message="&#10;Parameter &apos;SignUp_page&apos; is required by @Test on method allPageSignUpPage but has not been marked @Optional or defined&#10;in D:\jenkins-agent-data\workspace\pixelPerfectMultiPlatform_AI_Mood_St1\testngMasterStage1.xml" type="org.testng.TestNGException"><![CDATA[org.testng.TestNGException: 

Parameter 'SignUp_page' is required by @Test on method allPageSignUpPage but has not been marked @Optional or defined
in D:\jenkins-agent-data\workspace\pixelPerfectMultiPlatform_AI_Mood_St1\testngMasterStage1.xml
]]></failure>
  </testcase>
  <testcase name="allFooterSignUp" classname="tests.SignUp.SignUpFirefoxTests" time="6.931">
    <failure message="&#10;Parameter &apos;SignUp_page&apos; is required by @Test on method allFooterSignUp but has not been marked @Optional or defined&#10;in D:\jenkins-agent-data\workspace\pixelPerfectMultiPlatform_AI_Mood_St1\testngMasterStage1.xml" type="org.testng.TestNGException"><![CDATA[org.testng.TestNGException: 

Parameter 'SignUp_page' is required by @Test on method allFooterSignUp but has not been marked @Optional or defined
in D:\jenkins-agent-data\workspace\pixelPerfectMultiPlatform_AI_Mood_St1\testngMasterStage1.xml
]]></failure>
  </testcase>
  <testcase name="tearDown" classname="tests.SignUp.SignUpFirefoxTests" time="6.931">
    <failure type="java.lang.NullPointerException"><![CDATA[java.lang.NullPointerException
]]></failure>
  </testcase>
  <testcase name="allHeaderSignUpPage" classname="tests.SignUp.SignUpChromeTests" time="6.932">
    <failure message="&#10;Parameter &apos;SignUp_page&apos; is required by @Test on method allHeaderSignUpPage but has not been marked @Optional or defined&#10;in D:\jenkins-agent-data\workspace\pixelPerfectMultiPlatform_AI_Mood_St1\testngMasterStage1.xml" type="org.testng.TestNGException"><![CDATA[org.testng.TestNGException: 

Parameter 'SignUp_page' is required by @Test on method allHeaderSignUpPage but has not been marked @Optional or defined
in D:\jenkins-agent-data\workspace\pixelPerfectMultiPlatform_AI_Mood_St1\testngMasterStage1.xml
]]></failure>
  </testcase>
  <testcase name="mainBlockWhitePaperPage" classname="tests.SignUp.SignUpChromeTests" time="6.932">
    <failure message="&#10;Parameter &apos;SignUp_page&apos; is required by @Test on method mainBlockWhitePaperPage but has not been marked @Optional or defined&#10;in D:\jenkins-agent-data\workspace\pixelPerfectMultiPlatform_AI_Mood_St1\testngMasterStage1.xml" type="org.testng.TestNGException"><![CDATA[org.testng.TestNGException: 

Parameter 'SignUp_page' is required by @Test on method mainBlockWhitePaperPage but has not been marked @Optional or defined
in D:\jenkins-agent-data\workspace\pixelPerfectMultiPlatform_AI_Mood_St1\testngMasterStage1.xml
]]></failure>
  </testcase>
  <testcase name="Already" classname="tests.SignUp.SignUpChromeTests" time="6.933">
    <failure message="&#10;Parameter &apos;SignUp_page&apos; is required by @Test on method Already but has not been marked @Optional or defined&#10;in D:\jenkins-agent-data\workspace\pixelPerfectMultiPlatform_AI_Mood_St1\testngMasterStage1.xml" type="org.testng.TestNGException"><![CDATA[org.testng.TestNGException: 

Parameter 'SignUp_page' is required by @Test on method Already but has not been marked @Optional or defined
in D:\jenkins-agent-data\workspace\pixelPerfectMultiPlatform_AI_Mood_St1\testngMasterStage1.xml
]]></failure>
  </testcase>
  <testcase name="allPageSignUpPage" classname="tests.SignUp.SignUpChromeTests" time="6.933">
    <failure message="&#10;Parameter &apos;SignUp_page&apos; is required by @Test on method allPageSignUpPage but has not been marked @Optional or defined&#10;in D:\jenkins-agent-data\workspace\pixelPerfectMultiPlatform_AI_Mood_St1\testngMasterStage1.xml" type="org.testng.TestNGException"><![CDATA[org.testng.TestNGException: 

Parameter 'SignUp_page' is required by @Test on method allPageSignUpPage but has not been marked @Optional or defined
in D:\jenkins-agent-data\workspace\pixelPerfectMultiPlatform_AI_Mood_St1\testngMasterStage1.xml
]]></failure>
  </testcase>
  <testcase name="allFooterSignUp" classname="tests.SignUp.SignUpChromeTests" time="6.934">
    <failure message="&#10;Parameter &apos;SignUp_page&apos; is required by @Test on method allFooterSignUp but has not been marked @Optional or defined&#10;in D:\jenkins-agent-data\workspace\pixelPerfectMultiPlatform_AI_Mood_St1\testngMasterStage1.xml" type="org.testng.TestNGException"><![CDATA[org.testng.TestNGException: 

Parameter 'SignUp_page' is required by @Test on method allFooterSignUp but has not been marked @Optional or defined
in D:\jenkins-agent-data\workspace\pixelPerfectMultiPlatform_AI_Mood_St1\testngMasterStage1.xml
]]></failure>
  </testcase>
  <testcase name="tearDown" classname="tests.SignUp.SignUpChromeTests" time="6.934">
    <failure type="java.lang.NullPointerException"><![CDATA[java.lang.NullPointerException
]]></failure>
  </testcase>
  <testcase name="allHeaderResetPasswordPage[https://aimood-stage1.intary.net/en/reset-password-1, Screenshots_St1/](1)" classname="tests.resetPasswordPageTests.AllPageFirefoxTests" time="8.694">
    <system-out><![CDATA[The two images are similar.
]]></system-out>
  </testcase>
  <testcase name="getStartedHeaderResetPasswordPage[https://aimood-stage1.intary.net/en/reset-password-1, Screenshots_St1/](1)" classname="tests.resetPasswordPageTests.AllPageFirefoxTests" time="5.113">
    <system-out><![CDATA[The two images are similar.
]]></system-out>
  </testcase>
  <testcase name="learnHeaderResetPasswordPage[https://aimood-stage1.intary.net/en/reset-password-1, Screenshots_St1/](1)" classname="tests.resetPasswordPageTests.AllPageFirefoxTests" time="5.136">
    <system-out><![CDATA[The two images are similar.
]]></system-out>
  </testcase>
  <testcase name="resourcesHeaderResetPasswordPage[https://aimood-stage1.intary.net/en/reset-password-1, Screenshots_St1/](1)" classname="tests.resetPasswordPageTests.AllPageFirefoxTests" time="5.165">
    <system-out><![CDATA[The two images are similar.
]]></system-out>
  </testcase>
  <testcase name="mainSectionResetPasswordPage[https://aimood-stage1.intary.net/en/reset-password-1, Screenshots_St1/](1)" classname="tests.resetPasswordPageTests.AllPageFirefoxTests" time="6.936">
    <system-out><![CDATA[The two images are similar.
]]></system-out>
  </testcase>
  <testcase name="allFooterResetPasswordPage[https://aimood-stage1.intary.net/en/reset-password-1, Screenshots_St1/](1)" classname="tests.resetPasswordPageTests.AllPageFirefoxTests" time="6.008">
    <system-out><![CDATA[The two images are similar.
]]></system-out>
  </testcase>
  <testcase name="allHeaderResetPasswordPage[https://aimood-stage1.intary.net/en/reset-password-1, Screenshots_St1/](1)" classname="tests.resetPasswordPageTests.AllPageChromeTests" time="8.338">
    <system-out><![CDATA[The two images are similar.
]]></system-out>
    <system-err><![CDATA[вер. 22, 2023 2:18:43 ПП org.openqa.selenium.devtools.CdpVersionFinder findNearestMatch
WARNING: Unable to find an exact match for CDP version 117, so returning the closest version found: 115
]]></system-err>
  </testcase>
  <testcase name="getStartedHeaderResetPasswordPage[https://aimood-stage1.intary.net/en/reset-password-1, Screenshots_St1/](1)" classname="tests.resetPasswordPageTests.AllPageChromeTests" time="5.306">
    <system-out><![CDATA[The two images are similar.
]]></system-out>
  </testcase>
  <testcase name="learnHeaderResetPasswordPage[https://aimood-stage1.intary.net/en/reset-password-1, Screenshots_St1/](1)" classname="tests.resetPasswordPageTests.AllPageChromeTests" time="5.247">
    <system-out><![CDATA[The two images are similar.
]]></system-out>
  </testcase>
  <testcase name="resourcesHeaderResetPasswordPage[https://aimood-stage1.intary.net/en/reset-password-1, Screenshots_St1/](1)" classname="tests.resetPasswordPageTests.AllPageChromeTests" time="5.25">
    <system-out><![CDATA[The two images are similar.
]]></system-out>
  </testcase>
  <testcase name="mainSectionResetPasswordPage[https://aimood-stage1.intary.net/en/reset-password-1, Screenshots_St1/](1)" classname="tests.resetPasswordPageTests.AllPageChromeTests" time="7.185">
    <system-out><![CDATA[The two images are similar.
]]></system-out>
  </testcase>
  <testcase name="allFooterResetPasswordPage[https://aimood-stage1.intary.net/en/reset-password-1, Screenshots_St1/](1)" classname="tests.resetPasswordPageTests.AllPageChromeTests" time="6.206">
    <system-out><![CDATA[The two images are similar.
]]></system-out>
  </testcase>
  <testcase name="allHeaderResetPasswordPage2[https://aimood-stage1.intary.net/en/reset-password-2, Screenshots_St1/](1)" classname="tests.resetPasswordPage2Tests.AllPageFirefoxTests" time="11.126">
    <system-out><![CDATA[The two images are similar.
]]></system-out>
  </testcase>
  <testcase name="getStartedHeaderResetPasswordPage2[https://aimood-stage1.intary.net/en/reset-password-2, Screenshots_St1/](1)" classname="tests.resetPasswordPage2Tests.AllPageFirefoxTests" time="5.106">
    <system-out><![CDATA[The two images are similar.
]]></system-out>
  </testcase>
  <testcase name="learnHeaderResetPasswordPage2[https://aimood-stage1.intary.net/en/reset-password-2, Screenshots_St1/](1)" classname="tests.resetPasswordPage2Tests.AllPageFirefoxTests" time="5.139">
    <system-out><![CDATA[The two images are similar.
]]></system-out>
  </testcase>
  <testcase name="resourcesHeaderResetPasswordPage2[https://aimood-stage1.intary.net/en/reset-password-2, Screenshots_St1/](1)" classname="tests.resetPasswordPage2Tests.AllPageFirefoxTests" time="5.082">
    <system-out><![CDATA[The two images are similar.
]]></system-out>
  </testcase>
  <testcase name="mainSectionResetPasswordPage2[https://aimood-stage1.intary.net/en/reset-password-2, Screenshots_St1/](1)" classname="tests.resetPasswordPage2Tests.AllPageFirefoxTests" time="6.984">
    <system-out><![CDATA[The two images are similar.
]]></system-out>
  </testcase>
  <testcase name="allFooterResetPasswordPage2[https://aimood-stage1.intary.net/en/reset-password-2, Screenshots_St1/](1)" classname="tests.resetPasswordPage2Tests.AllPageFirefoxTests" time="5.993">
    <system-out><![CDATA[The two images are similar.
]]></system-out>
  </testcase>
  <testcase name="allHeaderResetPasswordPage2[https://aimood-stage1.intary.net/en/reset-password-2, Screenshots_St1/](1)" classname="tests.resetPasswordPage2Tests.AllPageChromeTests" time="8.343">
    <system-out><![CDATA[The two images are similar.
]]></system-out>
    <system-err><![CDATA[вер. 22, 2023 2:20:06 ПП org.openqa.selenium.devtools.CdpVersionFinder findNearestMatch
WARNING: Unable to find an exact match for CDP version 117, so returning the closest version found: 115
]]></system-err>
  </testcase>
  <testcase name="getStartedHeaderResetPasswordPage2[https://aimood-stage1.intary.net/en/reset-password-2, Screenshots_St1/](1)" classname="tests.resetPasswordPage2Tests.AllPageChromeTests" time="5.433">
    <system-out><![CDATA[The two images are similar.
]]></system-out>
  </testcase>
  <testcase name="learnHeaderResetPasswordPage2[https://aimood-stage1.intary.net/en/reset-password-2, Screenshots_St1/](1)" classname="tests.resetPasswordPage2Tests.AllPageChromeTests" time="5.257">
    <system-out><![CDATA[The two images are similar.
]]></system-out>
  </testcase>
  <testcase name="resourcesHeaderResetPasswordPage2[https://aimood-stage1.intary.net/en/reset-password-2, Screenshots_St1/](1)" classname="tests.resetPasswordPage2Tests.AllPageChromeTests" time="5.26">
    <system-out><![CDATA[The two images are similar.
]]></system-out>
  </testcase>
  <testcase name="mainSectionResetPasswordPage2[https://aimood-stage1.intary.net/en/reset-password-2, Screenshots_St1/](1)" classname="tests.resetPasswordPage2Tests.AllPageChromeTests" time="7.212">
    <system-out><![CDATA[The two images are similar.
]]></system-out>
  </testcase>
  <testcase name="allFooterResetPasswordPage2[https://aimood-stage1.intary.net/en/reset-password-2, Screenshots_St1/](1)" classname="tests.resetPasswordPage2Tests.AllPageChromeTests" time="6.199">
    <system-out><![CDATA[The two images are similar.
]]></system-out>
  </testcase>
  <testcase name="allHeaderSignInPage[https://aimood-stage1.intary.net/en/login, Screenshots_St1/](1)" classname="tests.signInPageTests.AllPageFirefoxTests" time="8.869">
    <system-out><![CDATA[The two images are similar.
]]></system-out>
  </testcase>
  <testcase name="getStartedHeaderSignInPage[https://aimood-stage1.intary.net/en/login, Screenshots_St1/](1)" classname="tests.signInPageTests.AllPageFirefoxTests" time="5.125">
    <system-out><![CDATA[The two images are similar.
]]></system-out>
  </testcase>
  <testcase name="learnHeaderSignInPage[https://aimood-stage1.intary.net/en/login, Screenshots_St1/](1)" classname="tests.signInPageTests.AllPageFirefoxTests" time="5.098">
    <system-out><![CDATA[The two images are similar.
]]></system-out>
  </testcase>
  <testcase name="resourcesHeaderSignInPage[https://aimood-stage1.intary.net/en/login, Screenshots_St1/](1)" classname="tests.signInPageTests.AllPageFirefoxTests" time="5.146">
    <system-out><![CDATA[The two images are similar.
]]></system-out>
  </testcase>
  <testcase name="mainSectionSignInPage[https://aimood-stage1.intary.net/en/login, Screenshots_St1/](1)" classname="tests.signInPageTests.AllPageFirefoxTests" time="6.938">
    <system-out><![CDATA[The two images are similar.
]]></system-out>
  </testcase>
  <testcase name="allFooterSignInPage[https://aimood-stage1.intary.net/en/login, Screenshots_St1/](1)" classname="tests.signInPageTests.AllPageFirefoxTests" time="5.918">
    <system-out><![CDATA[The two images are similar.
]]></system-out>
  </testcase>
  <testcase name="allHeaderSignInPage[https://aimood-stage1.intary.net/en/login, Screenshots_St1/](1)" classname="tests.signInPageTests.AllPageChromeTests" time="8.352">
    <system-out><![CDATA[The two images are similar.
]]></system-out>
    <system-err><![CDATA[вер. 22, 2023 2:21:26 ПП org.openqa.selenium.devtools.CdpVersionFinder findNearestMatch
WARNING: Unable to find an exact match for CDP version 117, so returning the closest version found: 115
]]></system-err>
  </testcase>
  <testcase name="getStartedHeaderSignInPage[https://aimood-stage1.intary.net/en/login, Screenshots_St1/](1)" classname="tests.signInPageTests.AllPageChromeTests" time="5.33">
    <system-out><![CDATA[The two images are similar.
]]></system-out>
  </testcase>
  <testcase name="learnHeaderSignInPage[https://aimood-stage1.intary.net/en/login, Screenshots_St1/](1)" classname="tests.signInPageTests.AllPageChromeTests" time="5.23">
    <system-out><![CDATA[The two images are similar.
]]></system-out>
  </testcase>
  <testcase name="resourcesHeaderSignInPage[https://aimood-stage1.intary.net/en/login, Screenshots_St1/](1)" classname="tests.signInPageTests.AllPageChromeTests" time="5.25">
    <system-out><![CDATA[The two images are similar.
]]></system-out>
  </testcase>
  <testcase name="mainSectionSignInPage[https://aimood-stage1.intary.net/en/login, Screenshots_St1/](1)" classname="tests.signInPageTests.AllPageChromeTests" time="7.19">
    <system-out><![CDATA[The two images are similar.
]]></system-out>
  </testcase>
  <testcase name="allFooterSignInPage[https://aimood-stage1.intary.net/en/login, Screenshots_St1/](1)" classname="tests.signInPageTests.AllPageChromeTests" time="6.18">
    <system-out><![CDATA[The two images are similar.
]]></system-out>
  </testcase>
  <testcase name="allHeaderSignUpPage[https://aimood-stage1.intary.net/en/register, Screenshots_St1/](1)" classname="tests.signUpPageTests.AllPageFirefoxTests" time="8.8">
    <system-out><![CDATA[The two images are similar.
]]></system-out>
  </testcase>
  <testcase name="getStartedHeaderSignUpPage[https://aimood-stage1.intary.net/en/register, Screenshots_St1/](1)" classname="tests.signUpPageTests.AllPageFirefoxTests" time="5.104">
    <system-out><![CDATA[The two images are similar.
]]></system-out>
  </testcase>
  <testcase name="learnHeaderSignUpPage[https://aimood-stage1.intary.net/en/register, Screenshots_St1/](1)" classname="tests.signUpPageTests.AllPageFirefoxTests" time="5.094">
    <system-out><![CDATA[The two images are similar.
]]></system-out>
  </testcase>
  <testcase name="resourcesHeaderSignUpPage[https://aimood-stage1.intary.net/en/register, Screenshots_St1/](1)" classname="tests.signUpPageTests.AllPageFirefoxTests" time="5.153">
    <system-out><![CDATA[The two images are similar.
]]></system-out>
  </testcase>
  <testcase name="mainSectionSignUpPage[https://aimood-stage1.intary.net/en/register, Screenshots_St1/](1)" classname="tests.signUpPageTests.AllPageFirefoxTests" time="6.92">
    <system-out><![CDATA[The two images are similar.
]]></system-out>
  </testcase>
  <testcase name="allFooterSignUpPage[https://aimood-stage1.intary.net/en/register, Screenshots_St1/](1)" classname="tests.signUpPageTests.AllPageFirefoxTests" time="6.035">
    <system-out><![CDATA[The two images are similar.
]]></system-out>
  </testcase>
  <testcase name="allHeaderSignUpPage[https://aimood-stage1.intary.net/en/register, Screenshots_St1/](1)" classname="tests.signUpPageTests.AllPageChromeTests" time="8.443">
    <system-out><![CDATA[The two images are similar.
]]></system-out>
    <system-err><![CDATA[вер. 22, 2023 2:22:45 ПП org.openqa.selenium.devtools.CdpVersionFinder findNearestMatch
WARNING: Unable to find an exact match for CDP version 117, so returning the closest version found: 115
]]></system-err>
  </testcase>
  <testcase name="getStartedHeaderSignUpPage[https://aimood-stage1.intary.net/en/register, Screenshots_St1/](1)" classname="tests.signUpPageTests.AllPageChromeTests" time="5.295">
    <system-out><![CDATA[The two images are similar.
]]></system-out>
  </testcase>
  <testcase name="learnHeaderSignUpPage[https://aimood-stage1.intary.net/en/register, Screenshots_St1/](1)" classname="tests.signUpPageTests.AllPageChromeTests" time="5.235">
    <system-out><![CDATA[The two images are similar.
]]></system-out>
  </testcase>
  <testcase name="resourcesHeaderSignUpPage[https://aimood-stage1.intary.net/en/register, Screenshots_St1/](1)" classname="tests.signUpPageTests.AllPageChromeTests" time="5.26">
    <system-out><![CDATA[The two images are similar.
]]></system-out>
  </testcase>
  <testcase name="mainSectionSignUpPage[https://aimood-stage1.intary.net/en/register, Screenshots_St1/](1)" classname="tests.signUpPageTests.AllPageChromeTests" time="7.16">
    <system-out><![CDATA[The two images are similar.
]]></system-out>
  </testcase>
  <testcase name="allFooterSignUpPage[https://aimood-stage1.intary.net/en/register, Screenshots_St1/](1)" classname="tests.signUpPageTests.AllPageChromeTests" time="6.16">
    <system-out><![CDATA[The two images are similar.
]]></system-out>
  </testcase>
  <testcase name="signInUser[https://aimood-stage1.intary.net/en/](1)" classname="tests.accountSettingsPageTests.AllPageFirefoxTests" time="12.696"/>
  <testcase name="allHeaderAccountSettingsPage[https://aimood-stage1.intary.net/en/account/settings, Screenshots_St1/](1)" classname="tests.accountSettingsPageTests.AllPageFirefoxTests" time="6.093">
    <system-out><![CDATA[The two images are similar.
]]></system-out>
  </testcase>
  <testcase name="getStartedHeaderAccountSettingsPage[https://aimood-stage1.intary.net/en/account/settings, Screenshots_St1/](1)" classname="tests.accountSettingsPageTests.AllPageFirefoxTests" time="6.896">
    <system-out><![CDATA[The two images are similar.
]]></system-out>
  </testcase>
  <testcase name="learnHeaderAccountSettingsPage[https://aimood-stage1.intary.net/en/account/settings, Screenshots_St1/](1)" classname="tests.accountSettingsPageTests.AllPageFirefoxTests" time="6.894">
    <system-out><![CDATA[The two images are similar.
]]></system-out>
  </testcase>
  <testcase name="resourcesHeaderAccountSettingsPage[https://aimood-stage1.intary.net/en/account/settings, Screenshots_St1/](1)" classname="tests.accountSettingsPageTests.AllPageFirefoxTests" time="6.962">
    <system-out><![CDATA[The two images are similar.
]]></system-out>
  </testcase>
  <testcase name="notificationsHeaderAccountSettingsPage[https://aimood-stage1.intary.net/en/account/settings, Screenshots_St1/](1)" classname="tests.accountSettingsPageTests.AllPageFirefoxTests" time="7.014">
    <system-out><![CDATA[The two images are similar.
]]></system-out>
  </testcase>
  <testcase name="profileHeaderAccountSettingsPage[https://aimood-stage1.intary.net/en/account/settings, Screenshots_St1/](1)" classname="tests.accountSettingsPageTests.AllPageFirefoxTests" time="7.028">
    <system-out><![CDATA[The two images are similar.
]]></system-out>
  </testcase>
  <testcase name="mainSectionAccountSettingsPage[https://aimood-stage1.intary.net/en/account/settings, Screenshots_St1/](1)" classname="tests.accountSettingsPageTests.AllPageFirefoxTests" time="6.963">
    <system-out><![CDATA[The two images are similar.
]]></system-out>
  </testcase>
  <testcase name="allFooterAccountSettingsPage[https://aimood-stage1.intary.net/en/account/settings, Screenshots_St1/](1)" classname="tests.accountSettingsPageTests.AllPageFirefoxTests" time="5.9">
    <system-out><![CDATA[The two images are similar.
]]></system-out>
  </testcase>
  <testcase name="signInUser[https://aimood-stage1.intary.net/en/](1)" classname="tests.accountSettingsPageTests.AllPageChromeTests" time="15.345">
    <system-err><![CDATA[вер. 22, 2023 2:24:35 ПП org.openqa.selenium.devtools.CdpVersionFinder findNearestMatch
WARNING: Unable to find an exact match for CDP version 117, so returning the closest version found: 115
]]></system-err>
  </testcase>
  <testcase name="allHeaderAccountSettingsPage[https://aimood-stage1.intary.net/en/account/settings, Screenshots_St1/](1)" classname="tests.accountSettingsPageTests.AllPageChromeTests" time="6.19">
    <system-out><![CDATA[The two images are similar.
]]></system-out>
  </testcase>
  <testcase name="getStartedHeaderAccountSettingsPage[https://aimood-stage1.intary.net/en/account/settings, Screenshots_St1/](1)" classname="tests.accountSettingsPageTests.AllPageChromeTests" time="7.13">
    <system-out><![CDATA[The two images are similar.
]]></system-out>
  </testcase>
  <testcase name="learnHeaderAccountSettingsPage[https://aimood-stage1.intary.net/en/account/settings, Screenshots_St1/](1)" classname="tests.accountSettingsPageTests.AllPageChromeTests" time="7.171">
    <system-out><![CDATA[The two images are similar.
]]></system-out>
  </testcase>
  <testcase name="resourcesHeaderAccountSettingsPage[https://aimood-stage1.intary.net/en/account/settings, Screenshots_St1/](1)" classname="tests.accountSettingsPageTests.AllPageChromeTests" time="7.169">
    <system-out><![CDATA[The two images are similar.
]]></system-out>
  </testcase>
  <testcase name="notificationsHeaderAccountSettingsPage[https://aimood-stage1.intary.net/en/account/settings, Screenshots_St1/](1)" classname="tests.accountSettingsPageTests.AllPageChromeTests" time="7.099">
    <system-out><![CDATA[The two images are similar.
]]></system-out>
  </testcase>
  <testcase name="profileHeaderAccountSettingsPage[https://aimood-stage1.intary.net/en/account/settings, Screenshots_St1/](1)" classname="tests.accountSettingsPageTests.AllPageChromeTests" time="7.073">
    <system-out><![CDATA[The two images are similar.
]]></system-out>
  </testcase>
  <testcase name="mainSectionAccountSettingsPage[https://aimood-stage1.intary.net/en/account/settings, Screenshots_St1/](1)" classname="tests.accountSettingsPageTests.AllPageChromeTests" time="7.228">
    <system-out><![CDATA[The two images are similar.
]]></system-out>
  </testcase>
  <testcase name="allFooterAccountSettingsPage[https://aimood-stage1.intary.net/en/account/settings, Screenshots_St1/](1)" classname="tests.accountSettingsPageTests.AllPageChromeTests" time="6.24">
    <system-out><![CDATA[The two images are similar.
]]></system-out>
  </testcase>
  <testcase name="signInUser[https://aimood-stage1.intary.net/en/](1)" classname="tests.accountWalletPageTests.AllPageFirefoxTests" time="21.688"/>
  <testcase name="allHeaderAccountWalletPage[https://aimood-stage1.intary.net/en/account/wallet, Screenshots_St1/](1)" classname="tests.accountWalletPageTests.AllPageFirefoxTests" time="6.639">
    <system-out><![CDATA[The two images are similar.
]]></system-out>
  </testcase>
  <testcase name="getStartedHeaderAccountWalletPage[https://aimood-stage1.intary.net/en/account/wallet, Screenshots_St1/](1)" classname="tests.accountWalletPageTests.AllPageFirefoxTests" time="6.955">
    <system-out><![CDATA[The two images are similar.
]]></system-out>
  </testcase>
  <testcase name="learnHeaderAccountWalletPage[https://aimood-stage1.intary.net/en/account/wallet, Screenshots_St1/](1)" classname="tests.accountWalletPageTests.AllPageFirefoxTests" time="7.011">
    <system-out><![CDATA[The two images are similar.
]]></system-out>
  </testcase>
  <testcase name="resourcesHeaderAccountWalletPage[https://aimood-stage1.intary.net/en/account/wallet, Screenshots_St1/](1)" classname="tests.accountWalletPageTests.AllPageFirefoxTests" time="6.983">
    <system-out><![CDATA[The two images are similar.
]]></system-out>
  </testcase>
  <testcase name="notificationsHeaderAccountWalletPage[https://aimood-stage1.intary.net/en/account/wallet, Screenshots_St1/](1)" classname="tests.accountWalletPageTests.AllPageFirefoxTests" time="7.022">
    <system-out><![CDATA[The two images are similar.
]]></system-out>
  </testcase>
  <testcase name="profileHeaderAccountWalletPage[https://aimood-stage1.intary.net/en/account/wallet, Screenshots_St1/](1)" classname="tests.accountWalletPageTests.AllPageFirefoxTests" time="7.047">
    <system-out><![CDATA[The two images are similar.
]]></system-out>
  </testcase>
  <testcase name="mainSectionAccountWalletPage[https://aimood-stage1.intary.net/en/account/wallet, Screenshots_St1/](1)" classname="tests.accountWalletPageTests.AllPageFirefoxTests" time="6.885">
    <system-out><![CDATA[The two images are similar.
]]></system-out>
  </testcase>
  <testcase name="stakingAccountWalletPage[https://aimood-stage1.intary.net/en/account/wallet, Screenshots_St1/](1)" classname="tests.accountWalletPageTests.AllPageFirefoxTests" time="4.154">
    <system-out><![CDATA[The two images are similar.
]]></system-out>
  </testcase>
  <testcase name="allFooterAccountWalletPage[https://aimood-stage1.intary.net/en/account/wallet, Screenshots_St1/](1)" classname="tests.accountWalletPageTests.AllPageFirefoxTests" time="5.962">
    <system-out><![CDATA[The two images are similar.
]]></system-out>
  </testcase>
  <testcase name="signInUser[https://aimood-stage1.intary.net/en/](1)" classname="tests.accountWalletPageTests.AllPageChromeTests" time="15.079">
    <system-err><![CDATA[вер. 22, 2023 2:27:11 ПП org.openqa.selenium.devtools.CdpVersionFinder findNearestMatch
WARNING: Unable to find an exact match for CDP version 117, so returning the closest version found: 115
]]></system-err>
  </testcase>
  <testcase name="allHeaderAccountWalletPage[https://aimood-stage1.intary.net/en/account/wallet, Screenshots_St1/](1)" classname="tests.accountWalletPageTests.AllPageChromeTests" time="6.241">
[...]
]]></system-out>
  </testcase>
  <testcase name="notificationsHeaderAccountP2PPage[https://aimood-stage1.intary.net/en/account/p2p, Screenshots_St1/](1)" classname="tests.accountP2PPageTests.AllPageFirefoxTests" time="7.075">
    <system-out><![CDATA[The two images are similar.
]]></system-out>
  </testcase>
  <testcase name="profileHeaderAccountP2PPage[https://aimood-stage1.intary.net/en/account/p2p, Screenshots_St1/](1)" classname="tests.accountP2PPageTests.AllPageFirefoxTests" time="7.03">
    <system-out><![CDATA[The two images are similar.
]]></system-out>
  </testcase>
  <testcase name="mainSectionAccountP2PPage[https://aimood-stage1.intary.net/en/account/p2p, Screenshots_St1/](1)" classname="tests.accountP2PPageTests.AllPageFirefoxTests" time="7.253">
    <system-out><![CDATA[The two images are similar.
]]></system-out>
  </testcase>
  <testcase name="allFooterAccountP2PPage[https://aimood-stage1.intary.net/en/account/p2p, Screenshots_St1/](1)" classname="tests.accountP2PPageTests.AllPageFirefoxTests" time="5.919">
    <system-out><![CDATA[The two images are similar.
]]></system-out>
  </testcase>
  <testcase name="signInUser[https://aimood-stage1.intary.net/en/](1)" classname="tests.accountP2PPageTests.AllPageChromeTests" time="37.47">
    <system-err><![CDATA[вер. 22, 2023 2:29:51 ПП org.openqa.selenium.devtools.CdpVersionFinder findNearestMatch
WARNING: Unable to find an exact match for CDP version 117, so returning the closest version found: 115
]]></system-err>
  </testcase>
  <testcase name="allHeaderAccountP2PPage[https://aimood-stage1.intary.net/en/account/p2p, Screenshots_St1/](1)" classname="tests.accountP2PPageTests.AllPageChromeTests" time="8.592">
    <system-out><![CDATA[The two images are similar.
]]></system-out>
  </testcase>
  <testcase name="getStartedHeaderAccountP2PPage[https://aimood-stage1.intary.net/en/account/p2p, Screenshots_St1/](1)" classname="tests.accountP2PPageTests.AllPageChromeTests" time="7.192">
    <system-out><![CDATA[The two images are similar.
]]></system-out>
  </testcase>
  <testcase name="learnHeaderAccountP2PPage[https://aimood-stage1.intary.net/en/account/p2p, Screenshots_St1/](1)" classname="tests.accountP2PPageTests.AllPageChromeTests" time="7.176">
    <system-out><![CDATA[The two images are similar.
]]></system-out>
  </testcase>
  <testcase name="resourcesHeaderAccountP2PPage[https://aimood-stage1.intary.net/en/account/p2p, Screenshots_St1/](1)" classname="tests.accountP2PPageTests.AllPageChromeTests" time="7.211">
    <system-out><![CDATA[The two images are similar.
]]></system-out>
  </testcase>
  <testcase name="notificationsHeaderAccountP2PPage[https://aimood-stage1.intary.net/en/account/p2p, Screenshots_St1/](1)" classname="tests.accountP2PPageTests.AllPageChromeTests" time="7.386">
    <system-out><![CDATA[The two images are similar.
]]></system-out>
  </testcase>
  <testcase name="profileHeaderAccountP2PPage[https://aimood-stage1.intary.net/en/account/p2p, Screenshots_St1/](1)" classname="tests.accountP2PPageTests.AllPageChromeTests" time="7.114">
    <system-out><![CDATA[The two images are similar.
]]></system-out>
  </testcase>
  <testcase name="mainSectionAccountP2PPage[https://aimood-stage1.intary.net/en/account/p2p, Screenshots_St1/](1)" classname="tests.accountP2PPageTests.AllPageChromeTests" time="7.193">
    <system-out><![CDATA[The two images are similar.
]]></system-out>
  </testcase>
  <testcase name="allFooterAccountP2PPage[https://aimood-stage1.intary.net/en/account/p2p, Screenshots_St1/](1)" classname="tests.accountP2PPageTests.AllPageChromeTests" time="6.265">
    <system-out><![CDATA[The two images are similar.
]]></system-out>
  </testcase>
  <testcase name="signInUser[https://aimood-stage1.intary.net/en/](1)" classname="tests.accountFundPageTests.AllPageFirefoxTests" time="11.773"/>
  <testcase name="allHeaderAccountFundPage[https://aimood-stage1.intary.net/en/account/fund, Screenshots_St1/](1)" classname="tests.accountFundPageTests.AllPageFirefoxTests" time="6">
    <system-out><![CDATA[The two images are similar.
]]></system-out>
  </testcase>
  <testcase name="getStartedHeaderAccountFundPage[https://aimood-stage1.intary.net/en/account/fund, Screenshots_St1/](1)" classname="tests.accountFundPageTests.AllPageFirefoxTests" time="6.917">
    <system-out><![CDATA[The two images are similar.
]]></system-out>
  </testcase>
  <testcase name="learnHeaderAccountFundPage[https://aimood-stage1.intary.net/en/account/fund, Screenshots_St1/](1)" classname="tests.accountFundPageTests.AllPageFirefoxTests" time="6.915">
    <system-out><![CDATA[The two images are similar.
]]></system-out>
  </testcase>
  <testcase name="resourcesHeaderAccountFundPage[https://aimood-stage1.intary.net/en/account/fund, Screenshots_St1/](1)" classname="tests.accountFundPageTests.AllPageFirefoxTests" time="6.967">
    <system-out><![CDATA[The two images are similar.
]]></system-out>
  </testcase>
  <testcase name="notificationsHeaderAccountFundPage[https://aimood-stage1.intary.net/en/account/fund, Screenshots_St1/](1)" classname="tests.accountFundPageTests.AllPageFirefoxTests" time="7.089">
    <system-out><![CDATA[The two images are similar.
]]></system-out>
  </testcase>
  <testcase name="profileHeaderAccountFundPage[https://aimood-stage1.intary.net/en/account/fund, Screenshots_St1/](1)" classname="tests.accountFundPageTests.AllPageFirefoxTests" time="7.003">
    <system-out><![CDATA[The two images are similar.
]]></system-out>
  </testcase>
  <testcase name="mainSectionAccountFundPage[https://aimood-stage1.intary.net/en/account/fund, Screenshots_St1/](1)" classname="tests.accountFundPageTests.AllPageFirefoxTests" time="7.025">
    <system-out><![CDATA[The two images are similar.
]]></system-out>
  </testcase>
  <testcase name="allFooterAccountFundPage[https://aimood-stage1.intary.net/en/account/fund, Screenshots_St1/](1)" classname="tests.accountFundPageTests.AllPageFirefoxTests" time="5.945">
    <system-out><![CDATA[The two images are similar.
]]></system-out>
  </testcase>
  <testcase name="signInUser[https://aimood-stage1.intary.net/en/](1)" classname="tests.accountFundPageTests.AllPageChromeTests" time="14.177">
    <system-err><![CDATA[вер. 22, 2023 2:32:37 ПП org.openqa.selenium.devtools.CdpVersionFinder findNearestMatch
WARNING: Unable to find an exact match for CDP version 117, so returning the closest version found: 115
]]></system-err>
  </testcase>
  <testcase name="allHeaderAccountFundPage[https://aimood-stage1.intary.net/en/account/fund, Screenshots_St1/](1)" classname="tests.accountFundPageTests.AllPageChromeTests" time="6.01">
    <system-out><![CDATA[The two images are similar.
]]></system-out>
  </testcase>
  <testcase name="getStartedHeaderAccountFundPage[https://aimood-stage1.intary.net/en/account/fund, Screenshots_St1/](1)" classname="tests.accountFundPageTests.AllPageChromeTests" time="7.188">
    <system-out><![CDATA[The two images are similar.
]]></system-out>
  </testcase>
  <testcase name="learnHeaderAccountFundPage[https://aimood-stage1.intary.net/en/account/fund, Screenshots_St1/](1)" classname="tests.accountFundPageTests.AllPageChromeTests" time="0">
    <skipped message="*** Images are not similar *** expected [true] but found [false]"/>
    <system-out><![CDATA[The two images are not similar.
Difference found. See the file D:\jenkins-agent-data\workspace\pixelPerfectMultiPlatform_AI_Mood_St1\Screenshots_St1\AccountFund_page\EnChrome\Screenshots_learnHeaderAccountFundPage\difference.png for details.
]]></system-out>
  </testcase>
  <testcase name="learnHeaderAccountFundPage[https://aimood-stage1.intary.net/en/account/fund, Screenshots_St1/](2)" classname="tests.accountFundPageTests.AllPageChromeTests" time="7.153">
    <system-out><![CDATA[The two images are similar.
]]></system-out>
  </testcase>
  <testcase name="resourcesHeaderAccountFundPage[https://aimood-stage1.intary.net/en/account/fund, Screenshots_St1/](1)" classname="tests.accountFundPageTests.AllPageChromeTests" time="7.191">
    <system-out><![CDATA[The two images are similar.
]]></system-out>
  </testcase>
  <testcase name="notificationsHeaderAccountFundPage[https://aimood-stage1.intary.net/en/account/fund, Screenshots_St1/](1)" classname="tests.accountFundPageTests.AllPageChromeTests" time="7.085">
    <system-out><![CDATA[The two images are similar.
]]></system-out>
  </testcase>
  <testcase name="profileHeaderAccountFundPage[https://aimood-stage1.intary.net/en/account/fund, Screenshots_St1/](1)" classname="tests.accountFundPageTests.AllPageChromeTests" time="7.082">
    <system-out><![CDATA[The two images are similar.
]]></system-out>
  </testcase>
  <testcase name="mainSectionAccountFundPage[https://aimood-stage1.intary.net/en/account/fund, Screenshots_St1/](1)" classname="tests.accountFundPageTests.AllPageChromeTests" time="7.251">
    <system-out><![CDATA[The two images are similar.
]]></system-out>
  </testcase>
  <testcase name="allFooterAccountFundPage[https://aimood-stage1.intary.net/en/account/fund, Screenshots_St1/](1)" classname="tests.accountFundPageTests.AllPageChromeTests" time="8.21">
    <system-out><![CDATA[The two images are similar.
]]></system-out>
  </testcase>
  <testcase name="signInUser[https://aimood-stage1.intary.net/en/](1)" classname="tests.accountDashboardPageTests.AllPageFirefoxTests" time="11.281"/>
  <testcase name="allHeaderAccountDashboardPage[https://aimood-stage1.intary.net/en/account/dashboard, Screenshots_St1/](1)" classname="tests.accountDashboardPageTests.AllPageFirefoxTests" time="5.985">
    <system-out><![CDATA[The two images are similar.
]]></system-out>
  </testcase>
  <testcase name="getStartedHeaderAccountDashboardPage[https://aimood-stage1.intary.net/en/account/dashboard, Screenshots_St1/](1)" classname="tests.accountDashboardPageTests.AllPageFirefoxTests" time="6.949">
    <system-out><![CDATA[The two images are similar.
]]></system-out>
  </testcase>
  <testcase name="learnHeaderAccountDashboardPage[https://aimood-stage1.intary.net/en/account/dashboard, Screenshots_St1/](1)" classname="tests.accountDashboardPageTests.AllPageFirefoxTests" time="6.938">
    <system-out><![CDATA[The two images are similar.
]]></system-out>
  </testcase>
  <testcase name="resourcesHeaderAccountDashboardPage[https://aimood-stage1.intary.net/en/account/dashboard, Screenshots_St1/](1)" classname="tests.accountDashboardPageTests.AllPageFirefoxTests" time="6.965">
    <system-out><![CDATA[The two images are similar.
]]></system-out>
  </testcase>
  <testcase name="notificationsHeaderAccountDashboardPage[https://aimood-stage1.intary.net/en/account/dashboard, Screenshots_St1/](1)" classname="tests.accountDashboardPageTests.AllPageFirefoxTests" time="7.076">
    <system-out><![CDATA[The two images are similar.
]]></system-out>
  </testcase>
  <testcase name="profileHeaderAccountDashboardPage[https://aimood-stage1.intary.net/en/account/dashboard, Screenshots_St1/](1)" classname="tests.accountDashboardPageTests.AllPageFirefoxTests" time="7.025">
    <system-out><![CDATA[The two images are similar.
]]></system-out>
  </testcase>
  <testcase name="mainSectionAccountDashboardPage[https://aimood-stage1.intary.net/en/account/dashboard, Screenshots_St1/](1)" classname="tests.accountDashboardPageTests.AllPageFirefoxTests" time="7.181">
    <system-out><![CDATA[The two images are similar.
]]></system-out>
  </testcase>
  <testcase name="allFooterAccountDashboardPage[https://aimood-stage1.intary.net/en/account/dashboard, Screenshots_St1/](1)" classname="tests.accountDashboardPageTests.AllPageFirefoxTests" time="6.899">
    <system-out><![CDATA[The two images are similar.
]]></system-out>
  </testcase>
  <testcase name="signInUser[https://aimood-stage1.intary.net/en/](1)" classname="tests.accountDashboardPageTests.AllPageChromeTests" time="13.959">
    <system-err><![CDATA[вер. 22, 2023 2:35:07 ПП org.openqa.selenium.devtools.CdpVersionFinder findNearestMatch
WARNING: Unable to find an exact match for CDP version 117, so returning the closest version found: 115
]]></system-err>
  </testcase>
  <testcase name="allHeaderAccountDashboardPage[https://aimood-stage1.intary.net/en/account/dashboard, Screenshots_St1/](1)" classname="tests.accountDashboardPageTests.AllPageChromeTests" time="5.99">
    <system-out><![CDATA[The two images are similar.
]]></system-out>
  </testcase>
  <testcase name="getStartedHeaderAccountDashboardPage[https://aimood-stage1.intary.net/en/account/dashboard, Screenshots_St1/](1)" classname="tests.accountDashboardPageTests.AllPageChromeTests" time="7.165">
    <system-out><![CDATA[The two images are similar.
]]></system-out>
  </testcase>
  <testcase name="learnHeaderAccountDashboardPage[https://aimood-stage1.intary.net/en/account/dashboard, Screenshots_St1/](1)" classname="tests.accountDashboardPageTests.AllPageChromeTests" time="7.188">
    <system-out><![CDATA[The two images are similar.
]]></system-out>
  </testcase>
  <testcase name="resourcesHeaderAccountDashboardPage[https://aimood-stage1.intary.net/en/account/dashboard, Screenshots_St1/](1)" classname="tests.accountDashboardPageTests.AllPageChromeTests" time="7.21">
    <system-out><![CDATA[The two images are similar.
]]></system-out>
  </testcase>
  <testcase name="notificationsHeaderAccountDashboardPage[https://aimood-stage1.intary.net/en/account/dashboard, Screenshots_St1/](1)" classname="tests.accountDashboardPageTests.AllPageChromeTests" time="7.131">
    <system-out><![CDATA[The two images are similar.
]]></system-out>
  </testcase>
  <testcase name="profileHeaderAccountDashboardPage[https://aimood-stage1.intary.net/en/account/dashboard, Screenshots_St1/](1)" classname="tests.accountDashboardPageTests.AllPageChromeTests" time="7.085">
    <system-out><![CDATA[The two images are similar.
]]></system-out>
  </testcase>
  <testcase name="mainSectionAccountDashboardPage[https://aimood-stage1.intary.net/en/account/dashboard, Screenshots_St1/](1)" classname="tests.accountDashboardPageTests.AllPageChromeTests" time="7.226">
    <system-out><![CDATA[The two images are similar.
]]></system-out>
  </testcase>
  <testcase name="allFooterAccountDashboardPage[https://aimood-stage1.intary.net/en/account/dashboard, Screenshots_St1/](1)" classname="tests.accountDashboardPageTests.AllPageChromeTests" time="7.307">
    <system-out><![CDATA[The two images are similar.
]]></system-out>
  </testcase>
  <testcase name="signInUser[https://aimood-stage1.intary.net/en/](1)" classname="tests.accountAffiliateProgramPageTests.AllPageFirefoxTests" time="14.278"/>
  <testcase name="allHeaderAccountAffiliateProgramPage[https://aimood-stage1.intary.net/en/account/affiliate-program, Screenshots_St1/](1)" classname="tests.accountAffiliateProgramPageTests.AllPageFirefoxTests" time="7.158">
    <system-out><![CDATA[The two images are similar.
]]></system-out>
  </testcase>
  <testcase name="getStartedHeaderAccountAffiliateProgramPage[https://aimood-stage1.intary.net/en/account/affiliate-program, Screenshots_St1/](1)" classname="tests.accountAffiliateProgramPageTests.AllPageFirefoxTests" time="6.938">
    <system-out><![CDATA[The two images are similar.
]]></system-out>
  </testcase>
  <testcase name="learnHeaderAccountAffiliateProgramPage[https://aimood-stage1.intary.net/en/account/affiliate-program, Screenshots_St1/](1)" classname="tests.accountAffiliateProgramPageTests.AllPageFirefoxTests" time="6.939">
    <system-out><![CDATA[The two images are similar.
]]></system-out>
  </testcase>
  <testcase name="resourcesHeaderAccountAffiliateProgramPage[https://aimood-stage1.intary.net/en/account/affiliate-program, Screenshots_St1/](1)" classname="tests.accountAffiliateProgramPageTests.AllPageFirefoxTests" time="6.961">
    <system-out><![CDATA[The two images are similar.
]]></system-out>
  </testcase>
  <testcase name="notificationsHeaderAccountAffiliateProgramPage[https://aimood-stage1.intary.net/en/account/affiliate-program, Screenshots_St1/](1)" classname="tests.accountAffiliateProgramPageTests.AllPageFirefoxTests" time="7.08">
    <system-out><![CDATA[The two images are similar.
]]></system-out>
  </testcase>
  <testcase name="profileHeaderAccountAffiliateProgramPage[https://aimood-stage1.intary.net/en/account/affiliate-program, Screenshots_St1/](1)" classname="tests.accountAffiliateProgramPageTests.AllPageFirefoxTests" time="6.987">
    <system-out><![CDATA[The two images are similar.
]]></system-out>
  </testcase>
  <testcase name="mainSectionAccountAffiliateProgramPage[https://aimood-stage1.intary.net/en/account/affiliate-program, Screenshots_St1/](1)" classname="tests.accountAffiliateProgramPageTests.AllPageFirefoxTests" time="6.919">
    <system-out><![CDATA[The two images are similar.
]]></system-out>
  </testcase>
  <testcase name="allFooterAccountAffiliateProgramPage[https://aimood-stage1.intary.net/en/account/affiliate-program, Screenshots_St1/](1)" classname="tests.accountAffiliateProgramPageTests.AllPageFirefoxTests" time="5.959">
    <system-out><![CDATA[The two images are similar.
]]></system-out>
  </testcase>
  <testcase name="signInUser[https://aimood-stage1.intary.net/en/](1)" classname="tests.accountAffiliateProgramPageTests.AllPageChromeTests" time="15.391">
    <system-err><![CDATA[вер. 22, 2023 2:37:32 ПП org.openqa.selenium.devtools.CdpVersionFinder findNearestMatch
WARNING: Unable to find an exact match for CDP version 117, so returning the closest version found: 115
]]></system-err>
  </testcase>
  <testcase name="allHeaderAccountAffiliateProgramPage[https://aimood-stage1.intary.net/en/account/affiliate-program, Screenshots_St1/](1)" classname="tests.accountAffiliateProgramPageTests.AllPageChromeTests" time="7.177">
    <system-out><![CDATA[The two images are similar.
]]></system-out>
  </testcase>
  <testcase name="getStartedHeaderAccountAffiliateProgramPage[https://aimood-stage1.intary.net/en/account/affiliate-program, Screenshots_St1/](1)" classname="tests.accountAffiliateProgramPageTests.AllPageChromeTests" time="7.188">
    <system-out><![CDATA[The two images are similar.
]]></system-out>
  </testcase>
  <testcase name="learnHeaderAccountAffiliateProgramPage[https://aimood-stage1.intary.net/en/account/affiliate-program, Screenshots_St1/](1)" classname="tests.accountAffiliateProgramPageTests.AllPageChromeTests" time="7.17">
    <system-out><![CDATA[The two images are similar.
]]></system-out>
  </testcase>
  <testcase name="resourcesHeaderAccountAffiliateProgramPage[https://aimood-stage1.intary.net/en/account/affiliate-program, Screenshots_St1/](1)" classname="tests.accountAffiliateProgramPageTests.AllPageChromeTests" time="7.184">
    <system-out><![CDATA[The two images are similar.
]]></system-out>
  </testcase>
  <testcase name="notificationsHeaderAccountAffiliateProgramPage[https://aimood-stage1.intary.net/en/account/affiliate-program, Screenshots_St1/](1)" classname="tests.accountAffiliateProgramPageTests.AllPageChromeTests" time="7.072">
    <system-out><![CDATA[The two images are similar.
]]></system-out>
  </testcase>
  <testcase name="profileHeaderAccountAffiliateProgramPage[https://aimood-stage1.intary.net/en/account/affiliate-program, Screenshots_St1/](1)" classname="tests.accountAffiliateProgramPageTests.AllPageChromeTests" time="7.085">
    <system-out><![CDATA[The two images are similar.
]]></system-out>
  </testcase>
  <testcase name="mainSectionAccountAffiliateProgramPage[https://aimood-stage1.intary.net/en/account/affiliate-program, Screenshots_St1/](1)" classname="tests.accountAffiliateProgramPageTests.AllPageChromeTests" time="8.214">
    <system-out><![CDATA[The two images are similar.
]]></system-out>
  </testcase>
  <testcase name="allFooterAccountAffiliateProgramPage[https://aimood-stage1.intary.net/en/account/affiliate-program, Screenshots_St1/](1)" classname="tests.accountAffiliateProgramPageTests.AllPageChromeTests" time="6.234">
    <system-out><![CDATA[The two images are similar.
]]></system-out>
  </testcase>
</testsuite>