<?xml version="1.0" encoding="UTF-8"?>
<testng-results ignored="0" total="16" passed="16" failed="0" skipped="0">
  <reporter-output>
  </reporter-output>
  <suite started-at="2023-08-30T16:29:50 EEST" name="WPT" finished-at="2023-08-30T16:31:21 EEST" duration-ms="90633">
    <groups>
    </groups>
    <test started-at="2023-08-30T16:29:50 EEST" name="ai-mood - Pixel perfect regression" finished-at="2023-08-30T16:31:21 EEST" duration-ms="90633">
      <class name="tests.WhatIsAimood.WhatIsAimoodChromeTests">
        <test-method is-config="true" signature="setUp()[pri:0, instance:tests.WhatIsAimood.WhatIsAimoodChromeTests@576d5deb]" started-at="2023-08-30T16:29:50 EEST" name="setUp" finished-at="2023-08-30T16:29:52 EEST" duration-ms="2126" status="PASS">
          <reporter-output>
          </reporter-output>
        </test-method> <!-- setUp -->
        <test-method signature="allHeaderMainPage(java.lang.String,java.lang.String)[pri:1, instance:tests.WhatIsAimood.WhatIsAimoodChromeTests@576d5deb]" started-at="2023-08-30T16:29:52 EEST" name="allHeaderMainPage" finished-at="2023-08-30T16:29:58 EEST" duration-ms="5892" status="PASS">
          <params>
            <param index="0">
              <value>
                <![CDATA[https://ai-mood.com/en/what-is-aimood]]>
              </value>
            </param>
            <param index="1">
              <value>
                <![CDATA[Screenshots/]]>
              </value>
            </param>
          </params>
          <reporter-output>
          </reporter-output>
        </test-method> <!-- allHeaderMainPage -->
        <test-method signature="mainBlockWhitePaperPage(java.lang.String,java.lang.String)[pri:2, instance:tests.WhatIsAimood.WhatIsAimoodChromeTests@576d5deb]" started-at="2023-08-30T16:29:58 EEST" name="mainBlockWhitePaperPage" finished-at="2023-08-30T16:30:03 EEST" duration-ms="5331" status="PASS">
          <params>
            <param index="0">
              <value>
                <![CDATA[https://ai-mood.com/en/what-is-aimood]]>
              </value>
            </param>
            <param index="1">
              <value>
                <![CDATA[Screenshots/]]>
              </value>
            </param>
          </params>
          <reporter-output>
          </reporter-output>
        </test-method> <!-- mainBlockWhitePaperPage -->
        <test-method is-config="true" signature="setUp()[pri:0, instance:tests.WhatIsAimood.WhatIsAimoodChromeTests@576d5deb]" started-at="2023-08-30T16:29:58 EEST" name="setUp" finished-at="2023-08-30T16:29:58 EEST" duration-ms="0" status="PASS">
          <reporter-output>
          </reporter-output>
        </test-method> <!-- setUp -->
        <test-method signature="WhyChoosePage(java.lang.String,java.lang.String)[pri:3, instance:tests.WhatIsAimood.WhatIsAimoodChromeTests@576d5deb]" started-at="2023-08-30T16:30:03 EEST" name="WhyChoosePage" finished-at="2023-08-30T16:30:09 EEST" duration-ms="5587" status="PASS">
          <params>
            <param index="0">
              <value>
                <![CDATA[https://ai-mood.com/en/what-is-aimood]]>
              </value>
            </param>
            <param index="1">
              <value>
                <![CDATA[Screenshots/]]>
              </value>
            </param>
          </params>
          <reporter-output>
          </reporter-output>
        </test-method> <!-- WhyChoosePage -->
        <test-method is-config="true" signature="setUp()[pri:0, instance:tests.WhatIsAimood.WhatIsAimoodChromeTests@576d5deb]" started-at="2023-08-30T16:30:03 EEST" name="setUp" finished-at="2023-08-30T16:30:03 EEST" duration-ms="0" status="PASS">
          <reporter-output>
          </reporter-output>
        </test-method> <!-- setUp -->
        <test-method signature="TfeuamWbEUPage(java.lang.String,java.lang.String)[pri:4, instance:tests.WhatIsAimood.WhatIsAimoodChromeTests@576d5deb]" started-at="2023-08-30T16:30:09 EEST" name="TfeuamWbEUPage" finished-at="2023-08-30T16:30:15 EEST" duration-ms="5689" status="PASS">
          <params>
            <param index="0">
              <value>
                <![CDATA[https://ai-mood.com/en/what-is-aimood]]>
              </value>
            </param>
            <param index="1">
              <value>
                <![CDATA[Screenshots/]]>
              </value>
            </param>
          </params>
          <reporter-output>
          </reporter-output>
        </test-method> <!-- TfeuamWbEUPage -->
        <test-method is-config="true" signature="setUp()[pri:0, instance:tests.WhatIsAimood.WhatIsAimoodChromeTests@576d5deb]" started-at="2023-08-30T16:30:09 EEST" name="setUp" finished-at="2023-08-30T16:30:09 EEST" duration-ms="0" status="PASS">
          <reporter-output>
          </reporter-output>
        </test-method> <!-- setUp -->
        <test-method signature="allFooterMainPage(java.lang.String,java.lang.String)[pri:5, instance:tests.WhatIsAimood.WhatIsAimoodChromeTests@576d5deb]" started-at="2023-08-30T16:30:15 EEST" name="allFooterMainPage" finished-at="2023-08-30T16:30:20 EEST" duration-ms="5293" status="PASS">
          <params>
            <param index="0">
              <value>
                <![CDATA[https://ai-mood.com/en/what-is-aimood]]>
              </value>
            </param>
            <param index="1">
              <value>
                <![CDATA[Screenshots/]]>
              </value>
            </param>
          </params>
          <reporter-output>
          </reporter-output>
        </test-method> <!-- allFooterMainPage -->
        <test-method is-config="true" signature="setUp()[pri:0, instance:tests.WhatIsAimood.WhatIsAimoodChromeTests@576d5deb]" started-at="2023-08-30T16:30:15 EEST" name="setUp" finished-at="2023-08-30T16:30:15 EEST" duration-ms="0" status="PASS">
          <reporter-output>
          </reporter-output>
        </test-method> <!-- setUp -->
        <test-method signature="partnFooterMainPage(java.lang.String,java.lang.String)[pri:6, instance:tests.WhatIsAimood.WhatIsAimoodChromeTests@576d5deb]" started-at="2023-08-30T16:30:20 EEST" name="partnFooterMainPage" finished-at="2023-08-30T16:30:25 EEST" duration-ms="5145" status="PASS">
          <params>
            <param index="0">
              <value>
                <![CDATA[https://ai-mood.com/en/what-is-aimood]]>
              </value>
            </param>
            <param index="1">
              <value>
                <![CDATA[Screenshots/]]>
              </value>
            </param>
          </params>
          <reporter-output>
          </reporter-output>
        </test-method> <!-- partnFooterMainPage -->
        <test-method is-config="true" signature="setUp()[pri:0, instance:tests.WhatIsAimood.WhatIsAimoodChromeTests@576d5deb]" started-at="2023-08-30T16:30:20 EEST" name="setUp" finished-at="2023-08-30T16:30:20 EEST" duration-ms="0" status="PASS">
          <reporter-output>
          </reporter-output>
        </test-method> <!-- setUp -->
        <test-method signature="subFooterMainPage(java.lang.String,java.lang.String)[pri:7, instance:tests.WhatIsAimood.WhatIsAimoodChromeTests@576d5deb]" started-at="2023-08-30T16:30:25 EEST" name="subFooterMainPage" finished-at="2023-08-30T16:30:31 EEST" duration-ms="5624" status="PASS">
          <params>
            <param index="0">
              <value>
                <![CDATA[https://ai-mood.com/en/what-is-aimood]]>
              </value>
            </param>
            <param index="1">
              <value>
                <![CDATA[Screenshots/]]>
              </value>
            </param>
          </params>
          <reporter-output>
          </reporter-output>
        </test-method> <!-- subFooterMainPage -->
        <test-method is-config="true" signature="setUp()[pri:0, instance:tests.WhatIsAimood.WhatIsAimoodChromeTests@576d5deb]" started-at="2023-08-30T16:30:25 EEST" name="setUp" finished-at="2023-08-30T16:30:25 EEST" duration-ms="0" status="PASS">
          <reporter-output>
          </reporter-output>
        </test-method> <!-- setUp -->
        <test-method signature="copFooterMainPage(java.lang.String,java.lang.String)[pri:8, instance:tests.WhatIsAimood.WhatIsAimoodChromeTests@576d5deb]" started-at="2023-08-30T16:30:31 EEST" name="copFooterMainPage" finished-at="2023-08-30T16:30:35 EEST" duration-ms="4203" status="PASS">
          <params>
            <param index="0">
              <value>
                <![CDATA[https://ai-mood.com/en/what-is-aimood]]>
              </value>
            </param>
            <param index="1">
              <value>
                <![CDATA[Screenshots/]]>
              </value>
            </param>
          </params>
          <reporter-output>
          </reporter-output>
        </test-method> <!-- copFooterMainPage -->
        <test-method is-config="true" signature="setUp()[pri:0, instance:tests.WhatIsAimood.WhatIsAimoodChromeTests@576d5deb]" started-at="2023-08-30T16:30:31 EEST" name="setUp" finished-at="2023-08-30T16:30:31 EEST" duration-ms="0" status="PASS">
          <reporter-output>
          </reporter-output>
        </test-method> <!-- setUp -->
        <test-method is-config="true" signature="tearDown()[pri:0, instance:tests.WhatIsAimood.WhatIsAimoodChromeTests@576d5deb]" started-at="2023-08-30T16:30:35 EEST" name="tearDown" finished-at="2023-08-30T16:30:36 EEST" duration-ms="640" status="PASS">
          <reporter-output>
          </reporter-output>
        </test-method> <!-- tearDown -->
      </class> <!-- tests.WhatIsAimood.WhatIsAimoodChromeTests -->
      <class name="tests.WhatIsAimood.WhatIsAimoodFirefoxTests">
        <test-method is-config="true" signature="setUp()[pri:0, instance:tests.WhatIsAimood.WhatIsAimoodFirefoxTests@25ce9dc4]" started-at="2023-08-30T16:30:36 EEST" name="setUp" finished-at="2023-08-30T16:30:38 EEST" duration-ms="2783" status="PASS">
          <reporter-output>
          </reporter-output>
        </test-method> <!-- setUp -->
        <test-method signature="allHeaderMainPage(java.lang.String,java.lang.String)[pri:1, instance:tests.WhatIsAimood.WhatIsAimoodFirefoxTests@25ce9dc4]" started-at="2023-08-30T16:30:38 EEST" name="allHeaderMainPage" finished-at="2023-08-30T16:30:45 EEST" duration-ms="6204" status="PASS">
          <params>
            <param index="0">
              <value>
                <![CDATA[https://ai-mood.com/en/what-is-aimood]]>
              </value>
            </param>
            <param index="1">
              <value>
                <![CDATA[Screenshots/]]>
              </value>
            </param>
          </params>
          <reporter-output>
          </reporter-output>
        </test-method> <!-- allHeaderMainPage -->
        <test-method signature="mainBlockWhatIsAimoodPage(java.lang.String,java.lang.String)[pri:2, instance:tests.WhatIsAimood.WhatIsAimoodFirefoxTests@25ce9dc4]" started-at="2023-08-30T16:30:45 EEST" name="mainBlockWhatIsAimoodPage" finished-at="2023-08-30T16:30:50 EEST" duration-ms="5009" status="PASS">
          <params>
            <param index="0">
              <value>
                <![CDATA[https://ai-mood.com/en/what-is-aimood]]>
              </value>
            </param>
            <param index="1">
              <value>
                <![CDATA[Screenshots/]]>
              </value>
            </param>
          </params>
          <reporter-output>
          </reporter-output>
        </test-method> <!-- mainBlockWhatIsAimoodPage -->
        <test-method is-config="true" signature="setUp()[pri:0, instance:tests.WhatIsAimood.WhatIsAimoodFirefoxTests@25ce9dc4]" started-at="2023-08-30T16:30:45 EEST" name="setUp" finished-at="2023-08-30T16:30:45 EEST" duration-ms="0" status="PASS">
          <reporter-output>
          </reporter-output>
        </test-method> <!-- setUp -->
        <test-method signature="WhyChoosePage(java.lang.String,java.lang.String)[pri:3, instance:tests.WhatIsAimood.WhatIsAimoodFirefoxTests@25ce9dc4]" started-at="2023-08-30T16:30:50 EEST" name="WhyChoosePage" finished-at="2023-08-30T16:30:55 EEST" duration-ms="5210" status="PASS">
          <params>
            <param index="0">
              <value>
                <![CDATA[https://ai-mood.com/en/what-is-aimood]]>
              </value>
            </param>
            <param index="1">
              <value>
                <![CDATA[Screenshots/]]>
              </value>
            </param>
          </params>
          <reporter-output>
          </reporter-output>
        </test-method> <!-- WhyChoosePage -->
        <test-method is-config="true" signature="setUp()[pri:0, instance:tests.WhatIsAimood.WhatIsAimoodFirefoxTests@25ce9dc4]" started-at="2023-08-30T16:30:50 EEST" name="setUp" finished-at="2023-08-30T16:30:50 EEST" duration-ms="0" status="PASS">
          <reporter-output>
          </reporter-output>
        </test-method> <!-- setUp -->
        <test-method signature="TfeuamWbEUPage(java.lang.String,java.lang.String)[pri:4, instance:tests.WhatIsAimood.WhatIsAimoodFirefoxTests@25ce9dc4]" started-at="2023-08-30T16:30:55 EEST" name="TfeuamWbEUPage" finished-at="2023-08-30T16:31:00 EEST" duration-ms="5304" status="PASS">
          <params>
            <param index="0">
              <value>
                <![CDATA[https://ai-mood.com/en/what-is-aimood]]>
              </value>
            </param>
            <param index="1">
              <value>
                <![CDATA[Screenshots/]]>
              </value>
            </param>
          </params>
          <reporter-output>
          </reporter-output>
        </test-method> <!-- TfeuamWbEUPage -->
        <test-method is-config="true" signature="setUp()[pri:0, instance:tests.WhatIsAimood.WhatIsAimoodFirefoxTests@25ce9dc4]" started-at="2023-08-30T16:30:55 EEST" name="setUp" finished-at="2023-08-30T16:30:55 EEST" duration-ms="0" status="PASS">
          <reporter-output>
          </reporter-output>
        </test-method> <!-- setUp -->
        <test-method signature="allFooterMainPage(java.lang.String,java.lang.String)[pri:5, instance:tests.WhatIsAimood.WhatIsAimoodFirefoxTests@25ce9dc4]" started-at="2023-08-30T16:31:00 EEST" name="allFooterMainPage" finished-at="2023-08-30T16:31:05 EEST" duration-ms="4920" status="PASS">
          <params>
            <param index="0">
              <value>
                <![CDATA[https://ai-mood.com/en/what-is-aimood]]>
              </value>
            </param>
            <param index="1">
              <value>
                <![CDATA[Screenshots/]]>
              </value>
            </param>
          </params>
          <reporter-output>
          </reporter-output>
        </test-method> <!-- allFooterMainPage -->
        <test-method is-config="true" signature="setUp()[pri:0, instance:tests.WhatIsAimood.WhatIsAimoodFirefoxTests@25ce9dc4]" started-at="2023-08-30T16:31:00 EEST" name="setUp" finished-at="2023-08-30T16:31:00 EEST" duration-ms="0" status="PASS">
          <reporter-output>
          </reporter-output>
        </test-method> <!-- setUp -->
        <test-method signature="partnFooterMainPage(java.lang.String,java.lang.String)[pri:6, instance:tests.WhatIsAimood.WhatIsAimoodFirefoxTests@25ce9dc4]" started-at="2023-08-30T16:31:05 EEST" name="partnFooterMainPage" finished-at="2023-08-30T16:31:10 EEST" duration-ms="4797" status="PASS">
          <params>
            <param index="0">
              <value>
                <![CDATA[https://ai-mood.com/en/what-is-aimood]]>
              </value>
            </param>
            <param index="1">
              <value>
                <![CDATA[Screenshots/]]>
              </value>
            </param>
          </params>
          <reporter-output>
          </reporter-output>
        </test-method> <!-- partnFooterMainPage -->
        <test-method is-config="true" signature="setUp()[pri:0, instance:tests.WhatIsAimood.WhatIsAimoodFirefoxTests@25ce9dc4]" started-at="2023-08-30T16:31:05 EEST" name="setUp" finished-at="2023-08-30T16:31:05 EEST" duration-ms="0" status="PASS">
          <reporter-output>
          </reporter-output>
        </test-method> <!-- setUp -->
        <test-method is-config="true" signature="setUp()[pri:0, instance:tests.WhatIsAimood.WhatIsAimoodFirefoxTests@25ce9dc4]" started-at="2023-08-30T16:31:10 EEST" name="setUp" finished-at="2023-08-30T16:31:10 EEST" duration-ms="1" status="PASS">
          <reporter-output>
          </reporter-output>
        </test-method> <!-- setUp -->
        <test-method signature="subFooterMainPage(java.lang.String,java.lang.String)[pri:7, instance:tests.WhatIsAimood.WhatIsAimoodFirefoxTests@25ce9dc4]" started-at="2023-08-30T16:31:10 EEST" name="subFooterMainPage" finished-at="2023-08-30T16:31:15 EEST" duration-ms="5425" status="PASS">
          <params>
            <param index="0">
              <value>
                <![CDATA[https://ai-mood.com/en/what-is-aimood]]>
              </value>
            </param>
            <param index="1">
              <value>
                <![CDATA[Screenshots/]]>
              </value>
            </param>
          </params>
          <reporter-output>
          </reporter-output>
        </test-method> <!-- subFooterMainPage -->
        <test-method is-config="true" signature="setUp()[pri:0, instance:tests.WhatIsAimood.WhatIsAimoodFirefoxTests@25ce9dc4]" started-at="2023-08-30T16:31:15 EEST" name="setUp" finished-at="2023-08-30T16:31:15 EEST" duration-ms="0" status="PASS">
          <reporter-output>
          </reporter-output>
        </test-method> <!-- setUp -->
        <test-method signature="copFooterMainPage(java.lang.String,java.lang.String)[pri:8, instance:tests.WhatIsAimood.WhatIsAimoodFirefoxTests@25ce9dc4]" started-at="2023-08-30T16:31:15 EEST" name="copFooterMainPage" finished-at="2023-08-30T16:31:19 EEST" duration-ms="3992" status="PASS">
          <params>
            <param index="0">
              <value>
                <![CDATA[https://ai-mood.com/en/what-is-aimood]]>
              </value>
            </param>
            <param index="1">
              <value>
                <![CDATA[Screenshots/]]>
              </value>
            </param>
          </params>
          <reporter-output>
          </reporter-output>
        </test-method> <!-- copFooterMainPage -->
        <test-method is-config="true" signature="tearDown()[pri:0, instance:tests.WhatIsAimood.WhatIsAimoodFirefoxTests@25ce9dc4]" started-at="2023-08-30T16:31:19 EEST" name="tearDown" finished-at="2023-08-30T16:31:21 EEST" duration-ms="1379" status="PASS">
          <reporter-output>
          </reporter-output>
        </test-method> <!-- tearDown -->
      </class> <!-- tests.WhatIsAimood.WhatIsAimoodFirefoxTests -->
    </test> <!-- ai-mood - Pixel perfect regression -->
  </suite> <!-- WPT -->
</testng-results>
