<?xml version="1.0" encoding="UTF-8"?>
<testng-results ignored="0" total="20" passed="20" failed="0" skipped="0">
  <reporter-output>
  </reporter-output>
  <suite started-at="2023-08-15T17:00:50 EEST" name="WPT" finished-at="2023-08-15T17:02:59 EEST" duration-ms="128738">
    <groups>
    </groups>
    <test started-at="2023-08-15T17:00:50 EEST" name="ai-mood - Pixel perfect regression" finished-at="2023-08-15T17:02:59 EEST" duration-ms="128738">
      <class name="tests.affiliateProgramPageTests.AllPageFirefoxTests">
        <test-method is-config="true" signature="setUp()[pri:0, instance:tests.affiliateProgramPageTests.AllPageFirefoxTests@2c1b194a]" started-at="2023-08-15T17:00:50 EEST" name="setUp" finished-at="2023-08-15T17:00:54 EEST" duration-ms="4063" status="PASS">
          <reporter-output>
          </reporter-output>
        </test-method> <!-- setUp -->
        <test-method signature="allHeaderAffiliateProgramPage(java.lang.String,java.lang.String)[pri:1, instance:tests.affiliateProgramPageTests.AllPageFirefoxTests@2c1b194a]" started-at="2023-08-15T17:00:54 EEST" name="allHeaderAffiliateProgramPage" finished-at="2023-08-15T17:01:07 EEST" duration-ms="12525" status="PASS">
          <params>
            <param index="0">
              <value>
                <![CDATA[https://ai-mood.com/en/affiliate-program]]>
              </value>
            </param>
            <param index="1">
              <value>
                <![CDATA[Screenshots/]]>
              </value>
            </param>
          </params>
          <reporter-output>
          </reporter-output>
        </test-method> <!-- allHeaderAffiliateProgramPage -->
        <test-method is-config="true" signature="setUp()[pri:0, instance:tests.affiliateProgramPageTests.AllPageFirefoxTests@2c1b194a]" started-at="2023-08-15T17:01:07 EEST" name="setUp" finished-at="2023-08-15T17:01:07 EEST" duration-ms="0" status="PASS">
          <reporter-output>
          </reporter-output>
        </test-method> <!-- setUp -->
        <test-method signature="getStartedHeaderAffiliateProgramPage(java.lang.String,java.lang.String)[pri:2, instance:tests.affiliateProgramPageTests.AllPageFirefoxTests@2c1b194a]" started-at="2023-08-15T17:01:07 EEST" name="getStartedHeaderAffiliateProgramPage" finished-at="2023-08-15T17:01:11 EEST" duration-ms="4175" status="PASS">
          <params>
            <param index="0">
              <value>
                <![CDATA[https://ai-mood.com/en/affiliate-program]]>
              </value>
            </param>
            <param index="1">
              <value>
                <![CDATA[Screenshots/]]>
              </value>
            </param>
          </params>
          <reporter-output>
          </reporter-output>
        </test-method> <!-- getStartedHeaderAffiliateProgramPage -->
        <test-method signature="learnHeaderAffiliateProgramPage(java.lang.String,java.lang.String)[pri:3, instance:tests.affiliateProgramPageTests.AllPageFirefoxTests@2c1b194a]" started-at="2023-08-15T17:01:11 EEST" name="learnHeaderAffiliateProgramPage" finished-at="2023-08-15T17:01:15 EEST" duration-ms="4126" status="PASS">
          <params>
            <param index="0">
              <value>
                <![CDATA[https://ai-mood.com/en/affiliate-program]]>
              </value>
            </param>
            <param index="1">
              <value>
                <![CDATA[Screenshots/]]>
              </value>
            </param>
          </params>
          <reporter-output>
          </reporter-output>
        </test-method> <!-- learnHeaderAffiliateProgramPage -->
        <test-method is-config="true" signature="setUp()[pri:0, instance:tests.affiliateProgramPageTests.AllPageFirefoxTests@2c1b194a]" started-at="2023-08-15T17:01:11 EEST" name="setUp" finished-at="2023-08-15T17:01:11 EEST" duration-ms="0" status="PASS">
          <reporter-output>
          </reporter-output>
        </test-method> <!-- setUp -->
        <test-method signature="resourcesHeaderAffiliateProgramPage(java.lang.String,java.lang.String)[pri:4, instance:tests.affiliateProgramPageTests.AllPageFirefoxTests@2c1b194a]" started-at="2023-08-15T17:01:15 EEST" name="resourcesHeaderAffiliateProgramPage" finished-at="2023-08-15T17:01:19 EEST" duration-ms="4134" status="PASS">
          <params>
            <param index="0">
              <value>
                <![CDATA[https://ai-mood.com/en/affiliate-program]]>
              </value>
            </param>
            <param index="1">
              <value>
                <![CDATA[Screenshots/]]>
              </value>
            </param>
          </params>
          <reporter-output>
          </reporter-output>
        </test-method> <!-- resourcesHeaderAffiliateProgramPage -->
        <test-method is-config="true" signature="setUp()[pri:0, instance:tests.affiliateProgramPageTests.AllPageFirefoxTests@2c1b194a]" started-at="2023-08-15T17:01:15 EEST" name="setUp" finished-at="2023-08-15T17:01:15 EEST" duration-ms="0" status="PASS">
          <reporter-output>
          </reporter-output>
        </test-method> <!-- setUp -->
        <test-method is-config="true" signature="setUp()[pri:0, instance:tests.affiliateProgramPageTests.AllPageFirefoxTests@2c1b194a]" started-at="2023-08-15T17:01:19 EEST" name="setUp" finished-at="2023-08-15T17:01:19 EEST" duration-ms="0" status="PASS">
          <reporter-output>
          </reporter-output>
        </test-method> <!-- setUp -->
        <test-method signature="mainSectionAffiliateProgramPage(java.lang.String,java.lang.String)[pri:6, instance:tests.affiliateProgramPageTests.AllPageFirefoxTests@2c1b194a]" started-at="2023-08-15T17:01:19 EEST" name="mainSectionAffiliateProgramPage" finished-at="2023-08-15T17:01:25 EEST" duration-ms="5928" status="PASS">
          <params>
            <param index="0">
              <value>
                <![CDATA[https://ai-mood.com/en/affiliate-program]]>
              </value>
            </param>
            <param index="1">
              <value>
                <![CDATA[Screenshots/]]>
              </value>
            </param>
          </params>
          <reporter-output>
          </reporter-output>
        </test-method> <!-- mainSectionAffiliateProgramPage -->
        <test-method signature="affiliateSectionAffiliateProgramPage(java.lang.String,java.lang.String)[pri:7, instance:tests.affiliateProgramPageTests.AllPageFirefoxTests@2c1b194a]" started-at="2023-08-15T17:01:25 EEST" name="affiliateSectionAffiliateProgramPage" finished-at="2023-08-15T17:01:30 EEST" duration-ms="5352" status="PASS">
          <params>
            <param index="0">
              <value>
                <![CDATA[https://ai-mood.com/en/affiliate-program]]>
              </value>
            </param>
            <param index="1">
              <value>
                <![CDATA[Screenshots/]]>
              </value>
            </param>
          </params>
          <reporter-output>
          </reporter-output>
        </test-method> <!-- affiliateSectionAffiliateProgramPage -->
        <test-method is-config="true" signature="setUp()[pri:0, instance:tests.affiliateProgramPageTests.AllPageFirefoxTests@2c1b194a]" started-at="2023-08-15T17:01:25 EEST" name="setUp" finished-at="2023-08-15T17:01:25 EEST" duration-ms="0" status="PASS">
          <reporter-output>
          </reporter-output>
        </test-method> <!-- setUp -->
        <test-method signature="allFooterAffiliateProgramPage(java.lang.String,java.lang.String)[pri:8, instance:tests.affiliateProgramPageTests.AllPageFirefoxTests@2c1b194a]" started-at="2023-08-15T17:01:30 EEST" name="allFooterAffiliateProgramPage" finished-at="2023-08-15T17:01:35 EEST" duration-ms="5076" status="PASS">
          <params>
            <param index="0">
              <value>
                <![CDATA[https://ai-mood.com/en/affiliate-program]]>
              </value>
            </param>
            <param index="1">
              <value>
                <![CDATA[Screenshots/]]>
              </value>
            </param>
          </params>
          <reporter-output>
          </reporter-output>
        </test-method> <!-- allFooterAffiliateProgramPage -->
        <test-method is-config="true" signature="setUp()[pri:0, instance:tests.affiliateProgramPageTests.AllPageFirefoxTests@2c1b194a]" started-at="2023-08-15T17:01:30 EEST" name="setUp" finished-at="2023-08-15T17:01:30 EEST" duration-ms="0" status="PASS">
          <reporter-output>
          </reporter-output>
        </test-method> <!-- setUp -->
        <test-method is-config="true" signature="setUp()[pri:0, instance:tests.affiliateProgramPageTests.AllPageFirefoxTests@2c1b194a]" started-at="2023-08-15T17:01:35 EEST" name="setUp" finished-at="2023-08-15T17:01:35 EEST" duration-ms="1" status="PASS">
          <reporter-output>
          </reporter-output>
        </test-method> <!-- setUp -->
        <test-method signature="partnFooterAffiliateProgramPage(java.lang.String,java.lang.String)[pri:9, instance:tests.affiliateProgramPageTests.AllPageFirefoxTests@2c1b194a]" started-at="2023-08-15T17:01:35 EEST" name="partnFooterAffiliateProgramPage" finished-at="2023-08-15T17:01:40 EEST" duration-ms="4940" status="PASS">
          <params>
            <param index="0">
              <value>
                <![CDATA[https://ai-mood.com/en/affiliate-program]]>
              </value>
            </param>
            <param index="1">
              <value>
                <![CDATA[Screenshots/]]>
              </value>
            </param>
          </params>
          <reporter-output>
          </reporter-output>
        </test-method> <!-- partnFooterAffiliateProgramPage -->
        <test-method is-config="true" signature="setUp()[pri:0, instance:tests.affiliateProgramPageTests.AllPageFirefoxTests@2c1b194a]" started-at="2023-08-15T17:01:40 EEST" name="setUp" finished-at="2023-08-15T17:01:40 EEST" duration-ms="0" status="PASS">
          <reporter-output>
          </reporter-output>
        </test-method> <!-- setUp -->
        <test-method signature="subFooterAffiliateProgramPage(java.lang.String,java.lang.String)[pri:10, instance:tests.affiliateProgramPageTests.AllPageFirefoxTests@2c1b194a]" started-at="2023-08-15T17:01:40 EEST" name="subFooterAffiliateProgramPage" finished-at="2023-08-15T17:01:45 EEST" duration-ms="4869" status="PASS">
          <params>
            <param index="0">
              <value>
                <![CDATA[https://ai-mood.com/en/affiliate-program]]>
              </value>
            </param>
            <param index="1">
              <value>
                <![CDATA[Screenshots/]]>
              </value>
            </param>
          </params>
          <reporter-output>
          </reporter-output>
        </test-method> <!-- subFooterAffiliateProgramPage -->
        <test-method signature="copFooterAffiliateProgramPage(java.lang.String,java.lang.String)[pri:11, instance:tests.affiliateProgramPageTests.AllPageFirefoxTests@2c1b194a]" started-at="2023-08-15T17:01:45 EEST" name="copFooterAffiliateProgramPage" finished-at="2023-08-15T17:01:49 EEST" duration-ms="3950" status="PASS">
          <params>
            <param index="0">
              <value>
                <![CDATA[https://ai-mood.com/en/affiliate-program]]>
              </value>
            </param>
            <param index="1">
              <value>
                <![CDATA[Screenshots/]]>
              </value>
            </param>
          </params>
          <reporter-output>
          </reporter-output>
        </test-method> <!-- copFooterAffiliateProgramPage -->
        <test-method is-config="true" signature="setUp()[pri:0, instance:tests.affiliateProgramPageTests.AllPageFirefoxTests@2c1b194a]" started-at="2023-08-15T17:01:45 EEST" name="setUp" finished-at="2023-08-15T17:01:45 EEST" duration-ms="0" status="PASS">
          <reporter-output>
          </reporter-output>
        </test-method> <!-- setUp -->
        <test-method is-config="true" signature="tearDown()[pri:0, instance:tests.affiliateProgramPageTests.AllPageFirefoxTests@2c1b194a]" started-at="2023-08-15T17:01:49 EEST" name="tearDown" finished-at="2023-08-15T17:01:51 EEST" duration-ms="1851" status="PASS">
          <reporter-output>
          </reporter-output>
        </test-method> <!-- tearDown -->
      </class> <!-- tests.affiliateProgramPageTests.AllPageFirefoxTests -->
      <class name="tests.affiliateProgramPageTests.AllPageChromeTests">
        <test-method is-config="true" signature="setUp()[pri:0, instance:tests.affiliateProgramPageTests.AllPageChromeTests@60bd273d]" started-at="2023-08-15T17:01:51 EEST" name="setUp" finished-at="2023-08-15T17:02:08 EEST" duration-ms="16690" status="PASS">
          <reporter-output>
          </reporter-output>
        </test-method> <!-- setUp -->
        <test-method signature="allHeaderAffiliateProgramPage(java.lang.String,java.lang.String)[pri:1, instance:tests.affiliateProgramPageTests.AllPageChromeTests@60bd273d]" started-at="2023-08-15T17:02:08 EEST" name="allHeaderAffiliateProgramPage" finished-at="2023-08-15T17:02:13 EEST" duration-ms="5638" status="PASS">
          <params>
            <param index="0">
              <value>
                <![CDATA[https://ai-mood.com/en/affiliate-program]]>
              </value>
            </param>
            <param index="1">
              <value>
                <![CDATA[Screenshots/]]>
              </value>
            </param>
          </params>
          <reporter-output>
          </reporter-output>
        </test-method> <!-- allHeaderAffiliateProgramPage -->
        <test-method is-config="true" signature="setUp()[pri:0, instance:tests.affiliateProgramPageTests.AllPageChromeTests@60bd273d]" started-at="2023-08-15T17:02:13 EEST" name="setUp" finished-at="2023-08-15T17:02:13 EEST" duration-ms="0" status="PASS">
          <reporter-output>
          </reporter-output>
        </test-method> <!-- setUp -->
        <test-method signature="getStartedHeaderAffiliateProgramPage(java.lang.String,java.lang.String)[pri:2, instance:tests.affiliateProgramPageTests.AllPageChromeTests@60bd273d]" started-at="2023-08-15T17:02:13 EEST" name="getStartedHeaderAffiliateProgramPage" finished-at="2023-08-15T17:02:18 EEST" duration-ms="4416" status="PASS">
          <params>
            <param index="0">
              <value>
                <![CDATA[https://ai-mood.com/en/affiliate-program]]>
              </value>
            </param>
            <param index="1">
              <value>
                <![CDATA[Screenshots/]]>
              </value>
            </param>
          </params>
          <reporter-output>
          </reporter-output>
        </test-method> <!-- getStartedHeaderAffiliateProgramPage -->
        <test-method signature="learnHeaderAffiliateProgramPage(java.lang.String,java.lang.String)[pri:3, instance:tests.affiliateProgramPageTests.AllPageChromeTests@60bd273d]" started-at="2023-08-15T17:02:18 EEST" name="learnHeaderAffiliateProgramPage" finished-at="2023-08-15T17:02:22 EEST" duration-ms="4341" status="PASS">
          <params>
            <param index="0">
              <value>
                <![CDATA[https://ai-mood.com/en/affiliate-program]]>
              </value>
            </param>
            <param index="1">
              <value>
                <![CDATA[Screenshots/]]>
              </value>
            </param>
          </params>
          <reporter-output>
          </reporter-output>
        </test-method> <!-- learnHeaderAffiliateProgramPage -->
        <test-method is-config="true" signature="setUp()[pri:0, instance:tests.affiliateProgramPageTests.AllPageChromeTests@60bd273d]" started-at="2023-08-15T17:02:18 EEST" name="setUp" finished-at="2023-08-15T17:02:18 EEST" duration-ms="0" status="PASS">
          <reporter-output>
          </reporter-output>
        </test-method> <!-- setUp -->
        <test-method is-config="true" signature="setUp()[pri:0, instance:tests.affiliateProgramPageTests.AllPageChromeTests@60bd273d]" started-at="2023-08-15T17:02:22 EEST" name="setUp" finished-at="2023-08-15T17:02:22 EEST" duration-ms="0" status="PASS">
          <reporter-output>
          </reporter-output>
        </test-method> <!-- setUp -->
        <test-method signature="resourcesHeaderAffiliateProgramPage(java.lang.String,java.lang.String)[pri:4, instance:tests.affiliateProgramPageTests.AllPageChromeTests@60bd273d]" started-at="2023-08-15T17:02:22 EEST" name="resourcesHeaderAffiliateProgramPage" finished-at="2023-08-15T17:02:26 EEST" duration-ms="4307" status="PASS">
          <params>
            <param index="0">
              <value>
                <![CDATA[https://ai-mood.com/en/affiliate-program]]>
              </value>
            </param>
            <param index="1">
              <value>
                <![CDATA[Screenshots/]]>
              </value>
            </param>
          </params>
          <reporter-output>
          </reporter-output>
        </test-method> <!-- resourcesHeaderAffiliateProgramPage -->
        <test-method is-config="true" signature="setUp()[pri:0, instance:tests.affiliateProgramPageTests.AllPageChromeTests@60bd273d]" started-at="2023-08-15T17:02:26 EEST" name="setUp" finished-at="2023-08-15T17:02:26 EEST" duration-ms="1" status="PASS">
          <reporter-output>
          </reporter-output>
        </test-method> <!-- setUp -->
        <test-method signature="mainSectionAffiliateProgramPage(java.lang.String,java.lang.String)[pri:6, instance:tests.affiliateProgramPageTests.AllPageChromeTests@60bd273d]" started-at="2023-08-15T17:02:26 EEST" name="mainSectionAffiliateProgramPage" finished-at="2023-08-15T17:02:33 EEST" duration-ms="6218" status="PASS">
          <params>
            <param index="0">
              <value>
                <![CDATA[https://ai-mood.com/en/affiliate-program]]>
              </value>
            </param>
            <param index="1">
              <value>
                <![CDATA[Screenshots/]]>
              </value>
            </param>
          </params>
          <reporter-output>
          </reporter-output>
        </test-method> <!-- mainSectionAffiliateProgramPage -->
        <test-method is-config="true" signature="setUp()[pri:0, instance:tests.affiliateProgramPageTests.AllPageChromeTests@60bd273d]" started-at="2023-08-15T17:02:33 EEST" name="setUp" finished-at="2023-08-15T17:02:33 EEST" duration-ms="1" status="PASS">
          <reporter-output>
          </reporter-output>
        </test-method> <!-- setUp -->
        <test-method signature="affiliateSectionAffiliateProgramPage(java.lang.String,java.lang.String)[pri:7, instance:tests.affiliateProgramPageTests.AllPageChromeTests@60bd273d]" started-at="2023-08-15T17:02:33 EEST" name="affiliateSectionAffiliateProgramPage" finished-at="2023-08-15T17:02:38 EEST" duration-ms="5654" status="PASS">
          <params>
            <param index="0">
              <value>
                <![CDATA[https://ai-mood.com/en/affiliate-program]]>
              </value>
            </param>
            <param index="1">
              <value>
                <![CDATA[Screenshots/]]>
              </value>
            </param>
          </params>
          <reporter-output>
          </reporter-output>
        </test-method> <!-- affiliateSectionAffiliateProgramPage -->
        <test-method is-config="true" signature="setUp()[pri:0, instance:tests.affiliateProgramPageTests.AllPageChromeTests@60bd273d]" started-at="2023-08-15T17:02:38 EEST" name="setUp" finished-at="2023-08-15T17:02:38 EEST" duration-ms="0" status="PASS">
          <reporter-output>
          </reporter-output>
        </test-method> <!-- setUp -->
        <test-method signature="allFooterAffiliateProgramPage(java.lang.String,java.lang.String)[pri:8, instance:tests.affiliateProgramPageTests.AllPageChromeTests@60bd273d]" started-at="2023-08-15T17:02:38 EEST" name="allFooterAffiliateProgramPage" finished-at="2023-08-15T17:02:44 EEST" duration-ms="5273" status="PASS">
          <params>
            <param index="0">
              <value>
                <![CDATA[https://ai-mood.com/en/affiliate-program]]>
              </value>
            </param>
            <param index="1">
              <value>
                <![CDATA[Screenshots/]]>
              </value>
            </param>
          </params>
          <reporter-output>
          </reporter-output>
        </test-method> <!-- allFooterAffiliateProgramPage -->
        <test-method is-config="true" signature="setUp()[pri:0, instance:tests.affiliateProgramPageTests.AllPageChromeTests@60bd273d]" started-at="2023-08-15T17:02:44 EEST" name="setUp" finished-at="2023-08-15T17:02:44 EEST" duration-ms="1" status="PASS">
          <reporter-output>
          </reporter-output>
        </test-method> <!-- setUp -->
        <test-method signature="partnFooterAffiliateProgramPage(java.lang.String,java.lang.String)[pri:9, instance:tests.affiliateProgramPageTests.AllPageChromeTests@60bd273d]" started-at="2023-08-15T17:02:44 EEST" name="partnFooterAffiliateProgramPage" finished-at="2023-08-15T17:02:49 EEST" duration-ms="5159" status="PASS">
          <params>
            <param index="0">
              <value>
                <![CDATA[https://ai-mood.com/en/affiliate-program]]>
              </value>
            </param>
            <param index="1">
              <value>
                <![CDATA[Screenshots/]]>
              </value>
            </param>
          </params>
          <reporter-output>
          </reporter-output>
        </test-method> <!-- partnFooterAffiliateProgramPage -->
        <test-method is-config="true" signature="setUp()[pri:0, instance:tests.affiliateProgramPageTests.AllPageChromeTests@60bd273d]" started-at="2023-08-15T17:02:49 EEST" name="setUp" finished-at="2023-08-15T17:02:49 EEST" duration-ms="0" status="PASS">
          <reporter-output>
          </reporter-output>
        </test-method> <!-- setUp -->
        <test-method signature="subFooterAffiliateProgramPage(java.lang.String,java.lang.String)[pri:10, instance:tests.affiliateProgramPageTests.AllPageChromeTests@60bd273d]" started-at="2023-08-15T17:02:49 EEST" name="subFooterAffiliateProgramPage" finished-at="2023-08-15T17:02:54 EEST" duration-ms="5128" status="PASS">
          <params>
            <param index="0">
              <value>
                <![CDATA[https://ai-mood.com/en/affiliate-program]]>
              </value>
            </param>
            <param index="1">
              <value>
                <![CDATA[Screenshots/]]>
              </value>
            </param>
          </params>
          <reporter-output>
          </reporter-output>
        </test-method> <!-- subFooterAffiliateProgramPage -->
        <test-method is-config="true" signature="setUp()[pri:0, instance:tests.affiliateProgramPageTests.AllPageChromeTests@60bd273d]" started-at="2023-08-15T17:02:54 EEST" name="setUp" finished-at="2023-08-15T17:02:54 EEST" duration-ms="1" status="PASS">
          <reporter-output>
          </reporter-output>
        </test-method> <!-- setUp -->
        <test-method signature="copFooterAffiliateProgramPage(java.lang.String,java.lang.String)[pri:11, instance:tests.affiliateProgramPageTests.AllPageChromeTests@60bd273d]" started-at="2023-08-15T17:02:54 EEST" name="copFooterAffiliateProgramPage" finished-at="2023-08-15T17:02:58 EEST" duration-ms="4200" status="PASS">
          <params>
            <param index="0">
              <value>
                <![CDATA[https://ai-mood.com/en/affiliate-program]]>
              </value>
            </param>
            <param index="1">
              <value>
                <![CDATA[Screenshots/]]>
              </value>
            </param>
          </params>
          <reporter-output>
          </reporter-output>
        </test-method> <!-- copFooterAffiliateProgramPage -->
        <test-method is-config="true" signature="tearDown()[pri:0, instance:tests.affiliateProgramPageTests.AllPageChromeTests@60bd273d]" started-at="2023-08-15T17:02:58 EEST" name="tearDown" finished-at="2023-08-15T17:02:59 EEST" duration-ms="672" status="PASS">
          <reporter-output>
          </reporter-output>
        </test-method> <!-- tearDown -->
      </class> <!-- tests.affiliateProgramPageTests.AllPageChromeTests -->
    </test> <!-- ai-mood - Pixel perfect regression -->
  </suite> <!-- WPT -->
</testng-results>
