<?xml version="1.0" encoding="UTF-8"?>
<testng-results ignored="0" total="326" passed="292" failed="34" skipped="0">
  <reporter-output>
  </reporter-output>
  <suite started-at="2023-09-25T10:25:19 EEST" name="WPT" finished-at="2023-09-25T11:05:40 EEST" duration-ms="2421209">
    <groups>
    </groups>
    <test started-at="2023-09-25T10:25:19 EEST" name="ai-mood - Pixel perfect regression" finished-at="2023-09-25T11:05:40 EEST" duration-ms="2421209">
      <class name="tests.accountFundPageTests.AllPageChromeTests">
        <test-method is-config="true" signature="setUp()[pri:0, instance:tests.accountFundPageTests.AllPageChromeTests@790da477]" started-at="2023-09-25T10:59:24 EEST" name="setUp" finished-at="2023-09-25T10:59:25 EEST" duration-ms="759" status="PASS">
          <reporter-output>
          </reporter-output>
        </test-method> <!-- setUp -->
        <test-method signature="signInUser(java.lang.String)[pri:1, instance:tests.accountFundPageTests.AllPageChromeTests@790da477]" started-at="2023-09-25T10:59:25 EEST" name="signInUser" finished-at="2023-09-25T10:59:39 EEST" duration-ms="14707" status="PASS">
          <params>
            <param index="0">
              <value>
                <![CDATA[https://aimood-stage1.intary.net/en/]]>
              </value>
            </param>
          </params>
          <reporter-output>
          </reporter-output>
        </test-method> <!-- signInUser -->
        <test-method signature="allHeaderAccountFundPage(java.lang.String,java.lang.String)[pri:2, instance:tests.accountFundPageTests.AllPageChromeTests@790da477]" started-at="2023-09-25T10:59:39 EEST" name="allHeaderAccountFundPage" finished-at="2023-09-25T10:59:46 EEST" duration-ms="6127" status="PASS">
          <params>
            <param index="0">
              <value>
                <![CDATA[https://aimood-stage1.intary.net/en/account/fund]]>
              </value>
            </param>
            <param index="1">
              <value>
                <![CDATA[Screenshots_St1/]]>
              </value>
            </param>
          </params>
          <reporter-output>
          </reporter-output>
        </test-method> <!-- allHeaderAccountFundPage -->
        <test-method is-config="true" signature="setUp()[pri:0, instance:tests.accountFundPageTests.AllPageChromeTests@790da477]" started-at="2023-09-25T10:59:39 EEST" name="setUp" finished-at="2023-09-25T10:59:39 EEST" duration-ms="0" status="PASS">
          <reporter-output>
          </reporter-output>
        </test-method> <!-- setUp -->
        <test-method signature="getStartedHeaderAccountFundPage(java.lang.String,java.lang.String)[pri:3, instance:tests.accountFundPageTests.AllPageChromeTests@790da477]" started-at="2023-09-25T10:59:46 EEST" name="getStartedHeaderAccountFundPage" finished-at="2023-09-25T10:59:53 EEST" duration-ms="7281" status="PASS">
          <params>
            <param index="0">
              <value>
                <![CDATA[https://aimood-stage1.intary.net/en/account/fund]]>
              </value>
            </param>
            <param index="1">
              <value>
                <![CDATA[Screenshots_St1/]]>
              </value>
            </param>
          </params>
          <reporter-output>
          </reporter-output>
        </test-method> <!-- getStartedHeaderAccountFundPage -->
        <test-method is-config="true" signature="setUp()[pri:0, instance:tests.accountFundPageTests.AllPageChromeTests@790da477]" started-at="2023-09-25T10:59:46 EEST" name="setUp" finished-at="2023-09-25T10:59:46 EEST" duration-ms="0" status="PASS">
          <reporter-output>
          </reporter-output>
        </test-method> <!-- setUp -->
        <test-method signature="learnHeaderAccountFundPage(java.lang.String,java.lang.String)[pri:4, instance:tests.accountFundPageTests.AllPageChromeTests@790da477]" started-at="2023-09-25T10:59:53 EEST" name="learnHeaderAccountFundPage" finished-at="2023-09-25T11:00:00 EEST" duration-ms="7306" status="PASS">
          <params>
            <param index="0">
              <value>
                <![CDATA[https://aimood-stage1.intary.net/en/account/fund]]>
              </value>
            </param>
            <param index="1">
              <value>
                <![CDATA[Screenshots_St1/]]>
              </value>
            </param>
          </params>
          <reporter-output>
          </reporter-output>
        </test-method> <!-- learnHeaderAccountFundPage -->
        <test-method is-config="true" signature="setUp()[pri:0, instance:tests.accountFundPageTests.AllPageChromeTests@790da477]" started-at="2023-09-25T10:59:53 EEST" name="setUp" finished-at="2023-09-25T10:59:53 EEST" duration-ms="0" status="PASS">
          <reporter-output>
          </reporter-output>
        </test-method> <!-- setUp -->
        <test-method signature="resourcesHeaderAccountFundPage(java.lang.String,java.lang.String)[pri:5, instance:tests.accountFundPageTests.AllPageChromeTests@790da477]" started-at="2023-09-25T11:00:00 EEST" name="resourcesHeaderAccountFundPage" finished-at="2023-09-25T11:00:07 EEST" duration-ms="7241" status="PASS">
          <params>
            <param index="0">
              <value>
                <![CDATA[https://aimood-stage1.intary.net/en/account/fund]]>
              </value>
            </param>
            <param index="1">
              <value>
                <![CDATA[Screenshots_St1/]]>
              </value>
            </param>
          </params>
          <reporter-output>
          </reporter-output>
        </test-method> <!-- resourcesHeaderAccountFundPage -->
        <test-method is-config="true" signature="setUp()[pri:0, instance:tests.accountFundPageTests.AllPageChromeTests@790da477]" started-at="2023-09-25T11:00:00 EEST" name="setUp" finished-at="2023-09-25T11:00:00 EEST" duration-ms="0" status="PASS">
          <reporter-output>
          </reporter-output>
        </test-method> <!-- setUp -->
        <test-method signature="notificationsHeaderAccountFundPage(java.lang.String,java.lang.String)[pri:7, instance:tests.accountFundPageTests.AllPageChromeTests@790da477]" started-at="2023-09-25T11:00:07 EEST" name="notificationsHeaderAccountFundPage" finished-at="2023-09-25T11:00:15 EEST" duration-ms="7284" status="PASS">
          <params>
            <param index="0">
              <value>
                <![CDATA[https://aimood-stage1.intary.net/en/account/fund]]>
              </value>
            </param>
            <param index="1">
              <value>
                <![CDATA[Screenshots_St1/]]>
              </value>
            </param>
          </params>
          <reporter-output>
          </reporter-output>
        </test-method> <!-- notificationsHeaderAccountFundPage -->
        <test-method is-config="true" signature="setUp()[pri:0, instance:tests.accountFundPageTests.AllPageChromeTests@790da477]" started-at="2023-09-25T11:00:07 EEST" name="setUp" finished-at="2023-09-25T11:00:07 EEST" duration-ms="0" status="PASS">
          <reporter-output>
          </reporter-output>
        </test-method> <!-- setUp -->
        <test-method signature="profileHeaderAccountFundPage(java.lang.String,java.lang.String)[pri:8, instance:tests.accountFundPageTests.AllPageChromeTests@790da477]" started-at="2023-09-25T11:00:15 EEST" name="profileHeaderAccountFundPage" finished-at="2023-09-25T11:00:22 EEST" duration-ms="7173" status="PASS">
          <params>
            <param index="0">
              <value>
                <![CDATA[https://aimood-stage1.intary.net/en/account/fund]]>
              </value>
            </param>
            <param index="1">
              <value>
                <![CDATA[Screenshots_St1/]]>
              </value>
            </param>
          </params>
          <reporter-output>
          </reporter-output>
        </test-method> <!-- profileHeaderAccountFundPage -->
        <test-method is-config="true" signature="setUp()[pri:0, instance:tests.accountFundPageTests.AllPageChromeTests@790da477]" started-at="2023-09-25T11:00:15 EEST" name="setUp" finished-at="2023-09-25T11:00:15 EEST" duration-ms="0" status="PASS">
          <reporter-output>
          </reporter-output>
        </test-method> <!-- setUp -->
        <test-method signature="mainSectionAccountFundPage(java.lang.String,java.lang.String)[pri:9, instance:tests.accountFundPageTests.AllPageChromeTests@790da477]" started-at="2023-09-25T11:00:22 EEST" name="mainSectionAccountFundPage" finished-at="2023-09-25T11:00:29 EEST" duration-ms="7059" status="FAIL">
          <params>
            <param index="0">
              <value>
                <![CDATA[https://aimood-stage1.intary.net/en/account/fund]]>
              </value>
            </param>
            <param index="1">
              <value>
                <![CDATA[Screenshots_St1/]]>
              </value>
            </param>
          </params>
          <exception class="java.lang.AssertionError">
            <message>
              <![CDATA[*** Images are not similar *** expected [true] but found [false]]]>
            </message>
            <full-stacktrace>
              <![CDATA[java.lang.AssertionError: *** Images are not similar *** expected [true] but found [false]
at org.testng.Assert.fail(Assert.java:111)
at org.testng.Assert.failNotEquals(Assert.java:1578)
at org.testng.Assert.assertTrue(Assert.java:57)
at pages.pixel_perfect.PixelPerfectAssert.byElement(PixelPerfectAssert.java:109)
at tests.accountFundPageTests.AllPageChromeTests.mainSectionAccountFundPage(AllPageChromeTests.java:177)
at java.base/jdk.internal.reflect.NativeMethodAccessorImpl.invoke0(Native Method)
at java.base/jdk.internal.reflect.NativeMethodAccessorImpl.invoke(NativeMethodAccessorImpl.java:62)
at java.base/jdk.internal.reflect.DelegatingMethodAccessorImpl.invoke(DelegatingMethodAccessorImpl.java:43)
at java.base/java.lang.reflect.Method.invoke(Method.java:566)
at org.testng.internal.invokers.MethodInvocationHelper.invokeMethod(MethodInvocationHelper.java:139)
at org.testng.internal.invokers.TestInvoker.invokeMethod(TestInvoker.java:664)
at org.testng.internal.invokers.TestInvoker.invokeTestMethod(TestInvoker.java:227)
at org.testng.internal.invokers.MethodRunner.runInSequence(MethodRunner.java:50)
at org.testng.internal.invokers.TestInvoker$MethodInvocationAgent.invoke(TestInvoker.java:957)
at org.testng.internal.invokers.TestInvoker.invokeTestMethods(TestInvoker.java:200)
at org.testng.internal.invokers.TestMethodWorker.invokeTestMethods(TestMethodWorker.java:148)
at org.testng.internal.invokers.TestMethodWorker.run(TestMethodWorker.java:128)
at java.base/java.util.ArrayList.forEach(ArrayList.java:1540)
at org.testng.TestRunner.privateRun(TestRunner.java:848)
at org.testng.TestRunner.run(TestRunner.java:621)
at org.testng.SuiteRunner.runTest(SuiteRunner.java:443)
at org.testng.SuiteRunner.runSequentially(SuiteRunner.java:437)
at org.testng.SuiteRunner.privateRun(SuiteRunner.java:397)
at org.testng.SuiteRunner.run(SuiteRunner.java:336)
at org.testng.SuiteRunnerWorker.runSuite(SuiteRunnerWorker.java:52)
at org.testng.SuiteRunnerWorker.run(SuiteRunnerWorker.java:95)
at org.testng.TestNG.runSuitesSequentially(TestNG.java:1280)
at org.testng.TestNG.runSuitesLocally(TestNG.java:1200)
at org.testng.TestNG.runSuites(TestNG.java:1114)
at org.testng.TestNG.run(TestNG.java:1082)
at org.apache.maven.surefire.testng.TestNGExecutor.run(TestNGExecutor.java:284)
at org.apache.maven.surefire.testng.TestNGXmlTestSuite.execute(TestNGXmlTestSuite.java:75)
at org.apache.maven.surefire.testng.TestNGProvider.invoke(TestNGProvider.java:119)
at org.apache.maven.surefire.booter.ForkedBooter.runSuitesInProcess(ForkedBooter.java:428)
at org.apache.maven.surefire.booter.ForkedBooter.execute(ForkedBooter.java:162)
at org.apache.maven.surefire.booter.ForkedBooter.run(ForkedBooter.java:562)
at org.apache.maven.surefire.booter.ForkedBooter.main(ForkedBooter.java:548)
]]>
            </full-stacktrace>
          </exception> <!-- java.lang.AssertionError -->
          <reporter-output>
          </reporter-output>
        </test-method> <!-- mainSectionAccountFundPage -->
        <test-method is-config="true" signature="setUp()[pri:0, instance:tests.accountFundPageTests.AllPageChromeTests@790da477]" started-at="2023-09-25T11:00:22 EEST" name="setUp" finished-at="2023-09-25T11:00:22 EEST" duration-ms="0" status="PASS">
          <reporter-output>
          </reporter-output>
        </test-method> <!-- setUp -->
        <test-method signature="allFooterAccountFundPage(java.lang.String,java.lang.String)[pri:10, instance:tests.accountFundPageTests.AllPageChromeTests@790da477]" started-at="2023-09-25T11:00:29 EEST" name="allFooterAccountFundPage" finished-at="2023-09-25T11:00:37 EEST" duration-ms="8494" status="PASS">
          <params>
            <param index="0">
              <value>
                <![CDATA[https://aimood-stage1.intary.net/en/account/fund]]>
              </value>
            </param>
            <param index="1">
              <value>
                <![CDATA[Screenshots_St1/]]>
              </value>
            </param>
          </params>
          <reporter-output>
          </reporter-output>
        </test-method> <!-- allFooterAccountFundPage -->
        <test-method is-config="true" signature="setUp()[pri:0, instance:tests.accountFundPageTests.AllPageChromeTests@790da477]" started-at="2023-09-25T11:00:29 EEST" name="setUp" finished-at="2023-09-25T11:00:29 EEST" duration-ms="0" status="PASS">
          <reporter-output>
          </reporter-output>
        </test-method> <!-- setUp -->
        <test-method is-config="true" signature="tearDown()[pri:0, instance:tests.accountFundPageTests.AllPageChromeTests@790da477]" started-at="2023-09-25T11:00:37 EEST" name="tearDown" finished-at="2023-09-25T11:00:38 EEST" duration-ms="669" status="PASS">
          <reporter-output>
          </reporter-output>
        </test-method> <!-- tearDown -->
      </class> <!-- tests.accountFundPageTests.AllPageChromeTests -->
      <class name="tests.marketPlacePageTests.AllPageFirefoxTests">
        <test-method is-config="true" signature="setUp()[pri:0, instance:tests.marketPlacePageTests.AllPageFirefoxTests@4201c465]" started-at="2023-09-25T10:28:10 EEST" name="setUp" finished-at="2023-09-25T10:28:12 EEST" duration-ms="2648" status="PASS">
          <reporter-output>
          </reporter-output>
        </test-method> <!-- setUp -->
        <test-method signature="allHeaderMarketPlacePage(java.lang.String,java.lang.String)[pri:1, instance:tests.marketPlacePageTests.AllPageFirefoxTests@4201c465]" started-at="2023-09-25T10:28:12 EEST" name="allHeaderMarketPlacePage" finished-at="2023-09-25T10:28:31 EEST" duration-ms="18874" status="PASS">
          <params>
            <param index="0">
              <value>
                <![CDATA[https://aimood-stage1.intary.net/en/market-place]]>
              </value>
            </param>
            <param index="1">
              <value>
                <![CDATA[Screenshots_St1/]]>
              </value>
            </param>
          </params>
          <reporter-output>
          </reporter-output>
        </test-method> <!-- allHeaderMarketPlacePage -->
        <test-method is-config="true" signature="setUp()[pri:0, instance:tests.marketPlacePageTests.AllPageFirefoxTests@4201c465]" started-at="2023-09-25T10:28:31 EEST" name="setUp" finished-at="2023-09-25T10:28:31 EEST" duration-ms="1" status="PASS">
          <reporter-output>
          </reporter-output>
        </test-method> <!-- setUp -->
        <test-method signature="getStartedHeaderMarketPlacePage(java.lang.String,java.lang.String)[pri:2, instance:tests.marketPlacePageTests.AllPageFirefoxTests@4201c465]" started-at="2023-09-25T10:28:31 EEST" name="getStartedHeaderMarketPlacePage" finished-at="2023-09-25T10:28:37 EEST" duration-ms="5998" status="PASS">
          <params>
            <param index="0">
              <value>
                <![CDATA[https://aimood-stage1.intary.net/en/market-place]]>
              </value>
            </param>
            <param index="1">
              <value>
                <![CDATA[Screenshots_St1/]]>
              </value>
            </param>
          </params>
          <reporter-output>
          </reporter-output>
        </test-method> <!-- getStartedHeaderMarketPlacePage -->
        <test-method is-config="true" signature="setUp()[pri:0, instance:tests.marketPlacePageTests.AllPageFirefoxTests@4201c465]" started-at="2023-09-25T10:28:37 EEST" name="setUp" finished-at="2023-09-25T10:28:37 EEST" duration-ms="1" status="PASS">
          <reporter-output>
          </reporter-output>
        </test-method> <!-- setUp -->
        <test-method signature="learnHeaderMarketPlacePage(java.lang.String,java.lang.String)[pri:3, instance:tests.marketPlacePageTests.AllPageFirefoxTests@4201c465]" started-at="2023-09-25T10:28:37 EEST" name="learnHeaderMarketPlacePage" finished-at="2023-09-25T10:28:43 EEST" duration-ms="6030" status="PASS">
          <params>
            <param index="0">
              <value>
                <![CDATA[https://aimood-stage1.intary.net/en/market-place]]>
              </value>
            </param>
            <param index="1">
              <value>
                <![CDATA[Screenshots_St1/]]>
              </value>
            </param>
          </params>
          <reporter-output>
          </reporter-output>
        </test-method> <!-- learnHeaderMarketPlacePage -->
        <test-method is-config="true" signature="setUp()[pri:0, instance:tests.marketPlacePageTests.AllPageFirefoxTests@4201c465]" started-at="2023-09-25T10:28:43 EEST" name="setUp" finished-at="2023-09-25T10:28:43 EEST" duration-ms="0" status="PASS">
          <reporter-output>
          </reporter-output>
        </test-method> <!-- setUp -->
        <test-method signature="resourcesHeaderMarketPlacePage(java.lang.String,java.lang.String)[pri:4, instance:tests.marketPlacePageTests.AllPageFirefoxTests@4201c465]" started-at="2023-09-25T10:28:43 EEST" name="resourcesHeaderMarketPlacePage" finished-at="2023-09-25T10:28:50 EEST" duration-ms="6202" status="PASS">
          <params>
            <param index="0">
              <value>
                <![CDATA[https://aimood-stage1.intary.net/en/market-place]]>
              </value>
            </param>
            <param index="1">
              <value>
                <![CDATA[Screenshots_St1/]]>
              </value>
            </param>
          </params>
          <reporter-output>
          </reporter-output>
        </test-method> <!-- resourcesHeaderMarketPlacePage -->
        <test-method is-config="true" signature="setUp()[pri:0, instance:tests.marketPlacePageTests.AllPageFirefoxTests@4201c465]" started-at="2023-09-25T10:28:50 EEST" name="setUp" finished-at="2023-09-25T10:28:50 EEST" duration-ms="1" status="PASS">
          <reporter-output>
          </reporter-output>
        </test-method> <!-- setUp -->
        <test-method signature="mainSectionMarketPlacePage(java.lang.String,java.lang.String)[pri:6, instance:tests.marketPlacePageTests.AllPageFirefoxTests@4201c465]" started-at="2023-09-25T10:28:50 EEST" name="mainSectionMarketPlacePage" finished-at="2023-09-25T10:28:57 EEST" duration-ms="7007" status="PASS">
          <params>
            <param index="0">
              <value>
                <![CDATA[https://aimood-stage1.intary.net/en/market-place]]>
              </value>
            </param>
            <param index="1">
              <value>
                <![CDATA[Screenshots_St1/]]>
              </value>
            </param>
          </params>
          <reporter-output>
          </reporter-output>
        </test-method> <!-- mainSectionMarketPlacePage -->
        <test-method signature="statisticsSectionMarketPlacePage(java.lang.String,java.lang.String)[pri:7, instance:tests.marketPlacePageTests.AllPageFirefoxTests@4201c465]" started-at="2023-09-25T10:28:57 EEST" name="statisticsSectionMarketPlacePage" finished-at="2023-09-25T10:29:03 EEST" duration-ms="6237" status="PASS">
          <params>
            <param index="0">
              <value>
                <![CDATA[https://aimood-stage1.intary.net/en/market-place]]>
              </value>
            </param>
            <param index="1">
              <value>
                <![CDATA[Screenshots_St1/]]>
              </value>
            </param>
          </params>
          <reporter-output>
          </reporter-output>
        </test-method> <!-- statisticsSectionMarketPlacePage -->
        <test-method is-config="true" signature="setUp()[pri:0, instance:tests.marketPlacePageTests.AllPageFirefoxTests@4201c465]" started-at="2023-09-25T10:28:57 EEST" name="setUp" finished-at="2023-09-25T10:28:57 EEST" duration-ms="0" status="PASS">
          <reporter-output>
          </reporter-output>
        </test-method> <!-- setUp -->
        <test-method is-config="true" signature="setUp()[pri:0, instance:tests.marketPlacePageTests.AllPageFirefoxTests@4201c465]" started-at="2023-09-25T10:29:03 EEST" name="setUp" finished-at="2023-09-25T10:29:03 EEST" duration-ms="1" status="PASS">
          <reporter-output>
          </reporter-output>
        </test-method> <!-- setUp -->
        <test-method signature="allFooterMarketPlacePage(java.lang.String,java.lang.String)[pri:8, instance:tests.marketPlacePageTests.AllPageFirefoxTests@4201c465]" started-at="2023-09-25T10:29:03 EEST" name="allFooterMarketPlacePage" finished-at="2023-09-25T10:29:09 EEST" duration-ms="5918" status="PASS">
          <params>
            <param index="0">
              <value>
                <![CDATA[https://aimood-stage1.intary.net/en/market-place]]>
              </value>
            </param>
            <param index="1">
              <value>
                <![CDATA[Screenshots_St1/]]>
              </value>
            </param>
          </params>
          <reporter-output>
          </reporter-output>
        </test-method> <!-- allFooterMarketPlacePage -->
        <test-method is-config="true" signature="tearDown()[pri:0, instance:tests.marketPlacePageTests.AllPageFirefoxTests@4201c465]" started-at="2023-09-25T10:29:09 EEST" name="tearDown" finished-at="2023-09-25T10:29:10 EEST" duration-ms="1601" status="PASS">
          <reporter-output>
          </reporter-output>
        </test-method> <!-- tearDown -->
      </class> <!-- tests.marketPlacePageTests.AllPageFirefoxTests -->
      <class name="tests.accountDashboardPageTests.AllPageFirefoxTests">
        <test-method is-config="true" signature="setUp()[pri:0, instance:tests.accountDashboardPageTests.AllPageFirefoxTests@5c7933ad]" started-at="2023-09-25T11:00:38 EEST" name="setUp" finished-at="2023-09-25T11:00:41 EEST" duration-ms="2640" status="PASS">
          <reporter-output>
          </reporter-output>
        </test-method> <!-- setUp -->
        <test-method signature="signInUser(java.lang.String)[pri:1, instance:tests.accountDashboardPageTests.AllPageFirefoxTests@5c7933ad]" started-at="2023-09-25T11:00:41 EEST" name="signInUser" finished-at="2023-09-25T11:00:53 EEST" duration-ms="12561" status="PASS">
          <params>
            <param index="0">
              <value>
                <![CDATA[https://aimood-stage1.intary.net/en/]]>
              </value>
            </param>
          </params>
          <reporter-output>
          </reporter-output>
        </test-method> <!-- signInUser -->
        <test-method signature="allHeaderAccountDashboardPage(java.lang.String,java.lang.String)[pri:2, instance:tests.accountDashboardPageTests.AllPageFirefoxTests@5c7933ad]" started-at="2023-09-25T11:00:53 EEST" name="allHeaderAccountDashboardPage" finished-at="2023-09-25T11:00:59 EEST" duration-ms="5946" status="PASS">
          <params>
            <param index="0">
              <value>
                <![CDATA[https://aimood-stage1.intary.net/en/account/dashboard]]>
              </value>
            </param>
            <param index="1">
              <value>
                <![CDATA[Screenshots_St1/]]>
              </value>
            </param>
          </params>
          <reporter-output>
          </reporter-output>
        </test-method> <!-- allHeaderAccountDashboardPage -->
        <test-method is-config="true" signature="setUp()[pri:0, instance:tests.accountDashboardPageTests.AllPageFirefoxTests@5c7933ad]" started-at="2023-09-25T11:00:53 EEST" name="setUp" finished-at="2023-09-25T11:00:53 EEST" duration-ms="0" status="PASS">
          <reporter-output>
          </reporter-output>
        </test-method> <!-- setUp -->
        <test-method signature="getStartedHeaderAccountDashboardPage(java.lang.String,java.lang.String)[pri:3, instance:tests.accountDashboardPageTests.AllPageFirefoxTests@5c7933ad]" started-at="2023-09-25T11:00:59 EEST" name="getStartedHeaderAccountDashboardPage" finished-at="2023-09-25T11:01:06 EEST" duration-ms="6990" status="PASS">
          <params>
            <param index="0">
              <value>
                <![CDATA[https://aimood-stage1.intary.net/en/account/dashboard]]>
              </value>
            </param>
            <param index="1">
              <value>
                <![CDATA[Screenshots_St1/]]>
              </value>
            </param>
          </params>
          <reporter-output>
          </reporter-output>
        </test-method> <!-- getStartedHeaderAccountDashboardPage -->
        <test-method is-config="true" signature="setUp()[pri:0, instance:tests.accountDashboardPageTests.AllPageFirefoxTests@5c7933ad]" started-at="2023-09-25T11:00:59 EEST" name="setUp" finished-at="2023-09-25T11:00:59 EEST" duration-ms="0" status="PASS">
          <reporter-output>
          </reporter-output>
        </test-method> <!-- setUp -->
        <test-method signature="learnHeaderAccountDashboardPage(java.lang.String,java.lang.String)[pri:4, instance:tests.accountDashboardPageTests.AllPageFirefoxTests@5c7933ad]" started-at="2023-09-25T11:01:06 EEST" name="learnHeaderAccountDashboardPage" finished-at="2023-09-25T11:01:13 EEST" duration-ms="6940" status="PASS">
          <params>
            <param index="0">
              <value>
                <![CDATA[https://aimood-stage1.intary.net/en/account/dashboard]]>
              </value>
            </param>
            <param index="1">
              <value>
                <![CDATA[Screenshots_St1/]]>
              </value>
            </param>
          </params>
          <reporter-output>
          </reporter-output>
        </test-method> <!-- learnHeaderAccountDashboardPage -->
        <test-method is-config="true" signature="setUp()[pri:0, instance:tests.accountDashboardPageTests.AllPageFirefoxTests@5c7933ad]" started-at="2023-09-25T11:01:06 EEST" name="setUp" finished-at="2023-09-25T11:01:06 EEST" duration-ms="0" status="PASS">
          <reporter-output>
          </reporter-output>
        </test-method> <!-- setUp -->
        <test-method signature="resourcesHeaderAccountDashboardPage(java.lang.String,java.lang.String)[pri:5, instance:tests.accountDashboardPageTests.AllPageFirefoxTests@5c7933ad]" started-at="2023-09-25T11:01:13 EEST" name="resourcesHeaderAccountDashboardPage" finished-at="2023-09-25T11:01:20 EEST" duration-ms="7040" status="PASS">
          <params>
            <param index="0">
              <value>
                <![CDATA[https://aimood-stage1.intary.net/en/account/dashboard]]>
              </value>
            </param>
            <param index="1">
              <value>
                <![CDATA[Screenshots_St1/]]>
              </value>
            </param>
          </params>
          <reporter-output>
          </reporter-output>
        </test-method> <!-- resourcesHeaderAccountDashboardPage -->
        <test-method is-config="true" signature="setUp()[pri:0, instance:tests.accountDashboardPageTests.AllPageFirefoxTests@5c7933ad]" started-at="2023-09-25T11:01:13 EEST" name="setUp" finished-at="2023-09-25T11:01:13 EEST" duration-ms="0" status="PASS">
          <reporter-output>
          </reporter-output>
        </test-method> <!-- setUp -->
        <test-method signature="notificationsHeaderAccountDashboardPage(java.lang.String,java.lang.String)[pri:7, instance:tests.accountDashboardPageTests.AllPageFirefoxTests@5c7933ad]" started-at="2023-09-25T11:01:20 EEST" name="notificationsHeaderAccountDashboardPage" finished-at="2023-09-25T11:01:28 EEST" duration-ms="7494" status="PASS">
          <params>
            <param index="0">
              <value>
                <![CDATA[https://aimood-stage1.intary.net/en/account/dashboard]]>
              </value>
            </param>
            <param index="1">
              <value>
                <![CDATA[Screenshots_St1/]]>
              </value>
            </param>
          </params>
          <reporter-output>
          </reporter-output>
        </test-method> <!-- notificationsHeaderAccountDashboardPage -->
        <test-method is-config="true" signature="setUp()[pri:0, instance:tests.accountDashboardPageTests.AllPageFirefoxTests@5c7933ad]" started-at="2023-09-25T11:01:20 EEST" name="setUp" finished-at="2023-09-25T11:01:20 EEST" duration-ms="0" status="PASS">
          <reporter-output>
          </reporter-output>
        </test-method> <!-- setUp -->
        <test-method signature="profileHeaderAccountDashboardPage(java.lang.String,java.lang.String)[pri:8, instance:tests.accountDashboardPageTests.AllPageFirefoxTests@5c7933ad]" started-at="2023-09-25T11:01:28 EEST" name="profileHeaderAccountDashboardPage" finished-at="2023-09-25T11:01:35 EEST" duration-ms="7068" status="PASS">
          <params>
            <param index="0">
              <value>
                <![CDATA[https://aimood-stage1.intary.net/en/account/dashboard]]>
              </value>
            </param>
            <param index="1">
              <value>
                <![CDATA[Screenshots_St1/]]>
              </value>
            </param>
          </params>
          <reporter-output>
          </reporter-output>
        </test-method> <!-- profileHeaderAccountDashboardPage -->
        <test-method is-config="true" signature="setUp()[pri:0, instance:tests.accountDashboardPageTests.AllPageFirefoxTests@5c7933ad]" started-at="2023-09-25T11:01:28 EEST" name="setUp" finished-at="2023-09-25T11:01:28 EEST" duration-ms="0" status="PASS">
          <reporter-output>
          </reporter-output>
        </test-method> <!-- setUp -->
        <test-method signature="mainSectionAccountDashboardPage(java.lang.String,java.lang.String)[pri:9, instance:tests.accountDashboardPageTests.AllPageFirefoxTests@5c7933ad]" started-at="2023-09-25T11:01:35 EEST" name="mainSectionAccountDashboardPage" finished-at="2023-09-25T11:01:42 EEST" duration-ms="6872" status="FAIL">
          <params>
            <param index="0">
              <value>
                <![CDATA[https://aimood-stage1.intary.net/en/account/dashboard]]>
              </value>
            </param>
            <param index="1">
              <value>
                <![CDATA[Screenshots_St1/]]>
              </value>
            </param>
          </params>
          <exception class="java.lang.AssertionError">
            <message>
              <![CDATA[*** Images are not similar *** expected [true] but found [false]]]>
            </message>
            <full-stacktrace>
              <![CDATA[java.lang.AssertionError: *** Images are not similar *** expected [true] but found [false]
at org.testng.Assert.fail(Assert.java:111)
at org.testng.Assert.failNotEquals(Assert.java:1578)
at org.testng.Assert.assertTrue(Assert.java:57)
at pages.pixel_perfect.PixelPerfectAssert.byElement(PixelPerfectAssert.java:109)
at tests.accountDashboardPageTests.AllPageFirefoxTests.mainSectionAccountDashboardPage(AllPageFirefoxTests.java:177)
at java.base/jdk.internal.reflect.NativeMethodAccessorImpl.invoke0(Native Method)
at java.base/jdk.internal.reflect.NativeMethodAccessorImpl.invoke(NativeMethodAccessorImpl.java:62)
at java.base/jdk.internal.reflect.DelegatingMethodAccessorImpl.invoke(DelegatingMethodAccessorImpl.java:43)
at java.base/java.lang.reflect.Method.invoke(Method.java:566)
at org.testng.internal.invokers.MethodInvocationHelper.invokeMethod(MethodInvocationHelper.java:139)
at org.testng.internal.invokers.TestInvoker.invokeMethod(TestInvoker.java:664)
at org.testng.internal.invokers.TestInvoker.invokeTestMethod(TestInvoker.java:227)
at org.testng.internal.invokers.MethodRunner.runInSequence(MethodRunner.java:50)
at org.testng.internal.invokers.TestInvoker$MethodInvocationAgent.invoke(TestInvoker.java:957)
at org.testng.internal.invokers.TestInvoker.invokeTestMethods(TestInvoker.java:200)
at org.testng.internal.invokers.TestMethodWorker.invokeTestMethods(TestMethodWorker.java:148)
at org.testng.internal.invokers.TestMethodWorker.run(TestMethodWorker.java:128)
at java.base/java.util.ArrayList.forEach(ArrayList.java:1540)
at org.testng.TestRunner.privateRun(TestRunner.java:848)
at org.testng.TestRunner.run(TestRunner.java:621)
at org.testng.SuiteRunner.runTest(SuiteRunner.java:443)
at org.testng.SuiteRunner.runSequentially(SuiteRunner.java:437)
at org.testng.SuiteRunner.privateRun(SuiteRunner.java:397)
at org.testng.SuiteRunner.run(SuiteRunner.java:336)
at org.testng.SuiteRunnerWorker.runSuite(SuiteRunnerWorker.java:52)
at org.testng.SuiteRunnerWorker.run(SuiteRunnerWorker.java:95)
at org.testng.TestNG.runSuitesSequentially(TestNG.java:1280)
at org.testng.TestNG.runSuitesLocally(TestNG.java:1200)
at org.testng.TestNG.runSuites(TestNG.java:1114)
at org.testng.TestNG.run(TestNG.java:1082)
at org.apache.maven.surefire.testng.TestNGExecutor.run(TestNGExecutor.java:284)
at org.apache.maven.surefire.testng.TestNGXmlTestSuite.execute(TestNGXmlTestSuite.java:75)
at org.apache.maven.surefire.testng.TestNGProvider.invoke(TestNGProvider.java:119)
at org.apache.maven.surefire.booter.ForkedBooter.runSuitesInProcess(ForkedBooter.java:428)
at org.apache.maven.surefire.booter.ForkedBooter.execute(ForkedBooter.java:162)
at org.apache.maven.surefire.booter.ForkedBooter.run(ForkedBooter.java:562)
at org.apache.maven.surefire.booter.ForkedBooter.main(ForkedBooter.java:548)
]]>
            </full-stacktrace>
          </exception> <!-- java.lang.AssertionError -->
          <reporter-output>
          </reporter-output>
        </test-method> <!-- mainSectionAccountDashboardPage -->
        <test-method is-config="true" signature="setUp()[pri:0, instance:tests.accountDashboardPageTests.AllPageFirefoxTests@5c7933ad]" started-at="2023-09-25T11:01:35 EEST" name="setUp" finished-at="2023-09-25T11:01:35 EEST" duration-ms="0" status="PASS">
          <reporter-output>
          </reporter-output>
        </test-method> <!-- setUp -->
        <test-method signature="allFooterAccountDashboardPage(java.lang.String,java.lang.String)[pri:10, instance:tests.accountDashboardPageTests.AllPageFirefoxTests@5c7933ad]" started-at="2023-09-25T11:01:42 EEST" name="allFooterAccountDashboardPage" finished-at="2023-09-25T11:01:49 EEST" duration-ms="6948" status="PASS">
          <params>
            <param index="0">
              <value>
                <![CDATA[https://aimood-stage1.intary.net/en/account/dashboard]]>
              </value>
            </param>
            <param index="1">
              <value>
                <![CDATA[Screenshots_St1/]]>
              </value>
            </param>
          </params>
          <reporter-output>
          </reporter-output>
        </test-method> <!-- allFooterAccountDashboardPage -->
        <test-method is-config="true" signature="setUp()[pri:0, instance:tests.accountDashboardPageTests.AllPageFirefoxTests@5c7933ad]" started-at="2023-09-25T11:01:42 EEST" name="setUp" finished-at="2023-09-25T11:01:42 EEST" duration-ms="0" status="PASS">
          <reporter-output>
          </reporter-output>
        </test-method> <!-- setUp -->
        <test-method is-config="true" signature="tearDown()[pri:0, instance:tests.accountDashboardPageTests.AllPageFirefoxTests@5c7933ad]" started-at="2023-09-25T11:01:49 EEST" name="tearDown" finished-at="2023-09-25T11:01:50 EEST" duration-ms="1524" status="PASS">
          <reporter-output>
          </reporter-output>
        </test-method> <!-- tearDown -->
      </class> <!-- tests.accountDashboardPageTests.AllPageFirefoxTests -->
      <class name="tests.accountAffiliateProgramPageTests.AllPageFirefoxTests">
        <test-method is-config="true" signature="setUp()[pri:0, instance:tests.accountAffiliateProgramPageTests.AllPageFirefoxTests@5fb759d6]" started-at="2023-09-25T11:03:03 EEST" name="setUp" finished-at="2023-09-25T11:03:05 EEST" duration-ms="2685" status="PASS">
          <reporter-output>
          </reporter-output>
        </test-method> <!-- setUp -->
        <test-method signature="signInUser(java.lang.String)[pri:1, instance:tests.accountAffiliateProgramPageTests.AllPageFirefoxTests@5fb759d6]" started-at="2023-09-25T11:03:05 EEST" name="signInUser" finished-at="2023-09-25T11:03:19 EEST" duration-ms="13656" status="PASS">
          <params>
            <param index="0">
              <value>
                <![CDATA[https://aimood-stage1.intary.net/en/]]>
              </value>
            </param>
          </params>
          <reporter-output>
          </reporter-output>
        </test-method> <!-- signInUser -->
        <test-method is-config="true" signature="setUp()[pri:0, instance:tests.accountAffiliateProgramPageTests.AllPageFirefoxTests@5fb759d6]" started-at="2023-09-25T11:03:19 EEST" name="setUp" finished-at="2023-09-25T11:03:19 EEST" duration-ms="1" status="PASS">
          <reporter-output>
          </reporter-output>
        </test-method> <!-- setUp -->
        <test-method signature="allHeaderAccountAffiliateProgramPage(java.lang.String,java.lang.String)[pri:2, instance:tests.accountAffiliateProgramPageTests.AllPageFirefoxTests@5fb759d6]" started-at="2023-09-25T11:03:19 EEST" name="allHeaderAccountAffiliateProgramPage" finished-at="2023-09-25T11:03:27 EEST" duration-ms="8299" status="PASS">
          <params>
            <param index="0">
              <value>
                <![CDATA[https://aimood-stage1.intary.net/en/account/affiliate-program]]>
              </value>
            </param>
            <param index="1">
              <value>
                <![CDATA[Screenshots_St1/]]>
              </value>
            </param>
          </params>
          <reporter-output>
          </reporter-output>
        </test-method> <!-- allHeaderAccountAffiliateProgramPage -->
        <test-method signature="getStartedHeaderAccountAffiliateProgramPage(java.lang.String,java.lang.String)[pri:3, instance:tests.accountAffiliateProgramPageTests.AllPageFirefoxTests@5fb759d6]" started-at="2023-09-25T11:03:27 EEST" name="getStartedHeaderAccountAffiliateProgramPage" finished-at="2023-09-25T11:03:34 EEST" duration-ms="6976" status="PASS">
          <params>
            <param index="0">
              <value>
                <![CDATA[https://aimood-stage1.intary.net/en/account/affiliate-program]]>
              </value>
            </param>
            <param index="1">
              <value>
                <![CDATA[Screenshots_St1/]]>
              </value>
            </param>
          </params>
          <reporter-output>
          </reporter-output>
        </test-method> <!-- getStartedHeaderAccountAffiliateProgramPage -->
        <test-method is-config="true" signature="setUp()[pri:0, instance:tests.accountAffiliateProgramPageTests.AllPageFirefoxTests@5fb759d6]" started-at="2023-09-25T11:03:27 EEST" name="setUp" finished-at="2023-09-25T11:03:27 EEST" duration-ms="0" status="PASS">
          <reporter-output>
          </reporter-output>
        </test-method> <!-- setUp -->
        <test-method signature="learnHeaderAccountAffiliateProgramPage(java.lang.String,java.lang.String)[pri:4, instance:tests.accountAffiliateProgramPageTests.AllPageFirefoxTests@5fb759d6]" started-at="2023-09-25T11:03:34 EEST" name="learnHeaderAccountAffiliateProgramPage" finished-at="2023-09-25T11:03:41 EEST" duration-ms="6962" status="PASS">
          <params>
            <param index="0">
              <value>
                <![CDATA[https://aimood-stage1.intary.net/en/account/affiliate-program]]>
              </value>
            </param>
            <param index="1">
              <value>
                <![CDATA[Screenshots_St1/]]>
              </value>
            </param>
          </params>
          <reporter-output>
          </reporter-output>
        </test-method> <!-- learnHeaderAccountAffiliateProgramPage -->
        <test-method is-config="true" signature="setUp()[pri:0, instance:tests.accountAffiliateProgramPageTests.AllPageFirefoxTests@5fb759d6]" started-at="2023-09-25T11:03:34 EEST" name="setUp" finished-at="2023-09-25T11:03:34 EEST" duration-ms="0" status="PASS">
          <reporter-output>
          </reporter-output>
        </test-method> <!-- setUp -->
        <test-method signature="resourcesHeaderAccountAffiliateProgramPage(java.lang.String,java.lang.String)[pri:5, instance:tests.accountAffiliateProgramPageTests.AllPageFirefoxTests@5fb759d6]" started-at="2023-09-25T11:03:41 EEST" name="resourcesHeaderAccountAffiliateProgramPage" finished-at="2023-09-25T11:03:48 EEST" duration-ms="7005" status="PASS">
          <params>
            <param index="0">
              <value>
                <![CDATA[https://aimood-stage1.intary.net/en/account/affiliate-program]]>
              </value>
            </param>
            <param index="1">
              <value>
                <![CDATA[Screenshots_St1/]]>
              </value>
            </param>
          </params>
          <reporter-output>
          </reporter-output>
        </test-method> <!-- resourcesHeaderAccountAffiliateProgramPage -->
        <test-method is-config="true" signature="setUp()[pri:0, instance:tests.accountAffiliateProgramPageTests.AllPageFirefoxTests@5fb759d6]" started-at="2023-09-25T11:03:41 EEST" name="setUp" finished-at="2023-09-25T11:03:41 EEST" duration-ms="0" status="PASS">
          <reporter-output>
          </reporter-output>
        </test-method> <!-- setUp -->
        <test-method signature="notificationsHeaderAccountAffiliateProgramPage(java.lang.String,java.lang.String)[pri:7, instance:tests.accountAffiliateProgramPageTests.AllPageFirefoxTests@5fb759d6]" started-at="2023-09-25T11:03:48 EEST" name="notificationsHeaderAccountAffiliateProgramPage" finished-at="2023-09-25T11:03:55 EEST" duration-ms="7111" status="PASS">
          <params>
            <param index="0">
              <value>
                <![CDATA[https://aimood-stage1.intary.net/en/account/affiliate-program]]>
              </value>
            </param>
            <param index="1">
              <value>
                <![CDATA[Screenshots_St1/]]>
              </value>
            </param>
          </params>
          <reporter-output>
          </reporter-output>
        </test-method> <!-- notificationsHeaderAccountAffiliateProgramPage -->
        <test-method is-config="true" signature="setUp()[pri:0, instance:tests.accountAffiliateProgramPageTests.AllPageFirefoxTests@5fb759d6]" started-at="2023-09-25T11:03:48 EEST" name="setUp" finished-at="2023-09-25T11:03:48 EEST" duration-ms="0" status="PASS">
          <reporter-output>
          </reporter-output>
        </test-method> <!-- setUp -->
        <test-method is-config="true" signature="setUp()[pri:0, instance:tests.accountAffiliateProgramPageTests.AllPageFirefoxTests@5fb759d6]" started-at="2023-09-25T11:03:55 EEST" name="setUp" finished-at="2023-09-25T11:03:55 EEST" duration-ms="1" status="PASS">
          <reporter-output>
          </reporter-output>
        </test-method> <!-- setUp -->
        <test-method signature="profileHeaderAccountAffiliateProgramPage(java.lang.String,java.lang.String)[pri:8, instance:tests.accountAffiliateProgramPageTests.AllPageFirefoxTests@5fb759d6]" started-at="2023-09-25T11:03:55 EEST" name="profileHeaderAccountAffiliateProgramPage" finished-at="2023-09-25T11:04:03 EEST" duration-ms="7043" status="PASS">
          <params>
            <param index="0">
              <value>
                <![CDATA[https://aimood-stage1.intary.net/en/account/affiliate-program]]>
              </value>
            </param>
            <param index="1">
              <value>
                <![CDATA[Screenshots_St1/]]>
              </value>
            </param>
          </params>
          <reporter-output>
          </reporter-output>
        </test-method> <!-- profileHeaderAccountAffiliateProgramPage -->
        <test-method signature="mainSectionAccountAffiliateProgramPage(java.lang.String,java.lang.String)[pri:9, instance:tests.accountAffiliateProgramPageTests.AllPageFirefoxTests@5fb759d6]" started-at="2023-09-25T11:04:03 EEST" name="mainSectionAccountAffiliateProgramPage" finished-at="2023-09-25T11:04:09 EEST" duration-ms="6596" status="FAIL">
          <params>
            <param index="0">
              <value>
                <![CDATA[https://aimood-stage1.intary.net/en/account/affiliate-program]]>
              </value>
            </param>
            <param index="1">
              <value>
                <![CDATA[Screenshots_St1/]]>
              </value>
            </param>
          </params>
          <exception class="java.lang.AssertionError">
            <message>
              <![CDATA[*** Images are not similar *** expected [true] but found [false]]]>
            </message>
            <full-stacktrace>
              <![CDATA[java.lang.AssertionError: *** Images are not similar *** expected [true] but found [false]
at org.testng.Assert.fail(Assert.java:111)
at org.testng.Assert.failNotEquals(Assert.java:1578)
at org.testng.Assert.assertTrue(Assert.java:57)
at pages.pixel_perfect.PixelPerfectAssert.byElement(PixelPerfectAssert.java:109)
at tests.accountAffiliateProgramPageTests.AllPageFirefoxTests.mainSectionAccountAffiliateProgramPage(AllPageFirefoxTests.java:179)
at java.base/jdk.internal.reflect.NativeMethodAccessorImpl.invoke0(Native Method)
at java.base/jdk.internal.reflect.NativeMethodAccessorImpl.invoke(NativeMethodAccessorImpl.java:62)
at java.base/jdk.internal.reflect.DelegatingMethodAccessorImpl.invoke(DelegatingMethodAccessorImpl.java:43)
at java.base/java.lang.reflect.Method.invoke(Method.java:566)
at org.testng.internal.invokers.MethodInvocationHelper.invokeMethod(MethodInvocationHelper.java:139)
at org.testng.internal.invokers.TestInvoker.invokeMethod(TestInvoker.java:664)
at org.testng.internal.invokers.TestInvoker.invokeTestMethod(TestInvoker.java:227)
at org.testng.internal.invokers.MethodRunner.runInSequence(MethodRunner.java:50)
at org.testng.internal.invokers.TestInvoker$MethodInvocationAgent.invoke(TestInvoker.java:957)
at org.testng.internal.invokers.TestInvoker.invokeTestMethods(TestInvoker.java:200)
at org.testng.internal.invokers.TestMethodWorker.invokeTestMethods(TestMethodWorker.java:148)
at org.testng.internal.invokers.TestMethodWorker.run(TestMethodWorker.java:128)
at java.base/java.util.ArrayList.forEach(ArrayList.java:1540)
at org.testng.TestRunner.privateRun(TestRunner.java:848)
at org.testng.TestRunner.run(TestRunner.java:621)
at org.testng.SuiteRunner.runTest(SuiteRunner.java:443)
at org.testng.SuiteRunner.runSequentially(SuiteRunner.java:437)
at org.testng.SuiteRunner.privateRun(SuiteRunner.java:397)
at org.testng.SuiteRunner.run(SuiteRunner.java:336)
at org.testng.SuiteRunnerWorker.runSuite(SuiteRunnerWorker.java:52)
at org.testng.SuiteRunnerWorker.run(SuiteRunnerWorker.java:95)
at org.testng.TestNG.runSuitesSequentially(TestNG.java:1280)
at org.testng.TestNG.runSuitesLocally(TestNG.java:1200)
at org.testng.TestNG.runSuites(TestNG.java:1114)
at org.testng.TestNG.run(TestNG.java:1082)
at org.apache.maven.surefire.testng.TestNGExecutor.run(TestNGExecutor.java:284)
at org.apache.maven.surefire.testng.TestNGXmlTestSuite.execute(TestNGXmlTestSuite.java:75)
at org.apache.maven.surefire.testng.TestNGProvider.invoke(TestNGProvider.java:119)
at org.apache.maven.surefire.booter.ForkedBooter.runSuitesInProcess(ForkedBooter.java:428)
at org.apache.maven.surefire.booter.ForkedBooter.execute(ForkedBooter.java:162)
at org.apache.maven.surefire.booter.ForkedBooter.run(ForkedBooter.java:562)
at org.apache.maven.surefire.booter.ForkedBooter.main(ForkedBooter.java:548)
]]>
            </full-stacktrace>
          </exception> <!-- java.lang.AssertionError -->
          <reporter-output>
          </reporter-output>
        </test-method> <!-- mainSectionAccountAffiliateProgramPage -->
        <test-method is-config="true" signature="setUp()[pri:0, instance:tests.accountAffiliateProgramPageTests.AllPageFirefoxTests@5fb759d6]" started-at="2023-09-25T11:04:03 EEST" name="setUp" finished-at="2023-09-25T11:04:03 EEST" duration-ms="0" status="PASS">
          <reporter-output>
          </reporter-output>
        </test-method> <!-- setUp -->
        <test-method signature="allFooterAccountAffiliateProgramPage(java.lang.String,java.lang.String)[pri:10, instance:tests.accountAffiliateProgramPageTests.AllPageFirefoxTests@5fb759d6]" started-at="2023-09-25T11:04:09 EEST" name="allFooterAccountAffiliateProgramPage" finished-at="2023-09-25T11:04:15 EEST" duration-ms="5935" status="PASS">
          <params>
            <param index="0">
              <value>
                <![CDATA[https://aimood-stage1.intary.net/en/account/affiliate-program]]>
              </value>
            </param>
            <param index="1">
              <value>
                <![CDATA[Screenshots_St1/]]>
              </value>
            </param>
          </params>
          <reporter-output>
          </reporter-output>
        </test-method> <!-- allFooterAccountAffiliateProgramPage -->
        <test-method is-config="true" signature="setUp()[pri:0, instance:tests.accountAffiliateProgramPageTests.AllPageFirefoxTests@5fb759d6]" started-at="2023-09-25T11:04:09 EEST" name="setUp" finished-at="2023-09-25T11:04:09 EEST" duration-ms="0" status="PASS">
          <reporter-output>
          </reporter-output>
        </test-method> <!-- setUp -->
        <test-method is-config="true" signature="tearDown()[pri:0, instance:tests.accountAffiliateProgramPageTests.AllPageFirefoxTests@5fb759d6]" started-at="2023-09-25T11:04:15 EEST" name="tearDown" finished-at="2023-09-25T11:04:17 EEST" duration-ms="1520" status="PASS">
          <reporter-output>
          </reporter-output>
        </test-method> <!-- tearDown -->
      </class> <!-- tests.accountAffiliateProgramPageTests.AllPageFirefoxTests -->
      <class name="tests.accountP2PPageTests.AllPageFirefoxTests">
        <test-method is-config="true" signature="setUp()[pri:0, instance:tests.accountP2PPageTests.AllPageFirefoxTests@431cd9b2]" started-at="2023-09-25T10:55:46 EEST" name="setUp" finished-at="2023-09-25T10:55:49 EEST" duration-ms="2436" status="PASS">
          <reporter-output>
          </reporter-output>
        </test-method> <!-- setUp -->
        <test-method signature="signInUser(java.lang.String)[pri:1, instance:tests.accountP2PPageTests.AllPageFirefoxTests@431cd9b2]" started-at="2023-09-25T10:55:49 EEST" name="signInUser" finished-at="2023-09-25T10:56:02 EEST" duration-ms="13581" status="PASS">
          <params>
            <param index="0">
              <value>
                <![CDATA[https://aimood-stage1.intary.net/en/]]>
              </value>
            </param>
          </params>
          <reporter-output>
          </reporter-output>
        </test-method> <!-- signInUser -->
        <test-method signature="allHeaderAccountP2PPage(java.lang.String,java.lang.String)[pri:2, instance:tests.accountP2PPageTests.AllPageFirefoxTests@431cd9b2]" started-at="2023-09-25T10:56:02 EEST" name="allHeaderAccountP2PPage" finished-at="2023-09-25T10:56:10 EEST" duration-ms="7320" status="PASS">
          <params>
            <param index="0">
              <value>
                <![CDATA[https://aimood-stage1.intary.net/en/account/p2p]]>
              </value>
            </param>
            <param index="1">
              <value>
                <![CDATA[Screenshots_St1/]]>
              </value>
            </param>
          </params>
          <reporter-output>
          </reporter-output>
        </test-method> <!-- allHeaderAccountP2PPage -->
        <test-method is-config="true" signature="setUp()[pri:0, instance:tests.accountP2PPageTests.AllPageFirefoxTests@431cd9b2]" started-at="2023-09-25T10:56:02 EEST" name="setUp" finished-at="2023-09-25T10:56:02 EEST" duration-ms="0" status="PASS">
          <reporter-output>
          </reporter-output>
        </test-method> <!-- setUp -->
        <test-method signature="getStartedHeaderAccountP2PPage(java.lang.String,java.lang.String)[pri:3, instance:tests.accountP2PPageTests.AllPageFirefoxTests@431cd9b2]" started-at="2023-09-25T10:56:10 EEST" name="getStartedHeaderAccountP2PPage" finished-at="2023-09-25T10:56:17 EEST" duration-ms="6959" status="PASS">
          <params>
            <param index="0">
              <value>
                <![CDATA[https://aimood-stage1.intary.net/en/account/p2p]]>
              </value>
            </param>
            <param index="1">
              <value>
                <![CDATA[Screenshots_St1/]]>
              </value>
            </param>
          </params>
          <reporter-output>
          </reporter-output>
        </test-method> <!-- getStartedHeaderAccountP2PPage -->
        <test-method is-config="true" signature="setUp()[pri:0, instance:tests.accountP2PPageTests.AllPageFirefoxTests@431cd9b2]" started-at="2023-09-25T10:56:10 EEST" name="setUp" finished-at="2023-09-25T10:56:10 EEST" duration-ms="0" status="PASS">
          <reporter-output>
          </reporter-output>
        </test-method> <!-- setUp -->
        <test-method signature="learnHeaderAccountP2PPage(java.lang.String,java.lang.String)[pri:4, instance:tests.accountP2PPageTests.AllPageFirefoxTests@431cd9b2]" started-at="2023-09-25T10:56:17 EEST" name="learnHeaderAccountP2PPage" finished-at="2023-09-25T10:56:24 EEST" duration-ms="7019" status="PASS">
          <params>
            <param index="0">
              <value>
                <![CDATA[https://aimood-stage1.intary.net/en/account/p2p]]>
              </value>
            </param>
            <param index="1">
              <value>
                <![CDATA[Screenshots_St1/]]>
              </value>
            </param>
          </params>
          <reporter-output>
          </reporter-output>
        </test-method> <!-- learnHeaderAccountP2PPage -->
        <test-method is-config="true" signature="setUp()[pri:0, instance:tests.accountP2PPageTests.AllPageFirefoxTests@431cd9b2]" started-at="2023-09-25T10:56:17 EEST" name="setUp" finished-at="2023-09-25T10:56:17 EEST" duration-ms="0" status="PASS">
          <reporter-output>
          </reporter-output>
        </test-method> <!-- setUp -->
        <test-method is-config="true" signature="setUp()[pri:0, instance:tests.accountP2PPageTests.AllPageFirefoxTests@431cd9b2]" started-at="2023-09-25T10:56:24 EEST" name="setUp" finished-at="2023-09-25T10:56:24 EEST" duration-ms="1" status="PASS">
          <reporter-output>
          </reporter-output>
        </test-method> <!-- setUp -->
        <test-method signature="resourcesHeaderAccountP2PPage(java.lang.String,java.lang.String)[pri:5, instance:tests.accountP2PPageTests.AllPageFirefoxTests@431cd9b2]" started-at="2023-09-25T10:56:24 EEST" name="resourcesHeaderAccountP2PPage" finished-at="2023-09-25T10:56:31 EEST" duration-ms="7039" status="PASS">
          <params>
            <param index="0">
              <value>
                <![CDATA[https://aimood-stage1.intary.net/en/account/p2p]]>
              </value>
            </param>
            <param index="1">
              <value>
                <![CDATA[Screenshots_St1/]]>
              </value>
            </param>
          </params>
          <reporter-output>
          </reporter-output>
        </test-method> <!-- resourcesHeaderAccountP2PPage -->
        <test-method signature="notificationsHeaderAccountP2PPage(java.lang.String,java.lang.String)[pri:7, instance:tests.accountP2PPageTests.AllPageFirefoxTests@431cd9b2]" started-at="2023-09-25T10:56:31 EEST" name="notificationsHeaderAccountP2PPage" finished-at="2023-09-25T10:56:38 EEST" duration-ms="7101" status="PASS">
          <params>
            <param index="0">
              <value>
                <![CDATA[https://aimood-stage1.intary.net/en/account/p2p]]>
              </value>
            </param>
            <param index="1">
              <value>
                <![CDATA[Screenshots_St1/]]>
              </value>
            </param>
          </params>
          <reporter-output>
          </reporter-output>
        </test-method> <!-- notificationsHeaderAccountP2PPage -->
        <test-method is-config="true" signature="setUp()[pri:0, instance:tests.accountP2PPageTests.AllPageFirefoxTests@431cd9b2]" started-at="2023-09-25T10:56:31 EEST" name="setUp" finished-at="2023-09-25T10:56:31 EEST" duration-ms="0" status="PASS">
          <reporter-output>
          </reporter-output>
        </test-method> <!-- setUp -->
        <test-method signature="profileHeaderAccountP2PPage(java.lang.String,java.lang.String)[pri:8, instance:tests.accountP2PPageTests.AllPageFirefoxTests@431cd9b2]" started-at="2023-09-25T10:56:38 EEST" name="profileHeaderAccountP2PPage" finished-at="2023-09-25T10:56:45 EEST" duration-ms="7051" status="PASS">
          <params>
            <param index="0">
              <value>
                <![CDATA[https://aimood-stage1.intary.net/en/account/p2p]]>
              </value>
            </param>
            <param index="1">
              <value>
                <![CDATA[Screenshots_St1/]]>
              </value>
            </param>
          </params>
          <reporter-output>
          </reporter-output>
        </test-method> <!-- profileHeaderAccountP2PPage -->
        <test-method is-config="true" signature="setUp()[pri:0, instance:tests.accountP2PPageTests.AllPageFirefoxTests@431cd9b2]" started-at="2023-09-25T10:56:38 EEST" name="setUp" finished-at="2023-09-25T10:56:38 EEST" duration-ms="0" status="PASS">
          <reporter-output>
          </reporter-output>
        </test-method> <!-- setUp -->
        <test-method signature="mainSectionAccountP2PPage(java.lang.String,java.lang.String)[pri:9, instance:tests.accountP2PPageTests.AllPageFirefoxTests@431cd9b2]" started-at="2023-09-25T10:56:45 EEST" name="mainSectionAccountP2PPage" finished-at="2023-09-25T10:56:52 EEST" duration-ms="6919" status="PASS">
          <params>
            <param index="0">
              <value>
                <![CDATA[https://aimood-stage1.intary.net/en/account/p2p]]>
              </value>
            </param>
            <param index="1">
              <value>
                <![CDATA[Screenshots_St1/]]>
              </value>
            </param>
          </params>
          <reporter-output>
          </reporter-output>
        </test-method> <!-- mainSectionAccountP2PPage -->
        <test-method is-config="true" signature="setUp()[pri:0, instance:tests.accountP2PPageTests.AllPageFirefoxTests@431cd9b2]" started-at="2023-09-25T10:56:45 EEST" name="setUp" finished-at="2023-09-25T10:56:45 EEST" duration-ms="0" status="PASS">
          <reporter-output>
          </reporter-output>
        </test-method> <!-- setUp -->
        <test-method signature="allFooterAccountP2PPage(java.lang.String,java.lang.String)[pri:10, instance:tests.accountP2PPageTests.AllPageFirefoxTests@431cd9b2]" started-at="2023-09-25T10:56:52 EEST" name="allFooterAccountP2PPage" finished-at="2023-09-25T10:56:58 EEST" duration-ms="5953" status="PASS">
          <params>
            <param index="0">
              <value>
                <![CDATA[https://aimood-stage1.intary.net/en/account/p2p]]>
              </value>
            </param>
            <param index="1">
              <value>
                <![CDATA[Screenshots_St1/]]>
              </value>
            </param>
          </params>
          <reporter-output>
          </reporter-output>
        </test-method> <!-- allFooterAccountP2PPage -->
        <test-method is-config="true" signature="setUp()[pri:0, instance:tests.accountP2PPageTests.AllPageFirefoxTests@431cd9b2]" started-at="2023-09-25T10:56:52 EEST" name="setUp" finished-at="2023-09-25T10:56:52 EEST" duration-ms="0" status="PASS">
          <reporter-output>
          </reporter-output>
        </test-method> <!-- setUp -->
        <test-method is-config="true" signature="tearDown()[pri:0, instance:tests.accountP2PPageTests.AllPageFirefoxTests@431cd9b2]" started-at="2023-09-25T10:56:58 EEST" name="tearDown" finished-at="2023-09-25T10:56:59 EEST" duration-ms="1508" status="PASS">
          <reporter-output>
          </reporter-output>
        </test-method> <!-- tearDown -->
      </class> <!-- tests.accountP2PPageTests.AllPageFirefoxTests -->
      <class name="tests.resetPasswordPage2Tests.AllPageFirefoxTests">
        <test-method is-config="true" signature="setUp()[pri:0, instance:tests.resetPasswordPage2Tests.AllPageFirefoxTests@4722ef0c]" started-at="2023-09-25T10:46:01 EEST" name="setUp" finished-at="2023-09-25T10:46:03 EEST" duration-ms="2788" status="PASS">
          <reporter-output>
          </reporter-output>
        </test-method> <!-- setUp -->
        <test-method signature="allHeaderResetPasswordPage2(java.lang.String,java.lang.String)[pri:1, instance:tests.resetPasswordPage2Tests.AllPageFirefoxTests@4722ef0c]" started-at="2023-09-25T10:46:03 EEST" name="allHeaderResetPasswordPage2" finished-at="2023-09-25T10:46:13 EEST" duration-ms="9577" status="PASS">
          <params>
            <param index="0">
              <value>
                <![CDATA[https://aimood-stage1.intary.net/en/reset-password-2]]>
              </value>
            </param>
            <param index="1">
              <value>
                <![CDATA[Screenshots_St1/]]>
              </value>
            </param>
          </params>
          <reporter-output>
          </reporter-output>
        </test-method> <!-- allHeaderResetPasswordPage2 -->
        <test-method signature="getStartedHeaderResetPasswordPage2(java.lang.String,java.lang.String)[pri:2, instance:tests.resetPasswordPage2Tests.AllPageFirefoxTests@4722ef0c]" started-at="2023-09-25T10:46:13 EEST" name="getStartedHeaderResetPasswordPage2" finished-at="2023-09-25T10:46:18 EEST" duration-ms="5137" status="PASS">
          <params>
            <param index="0">
              <value>
                <![CDATA[https://aimood-stage1.intary.net/en/reset-password-2]]>
              </value>
            </param>
            <param index="1">
              <value>
                <![CDATA[Screenshots_St1/]]>
              </value>
            </param>
          </params>
          <reporter-output>
          </reporter-output>
        </test-method> <!-- getStartedHeaderResetPasswordPage2 -->
        <test-method is-config="true" signature="setUp()[pri:0, instance:tests.resetPasswordPage2Tests.AllPageFirefoxTests@4722ef0c]" started-at="2023-09-25T10:46:13 EEST" name="setUp" finished-at="2023-09-25T10:46:13 EEST" duration-ms="0" status="PASS">
          <reporter-output>
          </reporter-output>
        </test-method> <!-- setUp -->
        <test-method is-config="true" signature="setUp()[pri:0, instance:tests.resetPasswordPage2Tests.AllPageFirefoxTests@4722ef0c]" started-at="2023-09-25T10:46:18 EEST" name="setUp" finished-at="2023-09-25T10:46:18 EEST" duration-ms="1" status="PASS">
          <reporter-output>
          </reporter-output>
        </test-method> <!-- setUp -->
        <test-method signature="learnHeaderResetPasswordPage2(java.lang.String,java.lang.String)[pri:3, instance:tests.resetPasswordPage2Tests.AllPageFirefoxTests@4722ef0c]" started-at="2023-09-25T10:46:18 EEST" name="learnHeaderResetPasswordPage2" finished-at="2023-09-25T10:46:23 EEST" duration-ms="5112" status="PASS">
          <params>
            <param index="0">
              <value>
                <![CDATA[https://aimood-stage1.intary.net/en/reset-password-2]]>
              </value>
            </param>
            <param index="1">
              <value>
                <![CDATA[Screenshots_St1/]]>
              </value>
            </param>
          </params>
          <reporter-output>
          </reporter-output>
        </test-method> <!-- learnHeaderResetPasswordPage2 -->
        <test-method signature="resourcesHeaderResetPasswordPage2(java.lang.String,java.lang.String)[pri:4, instance:tests.resetPasswordPage2Tests.AllPageFirefoxTests@4722ef0c]" started-at="2023-09-25T10:46:23 EEST" name="resourcesHeaderResetPasswordPage2" finished-at="2023-09-25T10:46:28 EEST" duration-ms="5166" status="PASS">
          <params>
            <param index="0">
              <value>
                <![CDATA[https://aimood-stage1.intary.net/en/reset-password-2]]>
              </value>
            </param>
            <param index="1">
              <value>
                <![CDATA[Screenshots_St1/]]>
              </value>
            </param>
          </params>
          <reporter-output>
          </reporter-output>
        </test-method> <!-- resourcesHeaderResetPasswordPage2 -->
        <test-method is-config="true" signature="setUp()[pri:0, instance:tests.resetPasswordPage2Tests.AllPageFirefoxTests@4722ef0c]" started-at="2023-09-25T10:46:23 EEST" name="setUp" finished-at="2023-09-25T10:46:23 EEST" duration-ms="0" status="PASS">
          <reporter-output>
          </reporter-output>
        </test-method> <!-- setUp -->
        <test-method signature="mainSectionResetPasswordPage2(java.lang.String,java.lang.String)[pri:6, instance:tests.resetPasswordPage2Tests.AllPageFirefoxTests@4722ef0c]" started-at="2023-09-25T10:46:28 EEST" name="mainSectionResetPasswordPage2" finished-at="2023-09-25T10:46:35 EEST" duration-ms="6960" status="PASS">
          <params>
            <param index="0">
              <value>
                <![CDATA[https://aimood-stage1.intary.net/en/reset-password-2]]>
              </value>
            </param>
            <param index="1">
              <value>
                <![CDATA[Screenshots_St1/]]>
              </value>
            </param>
          </params>
          <reporter-output>
          </reporter-output>
        </test-method> <!-- mainSectionResetPasswordPage2 -->
        <test-method is-config="true" signature="setUp()[pri:0, instance:tests.resetPasswordPage2Tests.AllPageFirefoxTests@4722ef0c]" started-at="2023-09-25T10:46:28 EEST" name="setUp" finished-at="2023-09-25T10:46:28 EEST" duration-ms="0" status="PASS">
          <reporter-output>
          </reporter-output>
        </test-method> <!-- setUp -->
        <test-method signature="allFooterResetPasswordPage2(java.lang.String,java.lang.String)[pri:7, instance:tests.resetPasswordPage2Tests.AllPageFirefoxTests@4722ef0c]" started-at="2023-09-25T10:46:35 EEST" name="allFooterResetPasswordPage2" finished-at="2023-09-25T10:46:41 EEST" duration-ms="5990" status="PASS">
          <params>
            <param index="0">
              <value>
                <![CDATA[https://aimood-stage1.intary.net/en/reset-password-2]]>
              </value>
            </param>
            <param index="1">
              <value>
                <![CDATA[Screenshots_St1/]]>
              </value>
            </param>
          </params>
          <reporter-output>
          </reporter-output>
        </test-method> <!-- allFooterResetPasswordPage2 -->
        <test-method is-config="true" signature="setUp()[pri:0, instance:tests.resetPasswordPage2Tests.AllPageFirefoxTests@4722ef0c]" started-at="2023-09-25T10:46:35 EEST" name="setUp" finished-at="2023-09-25T10:46:35 EEST" duration-ms="0" status="PASS">
          <reporter-output>
          </reporter-output>
        </test-method> <!-- setUp -->
        <test-method is-config="true" signature="tearDown()[pri:0, instance:tests.resetPasswordPage2Tests.AllPageFirefoxTests@4722ef0c]" started-at="2023-09-25T10:46:41 EEST" name="tearDown" finished-at="2023-09-25T10:46:43 EEST" duration-ms="1273" status="PASS">
          <reporter-output>
          </reporter-output>
        </test-method> <!-- tearDown -->
      </class> <!-- tests.resetPasswordPage2Tests.AllPageFirefoxTests -->
      <class name="tests.signInPageTests.AllPageChromeTests">
        <test-method is-config="true" signature="setUp()[pri:0, instance:tests.signInPageTests.AllPageChromeTests@1807e3f6]" started-at="2023-09-25T10:48:04 EEST" name="setUp" finished-at="2023-09-25T10:48:05 EEST" duration-ms="800" status="PASS">
          <reporter-output>
          </reporter-output>
        </test-method> <!-- setUp -->
        <test-method signature="allHeaderSignInPage(java.lang.String,java.lang.String)[pri:1, instance:tests.signInPageTests.AllPageChromeTests@1807e3f6]" started-at="2023-09-25T10:48:05 EEST" name="allHeaderSignInPage" finished-at="2023-09-25T10:48:19 EEST" duration-ms="13836" status="PASS">
          <params>
            <param index="0">
              <value>
                <![CDATA[https://aimood-stage1.intary.net/en/login]]>
              </value>
            </param>
            <param index="1">
              <value>
                <![CDATA[Screenshots_St1/]]>
              </value>
            </param>
          </params>
          <reporter-output>
          </reporter-output>
        </test-method> <!-- allHeaderSignInPage -->
        <test-method signature="getStartedHeaderSignInPage(java.lang.String,java.lang.String)[pri:2, instance:tests.signInPageTests.AllPageChromeTests@1807e3f6]" started-at="2023-09-25T10:48:19 EEST" name="getStartedHeaderSignInPage" finished-at="2023-09-25T10:48:25 EEST" duration-ms="6073" status="PASS">
          <params>
            <param index="0">
              <value>
                <![CDATA[https://aimood-stage1.intary.net/en/login]]>
              </value>
            </param>
            <param index="1">
              <value>
                <![CDATA[Screenshots_St1/]]>
              </value>
            </param>
          </params>
          <reporter-output>
          </reporter-output>
        </test-method> <!-- getStartedHeaderSignInPage -->
        <test-method is-config="true" signature="setUp()[pri:0, instance:tests.signInPageTests.AllPageChromeTests@1807e3f6]" started-at="2023-09-25T10:48:19 EEST" name="setUp" finished-at="2023-09-25T10:48:19 EEST" duration-ms="0" status="PASS">
          <reporter-output>
          </reporter-output>
        </test-method> <!-- setUp -->
        <test-method signature="learnHeaderSignInPage(java.lang.String,java.lang.String)[pri:3, instance:tests.signInPageTests.AllPageChromeTests@1807e3f6]" started-at="2023-09-25T10:48:25 EEST" name="learnHeaderSignInPage" finished-at="2023-09-25T10:48:30 EEST" duration-ms="5590" status="PASS">
          <params>
            <param index="0">
              <value>
                <![CDATA[https://aimood-stage1.intary.net/en/login]]>
              </value>
            </param>
            <param index="1">
              <value>
                <![CDATA[Screenshots_St1/]]>
              </value>
            </param>
          </params>
          <reporter-output>
          </reporter-output>
        </test-method> <!-- learnHeaderSignInPage -->
        <test-method is-config="true" signature="setUp()[pri:0, instance:tests.signInPageTests.AllPageChromeTests@1807e3f6]" started-at="2023-09-25T10:48:25 EEST" name="setUp" finished-at="2023-09-25T10:48:25 EEST" duration-ms="0" status="PASS">
          <reporter-output>
          </reporter-output>
        </test-method> <!-- setUp -->
        <test-method signature="resourcesHeaderSignInPage(java.lang.String,java.lang.String)[pri:4, instance:tests.signInPageTests.AllPageChromeTests@1807e3f6]" started-at="2023-09-25T10:48:30 EEST" name="resourcesHeaderSignInPage" finished-at="2023-09-25T10:48:36 EEST" duration-ms="5593" status="PASS">
          <params>
            <param index="0">
              <value>
                <![CDATA[https://aimood-stage1.intary.net/en/login]]>
              </value>
            </param>
            <param index="1">
              <value>
                <![CDATA[Screenshots_St1/]]>
              </value>
            </param>
          </params>
          <reporter-output>
          </reporter-output>
        </test-method> <!-- resourcesHeaderSignInPage -->
        <test-method is-config="true" signature="setUp()[pri:0, instance:tests.signInPageTests.AllPageChromeTests@1807e3f6]" started-at="2023-09-25T10:48:30 EEST" name="setUp" finished-at="2023-09-25T10:48:30 EEST" duration-ms="0" status="PASS">
          <reporter-output>
          </reporter-output>
        </test-method> <!-- setUp -->
        <test-method signature="mainSectionSignInPage(java.lang.String,java.lang.String)[pri:6, instance:tests.signInPageTests.AllPageChromeTests@1807e3f6]" started-at="2023-09-25T10:48:36 EEST" name="mainSectionSignInPage" finished-at="2023-09-25T10:48:44 EEST" duration-ms="7547" status="PASS">
          <params>
            <param index="0">
              <value>
                <![CDATA[https://aimood-stage1.intary.net/en/login]]>
              </value>
            </param>
            <param index="1">
              <value>
                <![CDATA[Screenshots_St1/]]>
              </value>
            </param>
          </params>
          <reporter-output>
          </reporter-output>
        </test-method> <!-- mainSectionSignInPage -->
        <test-method is-config="true" signature="setUp()[pri:0, instance:tests.signInPageTests.AllPageChromeTests@1807e3f6]" started-at="2023-09-25T10:48:36 EEST" name="setUp" finished-at="2023-09-25T10:48:36 EEST" duration-ms="0" status="PASS">
          <reporter-output>
          </reporter-output>
        </test-method> <!-- setUp -->
        <test-method signature="allFooterSignInPage(java.lang.String,java.lang.String)[pri:7, instance:tests.signInPageTests.AllPageChromeTests@1807e3f6]" started-at="2023-09-25T10:48:44 EEST" name="allFooterSignInPage" finished-at="2023-09-25T10:48:50 EEST" duration-ms="6620" status="PASS">
          <params>
            <param index="0">
              <value>
                <![CDATA[https://aimood-stage1.intary.net/en/login]]>
              </value>
            </param>
            <param index="1">
              <value>
                <![CDATA[Screenshots_St1/]]>
              </value>
            </param>
          </params>
          <reporter-output>
          </reporter-output>
        </test-method> <!-- allFooterSignInPage -->
        <test-method is-config="true" signature="setUp()[pri:0, instance:tests.signInPageTests.AllPageChromeTests@1807e3f6]" started-at="2023-09-25T10:48:44 EEST" name="setUp" finished-at="2023-09-25T10:48:44 EEST" duration-ms="0" status="PASS">
          <reporter-output>
          </reporter-output>
        </test-method> <!-- setUp -->
        <test-method is-config="true" signature="tearDown()[pri:0, instance:tests.signInPageTests.AllPageChromeTests@1807e3f6]" started-at="2023-09-25T10:48:50 EEST" name="tearDown" finished-at="2023-09-25T10:48:51 EEST" duration-ms="652" status="PASS">
          <reporter-output>
          </reporter-output>
        </test-method> <!-- tearDown -->
      </class> <!-- tests.signInPageTests.AllPageChromeTests -->
      <class name="tests.walletPageTests.AllPageFirefoxTests">
        <test-method is-config="true" signature="setUp()[pri:0, instance:tests.walletPageTests.AllPageFirefoxTests@43f02ef2]" started-at="2023-09-25T10:36:06 EEST" name="setUp" finished-at="2023-09-25T10:36:08 EEST" duration-ms="2564" status="PASS">
          <reporter-output>
          </reporter-output>
        </test-method> <!-- setUp -->
        <test-method signature="allHeaderWalletPage(java.lang.String,java.lang.String)[pri:1, instance:tests.walletPageTests.AllPageFirefoxTests@43f02ef2]" started-at="2023-09-25T10:36:08 EEST" name="allHeaderWalletPage" finished-at="2023-09-25T10:36:23 EEST" duration-ms="14269" status="PASS">
          <params>
            <param index="0">
              <value>
                <![CDATA[https://aimood-stage1.intary.net/en/the-aimood-wallet]]>
              </value>
            </param>
            <param index="1">
              <value>
                <![CDATA[Screenshots_St1/]]>
              </value>
            </param>
          </params>
          <reporter-output>
          </reporter-output>
        </test-method> <!-- allHeaderWalletPage -->
        <test-method is-config="true" signature="setUp()[pri:0, instance:tests.walletPageTests.AllPageFirefoxTests@43f02ef2]" started-at="2023-09-25T10:36:23 EEST" name="setUp" finished-at="2023-09-25T10:36:23 EEST" duration-ms="1" status="PASS">
          <reporter-output>
          </reporter-output>
        </test-method> <!-- setUp -->
        <test-method signature="getStartedHeaderWalletPage(java.lang.String,java.lang.String)[pri:2, instance:tests.walletPageTests.AllPageFirefoxTests@43f02ef2]" started-at="2023-09-25T10:36:23 EEST" name="getStartedHeaderWalletPage" finished-at="2023-09-25T10:36:28 EEST" duration-ms="5097" status="PASS">
          <params>
            <param index="0">
              <value>
                <![CDATA[https://aimood-stage1.intary.net/en/the-aimood-wallet]]>
              </value>
            </param>
            <param index="1">
              <value>
                <![CDATA[Screenshots_St1/]]>
              </value>
            </param>
          </params>
          <reporter-output>
          </reporter-output>
        </test-method> <!-- getStartedHeaderWalletPage -->
        <test-method signature="learnHeaderWalletPage(java.lang.String,java.lang.String)[pri:3, instance:tests.walletPageTests.AllPageFirefoxTests@43f02ef2]" started-at="2023-09-25T10:36:28 EEST" name="learnHeaderWalletPage" finished-at="2023-09-25T10:36:33 EEST" duration-ms="5076" status="PASS">
          <params>
            <param index="0">
              <value>
                <![CDATA[https://aimood-stage1.intary.net/en/the-aimood-wallet]]>
              </value>
            </param>
            <param index="1">
              <value>
                <![CDATA[Screenshots_St1/]]>
              </value>
            </param>
          </params>
          <reporter-output>
          </reporter-output>
        </test-method> <!-- learnHeaderWalletPage -->
        <test-method is-config="true" signature="setUp()[pri:0, instance:tests.walletPageTests.AllPageFirefoxTests@43f02ef2]" started-at="2023-09-25T10:36:28 EEST" name="setUp" finished-at="2023-09-25T10:36:28 EEST" duration-ms="0" status="PASS">
          <reporter-output>
          </reporter-output>
        </test-method> <!-- setUp -->
        <test-method signature="resourcesHeaderWalletPage(java.lang.String,java.lang.String)[pri:4, instance:tests.walletPageTests.AllPageFirefoxTests@43f02ef2]" started-at="2023-09-25T10:36:33 EEST" name="resourcesHeaderWalletPage" finished-at="2023-09-25T10:36:38 EEST" duration-ms="5172" status="PASS">
          <params>
            <param index="0">
              <value>
                <![CDATA[https://aimood-stage1.intary.net/en/the-aimood-wallet]]>
              </value>
            </param>
            <param index="1">
              <value>
                <![CDATA[Screenshots_St1/]]>
              </value>
            </param>
          </params>
          <reporter-output>
          </reporter-output>
        </test-method> <!-- resourcesHeaderWalletPage -->
[...]
        <test-method signature="getStartedHeaderAccountSettingsPage(java.lang.String,java.lang.String)[pri:3, instance:tests.accountSettingsPageTests.AllPageChromeTests@26abb146]" started-at="2023-09-25T10:52:19 EEST" name="getStartedHeaderAccountSettingsPage" finished-at="2023-09-25T10:52:27 EEST" duration-ms="7704" status="PASS">
          <params>
            <param index="0">
              <value>
                <![CDATA[https://aimood-stage1.intary.net/en/account/settings]]>
              </value>
            </param>
            <param index="1">
              <value>
                <![CDATA[Screenshots_St1/]]>
              </value>
            </param>
          </params>
          <reporter-output>
          </reporter-output>
        </test-method> <!-- getStartedHeaderAccountSettingsPage -->
        <test-method is-config="true" signature="setUp()[pri:0, instance:tests.accountSettingsPageTests.AllPageChromeTests@26abb146]" started-at="2023-09-25T10:52:19 EEST" name="setUp" finished-at="2023-09-25T10:52:19 EEST" duration-ms="0" status="PASS">
          <reporter-output>
          </reporter-output>
        </test-method> <!-- setUp -->
        <test-method signature="learnHeaderAccountSettingsPage(java.lang.String,java.lang.String)[pri:4, instance:tests.accountSettingsPageTests.AllPageChromeTests@26abb146]" started-at="2023-09-25T10:52:27 EEST" name="learnHeaderAccountSettingsPage" finished-at="2023-09-25T10:52:34 EEST" duration-ms="7288" status="PASS">
          <params>
            <param index="0">
              <value>
                <![CDATA[https://aimood-stage1.intary.net/en/account/settings]]>
              </value>
            </param>
            <param index="1">
              <value>
                <![CDATA[Screenshots_St1/]]>
              </value>
            </param>
          </params>
          <reporter-output>
          </reporter-output>
        </test-method> <!-- learnHeaderAccountSettingsPage -->
        <test-method is-config="true" signature="setUp()[pri:0, instance:tests.accountSettingsPageTests.AllPageChromeTests@26abb146]" started-at="2023-09-25T10:52:27 EEST" name="setUp" finished-at="2023-09-25T10:52:27 EEST" duration-ms="0" status="PASS">
          <reporter-output>
          </reporter-output>
        </test-method> <!-- setUp -->
        <test-method signature="resourcesHeaderAccountSettingsPage(java.lang.String,java.lang.String)[pri:5, instance:tests.accountSettingsPageTests.AllPageChromeTests@26abb146]" started-at="2023-09-25T10:52:34 EEST" name="resourcesHeaderAccountSettingsPage" finished-at="2023-09-25T10:52:42 EEST" duration-ms="7306" status="PASS">
          <params>
            <param index="0">
              <value>
                <![CDATA[https://aimood-stage1.intary.net/en/account/settings]]>
              </value>
            </param>
            <param index="1">
              <value>
                <![CDATA[Screenshots_St1/]]>
              </value>
            </param>
          </params>
          <reporter-output>
          </reporter-output>
        </test-method> <!-- resourcesHeaderAccountSettingsPage -->
        <test-method is-config="true" signature="setUp()[pri:0, instance:tests.accountSettingsPageTests.AllPageChromeTests@26abb146]" started-at="2023-09-25T10:52:34 EEST" name="setUp" finished-at="2023-09-25T10:52:34 EEST" duration-ms="0" status="PASS">
          <reporter-output>
          </reporter-output>
        </test-method> <!-- setUp -->
        <test-method signature="notificationsHeaderAccountSettingsPage(java.lang.String,java.lang.String)[pri:7, instance:tests.accountSettingsPageTests.AllPageChromeTests@26abb146]" started-at="2023-09-25T10:52:42 EEST" name="notificationsHeaderAccountSettingsPage" finished-at="2023-09-25T10:52:49 EEST" duration-ms="7243" status="PASS">
          <params>
            <param index="0">
              <value>
                <![CDATA[https://aimood-stage1.intary.net/en/account/settings]]>
              </value>
            </param>
            <param index="1">
              <value>
                <![CDATA[Screenshots_St1/]]>
              </value>
            </param>
          </params>
          <reporter-output>
          </reporter-output>
        </test-method> <!-- notificationsHeaderAccountSettingsPage -->
        <test-method is-config="true" signature="setUp()[pri:0, instance:tests.accountSettingsPageTests.AllPageChromeTests@26abb146]" started-at="2023-09-25T10:52:42 EEST" name="setUp" finished-at="2023-09-25T10:52:42 EEST" duration-ms="0" status="PASS">
          <reporter-output>
          </reporter-output>
        </test-method> <!-- setUp -->
        <test-method signature="profileHeaderAccountSettingsPage(java.lang.String,java.lang.String)[pri:8, instance:tests.accountSettingsPageTests.AllPageChromeTests@26abb146]" started-at="2023-09-25T10:52:49 EEST" name="profileHeaderAccountSettingsPage" finished-at="2023-09-25T10:52:56 EEST" duration-ms="7328" status="PASS">
          <params>
            <param index="0">
              <value>
                <![CDATA[https://aimood-stage1.intary.net/en/account/settings]]>
              </value>
            </param>
            <param index="1">
              <value>
                <![CDATA[Screenshots_St1/]]>
              </value>
            </param>
          </params>
          <reporter-output>
          </reporter-output>
        </test-method> <!-- profileHeaderAccountSettingsPage -->
        <test-method is-config="true" signature="setUp()[pri:0, instance:tests.accountSettingsPageTests.AllPageChromeTests@26abb146]" started-at="2023-09-25T10:52:49 EEST" name="setUp" finished-at="2023-09-25T10:52:49 EEST" duration-ms="0" status="PASS">
          <reporter-output>
          </reporter-output>
        </test-method> <!-- setUp -->
        <test-method signature="mainSectionAccountSettingsPage(java.lang.String,java.lang.String)[pri:9, instance:tests.accountSettingsPageTests.AllPageChromeTests@26abb146]" started-at="2023-09-25T10:52:56 EEST" name="mainSectionAccountSettingsPage" finished-at="2023-09-25T10:53:03 EEST" duration-ms="7138" status="FAIL">
          <params>
            <param index="0">
              <value>
                <![CDATA[https://aimood-stage1.intary.net/en/account/settings]]>
              </value>
            </param>
            <param index="1">
              <value>
                <![CDATA[Screenshots_St1/]]>
              </value>
            </param>
          </params>
          <exception class="java.lang.AssertionError">
            <message>
              <![CDATA[*** Images are not similar *** expected [true] but found [false]]]>
            </message>
            <full-stacktrace>
              <![CDATA[java.lang.AssertionError: *** Images are not similar *** expected [true] but found [false]
at org.testng.Assert.fail(Assert.java:111)
at org.testng.Assert.failNotEquals(Assert.java:1578)
at org.testng.Assert.assertTrue(Assert.java:57)
at pages.pixel_perfect.PixelPerfectAssert.byElement(PixelPerfectAssert.java:109)
at tests.accountSettingsPageTests.AllPageChromeTests.mainSectionAccountSettingsPage(AllPageChromeTests.java:179)
at java.base/jdk.internal.reflect.NativeMethodAccessorImpl.invoke0(Native Method)
at java.base/jdk.internal.reflect.NativeMethodAccessorImpl.invoke(NativeMethodAccessorImpl.java:62)
at java.base/jdk.internal.reflect.DelegatingMethodAccessorImpl.invoke(DelegatingMethodAccessorImpl.java:43)
at java.base/java.lang.reflect.Method.invoke(Method.java:566)
at org.testng.internal.invokers.MethodInvocationHelper.invokeMethod(MethodInvocationHelper.java:139)
at org.testng.internal.invokers.TestInvoker.invokeMethod(TestInvoker.java:664)
at org.testng.internal.invokers.TestInvoker.invokeTestMethod(TestInvoker.java:227)
at org.testng.internal.invokers.MethodRunner.runInSequence(MethodRunner.java:50)
at org.testng.internal.invokers.TestInvoker$MethodInvocationAgent.invoke(TestInvoker.java:957)
at org.testng.internal.invokers.TestInvoker.invokeTestMethods(TestInvoker.java:200)
at org.testng.internal.invokers.TestMethodWorker.invokeTestMethods(TestMethodWorker.java:148)
at org.testng.internal.invokers.TestMethodWorker.run(TestMethodWorker.java:128)
at java.base/java.util.ArrayList.forEach(ArrayList.java:1540)
at org.testng.TestRunner.privateRun(TestRunner.java:848)
at org.testng.TestRunner.run(TestRunner.java:621)
at org.testng.SuiteRunner.runTest(SuiteRunner.java:443)
at org.testng.SuiteRunner.runSequentially(SuiteRunner.java:437)
at org.testng.SuiteRunner.privateRun(SuiteRunner.java:397)
at org.testng.SuiteRunner.run(SuiteRunner.java:336)
at org.testng.SuiteRunnerWorker.runSuite(SuiteRunnerWorker.java:52)
at org.testng.SuiteRunnerWorker.run(SuiteRunnerWorker.java:95)
at org.testng.TestNG.runSuitesSequentially(TestNG.java:1280)
at org.testng.TestNG.runSuitesLocally(TestNG.java:1200)
at org.testng.TestNG.runSuites(TestNG.java:1114)
at org.testng.TestNG.run(TestNG.java:1082)
at org.apache.maven.surefire.testng.TestNGExecutor.run(TestNGExecutor.java:284)
at org.apache.maven.surefire.testng.TestNGXmlTestSuite.execute(TestNGXmlTestSuite.java:75)
at org.apache.maven.surefire.testng.TestNGProvider.invoke(TestNGProvider.java:119)
at org.apache.maven.surefire.booter.ForkedBooter.runSuitesInProcess(ForkedBooter.java:428)
at org.apache.maven.surefire.booter.ForkedBooter.execute(ForkedBooter.java:162)
at org.apache.maven.surefire.booter.ForkedBooter.run(ForkedBooter.java:562)
at org.apache.maven.surefire.booter.ForkedBooter.main(ForkedBooter.java:548)
]]>
            </full-stacktrace>
          </exception> <!-- java.lang.AssertionError -->
          <reporter-output>
          </reporter-output>
        </test-method> <!-- mainSectionAccountSettingsPage -->
        <test-method is-config="true" signature="setUp()[pri:0, instance:tests.accountSettingsPageTests.AllPageChromeTests@26abb146]" started-at="2023-09-25T10:52:56 EEST" name="setUp" finished-at="2023-09-25T10:52:56 EEST" duration-ms="0" status="PASS">
          <reporter-output>
          </reporter-output>
        </test-method> <!-- setUp -->
        <test-method signature="allFooterAccountSettingsPage(java.lang.String,java.lang.String)[pri:10, instance:tests.accountSettingsPageTests.AllPageChromeTests@26abb146]" started-at="2023-09-25T10:53:03 EEST" name="allFooterAccountSettingsPage" finished-at="2023-09-25T10:53:10 EEST" duration-ms="6449" status="PASS">
          <params>
            <param index="0">
              <value>
                <![CDATA[https://aimood-stage1.intary.net/en/account/settings]]>
              </value>
            </param>
            <param index="1">
              <value>
                <![CDATA[Screenshots_St1/]]>
              </value>
            </param>
          </params>
          <reporter-output>
          </reporter-output>
        </test-method> <!-- allFooterAccountSettingsPage -->
        <test-method is-config="true" signature="setUp()[pri:0, instance:tests.accountSettingsPageTests.AllPageChromeTests@26abb146]" started-at="2023-09-25T10:53:03 EEST" name="setUp" finished-at="2023-09-25T10:53:03 EEST" duration-ms="0" status="PASS">
          <reporter-output>
          </reporter-output>
        </test-method> <!-- setUp -->
        <test-method is-config="true" signature="tearDown()[pri:0, instance:tests.accountSettingsPageTests.AllPageChromeTests@26abb146]" started-at="2023-09-25T10:53:10 EEST" name="tearDown" finished-at="2023-09-25T10:53:11 EEST" duration-ms="687" status="PASS">
          <reporter-output>
          </reporter-output>
        </test-method> <!-- tearDown -->
      </class> <!-- tests.accountSettingsPageTests.AllPageChromeTests -->
      <class name="tests.whitePaper.WhitePaperChromeTests">
        <test-method is-config="true" signature="setUp()[pri:0, instance:tests.whitePaper.WhitePaperChromeTests@5f8e8a9d]" started-at="2023-09-25T10:41:45 EEST" name="setUp" finished-at="2023-09-25T10:41:46 EEST" duration-ms="813" status="PASS">
          <reporter-output>
          </reporter-output>
        </test-method> <!-- setUp -->
        <test-method signature="allHeaderWhitePaperPage(java.lang.String,java.lang.String)[pri:1, instance:tests.whitePaper.WhitePaperChromeTests@5f8e8a9d]" started-at="2023-09-25T10:41:46 EEST" name="allHeaderWhitePaperPage" finished-at="2023-09-25T10:42:00 EEST" duration-ms="13822" status="PASS">
          <params>
            <param index="0">
              <value>
                <![CDATA[https://aimood-stage1.intary.net/en/white-paper]]>
              </value>
            </param>
            <param index="1">
              <value>
                <![CDATA[Screenshots_St1/]]>
              </value>
            </param>
          </params>
          <reporter-output>
          </reporter-output>
        </test-method> <!-- allHeaderWhitePaperPage -->
        <test-method is-config="true" signature="setUp()[pri:0, instance:tests.whitePaper.WhitePaperChromeTests@5f8e8a9d]" started-at="2023-09-25T10:42:00 EEST" name="setUp" finished-at="2023-09-25T10:42:00 EEST" duration-ms="1" status="PASS">
          <reporter-output>
          </reporter-output>
        </test-method> <!-- setUp -->
        <test-method signature="getStartedHeaderWhitePaperPage(java.lang.String,java.lang.String)[pri:2, instance:tests.whitePaper.WhitePaperChromeTests@5f8e8a9d]" started-at="2023-09-25T10:42:00 EEST" name="getStartedHeaderWhitePaperPage" finished-at="2023-09-25T10:42:06 EEST" duration-ms="6428" status="PASS">
          <params>
            <param index="0">
              <value>
                <![CDATA[https://aimood-stage1.intary.net/en/white-paper]]>
              </value>
            </param>
            <param index="1">
              <value>
                <![CDATA[Screenshots_St1/]]>
              </value>
            </param>
          </params>
          <reporter-output>
          </reporter-output>
        </test-method> <!-- getStartedHeaderWhitePaperPage -->
        <test-method is-config="true" signature="setUp()[pri:0, instance:tests.whitePaper.WhitePaperChromeTests@5f8e8a9d]" started-at="2023-09-25T10:42:06 EEST" name="setUp" finished-at="2023-09-25T10:42:06 EEST" duration-ms="1" status="PASS">
          <reporter-output>
          </reporter-output>
        </test-method> <!-- setUp -->
        <test-method signature="learnHeaderWhitePaperPage(java.lang.String,java.lang.String)[pri:3, instance:tests.whitePaper.WhitePaperChromeTests@5f8e8a9d]" started-at="2023-09-25T10:42:06 EEST" name="learnHeaderWhitePaperPage" finished-at="2023-09-25T10:42:12 EEST" duration-ms="6309" status="PASS">
          <params>
            <param index="0">
              <value>
                <![CDATA[https://aimood-stage1.intary.net/en/white-paper]]>
              </value>
            </param>
            <param index="1">
              <value>
                <![CDATA[Screenshots_St1/]]>
              </value>
            </param>
          </params>
          <reporter-output>
          </reporter-output>
        </test-method> <!-- learnHeaderWhitePaperPage -->
        <test-method is-config="true" signature="setUp()[pri:0, instance:tests.whitePaper.WhitePaperChromeTests@5f8e8a9d]" started-at="2023-09-25T10:42:12 EEST" name="setUp" finished-at="2023-09-25T10:42:12 EEST" duration-ms="1" status="PASS">
          <reporter-output>
          </reporter-output>
        </test-method> <!-- setUp -->
        <test-method signature="resourcesHeaderWhitePaperPage(java.lang.String,java.lang.String)[pri:4, instance:tests.whitePaper.WhitePaperChromeTests@5f8e8a9d]" started-at="2023-09-25T10:42:12 EEST" name="resourcesHeaderWhitePaperPage" finished-at="2023-09-25T10:42:19 EEST" duration-ms="6271" status="PASS">
          <params>
            <param index="0">
              <value>
                <![CDATA[https://aimood-stage1.intary.net/en/white-paper]]>
              </value>
            </param>
            <param index="1">
              <value>
                <![CDATA[Screenshots_St1/]]>
              </value>
            </param>
          </params>
          <reporter-output>
          </reporter-output>
        </test-method> <!-- resourcesHeaderWhitePaperPage -->
        <test-method signature="mainBlockWhitePaperPage(java.lang.String,java.lang.String)[pri:5, instance:tests.whitePaper.WhitePaperChromeTests@5f8e8a9d]" started-at="2023-09-25T10:42:19 EEST" name="mainBlockWhitePaperPage" finished-at="2023-09-25T10:42:25 EEST" duration-ms="6323" status="PASS">
          <params>
            <param index="0">
              <value>
                <![CDATA[https://aimood-stage1.intary.net/en/white-paper]]>
              </value>
            </param>
            <param index="1">
              <value>
                <![CDATA[Screenshots_St1/]]>
              </value>
            </param>
          </params>
          <reporter-output>
          </reporter-output>
        </test-method> <!-- mainBlockWhitePaperPage -->
        <test-method is-config="true" signature="setUp()[pri:0, instance:tests.whitePaper.WhitePaperChromeTests@5f8e8a9d]" started-at="2023-09-25T10:42:19 EEST" name="setUp" finished-at="2023-09-25T10:42:19 EEST" duration-ms="0" status="PASS">
          <reporter-output>
          </reporter-output>
        </test-method> <!-- setUp -->
        <test-method signature="EweuimtPage(java.lang.String,java.lang.String)[pri:6, instance:tests.whitePaper.WhitePaperChromeTests@5f8e8a9d]" started-at="2023-09-25T10:42:25 EEST" name="EweuimtPage" finished-at="2023-09-25T10:42:32 EEST" duration-ms="6810" status="PASS">
          <params>
            <param index="0">
              <value>
                <![CDATA[https://aimood-stage1.intary.net/en/white-paper]]>
              </value>
            </param>
            <param index="1">
              <value>
                <![CDATA[Screenshots_St1/]]>
              </value>
            </param>
          </params>
          <reporter-output>
          </reporter-output>
        </test-method> <!-- EweuimtPage -->
        <test-method is-config="true" signature="setUp()[pri:0, instance:tests.whitePaper.WhitePaperChromeTests@5f8e8a9d]" started-at="2023-09-25T10:42:25 EEST" name="setUp" finished-at="2023-09-25T10:42:25 EEST" duration-ms="0" status="PASS">
          <reporter-output>
          </reporter-output>
        </test-method> <!-- setUp -->
        <test-method signature="allFooterWhitePaperPage(java.lang.String,java.lang.String)[pri:7, instance:tests.whitePaper.WhitePaperChromeTests@5f8e8a9d]" started-at="2023-09-25T10:42:32 EEST" name="allFooterWhitePaperPage" finished-at="2023-09-25T10:42:38 EEST" duration-ms="6383" status="PASS">
          <params>
            <param index="0">
              <value>
                <![CDATA[https://aimood-stage1.intary.net/en/white-paper]]>
              </value>
            </param>
            <param index="1">
              <value>
                <![CDATA[Screenshots_St1/]]>
              </value>
            </param>
          </params>
          <reporter-output>
          </reporter-output>
        </test-method> <!-- allFooterWhitePaperPage -->
        <test-method is-config="true" signature="setUp()[pri:0, instance:tests.whitePaper.WhitePaperChromeTests@5f8e8a9d]" started-at="2023-09-25T10:42:32 EEST" name="setUp" finished-at="2023-09-25T10:42:32 EEST" duration-ms="0" status="PASS">
          <reporter-output>
          </reporter-output>
        </test-method> <!-- setUp -->
        <test-method is-config="true" signature="tearDown()[pri:0, instance:tests.whitePaper.WhitePaperChromeTests@5f8e8a9d]" started-at="2023-09-25T10:42:38 EEST" name="tearDown" finished-at="2023-09-25T10:42:39 EEST" duration-ms="654" status="PASS">
          <reporter-output>
          </reporter-output>
        </test-method> <!-- tearDown -->
      </class> <!-- tests.whitePaper.WhitePaperChromeTests -->
    </test> <!-- ai-mood - Pixel perfect regression -->
  </suite> <!-- WPT -->
</testng-results>
