<?xml version="1.0" encoding="UTF-8"?>
<testng-results ignored="0" total="1" passed="1" failed="0" skipped="0">
  <reporter-output>
  </reporter-output>
  <suite started-at="2023-08-03T16:46:55 EEST" name="WPT" finished-at="2023-08-03T16:47:10 EEST" duration-ms="15319">
    <groups>
    </groups>
    <test started-at="2023-08-03T16:46:55 EEST" name="ai-mood - Pixel perfect regression" finished-at="2023-08-03T16:47:10 EEST" duration-ms="15319">
      <class name="tests.mainPageTests.AllPageChromeTests">
        <test-method is-config="true" signature="setUp()[pri:0, instance:tests.mainPageTests.AllPageChromeTests@1de76cc7]" started-at="2023-08-03T16:46:55 EEST" name="setUp" finished-at="2023-08-03T16:46:58 EEST" duration-ms="2970" status="PASS">
          <reporter-output>
          </reporter-output>
        </test-method> <!-- setUp -->
        <test-method signature="allHeaderMainPage(java.lang.String,java.lang.String)[pri:1, instance:tests.mainPageTests.AllPageChromeTests@1de76cc7]" started-at="2023-08-03T16:46:58 EEST" name="allHeaderMainPage" finished-at="2023-08-03T16:47:09 EEST" duration-ms="11636" status="PASS">
          <params>
            <param index="0">
              <value>
                <![CDATA[https://ai-mood.com/en]]>
              </value>
            </param>
            <param index="1">
              <value>
                <![CDATA[Screenshots/]]>
              </value>
            </param>
          </params>
          <reporter-output>
          </reporter-output>
        </test-method> <!-- allHeaderMainPage -->
        <test-method is-config="true" signature="tearDown()[pri:0, instance:tests.mainPageTests.AllPageChromeTests@1de76cc7]" started-at="2023-08-03T16:47:09 EEST" name="tearDown" finished-at="2023-08-03T16:47:10 EEST" duration-ms="678" status="PASS">
          <reporter-output>
          </reporter-output>
        </test-method> <!-- tearDown -->
      </class> <!-- tests.mainPageTests.AllPageChromeTests -->
    </test> <!-- ai-mood - Pixel perfect regression -->
  </suite> <!-- WPT -->
</testng-results>
