-------------------------------------------------------------------------------
Test set: TestSuite
-------------------------------------------------------------------------------
Tests run: 30, Failures: 5, Errors: 0, Skipped: 10, Time elapsed: 188.618 s <<< FAILURE! - in TestSuite
tests.marketPlacePageTests.AllPageFirefoxTests.getStartedHeaderMarketPlacePage[https://ai-mood.com/en/market-place, Screenshots/](3)  Time elapsed: 6.531 s  <<< FAILURE!
java.lang.AssertionError: *** Images are not similar *** expected [true] but found [false]
	at tests.marketPlacePageTests.AllPageFirefoxTests.getStartedHeaderMarketPlacePage(AllPageFirefoxTests.java:44)

tests.marketPlacePageTests.AllPageFirefoxTests.resourcesHeaderMarketPlacePage[https://ai-mood.com/en/market-place, Screenshots/](3)  Time elapsed: 6.449 s  <<< FAILURE!
java.lang.AssertionError: *** Images are not similar *** expected [true] but found [false]
	at tests.marketPlacePageTests.AllPageFirefoxTests.resourcesHeaderMarketPlacePage(AllPageFirefoxTests.java:80)

tests.marketPlacePageTests.AllPageChromeTests.getStartedHeaderMarketPlacePage[https://ai-mood.com/en/market-place, Screenshots/](3)  Time elapsed: 6.752 s  <<< FAILURE!
java.lang.AssertionError: *** Images are not similar *** expected [true] but found [false]
	at tests.marketPlacePageTests.AllPageChromeTests.getStartedHeaderMarketPlacePage(AllPageChromeTests.java:45)

tests.marketPlacePageTests.AllPageChromeTests.learnHeaderMarketPlacePage[https://ai-mood.com/en/market-place, Screenshots/](3)  Time elapsed: 6.749 s  <<< FAILURE!
java.lang.AssertionError: *** Images are not similar *** expected [true] but found [false]
	at tests.marketPlacePageTests.AllPageChromeTests.learnHeaderMarketPlacePage(AllPageChromeTests.java:63)

tests.marketPlacePageTests.AllPageChromeTests.resourcesHeaderMarketPlacePage[https://ai-mood.com/en/market-place, Screenshots/](3)  Time elapsed: 6.733 s  <<< FAILURE!
java.lang.AssertionError: *** Images are not similar *** expected [true] but found [false]
	at tests.marketPlacePageTests.AllPageChromeTests.resourcesHeaderMarketPlacePage(AllPageChromeTests.java:81)

