<?xml version="1.0" encoding="UTF-8"?>
<testsuite xmlns:xsi="http://www.w3.org/2001/XMLSchema-instance" xsi:noNamespaceSchemaLocation="https://maven.apache.org/surefire/maven-surefire-plugin/xsd/surefire-test-report-3.0.xsd" version="3.0" name="TestSuite" time="2,527.968" tests="274" errors="0" skipped="0" failures="90">
  <properties>
[...]
</properties>
  <testcase name="allHeaderMainPage[https://aimood-stage1.intary.net/en/, Screenshots_St1/](1)" classname="tests.mainPageTests.AllPageFirefoxTests" time="21.506">
    <system-out><![CDATA[The two images are similar.
]]></system-out>
    <system-err><![CDATA[SLF4J: Failed to load class "org.slf4j.impl.StaticLoggerBinder".
SLF4J: Defaulting to no-operation (NOP) logger implementation
SLF4J: See http://www.slf4j.org/codes.html#StaticLoggerBinder for further details.
]]></system-err>
  </testcase>
  <testcase name="getStartedHeaderMainPage[https://aimood-stage1.intary.net/en/, Screenshots_St1/](1)" classname="tests.mainPageTests.AllPageFirefoxTests" time="6.043">
    <system-out><![CDATA[The two images are similar.
]]></system-out>
  </testcase>
  <testcase name="learnHeaderMainPage[https://aimood-stage1.intary.net/en/, Screenshots_St1/](1)" classname="tests.mainPageTests.AllPageFirefoxTests" time="5.601">
    <failure message="*** Images are not similar *** expected [true] but found [false]" type="java.lang.AssertionError"><![CDATA[java.lang.AssertionError: *** Images are not similar *** expected [true] but found [false]
	at tests.mainPageTests.AllPageFirefoxTests.learnHeaderMainPage(AllPageFirefoxTests.java:62)
]]></failure>
    <system-out><![CDATA[The two images are not similar.
Difference found. See the file D:\jenkins-agent-data\workspace\pixelPerfectMultiPlatform_AI_Mood_St1\Screenshots_St1\Main_page\EnFirefox\Screenshots_learnHeaderMainPage\difference.png for details.
]]></system-out>
  </testcase>
  <testcase name="resourcesHeaderMainPage[https://aimood-stage1.intary.net/en/, Screenshots_St1/](1)" classname="tests.mainPageTests.AllPageFirefoxTests" time="6.463">
    <system-out><![CDATA[The two images are similar.
]]></system-out>
  </testcase>
  <testcase name="mainSectionMainPage[https://aimood-stage1.intary.net/en/, Screenshots_St1/](1)" classname="tests.mainPageTests.AllPageFirefoxTests" time="7.565">
    <system-out><![CDATA[The two images are similar.
]]></system-out>
  </testcase>
  <testcase name="videoSectionMainPage[https://aimood-stage1.intary.net/en/, Screenshots_St1/](1)" classname="tests.mainPageTests.AllPageFirefoxTests" time="7.33">
    <system-out><![CDATA[The two images are similar.
]]></system-out>
  </testcase>
  <testcase name="roadmapSectionMainPage[https://aimood-stage1.intary.net/en/, Screenshots_St1/](1)" classname="tests.mainPageTests.AllPageFirefoxTests" time="6.905">
    <failure message="*** Images are not similar *** expected [true] but found [false]" type="java.lang.AssertionError"><![CDATA[java.lang.AssertionError: *** Images are not similar *** expected [true] but found [false]
	at tests.mainPageTests.AllPageFirefoxTests.roadmapSectionMainPage(AllPageFirefoxTests.java:154)
]]></failure>
    <system-out><![CDATA[The two images are not similar.
Difference found. See the file D:\jenkins-agent-data\workspace\pixelPerfectMultiPlatform_AI_Mood_St1\Screenshots_St1\Main_page\EnFirefox\Screenshots_roadmapSectionMainPage\difference.png for details.
]]></system-out>
  </testcase>
  <testcase name="statisticsSectionMainPage[https://aimood-stage1.intary.net/en/, Screenshots_St1/](1)" classname="tests.mainPageTests.AllPageFirefoxTests" time="7.95">
    <system-out><![CDATA[888
3.14
1703
777
The two images are similar.
]]></system-out>
  </testcase>
  <testcase name="leaningSectionMainPage[https://aimood-stage1.intary.net/en/, Screenshots_St1/](1)" classname="tests.mainPageTests.AllPageFirefoxTests" time="7.193">
    <system-out><![CDATA[The two images are similar.
]]></system-out>
  </testcase>
  <testcase name="allFooterMainPage[https://aimood-stage1.intary.net/en/, Screenshots_St1/](1)" classname="tests.mainPageTests.AllPageFirefoxTests" time="7.219">
    <failure message="*** Images are not similar *** expected [true] but found [false]" type="java.lang.AssertionError"><![CDATA[java.lang.AssertionError: *** Images are not similar *** expected [true] but found [false]
	at tests.mainPageTests.AllPageFirefoxTests.allFooterMainPage(AllPageFirefoxTests.java:217)
]]></failure>
    <system-out><![CDATA[The two images are not similar.
Difference found. See the file D:\jenkins-agent-data\workspace\pixelPerfectMultiPlatform_AI_Mood_St1\Screenshots_St1\Main_page\EnFirefox\Screenshots_allFooterMainPage\difference.png for details.
]]></system-out>
  </testcase>
  <testcase name="allHeaderMainPage[https://aimood-stage1.intary.net/en/, Screenshots_St1/](1)" classname="tests.mainPageTests.AllPageChromeTests" time="19.614">
    <system-out><![CDATA[The two images are similar.
]]></system-out>
    <system-err><![CDATA[жовт. 04, 2023 10:28:34 ДП org.openqa.selenium.devtools.CdpVersionFinder findNearestMatch
WARNING: Unable to find an exact match for CDP version 117, so returning the closest version found: 115
]]></system-err>
  </testcase>
  <testcase name="getStartedHeaderMainPage[https://aimood-stage1.intary.net/en/, Screenshots_St1/](1)" classname="tests.mainPageTests.AllPageChromeTests" time="5.596">
    <system-out><![CDATA[The two images are similar.
]]></system-out>
  </testcase>
  <testcase name="learnHeaderMainPage[https://aimood-stage1.intary.net/en/, Screenshots_St1/](1)" classname="tests.mainPageTests.AllPageChromeTests" time="8.938">
    <failure message="*** Images are not similar *** expected [true] but found [false]" type="java.lang.AssertionError"><![CDATA[java.lang.AssertionError: *** Images are not similar *** expected [true] but found [false]
	at tests.mainPageTests.AllPageChromeTests.learnHeaderMainPage(AllPageChromeTests.java:62)
]]></failure>
    <system-out><![CDATA[The two images are not similar.
Difference found. See the file D:\jenkins-agent-data\workspace\pixelPerfectMultiPlatform_AI_Mood_St1\Screenshots_St1\Main_page\EnChrome\Screenshots_learnHeaderMainPage\difference.png for details.
]]></system-out>
  </testcase>
  <testcase name="resourcesHeaderMainPage[https://aimood-stage1.intary.net/en/, Screenshots_St1/](1)" classname="tests.mainPageTests.AllPageChromeTests" time="5.483">
    <system-out><![CDATA[The two images are similar.
]]></system-out>
  </testcase>
  <testcase name="mainSectionMainPage[https://aimood-stage1.intary.net/en/, Screenshots_St1/](1)" classname="tests.mainPageTests.AllPageChromeTests" time="7.499">
    <system-out><![CDATA[The two images are similar.
]]></system-out>
  </testcase>
  <testcase name="videoSectionMainPage[https://aimood-stage1.intary.net/en/, Screenshots_St1/](1)" classname="tests.mainPageTests.AllPageChromeTests" time="7.955">
    <system-out><![CDATA[The two images are similar.
]]></system-out>
  </testcase>
  <testcase name="roadmapSectionMainPage[https://aimood-stage1.intary.net/en/, Screenshots_St1/](1)" classname="tests.mainPageTests.AllPageChromeTests" time="10.547">
    <failure message="*** Images are not similar *** expected [true] but found [false]" type="java.lang.AssertionError"><![CDATA[java.lang.AssertionError: *** Images are not similar *** expected [true] but found [false]
	at tests.mainPageTests.AllPageChromeTests.roadmapSectionMainPage(AllPageChromeTests.java:154)
]]></failure>
    <system-out><![CDATA[The two images are not similar.
Difference found. See the file D:\jenkins-agent-data\workspace\pixelPerfectMultiPlatform_AI_Mood_St1\Screenshots_St1\Main_page\EnChrome\Screenshots_roadmapSectionMainPage\difference.png for details.
]]></system-out>
  </testcase>
  <testcase name="statisticsSectionMainPage[https://aimood-stage1.intary.net/en/, Screenshots_St1/](1)" classname="tests.mainPageTests.AllPageChromeTests" time="12.333">
    <system-out><![CDATA[888
3.14
1703
777
The two images are similar.
]]></system-out>
  </testcase>
  <testcase name="leaningSectionMainPage[https://aimood-stage1.intary.net/en/, Screenshots_St1/](1)" classname="tests.mainPageTests.AllPageChromeTests" time="10.259">
    <system-out><![CDATA[The two images are similar.
]]></system-out>
  </testcase>
  <testcase name="allFooterMainPage[https://aimood-stage1.intary.net/en/, Screenshots_St1/](1)" classname="tests.mainPageTests.AllPageChromeTests" time="6.151">
    <failure message="*** Images are not similar *** expected [true] but found [false]" type="java.lang.AssertionError"><![CDATA[java.lang.AssertionError: *** Images are not similar *** expected [true] but found [false]
	at tests.mainPageTests.AllPageChromeTests.allFooterMainPage(AllPageChromeTests.java:217)
]]></failure>
    <system-out><![CDATA[The two images are not similar.
Difference found. See the file D:\jenkins-agent-data\workspace\pixelPerfectMultiPlatform_AI_Mood_St1\Screenshots_St1\Main_page\EnChrome\Screenshots_allFooterMainPage\difference.png for details.
]]></system-out>
  </testcase>
  <testcase name="allHeaderMarketPlacePage[https://aimood-stage1.intary.net/en/market-place, Screenshots_St1/](1)" classname="tests.marketPlacePageTests.AllPageFirefoxTests" time="14.788">
    <system-out><![CDATA[The two images are similar.
]]></system-out>
  </testcase>
  <testcase name="getStartedHeaderMarketPlacePage[https://aimood-stage1.intary.net/en/market-place, Screenshots_St1/](1)" classname="tests.marketPlacePageTests.AllPageFirefoxTests" time="6.699">
    <system-out><![CDATA[The two images are similar.
]]></system-out>
  </testcase>
  <testcase name="learnHeaderMarketPlacePage[https://aimood-stage1.intary.net/en/market-place, Screenshots_St1/](1)" classname="tests.marketPlacePageTests.AllPageFirefoxTests" time="6.135">
    <failure message="*** Images are not similar *** expected [true] but found [false]" type="java.lang.AssertionError"><![CDATA[java.lang.AssertionError: *** Images are not similar *** expected [true] but found [false]
	at tests.marketPlacePageTests.AllPageFirefoxTests.learnHeaderMarketPlacePage(AllPageFirefoxTests.java:62)
]]></failure>
    <system-out><![CDATA[The two images are not similar.
Difference found. See the file D:\jenkins-agent-data\workspace\pixelPerfectMultiPlatform_AI_Mood_St1\Screenshots_St1\MarketPlace_page\EnFirefox\Screenshots_learnHeaderMarketPlacePage\difference.png for details.
]]></system-out>
  </testcase>
  <testcase name="resourcesHeaderMarketPlacePage[https://aimood-stage1.intary.net/en/market-place, Screenshots_St1/](1)" classname="tests.marketPlacePageTests.AllPageFirefoxTests" time="6.802">
    <system-out><![CDATA[The two images are similar.
]]></system-out>
  </testcase>
  <testcase name="mainSectionMarketPlacePage[https://aimood-stage1.intary.net/en/market-place, Screenshots_St1/](1)" classname="tests.marketPlacePageTests.AllPageFirefoxTests" time="7.708">
    <system-out><![CDATA[The two images are similar.
]]></system-out>
  </testcase>
  <testcase name="statisticsSectionMarketPlacePage[https://aimood-stage1.intary.net/en/market-place, Screenshots_St1/](1)" classname="tests.marketPlacePageTests.AllPageFirefoxTests" time="7">
    <system-out><![CDATA[The two images are similar.
]]></system-out>
  </testcase>
  <testcase name="allFooterMarketPlacePage[https://aimood-stage1.intary.net/en/market-place, Screenshots_St1/](1)" classname="tests.marketPlacePageTests.AllPageFirefoxTests" time="6.216">
    <failure message="*** Images are not similar *** expected [true] but found [false]" type="java.lang.AssertionError"><![CDATA[java.lang.AssertionError: *** Images are not similar *** expected [true] but found [false]
	at tests.marketPlacePageTests.AllPageFirefoxTests.allFooterMarketPlacePage(AllPageFirefoxTests.java:156)
]]></failure>
    <system-out><![CDATA[The two images are not similar.
Difference found. See the file D:\jenkins-agent-data\workspace\pixelPerfectMultiPlatform_AI_Mood_St1\Screenshots_St1\MarketPlace_page\EnFirefox\Screenshots_allFooterMarketPlacePage\difference.png for details.
]]></system-out>
  </testcase>
  <testcase name="allHeaderMarketPlacePage[https://aimood-stage1.intary.net/en/market-place, Screenshots_St1/](1)" classname="tests.marketPlacePageTests.AllPageChromeTests" time="10.887">
    <system-out><![CDATA[The two images are similar.
]]></system-out>
    <system-err><![CDATA[жовт. 04, 2023 10:31:09 ДП org.openqa.selenium.devtools.CdpVersionFinder findNearestMatch
WARNING: Unable to find an exact match for CDP version 117, so returning the closest version found: 115
]]></system-err>
  </testcase>
  <testcase name="getStartedHeaderMarketPlacePage[https://aimood-stage1.intary.net/en/market-place, Screenshots_St1/](1)" classname="tests.marketPlacePageTests.AllPageChromeTests" time="6.706">
    <system-out><![CDATA[The two images are similar.
]]></system-out>
  </testcase>
  <testcase name="learnHeaderMarketPlacePage[https://aimood-stage1.intary.net/en/market-place, Screenshots_St1/](1)" classname="tests.marketPlacePageTests.AllPageChromeTests" time="5.935">
    <failure message="*** Images are not similar *** expected [true] but found [false]" type="java.lang.AssertionError"><![CDATA[java.lang.AssertionError: *** Images are not similar *** expected [true] but found [false]
	at tests.marketPlacePageTests.AllPageChromeTests.learnHeaderMarketPlacePage(AllPageChromeTests.java:63)
]]></failure>
    <system-out><![CDATA[The two images are not similar.
Difference found. See the file D:\jenkins-agent-data\workspace\pixelPerfectMultiPlatform_AI_Mood_St1\Screenshots_St1\MarketPlace_page\EnChrome\Screenshots_learnHeaderMarketPlacePage\difference.png for details.
]]></system-out>
  </testcase>
  <testcase name="resourcesHeaderMarketPlacePage[https://aimood-stage1.intary.net/en/market-place, Screenshots_St1/](1)" classname="tests.marketPlacePageTests.AllPageChromeTests" time="6.437">
    <system-out><![CDATA[The two images are similar.
]]></system-out>
  </testcase>
  <testcase name="mainSectionMarketPlacePage[https://aimood-stage1.intary.net/en/market-place, Screenshots_St1/](1)" classname="tests.marketPlacePageTests.AllPageChromeTests" time="7.454">
    <system-out><![CDATA[The two images are similar.
]]></system-out>
  </testcase>
  <testcase name="statisticsSectionMarketPlacePage[https://aimood-stage1.intary.net/en/market-place, Screenshots_St1/](1)" classname="tests.marketPlacePageTests.AllPageChromeTests" time="6.898">
    <system-out><![CDATA[The two images are similar.
]]></system-out>
  </testcase>
  <testcase name="allFooterMarketPlacePage[https://aimood-stage1.intary.net/en/market-place, Screenshots_St1/](1)" classname="tests.marketPlacePageTests.AllPageChromeTests" time="6.178">
    <failure message="*** Images are not similar *** expected [true] but found [false]" type="java.lang.AssertionError"><![CDATA[java.lang.AssertionError: *** Images are not similar *** expected [true] but found [false]
	at tests.marketPlacePageTests.AllPageChromeTests.allFooterMarketPlacePage(AllPageChromeTests.java:157)
]]></failure>
    <system-out><![CDATA[The two images are not similar.
Difference found. See the file D:\jenkins-agent-data\workspace\pixelPerfectMultiPlatform_AI_Mood_St1\Screenshots_St1\MarketPlace_page\EnChrome\Screenshots_allFooterMarketPlacePage\difference.png for details.
]]></system-out>
  </testcase>
  <testcase name="allHeaderBuySellMoodCoinPage[https://aimood-stage1.intary.net/en/buy-sell-aimood-coin, Screenshots_St1/](1)" classname="tests.buySellMoodCoinTests.AllPageFirefoxTests" time="7.396">
    <system-out><![CDATA[The two images are similar.
]]></system-out>
  </testcase>
  <testcase name="getStartedHeaderBuySellMoodCoinPage[https://aimood-stage1.intary.net/en/buy-sell-aimood-coin, Screenshots_St1/](1)" classname="tests.buySellMoodCoinTests.AllPageFirefoxTests" time="5.284">
    <system-out><![CDATA[The two images are similar.
]]></system-out>
  </testcase>
  <testcase name="learnHeaderBuySellMoodCoinPage[https://aimood-stage1.intary.net/en/buy-sell-aimood-coin, Screenshots_St1/](1)" classname="tests.buySellMoodCoinTests.AllPageFirefoxTests" time="4.752">
    <failure message="*** Images are not similar *** expected [true] but found [false]" type="java.lang.AssertionError"><![CDATA[java.lang.AssertionError: *** Images are not similar *** expected [true] but found [false]
	at tests.buySellMoodCoinTests.AllPageFirefoxTests.learnHeaderBuySellMoodCoinPage(AllPageFirefoxTests.java:62)
]]></failure>
    <system-out><![CDATA[The two images are not similar.
Difference found. See the file D:\jenkins-agent-data\workspace\pixelPerfectMultiPlatform_AI_Mood_St1\Screenshots_St1\BuySellMoodCoin_page\EnFirefox\Screenshots_learnHeaderBuySellMoodCoinPage\difference.png for details.
]]></system-out>
  </testcase>
  <testcase name="resourcesHeaderBuySellMoodCoinPage[https://aimood-stage1.intary.net/en/buy-sell-aimood-coin, Screenshots_St1/](1)" classname="tests.buySellMoodCoinTests.AllPageFirefoxTests" time="5.293">
    <system-out><![CDATA[The two images are similar.
]]></system-out>
  </testcase>
  <testcase name="mainSectionBuySellMoodCoinPage[https://aimood-stage1.intary.net/en/buy-sell-aimood-coin, Screenshots_St1/](1)" classname="tests.buySellMoodCoinTests.AllPageFirefoxTests" time="7.237">
    <system-out><![CDATA[The two images are similar.
]]></system-out>
  </testcase>
  <testcase name="allFooterBuySellMoodCoinPage[https://aimood-stage1.intary.net/en/buy-sell-aimood-coin, Screenshots_St1/](1)" classname="tests.buySellMoodCoinTests.AllPageFirefoxTests" time="6.053">
    <failure message="*** Images are not similar *** expected [true] but found [false]" type="java.lang.AssertionError"><![CDATA[java.lang.AssertionError: *** Images are not similar *** expected [true] but found [false]
	at tests.buySellMoodCoinTests.AllPageFirefoxTests.allFooterBuySellMoodCoinPage(AllPageFirefoxTests.java:137)
]]></failure>
    <system-out><![CDATA[The two images are not similar.
Difference found. See the file D:\jenkins-agent-data\workspace\pixelPerfectMultiPlatform_AI_Mood_St1\Screenshots_St1\BuySellMoodCoin_page\EnFirefox\Screenshots_allFooterBuySellMoodCoinPage\difference.png for details.
]]></system-out>
  </testcase>
  <testcase name="allHeaderBuySellMoodCoinPage[https://aimood-stage1.intary.net/en/buy-sell-aimood-coin, Screenshots_St1/](1)" classname="tests.buySellMoodCoinTests.AllPageChromeTests" time="9.364">
    <system-out><![CDATA[The two images are similar.
]]></system-out>
    <system-err><![CDATA[жовт. 04, 2023 10:32:41 ДП org.openqa.selenium.devtools.CdpVersionFinder findNearestMatch
WARNING: Unable to find an exact match for CDP version 117, so returning the closest version found: 115
]]></system-err>
  </testcase>
  <testcase name="getStartedHeaderBuySellMoodCoinPage[https://aimood-stage1.intary.net/en/buy-sell-aimood-coin, Screenshots_St1/](1)" classname="tests.buySellMoodCoinTests.AllPageChromeTests" time="5.996">
    <system-out><![CDATA[The two images are similar.
]]></system-out>
  </testcase>
  <testcase name="learnHeaderBuySellMoodCoinPage[https://aimood-stage1.intary.net/en/buy-sell-aimood-coin, Screenshots_St1/](1)" classname="tests.buySellMoodCoinTests.AllPageChromeTests" time="5.057">
    <failure message="*** Images are not similar *** expected [true] but found [false]" type="java.lang.AssertionError"><![CDATA[java.lang.AssertionError: *** Images are not similar *** expected [true] but found [false]
	at tests.buySellMoodCoinTests.AllPageChromeTests.learnHeaderBuySellMoodCoinPage(AllPageChromeTests.java:62)
]]></failure>
    <system-out><![CDATA[The two images are not similar.
Difference found. See the file D:\jenkins-agent-data\workspace\pixelPerfectMultiPlatform_AI_Mood_St1\Screenshots_St1\BuySellMoodCoin_page\EnChrome\Screenshots_learnHeaderBuySellMoodCoinPage\difference.png for details.
]]></system-out>
  </testcase>
  <testcase name="resourcesHeaderBuySellMoodCoinPage[https://aimood-stage1.intary.net/en/buy-sell-aimood-coin, Screenshots_St1/](1)" classname="tests.buySellMoodCoinTests.AllPageChromeTests" time="5.552">
    <system-out><![CDATA[The two images are similar.
]]></system-out>
  </testcase>
  <testcase name="mainSectionBuySellMoodCoinPage[https://aimood-stage1.intary.net/en/buy-sell-aimood-coin, Screenshots_St1/](1)" classname="tests.buySellMoodCoinTests.AllPageChromeTests" time="7.494">
    <system-out><![CDATA[The two images are similar.
]]></system-out>
  </testcase>
  <testcase name="allFooterBuySellMoodCoinPage[https://aimood-stage1.intary.net/en/buy-sell-aimood-coin, Screenshots_St1/](1)" classname="tests.buySellMoodCoinTests.AllPageChromeTests" time="6.185">
    <failure message="*** Images are not similar *** expected [true] but found [false]" type="java.lang.AssertionError"><![CDATA[java.lang.AssertionError: *** Images are not similar *** expected [true] but found [false]
	at tests.buySellMoodCoinTests.AllPageChromeTests.allFooterBuySellMoodCoinPage(AllPageChromeTests.java:137)
]]></failure>
    <system-out><![CDATA[The two images are not similar.
Difference found. See the file D:\jenkins-agent-data\workspace\pixelPerfectMultiPlatform_AI_Mood_St1\Screenshots_St1\BuySellMoodCoin_page\EnChrome\Screenshots_allFooterBuySellMoodCoinPage\difference.png for details.
]]></system-out>
  </testcase>
  <testcase name="allHeaderTokenMoodPage[https://aimood-stage1.intary.net/en/token-mood, Screenshots_St1/](1)" classname="tests.tokenMoodPageTests.AllPageFirefoxTests" time="12.439">
    <system-out><![CDATA[The two images are similar.
]]></system-out>
  </testcase>
  <testcase name="getStartedHeaderTokenMoodPage[https://aimood-stage1.intary.net/en/token-mood, Screenshots_St1/](1)" classname="tests.tokenMoodPageTests.AllPageFirefoxTests" time="5.294">
    <system-out><![CDATA[The two images are similar.
]]></system-out>
  </testcase>
  <testcase name="learnHeaderTokenMoodPage[https://aimood-stage1.intary.net/en/token-mood, Screenshots_St1/](1)" classname="tests.tokenMoodPageTests.AllPageFirefoxTests" time="4.763">
    <failure message="*** Images are not similar *** expected [true] but found [false]" type="java.lang.AssertionError"><![CDATA[java.lang.AssertionError: *** Images are not similar *** expected [true] but found [false]
	at tests.tokenMoodPageTests.AllPageFirefoxTests.learnHeaderTokenMoodPage(AllPageFirefoxTests.java:62)
]]></failure>
    <system-out><![CDATA[The two images are not similar.
Difference found. See the file D:\jenkins-agent-data\workspace\pixelPerfectMultiPlatform_AI_Mood_St1\Screenshots_St1\TokenMood_page\EnFirefox\Screenshots_learnHeaderTokenMoodPage\difference.png for details.
]]></system-out>
  </testcase>
  <testcase name="resourcesHeaderTokenMoodPage[https://aimood-stage1.intary.net/en/token-mood, Screenshots_St1/](1)" classname="tests.tokenMoodPageTests.AllPageFirefoxTests" time="5.353">
    <system-out><![CDATA[The two images are similar.
]]></system-out>
  </testcase>
  <testcase name="mainSectionTokenMoodPage[https://aimood-stage1.intary.net/en/token-mood, Screenshots_St1/](1)" classname="tests.tokenMoodPageTests.AllPageFirefoxTests" time="7.292">
    <system-out><![CDATA[The two images are similar.
]]></system-out>
  </testcase>
  <testcase name="statisticsSectionTokenMoodPage[https://aimood-stage1.intary.net/en/token-mood, Screenshots_St1/](1)" classname="tests.tokenMoodPageTests.AllPageFirefoxTests" time="7.729">
    <system-out><![CDATA[888
3.14
1703
777
The two images are similar.
]]></system-out>
  </testcase>
  <testcase name="allFooterTokenMoodPage[https://aimood-stage1.intary.net/en/token-mood, Screenshots_St1/](1)" classname="tests.tokenMoodPageTests.AllPageFirefoxTests" time="5.848">
    <failure message="*** Images are not similar *** expected [true] but found [false]" type="java.lang.AssertionError"><![CDATA[java.lang.AssertionError: *** Images are not similar *** expected [true] but found [false]
	at tests.tokenMoodPageTests.AllPageFirefoxTests.allFooterTokenMoodPage(AllPageFirefoxTests.java:161)
]]></failure>
    <system-out><![CDATA[The two images are not similar.
Difference found. See the file D:\jenkins-agent-data\workspace\pixelPerfectMultiPlatform_AI_Mood_St1\Screenshots_St1\TokenMood_page\EnFirefox\Screenshots_allFooterTokenMoodPage\difference.png for details.
]]></system-out>
  </testcase>
  <testcase name="allHeaderTokenMoodPage[https://aimood-stage1.intary.net/en/token-mood, Screenshots_St1/](1)" classname="tests.tokenMoodPageTests.AllPageChromeTests" time="16.029">
    <system-out><![CDATA[The two images are similar.
]]></system-out>
    <system-err><![CDATA[жовт. 04, 2023 10:34:15 ДП org.openqa.selenium.devtools.CdpVersionFinder findNearestMatch
WARNING: Unable to find an exact match for CDP version 117, so returning the closest version found: 115
]]></system-err>
  </testcase>
  <testcase name="getStartedHeaderTokenMoodPage[https://aimood-stage1.intary.net/en/token-mood, Screenshots_St1/](1)" classname="tests.tokenMoodPageTests.AllPageChromeTests" time="6.258">
    <system-out><![CDATA[The two images are similar.
]]></system-out>
  </testcase>
  <testcase name="learnHeaderTokenMoodPage[https://aimood-stage1.intary.net/en/token-mood, Screenshots_St1/](1)" classname="tests.tokenMoodPageTests.AllPageChromeTests" time="5.209">
    <failure message="*** Images are not similar *** expected [true] but found [false]" type="java.lang.AssertionError"><![CDATA[java.lang.AssertionError: *** Images are not similar *** expected [true] but found [false]
	at tests.tokenMoodPageTests.AllPageChromeTests.learnHeaderTokenMoodPage(AllPageChromeTests.java:62)
]]></failure>
    <system-out><![CDATA[The two images are not similar.
Difference found. See the file D:\jenkins-agent-data\workspace\pixelPerfectMultiPlatform_AI_Mood_St1\Screenshots_St1\TokenMood_page\EnChrome\Screenshots_learnHeaderTokenMoodPage\difference.png for details.
]]></system-out>
  </testcase>
  <testcase name="resourcesHeaderTokenMoodPage[https://aimood-stage1.intary.net/en/token-mood, Screenshots_St1/](1)" classname="tests.tokenMoodPageTests.AllPageChromeTests" time="5.843">
    <system-out><![CDATA[The two images are similar.
]]></system-out>
  </testcase>
  <testcase name="mainSectionTokenMoodPage[https://aimood-stage1.intary.net/en/token-mood, Screenshots_St1/](1)" classname="tests.tokenMoodPageTests.AllPageChromeTests" time="7.804">
    <system-out><![CDATA[The two images are similar.
]]></system-out>
  </testcase>
  <testcase name="statisticsSectionTokenMoodPage[https://aimood-stage1.intary.net/en/token-mood, Screenshots_St1/](1)" classname="tests.tokenMoodPageTests.AllPageChromeTests" time="8.381">
    <system-out><![CDATA[888
3.14
1703
777
The two images are similar.
]]></system-out>
  </testcase>
  <testcase name="allFooterTokenMoodPage[https://aimood-stage1.intary.net/en/token-mood, Screenshots_St1/](1)" classname="tests.tokenMoodPageTests.AllPageChromeTests" time="6.43">
    <failure message="*** Images are not similar *** expected [true] but found [false]" type="java.lang.AssertionError"><![CDATA[java.lang.AssertionError: *** Images are not similar *** expected [true] but found [false]
	at tests.tokenMoodPageTests.AllPageChromeTests.allFooterTokenMoodPage(AllPageChromeTests.java:161)
]]></failure>
    <system-out><![CDATA[The two images are not similar.
Difference found. See the file D:\jenkins-agent-data\workspace\pixelPerfectMultiPlatform_AI_Mood_St1\Screenshots_St1\TokenMood_page\EnChrome\Screenshots_allFooterTokenMoodPage\difference.png for details.
]]></system-out>
  </testcase>
  <testcase name="allHeaderAffiliateProgramPage[https://aimood-stage1.intary.net/en/affiliate-program, Screenshots_St1/](1)" classname="tests.affiliateProgramPageTests.AllPageFirefoxTests" time="10.924">
    <system-out><![CDATA[The two images are similar.
]]></system-out>
  </testcase>
  <testcase name="getStartedHeaderAffiliateProgramPage[https://aimood-stage1.intary.net/en/affiliate-program, Screenshots_St1/](1)" classname="tests.affiliateProgramPageTests.AllPageFirefoxTests" time="5.266">
    <system-out><![CDATA[The two images are similar.
]]></system-out>
  </testcase>
  <testcase name="learnHeaderAffiliateProgramPage[https://aimood-stage1.intary.net/en/affiliate-program, Screenshots_St1/](1)" classname="tests.affiliateProgramPageTests.AllPageFirefoxTests" time="4.877">
    <failure message="*** Images are not similar *** expected [true] but found [false]" type="java.lang.AssertionError"><![CDATA[java.lang.AssertionError: *** Images are not similar *** expected [true] but found [false]
	at tests.affiliateProgramPageTests.AllPageFirefoxTests.learnHeaderAffiliateProgramPage(AllPageFirefoxTests.java:62)
]]></failure>
    <system-out><![CDATA[The two images are not similar.
Difference found. See the file D:\jenkins-agent-data\workspace\pixelPerfectMultiPlatform_AI_Mood_St1\Screenshots_St1\AffiliateProgram_page\EnFirefox\Screenshots_learnHeaderAffiliateProgramPage\difference.png for details.
]]></system-out>
  </testcase>
  <testcase name="resourcesHeaderAffiliateProgramPage[https://aimood-stage1.intary.net/en/affiliate-program, Screenshots_St1/](1)" classname="tests.affiliateProgramPageTests.AllPageFirefoxTests" time="5.34">
    <system-out><![CDATA[The two images are similar.
]]></system-out>
  </testcase>
  <testcase name="mainSectionAffiliateProgramPage[https://aimood-stage1.intary.net/en/affiliate-program, Screenshots_St1/](1)" classname="tests.affiliateProgramPageTests.AllPageFirefoxTests" time="7.106">
    <system-out><![CDATA[The two images are similar.
]]></system-out>
  </testcase>
  <testcase name="affiliateSectionAffiliateProgramPage[https://aimood-stage1.intary.net/en/affiliate-program, Screenshots_St1/](1)" classname="tests.affiliateProgramPageTests.AllPageFirefoxTests" time="7.784">
    <system-out><![CDATA[The two images are similar.
]]></system-out>
  </testcase>
  <testcase name="allFooterAffiliateProgramPage[https://aimood-stage1.intary.net/en/affiliate-program, Screenshots_St1/](1)" classname="tests.affiliateProgramPageTests.AllPageFirefoxTests" time="5.948">
    <failure message="*** Images are not similar *** expected [true] but found [false]" type="java.lang.AssertionError"><![CDATA[java.lang.AssertionError: *** Images are not similar *** expected [true] but found [false]
	at tests.affiliateProgramPageTests.AllPageFirefoxTests.allFooterAffiliateProgramPage(AllPageFirefoxTests.java:156)
]]></failure>
    <system-out><![CDATA[The two images are not similar.
Difference found. See the file D:\jenkins-agent-data\workspace\pixelPerfectMultiPlatform_AI_Mood_St1\Screenshots_St1\AffiliateProgram_page\EnFirefox\Screenshots_allFooterAffiliateProgramPage\difference.png for details.
]]></system-out>
  </testcase>
  <testcase name="allHeaderAffiliateProgramPage[https://aimood-stage1.intary.net/en/affiliate-program, Screenshots_St1/](1)" classname="tests.affiliateProgramPageTests.AllPageChromeTests" time="15.609">
    <system-out><![CDATA[The two images are similar.
]]></system-out>
    <system-err><![CDATA[жовт. 04, 2023 10:36:03 ДП org.openqa.selenium.devtools.CdpVersionFinder findNearestMatch
WARNING: Unable to find an exact match for CDP version 117, so returning the closest version found: 115
]]></system-err>
  </testcase>
  <testcase name="getStartedHeaderAffiliateProgramPage[https://aimood-stage1.intary.net/en/affiliate-program, Screenshots_St1/](1)" classname="tests.affiliateProgramPageTests.AllPageChromeTests" time="5.952">
    <system-out><![CDATA[The two images are similar.
]]></system-out>
  </testcase>
  <testcase name="learnHeaderAffiliateProgramPage[https://aimood-stage1.intary.net/en/affiliate-program, Screenshots_St1/](1)" classname="tests.affiliateProgramPageTests.AllPageChromeTests" time="5.022">
    <failure message="*** Images are not similar *** expected [true] but found [false]" type="java.lang.AssertionError"><![CDATA[java.lang.AssertionError: *** Images are not similar *** expected [true] but found [false]
	at tests.affiliateProgramPageTests.AllPageChromeTests.learnHeaderAffiliateProgramPage(AllPageChromeTests.java:63)
]]></failure>
    <system-out><![CDATA[The two images are not similar.
Difference found. See the file D:\jenkins-agent-data\workspace\pixelPerfectMultiPlatform_AI_Mood_St1\Screenshots_St1\AffiliateProgram_page\EnChrome\Screenshots_learnHeaderAffiliateProgramPage\difference.png for details.
]]></system-out>
  </testcase>
  <testcase name="resourcesHeaderAffiliateProgramPage[https://aimood-stage1.intary.net/en/affiliate-program, Screenshots_St1/](1)" classname="tests.affiliateProgramPageTests.AllPageChromeTests" time="5.593">
    <system-out><![CDATA[The two images are similar.
]]></system-out>
  </testcase>
  <testcase name="mainSectionAffiliateProgramPage[https://aimood-stage1.intary.net/en/affiliate-program, Screenshots_St1/](1)" classname="tests.affiliateProgramPageTests.AllPageChromeTests" time="7.514">
    <system-out><![CDATA[The two images are similar.
]]></system-out>
  </testcase>
  <testcase name="affiliateSectionAffiliateProgramPage[https://aimood-stage1.intary.net/en/affiliate-program, Screenshots_St1/](1)" classname="tests.affiliateProgramPageTests.AllPageChromeTests" time="7.803">
    <system-out><![CDATA[The two images are similar.
]]></system-out>
  </testcase>
  <testcase name="allFooterAffiliateProgramPage[https://aimood-stage1.intary.net/en/affiliate-program, Screenshots_St1/](1)" classname="tests.affiliateProgramPageTests.AllPageChromeTests" time="6.212">
    <failure message="*** Images are not similar *** expected [true] but found [false]" type="java.lang.AssertionError"><![CDATA[java.lang.AssertionError: *** Images are not similar *** expected [true] but found [false]
	at tests.affiliateProgramPageTests.AllPageChromeTests.allFooterAffiliateProgramPage(AllPageChromeTests.java:157)
]]></failure>
    <system-out><![CDATA[The two images are not similar.
Difference found. See the file D:\jenkins-agent-data\workspace\pixelPerfectMultiPlatform_AI_Mood_St1\Screenshots_St1\AffiliateProgram_page\EnChrome\Screenshots_allFooterAffiliateProgramPage\difference.png for details.
]]></system-out>
  </testcase>
  <testcase name="allHeaderWalletPage[https://aimood-stage1.intary.net/en/the-aimood-wallet, Screenshots_St1/](1)" classname="tests.walletPageTests.AllPageFirefoxTests" time="19.109">
    <system-out><![CDATA[The two images are similar.
]]></system-out>
  </testcase>
  <testcase name="getStartedHeaderWalletPage[https://aimood-stage1.intary.net/en/the-aimood-wallet, Screenshots_St1/](1)" classname="tests.walletPageTests.AllPageFirefoxTests" time="5.273">
    <system-out><![CDATA[The two images are similar.
]]></system-out>
  </testcase>
  <testcase name="learnHeaderWalletPage[https://aimood-stage1.intary.net/en/the-aimood-wallet, Screenshots_St1/](1)" classname="tests.walletPageTests.AllPageFirefoxTests" time="4.757">
    <failure message="*** Images are not similar *** expected [true] but found [false]" type="java.lang.AssertionError"><![CDATA[java.lang.AssertionError: *** Images are not similar *** expected [true] but found [false]
	at tests.walletPageTests.AllPageFirefoxTests.learnHeaderWalletPage(AllPageFirefoxTests.java:62)
]]></failure>
    <system-out><![CDATA[The two images are not similar.
Difference found. See the file D:\jenkins-agent-data\workspace\pixelPerfectMultiPlatform_AI_Mood_St1\Screenshots_St1\Wallet_page\EnFirefox\Screenshots_learnHeaderWalletPage\difference.png for details.
]]></system-out>
  </testcase>
  <testcase name="resourcesHeaderWalletPage[https://aimood-stage1.intary.net/en/the-aimood-wallet, Screenshots_St1/](1)" classname="tests.walletPageTests.AllPageFirefoxTests" time="5.657">
    <system-out><![CDATA[The two images are similar.
]]></system-out>
  </testcase>
  <testcase name="mainSectionWalletPage[https://aimood-stage1.intary.net/en/the-aimood-wallet, Screenshots_St1/](1)" classname="tests.walletPageTests.AllPageFirefoxTests" time="6.204">
    <system-out><![CDATA[The two images are similar.
]]></system-out>
  </testcase>
  <testcase name="delegatedSectionWalletPage[https://aimood-stage1.intary.net/en/the-aimood-wallet, Screenshots_St1/](1)" classname="tests.walletPageTests.AllPageFirefoxTests" time="6.503">
    <system-out><![CDATA[The two images are similar.
]]></system-out>
  </testcase>
  <testcase name="allFooterWalletPage[https://aimood-stage1.intary.net/en/the-aimood-wallet, Screenshots_St1/](1)" classname="tests.walletPageTests.AllPageFirefoxTests" time="5.949">
    <failure message="*** Images are not similar *** expected [true] but found [false]" type="java.lang.AssertionError"><![CDATA[java.lang.AssertionError: *** Images are not similar *** expected [true] but found [false]
	at tests.walletPageTests.AllPageFirefoxTests.allFooterWalletPage(AllPageFirefoxTests.java:156)
]]></failure>
    <system-out><![CDATA[The two images are not similar.
Difference found. See the file D:\jenkins-agent-data\workspace\pixelPerfectMultiPlatform_AI_Mood_St1\Screenshots_St1\Wallet_page\EnFirefox\Screenshots_allFooterWalletPage\difference.png for details.
]]></system-out>
  </testcase>
  <testcase name="allHeaderWalletPage[https://aimood-stage1.intary.net/en/the-aimood-wallet, Screenshots_St1/](1)" classname="tests.walletPageTests.AllPageChromeTests" time="27.588">
    <system-out><![CDATA[The two images are similar.
]]></system-out>
    <system-err><![CDATA[жовт. 04, 2023 10:37:56 ДП org.openqa.selenium.devtools.CdpVersionFinder findNearestMatch
WARNING: Unable to find an exact match for CDP version 117, so returning the closest version found: 115
]]></system-err>
  </testcase>
  <testcase name="getStartedHeaderWalletPage[https://aimood-stage1.intary.net/en/the-aimood-wallet, Screenshots_St1/](1)" classname="tests.walletPageTests.AllPageChromeTests" time="5.84">
    <system-out><![CDATA[The two images are similar.
]]></system-out>
  </testcase>
  <testcase name="learnHeaderWalletPage[https://aimood-stage1.intary.net/en/the-aimood-wallet, Screenshots_St1/](1)" classname="tests.walletPageTests.AllPageChromeTests" time="5.015">
    <failure message="*** Images are not similar *** expected [true] but found [false]" type="java.lang.AssertionError"><![CDATA[java.lang.AssertionError: *** Images are not similar *** expected [true] but found [false]
	at tests.walletPageTests.AllPageChromeTests.learnHeaderWalletPage(AllPageChromeTests.java:63)
]]></failure>
    <system-out><![CDATA[The two images are not similar.
Difference found. See the file D:\jenkins-agent-data\workspace\pixelPerfectMultiPlatform_AI_Mood_St1\Screenshots_St1\Wallet_page\EnChrome\Screenshots_learnHeaderWalletPage\difference.png for details.
]]></system-out>
  </testcase>
  <testcase name="resourcesHeaderWalletPage[https://aimood-stage1.intary.net/en/the-aimood-wallet, Screenshots_St1/](1)" classname="tests.walletPageTests.AllPageChromeTests" time="5.488">
    <system-out><![CDATA[The two images are similar.
]]></system-out>
  </testcase>
  <testcase name="mainSectionWalletPage[https://aimood-stage1.intary.net/en/the-aimood-wallet, Screenshots_St1/](1)" classname="tests.walletPageTests.AllPageChromeTests" time="6.484">
    <system-out><![CDATA[The two images are similar.
]]></system-out>
  </testcase>
  <testcase name="delegatedSectionWalletPage[https://aimood-stage1.intary.net/en/the-aimood-wallet, Screenshots_St1/](1)" classname="tests.walletPageTests.AllPageChromeTests" time="6.783">
    <system-out><![CDATA[The two images are similar.
]]></system-out>
  </testcase>
  <testcase name="allFooterWalletPage[https://aimood-stage1.intary.net/en/the-aimood-wallet, Screenshots_St1/](1)" classname="tests.walletPageTests.AllPageChromeTests" time="6.12">
    <failure message="*** Images are not similar *** expected [true] but found [false]" type="java.lang.AssertionError"><![CDATA[java.lang.AssertionError: *** Images are not similar *** expected [true] but found [false]
	at tests.walletPageTests.AllPageChromeTests.allFooterWalletPage(AllPageChromeTests.java:157)
]]></failure>
    <system-out><![CDATA[The two images are not similar.
Difference found. See the file D:\jenkins-agent-data\workspace\pixelPerfectMultiPlatform_AI_Mood_St1\Screenshots_St1\Wallet_page\EnChrome\Screenshots_allFooterWalletPage\difference.png for details.
]]></system-out>
  </testcase>
  <testcase name="allHeaderStakingPage[https://aimood-stage1.intary.net/en/stake-delegate, Screenshots_St1/](1)" classname="tests.stakingPageTests.AllPageFirefoxTests" time="24.097">
    <system-out><![CDATA[The two images are similar.
]]></system-out>
  </testcase>
  <testcase name="getStartedHeaderStakingPage[https://aimood-stage1.intary.net/en/stake-delegate, Screenshots_St1/](1)" classname="tests.stakingPageTests.AllPageFirefoxTests" time="6.866">
    <system-out><![CDATA[The two images are similar.
]]></system-out>
  </testcase>
  <testcase name="learnHeaderStakingPage[https://aimood-stage1.intary.net/en/stake-delegate, Screenshots_St1/](1)" classname="tests.stakingPageTests.AllPageFirefoxTests" time="6.477">
    <failure message="*** Images are not similar *** expected [true] but found [false]" type="java.lang.AssertionError"><![CDATA[java.lang.AssertionError: *** Images are not similar *** expected [true] but found [false]
	at tests.stakingPageTests.AllPageFirefoxTests.learnHeaderStakingPage(AllPageFirefoxTests.java:62)
]]></failure>
    <system-out><![CDATA[The two images are not similar.
Difference found. See the file D:\jenkins-agent-data\workspace\pixelPerfectMultiPlatform_AI_Mood_St1\Screenshots_St1\Staking_page\EnFirefox\Screenshots_learnHeaderStakingPage\difference.png for details.
]]></system-out>
  </testcase>
  <testcase name="resourcesHeaderStakingPage[https://aimood-stage1.intary.net/en/stake-delegate, Screenshots_St1/](1)" classname="tests.stakingPageTests.AllPageFirefoxTests" time="7.023">
    <system-out><![CDATA[The two images are similar.
]]></system-out>
  </testcase>
  <testcase name="mainSectionStakingPage[https://aimood-stage1.intary.net/en/stake-delegate, Screenshots_St1/](1)" classname="tests.stakingPageTests.AllPageFirefoxTests" time="7.894">
    <system-out><![CDATA[The two images are similar.
]]></system-out>
  </testcase>
  <testcase name="delegatedSectionStakingPage[https://aimood-stage1.intary.net/en/stake-delegate, Screenshots_St1/](1)" classname="tests.stakingPageTests.AllPageFirefoxTests" time="8.092">
    <system-out><![CDATA[The two images are similar.
]]></system-out>
  </testcase>
  <testcase name="calcStakSectionStakingPage[https://aimood-stage1.intary.net/en/stake-delegate, Screenshots_St1/](1)" classname="tests.stakingPageTests.AllPageFirefoxTests" time="10.148">
    <system-out><![CDATA[(0.13% 24H)
~0.13
2864.2900
The two images are similar.
]]></system-out>
  </testcase>
  <testcase name="allFooterStakingPage[https://aimood-stage1.intary.net/en/stake-delegate, Screenshots_St1/](1)" classname="tests.stakingPageTests.AllPageFirefoxTests" time="6.469">
    <failure message="*** Images are not similar *** expected [true] but found [false]" type="java.lang.AssertionError"><![CDATA[java.lang.AssertionError: *** Images are not similar *** expected [true] but found [false]
	at tests.stakingPageTests.AllPageFirefoxTests.allFooterStakingPage(AllPageFirefoxTests.java:184)
]]></failure>
    <system-out><![CDATA[The two images are not similar.
Difference found. See the file D:\jenkins-agent-data\workspace\pixelPerfectMultiPlatform_AI_Mood_St1\Screenshots_St1\Staking_page\EnFirefox\Screenshots_allFooterStakingPage\difference.png for details.
]]></system-out>
  </testcase>
  <testcase name="allHeaderStakingPage[https://aimood-stage1.intary.net/en/stake-delegate, Screenshots_St1/](1)" classname="tests.stakingPageTests.AllPageChromeTests" time="22.87">
    <system-out><![CDATA[The two images are similar.
]]></system-out>
    <system-err><![CDATA[жовт. 04, 2023 10:40:22 ДП org.openqa.selenium.devtools.CdpVersionFinder findNearestMatch
WARNING: Unable to find an exact match for CDP version 117, so returning the closest version found: 115
]]></system-err>
  </testcase>
  <testcase name="getStartedHeaderStakingPage[https://aimood-stage1.intary.net/en/stake-delegate, Screenshots_St1/](1)" classname="tests.stakingPageTests.AllPageChromeTests" time="6.338">
    <system-out><![CDATA[The two images are similar.
]]></system-out>
  </testcase>
  <testcase name="learnHeaderStakingPage[https://aimood-stage1.intary.net/en/stake-delegate, Screenshots_St1/](1)" classname="tests.stakingPageTests.AllPageChromeTests" time="6.004">
    <failure message="*** Images are not similar *** expected [true] but found [false]" type="java.lang.AssertionError"><![CDATA[java.lang.AssertionError: *** Images are not similar *** expected [true] but found [false]
	at tests.stakingPageTests.AllPageChromeTests.learnHeaderStakingPage(AllPageChromeTests.java:62)
]]></failure>
    <system-out><![CDATA[The two images are not similar.
Difference found. See the file D:\jenkins-agent-data\workspace\pixelPerfectMultiPlatform_AI_Mood_St1\Screenshots_St1\Staking_page\EnChrome\Screenshots_learnHeaderStakingPage\difference.png for details.
]]></system-out>
  </testcase>
  <testcase name="resourcesHeaderStakingPage[https://aimood-stage1.intary.net/en/stake-delegate, Screenshots_St1/](1)" classname="tests.stakingPageTests.AllPageChromeTests" time="25.958">
    <system-out><![CDATA[The two images are similar.
]]></system-out>
  </testcase>
  <testcase name="mainSectionStakingPage[https://aimood-stage1.intary.net/en/stake-delegate, Screenshots_St1/](1)" classname="tests.stakingPageTests.AllPageChromeTests" time="7.275">
    <system-out><![CDATA[The two images are similar.
]]></system-out>
  </testcase>
  <testcase name="delegatedSectionStakingPage[https://aimood-stage1.intary.net/en/stake-delegate, Screenshots_St1/](1)" classname="tests.stakingPageTests.AllPageChromeTests" time="9.659">
    <system-out><![CDATA[The two images are similar.
]]></system-out>
  </testcase>
  <testcase name="calcStakSectionStakingPage[https://aimood-stage1.intary.net/en/stake-delegate, Screenshots_St1/](1)" classname="tests.stakingPageTests.AllPageChromeTests" time="9.885">
    <system-out><![CDATA[(0.13% 24H)
~0.13
2864.2900
The two images are similar.
]]></system-out>
  </testcase>
  <testcase name="allFooterStakingPage[https://aimood-stage1.intary.net/en/stake-delegate, Screenshots_St1/](1)" classname="tests.stakingPageTests.AllPageChromeTests" time="6.146">
    <failure message="*** Images are not similar *** expected [true] but found [false]" type="java.lang.AssertionError"><![CDATA[java.lang.AssertionError: *** Images are not similar *** expected [true] but found [false]
	at tests.stakingPageTests.AllPageChromeTests.allFooterStakingPage(AllPageChromeTests.java:185)
]]></failure>
    <system-out><![CDATA[The two images are not similar.
Difference found. See the file D:\jenkins-agent-data\workspace\pixelPerfectMultiPlatform_AI_Mood_St1\Screenshots_St1\Staking_page\EnChrome\Screenshots_allFooterStakingPage\difference.png for details.
]]></system-out>
  </testcase>
  <testcase name="allHeaderWhitePaperPage[https://aimood-stage1.intary.net/en/white-paper, Screenshots_St1/](1)" classname="tests.whitePaper.WhitePaperFirefoxTests" time="12.519">
    <system-out><![CDATA[The two images are similar.
]]></system-out>
  </testcase>
  <testcase name="getStartedHeaderWhitePaperPage[https://aimood-stage1.intary.net/en/white-paper, Screenshots_St1/](1)" classname="tests.whitePaper.WhitePaperFirefoxTests" time="6.27">
    <system-out><![CDATA[The two images are similar.
]]></system-out>
  </testcase>
  <testcase name="learnHeaderWhitePaperPage[https://aimood-stage1.intary.net/en/white-paper, Screenshots_St1/](1)" classname="tests.whitePaper.WhitePaperFirefoxTests" time="6.169">
    <failure message="*** Images are not similar *** expected [true] but found [false]" type="java.lang.AssertionError"><![CDATA[java.lang.AssertionError: *** Images are not similar *** expected [true] but found [false]
	at tests.whitePaper.WhitePaperFirefoxTests.learnHeaderWhitePaperPage(WhitePaperFirefoxTests.java:62)
]]></failure>
    <system-out><![CDATA[The two images are not similar.
Difference found. See the file D:\jenkins-agent-data\workspace\pixelPerfectMultiPlatform_AI_Mood_St1\Screenshots_St1\WhitePaper_page\EnFirefox\Screenshots_learnWhitePaperPage\difference.png for details.
]]></system-out>
  </testcase>
  <testcase name="resourcesHeaderWhitePaperPage[https://aimood-stage1.intary.net/en/white-paper, Screenshots_St1/](1)" classname="tests.whitePaper.WhitePaperFirefoxTests" time="6.735">
    <system-out><![CDATA[The two images are similar.
]]></system-out>
  </testcase>
  <testcase name="mainBlockWhitePaperPage[https://aimood-stage1.intary.net/en/white-paper, Screenshots_St1/](1)" classname="tests.whitePaper.WhitePaperFirefoxTests" time="6.551">
    <system-out><![CDATA[The two images are similar.
]]></system-out>
  </testcase>
  <testcase name="marketTokenWhitePaperPage[https://aimood-stage1.intary.net/en/white-paper, Screenshots_St1/](1)" classname="tests.whitePaper.WhitePaperFirefoxTests" time="6.924">
    <system-out><![CDATA[The two images are similar.
]]></system-out>
  </testcase>
  <testcase name="allFooterWhitePaperPage[https://aimood-stage1.intary.net/en/white-paper, Screenshots_St1/](1)" classname="tests.whitePaper.WhitePaperFirefoxTests" time="6.258">
    <failure message="*** Images are not similar *** expected [true] but found [false]" type="java.lang.AssertionError"><![CDATA[java.lang.AssertionError: *** Images are not similar *** expected [true] but found [false]
	at tests.whitePaper.WhitePaperFirefoxTests.allFooterWhitePaperPage(WhitePaperFirefoxTests.java:136)
]]></failure>
    <system-out><![CDATA[The two images are not similar.
Difference found. See the file D:\jenkins-agent-data\workspace\pixelPerfectMultiPlatform_AI_Mood_St1\Screenshots_St1\WhitePaper_page\EnFirefox\Screenshots_allFooterWhitePaper\difference.png for details.
]]></system-out>
  </testcase>
  <testcase name="allHeaderWhitePaperPage[https://aimood-stage1.intary.net/en/white-paper, Screenshots_St1/](1)" classname="tests.whitePaper.WhitePaperChromeTests" time="9.111">
    <system-out><![CDATA[The two images are similar.
]]></system-out>
    <system-err><![CDATA[жовт. 04, 2023 10:42:53 ДП org.openqa.selenium.devtools.CdpVersionFinder findNearestMatch
WARNING: Unable to find an exact match for CDP version 117, so returning the closest version found: 115
]]></system-err>
  </testcase>
  <testcase name="getStartedHeaderWhitePaperPage[https://aimood-stage1.intary.net/en/white-paper, Screenshots_St1/](1)" classname="tests.whitePaper.WhitePaperChromeTests" time="6.387">
    <system-out><![CDATA[The two images are similar.
]]></system-out>
  </testcase>
  <testcase name="learnHeaderWhitePaperPage[https://aimood-stage1.intary.net/en/white-paper, Screenshots_St1/](1)" classname="tests.whitePaper.WhitePaperChromeTests" time="5.778">
    <failure message="*** Images are not similar *** expected [true] but found [false]" type="java.lang.AssertionError"><![CDATA[java.lang.AssertionError: *** Images are not similar *** expected [true] but found [false]
	at tests.whitePaper.WhitePaperChromeTests.learnHeaderWhitePaperPage(WhitePaperChromeTests.java:61)
]]></failure>
    <system-out><![CDATA[The two images are not similar.
Difference found. See the file D:\jenkins-agent-data\workspace\pixelPerfectMultiPlatform_AI_Mood_St1\Screenshots_St1\WhitePaper_page\EnChrome\Screenshots_learnWhitePaperPage\difference.png for details.
]]></system-out>
  </testcase>
  <testcase name="resourcesHeaderWhitePaperPage[https://aimood-stage1.intary.net/en/white-paper, Screenshots_St1/](1)" classname="tests.whitePaper.WhitePaperChromeTests" time="6.236">
    <system-out><![CDATA[The two images are similar.
]]></system-out>
  </testcase>
  <testcase name="mainBlockWhitePaperPage[https://aimood-stage1.intary.net/en/white-paper, Screenshots_St1/](1)" classname="tests.whitePaper.WhitePaperChromeTests" time="6.296">
    <system-out><![CDATA[The two images are similar.
]]></system-out>
  </testcase>
  <testcase name="EweuimtPage[https://aimood-stage1.intary.net/en/white-paper, Screenshots_St1/](1)" classname="tests.whitePaper.WhitePaperChromeTests" time="6.832">
    <system-out><![CDATA[The two images are similar.
]]></system-out>
  </testcase>
  <testcase name="allFooterWhitePaperPage[https://aimood-stage1.intary.net/en/white-paper, Screenshots_St1/](1)" classname="tests.whitePaper.WhitePaperChromeTests" time="5.974">
    <failure message="*** Images are not similar *** expected [true] but found [false]" type="java.lang.AssertionError"><![CDATA[java.lang.AssertionError: *** Images are not similar *** expected [true] but found [false]
	at tests.whitePaper.WhitePaperChromeTests.allFooterWhitePaperPage(WhitePaperChromeTests.java:135)
]]></failure>
    <system-out><![CDATA[The two images are not similar.
Difference found. See the file D:\jenkins-agent-data\workspace\pixelPerfectMultiPlatform_AI_Mood_St1\Screenshots_St1\WhitePaper_page\EnChrome\Screenshots_allFooterWhitePaper\difference.png for details.
]]></system-out>
  </testcase>
  <testcase name="allHeaderWhatIsAimoodPage[https://aimood-stage1.intary.net/en/what-is-aimood, Screenshots_St1/](1)" classname="tests.WhatIsAimood.WhatIsAimoodFirefoxTests" time="10.719">
    <system-out><![CDATA[The two images are similar.
]]></system-out>
  </testcase>
  <testcase name="getStartedHeaderWhatIsAimoodPage[https://aimood-stage1.intary.net/en/what-is-aimood, Screenshots_St1/](1)" classname="tests.WhatIsAimood.WhatIsAimoodFirefoxTests" time="5.459">
    <system-out><![CDATA[The two images are similar.
]]></system-out>
  </testcase>
  <testcase name="learnHeaderWhatIsAimoodPage[https://aimood-stage1.intary.net/en/what-is-aimood, Screenshots_St1/](1)" classname="tests.WhatIsAimood.WhatIsAimoodFirefoxTests" time="4.769">
    <failure message="*** Images are not similar *** expected [true] but found [false]" type="java.lang.AssertionError"><![CDATA[java.lang.AssertionError: *** Images are not similar *** expected [true] but found [false]
	at tests.WhatIsAimood.WhatIsAimoodFirefoxTests.learnHeaderWhatIsAimoodPage(WhatIsAimoodFirefoxTests.java:62)
]]></failure>
    <system-out><![CDATA[The two images are not similar.
Difference found. See the file D:\jenkins-agent-data\workspace\pixelPerfectMultiPlatform_AI_Mood_St1\Screenshots_St1\WhatIsAimood_page\EnFirefox\Screenshots_learnHeaderWhatIsAimoodPage\difference.png for details.
]]></system-out>
  </testcase>
  <testcase name="resourcesHeaderWhatIsAimoodPage[https://aimood-stage1.intary.net/en/what-is-aimood, Screenshots_St1/](1)" classname="tests.WhatIsAimood.WhatIsAimoodFirefoxTests" time="5.232">
    <system-out><![CDATA[The two images are similar.
]]></system-out>
  </testcase>
  <testcase name="mainBlockWhatIsAimoodPage[https://aimood-stage1.intary.net/en/what-is-aimood, Screenshots_St1/](1)" classname="tests.WhatIsAimood.WhatIsAimoodFirefoxTests" time="6.136">
    <system-out><![CDATA[The two images are similar.
]]></system-out>
  </testcase>
  <testcase name="whyChooseWhatIsAimoodPage[https://aimood-stage1.intary.net/en/what-is-aimood, Screenshots_St1/](1)" classname="tests.WhatIsAimood.WhatIsAimoodFirefoxTests" time="6.467">
    <system-out><![CDATA[The two images are similar.
]]></system-out>
  </testcase>
  <testcase name="ecosystemWhatIsAimoodPage[https://aimood-stage1.intary.net/en/what-is-aimood, Screenshots_St1/](1)" classname="tests.WhatIsAimood.WhatIsAimoodFirefoxTests" time="6.535">
    <system-out><![CDATA[The two images are similar.
]]></system-out>
  </testcase>
  <testcase name="allFooterWhatIsAimoodPage[https://aimood-stage1.intary.net/en/what-is-aimood, Screenshots_St1/](1)" classname="tests.WhatIsAimood.WhatIsAimoodFirefoxTests" time="5.734">
    <failure message="*** Images are not similar *** expected [true] but found [false]" type="java.lang.AssertionError"><![CDATA[java.lang.AssertionError: *** Images are not similar *** expected [true] but found [false]
	at tests.WhatIsAimood.WhatIsAimoodFirefoxTests.allFooterWhatIsAimoodPage(WhatIsAimoodFirefoxTests.java:170)
]]></failure>
    <system-out><![CDATA[The two images are not similar.
Difference found. See the file D:\jenkins-agent-data\workspace\pixelPerfectMultiPlatform_AI_Mood_St1\Screenshots_St1\WhatIsAimood_page\EnFirefox\Screenshots_allFooterWhatIsAimoodPage\difference.png for details.
]]></system-out>
  </testcase>
  <testcase name="allHeaderWhatIsAimoodPage[https://aimood-stage1.intary.net/en/what-is-aimood, Screenshots_St1/](1)" classname="tests.WhatIsAimood.WhatIsAimoodChromeTests" time="11.908">
    <system-out><![CDATA[The two images are similar.
]]></system-out>
    <system-err><![CDATA[жовт. 04, 2023 10:44:36 ДП org.openqa.selenium.devtools.CdpVersionFinder findNearestMatch
WARNING: Unable to find an exact match for CDP version 117, so returning the closest version found: 115
]]></system-err>
  </testcase>
  <testcase name="getStartedHeaderWhatIsAimoodPage[https://aimood-stage1.intary.net/en/what-is-aimood, Screenshots_St1/](1)" classname="tests.WhatIsAimood.WhatIsAimoodChromeTests" time="6.027">
    <system-out><![CDATA[The two images are similar.
]]></system-out>
  </testcase>
  <testcase name="learnHeaderWhatIsAimoodPage[https://aimood-stage1.intary.net/en/what-is-aimood, Screenshots_St1/](1)" classname="tests.WhatIsAimood.WhatIsAimoodChromeTests" time="5.149">
    <failure message="*** Images are not similar *** expected [true] but found [false]" type="java.lang.AssertionError"><![CDATA[java.lang.AssertionError: *** Images are not similar *** expected [true] but found [false]
	at tests.WhatIsAimood.WhatIsAimoodChromeTests.learnHeaderWhatIsAimoodPage(WhatIsAimoodChromeTests.java:62)
]]></failure>
    <system-out><![CDATA[The two images are not similar.
Difference found. See the file D:\jenkins-agent-data\workspace\pixelPerfectMultiPlatform_AI_Mood_St1\Screenshots_St1\WhatIsAimood_page\EnChrome\Screenshots_learnHeaderWhatIsAimoodPage\difference.png for details.
]]></system-out>
  </testcase>
  <testcase name="resourcesHeaderWhatIsAimoodPage[https://aimood-stage1.intary.net/en/what-is-aimood, Screenshots_St1/](1)" classname="tests.WhatIsAimood.WhatIsAimoodChromeTests" time="5.578">
    <system-out><![CDATA[The two images are similar.
]]></system-out>
  </testcase>
  <testcase name="mainBlockWhatIsAimoodPage[https://aimood-stage1.intary.net/en/what-is-aimood, Screenshots_St1/](1)" classname="tests.WhatIsAimood.WhatIsAimoodChromeTests" time="6.526">
    <system-out><![CDATA[The two images are similar.
]]></system-out>
  </testcase>
  <testcase name="whyChooseWhatIsAimoodPage[https://aimood-stage1.intary.net/en/what-is-aimood, Screenshots_St1/](1)" classname="tests.WhatIsAimood.WhatIsAimoodChromeTests" time="6.843">
    <system-out><![CDATA[The two images are similar.
]]></system-out>
  </testcase>
  <testcase name="ecosystemWhatIsAimoodPage[https://aimood-stage1.intary.net/en/what-is-aimood, Screenshots_St1/](1)" classname="tests.WhatIsAimood.WhatIsAimoodChromeTests" time="7.089">
    <system-out><![CDATA[The two images are similar.
]]></system-out>
  </testcase>
  <testcase name="allFooterWhatIsAimoodPage[https://aimood-stage1.intary.net/en/what-is-aimood, Screenshots_St1/](1)" classname="tests.WhatIsAimood.WhatIsAimoodChromeTests" time="6.226">
    <failure message="*** Images are not similar *** expected [true] but found [false]" type="java.lang.AssertionError"><![CDATA[java.lang.AssertionError: *** Images are not similar *** expected [true] but found [false]
	at tests.WhatIsAimood.WhatIsAimoodChromeTests.allFooterWhatIsAimoodPage(WhatIsAimoodChromeTests.java:170)
]]></failure>
    <system-out><![CDATA[The two images are not similar.
Difference found. See the file D:\jenkins-agent-data\workspace\pixelPerfectMultiPlatform_AI_Mood_St1\Screenshots_St1\WhatIsAimood_page\EnChrome\Screenshots_allFooterWhatIsAimoodPage\difference.png for details.
]]></system-out>
  </testcase>
  <testcase name="allHeaderResetPasswordPage[https://aimood-stage1.intary.net/en/reset-password-1, Screenshots_St1/](1)" classname="tests.resetPasswordPageTests.AllPageFirefoxTests" time="8.894">
    <system-out><![CDATA[The two images are similar.
]]></system-out>
  </testcase>
  <testcase name="getStartedHeaderResetPasswordPage[https://aimood-stage1.intary.net/en/reset-password-1, Screenshots_St1/](1)" classname="tests.resetPasswordPageTests.AllPageFirefoxTests" time="5.282">
    <system-out><![CDATA[The two images are similar.
]]></system-out>
  </testcase>
  <testcase name="learnHeaderResetPasswordPage[https://aimood-stage1.intary.net/en/reset-password-1, Screenshots_St1/](1)" classname="tests.resetPasswordPageTests.AllPageFirefoxTests" time="4.79">
    <failure message="*** Images are not similar *** expected [true] but found [false]" type="java.lang.AssertionError"><![CDATA[java.lang.AssertionError: *** Images are not similar *** expected [true] but found [false]
	at tests.resetPasswordPageTests.AllPageFirefoxTests.learnHeaderResetPasswordPage(AllPageFirefoxTests.java:61)
]]></failure>
    <system-out><![CDATA[The two images are not similar.
Difference found. See the file D:\jenkins-agent-data\workspace\pixelPerfectMultiPlatform_AI_Mood_St1\Screenshots_St1\ResetPassword_page\EnFirefox\Screenshots_learnHeaderResetPasswordPage\difference.png for details.
]]></system-out>
  </testcase>
  <testcase name="resourcesHeaderResetPasswordPage[https://aimood-stage1.intary.net/en/reset-password-1, Screenshots_St1/](1)" classname="tests.resetPasswordPageTests.AllPageFirefoxTests" time="5.428">
    <system-out><![CDATA[The two images are similar.
]]></system-out>
  </testcase>
  <testcase name="mainSectionResetPasswordPage[https://aimood-stage1.intary.net/en/reset-password-1, Screenshots_St1/](1)" classname="tests.resetPasswordPageTests.AllPageFirefoxTests" time="7.087">
    <system-out><![CDATA[The two images are similar.
]]></system-out>
  </testcase>
  <testcase name="allFooterResetPasswordPage[https://aimood-stage1.intary.net/en/reset-password-1, Screenshots_St1/](1)" classname="tests.resetPasswordPageTests.AllPageFirefoxTests" time="5.824">
    <failure message="*** Images are not similar *** expected [true] but found [false]" type="java.lang.AssertionError"><![CDATA[java.lang.AssertionError: *** Images are not similar *** expected [true] but found [false]
	at tests.resetPasswordPageTests.AllPageFirefoxTests.allFooterResetPasswordPage(AllPageFirefoxTests.java:137)
]]></failure>
    <system-out><![CDATA[The two images are not similar.
Difference found. See the file D:\jenkins-agent-data\workspace\pixelPerfectMultiPlatform_AI_Mood_St1\Screenshots_St1\ResetPassword_page\EnFirefox\Screenshots_allFooterResetPasswordPage\difference.png for details.
]]></system-out>
  </testcase>
  <testcase name="allHeaderResetPasswordPage[https://aimood-stage1.intary.net/en/reset-password-1, Screenshots_St1/](1)" classname="tests.resetPasswordPageTests.AllPageChromeTests" time="10.029">
    <system-out><![CDATA[The two images are similar.
]]></system-out>
    <system-err><![CDATA[жовт. 04, 2023 10:46:14 ДП org.openqa.selenium.devtools.CdpVersionFinder findNearestMatch
WARNING: Unable to find an exact match for CDP version 117, so returning the closest version found: 115
]]></system-err>
  </testcase>
  <testcase name="getStartedHeaderResetPasswordPage[https://aimood-stage1.intary.net/en/reset-password-1, Screenshots_St1/](1)" classname="tests.resetPasswordPageTests.AllPageChromeTests" time="5.837">
    <system-out><![CDATA[The two images are similar.
]]></system-out>
  </testcase>
  <testcase name="learnHeaderResetPasswordPage[https://aimood-stage1.intary.net/en/reset-password-1, Screenshots_St1/](1)" classname="tests.resetPasswordPageTests.AllPageChromeTests" time="4.949">
    <failure message="*** Images are not similar *** expected [true] but found [false]" type="java.lang.AssertionError"><![CDATA[java.lang.AssertionError: *** Images are not similar *** expected [true] but found [false]
	at tests.resetPasswordPageTests.AllPageChromeTests.learnHeaderResetPasswordPage(AllPageChromeTests.java:62)
]]></failure>
    <system-out><![CDATA[The two images are not similar.
Difference found. See the file D:\jenkins-agent-data\workspace\pixelPerfectMultiPlatform_AI_Mood_St1\Screenshots_St1\ResetPassword_page\EnChrome\Screenshots_learnHeaderResetPasswordPage\difference.png for details.
]]></system-out>
  </testcase>
  <testcase name="resourcesHeaderResetPasswordPage[https://aimood-stage1.intary.net/en/reset-password-1, Screenshots_St1/](1)" classname="tests.resetPasswordPageTests.AllPageChromeTests" time="5.473">
    <system-out><![CDATA[The two images are similar.
]]></system-out>
  </testcase>
  <testcase name="mainSectionResetPasswordPage[https://aimood-stage1.intary.net/en/reset-password-1, Screenshots_St1/](1)" classname="tests.resetPasswordPageTests.AllPageChromeTests" time="7.416">
    <system-out><![CDATA[The two images are similar.
]]></system-out>
  </testcase>
  <testcase name="allFooterResetPasswordPage[https://aimood-stage1.intary.net/en/reset-password-1, Screenshots_St1/](1)" classname="tests.resetPasswordPageTests.AllPageChromeTests" time="6.114">
    <failure message="*** Images are not similar *** expected [true] but found [false]" type="java.lang.AssertionError"><![CDATA[java.lang.AssertionError: *** Images are not similar *** expected [true] but found [false]
	at tests.resetPasswordPageTests.AllPageChromeTests.allFooterResetPasswordPage(AllPageChromeTests.java:138)
]]></failure>
    <system-out><![CDATA[The two images are not similar.
Difference found. See the file D:\jenkins-agent-data\workspace\pixelPerfectMultiPlatform_AI_Mood_St1\Screenshots_St1\ResetPassword_page\EnChrome\Screenshots_allFooterResetPasswordPage\difference.png for details.
]]></system-out>
  </testcase>
  <testcase name="allHeaderResetPasswordPage2[https://aimood-stage1.intary.net/en/reset-password-2, Screenshots_St1/](1)" classname="tests.resetPasswordPage2Tests.AllPageFirefoxTests" time="11.736">
    <system-out><![CDATA[The two images are similar.
]]></system-out>
  </testcase>
  <testcase name="getStartedHeaderResetPasswordPage2[https://aimood-stage1.intary.net/en/reset-password-2, Screenshots_St1/](1)" classname="tests.resetPasswordPage2Tests.AllPageFirefoxTests" time="5.858">
    <system-out><![CDATA[The two images are similar.
]]></system-out>
  </testcase>
  <testcase name="learnHeaderResetPasswordPage2[https://aimood-stage1.intary.net/en/reset-password-2, Screenshots_St1/](1)" classname="tests.resetPasswordPage2Tests.AllPageFirefoxTests" time="5.33">
    <failure message="*** Images are not similar *** expected [true] but found [false]" type="java.lang.AssertionError"><![CDATA[java.lang.AssertionError: *** Images are not similar *** expected [true] but found [false]
	at tests.resetPasswordPage2Tests.AllPageFirefoxTests.learnHeaderResetPasswordPage2(AllPageFirefoxTests.java:62)
]]></failure>
    <system-out><![CDATA[The two images are not similar.
Difference found. See the file D:\jenkins-agent-data\workspace\pixelPerfectMultiPlatform_AI_Mood_St1\Screenshots_St1\ResetPassword_page_2\EnFirefox\Screenshots_learnHeaderResetPasswordPage2\difference.png for details.
]]></system-out>
  </testcase>
  <testcase name="resourcesHeaderResetPasswordPage2[https://aimood-stage1.intary.net/en/reset-password-2, Screenshots_St1/](1)" classname="tests.resetPasswordPage2Tests.AllPageFirefoxTests" time="5.994">
    <system-out><![CDATA[The two images are similar.
]]></system-out>
  </testcase>
  <testcase name="mainSectionResetPasswordPage2[https://aimood-stage1.intary.net/en/reset-password-2, Screenshots_St1/](1)" classname="tests.resetPasswordPage2Tests.AllPageFirefoxTests" time="7.73">
    <system-out><![CDATA[The two images are similar.
]]></system-out>
  </testcase>
  <testcase name="allFooterResetPasswordPage2[https://aimood-stage1.intary.net/en/reset-password-2, Screenshots_St1/](1)" classname="tests.resetPasswordPage2Tests.AllPageFirefoxTests" time="6.411">
    <failure message="*** Images are not similar *** expected [true] but found [false]" type="java.lang.AssertionError"><![CDATA[java.lang.AssertionError: *** Images are not similar *** expected [true] but found [false]
	at tests.resetPasswordPage2Tests.AllPageFirefoxTests.allFooterResetPasswordPage2(AllPageFirefoxTests.java:138)
]]></failure>
    <system-out><![CDATA[The two images are not similar.
Difference found. See the file D:\jenkins-agent-data\workspace\pixelPerfectMultiPlatform_AI_Mood_St1\Screenshots_St1\ResetPassword_page_2\EnFirefox\Screenshots_allFooterResetPasswordPage2\difference.png for details.
]]></system-out>
  </testcase>
  <testcase name="allHeaderResetPasswordPage2[https://aimood-stage1.intary.net/en/reset-password-2, Screenshots_St1/](1)" classname="tests.resetPasswordPage2Tests.AllPageChromeTests" time="8.542">
    <system-out><![CDATA[The two images are similar.
]]></system-out>
    <system-err><![CDATA[жовт. 04, 2023 10:47:43 ДП org.openqa.selenium.devtools.CdpVersionFinder findNearestMatch
WARNING: Unable to find an exact match for CDP version 117, so returning the closest version found: 115
]]></system-err>
  </testcase>
  <testcase name="getStartedHeaderResetPasswordPage2[https://aimood-stage1.intary.net/en/reset-password-2, Screenshots_St1/](1)" classname="tests.resetPasswordPage2Tests.AllPageChromeTests" time="5.492">
    <system-out><![CDATA[The two images are similar.
]]></system-out>
  </testcase>
  <testcase name="learnHeaderResetPasswordPage2[https://aimood-stage1.intary.net/en/reset-password-2, Screenshots_St1/](1)" classname="tests.resetPasswordPage2Tests.AllPageChromeTests" time="4.893">
    <failure message="*** Images are not similar *** expected [true] but found [false]" type="java.lang.AssertionError"><![CDATA[java.lang.AssertionError: *** Images are not similar *** expected [true] but found [false]
	at tests.resetPasswordPage2Tests.AllPageChromeTests.learnHeaderResetPasswordPage2(AllPageChromeTests.java:62)
]]></failure>
    <system-out><![CDATA[The two images are not similar.
Difference found. See the file D:\jenkins-agent-data\workspace\pixelPerfectMultiPlatform_AI_Mood_St1\Screenshots_St1\ResetPassword_page_2\EnChrome\Screenshots_learnHeaderResetPasswordPage2\difference.png for details.
]]></system-out>
  </testcase>
  <testcase name="resourcesHeaderResetPasswordPage2[https://aimood-stage1.intary.net/en/reset-password-2, Screenshots_St1/](1)" classname="tests.resetPasswordPage2Tests.AllPageChromeTests" time="5.375">
    <system-out><![CDATA[The two images are similar.
]]></system-out>
  </testcase>
  <testcase name="mainSectionResetPasswordPage2[https://aimood-stage1.intary.net/en/reset-password-2, Screenshots_St1/](1)" classname="tests.resetPasswordPage2Tests.AllPageChromeTests" time="7.261">
    <system-out><![CDATA[The two images are similar.
]]></system-out>
  </testcase>
  <testcase name="allFooterResetPasswordPage2[https://aimood-stage1.intary.net/en/reset-password-2, Screenshots_St1/](1)" classname="tests.resetPasswordPage2Tests.AllPageChromeTests" time="5.961">
    <failure message="*** Images are not similar *** expected [true] but found [false]" type="java.lang.AssertionError"><![CDATA[java.lang.AssertionError: *** Images are not similar *** expected [true] but found [false]
	at tests.resetPasswordPage2Tests.AllPageChromeTests.allFooterResetPasswordPage2(AllPageChromeTests.java:138)
]]></failure>
    <system-out><![CDATA[The two images are not similar.
Difference found. See the file D:\jenkins-agent-data\workspace\pixelPerfectMultiPlatform_AI_Mood_St1\Screenshots_St1\ResetPassword_page_2\EnChrome\Screenshots_allFooterResetPasswordPage2\difference.png for details.
]]></system-out>
  </testcase>
  <testcase name="allHeaderSignInPage[https://aimood-stage1.intary.net/en/login, Screenshots_St1/](1)" classname="tests.signInPageTests.AllPageFirefoxTests" time="11.705">
    <system-out><![CDATA[The two images are similar.
]]></system-out>
  </testcase>
  <testcase name="getStartedHeaderSignInPage[https://aimood-stage1.intary.net/en/login, Screenshots_St1/](1)" classname="tests.signInPageTests.AllPageFirefoxTests" time="5.785">
    <system-out><![CDATA[The two images are similar.
]]></system-out>
  </testcase>
  <testcase name="learnHeaderSignInPage[https://aimood-stage1.intary.net/en/login, Screenshots_St1/](1)" classname="tests.signInPageTests.AllPageFirefoxTests" time="5.173">
    <failure message="*** Images are not similar *** expected [true] but found [false]" type="java.lang.AssertionError"><![CDATA[java.lang.AssertionError: *** Images are not similar *** expected [true] but found [false]
	at tests.signInPageTests.AllPageFirefoxTests.learnHeaderSignInPage(AllPageFirefoxTests.java:61)
]]></failure>
    <system-out><![CDATA[The two images are not similar.
Difference found. See the file D:\jenkins-agent-data\workspace\pixelPerfectMultiPlatform_AI_Mood_St1\Screenshots_St1\SignIn_page\EnFirefox\Screenshots_learnHeaderSignInPage\difference.png for details.
]]></system-out>
  </testcase>
  <testcase name="resourcesHeaderSignInPage[https://aimood-stage1.intary.net/en/login, Screenshots_St1/](1)" classname="tests.signInPageTests.AllPageFirefoxTests" time="5.731">
    <system-out><![CDATA[The two images are similar.
]]></system-out>
  </testcase>
  <testcase name="mainSectionSignInPage[https://aimood-stage1.intary.net/en/login, Screenshots_St1/](1)" classname="tests.signInPageTests.AllPageFirefoxTests" time="7.529">
    <system-out><![CDATA[The two images are similar.
]]></system-out>
  </testcase>
  <testcase name="allFooterSignInPage[https://aimood-stage1.intary.net/en/login, Screenshots_St1/](1)" classname="tests.signInPageTests.AllPageFirefoxTests" time="6.349">
    <failure message="*** Images are not similar *** expected [true] but found [false]" type="java.lang.AssertionError"><![CDATA[java.lang.AssertionError: *** Images are not similar *** expected [true] but found [false]
	at tests.signInPageTests.AllPageFirefoxTests.allFooterSignInPage(AllPageFirefoxTests.java:137)
]]></failure>
    <system-out><![CDATA[The two images are not similar.
Difference found. See the file D:\jenkins-agent-data\workspace\pixelPerfectMultiPlatform_AI_Mood_St1\Screenshots_St1\SignIn_page\EnFirefox\Screenshots_allFooterSignInPage\difference.png for details.
]]></system-out>
  </testcase>
  <testcase name="allHeaderSignInPage[https://aimood-stage1.intary.net/en/login, Screenshots_St1/](1)" classname="tests.signInPageTests.AllPageChromeTests" time="9.469">
    <system-out><![CDATA[The two images are similar.
]]></system-out>
    <system-err><![CDATA[жовт. 04, 2023 10:49:08 ДП org.openqa.selenium.devtools.CdpVersionFinder findNearestMatch
WARNING: Unable to find an exact match for CDP version 117, so returning the closest version found: 115
]]></system-err>
  </testcase>
  <testcase name="getStartedHeaderSignInPage[https://aimood-stage1.intary.net/en/login, Screenshots_St1/](1)" classname="tests.signInPageTests.AllPageChromeTests" time="5.993">
    <system-out><![CDATA[The two images are similar.
]]></system-out>
  </testcase>
  <testcase name="learnHeaderSignInPage[https://aimood-stage1.intary.net/en/login, Screenshots_St1/](1)" classname="tests.signInPageTests.AllPageChromeTests" time="5.071">
    <failure message="*** Images are not similar *** expected [true] but found [false]" type="java.lang.AssertionError"><![CDATA[java.lang.AssertionError: *** Images are not similar *** expected [true] but found [false]
	at tests.signInPageTests.AllPageChromeTests.learnHeaderSignInPage(AllPageChromeTests.java:62)
]]></failure>
    <system-out><![CDATA[The two images are not similar.
Difference found. See the file D:\jenkins-agent-data\workspace\pixelPerfectMultiPlatform_AI_Mood_St1\Screenshots_St1\SignIn_page\EnChrome\Screenshots_learnHeaderSignInPage\difference.png for details.
]]></system-out>
  </testcase>
  <testcase name="resourcesHeaderSignInPage[https://aimood-stage1.intary.net/en/login, Screenshots_St1/](1)" classname="tests.signInPageTests.AllPageChromeTests" time="5.559">
    <system-out><![CDATA[The two images are similar.
]]></system-out>
  </testcase>
  <testcase name="mainSectionSignInPage[https://aimood-stage1.intary.net/en/login, Screenshots_St1/](1)" classname="tests.signInPageTests.AllPageChromeTests" time="7.471">
    <system-out><![CDATA[The two images are similar.
]]></system-out>
  </testcase>
  <testcase name="allFooterSignInPage[https://aimood-stage1.intary.net/en/login, Screenshots_St1/](1)" classname="tests.signInPageTests.AllPageChromeTests" time="6.135">
    <failure message="*** Images are not similar *** expected [true] but found [false]" type="java.lang.AssertionError"><![CDATA[java.lang.AssertionError: *** Images are not similar *** expected [true] but found [false]
	at tests.signInPageTests.AllPageChromeTests.allFooterSignInPage(AllPageChromeTests.java:138)
]]></failure>
    <system-out><![CDATA[The two images are not similar.
Difference found. See the file D:\jenkins-agent-data\workspace\pixelPerfectMultiPlatform_AI_Mood_St1\Screenshots_St1\SignIn_page\EnChrome\Screenshots_allFooterSignInPage\difference.png for details.
]]></system-out>
  </testcase>
  <testcase name="allHeaderSignUpPage[https://aimood-stage1.intary.net/en/register, Screenshots_St1/](1)" classname="tests.signUpPageTests.AllPageFirefoxTests" time="8.947">
    <system-out><![CDATA[The two images are similar.
]]></system-out>
  </testcase>
  <testcase name="getStartedHeaderSignUpPage[https://aimood-stage1.intary.net/en/register, Screenshots_St1/](1)" classname="tests.signUpPageTests.AllPageFirefoxTests" time="5.271">
    <system-out><![CDATA[The two images are similar.
]]></system-out>
  </testcase>
  <testcase name="learnHeaderSignUpPage[https://aimood-stage1.intary.net/en/register, Screenshots_St1/](1)" classname="tests.signUpPageTests.AllPageFirefoxTests" time="4.757">
    <failure message="*** Images are not similar *** expected [true] but found [false]" type="java.lang.AssertionError"><![CDATA[java.lang.AssertionError: *** Images are not similar *** expected [true] but found [false]
	at tests.signUpPageTests.AllPageFirefoxTests.learnHeaderSignUpPage(AllPageFirefoxTests.java:62)
]]></failure>
    <system-out><![CDATA[The two images are not similar.
Difference found. See the file D:\jenkins-agent-data\workspace\pixelPerfectMultiPlatform_AI_Mood_St1\Screenshots_St1\SignUp_page\EnFirefox\Screenshots_learnHeaderSignUpPage\difference.png for details.
]]></system-out>
  </testcase>
  <testcase name="resourcesHeaderSignUpPage[https://aimood-stage1.intary.net/en/register, Screenshots_St1/](1)" classname="tests.signUpPageTests.AllPageFirefoxTests" time="5.344">
    <system-out><![CDATA[The two images are similar.
]]></system-out>
  </testcase>
  <testcase name="mainSectionSignUpPage[https://aimood-stage1.intary.net/en/register, Screenshots_St1/](1)" classname="tests.signUpPageTests.AllPageFirefoxTests" time="7.114">
    <system-out><![CDATA[The two images are similar.
]]></system-out>
  </testcase>
  <testcase name="allFooterSignUpPage[https://aimood-stage1.intary.net/en/register, Screenshots_St1/](1)" classname="tests.signUpPageTests.AllPageFirefoxTests" time="5.814">
    <failure message="*** Images are not similar *** expected [true] but found [false]" type="java.lang.AssertionError"><![CDATA[java.lang.AssertionError: *** Images are not similar *** expected [true] but found [false]
	at tests.signUpPageTests.AllPageFirefoxTests.allFooterSignUpPage(AllPageFirefoxTests.java:138)
]]></failure>
    <system-out><![CDATA[The two images are not similar.
Difference found. See the file D:\jenkins-agent-data\workspace\pixelPerfectMultiPlatform_AI_Mood_St1\Screenshots_St1\SignUp_page\EnFirefox\Screenshots_allFooterSignUpPage\difference.png for details.
]]></system-out>
  </testcase>
  <testcase name="allHeaderSignUpPage[https://aimood-stage1.intary.net/en/register, Screenshots_St1/](1)" classname="tests.signUpPageTests.AllPageChromeTests" time="11.297">
[...]
    <system-out><![CDATA[The two images are similar.
]]></system-out>
  </testcase>
  <testcase name="profileHeaderAccountP2PPage[https://aimood-stage1.intary.net/en/account/p2p, Screenshots_St1/](1)" classname="tests.accountP2PPageTests.AllPageChromeTests" time="7.483">
    <system-out><![CDATA[The two images are similar.
]]></system-out>
  </testcase>
  <testcase name="mainSectionAccountP2PPage[https://aimood-stage1.intary.net/en/account/p2p, Screenshots_St1/](1)" classname="tests.accountP2PPageTests.AllPageChromeTests" time="7.147">
    <failure message="*** Images are not similar *** expected [true] but found [false]" type="java.lang.AssertionError"><![CDATA[java.lang.AssertionError: *** Images are not similar *** expected [true] but found [false]
	at tests.accountP2PPageTests.AllPageChromeTests.mainSectionAccountP2PPage(AllPageChromeTests.java:177)
]]></failure>
    <system-out><![CDATA[The two images are not similar.
Difference found. See the file D:\jenkins-agent-data\workspace\pixelPerfectMultiPlatform_AI_Mood_St1\Screenshots_St1\AccountP2P_page\EnChrome\Screenshots_mainSectionAccountP2PPage\difference.png for details.
]]></system-out>
  </testcase>
  <testcase name="allFooterAccountP2PPage[https://aimood-stage1.intary.net/en/account/p2p, Screenshots_St1/](1)" classname="tests.accountP2PPageTests.AllPageChromeTests" time="6.225">
    <failure message="*** Images are not similar *** expected [true] but found [false]" type="java.lang.AssertionError"><![CDATA[java.lang.AssertionError: *** Images are not similar *** expected [true] but found [false]
	at tests.accountP2PPageTests.AllPageChromeTests.allFooterAccountP2PPage(AllPageChromeTests.java:198)
]]></failure>
    <system-out><![CDATA[The two images are not similar.
Difference found. See the file D:\jenkins-agent-data\workspace\pixelPerfectMultiPlatform_AI_Mood_St1\Screenshots_St1\AccountP2P_page\EnChrome\Screenshots_allFooterAccountP2PPage\difference.png for details.
]]></system-out>
  </testcase>
  <testcase name="signInUser[https://aimood-stage1.intary.net/en/](1)" classname="tests.accountDashboardPageTests.AllPageFirefoxTests" time="22.248"/>
  <testcase name="allHeaderAccountDashboardPage[https://aimood-stage1.intary.net/en/account/dashboard, Screenshots_St1/](1)" classname="tests.accountDashboardPageTests.AllPageFirefoxTests" time="8.019">
    <system-out><![CDATA[The two images are similar.
]]></system-out>
  </testcase>
  <testcase name="getStartedHeaderAccountDashboardPage[https://aimood-stage1.intary.net/en/account/dashboard, Screenshots_St1/](1)" classname="tests.accountDashboardPageTests.AllPageFirefoxTests" time="8.214">
    <system-out><![CDATA[The two images are similar.
]]></system-out>
  </testcase>
  <testcase name="learnHeaderAccountDashboardPage[https://aimood-stage1.intary.net/en/account/dashboard, Screenshots_St1/](1)" classname="tests.accountDashboardPageTests.AllPageFirefoxTests" time="8.301">
    <failure message="*** Images are not similar *** expected [true] but found [false]" type="java.lang.AssertionError"><![CDATA[java.lang.AssertionError: *** Images are not similar *** expected [true] but found [false]
	at tests.accountDashboardPageTests.AllPageFirefoxTests.learnHeaderAccountDashboardPage(AllPageFirefoxTests.java:81)
]]></failure>
    <system-out><![CDATA[The two images are not similar.
Difference found. See the file D:\jenkins-agent-data\workspace\pixelPerfectMultiPlatform_AI_Mood_St1\Screenshots_St1\AccountDashboard_page\EnFirefox\Screenshots_learnHeaderAccountDashboardPage\difference.png for details.
]]></system-out>
  </testcase>
  <testcase name="resourcesHeaderAccountDashboardPage[https://aimood-stage1.intary.net/en/account/dashboard, Screenshots_St1/](1)" classname="tests.accountDashboardPageTests.AllPageFirefoxTests" time="8.423">
    <system-out><![CDATA[The two images are similar.
]]></system-out>
  </testcase>
  <testcase name="notificationsHeaderAccountDashboardPage[https://aimood-stage1.intary.net/en/account/dashboard, Screenshots_St1/](1)" classname="tests.accountDashboardPageTests.AllPageFirefoxTests" time="8.457">
    <system-out><![CDATA[The two images are similar.
]]></system-out>
  </testcase>
  <testcase name="profileHeaderAccountDashboardPage[https://aimood-stage1.intary.net/en/account/dashboard, Screenshots_St1/](1)" classname="tests.accountDashboardPageTests.AllPageFirefoxTests" time="8.358">
    <system-out><![CDATA[The two images are similar.
]]></system-out>
  </testcase>
  <testcase name="mainSectionAccountDashboardPage[https://aimood-stage1.intary.net/en/account/dashboard, Screenshots_St1/](1)" classname="tests.accountDashboardPageTests.AllPageFirefoxTests" time="8.275">
    <failure message="*** Images are not similar *** expected [true] but found [false]" type="java.lang.AssertionError"><![CDATA[java.lang.AssertionError: *** Images are not similar *** expected [true] but found [false]
	at tests.accountDashboardPageTests.AllPageFirefoxTests.mainSectionAccountDashboardPage(AllPageFirefoxTests.java:177)
]]></failure>
    <system-out><![CDATA[The two images are not similar.
Difference found. See the file D:\jenkins-agent-data\workspace\pixelPerfectMultiPlatform_AI_Mood_St1\Screenshots_St1\AccountDashboard_page\EnFirefox\Screenshots_mainSectionAccountDashboardPage\difference.png for details.
]]></system-out>
  </testcase>
  <testcase name="allFooterAccountDashboardPage[https://aimood-stage1.intary.net/en/account/dashboard, Screenshots_St1/](1)" classname="tests.accountDashboardPageTests.AllPageFirefoxTests" time="8.272">
    <failure message="*** Images are not similar *** expected [true] but found [false]" type="java.lang.AssertionError"><![CDATA[java.lang.AssertionError: *** Images are not similar *** expected [true] but found [false]
	at tests.accountDashboardPageTests.AllPageFirefoxTests.allFooterAccountDashboardPage(AllPageFirefoxTests.java:200)
]]></failure>
    <system-out><![CDATA[The two images are not similar.
Difference found. See the file D:\jenkins-agent-data\workspace\pixelPerfectMultiPlatform_AI_Mood_St1\Screenshots_St1\AccountDashboard_page\EnFirefox\Screenshots_allFooterAccountDashboardPage\difference.png for details.
]]></system-out>
  </testcase>
  <testcase name="signInUser[https://aimood-stage1.intary.net/en/](1)" classname="tests.accountDashboardPageTests.AllPageChromeTests" time="32.034">
    <system-err><![CDATA[жовт. 04, 2023 11:02:24 ДП org.openqa.selenium.devtools.CdpVersionFinder findNearestMatch
WARNING: Unable to find an exact match for CDP version 117, so returning the closest version found: 115
]]></system-err>
  </testcase>
  <testcase name="allHeaderAccountDashboardPage[https://aimood-stage1.intary.net/en/account/dashboard, Screenshots_St1/](1)" classname="tests.accountDashboardPageTests.AllPageChromeTests" time="10.664">
    <system-out><![CDATA[The two images are similar.
]]></system-out>
  </testcase>
  <testcase name="getStartedHeaderAccountDashboardPage[https://aimood-stage1.intary.net/en/account/dashboard, Screenshots_St1/](1)" classname="tests.accountDashboardPageTests.AllPageChromeTests" time="8.903">
    <system-out><![CDATA[The two images are similar.
]]></system-out>
  </testcase>
  <testcase name="learnHeaderAccountDashboardPage[https://aimood-stage1.intary.net/en/account/dashboard, Screenshots_St1/](1)" classname="tests.accountDashboardPageTests.AllPageChromeTests" time="7.913">
    <failure message="*** Images are not similar *** expected [true] but found [false]" type="java.lang.AssertionError"><![CDATA[java.lang.AssertionError: *** Images are not similar *** expected [true] but found [false]
	at tests.accountDashboardPageTests.AllPageChromeTests.learnHeaderAccountDashboardPage(AllPageChromeTests.java:81)
]]></failure>
    <system-out><![CDATA[The two images are not similar.
Difference found. See the file D:\jenkins-agent-data\workspace\pixelPerfectMultiPlatform_AI_Mood_St1\Screenshots_St1\AccountDashboard_page\EnChrome\Screenshots_learnHeaderAccountDashboardPage\difference.png for details.
]]></system-out>
  </testcase>
  <testcase name="resourcesHeaderAccountDashboardPage[https://aimood-stage1.intary.net/en/account/dashboard, Screenshots_St1/](1)" classname="tests.accountDashboardPageTests.AllPageChromeTests" time="8.534">
    <system-out><![CDATA[The two images are similar.
]]></system-out>
  </testcase>
  <testcase name="notificationsHeaderAccountDashboardPage[https://aimood-stage1.intary.net/en/account/dashboard, Screenshots_St1/](1)" classname="tests.accountDashboardPageTests.AllPageChromeTests" time="9.141">
    <system-out><![CDATA[The two images are similar.
]]></system-out>
  </testcase>
  <testcase name="profileHeaderAccountDashboardPage[https://aimood-stage1.intary.net/en/account/dashboard, Screenshots_St1/](1)" classname="tests.accountDashboardPageTests.AllPageChromeTests" time="8.55">
    <system-out><![CDATA[The two images are similar.
]]></system-out>
  </testcase>
  <testcase name="mainSectionAccountDashboardPage[https://aimood-stage1.intary.net/en/account/dashboard, Screenshots_St1/](1)" classname="tests.accountDashboardPageTests.AllPageChromeTests" time="8.249">
    <failure message="*** Images are not similar *** expected [true] but found [false]" type="java.lang.AssertionError"><![CDATA[java.lang.AssertionError: *** Images are not similar *** expected [true] but found [false]
	at tests.accountDashboardPageTests.AllPageChromeTests.mainSectionAccountDashboardPage(AllPageChromeTests.java:177)
]]></failure>
    <system-out><![CDATA[The two images are not similar.
Difference found. See the file D:\jenkins-agent-data\workspace\pixelPerfectMultiPlatform_AI_Mood_St1\Screenshots_St1\AccountDashboard_page\EnChrome\Screenshots_mainSectionAccountDashboardPage\difference.png for details.
]]></system-out>
  </testcase>
  <testcase name="allFooterAccountDashboardPage[https://aimood-stage1.intary.net/en/account/dashboard, Screenshots_St1/](1)" classname="tests.accountDashboardPageTests.AllPageChromeTests" time="8.132">
    <failure message="*** Images are not similar *** expected [true] but found [false]" type="java.lang.AssertionError"><![CDATA[java.lang.AssertionError: *** Images are not similar *** expected [true] but found [false]
	at tests.accountDashboardPageTests.AllPageChromeTests.allFooterAccountDashboardPage(AllPageChromeTests.java:200)
]]></failure>
    <system-out><![CDATA[The two images are not similar.
Difference found. See the file D:\jenkins-agent-data\workspace\pixelPerfectMultiPlatform_AI_Mood_St1\Screenshots_St1\AccountDashboard_page\EnChrome\Screenshots_allFooterAccountDashboardPage\difference.png for details.
]]></system-out>
  </testcase>
  <testcase name="signInUser[https://aimood-stage1.intary.net/en/](1)" classname="tests.accountAffiliateProgramPageTests.AllPageFirefoxTests" time="71.295"/>
  <testcase name="allHeaderAccountAffiliateProgramPage[https://aimood-stage1.intary.net/en/account/affiliate-program, Screenshots_St1/](1)" classname="tests.accountAffiliateProgramPageTests.AllPageFirefoxTests" time="9.357">
    <system-out><![CDATA[The two images are similar.
]]></system-out>
  </testcase>
  <testcase name="getStartedHeaderAccountAffiliateProgramPage[https://aimood-stage1.intary.net/en/account/affiliate-program, Screenshots_St1/](1)" classname="tests.accountAffiliateProgramPageTests.AllPageFirefoxTests" time="7.946">
    <system-out><![CDATA[The two images are similar.
]]></system-out>
  </testcase>
  <testcase name="learnHeaderAccountAffiliateProgramPage[https://aimood-stage1.intary.net/en/account/affiliate-program, Screenshots_St1/](1)" classname="tests.accountAffiliateProgramPageTests.AllPageFirefoxTests" time="7.761">
    <failure message="*** Images are not similar *** expected [true] but found [false]" type="java.lang.AssertionError"><![CDATA[java.lang.AssertionError: *** Images are not similar *** expected [true] but found [false]
	at tests.accountAffiliateProgramPageTests.AllPageFirefoxTests.learnHeaderAccountAffiliateProgramPage(AllPageFirefoxTests.java:83)
]]></failure>
    <system-out><![CDATA[The two images are not similar.
Difference found. See the file D:\jenkins-agent-data\workspace\pixelPerfectMultiPlatform_AI_Mood_St1\Screenshots_St1\AccountAffiliateProgram_page\EnFirefox\Screenshots_learnHeaderAccountAffiliateProgramPage\difference.png for details.
]]></system-out>
  </testcase>
  <testcase name="resourcesHeaderAccountAffiliateProgramPage[https://aimood-stage1.intary.net/en/account/affiliate-program, Screenshots_St1/](1)" classname="tests.accountAffiliateProgramPageTests.AllPageFirefoxTests" time="7.818">
    <system-out><![CDATA[The two images are similar.
]]></system-out>
  </testcase>
  <testcase name="notificationsHeaderAccountAffiliateProgramPage[https://aimood-stage1.intary.net/en/account/affiliate-program, Screenshots_St1/](1)" classname="tests.accountAffiliateProgramPageTests.AllPageFirefoxTests" time="8.324">
    <system-out><![CDATA[The two images are similar.
]]></system-out>
  </testcase>
  <testcase name="profileHeaderAccountAffiliateProgramPage[https://aimood-stage1.intary.net/en/account/affiliate-program, Screenshots_St1/](1)" classname="tests.accountAffiliateProgramPageTests.AllPageFirefoxTests" time="23.71">
    <system-out><![CDATA[The two images are similar.
]]></system-out>
  </testcase>
  <testcase name="mainSectionAccountAffiliateProgramPage[https://aimood-stage1.intary.net/en/account/affiliate-program, Screenshots_St1/](1)" classname="tests.accountAffiliateProgramPageTests.AllPageFirefoxTests" time="7.421">
    <failure message="*** Images are not similar *** expected [true] but found [false]" type="java.lang.AssertionError"><![CDATA[java.lang.AssertionError: *** Images are not similar *** expected [true] but found [false]
	at tests.accountAffiliateProgramPageTests.AllPageFirefoxTests.mainSectionAccountAffiliateProgramPage(AllPageFirefoxTests.java:179)
]]></failure>
    <system-out><![CDATA[The two images are not similar.
Difference found. See the file D:\jenkins-agent-data\workspace\pixelPerfectMultiPlatform_AI_Mood_St1\Screenshots_St1\AccountAffiliateProgram_page\EnFirefox\Screenshots_mainSectionAccountAffiliateProgramPage\difference.png for details.
]]></system-out>
  </testcase>
  <testcase name="allFooterAccountAffiliateProgramPage[https://aimood-stage1.intary.net/en/account/affiliate-program, Screenshots_St1/](1)" classname="tests.accountAffiliateProgramPageTests.AllPageFirefoxTests" time="10.836">
    <failure message="*** Images are not similar *** expected [true] but found [false]" type="java.lang.AssertionError"><![CDATA[java.lang.AssertionError: *** Images are not similar *** expected [true] but found [false]
	at tests.accountAffiliateProgramPageTests.AllPageFirefoxTests.allFooterAccountAffiliateProgramPage(AllPageFirefoxTests.java:200)
]]></failure>
    <system-out><![CDATA[The two images are not similar.
Difference found. See the file D:\jenkins-agent-data\workspace\pixelPerfectMultiPlatform_AI_Mood_St1\Screenshots_St1\AccountAffiliateProgram_page\EnFirefox\Screenshots_allFooterAccountAffiliateProgramPage\difference.png for details.
]]></system-out>
  </testcase>
  <testcase name="signInUser[https://aimood-stage1.intary.net/en/](1)" classname="tests.accountAffiliateProgramPageTests.AllPageChromeTests" time="57.697">
    <system-err><![CDATA[жовт. 04, 2023 11:06:45 ДП org.openqa.selenium.devtools.CdpVersionFinder findNearestMatch
WARNING: Unable to find an exact match for CDP version 117, so returning the closest version found: 115
]]></system-err>
  </testcase>
  <testcase name="allHeaderAccountAffiliateProgramPage[https://aimood-stage1.intary.net/en/account/affiliate-program, Screenshots_St1/](1)" classname="tests.accountAffiliateProgramPageTests.AllPageChromeTests" time="19.773">
    <system-out><![CDATA[The two images are similar.
]]></system-out>
  </testcase>
  <testcase name="getStartedHeaderAccountAffiliateProgramPage[https://aimood-stage1.intary.net/en/account/affiliate-program, Screenshots_St1/](1)" classname="tests.accountAffiliateProgramPageTests.AllPageChromeTests" time="13.817">
    <system-out><![CDATA[The two images are similar.
]]></system-out>
  </testcase>
  <testcase name="learnHeaderAccountAffiliateProgramPage[https://aimood-stage1.intary.net/en/account/affiliate-program, Screenshots_St1/](1)" classname="tests.accountAffiliateProgramPageTests.AllPageChromeTests" time="6.896">
    <failure message="*** Images are not similar *** expected [true] but found [false]" type="java.lang.AssertionError"><![CDATA[java.lang.AssertionError: *** Images are not similar *** expected [true] but found [false]
	at tests.accountAffiliateProgramPageTests.AllPageChromeTests.learnHeaderAccountAffiliateProgramPage(AllPageChromeTests.java:83)
]]></failure>
    <system-out><![CDATA[The two images are not similar.
Difference found. See the file D:\jenkins-agent-data\workspace\pixelPerfectMultiPlatform_AI_Mood_St1\Screenshots_St1\AccountAffiliateProgram_page\EnChrome\Screenshots_learnHeaderAccountAffiliateProgramPage\difference.png for details.
]]></system-out>
  </testcase>
  <testcase name="resourcesHeaderAccountAffiliateProgramPage[https://aimood-stage1.intary.net/en/account/affiliate-program, Screenshots_St1/](1)" classname="tests.accountAffiliateProgramPageTests.AllPageChromeTests" time="7.463">
    <system-out><![CDATA[The two images are similar.
]]></system-out>
  </testcase>
  <testcase name="notificationsHeaderAccountAffiliateProgramPage[https://aimood-stage1.intary.net/en/account/affiliate-program, Screenshots_St1/](1)" classname="tests.accountAffiliateProgramPageTests.AllPageChromeTests" time="15.23">
    <system-out><![CDATA[The two images are similar.
]]></system-out>
  </testcase>
  <testcase name="profileHeaderAccountAffiliateProgramPage[https://aimood-stage1.intary.net/en/account/affiliate-program, Screenshots_St1/](1)" classname="tests.accountAffiliateProgramPageTests.AllPageChromeTests" time="7.407">
    <system-out><![CDATA[The two images are similar.
]]></system-out>
  </testcase>
  <testcase name="mainSectionAccountAffiliateProgramPage[https://aimood-stage1.intary.net/en/account/affiliate-program, Screenshots_St1/](1)" classname="tests.accountAffiliateProgramPageTests.AllPageChromeTests" time="8.196">
    <failure message="*** Images are not similar *** expected [true] but found [false]" type="java.lang.AssertionError"><![CDATA[java.lang.AssertionError: *** Images are not similar *** expected [true] but found [false]
	at tests.accountAffiliateProgramPageTests.AllPageChromeTests.mainSectionAccountAffiliateProgramPage(AllPageChromeTests.java:183)
]]></failure>
    <system-out><![CDATA[The two images are not similar.
Difference found. See the file D:\jenkins-agent-data\workspace\pixelPerfectMultiPlatform_AI_Mood_St1\Screenshots_St1\AccountAffiliateProgram_page\EnChrome\Screenshots_mainSectionAccountAffiliateProgramPage\difference.png for details.
]]></system-out>
  </testcase>
  <testcase name="allFooterAccountAffiliateProgramPage[https://aimood-stage1.intary.net/en/account/affiliate-program, Screenshots_St1/](1)" classname="tests.accountAffiliateProgramPageTests.AllPageChromeTests" time="6.124">
    <failure message="*** Images are not similar *** expected [true] but found [false]" type="java.lang.AssertionError"><![CDATA[java.lang.AssertionError: *** Images are not similar *** expected [true] but found [false]
	at tests.accountAffiliateProgramPageTests.AllPageChromeTests.allFooterAccountAffiliateProgramPage(AllPageChromeTests.java:204)
]]></failure>
    <system-out><![CDATA[The two images are not similar.
Difference found. See the file D:\jenkins-agent-data\workspace\pixelPerfectMultiPlatform_AI_Mood_St1\Screenshots_St1\AccountAffiliateProgram_page\EnChrome\Screenshots_allFooterAccountAffiliateProgramPage\difference.png for details.
]]></system-out>
  </testcase>
</testsuite>