-------------------------------------------------------------------------------
Test set: TestSuite
-------------------------------------------------------------------------------
Tests run: 20, Failures: 20, Errors: 0, Skipped: 0, Time elapsed: 100.844 s <<< FAILURE! - in TestSuite
tests.affiliateProgramPageTests.AllPageFirefoxTests.allHeaderAffiliateProgramPage[https://ai-mood.com/en/affiliate-program, Screenshots/](1)  Time elapsed: 6.782 s  <<< FAILURE!
java.lang.AssertionError: *** Images are not similar *** expected [true] but found [false]
	at tests.affiliateProgramPageTests.AllPageFirefoxTests.allHeaderAffiliateProgramPage(AllPageFirefoxTests.java:26)

tests.affiliateProgramPageTests.AllPageFirefoxTests.getStartedHeaderAffiliateProgramPage[https://ai-mood.com/en/affiliate-program, Screenshots/](1)  Time elapsed: 3.653 s  <<< FAILURE!
java.lang.AssertionError: *** Images are not similar *** expected [true] but found [false]
	at tests.affiliateProgramPageTests.AllPageFirefoxTests.getStartedHeaderAffiliateProgramPage(AllPageFirefoxTests.java:44)

tests.affiliateProgramPageTests.AllPageFirefoxTests.learnHeaderAffiliateProgramPage[https://ai-mood.com/en/affiliate-program, Screenshots/](1)  Time elapsed: 3.628 s  <<< FAILURE!
java.lang.AssertionError: *** Images are not similar *** expected [true] but found [false]
	at tests.affiliateProgramPageTests.AllPageFirefoxTests.learnHeaderAffiliateProgramPage(AllPageFirefoxTests.java:62)

tests.affiliateProgramPageTests.AllPageFirefoxTests.resourcesHeaderAffiliateProgramPage[https://ai-mood.com/en/affiliate-program, Screenshots/](1)  Time elapsed: 3.644 s  <<< FAILURE!
java.lang.AssertionError: *** Images are not similar *** expected [true] but found [false]
	at tests.affiliateProgramPageTests.AllPageFirefoxTests.resourcesHeaderAffiliateProgramPage(AllPageFirefoxTests.java:80)

tests.affiliateProgramPageTests.AllPageFirefoxTests.mainSectionAffiliateProgramPage[https://ai-mood.com/en/affiliate-program, Screenshots/](1)  Time elapsed: 5.638 s  <<< FAILURE!
java.lang.AssertionError: *** Images are not similar *** expected [true] but found [false]
	at tests.affiliateProgramPageTests.AllPageFirefoxTests.mainSectionAffiliateProgramPage(AllPageFirefoxTests.java:118)

tests.affiliateProgramPageTests.AllPageFirefoxTests.affiliateSectionAffiliateProgramPage[https://ai-mood.com/en/affiliate-program, Screenshots/](1)  Time elapsed: 5.039 s  <<< FAILURE!
java.lang.AssertionError: *** Images are not similar *** expected [true] but found [false]
	at tests.affiliateProgramPageTests.AllPageFirefoxTests.affiliateSectionAffiliateProgramPage(AllPageFirefoxTests.java:137)

tests.affiliateProgramPageTests.AllPageFirefoxTests.allFooterAffiliateProgramPage[https://ai-mood.com/en/affiliate-program, Screenshots/](1)  Time elapsed: 4.729 s  <<< FAILURE!
java.lang.AssertionError: *** Images are not similar *** expected [true] but found [false]
	at tests.affiliateProgramPageTests.AllPageFirefoxTests.allFooterAffiliateProgramPage(AllPageFirefoxTests.java:158)

tests.affiliateProgramPageTests.AllPageFirefoxTests.partnFooterAffiliateProgramPage[https://ai-mood.com/en/affiliate-program, Screenshots/](1)  Time elapsed: 4.494 s  <<< FAILURE!
java.lang.AssertionError: *** Images are not similar *** expected [true] but found [false]
	at tests.affiliateProgramPageTests.AllPageFirefoxTests.partnFooterAffiliateProgramPage(AllPageFirefoxTests.java:177)

tests.affiliateProgramPageTests.AllPageFirefoxTests.subFooterAffiliateProgramPage[https://ai-mood.com/en/affiliate-program, Screenshots/](1)  Time elapsed: 4.467 s  <<< FAILURE!
java.lang.AssertionError: *** Images are not similar *** expected [true] but found [false]
	at tests.affiliateProgramPageTests.AllPageFirefoxTests.subFooterAffiliateProgramPage(AllPageFirefoxTests.java:196)

tests.affiliateProgramPageTests.AllPageFirefoxTests.copFooterAffiliateProgramPage[https://ai-mood.com/en/affiliate-program, Screenshots/](1)  Time elapsed: 3.532 s  <<< FAILURE!
java.lang.AssertionError: *** Images are not similar *** expected [true] but found [false]
	at tests.affiliateProgramPageTests.AllPageFirefoxTests.copFooterAffiliateProgramPage(AllPageFirefoxTests.java:215)

tests.affiliateProgramPageTests.AllPageChromeTests.allHeaderAffiliateProgramPage[https://ai-mood.com/en/affiliate-program, Screenshots/](1)  Time elapsed: 5.267 s  <<< FAILURE!
java.lang.AssertionError: *** Images are not similar *** expected [true] but found [false]
	at tests.affiliateProgramPageTests.AllPageChromeTests.allHeaderAffiliateProgramPage(AllPageChromeTests.java:27)

tests.affiliateProgramPageTests.AllPageChromeTests.getStartedHeaderAffiliateProgramPage[https://ai-mood.com/en/affiliate-program, Screenshots/](1)  Time elapsed: 3.948 s  <<< FAILURE!
java.lang.AssertionError: *** Images are not similar *** expected [true] but found [false]
	at tests.affiliateProgramPageTests.AllPageChromeTests.getStartedHeaderAffiliateProgramPage(AllPageChromeTests.java:45)

tests.affiliateProgramPageTests.AllPageChromeTests.learnHeaderAffiliateProgramPage[https://ai-mood.com/en/affiliate-program, Screenshots/](1)  Time elapsed: 3.835 s  <<< FAILURE!
java.lang.AssertionError: *** Images are not similar *** expected [true] but found [false]
	at tests.affiliateProgramPageTests.AllPageChromeTests.learnHeaderAffiliateProgramPage(AllPageChromeTests.java:63)

tests.affiliateProgramPageTests.AllPageChromeTests.resourcesHeaderAffiliateProgramPage[https://ai-mood.com/en/affiliate-program, Screenshots/](1)  Time elapsed: 3.831 s  <<< FAILURE!
java.lang.AssertionError: *** Images are not similar *** expected [true] but found [false]
	at tests.affiliateProgramPageTests.AllPageChromeTests.resourcesHeaderAffiliateProgramPage(AllPageChromeTests.java:81)

tests.affiliateProgramPageTests.AllPageChromeTests.mainSectionAffiliateProgramPage[https://ai-mood.com/en/affiliate-program, Screenshots/](1)  Time elapsed: 5.881 s  <<< FAILURE!
java.lang.AssertionError: *** Images are not similar *** expected [true] but found [false]
	at tests.affiliateProgramPageTests.AllPageChromeTests.mainSectionAffiliateProgramPage(AllPageChromeTests.java:119)

tests.affiliateProgramPageTests.AllPageChromeTests.affiliateSectionAffiliateProgramPage[https://ai-mood.com/en/affiliate-program, Screenshots/](1)  Time elapsed: 5.362 s  <<< FAILURE!
java.lang.AssertionError: *** Images are not similar *** expected [true] but found [false]
	at tests.affiliateProgramPageTests.AllPageChromeTests.affiliateSectionAffiliateProgramPage(AllPageChromeTests.java:138)

tests.affiliateProgramPageTests.AllPageChromeTests.allFooterAffiliateProgramPage[https://ai-mood.com/en/affiliate-program, Screenshots/](1)  Time elapsed: 4.901 s  <<< FAILURE!
java.lang.AssertionError: *** Images are not similar *** expected [true] but found [false]
	at tests.affiliateProgramPageTests.AllPageChromeTests.allFooterAffiliateProgramPage(AllPageChromeTests.java:159)

tests.affiliateProgramPageTests.AllPageChromeTests.partnFooterAffiliateProgramPage[https://ai-mood.com/en/affiliate-program, Screenshots/](1)  Time elapsed: 4.644 s  <<< FAILURE!
java.lang.AssertionError: *** Images are not similar *** expected [true] but found [false]
	at tests.affiliateProgramPageTests.AllPageChromeTests.partnFooterAffiliateProgramPage(AllPageChromeTests.java:178)

tests.affiliateProgramPageTests.AllPageChromeTests.subFooterAffiliateProgramPage[https://ai-mood.com/en/affiliate-program, Screenshots/](1)  Time elapsed: 4.69 s  <<< FAILURE!
java.lang.AssertionError: *** Images are not similar *** expected [true] but found [false]
	at tests.affiliateProgramPageTests.AllPageChromeTests.subFooterAffiliateProgramPage(AllPageChromeTests.java:197)

tests.affiliateProgramPageTests.AllPageChromeTests.copFooterAffiliateProgramPage[https://ai-mood.com/en/affiliate-program, Screenshots/](1)  Time elapsed: 3.687 s  <<< FAILURE!
java.lang.AssertionError: *** Images are not similar *** expected [true] but found [false]
	at tests.affiliateProgramPageTests.AllPageChromeTests.copFooterAffiliateProgramPage(AllPageChromeTests.java:216)

