<?xml version="1.0" encoding="UTF-8"?>
<testng-results retried="8" ignored="8" total="210" passed="191" failed="3" skipped="0">
  <reporter-output>
  </reporter-output>
  <suite started-at="2023-09-29T13:47:57 EEST" name="WPT" finished-at="2023-09-29T14:13:55 EEST" duration-ms="1558501">
    <groups>
    </groups>
    <test started-at="2023-09-29T13:47:57 EEST" name="ai-mood - Pixel perfect regression" finished-at="2023-09-29T14:13:55 EEST" duration-ms="1558501">
      <class name="tests.marketPlacePageTests.AllPageFirefoxTests">
        <test-method is-config="true" signature="setUp()[pri:0, instance:tests.marketPlacePageTests.AllPageFirefoxTests@3e08ff24]" started-at="2023-09-29T13:50:45 EEST" name="setUp" finished-at="2023-09-29T13:50:48 EEST" duration-ms="2454" status="PASS">
          <reporter-output>
          </reporter-output>
        </test-method> <!-- setUp -->
        <test-method signature="allHeaderMarketPlacePage(java.lang.String,java.lang.String)[pri:1, instance:tests.marketPlacePageTests.AllPageFirefoxTests@3e08ff24]" started-at="2023-09-29T13:50:48 EEST" name="allHeaderMarketPlacePage" finished-at="2023-09-29T13:50:59 EEST" duration-ms="11207" status="PASS">
          <params>
            <param index="0">
              <value>
                <![CDATA[https://ai-mood.com/en/market-place]]>
              </value>
            </param>
            <param index="1">
              <value>
                <![CDATA[Screenshots/]]>
              </value>
            </param>
          </params>
          <reporter-output>
          </reporter-output>
        </test-method> <!-- allHeaderMarketPlacePage -->
        <test-method signature="getStartedHeaderMarketPlacePage(java.lang.String,java.lang.String)[pri:2, instance:tests.marketPlacePageTests.AllPageFirefoxTests@3e08ff24]" started-at="2023-09-29T13:50:59 EEST" name="getStartedHeaderMarketPlacePage" finished-at="2023-09-29T13:51:05 EEST" duration-ms="6374" status="PASS">
          <params>
            <param index="0">
              <value>
                <![CDATA[https://ai-mood.com/en/market-place]]>
              </value>
            </param>
            <param index="1">
              <value>
                <![CDATA[Screenshots/]]>
              </value>
            </param>
          </params>
          <reporter-output>
          </reporter-output>
        </test-method> <!-- getStartedHeaderMarketPlacePage -->
        <test-method is-config="true" signature="setUp()[pri:0, instance:tests.marketPlacePageTests.AllPageFirefoxTests@3e08ff24]" started-at="2023-09-29T13:50:59 EEST" name="setUp" finished-at="2023-09-29T13:50:59 EEST" duration-ms="0" status="PASS">
          <reporter-output>
          </reporter-output>
        </test-method> <!-- setUp -->
        <test-method is-config="true" signature="setUp()[pri:0, instance:tests.marketPlacePageTests.AllPageFirefoxTests@3e08ff24]" started-at="2023-09-29T13:51:05 EEST" name="setUp" finished-at="2023-09-29T13:51:05 EEST" duration-ms="1" status="PASS">
          <reporter-output>
          </reporter-output>
        </test-method> <!-- setUp -->
        <test-method signature="learnHeaderMarketPlacePage(java.lang.String,java.lang.String)[pri:3, instance:tests.marketPlacePageTests.AllPageFirefoxTests@3e08ff24]" started-at="2023-09-29T13:51:05 EEST" name="learnHeaderMarketPlacePage" finished-at="2023-09-29T13:51:12 EEST" duration-ms="6388" status="PASS">
          <params>
            <param index="0">
              <value>
                <![CDATA[https://ai-mood.com/en/market-place]]>
              </value>
            </param>
            <param index="1">
              <value>
                <![CDATA[Screenshots/]]>
              </value>
            </param>
          </params>
          <reporter-output>
          </reporter-output>
        </test-method> <!-- learnHeaderMarketPlacePage -->
        <test-method is-config="true" signature="setUp()[pri:0, instance:tests.marketPlacePageTests.AllPageFirefoxTests@3e08ff24]" started-at="2023-09-29T13:51:12 EEST" name="setUp" finished-at="2023-09-29T13:51:12 EEST" duration-ms="1" status="PASS">
          <reporter-output>
          </reporter-output>
        </test-method> <!-- setUp -->
        <test-method signature="resourcesHeaderMarketPlacePage(java.lang.String,java.lang.String)[pri:4, instance:tests.marketPlacePageTests.AllPageFirefoxTests@3e08ff24]" started-at="2023-09-29T13:51:12 EEST" name="resourcesHeaderMarketPlacePage" finished-at="2023-09-29T13:51:18 EEST" duration-ms="6398" status="PASS">
          <params>
            <param index="0">
              <value>
                <![CDATA[https://ai-mood.com/en/market-place]]>
              </value>
            </param>
            <param index="1">
              <value>
                <![CDATA[Screenshots/]]>
              </value>
            </param>
          </params>
          <reporter-output>
          </reporter-output>
        </test-method> <!-- resourcesHeaderMarketPlacePage -->
        <test-method is-config="true" signature="setUp()[pri:0, instance:tests.marketPlacePageTests.AllPageFirefoxTests@3e08ff24]" started-at="2023-09-29T13:51:18 EEST" name="setUp" finished-at="2023-09-29T13:51:18 EEST" duration-ms="1" status="PASS">
          <reporter-output>
          </reporter-output>
        </test-method> <!-- setUp -->
        <test-method signature="mainSectionMarketPlacePage(java.lang.String,java.lang.String)[pri:6, instance:tests.marketPlacePageTests.AllPageFirefoxTests@3e08ff24]" started-at="2023-09-29T13:51:18 EEST" name="mainSectionMarketPlacePage" finished-at="2023-09-29T13:51:26 EEST" duration-ms="7687" status="PASS">
          <params>
            <param index="0">
              <value>
                <![CDATA[https://ai-mood.com/en/market-place]]>
              </value>
            </param>
            <param index="1">
              <value>
                <![CDATA[Screenshots/]]>
              </value>
            </param>
          </params>
          <reporter-output>
          </reporter-output>
        </test-method> <!-- mainSectionMarketPlacePage -->
        <test-method is-config="true" signature="setUp()[pri:0, instance:tests.marketPlacePageTests.AllPageFirefoxTests@3e08ff24]" started-at="2023-09-29T13:51:26 EEST" name="setUp" finished-at="2023-09-29T13:51:26 EEST" duration-ms="1" status="PASS">
          <reporter-output>
          </reporter-output>
        </test-method> <!-- setUp -->
        <test-method signature="statisticsSectionMarketPlacePage(java.lang.String,java.lang.String)[pri:7, instance:tests.marketPlacePageTests.AllPageFirefoxTests@3e08ff24]" started-at="2023-09-29T13:51:26 EEST" name="statisticsSectionMarketPlacePage" finished-at="2023-09-29T13:51:33 EEST" duration-ms="7005" status="PASS">
          <params>
            <param index="0">
              <value>
                <![CDATA[https://ai-mood.com/en/market-place]]>
              </value>
            </param>
            <param index="1">
              <value>
                <![CDATA[Screenshots/]]>
              </value>
            </param>
          </params>
          <reporter-output>
          </reporter-output>
        </test-method> <!-- statisticsSectionMarketPlacePage -->
        <test-method signature="allFooterMarketPlacePage(java.lang.String,java.lang.String)[pri:8, instance:tests.marketPlacePageTests.AllPageFirefoxTests@3e08ff24]" started-at="2023-09-29T13:51:33 EEST" name="allFooterMarketPlacePage" finished-at="2023-09-29T13:51:39 EEST" duration-ms="6610" status="PASS">
          <params>
            <param index="0">
              <value>
                <![CDATA[https://ai-mood.com/en/market-place]]>
              </value>
            </param>
            <param index="1">
              <value>
                <![CDATA[Screenshots/]]>
              </value>
            </param>
          </params>
          <reporter-output>
          </reporter-output>
        </test-method> <!-- allFooterMarketPlacePage -->
        <test-method is-config="true" signature="setUp()[pri:0, instance:tests.marketPlacePageTests.AllPageFirefoxTests@3e08ff24]" started-at="2023-09-29T13:51:33 EEST" name="setUp" finished-at="2023-09-29T13:51:33 EEST" duration-ms="0" status="PASS">
          <reporter-output>
          </reporter-output>
        </test-method> <!-- setUp -->
        <test-method is-config="true" signature="tearDown()[pri:0, instance:tests.marketPlacePageTests.AllPageFirefoxTests@3e08ff24]" started-at="2023-09-29T13:51:39 EEST" name="tearDown" finished-at="2023-09-29T13:51:41 EEST" duration-ms="1489" status="PASS">
          <reporter-output>
          </reporter-output>
        </test-method> <!-- tearDown -->
      </class> <!-- tests.marketPlacePageTests.AllPageFirefoxTests -->
      <class name="tests.resetPasswordPage2Tests.AllPageFirefoxTests">
        <test-method is-config="true" signature="setUp()[pri:0, instance:tests.resetPasswordPage2Tests.AllPageFirefoxTests@359df09a]" started-at="2023-09-29T14:09:14 EEST" name="setUp" finished-at="2023-09-29T14:09:17 EEST" duration-ms="2764" status="PASS">
          <reporter-output>
          </reporter-output>
        </test-method> <!-- setUp -->
        <test-method signature="allHeaderResetPasswordPage2(java.lang.String,java.lang.String)[pri:1, instance:tests.resetPasswordPage2Tests.AllPageFirefoxTests@359df09a]" started-at="2023-09-29T14:09:17 EEST" name="allHeaderResetPasswordPage2" finished-at="2023-09-29T14:09:29 EEST" duration-ms="11741" status="PASS">
          <params>
            <param index="0">
              <value>
                <![CDATA[https://ai-mood.com/en/reset-password-2]]>
              </value>
            </param>
            <param index="1">
              <value>
                <![CDATA[Screenshots/]]>
              </value>
            </param>
          </params>
          <reporter-output>
          </reporter-output>
        </test-method> <!-- allHeaderResetPasswordPage2 -->
        <test-method signature="getStartedHeaderResetPasswordPage2(java.lang.String,java.lang.String)[pri:2, instance:tests.resetPasswordPage2Tests.AllPageFirefoxTests@359df09a]" started-at="2023-09-29T14:09:29 EEST" name="getStartedHeaderResetPasswordPage2" finished-at="2023-09-29T14:09:35 EEST" duration-ms="6020" status="PASS">
          <params>
            <param index="0">
              <value>
                <![CDATA[https://ai-mood.com/en/reset-password-2]]>
              </value>
            </param>
            <param index="1">
              <value>
                <![CDATA[Screenshots/]]>
              </value>
            </param>
          </params>
          <reporter-output>
          </reporter-output>
        </test-method> <!-- getStartedHeaderResetPasswordPage2 -->
        <test-method is-config="true" signature="setUp()[pri:0, instance:tests.resetPasswordPage2Tests.AllPageFirefoxTests@359df09a]" started-at="2023-09-29T14:09:29 EEST" name="setUp" finished-at="2023-09-29T14:09:29 EEST" duration-ms="0" status="PASS">
          <reporter-output>
          </reporter-output>
        </test-method> <!-- setUp -->
        <test-method signature="learnHeaderResetPasswordPage2(java.lang.String,java.lang.String)[pri:3, instance:tests.resetPasswordPage2Tests.AllPageFirefoxTests@359df09a]" started-at="2023-09-29T14:09:35 EEST" name="learnHeaderResetPasswordPage2" finished-at="2023-09-29T14:09:41 EEST" duration-ms="5992" status="PASS">
          <params>
            <param index="0">
              <value>
                <![CDATA[https://ai-mood.com/en/reset-password-2]]>
              </value>
            </param>
            <param index="1">
              <value>
                <![CDATA[Screenshots/]]>
              </value>
            </param>
          </params>
          <reporter-output>
          </reporter-output>
        </test-method> <!-- learnHeaderResetPasswordPage2 -->
        <test-method is-config="true" signature="setUp()[pri:0, instance:tests.resetPasswordPage2Tests.AllPageFirefoxTests@359df09a]" started-at="2023-09-29T14:09:35 EEST" name="setUp" finished-at="2023-09-29T14:09:35 EEST" duration-ms="0" status="PASS">
          <reporter-output>
          </reporter-output>
        </test-method> <!-- setUp -->
        <test-method signature="resourcesHeaderResetPasswordPage2(java.lang.String,java.lang.String)[pri:4, instance:tests.resetPasswordPage2Tests.AllPageFirefoxTests@359df09a]" started-at="2023-09-29T14:09:41 EEST" name="resourcesHeaderResetPasswordPage2" finished-at="2023-09-29T14:09:47 EEST" duration-ms="6050" status="PASS">
          <params>
            <param index="0">
              <value>
                <![CDATA[https://ai-mood.com/en/reset-password-2]]>
              </value>
            </param>
            <param index="1">
              <value>
                <![CDATA[Screenshots/]]>
              </value>
            </param>
          </params>
          <reporter-output>
          </reporter-output>
        </test-method> <!-- resourcesHeaderResetPasswordPage2 -->
        <test-method is-config="true" signature="setUp()[pri:0, instance:tests.resetPasswordPage2Tests.AllPageFirefoxTests@359df09a]" started-at="2023-09-29T14:09:41 EEST" name="setUp" finished-at="2023-09-29T14:09:41 EEST" duration-ms="0" status="PASS">
          <reporter-output>
          </reporter-output>
        </test-method> <!-- setUp -->
        <test-method retried="true" signature="mainSectionResetPasswordPage2(java.lang.String,java.lang.String)[pri:6, instance:tests.resetPasswordPage2Tests.AllPageFirefoxTests@359df09a]" started-at="2023-09-29T14:09:47 EEST" name="mainSectionResetPasswordPage2" finished-at="2023-09-29T14:09:54 EEST" duration-ms="6821" status="SKIP">
          <params>
            <param index="0">
              <value>
                <![CDATA[https://ai-mood.com/en/reset-password-2]]>
              </value>
            </param>
            <param index="1">
              <value>
                <![CDATA[Screenshots/]]>
              </value>
            </param>
          </params>
          <exception class="java.lang.AssertionError">
            <message>
              <![CDATA[*** Images are not similar *** expected [true] but found [false]]]>
            </message>
            <full-stacktrace>
              <![CDATA[java.lang.AssertionError: *** Images are not similar *** expected [true] but found [false]
at org.testng.Assert.fail(Assert.java:111)
at org.testng.Assert.failNotEquals(Assert.java:1578)
at org.testng.Assert.assertTrue(Assert.java:57)
at pages.pixel_perfect.PixelPerfectAssert.byElement(PixelPerfectAssert.java:109)
at tests.resetPasswordPage2Tests.AllPageFirefoxTests.mainSectionResetPasswordPage2(AllPageFirefoxTests.java:116)
at java.base/jdk.internal.reflect.NativeMethodAccessorImpl.invoke0(Native Method)
at java.base/jdk.internal.reflect.NativeMethodAccessorImpl.invoke(NativeMethodAccessorImpl.java:62)
at java.base/jdk.internal.reflect.DelegatingMethodAccessorImpl.invoke(DelegatingMethodAccessorImpl.java:43)
at java.base/java.lang.reflect.Method.invoke(Method.java:566)
at org.testng.internal.invokers.MethodInvocationHelper.invokeMethod(MethodInvocationHelper.java:139)
at org.testng.internal.invokers.TestInvoker.invokeMethod(TestInvoker.java:664)
at org.testng.internal.invokers.TestInvoker.invokeTestMethod(TestInvoker.java:227)
at org.testng.internal.invokers.MethodRunner.runInSequence(MethodRunner.java:50)
at org.testng.internal.invokers.TestInvoker$MethodInvocationAgent.invoke(TestInvoker.java:957)
at org.testng.internal.invokers.TestInvoker.invokeTestMethods(TestInvoker.java:200)
at org.testng.internal.invokers.TestMethodWorker.invokeTestMethods(TestMethodWorker.java:148)
at org.testng.internal.invokers.TestMethodWorker.run(TestMethodWorker.java:128)
at java.base/java.util.ArrayList.forEach(ArrayList.java:1540)
at org.testng.TestRunner.privateRun(TestRunner.java:848)
at org.testng.TestRunner.run(TestRunner.java:621)
at org.testng.SuiteRunner.runTest(SuiteRunner.java:443)
at org.testng.SuiteRunner.runSequentially(SuiteRunner.java:437)
at org.testng.SuiteRunner.privateRun(SuiteRunner.java:397)
at org.testng.SuiteRunner.run(SuiteRunner.java:336)
at org.testng.SuiteRunnerWorker.runSuite(SuiteRunnerWorker.java:52)
at org.testng.SuiteRunnerWorker.run(SuiteRunnerWorker.java:95)
at org.testng.TestNG.runSuitesSequentially(TestNG.java:1280)
at org.testng.TestNG.runSuitesLocally(TestNG.java:1200)
at org.testng.TestNG.runSuites(TestNG.java:1114)
at org.testng.TestNG.run(TestNG.java:1082)
at org.apache.maven.surefire.testng.TestNGExecutor.run(TestNGExecutor.java:284)
at org.apache.maven.surefire.testng.TestNGXmlTestSuite.execute(TestNGXmlTestSuite.java:75)
at org.apache.maven.surefire.testng.TestNGProvider.invoke(TestNGProvider.java:119)
at org.apache.maven.surefire.booter.ForkedBooter.runSuitesInProcess(ForkedBooter.java:428)
at org.apache.maven.surefire.booter.ForkedBooter.execute(ForkedBooter.java:162)
at org.apache.maven.surefire.booter.ForkedBooter.run(ForkedBooter.java:562)
at org.apache.maven.surefire.booter.ForkedBooter.main(ForkedBooter.java:548)
]]>
            </full-stacktrace>
          </exception> <!-- java.lang.AssertionError -->
          <reporter-output>
          </reporter-output>
        </test-method> <!-- mainSectionResetPasswordPage2 -->
        <test-method is-config="true" signature="setUp()[pri:0, instance:tests.resetPasswordPage2Tests.AllPageFirefoxTests@359df09a]" started-at="2023-09-29T14:09:47 EEST" name="setUp" finished-at="2023-09-29T14:09:47 EEST" duration-ms="0" status="PASS">
          <reporter-output>
          </reporter-output>
        </test-method> <!-- setUp -->
        <test-method is-config="true" signature="setUp()[pri:0, instance:tests.resetPasswordPage2Tests.AllPageFirefoxTests@359df09a]" started-at="2023-09-29T14:09:54 EEST" name="setUp" finished-at="2023-09-29T14:09:54 EEST" duration-ms="1" status="PASS">
          <reporter-output>
          </reporter-output>
        </test-method> <!-- setUp -->
        <test-method signature="mainSectionResetPasswordPage2(java.lang.String,java.lang.String)[pri:6, instance:tests.resetPasswordPage2Tests.AllPageFirefoxTests@359df09a]" started-at="2023-09-29T14:09:54 EEST" name="mainSectionResetPasswordPage2" finished-at="2023-09-29T14:10:01 EEST" duration-ms="7812" status="PASS">
          <params>
            <param index="0">
              <value>
                <![CDATA[https://ai-mood.com/en/reset-password-2]]>
              </value>
            </param>
            <param index="1">
              <value>
                <![CDATA[Screenshots/]]>
              </value>
            </param>
          </params>
          <reporter-output>
          </reporter-output>
        </test-method> <!-- mainSectionResetPasswordPage2 -->
        <test-method is-config="true" signature="setUp()[pri:0, instance:tests.resetPasswordPage2Tests.AllPageFirefoxTests@359df09a]" started-at="2023-09-29T14:10:01 EEST" name="setUp" finished-at="2023-09-29T14:10:01 EEST" duration-ms="0" status="PASS">
          <reporter-output>
          </reporter-output>
        </test-method> <!-- setUp -->
        <test-method signature="allFooterResetPasswordPage2(java.lang.String,java.lang.String)[pri:7, instance:tests.resetPasswordPage2Tests.AllPageFirefoxTests@359df09a]" started-at="2023-09-29T14:10:01 EEST" name="allFooterResetPasswordPage2" finished-at="2023-09-29T14:10:08 EEST" duration-ms="7014" status="PASS">
          <params>
            <param index="0">
              <value>
                <![CDATA[https://ai-mood.com/en/reset-password-2]]>
              </value>
            </param>
            <param index="1">
              <value>
                <![CDATA[Screenshots/]]>
              </value>
            </param>
          </params>
          <reporter-output>
          </reporter-output>
        </test-method> <!-- allFooterResetPasswordPage2 -->
        <test-method is-config="true" signature="tearDown()[pri:0, instance:tests.resetPasswordPage2Tests.AllPageFirefoxTests@359df09a]" started-at="2023-09-29T14:10:08 EEST" name="tearDown" finished-at="2023-09-29T14:10:10 EEST" duration-ms="1597" status="PASS">
          <reporter-output>
          </reporter-output>
        </test-method> <!-- tearDown -->
      </class> <!-- tests.resetPasswordPage2Tests.AllPageFirefoxTests -->
      <class name="tests.signInPageTests.AllPageChromeTests">
        <test-method is-config="true" signature="setUp()[pri:0, instance:tests.signInPageTests.AllPageChromeTests@792b749c]" started-at="2023-09-29T14:11:50 EEST" name="setUp" finished-at="2023-09-29T14:11:51 EEST" duration-ms="780" status="PASS">
          <reporter-output>
          </reporter-output>
        </test-method> <!-- setUp -->
        <test-method signature="allHeaderSignInPage(java.lang.String,java.lang.String)[pri:1, instance:tests.signInPageTests.AllPageChromeTests@792b749c]" started-at="2023-09-29T14:11:51 EEST" name="allHeaderSignInPage" finished-at="2023-09-29T14:11:59 EEST" duration-ms="8279" status="PASS">
          <params>
            <param index="0">
              <value>
                <![CDATA[https://ai-mood.com/en/login]]>
              </value>
            </param>
            <param index="1">
              <value>
                <![CDATA[Screenshots/]]>
              </value>
            </param>
          </params>
          <reporter-output>
          </reporter-output>
        </test-method> <!-- allHeaderSignInPage -->
        <test-method signature="getStartedHeaderSignInPage(java.lang.String,java.lang.String)[pri:2, instance:tests.signInPageTests.AllPageChromeTests@792b749c]" started-at="2023-09-29T14:11:59 EEST" name="getStartedHeaderSignInPage" finished-at="2023-09-29T14:12:04 EEST" duration-ms="5452" status="PASS">
          <params>
            <param index="0">
              <value>
                <![CDATA[https://ai-mood.com/en/login]]>
              </value>
            </param>
            <param index="1">
              <value>
                <![CDATA[Screenshots/]]>
              </value>
            </param>
          </params>
          <reporter-output>
          </reporter-output>
        </test-method> <!-- getStartedHeaderSignInPage -->
        <test-method is-config="true" signature="setUp()[pri:0, instance:tests.signInPageTests.AllPageChromeTests@792b749c]" started-at="2023-09-29T14:11:59 EEST" name="setUp" finished-at="2023-09-29T14:11:59 EEST" duration-ms="0" status="PASS">
          <reporter-output>
          </reporter-output>
        </test-method> <!-- setUp -->
        <test-method signature="learnHeaderSignInPage(java.lang.String,java.lang.String)[pri:3, instance:tests.signInPageTests.AllPageChromeTests@792b749c]" started-at="2023-09-29T14:12:04 EEST" name="learnHeaderSignInPage" finished-at="2023-09-29T14:12:10 EEST" duration-ms="5308" status="PASS">
          <params>
            <param index="0">
              <value>
                <![CDATA[https://ai-mood.com/en/login]]>
              </value>
            </param>
            <param index="1">
              <value>
                <![CDATA[Screenshots/]]>
              </value>
            </param>
          </params>
          <reporter-output>
          </reporter-output>
        </test-method> <!-- learnHeaderSignInPage -->
        <test-method is-config="true" signature="setUp()[pri:0, instance:tests.signInPageTests.AllPageChromeTests@792b749c]" started-at="2023-09-29T14:12:04 EEST" name="setUp" finished-at="2023-09-29T14:12:04 EEST" duration-ms="0" status="PASS">
          <reporter-output>
          </reporter-output>
        </test-method> <!-- setUp -->
        <test-method signature="resourcesHeaderSignInPage(java.lang.String,java.lang.String)[pri:4, instance:tests.signInPageTests.AllPageChromeTests@792b749c]" started-at="2023-09-29T14:12:10 EEST" name="resourcesHeaderSignInPage" finished-at="2023-09-29T14:12:15 EEST" duration-ms="5329" status="PASS">
          <params>
            <param index="0">
              <value>
                <![CDATA[https://ai-mood.com/en/login]]>
              </value>
            </param>
            <param index="1">
              <value>
                <![CDATA[Screenshots/]]>
              </value>
            </param>
          </params>
          <reporter-output>
          </reporter-output>
        </test-method> <!-- resourcesHeaderSignInPage -->
        <test-method is-config="true" signature="setUp()[pri:0, instance:tests.signInPageTests.AllPageChromeTests@792b749c]" started-at="2023-09-29T14:12:10 EEST" name="setUp" finished-at="2023-09-29T14:12:10 EEST" duration-ms="0" status="PASS">
          <reporter-output>
          </reporter-output>
        </test-method> <!-- setUp -->
        <test-method is-config="true" signature="setUp()[pri:0, instance:tests.signInPageTests.AllPageChromeTests@792b749c]" started-at="2023-09-29T14:12:15 EEST" name="setUp" finished-at="2023-09-29T14:12:15 EEST" duration-ms="0" status="PASS">
          <reporter-output>
          </reporter-output>
        </test-method> <!-- setUp -->
        <test-method signature="mainSectionSignInPage(java.lang.String,java.lang.String)[pri:6, instance:tests.signInPageTests.AllPageChromeTests@792b749c]" started-at="2023-09-29T14:12:15 EEST" name="mainSectionSignInPage" finished-at="2023-09-29T14:12:22 EEST" duration-ms="7195" status="PASS">
          <params>
            <param index="0">
              <value>
                <![CDATA[https://ai-mood.com/en/login]]>
              </value>
            </param>
            <param index="1">
              <value>
                <![CDATA[Screenshots/]]>
              </value>
            </param>
          </params>
          <reporter-output>
          </reporter-output>
        </test-method> <!-- mainSectionSignInPage -->
        <test-method signature="allFooterSignInPage(java.lang.String,java.lang.String)[pri:7, instance:tests.signInPageTests.AllPageChromeTests@792b749c]" started-at="2023-09-29T14:12:22 EEST" name="allFooterSignInPage" finished-at="2023-09-29T14:12:28 EEST" duration-ms="6177" status="PASS">
          <params>
            <param index="0">
              <value>
                <![CDATA[https://ai-mood.com/en/login]]>
              </value>
            </param>
            <param index="1">
              <value>
                <![CDATA[Screenshots/]]>
              </value>
            </param>
          </params>
          <reporter-output>
          </reporter-output>
        </test-method> <!-- allFooterSignInPage -->
        <test-method is-config="true" signature="setUp()[pri:0, instance:tests.signInPageTests.AllPageChromeTests@792b749c]" started-at="2023-09-29T14:12:22 EEST" name="setUp" finished-at="2023-09-29T14:12:22 EEST" duration-ms="0" status="PASS">
          <reporter-output>
          </reporter-output>
        </test-method> <!-- setUp -->
        <test-method is-config="true" signature="tearDown()[pri:0, instance:tests.signInPageTests.AllPageChromeTests@792b749c]" started-at="2023-09-29T14:12:28 EEST" name="tearDown" finished-at="2023-09-29T14:12:29 EEST" duration-ms="653" status="PASS">
          <reporter-output>
          </reporter-output>
        </test-method> <!-- tearDown -->
      </class> <!-- tests.signInPageTests.AllPageChromeTests -->
      <class name="tests.walletPageTests.AllPageFirefoxTests">
        <test-method is-config="true" signature="setUp()[pri:0, instance:tests.walletPageTests.AllPageFirefoxTests@7c37508a]" started-at="2023-09-29T14:00:15 EEST" name="setUp" finished-at="2023-09-29T14:00:18 EEST" duration-ms="2415" status="PASS">
          <reporter-output>
          </reporter-output>
        </test-method> <!-- setUp -->
        <test-method signature="allHeaderWalletPage(java.lang.String,java.lang.String)[pri:1, instance:tests.walletPageTests.AllPageFirefoxTests@7c37508a]" started-at="2023-09-29T14:00:18 EEST" name="allHeaderWalletPage" finished-at="2023-09-29T14:00:29 EEST" duration-ms="10870" status="PASS">
          <params>
            <param index="0">
              <value>
                <![CDATA[https://ai-mood.com/en/the-aimood-wallet]]>
              </value>
            </param>
            <param index="1">
              <value>
                <![CDATA[Screenshots/]]>
              </value>
            </param>
          </params>
          <reporter-output>
          </reporter-output>
        </test-method> <!-- allHeaderWalletPage -->
        <test-method signature="getStartedHeaderWalletPage(java.lang.String,java.lang.String)[pri:2, instance:tests.walletPageTests.AllPageFirefoxTests@7c37508a]" started-at="2023-09-29T14:00:29 EEST" name="getStartedHeaderWalletPage" finished-at="2023-09-29T14:00:34 EEST" duration-ms="5499" status="PASS">
          <params>
            <param index="0">
              <value>
                <![CDATA[https://ai-mood.com/en/the-aimood-wallet]]>
              </value>
            </param>
            <param index="1">
              <value>
                <![CDATA[Screenshots/]]>
              </value>
            </param>
          </params>
          <reporter-output>
          </reporter-output>
        </test-method> <!-- getStartedHeaderWalletPage -->
        <test-method is-config="true" signature="setUp()[pri:0, instance:tests.walletPageTests.AllPageFirefoxTests@7c37508a]" started-at="2023-09-29T14:00:29 EEST" name="setUp" finished-at="2023-09-29T14:00:29 EEST" duration-ms="0" status="PASS">
          <reporter-output>
          </reporter-output>
        </test-method> <!-- setUp -->
        <test-method signature="learnHeaderWalletPage(java.lang.String,java.lang.String)[pri:3, instance:tests.walletPageTests.AllPageFirefoxTests@7c37508a]" started-at="2023-09-29T14:00:34 EEST" name="learnHeaderWalletPage" finished-at="2023-09-29T14:00:40 EEST" duration-ms="5504" status="PASS">
          <params>
            <param index="0">
              <value>
                <![CDATA[https://ai-mood.com/en/the-aimood-wallet]]>
              </value>
            </param>
            <param index="1">
              <value>
                <![CDATA[Screenshots/]]>
              </value>
            </param>
          </params>
          <reporter-output>
          </reporter-output>
        </test-method> <!-- learnHeaderWalletPage -->
        <test-method is-config="true" signature="setUp()[pri:0, instance:tests.walletPageTests.AllPageFirefoxTests@7c37508a]" started-at="2023-09-29T14:00:34 EEST" name="setUp" finished-at="2023-09-29T14:00:34 EEST" duration-ms="0" status="PASS">
          <reporter-output>
          </reporter-output>
        </test-method> <!-- setUp -->
        <test-method signature="resourcesHeaderWalletPage(java.lang.String,java.lang.String)[pri:4, instance:tests.walletPageTests.AllPageFirefoxTests@7c37508a]" started-at="2023-09-29T14:00:40 EEST" name="resourcesHeaderWalletPage" finished-at="2023-09-29T14:00:45 EEST" duration-ms="5522" status="PASS">
          <params>
            <param index="0">
              <value>
                <![CDATA[https://ai-mood.com/en/the-aimood-wallet]]>
              </value>
            </param>
            <param index="1">
              <value>
                <![CDATA[Screenshots/]]>
              </value>
            </param>
          </params>
          <reporter-output>
          </reporter-output>
        </test-method> <!-- resourcesHeaderWalletPage -->
        <test-method is-config="true" signature="setUp()[pri:0, instance:tests.walletPageTests.AllPageFirefoxTests@7c37508a]" started-at="2023-09-29T14:00:40 EEST" name="setUp" finished-at="2023-09-29T14:00:40 EEST" duration-ms="0" status="PASS">
          <reporter-output>
          </reporter-output>
        </test-method> <!-- setUp -->
        <test-method is-config="true" signature="setUp()[pri:0, instance:tests.walletPageTests.AllPageFirefoxTests@7c37508a]" started-at="2023-09-29T14:00:45 EEST" name="setUp" finished-at="2023-09-29T14:00:45 EEST" duration-ms="0" status="PASS">
          <reporter-output>
          </reporter-output>
        </test-method> <!-- setUp -->
        <test-method signature="mainSectionWalletPage(java.lang.String,java.lang.String)[pri:6, instance:tests.walletPageTests.AllPageFirefoxTests@7c37508a]" started-at="2023-09-29T14:00:45 EEST" name="mainSectionWalletPage" finished-at="2023-09-29T14:00:51 EEST" duration-ms="6341" status="PASS">
          <params>
            <param index="0">
              <value>
                <![CDATA[https://ai-mood.com/en/the-aimood-wallet]]>
              </value>
            </param>
            <param index="1">
              <value>
                <![CDATA[Screenshots/]]>
              </value>
            </param>
          </params>
          <reporter-output>
          </reporter-output>
        </test-method> <!-- mainSectionWalletPage -->
        <test-method is-config="true" signature="setUp()[pri:0, instance:tests.walletPageTests.AllPageFirefoxTests@7c37508a]" started-at="2023-09-29T14:00:51 EEST" name="setUp" finished-at="2023-09-29T14:00:51 EEST" duration-ms="1" status="PASS">
          <reporter-output>
          </reporter-output>
        </test-method> <!-- setUp -->
        <test-method signature="delegatedSectionWalletPage(java.lang.String,java.lang.String)[pri:7, instance:tests.walletPageTests.AllPageFirefoxTests@7c37508a]" started-at="2023-09-29T14:00:51 EEST" name="delegatedSectionWalletPage" finished-at="2023-09-29T14:00:58 EEST" duration-ms="6638" status="PASS">
          <params>
            <param index="0">
              <value>
                <![CDATA[https://ai-mood.com/en/the-aimood-wallet]]>
              </value>
            </param>
            <param index="1">
              <value>
                <![CDATA[Screenshots/]]>
              </value>
            </param>
          </params>
          <reporter-output>
          </reporter-output>
        </test-method> <!-- delegatedSectionWalletPage -->
        <test-method signature="allFooterWalletPage(java.lang.String,java.lang.String)[pri:8, instance:tests.walletPageTests.AllPageFirefoxTests@7c37508a]" started-at="2023-09-29T14:00:58 EEST" name="allFooterWalletPage" finished-at="2023-09-29T14:01:05 EEST" duration-ms="6415" status="PASS">
          <params>
            <param index="0">
              <value>
                <![CDATA[https://ai-mood.com/en/the-aimood-wallet]]>
              </value>
            </param>
            <param index="1">
              <value>
                <![CDATA[Screenshots/]]>
              </value>
            </param>
          </params>
          <reporter-output>
          </reporter-output>
        </test-method> <!-- allFooterWalletPage -->
        <test-method is-config="true" signature="setUp()[pri:0, instance:tests.walletPageTests.AllPageFirefoxTests@7c37508a]" started-at="2023-09-29T14:00:58 EEST" name="setUp" finished-at="2023-09-29T14:00:58 EEST" duration-ms="0" status="PASS">
          <reporter-output>
          </reporter-output>
        </test-method> <!-- setUp -->
        <test-method is-config="true" signature="tearDown()[pri:0, instance:tests.walletPageTests.AllPageFirefoxTests@7c37508a]" started-at="2023-09-29T14:01:05 EEST" name="tearDown" finished-at="2023-09-29T14:01:06 EEST" duration-ms="1549" status="PASS">
          <reporter-output>
          </reporter-output>
        </test-method> <!-- tearDown -->
      </class> <!-- tests.walletPageTests.AllPageFirefoxTests -->
      <class name="tests.resetPasswordPage2Tests.AllPageChromeTests">
        <test-method is-config="true" signature="setUp()[pri:0, instance:tests.resetPasswordPage2Tests.AllPageChromeTests@43df23d3]" started-at="2023-09-29T14:10:10 EEST" name="setUp" finished-at="2023-09-29T14:10:11 EEST" duration-ms="794" status="PASS">
          <reporter-output>
          </reporter-output>
        </test-method> <!-- setUp -->
        <test-method signature="allHeaderResetPasswordPage2(java.lang.String,java.lang.String)[pri:1, instance:tests.resetPasswordPage2Tests.AllPageChromeTests@43df23d3]" started-at="2023-09-29T14:10:11 EEST" name="allHeaderResetPasswordPage2" finished-at="2023-09-29T14:10:19 EEST" duration-ms="8512" status="PASS">
          <params>
            <param index="0">
              <value>
                <![CDATA[https://ai-mood.com/en/reset-password-2]]>
              </value>
            </param>
            <param index="1">
              <value>
                <![CDATA[Screenshots/]]>
              </value>
            </param>
          </params>
          <reporter-output>
          </reporter-output>
        </test-method> <!-- allHeaderResetPasswordPage2 -->
        <test-method signature="getStartedHeaderResetPasswordPage2(java.lang.String,java.lang.String)[pri:2, instance:tests.resetPasswordPage2Tests.AllPageChromeTests@43df23d3]" started-at="2023-09-29T14:10:19 EEST" name="getStartedHeaderResetPasswordPage2" finished-at="2023-09-29T14:10:25 EEST" duration-ms="5439" status="PASS">
          <params>
            <param index="0">
              <value>
                <![CDATA[https://ai-mood.com/en/reset-password-2]]>
              </value>
            </param>
            <param index="1">
              <value>
                <![CDATA[Screenshots/]]>
              </value>
            </param>
          </params>
          <reporter-output>
          </reporter-output>
        </test-method> <!-- getStartedHeaderResetPasswordPage2 -->
        <test-method is-config="true" signature="setUp()[pri:0, instance:tests.resetPasswordPage2Tests.AllPageChromeTests@43df23d3]" started-at="2023-09-29T14:10:19 EEST" name="setUp" finished-at="2023-09-29T14:10:19 EEST" duration-ms="0" status="PASS">
          <reporter-output>
          </reporter-output>
        </test-method> <!-- setUp -->
        <test-method signature="learnHeaderResetPasswordPage2(java.lang.String,java.lang.String)[pri:3, instance:tests.resetPasswordPage2Tests.AllPageChromeTests@43df23d3]" started-at="2023-09-29T14:10:25 EEST" name="learnHeaderResetPasswordPage2" finished-at="2023-09-29T14:10:30 EEST" duration-ms="5325" status="PASS">
          <params>
            <param index="0">
              <value>
                <![CDATA[https://ai-mood.com/en/reset-password-2]]>
              </value>
            </param>
            <param index="1">
              <value>
                <![CDATA[Screenshots/]]>
              </value>
            </param>
          </params>
          <reporter-output>
          </reporter-output>
        </test-method> <!-- learnHeaderResetPasswordPage2 -->
        <test-method is-config="true" signature="setUp()[pri:0, instance:tests.resetPasswordPage2Tests.AllPageChromeTests@43df23d3]" started-at="2023-09-29T14:10:25 EEST" name="setUp" finished-at="2023-09-29T14:10:25 EEST" duration-ms="0" status="PASS">
          <reporter-output>
          </reporter-output>
        </test-method> <!-- setUp -->
        <test-method signature="resourcesHeaderResetPasswordPage2(java.lang.String,java.lang.String)[pri:4, instance:tests.resetPasswordPage2Tests.AllPageChromeTests@43df23d3]" started-at="2023-09-29T14:10:30 EEST" name="resourcesHeaderResetPasswordPage2" finished-at="2023-09-29T14:10:35 EEST" duration-ms="5249" status="PASS">
          <params>
            <param index="0">
              <value>
                <![CDATA[https://ai-mood.com/en/reset-password-2]]>
              </value>
            </param>
            <param index="1">
              <value>
                <![CDATA[Screenshots/]]>
              </value>
            </param>
          </params>
          <reporter-output>
          </reporter-output>
        </test-method> <!-- resourcesHeaderResetPasswordPage2 -->
        <test-method is-config="true" signature="setUp()[pri:0, instance:tests.resetPasswordPage2Tests.AllPageChromeTests@43df23d3]" started-at="2023-09-29T14:10:30 EEST" name="setUp" finished-at="2023-09-29T14:10:30 EEST" duration-ms="0" status="PASS">
          <reporter-output>
          </reporter-output>
        </test-method> <!-- setUp -->
        <test-method signature="mainSectionResetPasswordPage2(java.lang.String,java.lang.String)[pri:6, instance:tests.resetPasswordPage2Tests.AllPageChromeTests@43df23d3]" started-at="2023-09-29T14:10:35 EEST" name="mainSectionResetPasswordPage2" finished-at="2023-09-29T14:10:43 EEST" duration-ms="7354" status="PASS">
          <params>
            <param index="0">
              <value>
                <![CDATA[https://ai-mood.com/en/reset-password-2]]>
              </value>
            </param>
            <param index="1">
              <value>
                <![CDATA[Screenshots/]]>
              </value>
            </param>
          </params>
          <reporter-output>
          </reporter-output>
        </test-method> <!-- mainSectionResetPasswordPage2 -->
        <test-method is-config="true" signature="setUp()[pri:0, instance:tests.resetPasswordPage2Tests.AllPageChromeTests@43df23d3]" started-at="2023-09-29T14:10:35 EEST" name="setUp" finished-at="2023-09-29T14:10:35 EEST" duration-ms="0" status="PASS">
          <reporter-output>
          </reporter-output>
        </test-method> <!-- setUp -->
        <test-method signature="allFooterResetPasswordPage2(java.lang.String,java.lang.String)[pri:7, instance:tests.resetPasswordPage2Tests.AllPageChromeTests@43df23d3]" started-at="2023-09-29T14:10:43 EEST" name="allFooterResetPasswordPage2" finished-at="2023-09-29T14:10:49 EEST" duration-ms="6181" status="PASS">
          <params>
            <param index="0">
              <value>
                <![CDATA[https://ai-mood.com/en/reset-password-2]]>
              </value>
            </param>
            <param index="1">
              <value>
                <![CDATA[Screenshots/]]>
              </value>
            </param>
          </params>
          <reporter-output>
          </reporter-output>
        </test-method> <!-- allFooterResetPasswordPage2 -->
        <test-method is-config="true" signature="setUp()[pri:0, instance:tests.resetPasswordPage2Tests.AllPageChromeTests@43df23d3]" started-at="2023-09-29T14:10:43 EEST" name="setUp" finished-at="2023-09-29T14:10:43 EEST" duration-ms="0" status="PASS">
          <reporter-output>
          </reporter-output>
        </test-method> <!-- setUp -->
        <test-method is-config="true" signature="tearDown()[pri:0, instance:tests.resetPasswordPage2Tests.AllPageChromeTests@43df23d3]" started-at="2023-09-29T14:10:49 EEST" name="tearDown" finished-at="2023-09-29T14:10:49 EEST" duration-ms="682" status="PASS">
          <reporter-output>
          </reporter-output>
        </test-method> <!-- tearDown -->
      </class> <!-- tests.resetPasswordPage2Tests.AllPageChromeTests -->
      <class name="tests.walletPageTests.AllPageChromeTests">
        <test-method is-config="true" signature="setUp()[pri:0, instance:tests.walletPageTests.AllPageChromeTests@247310d0]" started-at="2023-09-29T14:01:06 EEST" name="setUp" finished-at="2023-09-29T14:01:07 EEST" duration-ms="809" status="PASS">
          <reporter-output>
          </reporter-output>
        </test-method> <!-- setUp -->
        <test-method signature="allHeaderWalletPage(java.lang.String,java.lang.String)[pri:1, instance:tests.walletPageTests.AllPageChromeTests@247310d0]" started-at="2023-09-29T14:01:07 EEST" name="allHeaderWalletPage" finished-at="2023-09-29T14:01:15 EEST" duration-ms="8354" status="PASS">
          <params>
            <param index="0">
              <value>
                <![CDATA[https://ai-mood.com/en/the-aimood-wallet]]>
              </value>
            </param>
            <param index="1">
              <value>
                <![CDATA[Screenshots/]]>
              </value>
            </param>
          </params>
          <reporter-output>
          </reporter-output>
        </test-method> <!-- allHeaderWalletPage -->
        <test-method signature="getStartedHeaderWalletPage(java.lang.String,java.lang.String)[pri:2, instance:tests.walletPageTests.AllPageChromeTests@247310d0]" started-at="2023-09-29T14:01:15 EEST" name="getStartedHeaderWalletPage" finished-at="2023-09-29T14:01:21 EEST" duration-ms="5378" status="PASS">
          <params>
            <param index="0">
              <value>
                <![CDATA[https://ai-mood.com/en/the-aimood-wallet]]>
              </value>
            </param>
            <param index="1">
              <value>
                <![CDATA[Screenshots/]]>
              </value>
            </param>
          </params>
          <reporter-output>
          </reporter-output>
        </test-method> <!-- getStartedHeaderWalletPage -->
        <test-method is-config="true" signature="setUp()[pri:0, instance:tests.walletPageTests.AllPageChromeTests@247310d0]" started-at="2023-09-29T14:01:15 EEST" name="setUp" finished-at="2023-09-29T14:01:15 EEST" duration-ms="0" status="PASS">
          <reporter-output>
          </reporter-output>
        </test-method> <!-- setUp -->
        <test-method signature="learnHeaderWalletPage(java.lang.String,java.lang.String)[pri:3, instance:tests.walletPageTests.AllPageChromeTests@247310d0]" started-at="2023-09-29T14:01:21 EEST" name="learnHeaderWalletPage" finished-at="2023-09-29T14:01:26 EEST" duration-ms="5247" status="PASS">
          <params>
            <param index="0">
              <value>
                <![CDATA[https://ai-mood.com/en/the-aimood-wallet]]>
              </value>
            </param>
            <param index="1">
              <value>
                <![CDATA[Screenshots/]]>
              </value>
            </param>
          </params>
          <reporter-output>
          </reporter-output>
        </test-method> <!-- learnHeaderWalletPage -->
        <test-method is-config="true" signature="setUp()[pri:0, instance:tests.walletPageTests.AllPageChromeTests@247310d0]" started-at="2023-09-29T14:01:21 EEST" name="setUp" finished-at="2023-09-29T14:01:21 EEST" duration-ms="0" status="PASS">
          <reporter-output>
          </reporter-output>
        </test-method> <!-- setUp -->
        <test-method is-config="true" signature="setUp()[pri:0, instance:tests.walletPageTests.AllPageChromeTests@247310d0]" started-at="2023-09-29T14:01:26 EEST" name="setUp" finished-at="2023-09-29T14:01:26 EEST" duration-ms="1" status="PASS">
          <reporter-output>
          </reporter-output>
        </test-method> <!-- setUp -->
        <test-method signature="resourcesHeaderWalletPage(java.lang.String,java.lang.String)[pri:4, instance:tests.walletPageTests.AllPageChromeTests@247310d0]" started-at="2023-09-29T14:01:26 EEST" name="resourcesHeaderWalletPage" finished-at="2023-09-29T14:01:31 EEST" duration-ms="5351" status="PASS">
          <params>
            <param index="0">
              <value>
                <![CDATA[https://ai-mood.com/en/the-aimood-wallet]]>
              </value>
            </param>
            <param index="1">
              <value>
                <![CDATA[Screenshots/]]>
              </value>
            </param>
          </params>
          <reporter-output>
          </reporter-output>
        </test-method> <!-- resourcesHeaderWalletPage -->
        <test-method signature="mainSectionWalletPage(java.lang.String,java.lang.String)[pri:6, instance:tests.walletPageTests.AllPageChromeTests@247310d0]" started-at="2023-09-29T14:01:31 EEST" name="mainSectionWalletPage" finished-at="2023-09-29T14:01:37 EEST" duration-ms="6184" status="PASS">
          <params>
            <param index="0">
              <value>
                <![CDATA[https://ai-mood.com/en/the-aimood-wallet]]>
              </value>
            </param>
            <param index="1">
              <value>
                <![CDATA[Screenshots/]]>
              </value>
            </param>
          </params>
          <reporter-output>
          </reporter-output>
        </test-method> <!-- mainSectionWalletPage -->
        <test-method is-config="true" signature="setUp()[pri:0, instance:tests.walletPageTests.AllPageChromeTests@247310d0]" started-at="2023-09-29T14:01:31 EEST" name="setUp" finished-at="2023-09-29T14:01:31 EEST" duration-ms="0" status="PASS">
          <reporter-output>
          </reporter-output>
        </test-method> <!-- setUp -->
        <test-method signature="delegatedSectionWalletPage(java.lang.String,java.lang.String)[pri:7, instance:tests.walletPageTests.AllPageChromeTests@247310d0]" started-at="2023-09-29T14:01:37 EEST" name="delegatedSectionWalletPage" finished-at="2023-09-29T14:01:44 EEST" duration-ms="6512" status="PASS">
          <params>
            <param index="0">
              <value>
                <![CDATA[https://ai-mood.com/en/the-aimood-wallet]]>
              </value>
            </param>
            <param index="1">
              <value>
                <![CDATA[Screenshots/]]>
              </value>
            </param>
          </params>
          <reporter-output>
          </reporter-output>
        </test-method> <!-- delegatedSectionWalletPage -->
        <test-method is-config="true" signature="setUp()[pri:0, instance:tests.walletPageTests.AllPageChromeTests@247310d0]" started-at="2023-09-29T14:01:37 EEST" name="setUp" finished-at="2023-09-29T14:01:37 EEST" duration-ms="0" status="PASS">
          <reporter-output>
          </reporter-output>
        </test-method> <!-- setUp -->
        <test-method signature="allFooterWalletPage(java.lang.String,java.lang.String)[pri:8, instance:tests.walletPageTests.AllPageChromeTests@247310d0]" started-at="2023-09-29T14:01:44 EEST" name="allFooterWalletPage" finished-at="2023-09-29T14:01:50 EEST" duration-ms="6247" status="PASS">
          <params>
            <param index="0">
              <value>
                <![CDATA[https://ai-mood.com/en/the-aimood-wallet]]>
              </value>
            </param>
            <param index="1">
              <value>
                <![CDATA[Screenshots/]]>
              </value>
            </param>
          </params>
          <reporter-output>
          </reporter-output>
        </test-method> <!-- allFooterWalletPage -->
        <test-method is-config="true" signature="setUp()[pri:0, instance:tests.walletPageTests.AllPageChromeTests@247310d0]" started-at="2023-09-29T14:01:44 EEST" name="setUp" finished-at="2023-09-29T14:01:44 EEST" duration-ms="0" status="PASS">
          <reporter-output>
          </reporter-output>
        </test-method> <!-- setUp -->
        <test-method is-config="true" signature="tearDown()[pri:0, instance:tests.walletPageTests.AllPageChromeTests@247310d0]" started-at="2023-09-29T14:01:50 EEST" name="tearDown" finished-at="2023-09-29T14:01:51 EEST" duration-ms="653" status="PASS">
          <reporter-output>
          </reporter-output>
        </test-method> <!-- tearDown -->
      </class> <!-- tests.walletPageTests.AllPageChromeTests -->
      <class name="tests.WhatIsAimood.WhatIsAimoodChromeTests">
        <test-method is-config="true" signature="setUp()[pri:0, instance:tests.WhatIsAimood.WhatIsAimoodChromeTests@4082ba93]" started-at="2023-09-29T14:05:51 EEST" name="setUp" finished-at="2023-09-29T14:05:52 EEST" duration-ms="813" status="PASS">
          <reporter-output>
          </reporter-output>
        </test-method> <!-- setUp -->
        <test-method signature="allHeaderWhatIsAimoodPage(java.lang.String,java.lang.String)[pri:1, instance:tests.WhatIsAimood.WhatIsAimoodChromeTests@4082ba93]" started-at="2023-09-29T14:05:52 EEST" name="allHeaderWhatIsAimoodPage" finished-at="2023-09-29T14:06:02 EEST" duration-ms="10321" status="PASS">
          <params>
            <param index="0">
              <value>
                <![CDATA[https://ai-mood.com/en/what-is-aimood]]>
              </value>
            </param>
            <param index="1">
              <value>
                <![CDATA[Screenshots/]]>
              </value>
            </param>
          </params>
          <reporter-output>
          </reporter-output>
        </test-method> <!-- allHeaderWhatIsAimoodPage -->
        <test-method signature="getStartedHeaderWhatIsAimoodPage(java.lang.String,java.lang.String)[pri:2, instance:tests.WhatIsAimood.WhatIsAimoodChromeTests@4082ba93]" started-at="2023-09-29T14:06:02 EEST" name="getStartedHeaderWhatIsAimoodPage" finished-at="2023-09-29T14:06:08 EEST" duration-ms="5338" status="PASS">
          <params>
            <param index="0">
              <value>
                <![CDATA[https://ai-mood.com/en/what-is-aimood]]>
              </value>
            </param>
            <param index="1">
              <value>
                <![CDATA[Screenshots/]]>
              </value>
            </param>
          </params>
          <reporter-output>
          </reporter-output>
        </test-method> <!-- getStartedHeaderWhatIsAimoodPage -->
        <test-method is-config="true" signature="setUp()[pri:0, instance:tests.WhatIsAimood.WhatIsAimoodChromeTests@4082ba93]" started-at="2023-09-29T14:06:02 EEST" name="setUp" finished-at="2023-09-29T14:06:02 EEST" duration-ms="0" status="PASS">
          <reporter-output>
          </reporter-output>
        </test-method> <!-- setUp -->
        <test-method signature="learnHeaderWhatIsAimoodPage(java.lang.String,java.lang.String)[pri:3, instance:tests.WhatIsAimood.WhatIsAimoodChromeTests@4082ba93]" started-at="2023-09-29T14:06:08 EEST" name="learnHeaderWhatIsAimoodPage" finished-at="2023-09-29T14:06:13 EEST" duration-ms="5279" status="PASS">
          <params>
            <param index="0">
              <value>
                <![CDATA[https://ai-mood.com/en/what-is-aimood]]>
              </value>
            </param>
            <param index="1">
              <value>
                <![CDATA[Screenshots/]]>
              </value>
            </param>
          </params>
          <reporter-output>
          </reporter-output>
        </test-method> <!-- learnHeaderWhatIsAimoodPage -->
        <test-method is-config="true" signature="setUp()[pri:0, instance:tests.WhatIsAimood.WhatIsAimoodChromeTests@4082ba93]" started-at="2023-09-29T14:06:08 EEST" name="setUp" finished-at="2023-09-29T14:06:08 EEST" duration-ms="0" status="PASS">
          <reporter-output>
          </reporter-output>
        </test-method> <!-- setUp -->
        <test-method signature="resourcesHeaderWhatIsAimoodPage(java.lang.String,java.lang.String)[pri:4, instance:tests.WhatIsAimood.WhatIsAimoodChromeTests@4082ba93]" started-at="2023-09-29T14:06:13 EEST" name="resourcesHeaderWhatIsAimoodPage" finished-at="2023-09-29T14:06:18 EEST" duration-ms="5273" status="PASS">
          <params>
            <param index="0">
              <value>
                <![CDATA[https://ai-mood.com/en/what-is-aimood]]>
              </value>
            </param>
            <param index="1">
              <value>
                <![CDATA[Screenshots/]]>
              </value>
            </param>
          </params>
          <reporter-output>
          </reporter-output>
        </test-method> <!-- resourcesHeaderWhatIsAimoodPage -->
        <test-method is-config="true" signature="setUp()[pri:0, instance:tests.WhatIsAimood.WhatIsAimoodChromeTests@4082ba93]" started-at="2023-09-29T14:06:13 EEST" name="setUp" finished-at="2023-09-29T14:06:13 EEST" duration-ms="0" status="PASS">
          <reporter-output>
          </reporter-output>
        </test-method> <!-- setUp -->
        <test-method signature="mainBlockWhatIsAimoodPage(java.lang.String,java.lang.String)[pri:6, instance:tests.WhatIsAimood.WhatIsAimoodChromeTests@4082ba93]" started-at="2023-09-29T14:06:18 EEST" name="mainBlockWhatIsAimoodPage" finished-at="2023-09-29T14:06:24 EEST" duration-ms="6299" status="PASS">
          <params>
            <param index="0">
              <value>
                <![CDATA[https://ai-mood.com/en/what-is-aimood]]>
              </value>
            </param>
            <param index="1">
              <value>
                <![CDATA[Screenshots/]]>
              </value>
            </param>
          </params>
          <reporter-output>
          </reporter-output>
        </test-method> <!-- mainBlockWhatIsAimoodPage -->
        <test-method is-config="true" signature="setUp()[pri:0, instance:tests.WhatIsAimood.WhatIsAimoodChromeTests@4082ba93]" started-at="2023-09-29T14:06:18 EEST" name="setUp" finished-at="2023-09-29T14:06:18 EEST" duration-ms="0" status="PASS">
          <reporter-output>
          </reporter-output>
        </test-method> <!-- setUp -->
        <test-method signature="whyChooseWhatIsAimoodPage(java.lang.String,java.lang.String)[pri:7, instance:tests.WhatIsAimood.WhatIsAimoodChromeTests@4082ba93]" started-at="2023-09-29T14:06:24 EEST" name="whyChooseWhatIsAimoodPage" finished-at="2023-09-29T14:06:31 EEST" duration-ms="6544" status="PASS">
          <params>
            <param index="0">
              <value>
                <![CDATA[https://ai-mood.com/en/what-is-aimood]]>
              </value>
            </param>
            <param index="1">
              <value>
                <![CDATA[Screenshots/]]>
              </value>
            </param>
          </params>
          <reporter-output>
          </reporter-output>
        </test-method> <!-- whyChooseWhatIsAimoodPage -->
        <test-method is-config="true" signature="setUp()[pri:0, instance:tests.WhatIsAimood.WhatIsAimoodChromeTests@4082ba93]" started-at="2023-09-29T14:06:24 EEST" name="setUp" finished-at="2023-09-29T14:06:24 EEST" duration-ms="0" status="PASS">
          <reporter-output>
          </reporter-output>
        </test-method> <!-- setUp -->
        <test-method signature="ecosystemWhatIsAimoodPage(java.lang.String,java.lang.String)[pri:8, instance:tests.WhatIsAimood.WhatIsAimoodChromeTests@4082ba93]" started-at="2023-09-29T14:06:31 EEST" name="ecosystemWhatIsAimoodPage" finished-at="2023-09-29T14:06:38 EEST" duration-ms="6656" status="PASS">
          <params>
            <param index="0">
              <value>
                <![CDATA[https://ai-mood.com/en/what-is-aimood]]>
              </value>
            </param>
            <param index="1">
              <value>
                <![CDATA[Screenshots/]]>
              </value>
            </param>
          </params>
          <reporter-output>
          </reporter-output>
        </test-method> <!-- ecosystemWhatIsAimoodPage -->
        <test-method is-config="true" signature="setUp()[pri:0, instance:tests.WhatIsAimood.WhatIsAimoodChromeTests@4082ba93]" started-at="2023-09-29T14:06:31 EEST" name="setUp" finished-at="2023-09-29T14:06:31 EEST" duration-ms="0" status="PASS">
          <reporter-output>
          </reporter-output>
        </test-method> <!-- setUp -->
        <test-method signature="allFooterWhatIsAimoodPage(java.lang.String,java.lang.String)[pri:9, instance:tests.WhatIsAimood.WhatIsAimoodChromeTests@4082ba93]" started-at="2023-09-29T14:06:38 EEST" name="allFooterWhatIsAimoodPage" finished-at="2023-09-29T14:06:44 EEST" duration-ms="6224" status="PASS">
          <params>
            <param index="0">
              <value>
                <![CDATA[https://ai-mood.com/en/what-is-aimood]]>
              </value>
            </param>
            <param index="1">
              <value>
                <![CDATA[Screenshots/]]>
              </value>
            </param>
          </params>
          <reporter-output>
          </reporter-output>
        </test-method> <!-- allFooterWhatIsAimoodPage -->
        <test-method is-config="true" signature="setUp()[pri:0, instance:tests.WhatIsAimood.WhatIsAimoodChromeTests@4082ba93]" started-at="2023-09-29T14:06:38 EEST" name="setUp" finished-at="2023-09-29T14:06:38 EEST" duration-ms="0" status="PASS">
          <reporter-output>
          </reporter-output>
        </test-method> <!-- setUp -->
        <test-method is-config="true" signature="tearDown()[pri:0, instance:tests.WhatIsAimood.WhatIsAimoodChromeTests@4082ba93]" started-at="2023-09-29T14:06:44 EEST" name="tearDown" finished-at="2023-09-29T14:06:44 EEST" duration-ms="651" status="PASS">
          <reporter-output>
          </reporter-output>
        </test-method> <!-- tearDown -->
      </class> <!-- tests.WhatIsAimood.WhatIsAimoodChromeTests -->
      <class name="tests.tokenMoodPageTests.AllPageChromeTests">
        <test-method is-config="true" signature="setUp()[pri:0, instance:tests.tokenMoodPageTests.AllPageChromeTests@70ed52de]" started-at="2023-09-29T13:54:42 EEST" name="setUp" finished-at="2023-09-29T13:54:43 EEST" duration-ms="761" status="PASS">
          <reporter-output>
          </reporter-output>
        </test-method> <!-- setUp -->
        <test-method signature="allHeaderTokenMoodPage(java.lang.String,java.lang.String)[pri:1, instance:tests.tokenMoodPageTests.AllPageChromeTests@70ed52de]" started-at="2023-09-29T13:54:43 EEST" name="allHeaderTokenMoodPage" finished-at="2023-09-29T13:54:52 EEST" duration-ms="9159" status="PASS">
          <params>
            <param index="0">
              <value>
                <![CDATA[https://ai-mood.com/en/token-mood]]>
              </value>
            </param>
            <param index="1">
              <value>
                <![CDATA[Screenshots/]]>
              </value>
            </param>
          </params>
          <reporter-output>
          </reporter-output>
        </test-method> <!-- allHeaderTokenMoodPage -->
        <test-method signature="getStartedHeaderTokenMoodPage(java.lang.String,java.lang.String)[pri:2, instance:tests.tokenMoodPageTests.AllPageChromeTests@70ed52de]" started-at="2023-09-29T13:54:52 EEST" name="getStartedHeaderTokenMoodPage" finished-at="2023-09-29T13:54:57 EEST" duration-ms="5333" status="PASS">
          <params>
            <param index="0">
              <value>
                <![CDATA[https://ai-mood.com/en/token-mood]]>
              </value>
            </param>
            <param index="1">
              <value>
                <![CDATA[Screenshots/]]>
              </value>
            </param>
          </params>
          <reporter-output>
          </reporter-output>
        </test-method> <!-- getStartedHeaderTokenMoodPage -->
        <test-method is-config="true" signature="setUp()[pri:0, instance:tests.tokenMoodPageTests.AllPageChromeTests@70ed52de]" started-at="2023-09-29T13:54:52 EEST" name="setUp" finished-at="2023-09-29T13:54:52 EEST" duration-ms="0" status="PASS">
          <reporter-output>
          </reporter-output>
        </test-method> <!-- setUp -->
        <test-method signature="learnHeaderTokenMoodPage(java.lang.String,java.lang.String)[pri:3, instance:tests.tokenMoodPageTests.AllPageChromeTests@70ed52de]" started-at="2023-09-29T13:54:57 EEST" name="learnHeaderTokenMoodPage" finished-at="2023-09-29T13:55:03 EEST" duration-ms="5346" status="PASS">
          <params>
            <param index="0">
              <value>
                <![CDATA[https://ai-mood.com/en/token-mood]]>
              </value>
            </param>
            <param index="1">
              <value>
                <![CDATA[Screenshots/]]>
              </value>
            </param>
          </params>
          <reporter-output>
          </reporter-output>
        </test-method> <!-- learnHeaderTokenMoodPage -->
        <test-method is-config="true" signature="setUp()[pri:0, instance:tests.tokenMoodPageTests.AllPageChromeTests@70ed52de]" started-at="2023-09-29T13:54:57 EEST" name="setUp" finished-at="2023-09-29T13:54:57 EEST" duration-ms="0" status="PASS">
          <reporter-output>
          </reporter-output>
        </test-method> <!-- setUp -->
        <test-method signature="resourcesHeaderTokenMoodPage(java.lang.String,java.lang.String)[pri:4, instance:tests.tokenMoodPageTests.AllPageChromeTests@70ed52de]" started-at="2023-09-29T13:55:03 EEST" name="resourcesHeaderTokenMoodPage" finished-at="2023-09-29T13:55:08 EEST" duration-ms="5333" status="PASS">
          <params>
            <param index="0">
              <value>
                <![CDATA[https://ai-mood.com/en/token-mood]]>
              </value>
            </param>
            <param index="1">
              <value>
                <![CDATA[Screenshots/]]>
              </value>
            </param>
          </params>
          <reporter-output>
          </reporter-output>
        </test-method> <!-- resourcesHeaderTokenMoodPage -->
        <test-method is-config="true" signature="setUp()[pri:0, instance:tests.tokenMoodPageTests.AllPageChromeTests@70ed52de]" started-at="2023-09-29T13:55:03 EEST" name="setUp" finished-at="2023-09-29T13:55:03 EEST" duration-ms="0" status="PASS">
          <reporter-output>
          </reporter-output>
        </test-method> <!-- setUp -->
        <test-method signature="mainSectionTokenMoodPage(java.lang.String,java.lang.String)[pri:6, instance:tests.tokenMoodPageTests.AllPageChromeTests@70ed52de]" started-at="2023-09-29T13:55:08 EEST" name="mainSectionTokenMoodPage" finished-at="2023-09-29T13:55:15 EEST" duration-ms="7205" status="PASS">
          <params>
            <param index="0">
              <value>
                <![CDATA[https://ai-mood.com/en/token-mood]]>
              </value>
            </param>
            <param index="1">
              <value>
                <![CDATA[Screenshots/]]>
              </value>
            </param>
          </params>
          <reporter-output>
          </reporter-output>
        </test-method> <!-- mainSectionTokenMoodPage -->
        <test-method is-config="true" signature="setUp()[pri:0, instance:tests.tokenMoodPageTests.AllPageChromeTests@70ed52de]" started-at="2023-09-29T13:55:08 EEST" name="setUp" finished-at="2023-09-29T13:55:08 EEST" duration-ms="0" status="PASS">
          <reporter-output>
          </reporter-output>
        </test-method> <!-- setUp -->
        <test-method signature="statisticsSectionTokenMoodPage(java.lang.String,java.lang.String)[pri:7, instance:tests.tokenMoodPageTests.AllPageChromeTests@70ed52de]" started-at="2023-09-29T13:55:15 EEST" name="statisticsSectionTokenMoodPage" finished-at="2023-09-29T13:55:23 EEST" duration-ms="7891" status="PASS">
          <params>
            <param index="0">
              <value>
                <![CDATA[https://ai-mood.com/en/token-mood]]>
              </value>
            </param>
            <param index="1">
              <value>
                <![CDATA[Screenshots/]]>
              </value>
            </param>
          </params>
          <reporter-output>
          </reporter-output>
        </test-method> <!-- statisticsSectionTokenMoodPage -->
        <test-method is-config="true" signature="setUp()[pri:0, instance:tests.tokenMoodPageTests.AllPageChromeTests@70ed52de]" started-at="2023-09-29T13:55:15 EEST" name="setUp" finished-at="2023-09-29T13:55:15 EEST" duration-ms="0" status="PASS">
          <reporter-output>
          </reporter-output>
        </test-method> <!-- setUp -->
        <test-method signature="allFooterTokenMoodPage(java.lang.String,java.lang.String)[pri:8, instance:tests.tokenMoodPageTests.AllPageChromeTests@70ed52de]" started-at="2023-09-29T13:55:23 EEST" name="allFooterTokenMoodPage" finished-at="2023-09-29T13:55:29 EEST" duration-ms="6193" status="PASS">
          <params>
            <param index="0">
              <value>
                <![CDATA[https://ai-mood.com/en/token-mood]]>
              </value>
            </param>
            <param index="1">
              <value>
                <![CDATA[Screenshots/]]>
              </value>
            </param>
          </params>
          <reporter-output>
          </reporter-output>
        </test-method> <!-- allFooterTokenMoodPage -->
        <test-method is-config="true" signature="setUp()[pri:0, instance:tests.tokenMoodPageTests.AllPageChromeTests@70ed52de]" started-at="2023-09-29T13:55:23 EEST" name="setUp" finished-at="2023-09-29T13:55:23 EEST" duration-ms="0" status="PASS">
          <reporter-output>
          </reporter-output>
        </test-method> <!-- setUp -->
        <test-method is-config="true" signature="tearDown()[pri:0, instance:tests.tokenMoodPageTests.AllPageChromeTests@70ed52de]" started-at="2023-09-29T13:55:29 EEST" name="tearDown" finished-at="2023-09-29T13:55:30 EEST" duration-ms="653" status="PASS">
          <reporter-output>
          </reporter-output>
        </test-method> <!-- tearDown -->
      </class> <!-- tests.tokenMoodPageTests.AllPageChromeTests -->
      <class name="tests.signUpPageTests.AllPageFirefoxTests">
        <test-method is-config="true" signature="setUp()[pri:0, instance:tests.signUpPageTests.AllPageFirefoxTests@23e84203]" started-at="2023-09-29T14:12:29 EEST" name="setUp" finished-at="2023-09-29T14:12:31 EEST" duration-ms="2375" status="PASS">
          <reporter-output>
          </reporter-output>
        </test-method> <!-- setUp -->
        <test-method signature="allHeaderSignUpPage(java.lang.String,java.lang.String)[pri:1, instance:tests.signUpPageTests.AllPageFirefoxTests@23e84203]" started-at="2023-09-29T14:12:31 EEST" name="allHeaderSignUpPage" finished-at="2023-09-29T14:12:41 EEST" duration-ms="9940" status="PASS">
          <params>
            <param index="0">
              <value>
                <![CDATA[https://ai-mood.com/en/register]]>
              </value>
            </param>
            <param index="1">
              <value>
                <![CDATA[Screenshots/]]>
              </value>
            </param>
          </params>
          <reporter-output>
          </reporter-output>
        </test-method> <!-- allHeaderSignUpPage -->
        <test-method is-config="true" signature="setUp()[pri:0, instance:tests.signUpPageTests.AllPageFirefoxTests@23e84203]" started-at="2023-09-29T14:12:41 EEST" name="setUp" finished-at="2023-09-29T14:12:41 EEST" duration-ms="1" status="PASS">
          <reporter-output>
          </reporter-output>
        </test-method> <!-- setUp -->
        <test-method signature="getStartedHeaderSignUpPage(java.lang.String,java.lang.String)[pri:2, instance:tests.signUpPageTests.AllPageFirefoxTests@23e84203]" started-at="2023-09-29T14:12:41 EEST" name="getStartedHeaderSignUpPage" finished-at="2023-09-29T14:12:47 EEST" duration-ms="5966" status="PASS">
          <params>
            <param index="0">
              <value>
                <![CDATA[https://ai-mood.com/en/register]]>
              </value>
            </param>
            <param index="1">
              <value>
                <![CDATA[Screenshots/]]>
              </value>
            </param>
          </params>
          <reporter-output>
          </reporter-output>
        </test-method> <!-- getStartedHeaderSignUpPage -->
        <test-method is-config="true" signature="setUp()[pri:0, instance:tests.signUpPageTests.AllPageFirefoxTests@23e84203]" started-at="2023-09-29T14:12:47 EEST" name="setUp" finished-at="2023-09-29T14:12:47 EEST" duration-ms="1" status="PASS">
          <reporter-output>
          </reporter-output>
        </test-method> <!-- setUp -->
        <test-method signature="learnHeaderSignUpPage(java.lang.String,java.lang.String)[pri:3, instance:tests.signUpPageTests.AllPageFirefoxTests@23e84203]" started-at="2023-09-29T14:12:47 EEST" name="learnHeaderSignUpPage" finished-at="2023-09-29T14:12:53 EEST" duration-ms="6054" status="PASS">
          <params>
            <param index="0">
              <value>
                <![CDATA[https://ai-mood.com/en/register]]>
              </value>
            </param>
            <param index="1">
              <value>
                <![CDATA[Screenshots/]]>
              </value>
            </param>
          </params>
          <reporter-output>
          </reporter-output>
        </test-method> <!-- learnHeaderSignUpPage -->
        <test-method signature="resourcesHeaderSignUpPage(java.lang.String,java.lang.String)[pri:4, instance:tests.signUpPageTests.AllPageFirefoxTests@23e84203]" started-at="2023-09-29T14:12:53 EEST" name="resourcesHeaderSignUpPage" finished-at="2023-09-29T14:12:59 EEST" duration-ms="6013" status="PASS">
          <params>
            <param index="0">
              <value>
                <![CDATA[https://ai-mood.com/en/register]]>
              </value>
            </param>
            <param index="1">
              <value>
                <![CDATA[Screenshots/]]>
              </value>
            </param>
          </params>
          <reporter-output>
          </reporter-output>
        </test-method> <!-- resourcesHeaderSignUpPage -->
        <test-method is-config="true" signature="setUp()[pri:0, instance:tests.signUpPageTests.AllPageFirefoxTests@23e84203]" started-at="2023-09-29T14:12:53 EEST" name="setUp" finished-at="2023-09-29T14:12:53 EEST" duration-ms="0" status="PASS">
          <reporter-output>
          </reporter-output>
        </test-method> <!-- setUp -->
        <test-method signature="mainSectionSignUpPage(java.lang.String,java.lang.String)[pri:6, instance:tests.signUpPageTests.AllPageFirefoxTests@23e84203]" started-at="2023-09-29T14:12:59 EEST" name="mainSectionSignUpPage" finished-at="2023-09-29T14:13:07 EEST" duration-ms="7739" status="PASS">
          <params>
            <param index="0">
              <value>
                <![CDATA[https://ai-mood.com/en/register]]>
              </value>
            </param>
            <param index="1">
              <value>
                <![CDATA[Screenshots/]]>
              </value>
            </param>
          </params>
          <reporter-output>
          </reporter-output>
        </test-method> <!-- mainSectionSignUpPage -->
        <test-method is-config="true" signature="setUp()[pri:0, instance:tests.signUpPageTests.AllPageFirefoxTests@23e84203]" started-at="2023-09-29T14:12:59 EEST" name="setUp" finished-at="2023-09-29T14:12:59 EEST" duration-ms="0" status="PASS">
          <reporter-output>
          </reporter-output>
        </test-method> <!-- setUp -->
        <test-method is-config="true" signature="setUp()[pri:0, instance:tests.signUpPageTests.AllPageFirefoxTests@23e84203]" started-at="2023-09-29T14:13:07 EEST" name="setUp" finished-at="2023-09-29T14:13:07 EEST" duration-ms="1" status="PASS">
          <reporter-output>
          </reporter-output>
        </test-method> <!-- setUp -->
        <test-method signature="allFooterSignUpPage(java.lang.String,java.lang.String)[pri:7, instance:tests.signUpPageTests.AllPageFirefoxTests@23e84203]" started-at="2023-09-29T14:13:07 EEST" name="allFooterSignUpPage" finished-at="2023-09-29T14:13:14 EEST" duration-ms="6954" status="PASS">
          <params>
            <param index="0">
              <value>
                <![CDATA[https://ai-mood.com/en/register]]>
              </value>
            </param>
            <param index="1">
              <value>
                <![CDATA[Screenshots/]]>
              </value>
            </param>
          </params>
          <reporter-output>
          </reporter-output>
        </test-method> <!-- allFooterSignUpPage -->
        <test-method is-config="true" signature="tearDown()[pri:0, instance:tests.signUpPageTests.AllPageFirefoxTests@23e84203]" started-at="2023-09-29T14:13:14 EEST" name="tearDown" finished-at="2023-09-29T14:13:15 EEST" duration-ms="1520" status="PASS">
          <reporter-output>
          </reporter-output>
        </test-method> <!-- tearDown -->
      </class> <!-- tests.signUpPageTests.AllPageFirefoxTests -->
      <class name="tests.mainPageTests.AllPageFirefoxTests">
        <test-method is-config="true" signature="setUp()[pri:0, instance:tests.mainPageTests.AllPageFirefoxTests@74d1dc36]" started-at="2023-09-29T13:47:57 EEST" name="setUp" finished-at="2023-09-29T13:48:00 EEST" duration-ms="3738" status="PASS">
          <reporter-output>
          </reporter-output>
        </test-method> <!-- setUp -->
        <test-method signature="allHeaderMainPage(java.lang.String,java.lang.String)[pri:1, instance:tests.mainPageTests.AllPageFirefoxTests@74d1dc36]" started-at="2023-09-29T13:48:00 EEST" name="allHeaderMainPage" finished-at="2023-09-29T13:48:13 EEST" duration-ms="12888" status="PASS">
          <params>
            <param index="0">
              <value>
                <![CDATA[https://ai-mood.com/en/]]>
              </value>
            </param>
            <param index="1">
              <value>
                <![CDATA[Screenshots/]]>
              </value>
            </param>
          </params>
          <reporter-output>
          </reporter-output>
        </test-method> <!-- allHeaderMainPage -->
        <test-method signature="getStartedHeaderMainPage(java.lang.String,java.lang.String)[pri:2, instance:tests.mainPageTests.AllPageFirefoxTests@74d1dc36]" started-at="2023-09-29T13:48:13 EEST" name="getStartedHeaderMainPage" finished-at="2023-09-29T13:48:19 EEST" duration-ms="5410" status="PASS">
          <params>
            <param index="0">
              <value>
                <![CDATA[https://ai-mood.com/en/]]>
              </value>
            </param>
            <param index="1">
              <value>
                <![CDATA[Screenshots/]]>
              </value>
            </param>
          </params>
          <reporter-output>
          </reporter-output>
        </test-method> <!-- getStartedHeaderMainPage -->
        <test-method is-config="true" signature="setUp()[pri:0, instance:tests.mainPageTests.AllPageFirefoxTests@74d1dc36]" started-at="2023-09-29T13:48:13 EEST" name="setUp" finished-at="2023-09-29T13:48:13 EEST" duration-ms="0" status="PASS">
          <reporter-output>
          </reporter-output>
        </test-method> <!-- setUp -->
        <test-method signature="learnHeaderMainPage(java.lang.String,java.lang.String)[pri:3, instance:tests.mainPageTests.AllPageFirefoxTests@74d1dc36]" started-at="2023-09-29T13:48:19 EEST" name="learnHeaderMainPage" finished-at="2023-09-29T13:48:25 EEST" duration-ms="6115" status="PASS">
          <params>
            <param index="0">
              <value>
                <![CDATA[https://ai-mood.com/en/]]>
              </value>
            </param>
            <param index="1">
              <value>
                <![CDATA[Screenshots/]]>
              </value>
            </param>
          </params>
          <reporter-output>
          </reporter-output>
        </test-method> <!-- learnHeaderMainPage -->
        <test-method is-config="true" signature="setUp()[pri:0, instance:tests.mainPageTests.AllPageFirefoxTests@74d1dc36]" started-at="2023-09-29T13:48:19 EEST" name="setUp" finished-at="2023-09-29T13:48:19 EEST" duration-ms="0" status="PASS">
          <reporter-output>
          </reporter-output>
        </test-method> <!-- setUp -->
        <test-method signature="resourcesHeaderMainPage(java.lang.String,java.lang.String)[pri:4, instance:tests.mainPageTests.AllPageFirefoxTests@74d1dc36]" started-at="2023-09-29T13:48:25 EEST" name="resourcesHeaderMainPage" finished-at="2023-09-29T13:48:30 EEST" duration-ms="5580" status="PASS">
          <params>
            <param index="0">
              <value>
                <![CDATA[https://ai-mood.com/en/]]>
              </value>
            </param>
            <param index="1">
              <value>
                <![CDATA[Screenshots/]]>
              </value>
            </param>
          </params>
          <reporter-output>
          </reporter-output>
        </test-method> <!-- resourcesHeaderMainPage -->
        <test-method is-config="true" signature="setUp()[pri:0, instance:tests.mainPageTests.AllPageFirefoxTests@74d1dc36]" started-at="2023-09-29T13:48:25 EEST" name="setUp" finished-at="2023-09-29T13:48:25 EEST" duration-ms="0" status="PASS">
          <reporter-output>
          </reporter-output>
        </test-method> <!-- setUp -->
[...]
                <![CDATA[Screenshots/]]>
              </value>
            </param>
          </params>
          <reporter-output>
          </reporter-output>
        </test-method> <!-- allFooterStakingPage -->
        <test-method is-config="true" signature="tearDown()[pri:0, instance:tests.stakingPageTests.AllPageFirefoxTests@1033576a]" started-at="2023-09-29T14:03:02 EEST" name="tearDown" finished-at="2023-09-29T14:03:04 EEST" duration-ms="1472" status="PASS">
          <reporter-output>
          </reporter-output>
        </test-method> <!-- tearDown -->
      </class> <!-- tests.stakingPageTests.AllPageFirefoxTests -->
      <class name="tests.mainPageTests.AllPageChromeTests">
        <test-method is-config="true" signature="setUp()[pri:0, instance:tests.mainPageTests.AllPageChromeTests@2b40ff9c]" started-at="2023-09-29T13:49:13 EEST" name="setUp" finished-at="2023-09-29T13:49:14 EEST" duration-ms="856" status="PASS">
          <reporter-output>
          </reporter-output>
        </test-method> <!-- setUp -->
        <test-method signature="allHeaderMainPage(java.lang.String,java.lang.String)[pri:1, instance:tests.mainPageTests.AllPageChromeTests@2b40ff9c]" started-at="2023-09-29T13:49:14 EEST" name="allHeaderMainPage" finished-at="2023-09-29T13:49:27 EEST" duration-ms="13032" status="PASS">
          <params>
            <param index="0">
              <value>
                <![CDATA[https://ai-mood.com/en/]]>
              </value>
            </param>
            <param index="1">
              <value>
                <![CDATA[Screenshots/]]>
              </value>
            </param>
          </params>
          <reporter-output>
          </reporter-output>
        </test-method> <!-- allHeaderMainPage -->
        <test-method signature="getStartedHeaderMainPage(java.lang.String,java.lang.String)[pri:2, instance:tests.mainPageTests.AllPageChromeTests@2b40ff9c]" started-at="2023-09-29T13:49:27 EEST" name="getStartedHeaderMainPage" finished-at="2023-09-29T13:49:36 EEST" duration-ms="8294" status="PASS">
          <params>
            <param index="0">
              <value>
                <![CDATA[https://ai-mood.com/en/]]>
              </value>
            </param>
            <param index="1">
              <value>
                <![CDATA[Screenshots/]]>
              </value>
            </param>
          </params>
          <reporter-output>
          </reporter-output>
        </test-method> <!-- getStartedHeaderMainPage -->
        <test-method is-config="true" signature="setUp()[pri:0, instance:tests.mainPageTests.AllPageChromeTests@2b40ff9c]" started-at="2023-09-29T13:49:27 EEST" name="setUp" finished-at="2023-09-29T13:49:27 EEST" duration-ms="0" status="PASS">
          <reporter-output>
          </reporter-output>
        </test-method> <!-- setUp -->
        <test-method signature="learnHeaderMainPage(java.lang.String,java.lang.String)[pri:3, instance:tests.mainPageTests.AllPageChromeTests@2b40ff9c]" started-at="2023-09-29T13:49:36 EEST" name="learnHeaderMainPage" finished-at="2023-09-29T13:49:45 EEST" duration-ms="9423" status="PASS">
          <params>
            <param index="0">
              <value>
                <![CDATA[https://ai-mood.com/en/]]>
              </value>
            </param>
            <param index="1">
              <value>
                <![CDATA[Screenshots/]]>
              </value>
            </param>
          </params>
          <reporter-output>
          </reporter-output>
        </test-method> <!-- learnHeaderMainPage -->
        <test-method is-config="true" signature="setUp()[pri:0, instance:tests.mainPageTests.AllPageChromeTests@2b40ff9c]" started-at="2023-09-29T13:49:36 EEST" name="setUp" finished-at="2023-09-29T13:49:36 EEST" duration-ms="0" status="PASS">
          <reporter-output>
          </reporter-output>
        </test-method> <!-- setUp -->
        <test-method signature="resourcesHeaderMainPage(java.lang.String,java.lang.String)[pri:4, instance:tests.mainPageTests.AllPageChromeTests@2b40ff9c]" started-at="2023-09-29T13:49:45 EEST" name="resourcesHeaderMainPage" finished-at="2023-09-29T13:49:50 EEST" duration-ms="5364" status="PASS">
          <params>
            <param index="0">
              <value>
                <![CDATA[https://ai-mood.com/en/]]>
              </value>
            </param>
            <param index="1">
              <value>
                <![CDATA[Screenshots/]]>
              </value>
            </param>
          </params>
          <reporter-output>
          </reporter-output>
        </test-method> <!-- resourcesHeaderMainPage -->
        <test-method is-config="true" signature="setUp()[pri:0, instance:tests.mainPageTests.AllPageChromeTests@2b40ff9c]" started-at="2023-09-29T13:49:45 EEST" name="setUp" finished-at="2023-09-29T13:49:45 EEST" duration-ms="0" status="PASS">
          <reporter-output>
          </reporter-output>
        </test-method> <!-- setUp -->
        <test-method signature="mainSectionMainPage(java.lang.String,java.lang.String)[pri:6, instance:tests.mainPageTests.AllPageChromeTests@2b40ff9c]" started-at="2023-09-29T13:49:50 EEST" name="mainSectionMainPage" finished-at="2023-09-29T13:49:58 EEST" duration-ms="7333" status="PASS">
          <params>
            <param index="0">
              <value>
                <![CDATA[https://ai-mood.com/en/]]>
              </value>
            </param>
            <param index="1">
              <value>
                <![CDATA[Screenshots/]]>
              </value>
            </param>
          </params>
          <reporter-output>
          </reporter-output>
        </test-method> <!-- mainSectionMainPage -->
        <test-method is-config="true" signature="setUp()[pri:0, instance:tests.mainPageTests.AllPageChromeTests@2b40ff9c]" started-at="2023-09-29T13:49:50 EEST" name="setUp" finished-at="2023-09-29T13:49:50 EEST" duration-ms="0" status="PASS">
          <reporter-output>
          </reporter-output>
        </test-method> <!-- setUp -->
        <test-method is-config="true" signature="setUp()[pri:0, instance:tests.mainPageTests.AllPageChromeTests@2b40ff9c]" started-at="2023-09-29T13:49:58 EEST" name="setUp" finished-at="2023-09-29T13:49:58 EEST" duration-ms="1" status="PASS">
          <reporter-output>
          </reporter-output>
        </test-method> <!-- setUp -->
        <test-method signature="videoSectionMainPage(java.lang.String,java.lang.String)[pri:7, instance:tests.mainPageTests.AllPageChromeTests@2b40ff9c]" started-at="2023-09-29T13:49:58 EEST" name="videoSectionMainPage" finished-at="2023-09-29T13:50:06 EEST" duration-ms="7742" status="PASS">
          <params>
            <param index="0">
              <value>
                <![CDATA[https://ai-mood.com/en/]]>
              </value>
            </param>
            <param index="1">
              <value>
                <![CDATA[Screenshots/]]>
              </value>
            </param>
          </params>
          <reporter-output>
          </reporter-output>
        </test-method> <!-- videoSectionMainPage -->
        <test-method signature="roadmapSectionMainPage(java.lang.String,java.lang.String)[pri:8, instance:tests.mainPageTests.AllPageChromeTests@2b40ff9c]" started-at="2023-09-29T13:50:06 EEST" name="roadmapSectionMainPage" finished-at="2023-09-29T13:50:16 EEST" duration-ms="10608" status="PASS">
          <params>
            <param index="0">
              <value>
                <![CDATA[https://ai-mood.com/en/]]>
              </value>
            </param>
            <param index="1">
              <value>
                <![CDATA[Screenshots/]]>
              </value>
            </param>
          </params>
          <reporter-output>
          </reporter-output>
        </test-method> <!-- roadmapSectionMainPage -->
        <test-method is-config="true" signature="setUp()[pri:0, instance:tests.mainPageTests.AllPageChromeTests@2b40ff9c]" started-at="2023-09-29T13:50:06 EEST" name="setUp" finished-at="2023-09-29T13:50:06 EEST" duration-ms="0" status="PASS">
          <reporter-output>
          </reporter-output>
        </test-method> <!-- setUp -->
        <test-method signature="statisticsSectionMainPage(java.lang.String,java.lang.String)[pri:9, instance:tests.mainPageTests.AllPageChromeTests@2b40ff9c]" started-at="2023-09-29T13:50:16 EEST" name="statisticsSectionMainPage" finished-at="2023-09-29T13:50:28 EEST" duration-ms="12003" status="PASS">
          <params>
            <param index="0">
              <value>
                <![CDATA[https://ai-mood.com/en/]]>
              </value>
            </param>
            <param index="1">
              <value>
                <![CDATA[Screenshots/]]>
              </value>
            </param>
          </params>
          <reporter-output>
          </reporter-output>
        </test-method> <!-- statisticsSectionMainPage -->
        <test-method is-config="true" signature="setUp()[pri:0, instance:tests.mainPageTests.AllPageChromeTests@2b40ff9c]" started-at="2023-09-29T13:50:16 EEST" name="setUp" finished-at="2023-09-29T13:50:16 EEST" duration-ms="0" status="PASS">
          <reporter-output>
          </reporter-output>
        </test-method> <!-- setUp -->
        <test-method is-config="true" signature="setUp()[pri:0, instance:tests.mainPageTests.AllPageChromeTests@2b40ff9c]" started-at="2023-09-29T13:50:28 EEST" name="setUp" finished-at="2023-09-29T13:50:28 EEST" duration-ms="1" status="PASS">
          <reporter-output>
          </reporter-output>
        </test-method> <!-- setUp -->
        <test-method signature="leaningSectionMainPage(java.lang.String,java.lang.String)[pri:10, instance:tests.mainPageTests.AllPageChromeTests@2b40ff9c]" started-at="2023-09-29T13:50:28 EEST" name="leaningSectionMainPage" finished-at="2023-09-29T13:50:38 EEST" duration-ms="10092" status="PASS">
          <params>
            <param index="0">
              <value>
                <![CDATA[https://ai-mood.com/en/]]>
              </value>
            </param>
            <param index="1">
              <value>
                <![CDATA[Screenshots/]]>
              </value>
            </param>
          </params>
          <reporter-output>
          </reporter-output>
        </test-method> <!-- leaningSectionMainPage -->
        <test-method signature="allFooterMainPage(java.lang.String,java.lang.String)[pri:11, instance:tests.mainPageTests.AllPageChromeTests@2b40ff9c]" started-at="2023-09-29T13:50:38 EEST" name="allFooterMainPage" finished-at="2023-09-29T13:50:45 EEST" duration-ms="6357" status="PASS">
          <params>
            <param index="0">
              <value>
                <![CDATA[https://ai-mood.com/en/]]>
              </value>
            </param>
            <param index="1">
              <value>
                <![CDATA[Screenshots/]]>
              </value>
            </param>
          </params>
          <reporter-output>
          </reporter-output>
        </test-method> <!-- allFooterMainPage -->
        <test-method is-config="true" signature="setUp()[pri:0, instance:tests.mainPageTests.AllPageChromeTests@2b40ff9c]" started-at="2023-09-29T13:50:38 EEST" name="setUp" finished-at="2023-09-29T13:50:38 EEST" duration-ms="0" status="PASS">
          <reporter-output>
          </reporter-output>
        </test-method> <!-- setUp -->
        <test-method is-config="true" signature="tearDown()[pri:0, instance:tests.mainPageTests.AllPageChromeTests@2b40ff9c]" started-at="2023-09-29T13:50:45 EEST" name="tearDown" finished-at="2023-09-29T13:50:45 EEST" duration-ms="656" status="PASS">
          <reporter-output>
          </reporter-output>
        </test-method> <!-- tearDown -->
      </class> <!-- tests.mainPageTests.AllPageChromeTests -->
      <class name="tests.whitePaper.WhitePaperChromeTests">
        <test-method is-config="true" signature="setUp()[pri:0, instance:tests.whitePaper.WhitePaperChromeTests@76494737]" started-at="2023-09-29T14:04:06 EEST" name="setUp" finished-at="2023-09-29T14:04:07 EEST" duration-ms="757" status="PASS">
          <reporter-output>
          </reporter-output>
        </test-method> <!-- setUp -->
        <test-method signature="allHeaderWhitePaperPage(java.lang.String,java.lang.String)[pri:1, instance:tests.whitePaper.WhitePaperChromeTests@76494737]" started-at="2023-09-29T14:04:07 EEST" name="allHeaderWhitePaperPage" finished-at="2023-09-29T14:04:16 EEST" duration-ms="9202" status="PASS">
          <params>
            <param index="0">
              <value>
                <![CDATA[https://ai-mood.com/en/white-paper]]>
              </value>
            </param>
            <param index="1">
              <value>
                <![CDATA[Screenshots/]]>
              </value>
            </param>
          </params>
          <reporter-output>
          </reporter-output>
        </test-method> <!-- allHeaderWhitePaperPage -->
        <test-method is-config="true" signature="setUp()[pri:0, instance:tests.whitePaper.WhitePaperChromeTests@76494737]" started-at="2023-09-29T14:04:16 EEST" name="setUp" finished-at="2023-09-29T14:04:16 EEST" duration-ms="1" status="PASS">
          <reporter-output>
          </reporter-output>
        </test-method> <!-- setUp -->
        <test-method signature="getStartedHeaderWhitePaperPage(java.lang.String,java.lang.String)[pri:2, instance:tests.whitePaper.WhitePaperChromeTests@76494737]" started-at="2023-09-29T14:04:16 EEST" name="getStartedHeaderWhitePaperPage" finished-at="2023-09-29T14:04:22 EEST" duration-ms="6248" status="PASS">
          <params>
            <param index="0">
              <value>
                <![CDATA[https://ai-mood.com/en/white-paper]]>
              </value>
            </param>
            <param index="1">
              <value>
                <![CDATA[Screenshots/]]>
              </value>
            </param>
          </params>
          <reporter-output>
          </reporter-output>
        </test-method> <!-- getStartedHeaderWhitePaperPage -->
        <test-method is-config="true" signature="setUp()[pri:0, instance:tests.whitePaper.WhitePaperChromeTests@76494737]" started-at="2023-09-29T14:04:22 EEST" name="setUp" finished-at="2023-09-29T14:04:22 EEST" duration-ms="1" status="PASS">
          <reporter-output>
          </reporter-output>
        </test-method> <!-- setUp -->
        <test-method signature="learnHeaderWhitePaperPage(java.lang.String,java.lang.String)[pri:3, instance:tests.whitePaper.WhitePaperChromeTests@76494737]" started-at="2023-09-29T14:04:22 EEST" name="learnHeaderWhitePaperPage" finished-at="2023-09-29T14:04:28 EEST" duration-ms="6191" status="PASS">
          <params>
            <param index="0">
              <value>
                <![CDATA[https://ai-mood.com/en/white-paper]]>
              </value>
            </param>
            <param index="1">
              <value>
                <![CDATA[Screenshots/]]>
              </value>
            </param>
          </params>
          <reporter-output>
          </reporter-output>
        </test-method> <!-- learnHeaderWhitePaperPage -->
        <test-method signature="resourcesHeaderWhitePaperPage(java.lang.String,java.lang.String)[pri:4, instance:tests.whitePaper.WhitePaperChromeTests@76494737]" started-at="2023-09-29T14:04:28 EEST" name="resourcesHeaderWhitePaperPage" finished-at="2023-09-29T14:04:35 EEST" duration-ms="6261" status="PASS">
          <params>
            <param index="0">
              <value>
                <![CDATA[https://ai-mood.com/en/white-paper]]>
              </value>
            </param>
            <param index="1">
              <value>
                <![CDATA[Screenshots/]]>
              </value>
            </param>
          </params>
          <reporter-output>
          </reporter-output>
        </test-method> <!-- resourcesHeaderWhitePaperPage -->
        <test-method is-config="true" signature="setUp()[pri:0, instance:tests.whitePaper.WhitePaperChromeTests@76494737]" started-at="2023-09-29T14:04:28 EEST" name="setUp" finished-at="2023-09-29T14:04:28 EEST" duration-ms="0" status="PASS">
          <reporter-output>
          </reporter-output>
        </test-method> <!-- setUp -->
        <test-method signature="mainBlockWhitePaperPage(java.lang.String,java.lang.String)[pri:5, instance:tests.whitePaper.WhitePaperChromeTests@76494737]" started-at="2023-09-29T14:04:35 EEST" name="mainBlockWhitePaperPage" finished-at="2023-09-29T14:04:41 EEST" duration-ms="6227" status="PASS">
          <params>
            <param index="0">
              <value>
                <![CDATA[https://ai-mood.com/en/white-paper]]>
              </value>
            </param>
            <param index="1">
              <value>
                <![CDATA[Screenshots/]]>
              </value>
            </param>
          </params>
          <reporter-output>
          </reporter-output>
        </test-method> <!-- mainBlockWhitePaperPage -->
        <test-method is-config="true" signature="setUp()[pri:0, instance:tests.whitePaper.WhitePaperChromeTests@76494737]" started-at="2023-09-29T14:04:35 EEST" name="setUp" finished-at="2023-09-29T14:04:35 EEST" duration-ms="0" status="PASS">
          <reporter-output>
          </reporter-output>
        </test-method> <!-- setUp -->
        <test-method is-config="true" signature="setUp()[pri:0, instance:tests.whitePaper.WhitePaperChromeTests@76494737]" started-at="2023-09-29T14:04:41 EEST" name="setUp" finished-at="2023-09-29T14:04:41 EEST" duration-ms="1" status="PASS">
          <reporter-output>
          </reporter-output>
        </test-method> <!-- setUp -->
        <test-method signature="EweuimtPage(java.lang.String,java.lang.String)[pri:6, instance:tests.whitePaper.WhitePaperChromeTests@76494737]" started-at="2023-09-29T14:04:41 EEST" name="EweuimtPage" finished-at="2023-09-29T14:04:47 EEST" duration-ms="6676" status="PASS">
          <params>
            <param index="0">
              <value>
                <![CDATA[https://ai-mood.com/en/white-paper]]>
              </value>
            </param>
            <param index="1">
              <value>
                <![CDATA[Screenshots/]]>
              </value>
            </param>
          </params>
          <reporter-output>
          </reporter-output>
        </test-method> <!-- EweuimtPage -->
        <test-method signature="allFooterWhitePaperPage(java.lang.String,java.lang.String)[pri:7, instance:tests.whitePaper.WhitePaperChromeTests@76494737]" started-at="2023-09-29T14:04:47 EEST" name="allFooterWhitePaperPage" finished-at="2023-09-29T14:04:54 EEST" duration-ms="6234" status="PASS">
          <params>
            <param index="0">
              <value>
                <![CDATA[https://ai-mood.com/en/white-paper]]>
              </value>
            </param>
            <param index="1">
              <value>
                <![CDATA[Screenshots/]]>
              </value>
            </param>
          </params>
          <reporter-output>
          </reporter-output>
        </test-method> <!-- allFooterWhitePaperPage -->
        <test-method is-config="true" signature="setUp()[pri:0, instance:tests.whitePaper.WhitePaperChromeTests@76494737]" started-at="2023-09-29T14:04:47 EEST" name="setUp" finished-at="2023-09-29T14:04:47 EEST" duration-ms="0" status="PASS">
          <reporter-output>
          </reporter-output>
        </test-method> <!-- setUp -->
        <test-method is-config="true" signature="tearDown()[pri:0, instance:tests.whitePaper.WhitePaperChromeTests@76494737]" started-at="2023-09-29T14:04:54 EEST" name="tearDown" finished-at="2023-09-29T14:04:54 EEST" duration-ms="650" status="PASS">
          <reporter-output>
          </reporter-output>
        </test-method> <!-- tearDown -->
      </class> <!-- tests.whitePaper.WhitePaperChromeTests -->
    </test> <!-- ai-mood - Pixel perfect regression -->
  </suite> <!-- WPT -->
</testng-results>
