-------------------------------------------------------------------------------
Test set: TestSuite
-------------------------------------------------------------------------------
Tests run: 22, Failures: 1, Errors: 0, Skipped: 2, Time elapsed: 150.371 s <<< FAILURE! - in TestSuite
tests.whitePaper.WhitePaperChromeTests.subFooterMainPage[https://ai-mood.com/en/white-paper, Screenshots/](3)  Time elapsed: 9.188 s  <<< FAILURE!
java.lang.AssertionError: *** Images are not similar *** expected [true] but found [false]
	at tests.whitePaper.WhitePaperChromeTests.subFooterMainPage(WhitePaperChromeTests.java:171)

