<?xml version="1.0" encoding="UTF-8"?>
<testsuite xmlns:xsi="http://www.w3.org/2001/XMLSchema-instance" xsi:noNamespaceSchemaLocation="https://maven.apache.org/surefire/maven-surefire-plugin/xsd/surefire-test-report-3.0.xsd" version="3.0" name="TestSuite" time="2,714.91" tests="362" errors="0" skipped="164" failures="82">
  <properties>
[...]
</properties>
  <testcase name="allHeaderMainPage[https://ai-mood.com/en/, Screenshots/](1)" classname="tests.mainPageTests.AllPageFirefoxTests" time="11.392">
    <system-out><![CDATA[The two images are similar.
]]></system-out>
    <system-err><![CDATA[SLF4J: Failed to load class "org.slf4j.impl.StaticLoggerBinder".
SLF4J: Defaulting to no-operation (NOP) logger implementation
SLF4J: See http://www.slf4j.org/codes.html#StaticLoggerBinder for further details.
]]></system-err>
  </testcase>
  <testcase name="getStartedHeaderMainPage[https://ai-mood.com/en/, Screenshots/](1)" classname="tests.mainPageTests.AllPageFirefoxTests" time="5.352">
    <system-out><![CDATA[The two images are similar.
]]></system-out>
  </testcase>
  <testcase name="learnHeaderMainPage[https://ai-mood.com/en/, Screenshots/](1)" classname="tests.mainPageTests.AllPageFirefoxTests" time="5.276">
    <system-out><![CDATA[The two images are similar.
]]></system-out>
  </testcase>
  <testcase name="resourcesHeaderMainPage[https://ai-mood.com/en/, Screenshots/](1)" classname="tests.mainPageTests.AllPageFirefoxTests" time="5.613">
    <system-out><![CDATA[The two images are similar.
]]></system-out>
  </testcase>
  <testcase name="mainSectionMainPage[https://ai-mood.com/en/, Screenshots/](1)" classname="tests.mainPageTests.AllPageFirefoxTests" time="6.108">
    <system-out><![CDATA[The two images are similar.
]]></system-out>
  </testcase>
  <testcase name="videoSectionMainPage[https://ai-mood.com/en/, Screenshots/](1)" classname="tests.mainPageTests.AllPageFirefoxTests" time="6.567">
    <system-out><![CDATA[The two images are similar.
]]></system-out>
  </testcase>
  <testcase name="roadmapSectionMainPage[https://ai-mood.com/en/, Screenshots/](1)" classname="tests.mainPageTests.AllPageFirefoxTests" time="6.725">
    <system-out><![CDATA[The two images are similar.
]]></system-out>
  </testcase>
  <testcase name="statisticsSectionMainPage[https://ai-mood.com/en/, Screenshots/](1)" classname="tests.mainPageTests.AllPageFirefoxTests" time="6.504">
    <system-out><![CDATA[888
3.14
1703
777
The two images are similar.
]]></system-out>
  </testcase>
  <testcase name="leaningSectionMainPage[https://ai-mood.com/en/, Screenshots/](1)" classname="tests.mainPageTests.AllPageFirefoxTests" time="6.46">
    <system-out><![CDATA[The two images are similar.
]]></system-out>
  </testcase>
  <testcase name="allFooterMainPage[https://ai-mood.com/en/, Screenshots/](1)" classname="tests.mainPageTests.AllPageFirefoxTests" time="6.375">
    <system-out><![CDATA[The two images are similar.
]]></system-out>
  </testcase>
  <testcase name="allHeaderMainPage[https://ai-mood.com/en/, Screenshots/](1)" classname="tests.mainPageTests.AllPageChromeTests" time="13.133">
    <system-out><![CDATA[The two images are similar.
]]></system-out>
    <system-err><![CDATA[вер. 12, 2023 12:24:06 ПП org.openqa.selenium.devtools.CdpVersionFinder findNearestMatch
WARNING: Unable to find an exact match for CDP version 116, so returning the closest version found: 115
]]></system-err>
  </testcase>
  <testcase name="getStartedHeaderMainPage[https://ai-mood.com/en/, Screenshots/](1)" classname="tests.mainPageTests.AllPageChromeTests" time="8.152">
    <system-out><![CDATA[The two images are similar.
]]></system-out>
  </testcase>
  <testcase name="learnHeaderMainPage[https://ai-mood.com/en/, Screenshots/](1)" classname="tests.mainPageTests.AllPageChromeTests" time="9.437">
    <system-out><![CDATA[The two images are similar.
]]></system-out>
  </testcase>
  <testcase name="resourcesHeaderMainPage[https://ai-mood.com/en/, Screenshots/](1)" classname="tests.mainPageTests.AllPageChromeTests" time="5.452">
    <system-out><![CDATA[The two images are similar.
]]></system-out>
  </testcase>
  <testcase name="mainSectionMainPage[https://ai-mood.com/en/, Screenshots/](1)" classname="tests.mainPageTests.AllPageChromeTests" time="7.45">
    <system-out><![CDATA[The two images are similar.
]]></system-out>
  </testcase>
  <testcase name="videoSectionMainPage[https://ai-mood.com/en/, Screenshots/](1)" classname="tests.mainPageTests.AllPageChromeTests" time="7.898">
    <system-out><![CDATA[The two images are similar.
]]></system-out>
  </testcase>
  <testcase name="roadmapSectionMainPage[https://ai-mood.com/en/, Screenshots/](1)" classname="tests.mainPageTests.AllPageChromeTests" time="10.8">
    <system-out><![CDATA[The two images are similar.
]]></system-out>
  </testcase>
  <testcase name="statisticsSectionMainPage[https://ai-mood.com/en/, Screenshots/](1)" classname="tests.mainPageTests.AllPageChromeTests" time="12.073">
    <system-out><![CDATA[888
3.14
1703
777
The two images are similar.
]]></system-out>
  </testcase>
  <testcase name="leaningSectionMainPage[https://ai-mood.com/en/, Screenshots/](1)" classname="tests.mainPageTests.AllPageChromeTests" time="10.314">
    <system-out><![CDATA[The two images are similar.
]]></system-out>
  </testcase>
  <testcase name="allFooterMainPage[https://ai-mood.com/en/, Screenshots/](1)" classname="tests.mainPageTests.AllPageChromeTests" time="6.462">
    <system-out><![CDATA[The two images are similar.
]]></system-out>
  </testcase>
  <testcase name="allHeaderMarketPlacePage[https://ai-mood.com/en/market-place, Screenshots/](1)" classname="tests.marketPlacePageTests.AllPageFirefoxTests" time="10.888">
    <system-out><![CDATA[The two images are similar.
]]></system-out>
  </testcase>
  <testcase name="getStartedHeaderMarketPlacePage[https://ai-mood.com/en/market-place, Screenshots/](1)" classname="tests.marketPlacePageTests.AllPageFirefoxTests" time="6.061">
    <system-out><![CDATA[The two images are similar.
]]></system-out>
  </testcase>
  <testcase name="learnHeaderMarketPlacePage[https://ai-mood.com/en/market-place, Screenshots/](1)" classname="tests.marketPlacePageTests.AllPageFirefoxTests" time="6.05">
    <system-out><![CDATA[The two images are similar.
]]></system-out>
  </testcase>
  <testcase name="resourcesHeaderMarketPlacePage[https://ai-mood.com/en/market-place, Screenshots/](1)" classname="tests.marketPlacePageTests.AllPageFirefoxTests" time="6.03">
    <system-out><![CDATA[The two images are similar.
]]></system-out>
  </testcase>
  <testcase name="mainSectionMarketPlacePage[https://ai-mood.com/en/market-place, Screenshots/](1)" classname="tests.marketPlacePageTests.AllPageFirefoxTests" time="7.03">
    <system-out><![CDATA[The two images are similar.
]]></system-out>
  </testcase>
  <testcase name="statisticsSectionMarketPlacePage[https://ai-mood.com/en/market-place, Screenshots/](1)" classname="tests.marketPlacePageTests.AllPageFirefoxTests" time="6.398">
    <system-out><![CDATA[The two images are similar.
]]></system-out>
  </testcase>
  <testcase name="allFooterMarketPlacePage[https://ai-mood.com/en/market-place, Screenshots/](1)" classname="tests.marketPlacePageTests.AllPageFirefoxTests" time="6.033">
    <system-out><![CDATA[The two images are similar.
]]></system-out>
  </testcase>
  <testcase name="allHeaderMarketPlacePage[https://ai-mood.com/en/market-place, Screenshots/](1)" classname="tests.marketPlacePageTests.AllPageChromeTests" time="9.115">
    <system-out><![CDATA[The two images are similar.
]]></system-out>
    <system-err><![CDATA[вер. 12, 2023 12:26:31 ПП org.openqa.selenium.devtools.CdpVersionFinder findNearestMatch
WARNING: Unable to find an exact match for CDP version 116, so returning the closest version found: 115
]]></system-err>
  </testcase>
  <testcase name="getStartedHeaderMarketPlacePage[https://ai-mood.com/en/market-place, Screenshots/](1)" classname="tests.marketPlacePageTests.AllPageChromeTests" time="6.368">
    <system-out><![CDATA[The two images are similar.
]]></system-out>
  </testcase>
  <testcase name="learnHeaderMarketPlacePage[https://ai-mood.com/en/market-place, Screenshots/](1)" classname="tests.marketPlacePageTests.AllPageChromeTests" time="6.319">
    <system-out><![CDATA[The two images are similar.
]]></system-out>
  </testcase>
  <testcase name="resourcesHeaderMarketPlacePage[https://ai-mood.com/en/market-place, Screenshots/](1)" classname="tests.marketPlacePageTests.AllPageChromeTests" time="6.274">
    <system-out><![CDATA[The two images are similar.
]]></system-out>
  </testcase>
  <testcase name="mainSectionMarketPlacePage[https://ai-mood.com/en/market-place, Screenshots/](1)" classname="tests.marketPlacePageTests.AllPageChromeTests" time="7.291">
    <system-out><![CDATA[The two images are similar.
]]></system-out>
  </testcase>
  <testcase name="statisticsSectionMarketPlacePage[https://ai-mood.com/en/market-place, Screenshots/](1)" classname="tests.marketPlacePageTests.AllPageChromeTests" time="6.787">
    <system-out><![CDATA[The two images are similar.
]]></system-out>
  </testcase>
  <testcase name="allFooterMarketPlacePage[https://ai-mood.com/en/market-place, Screenshots/](1)" classname="tests.marketPlacePageTests.AllPageChromeTests" time="6.298">
    <system-out><![CDATA[The two images are similar.
]]></system-out>
  </testcase>
  <testcase name="allHeaderBuySellMoodCoinPage[https://ai-mood.com/en/buy-sell-aimood-coin, Screenshots/](1)" classname="tests.buySellMoodCoinTests.AllPageFirefoxTests" time="7.496">
    <system-out><![CDATA[The two images are similar.
]]></system-out>
  </testcase>
  <testcase name="getStartedHeaderBuySellMoodCoinPage[https://ai-mood.com/en/buy-sell-aimood-coin, Screenshots/](1)" classname="tests.buySellMoodCoinTests.AllPageFirefoxTests" time="5.133">
    <system-out><![CDATA[The two images are similar.
]]></system-out>
  </testcase>
  <testcase name="learnHeaderBuySellMoodCoinPage[https://ai-mood.com/en/buy-sell-aimood-coin, Screenshots/](1)" classname="tests.buySellMoodCoinTests.AllPageFirefoxTests" time="5.135">
    <system-out><![CDATA[The two images are similar.
]]></system-out>
  </testcase>
  <testcase name="resourcesHeaderBuySellMoodCoinPage[https://ai-mood.com/en/buy-sell-aimood-coin, Screenshots/](1)" classname="tests.buySellMoodCoinTests.AllPageFirefoxTests" time="5.201">
    <system-out><![CDATA[The two images are similar.
]]></system-out>
  </testcase>
  <testcase name="mainSectionBuySellMoodCoinPage[https://ai-mood.com/en/buy-sell-aimood-coin, Screenshots/](1)" classname="tests.buySellMoodCoinTests.AllPageFirefoxTests" time="6.928">
    <system-out><![CDATA[The two images are similar.
]]></system-out>
  </testcase>
  <testcase name="allFooterBuySellMoodCoinPage[https://ai-mood.com/en/buy-sell-aimood-coin, Screenshots/](1)" classname="tests.buySellMoodCoinTests.AllPageFirefoxTests" time="6.054">
    <system-out><![CDATA[The two images are similar.
]]></system-out>
  </testcase>
  <testcase name="allHeaderBuySellMoodCoinPage[https://ai-mood.com/en/buy-sell-aimood-coin, Screenshots/](1)" classname="tests.buySellMoodCoinTests.AllPageChromeTests" time="6.839">
    <system-out><![CDATA[The two images are similar.
]]></system-out>
    <system-err><![CDATA[вер. 12, 2023 12:28:01 ПП org.openqa.selenium.devtools.CdpVersionFinder findNearestMatch
WARNING: Unable to find an exact match for CDP version 116, so returning the closest version found: 115
]]></system-err>
  </testcase>
  <testcase name="getStartedHeaderBuySellMoodCoinPage[https://ai-mood.com/en/buy-sell-aimood-coin, Screenshots/](1)" classname="tests.buySellMoodCoinTests.AllPageChromeTests" time="5.438">
    <system-out><![CDATA[The two images are similar.
]]></system-out>
  </testcase>
  <testcase name="learnHeaderBuySellMoodCoinPage[https://ai-mood.com/en/buy-sell-aimood-coin, Screenshots/](1)" classname="tests.buySellMoodCoinTests.AllPageChromeTests" time="5.363">
    <system-out><![CDATA[The two images are similar.
]]></system-out>
  </testcase>
  <testcase name="resourcesHeaderBuySellMoodCoinPage[https://ai-mood.com/en/buy-sell-aimood-coin, Screenshots/](1)" classname="tests.buySellMoodCoinTests.AllPageChromeTests" time="5.365">
    <system-out><![CDATA[The two images are similar.
]]></system-out>
  </testcase>
  <testcase name="mainSectionBuySellMoodCoinPage[https://ai-mood.com/en/buy-sell-aimood-coin, Screenshots/](1)" classname="tests.buySellMoodCoinTests.AllPageChromeTests" time="7.28">
    <system-out><![CDATA[The two images are similar.
]]></system-out>
  </testcase>
  <testcase name="allFooterBuySellMoodCoinPage[https://ai-mood.com/en/buy-sell-aimood-coin, Screenshots/](1)" classname="tests.buySellMoodCoinTests.AllPageChromeTests" time="6.32">
    <system-out><![CDATA[The two images are similar.
]]></system-out>
  </testcase>
  <testcase name="allHeaderTokenMoodPage[https://ai-mood.com/en/token-mood, Screenshots/](1)" classname="tests.tokenMoodPageTests.AllPageFirefoxTests" time="10.845">
    <system-out><![CDATA[The two images are similar.
]]></system-out>
  </testcase>
  <testcase name="getStartedHeaderTokenMoodPage[https://ai-mood.com/en/token-mood, Screenshots/](1)" classname="tests.tokenMoodPageTests.AllPageFirefoxTests" time="5.155">
    <system-out><![CDATA[The two images are similar.
]]></system-out>
  </testcase>
  <testcase name="learnHeaderTokenMoodPage[https://ai-mood.com/en/token-mood, Screenshots/](1)" classname="tests.tokenMoodPageTests.AllPageFirefoxTests" time="5.135">
    <system-out><![CDATA[The two images are similar.
]]></system-out>
  </testcase>
  <testcase name="resourcesHeaderTokenMoodPage[https://ai-mood.com/en/token-mood, Screenshots/](1)" classname="tests.tokenMoodPageTests.AllPageFirefoxTests" time="5.235">
    <system-out><![CDATA[The two images are similar.
]]></system-out>
  </testcase>
  <testcase name="mainSectionTokenMoodPage[https://ai-mood.com/en/token-mood, Screenshots/](1)" classname="tests.tokenMoodPageTests.AllPageFirefoxTests" time="6.968">
    <system-out><![CDATA[The two images are similar.
]]></system-out>
  </testcase>
  <testcase name="statisticsSectionTokenMoodPage[https://ai-mood.com/en/token-mood, Screenshots/](1)" classname="tests.tokenMoodPageTests.AllPageFirefoxTests" time="7.442">
    <system-out><![CDATA[888
3.14
1703
777
The two images are similar.
]]></system-out>
  </testcase>
  <testcase name="allFooterTokenMoodPage[https://ai-mood.com/en/token-mood, Screenshots/](1)" classname="tests.tokenMoodPageTests.AllPageFirefoxTests" time="5.98">
    <system-out><![CDATA[The two images are similar.
]]></system-out>
  </testcase>
  <testcase name="allHeaderTokenMoodPage[https://ai-mood.com/en/token-mood, Screenshots/](1)" classname="tests.tokenMoodPageTests.AllPageChromeTests" time="7.9">
    <system-out><![CDATA[The two images are similar.
]]></system-out>
    <system-err><![CDATA[вер. 12, 2023 12:29:30 ПП org.openqa.selenium.devtools.CdpVersionFinder findNearestMatch
WARNING: Unable to find an exact match for CDP version 116, so returning the closest version found: 115
]]></system-err>
  </testcase>
  <testcase name="getStartedHeaderTokenMoodPage[https://ai-mood.com/en/token-mood, Screenshots/](1)" classname="tests.tokenMoodPageTests.AllPageChromeTests" time="5.51">
    <system-out><![CDATA[The two images are similar.
]]></system-out>
  </testcase>
  <testcase name="learnHeaderTokenMoodPage[https://ai-mood.com/en/token-mood, Screenshots/](1)" classname="tests.tokenMoodPageTests.AllPageChromeTests" time="5.4">
    <system-out><![CDATA[The two images are similar.
]]></system-out>
  </testcase>
  <testcase name="resourcesHeaderTokenMoodPage[https://ai-mood.com/en/token-mood, Screenshots/](1)" classname="tests.tokenMoodPageTests.AllPageChromeTests" time="5.41">
    <system-out><![CDATA[The two images are similar.
]]></system-out>
  </testcase>
  <testcase name="mainSectionTokenMoodPage[https://ai-mood.com/en/token-mood, Screenshots/](1)" classname="tests.tokenMoodPageTests.AllPageChromeTests" time="7.314">
    <system-out><![CDATA[The two images are similar.
]]></system-out>
  </testcase>
  <testcase name="statisticsSectionTokenMoodPage[https://ai-mood.com/en/token-mood, Screenshots/](1)" classname="tests.tokenMoodPageTests.AllPageChromeTests" time="7.889">
    <system-out><![CDATA[888
3.14
1703
777
The two images are similar.
]]></system-out>
  </testcase>
  <testcase name="allFooterTokenMoodPage[https://ai-mood.com/en/token-mood, Screenshots/](1)" classname="tests.tokenMoodPageTests.AllPageChromeTests" time="6.338">
    <system-out><![CDATA[The two images are similar.
]]></system-out>
  </testcase>
  <testcase name="allHeaderFundPage[https://ai-mood.com/en/fund, Screenshots/](1)" classname="tests.fundPageTests.AllPageFirefoxTests" time="8.012">
    <system-out><![CDATA[The two images are similar.
]]></system-out>
  </testcase>
  <testcase name="getStartedHeaderFundPage[https://ai-mood.com/en/fund, Screenshots/](1)" classname="tests.fundPageTests.AllPageFirefoxTests" time="5.17">
    <system-out><![CDATA[The two images are similar.
]]></system-out>
  </testcase>
  <testcase name="learnHeaderFundPage[https://ai-mood.com/en/fund, Screenshots/](1)" classname="tests.fundPageTests.AllPageFirefoxTests" time="5.12">
    <system-out><![CDATA[The two images are similar.
]]></system-out>
  </testcase>
  <testcase name="resourcesHeaderFundPage[https://ai-mood.com/en/fund, Screenshots/](1)" classname="tests.fundPageTests.AllPageFirefoxTests" time="5.203">
    <system-out><![CDATA[The two images are similar.
]]></system-out>
  </testcase>
  <testcase name="mainSectionFundPage[https://ai-mood.com/en/fund, Screenshots/](1)" classname="tests.fundPageTests.AllPageFirefoxTests" time="6.976">
    <system-out><![CDATA[The two images are similar.
]]></system-out>
  </testcase>
  <testcase name="allFooterFundPage[https://ai-mood.com/en/fund, Screenshots/](1)" classname="tests.fundPageTests.AllPageFirefoxTests" time="6.038">
    <system-out><![CDATA[The two images are similar.
]]></system-out>
  </testcase>
  <testcase name="allHeaderFundPage[https://ai-mood.com/en/fund, Screenshots/](1)" classname="tests.fundPageTests.AllPageChromeTests" time="7.435">
    <system-out><![CDATA[The two images are similar.
]]></system-out>
    <system-err><![CDATA[вер. 12, 2023 12:30:57 ПП org.openqa.selenium.devtools.CdpVersionFinder findNearestMatch
WARNING: Unable to find an exact match for CDP version 116, so returning the closest version found: 115
]]></system-err>
  </testcase>
  <testcase name="getStartedHeaderFundPage[https://ai-mood.com/en/fund, Screenshots/](1)" classname="tests.fundPageTests.AllPageChromeTests" time="5.411">
    <system-out><![CDATA[The two images are similar.
]]></system-out>
  </testcase>
  <testcase name="learnHeaderFundPage[https://ai-mood.com/en/fund, Screenshots/](1)" classname="tests.fundPageTests.AllPageChromeTests" time="5.367">
    <system-out><![CDATA[The two images are similar.
]]></system-out>
  </testcase>
  <testcase name="resourcesHeaderFundPage[https://ai-mood.com/en/fund, Screenshots/](1)" classname="tests.fundPageTests.AllPageChromeTests" time="5.365">
    <system-out><![CDATA[The two images are similar.
]]></system-out>
  </testcase>
  <testcase name="mainSectionFundPage[https://ai-mood.com/en/fund, Screenshots/](1)" classname="tests.fundPageTests.AllPageChromeTests" time="7.25">
    <system-out><![CDATA[The two images are similar.
]]></system-out>
  </testcase>
  <testcase name="allFooterFundPage[https://ai-mood.com/en/fund, Screenshots/](1)" classname="tests.fundPageTests.AllPageChromeTests" time="6.327">
    <system-out><![CDATA[The two images are similar.
]]></system-out>
  </testcase>
  <testcase name="allHeaderAffiliateProgramPage[https://ai-mood.com/en/affiliate-program, Screenshots/](1)" classname="tests.affiliateProgramPageTests.AllPageFirefoxTests" time="8.183">
    <system-out><![CDATA[The two images are similar.
]]></system-out>
  </testcase>
  <testcase name="getStartedHeaderAffiliateProgramPage[https://ai-mood.com/en/affiliate-program, Screenshots/](1)" classname="tests.affiliateProgramPageTests.AllPageFirefoxTests" time="5.155">
    <system-out><![CDATA[The two images are similar.
]]></system-out>
  </testcase>
  <testcase name="learnHeaderAffiliateProgramPage[https://ai-mood.com/en/affiliate-program, Screenshots/](1)" classname="tests.affiliateProgramPageTests.AllPageFirefoxTests" time="5.144">
    <system-out><![CDATA[The two images are similar.
]]></system-out>
  </testcase>
  <testcase name="resourcesHeaderAffiliateProgramPage[https://ai-mood.com/en/affiliate-program, Screenshots/](1)" classname="tests.affiliateProgramPageTests.AllPageFirefoxTests" time="5.203">
    <system-out><![CDATA[The two images are similar.
]]></system-out>
  </testcase>
  <testcase name="mainSectionAffiliateProgramPage[https://ai-mood.com/en/affiliate-program, Screenshots/](1)" classname="tests.affiliateProgramPageTests.AllPageFirefoxTests" time="6.964">
    <system-out><![CDATA[The two images are similar.
]]></system-out>
  </testcase>
  <testcase name="affiliateSectionAffiliateProgramPage[https://ai-mood.com/en/affiliate-program, Screenshots/](1)" classname="tests.affiliateProgramPageTests.AllPageFirefoxTests" time="7.357">
    <system-out><![CDATA[The two images are similar.
]]></system-out>
  </testcase>
  <testcase name="allFooterAffiliateProgramPage[https://ai-mood.com/en/affiliate-program, Screenshots/](1)" classname="tests.affiliateProgramPageTests.AllPageFirefoxTests" time="6.053">
    <system-out><![CDATA[The two images are similar.
]]></system-out>
  </testcase>
  <testcase name="allHeaderAffiliateProgramPage[https://ai-mood.com/en/affiliate-program, Screenshots/](1)" classname="tests.affiliateProgramPageTests.AllPageChromeTests" time="7.511">
    <system-out><![CDATA[The two images are similar.
]]></system-out>
    <system-err><![CDATA[вер. 12, 2023 12:32:24 ПП org.openqa.selenium.devtools.CdpVersionFinder findNearestMatch
WARNING: Unable to find an exact match for CDP version 116, so returning the closest version found: 115
]]></system-err>
  </testcase>
  <testcase name="getStartedHeaderAffiliateProgramPage[https://ai-mood.com/en/affiliate-program, Screenshots/](1)" classname="tests.affiliateProgramPageTests.AllPageChromeTests" time="5.451">
    <system-out><![CDATA[The two images are similar.
]]></system-out>
  </testcase>
  <testcase name="learnHeaderAffiliateProgramPage[https://ai-mood.com/en/affiliate-program, Screenshots/](1)" classname="tests.affiliateProgramPageTests.AllPageChromeTests" time="5.371">
    <system-out><![CDATA[The two images are similar.
]]></system-out>
  </testcase>
  <testcase name="resourcesHeaderAffiliateProgramPage[https://ai-mood.com/en/affiliate-program, Screenshots/](1)" classname="tests.affiliateProgramPageTests.AllPageChromeTests" time="5.349">
    <system-out><![CDATA[The two images are similar.
]]></system-out>
  </testcase>
  <testcase name="mainSectionAffiliateProgramPage[https://ai-mood.com/en/affiliate-program, Screenshots/](1)" classname="tests.affiliateProgramPageTests.AllPageChromeTests" time="7.326">
    <system-out><![CDATA[The two images are similar.
]]></system-out>
  </testcase>
  <testcase name="affiliateSectionAffiliateProgramPage[https://ai-mood.com/en/affiliate-program, Screenshots/](1)" classname="tests.affiliateProgramPageTests.AllPageChromeTests" time="7.673">
    <system-out><![CDATA[The two images are similar.
]]></system-out>
  </testcase>
  <testcase name="allFooterAffiliateProgramPage[https://ai-mood.com/en/affiliate-program, Screenshots/](1)" classname="tests.affiliateProgramPageTests.AllPageChromeTests" time="6.331">
    <system-out><![CDATA[The two images are similar.
]]></system-out>
  </testcase>
  <testcase name="allHeaderWalletPage[https://ai-mood.com/en/the-aimood-wallet, Screenshots/](1)" classname="tests.walletPageTests.AllPageFirefoxTests" time="10.838">
    <system-out><![CDATA[The two images are similar.
]]></system-out>
  </testcase>
  <testcase name="getStartedHeaderWalletPage[https://ai-mood.com/en/the-aimood-wallet, Screenshots/](1)" classname="tests.walletPageTests.AllPageFirefoxTests" time="5.138">
    <system-out><![CDATA[The two images are similar.
]]></system-out>
  </testcase>
  <testcase name="learnHeaderWalletPage[https://ai-mood.com/en/the-aimood-wallet, Screenshots/](1)" classname="tests.walletPageTests.AllPageFirefoxTests" time="5.119">
    <system-out><![CDATA[The two images are similar.
]]></system-out>
  </testcase>
  <testcase name="resourcesHeaderWalletPage[https://ai-mood.com/en/the-aimood-wallet, Screenshots/](1)" classname="tests.walletPageTests.AllPageFirefoxTests" time="5.129">
    <system-out><![CDATA[The two images are similar.
]]></system-out>
  </testcase>
  <testcase name="mainSectionWalletPage[https://ai-mood.com/en/the-aimood-wallet, Screenshots/](1)" classname="tests.walletPageTests.AllPageFirefoxTests" time="5.936">
    <system-out><![CDATA[The two images are similar.
]]></system-out>
  </testcase>
  <testcase name="delegatedSectionWalletPage[https://ai-mood.com/en/the-aimood-wallet, Screenshots/](1)" classname="tests.walletPageTests.AllPageFirefoxTests" time="6.289">
    <system-out><![CDATA[The two images are similar.
]]></system-out>
  </testcase>
  <testcase name="allFooterWalletPage[https://ai-mood.com/en/the-aimood-wallet, Screenshots/](1)" classname="tests.walletPageTests.AllPageFirefoxTests" time="6.025">
    <system-out><![CDATA[The two images are similar.
]]></system-out>
  </testcase>
  <testcase name="allHeaderWalletPage[https://ai-mood.com/en/the-aimood-wallet, Screenshots/](1)" classname="tests.walletPageTests.AllPageChromeTests" time="7.917">
    <system-out><![CDATA[The two images are similar.
]]></system-out>
    <system-err><![CDATA[вер. 12, 2023 12:33:59 ПП org.openqa.selenium.devtools.CdpVersionFinder findNearestMatch
WARNING: Unable to find an exact match for CDP version 116, so returning the closest version found: 115
]]></system-err>
  </testcase>
  <testcase name="getStartedHeaderWalletPage[https://ai-mood.com/en/the-aimood-wallet, Screenshots/](1)" classname="tests.walletPageTests.AllPageChromeTests" time="5.431">
    <system-out><![CDATA[The two images are similar.
]]></system-out>
  </testcase>
  <testcase name="learnHeaderWalletPage[https://ai-mood.com/en/the-aimood-wallet, Screenshots/](1)" classname="tests.walletPageTests.AllPageChromeTests" time="5.339">
    <system-out><![CDATA[The two images are similar.
]]></system-out>
  </testcase>
  <testcase name="resourcesHeaderWalletPage[https://ai-mood.com/en/the-aimood-wallet, Screenshots/](1)" classname="tests.walletPageTests.AllPageChromeTests" time="5.354">
    <system-out><![CDATA[The two images are similar.
]]></system-out>
  </testcase>
  <testcase name="mainSectionWalletPage[https://ai-mood.com/en/the-aimood-wallet, Screenshots/](1)" classname="tests.walletPageTests.AllPageChromeTests" time="6.285">
    <system-out><![CDATA[The two images are similar.
]]></system-out>
  </testcase>
  <testcase name="delegatedSectionWalletPage[https://ai-mood.com/en/the-aimood-wallet, Screenshots/](1)" classname="tests.walletPageTests.AllPageChromeTests" time="6.642">
    <system-out><![CDATA[The two images are similar.
]]></system-out>
  </testcase>
  <testcase name="allFooterWalletPage[https://ai-mood.com/en/the-aimood-wallet, Screenshots/](1)" classname="tests.walletPageTests.AllPageChromeTests" time="6.359">
    <system-out><![CDATA[The two images are similar.
]]></system-out>
  </testcase>
  <testcase name="allHeaderStakingPage[https://ai-mood.com/en/stake-delegate, Screenshots/](1)" classname="tests.stakingPageTests.AllPageFirefoxTests" time="9.842">
    <system-out><![CDATA[The two images are similar.
]]></system-out>
  </testcase>
  <testcase name="getStartedHeaderStakingPage[https://ai-mood.com/en/stake-delegate, Screenshots/](1)" classname="tests.stakingPageTests.AllPageFirefoxTests" time="6.081">
    <system-out><![CDATA[The two images are similar.
]]></system-out>
  </testcase>
  <testcase name="learnHeaderStakingPage[https://ai-mood.com/en/stake-delegate, Screenshots/](1)" classname="tests.stakingPageTests.AllPageFirefoxTests" time="6.049">
    <system-out><![CDATA[The two images are similar.
]]></system-out>
  </testcase>
  <testcase name="resourcesHeaderStakingPage[https://ai-mood.com/en/stake-delegate, Screenshots/](1)" classname="tests.stakingPageTests.AllPageFirefoxTests" time="6.093">
    <system-out><![CDATA[The two images are similar.
]]></system-out>
  </testcase>
  <testcase name="mainSectionStakingPage[https://ai-mood.com/en/stake-delegate, Screenshots/](1)" classname="tests.stakingPageTests.AllPageFirefoxTests" time="7.021">
    <system-out><![CDATA[The two images are similar.
]]></system-out>
  </testcase>
  <testcase name="delegatedSectionStakingPage[https://ai-mood.com/en/stake-delegate, Screenshots/](1)" classname="tests.stakingPageTests.AllPageFirefoxTests" time="7.306">
    <system-out><![CDATA[The two images are similar.
]]></system-out>
  </testcase>
  <testcase name="calcStakSectionStakingPage[https://ai-mood.com/en/stake-delegate, Screenshots/](1)" classname="tests.stakingPageTests.AllPageFirefoxTests" time="9.482">
    <system-out><![CDATA[(0.13% 24H)
~0.13
2864.2900
The two images are similar.
]]></system-out>
  </testcase>
  <testcase name="allFooterStakingPage[https://ai-mood.com/en/stake-delegate, Screenshots/](1)" classname="tests.stakingPageTests.AllPageFirefoxTests" time="5.959">
    <system-out><![CDATA[The two images are similar.
]]></system-out>
  </testcase>
  <testcase name="allHeaderStakingPage[https://ai-mood.com/en/stake-delegate, Screenshots/](1)" classname="tests.stakingPageTests.AllPageChromeTests" time="8.8">
    <system-out><![CDATA[The two images are similar.
]]></system-out>
    <system-err><![CDATA[вер. 12, 2023 12:35:45 ПП org.openqa.selenium.devtools.CdpVersionFinder findNearestMatch
WARNING: Unable to find an exact match for CDP version 116, so returning the closest version found: 115
]]></system-err>
  </testcase>
  <testcase name="getStartedHeaderStakingPage[https://ai-mood.com/en/stake-delegate, Screenshots/](1)" classname="tests.stakingPageTests.AllPageChromeTests" time="6.381">
    <system-out><![CDATA[The two images are similar.
]]></system-out>
  </testcase>
  <testcase name="learnHeaderStakingPage[https://ai-mood.com/en/stake-delegate, Screenshots/](1)" classname="tests.stakingPageTests.AllPageChromeTests" time="6.334">
    <system-out><![CDATA[The two images are similar.
]]></system-out>
  </testcase>
  <testcase name="resourcesHeaderStakingPage[https://ai-mood.com/en/stake-delegate, Screenshots/](1)" classname="tests.stakingPageTests.AllPageChromeTests" time="6.333">
    <system-out><![CDATA[The two images are similar.
]]></system-out>
  </testcase>
  <testcase name="mainSectionStakingPage[https://ai-mood.com/en/stake-delegate, Screenshots/](1)" classname="tests.stakingPageTests.AllPageChromeTests" time="7.327">
    <system-out><![CDATA[The two images are similar.
]]></system-out>
  </testcase>
  <testcase name="delegatedSectionStakingPage[https://ai-mood.com/en/stake-delegate, Screenshots/](1)" classname="tests.stakingPageTests.AllPageChromeTests" time="9.648">
    <system-out><![CDATA[The two images are similar.
]]></system-out>
  </testcase>
  <testcase name="calcStakSectionStakingPage[https://ai-mood.com/en/stake-delegate, Screenshots/](1)" classname="tests.stakingPageTests.AllPageChromeTests" time="9.943">
    <system-out><![CDATA[(0.13% 24H)
~0.13
2864.2900
The two images are similar.
]]></system-out>
  </testcase>
  <testcase name="allFooterStakingPage[https://ai-mood.com/en/stake-delegate, Screenshots/](1)" classname="tests.stakingPageTests.AllPageChromeTests" time="6.382">
    <system-out><![CDATA[The two images are similar.
]]></system-out>
  </testcase>
  <testcase name="allHeaderWhitePaperPage[https://ai-mood.com/en/white-paper, Screenshots/](1)" classname="tests.whitePaper.WhitePaperChromeTests" time="0">
    <skipped message="*** Images are not similar *** expected [true] but found [false]"/>
    <system-out><![CDATA[The two images are not similar.
Difference found. See the file D:\jenkins-agent-data\workspace\pixelPerfectMultiPlatform_AI_Mood_Prod\Screenshots\WhitePaper_page\EnChrome\Screenshots_allHeaderWhitePaperPage\difference.png for details.
]]></system-out>
    <system-err><![CDATA[вер. 12, 2023 12:36:48 ПП org.openqa.selenium.devtools.CdpVersionFinder findNearestMatch
WARNING: Unable to find an exact match for CDP version 116, so returning the closest version found: 115
]]></system-err>
  </testcase>
  <testcase name="allHeaderWhitePaperPage[https://ai-mood.com/en/white-paper, Screenshots/](2)" classname="tests.whitePaper.WhitePaperChromeTests" time="0">
    <skipped message="*** Images are not similar *** expected [true] but found [false]"/>
    <system-out><![CDATA[The two images are not similar.
Difference found. See the file D:\jenkins-agent-data\workspace\pixelPerfectMultiPlatform_AI_Mood_Prod\Screenshots\WhitePaper_page\EnChrome\Screenshots_allHeaderWhitePaperPage\difference.png for details.
]]></system-out>
    <system-err><![CDATA[org.openqa.selenium.NoSuchElementException: no such element: Unable to locate element: {"method":"xpath","selector":"//button[@class='accept-cookies-btn']"}
  (Session info: chrome=116.0.5845.182)
For documentation on this error, please visit: https://www.selenium.dev/documentation/webdriver/troubleshooting/errors#no-such-element-exception
Build info: version: '4.11.0', revision: '040bc5406b'
System info: os.name: 'Windows 10', os.arch: 'amd64', os.version: '10.0', java.version: '11.0.2'
Driver info: org.openqa.selenium.chrome.ChromeDriver
Command: [ac52194ff2f3046f5604cac4daacfaad, findElement {using=xpath, value=//button[@class='accept-cookies-btn']}]
Capabilities {acceptInsecureCerts: false, browserName: chrome, browserVersion: 116.0.5845.182, chrome: {chromedriverVersion: 116.0.5845.96 (1a3918166880..., userDataDir: C:\Users\admin\AppData\Loca...}, fedcm:accounts: true, goog:chromeOptions: {debuggerAddress: localhost:60116}, networkConnectionEnabled: false, pageLoadStrategy: normal, platformName: windows, proxy: Proxy(), se:cdp: ws://localhost:60116/devtoo..., se:cdpVersion: 116.0.5845.182, setWindowRect: true, strictFileInteractability: false, timeouts: {implicit: 0, pageLoad: 300000, script: 30000}, unhandledPromptBehavior: dismiss and notify, webauthn:extension:credBlob: true, webauthn:extension:largeBlob: true, webauthn:extension:minPinLength: true, webauthn:extension:prf: true, webauthn:virtualAuthenticators: true}
Session ID: ac52194ff2f3046f5604cac4daacfaad
	at java.base/jdk.internal.reflect.NativeConstructorAccessorImpl.newInstance0(Native Method)
	at java.base/jdk.internal.reflect.NativeConstructorAccessorImpl.newInstance(NativeConstructorAccessorImpl.java:62)
	at java.base/jdk.internal.reflect.DelegatingConstructorAccessorImpl.newInstance(DelegatingConstructorAccessorImpl.java:45)
	at java.base/java.lang.reflect.Constructor.newInstance(Constructor.java:490)
	at org.openqa.selenium.remote.codec.w3c.W3CHttpResponseCodec.createException(W3CHttpResponseCodec.java:200)
	at org.openqa.selenium.remote.codec.w3c.W3CHttpResponseCodec.decode(W3CHttpResponseCodec.java:133)
	at org.openqa.selenium.remote.codec.w3c.W3CHttpResponseCodec.decode(W3CHttpResponseCodec.java:52)
	at org.openqa.selenium.remote.HttpCommandExecutor.execute(HttpCommandExecutor.java:191)
	at org.openqa.selenium.remote.service.DriverCommandExecutor.invokeExecute(DriverCommandExecutor.java:196)
	at org.openqa.selenium.remote.service.DriverCommandExecutor.execute(DriverCommandExecutor.java:171)
	at org.openqa.selenium.remote.RemoteWebDriver.execute(RemoteWebDriver.java:518)
	at org.openqa.selenium.remote.ElementLocation$ElementFinder$2.findElement(ElementLocation.java:165)
	at org.openqa.selenium.remote.ElementLocation.findElement(ElementLocation.java:59)
	at org.openqa.selenium.remote.RemoteWebDriver.findElement(RemoteWebDriver.java:355)
	at org.openqa.selenium.remote.RemoteWebDriver.findElement(RemoteWebDriver.java:349)
	at pages.base.Action.findElementByXpath(Action.java:30)
	at pages.base.Action.ifButtonIsPresentClick(Action.java:109)
	at tests.whitePaper.WhitePaperChromeTests.allHeaderWhitePaperPage(WhitePaperChromeTests.java:23)
	at java.base/jdk.internal.reflect.NativeMethodAccessorImpl.invoke0(Native Method)
	at java.base/jdk.internal.reflect.NativeMethodAccessorImpl.invoke(NativeMethodAccessorImpl.java:62)
	at java.base/jdk.internal.reflect.DelegatingMethodAccessorImpl.invoke(DelegatingMethodAccessorImpl.java:43)
	at java.base/java.lang.reflect.Method.invoke(Method.java:566)
	at org.testng.internal.invokers.MethodInvocationHelper.invokeMethod(MethodInvocationHelper.java:139)
	at org.testng.internal.invokers.TestInvoker.invokeMethod(TestInvoker.java:664)
	at org.testng.internal.invokers.TestInvoker.retryFailed(TestInvoker.java:248)
	at org.testng.internal.invokers.MethodRunner.runInSequence(MethodRunner.java:62)
	at org.testng.internal.invokers.TestInvoker$MethodInvocationAgent.invoke(TestInvoker.java:957)
	at org.testng.internal.invokers.TestInvoker.invokeTestMethods(TestInvoker.java:200)
	at org.testng.internal.invokers.TestMethodWorker.invokeTestMethods(TestMethodWorker.java:148)
	at org.testng.internal.invokers.TestMethodWorker.run(TestMethodWorker.java:128)
	at java.base/java.util.ArrayList.forEach(ArrayList.java:1540)
	at org.testng.TestRunner.privateRun(TestRunner.java:848)
	at org.testng.TestRunner.run(TestRunner.java:621)
	at org.testng.SuiteRunner.runTest(SuiteRunner.java:443)
	at org.testng.SuiteRunner.runSequentially(SuiteRunner.java:437)
	at org.testng.SuiteRunner.privateRun(SuiteRunner.java:397)
	at org.testng.SuiteRunner.run(SuiteRunner.java:336)
	at org.testng.SuiteRunnerWorker.runSuite(SuiteRunnerWorker.java:52)
	at org.testng.SuiteRunnerWorker.run(SuiteRunnerWorker.java:95)
	at org.testng.TestNG.runSuitesSequentially(TestNG.java:1280)
	at org.testng.TestNG.runSuitesLocally(TestNG.java:1200)
	at org.testng.TestNG.runSuites(TestNG.java:1114)
	at org.testng.TestNG.run(TestNG.java:1082)
	at org.apache.maven.surefire.testng.TestNGExecutor.run(TestNGExecutor.java:284)
	at org.apache.maven.surefire.testng.TestNGXmlTestSuite.execute(TestNGXmlTestSuite.java:75)
	at org.apache.maven.surefire.testng.TestNGProvider.invoke(TestNGProvider.java:119)
	at org.apache.maven.surefire.booter.ForkedBooter.runSuitesInProcess(ForkedBooter.java:428)
	at org.apache.maven.surefire.booter.ForkedBooter.execute(ForkedBooter.java:162)
	at org.apache.maven.surefire.booter.ForkedBooter.run(ForkedBooter.java:562)
	at org.apache.maven.surefire.booter.ForkedBooter.main(ForkedBooter.java:548)
]]></system-err>
  </testcase>
  <testcase name="allHeaderWhitePaperPage[https://ai-mood.com/en/white-paper, Screenshots/](3)" classname="tests.whitePaper.WhitePaperChromeTests" time="21.674">
    <failure message="*** Images are not similar *** expected [true] but found [false]" type="java.lang.AssertionError"><![CDATA[java.lang.AssertionError: *** Images are not similar *** expected [true] but found [false]
	at tests.whitePaper.WhitePaperChromeTests.allHeaderWhitePaperPage(WhitePaperChromeTests.java:26)
]]></failure>
    <system-out><![CDATA[The two images are not similar.
Difference found. See the file D:\jenkins-agent-data\workspace\pixelPerfectMultiPlatform_AI_Mood_Prod\Screenshots\WhitePaper_page\EnChrome\Screenshots_allHeaderWhitePaperPage\difference.png for details.
]]></system-out>
    <system-err><![CDATA[org.openqa.selenium.NoSuchElementException: no such element: Unable to locate element: {"method":"xpath","selector":"//button[@class='accept-cookies-btn']"}
  (Session info: chrome=116.0.5845.182)
For documentation on this error, please visit: https://www.selenium.dev/documentation/webdriver/troubleshooting/errors#no-such-element-exception
Build info: version: '4.11.0', revision: '040bc5406b'
System info: os.name: 'Windows 10', os.arch: 'amd64', os.version: '10.0', java.version: '11.0.2'
Driver info: org.openqa.selenium.chrome.ChromeDriver
Command: [ac52194ff2f3046f5604cac4daacfaad, findElement {using=xpath, value=//button[@class='accept-cookies-btn']}]
Capabilities {acceptInsecureCerts: false, browserName: chrome, browserVersion: 116.0.5845.182, chrome: {chromedriverVersion: 116.0.5845.96 (1a3918166880..., userDataDir: C:\Users\admin\AppData\Loca...}, fedcm:accounts: true, goog:chromeOptions: {debuggerAddress: localhost:60116}, networkConnectionEnabled: false, pageLoadStrategy: normal, platformName: windows, proxy: Proxy(), se:cdp: ws://localhost:60116/devtoo..., se:cdpVersion: 116.0.5845.182, setWindowRect: true, strictFileInteractability: false, timeouts: {implicit: 0, pageLoad: 300000, script: 30000}, unhandledPromptBehavior: dismiss and notify, webauthn:extension:credBlob: true, webauthn:extension:largeBlob: true, webauthn:extension:minPinLength: true, webauthn:extension:prf: true, webauthn:virtualAuthenticators: true}
Session ID: ac52194ff2f3046f5604cac4daacfaad
	at java.base/jdk.internal.reflect.NativeConstructorAccessorImpl.newInstance0(Native Method)
	at java.base/jdk.internal.reflect.NativeConstructorAccessorImpl.newInstance(NativeConstructorAccessorImpl.java:62)
	at java.base/jdk.internal.reflect.DelegatingConstructorAccessorImpl.newInstance(DelegatingConstructorAccessorImpl.java:45)
	at java.base/java.lang.reflect.Constructor.newInstance(Constructor.java:490)
	at org.openqa.selenium.remote.codec.w3c.W3CHttpResponseCodec.createException(W3CHttpResponseCodec.java:200)
	at org.openqa.selenium.remote.codec.w3c.W3CHttpResponseCodec.decode(W3CHttpResponseCodec.java:133)
	at org.openqa.selenium.remote.codec.w3c.W3CHttpResponseCodec.decode(W3CHttpResponseCodec.java:52)
	at org.openqa.selenium.remote.HttpCommandExecutor.execute(HttpCommandExecutor.java:191)
	at org.openqa.selenium.remote.service.DriverCommandExecutor.invokeExecute(DriverCommandExecutor.java:196)
	at org.openqa.selenium.remote.service.DriverCommandExecutor.execute(DriverCommandExecutor.java:171)
	at org.openqa.selenium.remote.RemoteWebDriver.execute(RemoteWebDriver.java:518)
	at org.openqa.selenium.remote.ElementLocation$ElementFinder$2.findElement(ElementLocation.java:165)
	at org.openqa.selenium.remote.ElementLocation.findElement(ElementLocation.java:59)
	at org.openqa.selenium.remote.RemoteWebDriver.findElement(RemoteWebDriver.java:355)
	at org.openqa.selenium.remote.RemoteWebDriver.findElement(RemoteWebDriver.java:349)
	at pages.base.Action.findElementByXpath(Action.java:30)
	at pages.base.Action.ifButtonIsPresentClick(Action.java:109)
	at tests.whitePaper.WhitePaperChromeTests.allHeaderWhitePaperPage(WhitePaperChromeTests.java:23)
	at java.base/jdk.internal.reflect.NativeMethodAccessorImpl.invoke0(Native Method)
	at java.base/jdk.internal.reflect.NativeMethodAccessorImpl.invoke(NativeMethodAccessorImpl.java:62)
	at java.base/jdk.internal.reflect.DelegatingMethodAccessorImpl.invoke(DelegatingMethodAccessorImpl.java:43)
	at java.base/java.lang.reflect.Method.invoke(Method.java:566)
	at org.testng.internal.invokers.MethodInvocationHelper.invokeMethod(MethodInvocationHelper.java:139)
	at org.testng.internal.invokers.TestInvoker.invokeMethod(TestInvoker.java:664)
	at org.testng.internal.invokers.TestInvoker.retryFailed(TestInvoker.java:248)
	at org.testng.internal.invokers.MethodRunner.runInSequence(MethodRunner.java:62)
	at org.testng.internal.invokers.TestInvoker$MethodInvocationAgent.invoke(TestInvoker.java:957)
	at org.testng.internal.invokers.TestInvoker.invokeTestMethods(TestInvoker.java:200)
	at org.testng.internal.invokers.TestMethodWorker.invokeTestMethods(TestMethodWorker.java:148)
	at org.testng.internal.invokers.TestMethodWorker.run(TestMethodWorker.java:128)
	at java.base/java.util.ArrayList.forEach(ArrayList.java:1540)
	at org.testng.TestRunner.privateRun(TestRunner.java:848)
	at org.testng.TestRunner.run(TestRunner.java:621)
	at org.testng.SuiteRunner.runTest(SuiteRunner.java:443)
	at org.testng.SuiteRunner.runSequentially(SuiteRunner.java:437)
	at org.testng.SuiteRunner.privateRun(SuiteRunner.java:397)
	at org.testng.SuiteRunner.run(SuiteRunner.java:336)
	at org.testng.SuiteRunnerWorker.runSuite(SuiteRunnerWorker.java:52)
	at org.testng.SuiteRunnerWorker.run(SuiteRunnerWorker.java:95)
	at org.testng.TestNG.runSuitesSequentially(TestNG.java:1280)
	at org.testng.TestNG.runSuitesLocally(TestNG.java:1200)
	at org.testng.TestNG.runSuites(TestNG.java:1114)
	at org.testng.TestNG.run(TestNG.java:1082)
	at org.apache.maven.surefire.testng.TestNGExecutor.run(TestNGExecutor.java:284)
	at org.apache.maven.surefire.testng.TestNGXmlTestSuite.execute(TestNGXmlTestSuite.java:75)
	at org.apache.maven.surefire.testng.TestNGProvider.invoke(TestNGProvider.java:119)
	at org.apache.maven.surefire.booter.ForkedBooter.runSuitesInProcess(ForkedBooter.java:428)
	at org.apache.maven.surefire.booter.ForkedBooter.execute(ForkedBooter.java:162)
	at org.apache.maven.surefire.booter.ForkedBooter.run(ForkedBooter.java:562)
	at org.apache.maven.surefire.booter.ForkedBooter.main(ForkedBooter.java:548)
]]></system-err>
  </testcase>
  <testcase name="getStartedHeaderWhitePaperPage[https://ai-mood.com/en/white-paper, Screenshots/](1)" classname="tests.whitePaper.WhitePaperChromeTests" time="0">
    <skipped message="*** Images are not similar *** expected [true] but found [false]"/>
    <system-out><![CDATA[The two images are not similar.
Difference found. See the file D:\jenkins-agent-data\workspace\pixelPerfectMultiPlatform_AI_Mood_Prod\Screenshots\WhitePaper_page\EnChrome\Screenshots_getStartedWhitePaperPage\difference.png for details.
]]></system-out>
  </testcase>
  <testcase name="getStartedHeaderWhitePaperPage[https://ai-mood.com/en/white-paper, Screenshots/](2)" classname="tests.whitePaper.WhitePaperChromeTests" time="0">
    <skipped message="*** Images are not similar *** expected [true] but found [false]"/>
    <system-out><![CDATA[The two images are not similar.
Difference found. See the file D:\jenkins-agent-data\workspace\pixelPerfectMultiPlatform_AI_Mood_Prod\Screenshots\WhitePaper_page\EnChrome\Screenshots_getStartedWhitePaperPage\difference.png for details.
]]></system-out>
  </testcase>
  <testcase name="getStartedHeaderWhitePaperPage[https://ai-mood.com/en/white-paper, Screenshots/](3)" classname="tests.whitePaper.WhitePaperChromeTests" time="5.769">
    <failure message="*** Images are not similar *** expected [true] but found [false]" type="java.lang.AssertionError"><![CDATA[java.lang.AssertionError: *** Images are not similar *** expected [true] but found [false]
	at tests.whitePaper.WhitePaperChromeTests.getStartedHeaderWhitePaperPage(WhitePaperChromeTests.java:43)
]]></failure>
    <system-out><![CDATA[The two images are not similar.
Difference found. See the file D:\jenkins-agent-data\workspace\pixelPerfectMultiPlatform_AI_Mood_Prod\Screenshots\WhitePaper_page\EnChrome\Screenshots_getStartedWhitePaperPage\difference.png for details.
]]></system-out>
  </testcase>
  <testcase name="marketPlaceHeaderWhitePaperPage[https://ai-mood.com/en/white-paper, Screenshots/](1)" classname="tests.whitePaper.WhitePaperChromeTests" time="0">
    <skipped message="Can&apos;t read input file!"/>
    <system-out><![CDATA[*** File exists ***
]]></system-out>
  </testcase>
  <testcase name="marketPlaceHeaderWhitePaperPage[https://ai-mood.com/en/white-paper, Screenshots/](2)" classname="tests.whitePaper.WhitePaperChromeTests" time="0">
    <skipped message="Can&apos;t read input file!"/>
    <system-out><![CDATA[*** File exists ***
]]></system-out>
  </testcase>
  <testcase name="marketPlaceHeaderWhitePaperPage[https://ai-mood.com/en/white-paper, Screenshots/](3)" classname="tests.whitePaper.WhitePaperChromeTests" time="5.733">
    <failure message="Can&apos;t read input file!" type="javax.imageio.IIOException"><![CDATA[javax.imageio.IIOException: Can't read input file!
	at tests.whitePaper.WhitePaperChromeTests.marketPlaceHeaderWhitePaperPage(WhitePaperChromeTests.java:80)
]]></failure>
    <system-out><![CDATA[*** File exists ***
]]></system-out>
  </testcase>
  <testcase name="whitePaperHeaderWhitePaperPage[https://ai-mood.com/en/white-paper, Screenshots/](1)" classname="tests.whitePaper.WhitePaperChromeTests" time="0">
    <skipped message="Can&apos;t read input file!"/>
    <system-out><![CDATA[*** File exists ***
]]></system-out>
  </testcase>
  <testcase name="whitePaperHeaderWhitePaperPage[https://ai-mood.com/en/white-paper, Screenshots/](2)" classname="tests.whitePaper.WhitePaperChromeTests" time="0">
    <skipped message="Can&apos;t read input file!"/>
    <system-out><![CDATA[*** File exists ***
]]></system-out>
  </testcase>
  <testcase name="whitePaperHeaderWhitePaperPage[https://ai-mood.com/en/white-paper, Screenshots/](3)" classname="tests.whitePaper.WhitePaperChromeTests" time="5.768">
    <failure message="Can&apos;t read input file!" type="javax.imageio.IIOException"><![CDATA[javax.imageio.IIOException: Can't read input file!
	at tests.whitePaper.WhitePaperChromeTests.whitePaperHeaderWhitePaperPage(WhitePaperChromeTests.java:98)
]]></failure>
    <system-out><![CDATA[*** File exists ***
]]></system-out>
  </testcase>
  <testcase name="learnHeaderWhitePaperPage[https://ai-mood.com/en/white-paper, Screenshots/](1)" classname="tests.whitePaper.WhitePaperChromeTests" time="0">
    <skipped message="*** Images are not similar *** expected [true] but found [false]"/>
    <system-out><![CDATA[The two images are not similar.
Difference found. See the file D:\jenkins-agent-data\workspace\pixelPerfectMultiPlatform_AI_Mood_Prod\Screenshots\WhitePaper_page\EnChrome\Screenshots_learnWhitePaperPage\difference.png for details.
]]></system-out>
  </testcase>
  <testcase name="learnHeaderWhitePaperPage[https://ai-mood.com/en/white-paper, Screenshots/](2)" classname="tests.whitePaper.WhitePaperChromeTests" time="0">
    <skipped message="*** Images are not similar *** expected [true] but found [false]"/>
    <system-out><![CDATA[The two images are not similar.
Difference found. See the file D:\jenkins-agent-data\workspace\pixelPerfectMultiPlatform_AI_Mood_Prod\Screenshots\WhitePaper_page\EnChrome\Screenshots_learnWhitePaperPage\difference.png for details.
]]></system-out>
  </testcase>
  <testcase name="learnHeaderWhitePaperPage[https://ai-mood.com/en/white-paper, Screenshots/](3)" classname="tests.whitePaper.WhitePaperChromeTests" time="5.792">
    <failure message="*** Images are not similar *** expected [true] but found [false]" type="java.lang.AssertionError"><![CDATA[java.lang.AssertionError: *** Images are not similar *** expected [true] but found [false]
	at tests.whitePaper.WhitePaperChromeTests.learnHeaderWhitePaperPage(WhitePaperChromeTests.java:62)
]]></failure>
    <system-out><![CDATA[The two images are not similar.
Difference found. See the file D:\jenkins-agent-data\workspace\pixelPerfectMultiPlatform_AI_Mood_Prod\Screenshots\WhitePaper_page\EnChrome\Screenshots_learnWhitePaperPage\difference.png for details.
]]></system-out>
  </testcase>
  <testcase name="resourcesHeaderWhitePaperPage[https://ai-mood.com/en/white-paper, Screenshots/](1)" classname="tests.whitePaper.WhitePaperChromeTests" time="0">
    <skipped message="*** Images are not similar *** expected [true] but found [false]"/>
    <system-out><![CDATA[The two images are not similar.
Difference found. See the file D:\jenkins-agent-data\workspace\pixelPerfectMultiPlatform_AI_Mood_Prod\Screenshots\WhitePaper_page\EnChrome\Screenshots_resourcesWhitePaperPage\difference.png for details.
]]></system-out>
  </testcase>
  <testcase name="resourcesHeaderWhitePaperPage[https://ai-mood.com/en/white-paper, Screenshots/](2)" classname="tests.whitePaper.WhitePaperChromeTests" time="0">
    <skipped message="*** Images are not similar *** expected [true] but found [false]"/>
    <system-out><![CDATA[The two images are not similar.
Difference found. See the file D:\jenkins-agent-data\workspace\pixelPerfectMultiPlatform_AI_Mood_Prod\Screenshots\WhitePaper_page\EnChrome\Screenshots_resourcesWhitePaperPage\difference.png for details.
]]></system-out>
  </testcase>
  <testcase name="resourcesHeaderWhitePaperPage[https://ai-mood.com/en/white-paper, Screenshots/](3)" classname="tests.whitePaper.WhitePaperChromeTests" time="5.829">
    <failure message="*** Images are not similar *** expected [true] but found [false]" type="java.lang.AssertionError"><![CDATA[java.lang.AssertionError: *** Images are not similar *** expected [true] but found [false]
	at tests.whitePaper.WhitePaperChromeTests.resourcesHeaderWhitePaperPage(WhitePaperChromeTests.java:117)
]]></failure>
    <system-out><![CDATA[The two images are not similar.
Difference found. See the file D:\jenkins-agent-data\workspace\pixelPerfectMultiPlatform_AI_Mood_Prod\Screenshots\WhitePaper_page\EnChrome\Screenshots_resourcesWhitePaperPage\difference.png for details.
]]></system-out>
  </testcase>
  <testcase name="mainBlockWhitePaperPage[https://ai-mood.com/en/white-paper, Screenshots/](1)" classname="tests.whitePaper.WhitePaperChromeTests" time="0">
    <skipped message="*** Images are not similar *** expected [true] but found [false]"/>
    <system-out><![CDATA[The two images are not similar.
Difference found. See the file D:\jenkins-agent-data\workspace\pixelPerfectMultiPlatform_AI_Mood_Prod\Screenshots\WhitePaper_page\EnChrome\Screenshots_mainBlockWhitePaperPage\difference.png for details.
]]></system-out>
  </testcase>
  <testcase name="mainBlockWhitePaperPage[https://ai-mood.com/en/white-paper, Screenshots/](2)" classname="tests.whitePaper.WhitePaperChromeTests" time="0">
    <skipped message="*** Images are not similar *** expected [true] but found [false]"/>
    <system-out><![CDATA[The two images are not similar.
Difference found. See the file D:\jenkins-agent-data\workspace\pixelPerfectMultiPlatform_AI_Mood_Prod\Screenshots\WhitePaper_page\EnChrome\Screenshots_mainBlockWhitePaperPage\difference.png for details.
]]></system-out>
  </testcase>
  <testcase name="mainBlockWhitePaperPage[https://ai-mood.com/en/white-paper, Screenshots/](3)" classname="tests.whitePaper.WhitePaperChromeTests" time="5.906">
    <failure message="*** Images are not similar *** expected [true] but found [false]" type="java.lang.AssertionError"><![CDATA[java.lang.AssertionError: *** Images are not similar *** expected [true] but found [false]
	at tests.whitePaper.WhitePaperChromeTests.mainBlockWhitePaperPage(WhitePaperChromeTests.java:135)
]]></failure>
    <system-out><![CDATA[The two images are not similar.
Difference found. See the file D:\jenkins-agent-data\workspace\pixelPerfectMultiPlatform_AI_Mood_Prod\Screenshots\WhitePaper_page\EnChrome\Screenshots_mainBlockWhitePaperPage\difference.png for details.
]]></system-out>
  </testcase>
  <testcase name="EweuimtPage[https://ai-mood.com/en/white-paper, Screenshots/](1)" classname="tests.whitePaper.WhitePaperChromeTests" time="0">
    <skipped message="*** Images are not similar *** expected [true] but found [false]"/>
    <system-out><![CDATA[The two images are not similar.
Difference found. See the file D:\jenkins-agent-data\workspace\pixelPerfectMultiPlatform_AI_Mood_Prod\Screenshots\WhitePaper_page\EnChrome\Screenshots_EweuimtPage\difference.png for details.
]]></system-out>
  </testcase>
  <testcase name="EweuimtPage[https://ai-mood.com/en/white-paper, Screenshots/](2)" classname="tests.whitePaper.WhitePaperChromeTests" time="0">
    <skipped message="*** Images are not similar *** expected [true] but found [false]"/>
    <system-out><![CDATA[The two images are not similar.
Difference found. See the file D:\jenkins-agent-data\workspace\pixelPerfectMultiPlatform_AI_Mood_Prod\Screenshots\WhitePaper_page\EnChrome\Screenshots_EweuimtPage\difference.png for details.
]]></system-out>
  </testcase>
  <testcase name="EweuimtPage[https://ai-mood.com/en/white-paper, Screenshots/](3)" classname="tests.whitePaper.WhitePaperChromeTests" time="6.52">
    <failure message="*** Images are not similar *** expected [true] but found [false]" type="java.lang.AssertionError"><![CDATA[java.lang.AssertionError: *** Images are not similar *** expected [true] but found [false]
	at tests.whitePaper.WhitePaperChromeTests.EweuimtPage(WhitePaperChromeTests.java:154)
]]></failure>
    <system-out><![CDATA[The two images are not similar.
Difference found. See the file D:\jenkins-agent-data\workspace\pixelPerfectMultiPlatform_AI_Mood_Prod\Screenshots\WhitePaper_page\EnChrome\Screenshots_EweuimtPage\difference.png for details.
]]></system-out>
  </testcase>
  <testcase name="allFooterWhitePaperPage[https://ai-mood.com/en/white-paper, Screenshots/](1)" classname="tests.whitePaper.WhitePaperChromeTests" time="0">
    <skipped message="*** Images are not similar *** expected [true] but found [false]"/>
    <system-out><![CDATA[The two images are not similar.
Difference found. See the file D:\jenkins-agent-data\workspace\pixelPerfectMultiPlatform_AI_Mood_Prod\Screenshots\WhitePaper_page\EnChrome\Screenshots_allFooterWhitePaper\difference.png for details.
]]></system-out>
  </testcase>
  <testcase name="allFooterWhitePaperPage[https://ai-mood.com/en/white-paper, Screenshots/](2)" classname="tests.whitePaper.WhitePaperChromeTests" time="0">
    <skipped message="*** Images are not similar *** expected [true] but found [false]"/>
    <system-out><![CDATA[The two images are not similar.
Difference found. See the file D:\jenkins-agent-data\workspace\pixelPerfectMultiPlatform_AI_Mood_Prod\Screenshots\WhitePaper_page\EnChrome\Screenshots_allFooterWhitePaper\difference.png for details.
]]></system-out>
  </testcase>
  <testcase name="allFooterWhitePaperPage[https://ai-mood.com/en/white-paper, Screenshots/](3)" classname="tests.whitePaper.WhitePaperChromeTests" time="5.943">
    <failure message="*** Images are not similar *** expected [true] but found [false]" type="java.lang.AssertionError"><![CDATA[java.lang.AssertionError: *** Images are not similar *** expected [true] but found [false]
	at tests.whitePaper.WhitePaperChromeTests.allFooterWhitePaperPage(WhitePaperChromeTests.java:173)
]]></failure>
    <system-out><![CDATA[The two images are not similar.
Difference found. See the file D:\jenkins-agent-data\workspace\pixelPerfectMultiPlatform_AI_Mood_Prod\Screenshots\WhitePaper_page\EnChrome\Screenshots_allFooterWhitePaper\difference.png for details.
]]></system-out>
  </testcase>
  <testcase name="allHeaderWhitePaperPage[https://ai-mood.com/en/white-paper, Screenshots/](1)" classname="tests.whitePaper.WhitePaperFirefoxTests" time="0">
    <skipped message="*** Images are not similar *** expected [true] but found [false]"/>
    <system-out><![CDATA[The two images are not similar.
Difference found. See the file D:\jenkins-agent-data\workspace\pixelPerfectMultiPlatform_AI_Mood_Prod\Screenshots\WhitePaper_page\EnFirefox\Screenshots_allHeaderWhitePaperPage\difference.png for details.
]]></system-out>
  </testcase>
  <testcase name="allHeaderWhitePaperPage[https://ai-mood.com/en/white-paper, Screenshots/](2)" classname="tests.whitePaper.WhitePaperFirefoxTests" time="0">
    <skipped message="*** Images are not similar *** expected [true] but found [false]"/>
    <system-out><![CDATA[The two images are not similar.
Difference found. See the file D:\jenkins-agent-data\workspace\pixelPerfectMultiPlatform_AI_Mood_Prod\Screenshots\WhitePaper_page\EnFirefox\Screenshots_allHeaderWhitePaperPage\difference.png for details.
]]></system-out>
    <system-err><![CDATA[org.openqa.selenium.NoSuchElementException: Unable to locate element: //button[@class='accept-cookies-btn']
For documentation on this error, please visit: https://www.selenium.dev/documentation/webdriver/troubleshooting/errors#no-such-element-exception
Build info: version: '4.11.0', revision: '040bc5406b'
System info: os.name: 'Windows 10', os.arch: 'amd64', os.version: '10.0', java.version: '11.0.2'
Driver info: org.openqa.selenium.firefox.FirefoxDriver
Command: [9dd79151-d191-4dfa-97e0-1543f6d23b2b, findElement {using=xpath, value=//button[@class='accept-cookies-btn']}]
Capabilities {acceptInsecureCerts: true, browserName: firefox, browserVersion: 117.0, moz:accessibilityChecks: false, moz:buildID: 20230824132758, moz:debuggerAddress: 127.0.0.1:4036, moz:geckodriverVersion: 0.33.0, moz:headless: false, moz:platformVersion: 10.0, moz:processID: 5736, moz:profile: C:\Users\admin\AppData\Loca..., moz:shutdownTimeout: 60000, moz:webdriverClick: true, moz:windowless: false, pageLoadStrategy: normal, platformName: windows, proxy: Proxy(), se:cdp: ws://127.0.0.1:4036/devtool..., se:cdpVersion: 85.0, setWindowRect: true, strictFileInteractability: false, timeouts: {implicit: 0, pageLoad: 300000, script: 30000}, unhandledPromptBehavior: dismiss and notify}
Session ID: 9dd79151-d191-4dfa-97e0-1543f6d23b2b
	at java.base/jdk.internal.reflect.NativeConstructorAccessorImpl.newInstance0(Native Method)
	at java.base/jdk.internal.reflect.NativeConstructorAccessorImpl.newInstance(NativeConstructorAccessorImpl.java:62)
	at java.base/jdk.internal.reflect.DelegatingConstructorAccessorImpl.newInstance(DelegatingConstructorAccessorImpl.java:45)
	at java.base/java.lang.reflect.Constructor.newInstance(Constructor.java:490)
	at org.openqa.selenium.remote.codec.w3c.W3CHttpResponseCodec.createException(W3CHttpResponseCodec.java:200)
	at org.openqa.selenium.remote.codec.w3c.W3CHttpResponseCodec.decode(W3CHttpResponseCodec.java:133)
	at org.openqa.selenium.remote.codec.w3c.W3CHttpResponseCodec.decode(W3CHttpResponseCodec.java:52)
	at org.openqa.selenium.remote.HttpCommandExecutor.execute(HttpCommandExecutor.java:191)
	at org.openqa.selenium.remote.service.DriverCommandExecutor.invokeExecute(DriverCommandExecutor.java:196)
	at org.openqa.selenium.remote.service.DriverCommandExecutor.execute(DriverCommandExecutor.java:171)
	at org.openqa.selenium.remote.RemoteWebDriver.execute(RemoteWebDriver.java:518)
	at org.openqa.selenium.remote.ElementLocation$ElementFinder$2.findElement(ElementLocation.java:165)
	at org.openqa.selenium.remote.ElementLocation.findElement(ElementLocation.java:59)
	at org.openqa.selenium.remote.RemoteWebDriver.findElement(RemoteWebDriver.java:355)
	at org.openqa.selenium.remote.RemoteWebDriver.findElement(RemoteWebDriver.java:349)
	at pages.base.Action.findElementByXpath(Action.java:30)
	at pages.base.Action.ifButtonIsPresentClick(Action.java:109)
	at tests.whitePaper.WhitePaperFirefoxTests.allHeaderWhitePaperPage(WhitePaperFirefoxTests.java:24)
	at java.base/jdk.internal.reflect.NativeMethodAccessorImpl.invoke0(Native Method)
	at java.base/jdk.internal.reflect.NativeMethodAccessorImpl.invoke(NativeMethodAccessorImpl.java:62)
	at java.base/jdk.internal.reflect.DelegatingMethodAccessorImpl.invoke(DelegatingMethodAccessorImpl.java:43)
	at java.base/java.lang.reflect.Method.invoke(Method.java:566)
	at org.testng.internal.invokers.MethodInvocationHelper.invokeMethod(MethodInvocationHelper.java:139)
	at org.testng.internal.invokers.TestInvoker.invokeMethod(TestInvoker.java:664)
	at org.testng.internal.invokers.TestInvoker.retryFailed(TestInvoker.java:248)
	at org.testng.internal.invokers.MethodRunner.runInSequence(MethodRunner.java:62)
	at org.testng.internal.invokers.TestInvoker$MethodInvocationAgent.invoke(TestInvoker.java:957)
	at org.testng.internal.invokers.TestInvoker.invokeTestMethods(TestInvoker.java:200)
	at org.testng.internal.invokers.TestMethodWorker.invokeTestMethods(TestMethodWorker.java:148)
	at org.testng.internal.invokers.TestMethodWorker.run(TestMethodWorker.java:128)
	at java.base/java.util.ArrayList.forEach(ArrayList.java:1540)
	at org.testng.TestRunner.privateRun(TestRunner.java:848)
	at org.testng.TestRunner.run(TestRunner.java:621)
	at org.testng.SuiteRunner.runTest(SuiteRunner.java:443)
	at org.testng.SuiteRunner.runSequentially(SuiteRunner.java:437)
	at org.testng.SuiteRunner.privateRun(SuiteRunner.java:397)
	at org.testng.SuiteRunner.run(SuiteRunner.java:336)
	at org.testng.SuiteRunnerWorker.runSuite(SuiteRunnerWorker.java:52)
	at org.testng.SuiteRunnerWorker.run(SuiteRunnerWorker.java:95)
	at org.testng.TestNG.runSuitesSequentially(TestNG.java:1280)
	at org.testng.TestNG.runSuitesLocally(TestNG.java:1200)
	at org.testng.TestNG.runSuites(TestNG.java:1114)
	at org.testng.TestNG.run(TestNG.java:1082)
	at org.apache.maven.surefire.testng.TestNGExecutor.run(TestNGExecutor.java:284)
	at org.apache.maven.surefire.testng.TestNGXmlTestSuite.execute(TestNGXmlTestSuite.java:75)
	at org.apache.maven.surefire.testng.TestNGProvider.invoke(TestNGProvider.java:119)
	at org.apache.maven.surefire.booter.ForkedBooter.runSuitesInProcess(ForkedBooter.java:428)
	at org.apache.maven.surefire.booter.ForkedBooter.execute(ForkedBooter.java:162)
	at org.apache.maven.surefire.booter.ForkedBooter.run(ForkedBooter.java:562)
	at org.apache.maven.surefire.booter.ForkedBooter.main(ForkedBooter.java:548)
]]></system-err>
  </testcase>
  <testcase name="allHeaderWhitePaperPage[https://ai-mood.com/en/white-paper, Screenshots/](3)" classname="tests.whitePaper.WhitePaperFirefoxTests" time="22.543">
    <failure message="*** Images are not similar *** expected [true] but found [false]" type="java.lang.AssertionError"><![CDATA[java.lang.AssertionError: *** Images are not similar *** expected [true] but found [false]
	at tests.whitePaper.WhitePaperFirefoxTests.allHeaderWhitePaperPage(WhitePaperFirefoxTests.java:27)
]]></failure>
    <system-out><![CDATA[The two images are not similar.
Difference found. See the file D:\jenkins-agent-data\workspace\pixelPerfectMultiPlatform_AI_Mood_Prod\Screenshots\WhitePaper_page\EnFirefox\Screenshots_allHeaderWhitePaperPage\difference.png for details.
]]></system-out>
    <system-err><![CDATA[org.openqa.selenium.NoSuchElementException: Unable to locate element: //button[@class='accept-cookies-btn']
For documentation on this error, please visit: https://www.selenium.dev/documentation/webdriver/troubleshooting/errors#no-such-element-exception
Build info: version: '4.11.0', revision: '040bc5406b'
System info: os.name: 'Windows 10', os.arch: 'amd64', os.version: '10.0', java.version: '11.0.2'
Driver info: org.openqa.selenium.firefox.FirefoxDriver
Command: [9dd79151-d191-4dfa-97e0-1543f6d23b2b, findElement {using=xpath, value=//button[@class='accept-cookies-btn']}]
Capabilities {acceptInsecureCerts: true, browserName: firefox, browserVersion: 117.0, moz:accessibilityChecks: false, moz:buildID: 20230824132758, moz:debuggerAddress: 127.0.0.1:4036, moz:geckodriverVersion: 0.33.0, moz:headless: false, moz:platformVersion: 10.0, moz:processID: 5736, moz:profile: C:\Users\admin\AppData\Loca..., moz:shutdownTimeout: 60000, moz:webdriverClick: true, moz:windowless: false, pageLoadStrategy: normal, platformName: windows, proxy: Proxy(), se:cdp: ws://127.0.0.1:4036/devtool..., se:cdpVersion: 85.0, setWindowRect: true, strictFileInteractability: false, timeouts: {implicit: 0, pageLoad: 300000, script: 30000}, unhandledPromptBehavior: dismiss and notify}
Session ID: 9dd79151-d191-4dfa-97e0-1543f6d23b2b
	at java.base/jdk.internal.reflect.NativeConstructorAccessorImpl.newInstance0(Native Method)
	at java.base/jdk.internal.reflect.NativeConstructorAccessorImpl.newInstance(NativeConstructorAccessorImpl.java:62)
	at java.base/jdk.internal.reflect.DelegatingConstructorAccessorImpl.newInstance(DelegatingConstructorAccessorImpl.java:45)
	at java.base/java.lang.reflect.Constructor.newInstance(Constructor.java:490)
	at org.openqa.selenium.remote.codec.w3c.W3CHttpResponseCodec.createException(W3CHttpResponseCodec.java:200)
	at org.openqa.selenium.remote.codec.w3c.W3CHttpResponseCodec.decode(W3CHttpResponseCodec.java:133)
	at org.openqa.selenium.remote.codec.w3c.W3CHttpResponseCodec.decode(W3CHttpResponseCodec.java:52)
	at org.openqa.selenium.remote.HttpCommandExecutor.execute(HttpCommandExecutor.java:191)
	at org.openqa.selenium.remote.service.DriverCommandExecutor.invokeExecute(DriverCommandExecutor.java:196)
	at org.openqa.selenium.remote.service.DriverCommandExecutor.execute(DriverCommandExecutor.java:171)
	at org.openqa.selenium.remote.RemoteWebDriver.execute(RemoteWebDriver.java:518)
	at org.openqa.selenium.remote.ElementLocation$ElementFinder$2.findElement(ElementLocation.java:165)
	at org.openqa.selenium.remote.ElementLocation.findElement(ElementLocation.java:59)
	at org.openqa.selenium.remote.RemoteWebDriver.findElement(RemoteWebDriver.java:355)
	at org.openqa.selenium.remote.RemoteWebDriver.findElement(RemoteWebDriver.java:349)
	at pages.base.Action.findElementByXpath(Action.java:30)
	at pages.base.Action.ifButtonIsPresentClick(Action.java:109)
	at tests.whitePaper.WhitePaperFirefoxTests.allHeaderWhitePaperPage(WhitePaperFirefoxTests.java:24)
	at java.base/jdk.internal.reflect.NativeMethodAccessorImpl.invoke0(Native Method)
	at java.base/jdk.internal.reflect.NativeMethodAccessorImpl.invoke(NativeMethodAccessorImpl.java:62)
	at java.base/jdk.internal.reflect.DelegatingMethodAccessorImpl.invoke(DelegatingMethodAccessorImpl.java:43)
	at java.base/java.lang.reflect.Method.invoke(Method.java:566)
	at org.testng.internal.invokers.MethodInvocationHelper.invokeMethod(MethodInvocationHelper.java:139)
	at org.testng.internal.invokers.TestInvoker.invokeMethod(TestInvoker.java:664)
	at org.testng.internal.invokers.TestInvoker.retryFailed(TestInvoker.java:248)
	at org.testng.internal.invokers.MethodRunner.runInSequence(MethodRunner.java:62)
	at org.testng.internal.invokers.TestInvoker$MethodInvocationAgent.invoke(TestInvoker.java:957)
	at org.testng.internal.invokers.TestInvoker.invokeTestMethods(TestInvoker.java:200)
	at org.testng.internal.invokers.TestMethodWorker.invokeTestMethods(TestMethodWorker.java:148)
	at org.testng.internal.invokers.TestMethodWorker.run(TestMethodWorker.java:128)
	at java.base/java.util.ArrayList.forEach(ArrayList.java:1540)
	at org.testng.TestRunner.privateRun(TestRunner.java:848)
	at org.testng.TestRunner.run(TestRunner.java:621)
	at org.testng.SuiteRunner.runTest(SuiteRunner.java:443)
	at org.testng.SuiteRunner.runSequentially(SuiteRunner.java:437)
	at org.testng.SuiteRunner.privateRun(SuiteRunner.java:397)
	at org.testng.SuiteRunner.run(SuiteRunner.java:336)
	at org.testng.SuiteRunnerWorker.runSuite(SuiteRunnerWorker.java:52)
	at org.testng.SuiteRunnerWorker.run(SuiteRunnerWorker.java:95)
	at org.testng.TestNG.runSuitesSequentially(TestNG.java:1280)
	at org.testng.TestNG.runSuitesLocally(TestNG.java:1200)
	at org.testng.TestNG.runSuites(TestNG.java:1114)
	at org.testng.TestNG.run(TestNG.java:1082)
	at org.apache.maven.surefire.testng.TestNGExecutor.run(TestNGExecutor.java:284)
	at org.apache.maven.surefire.testng.TestNGXmlTestSuite.execute(TestNGXmlTestSuite.java:75)
	at org.apache.maven.surefire.testng.TestNGProvider.invoke(TestNGProvider.java:119)
	at org.apache.maven.surefire.booter.ForkedBooter.runSuitesInProcess(ForkedBooter.java:428)
	at org.apache.maven.surefire.booter.ForkedBooter.execute(ForkedBooter.java:162)
	at org.apache.maven.surefire.booter.ForkedBooter.run(ForkedBooter.java:562)
	at org.apache.maven.surefire.booter.ForkedBooter.main(ForkedBooter.java:548)
]]></system-err>
  </testcase>
  <testcase name="getStartedHeaderWhitePaperPage[https://ai-mood.com/en/white-paper, Screenshots/](1)" classname="tests.whitePaper.WhitePaperFirefoxTests" time="0">
    <skipped message="*** Images are not similar *** expected [true] but found [false]"/>
    <system-out><![CDATA[The two images are not similar.
Difference found. See the file D:\jenkins-agent-data\workspace\pixelPerfectMultiPlatform_AI_Mood_Prod\Screenshots\WhitePaper_page\EnFirefox\Screenshots_getStartedWhitePaperPage\difference.png for details.
]]></system-out>
  </testcase>
  <testcase name="getStartedHeaderWhitePaperPage[https://ai-mood.com/en/white-paper, Screenshots/](2)" classname="tests.whitePaper.WhitePaperFirefoxTests" time="0">
    <skipped message="*** Images are not similar *** expected [true] but found [false]"/>
    <system-out><![CDATA[The two images are not similar.
Difference found. See the file D:\jenkins-agent-data\workspace\pixelPerfectMultiPlatform_AI_Mood_Prod\Screenshots\WhitePaper_page\EnFirefox\Screenshots_getStartedWhitePaperPage\difference.png for details.
]]></system-out>
  </testcase>
  <testcase name="getStartedHeaderWhitePaperPage[https://ai-mood.com/en/white-paper, Screenshots/](3)" classname="tests.whitePaper.WhitePaperFirefoxTests" time="5.46">
    <failure message="*** Images are not similar *** expected [true] but found [false]" type="java.lang.AssertionError"><![CDATA[java.lang.AssertionError: *** Images are not similar *** expected [true] but found [false]
	at tests.whitePaper.WhitePaperFirefoxTests.getStartedHeaderWhitePaperPage(WhitePaperFirefoxTests.java:44)
]]></failure>
    <system-out><![CDATA[The two images are not similar.
Difference found. See the file D:\jenkins-agent-data\workspace\pixelPerfectMultiPlatform_AI_Mood_Prod\Screenshots\WhitePaper_page\EnFirefox\Screenshots_getStartedWhitePaperPage\difference.png for details.
]]></system-out>
  </testcase>
  <testcase name="marketPlaceHeaderWhitePaperPage[https://ai-mood.com/en/white-paper, Screenshots/](1)" classname="tests.whitePaper.WhitePaperFirefoxTests" time="0">
    <skipped message="Can&apos;t read input file!"/>
    <system-out><![CDATA[*** File exists ***
]]></system-out>
  </testcase>
  <testcase name="marketPlaceHeaderWhitePaperPage[https://ai-mood.com/en/white-paper, Screenshots/](2)" classname="tests.whitePaper.WhitePaperFirefoxTests" time="0">
    <skipped message="Can&apos;t read input file!"/>
    <system-out><![CDATA[*** File exists ***
]]></system-out>
  </testcase>
  <testcase name="marketPlaceHeaderWhitePaperPage[https://ai-mood.com/en/white-paper, Screenshots/](3)" classname="tests.whitePaper.WhitePaperFirefoxTests" time="5.52">
    <failure message="Can&apos;t read input file!" type="javax.imageio.IIOException"><![CDATA[javax.imageio.IIOException: Can't read input file!
	at tests.whitePaper.WhitePaperFirefoxTests.marketPlaceHeaderWhitePaperPage(WhitePaperFirefoxTests.java:80)
]]></failure>
    <system-out><![CDATA[*** File exists ***
]]></system-out>
  </testcase>
  <testcase name="whitePaperHeaderWhitePaperPage[https://ai-mood.com/en/white-paper, Screenshots/](1)" classname="tests.whitePaper.WhitePaperFirefoxTests" time="0">
    <skipped message="Can&apos;t read input file!"/>
    <system-out><![CDATA[*** File exists ***
]]></system-out>
  </testcase>
  <testcase name="whitePaperHeaderWhitePaperPage[https://ai-mood.com/en/white-paper, Screenshots/](2)" classname="tests.whitePaper.WhitePaperFirefoxTests" time="0">
    <skipped message="Can&apos;t read input file!"/>
    <system-out><![CDATA[*** File exists ***
]]></system-out>
  </testcase>
  <testcase name="whitePaperHeaderWhitePaperPage[https://ai-mood.com/en/white-paper, Screenshots/](3)" classname="tests.whitePaper.WhitePaperFirefoxTests" time="5.44">
    <failure message="Can&apos;t read input file!" type="javax.imageio.IIOException"><![CDATA[javax.imageio.IIOException: Can't read input file!
	at tests.whitePaper.WhitePaperFirefoxTests.whitePaperHeaderWhitePaperPage(WhitePaperFirefoxTests.java:98)
]]></failure>
    <system-out><![CDATA[*** File exists ***
]]></system-out>
  </testcase>
  <testcase name="learnHeaderWhitePaperPage[https://ai-mood.com/en/white-paper, Screenshots/](1)" classname="tests.whitePaper.WhitePaperFirefoxTests" time="0">
    <skipped message="*** Images are not similar *** expected [true] but found [false]"/>
    <system-out><![CDATA[The two images are not similar.
Difference found. See the file D:\jenkins-agent-data\workspace\pixelPerfectMultiPlatform_AI_Mood_Prod\Screenshots\WhitePaper_page\EnFirefox\Screenshots_learnWhitePaperPage\difference.png for details.
]]></system-out>
  </testcase>
  <testcase name="learnHeaderWhitePaperPage[https://ai-mood.com/en/white-paper, Screenshots/](2)" classname="tests.whitePaper.WhitePaperFirefoxTests" time="0">
    <skipped message="*** Images are not similar *** expected [true] but found [false]"/>
    <system-out><![CDATA[The two images are not similar.
Difference found. See the file D:\jenkins-agent-data\workspace\pixelPerfectMultiPlatform_AI_Mood_Prod\Screenshots\WhitePaper_page\EnFirefox\Screenshots_learnWhitePaperPage\difference.png for details.
]]></system-out>
  </testcase>
  <testcase name="learnHeaderWhitePaperPage[https://ai-mood.com/en/white-paper, Screenshots/](3)" classname="tests.whitePaper.WhitePaperFirefoxTests" time="5.434">
    <failure message="*** Images are not similar *** expected [true] but found [false]" type="java.lang.AssertionError"><![CDATA[java.lang.AssertionError: *** Images are not similar *** expected [true] but found [false]
	at tests.whitePaper.WhitePaperFirefoxTests.learnHeaderWhitePaperPage(WhitePaperFirefoxTests.java:62)
]]></failure>
    <system-out><![CDATA[The two images are not similar.
Difference found. See the file D:\jenkins-agent-data\workspace\pixelPerfectMultiPlatform_AI_Mood_Prod\Screenshots\WhitePaper_page\EnFirefox\Screenshots_learnWhitePaperPage\difference.png for details.
]]></system-out>
  </testcase>
  <testcase name="resourcesHeaderWhitePaperPage[https://ai-mood.com/en/white-paper, Screenshots/](1)" classname="tests.whitePaper.WhitePaperFirefoxTests" time="0">
    <skipped message="*** Images are not similar *** expected [true] but found [false]"/>
    <system-out><![CDATA[The two images are not similar.
Difference found. See the file D:\jenkins-agent-data\workspace\pixelPerfectMultiPlatform_AI_Mood_Prod\Screenshots\WhitePaper_page\EnFirefox\Screenshots_resourcesWhitePaperPage\difference.png for details.
]]></system-out>
  </testcase>
  <testcase name="resourcesHeaderWhitePaperPage[https://ai-mood.com/en/white-paper, Screenshots/](2)" classname="tests.whitePaper.WhitePaperFirefoxTests" time="0">
    <skipped message="*** Images are not similar *** expected [true] but found [false]"/>
    <system-out><![CDATA[The two images are not similar.
Difference found. See the file D:\jenkins-agent-data\workspace\pixelPerfectMultiPlatform_AI_Mood_Prod\Screenshots\WhitePaper_page\EnFirefox\Screenshots_resourcesWhitePaperPage\difference.png for details.
]]></system-out>
  </testcase>
  <testcase name="resourcesHeaderWhitePaperPage[https://ai-mood.com/en/white-paper, Screenshots/](3)" classname="tests.whitePaper.WhitePaperFirefoxTests" time="5.461">
    <failure message="*** Images are not similar *** expected [true] but found [false]" type="java.lang.AssertionError"><![CDATA[java.lang.AssertionError: *** Images are not similar *** expected [true] but found [false]
	at tests.whitePaper.WhitePaperFirefoxTests.resourcesHeaderWhitePaperPage(WhitePaperFirefoxTests.java:116)
]]></failure>
    <system-out><![CDATA[The two images are not similar.
Difference found. See the file D:\jenkins-agent-data\workspace\pixelPerfectMultiPlatform_AI_Mood_Prod\Screenshots\WhitePaper_page\EnFirefox\Screenshots_resourcesWhitePaperPage\difference.png for details.
]]></system-out>
  </testcase>
  <testcase name="mainBlockWhitePaperPage[https://ai-mood.com/en/white-paper, Screenshots/](1)" classname="tests.whitePaper.WhitePaperFirefoxTests" time="0">
    <skipped message="*** Images are not similar *** expected [true] but found [false]"/>
    <system-out><![CDATA[The two images are not similar.
Difference found. See the file D:\jenkins-agent-data\workspace\pixelPerfectMultiPlatform_AI_Mood_Prod\Screenshots\WhitePaper_page\EnFirefox\Screenshots_mainBlockWhitePaperPage\difference.png for details.
]]></system-out>
  </testcase>
  <testcase name="mainBlockWhitePaperPage[https://ai-mood.com/en/white-paper, Screenshots/](2)" classname="tests.whitePaper.WhitePaperFirefoxTests" time="0">
    <skipped message="*** Images are not similar *** expected [true] but found [false]"/>
    <system-out><![CDATA[The two images are not similar.
[...]
Session ID: a1d376f197809a1316a2ffe5805fafcc
	at jdk.internal.reflect.GeneratedConstructorAccessor36.newInstance(Unknown Source)
	at java.base/jdk.internal.reflect.DelegatingConstructorAccessorImpl.newInstance(DelegatingConstructorAccessorImpl.java:45)
	at java.base/java.lang.reflect.Constructor.newInstance(Constructor.java:490)
	at org.openqa.selenium.remote.codec.w3c.W3CHttpResponseCodec.createException(W3CHttpResponseCodec.java:200)
	at org.openqa.selenium.remote.codec.w3c.W3CHttpResponseCodec.decode(W3CHttpResponseCodec.java:133)
	at org.openqa.selenium.remote.codec.w3c.W3CHttpResponseCodec.decode(W3CHttpResponseCodec.java:52)
	at org.openqa.selenium.remote.HttpCommandExecutor.execute(HttpCommandExecutor.java:191)
	at org.openqa.selenium.remote.service.DriverCommandExecutor.invokeExecute(DriverCommandExecutor.java:196)
	at org.openqa.selenium.remote.service.DriverCommandExecutor.execute(DriverCommandExecutor.java:171)
	at org.openqa.selenium.remote.RemoteWebDriver.execute(RemoteWebDriver.java:518)
	at org.openqa.selenium.remote.ElementLocation$ElementFinder$2.findElement(ElementLocation.java:165)
	at org.openqa.selenium.remote.ElementLocation.findElement(ElementLocation.java:59)
	at org.openqa.selenium.remote.RemoteWebDriver.findElement(RemoteWebDriver.java:355)
	at org.openqa.selenium.remote.RemoteWebDriver.findElement(RemoteWebDriver.java:349)
	at pages.base.Action.findElementByXpath(Action.java:30)
	at pages.base.Action.ifButtonIsPresentClick(Action.java:109)
	at tests.signUpPageTests.AllPageChromeTests.allHeaderSignUpPage(AllPageChromeTests.java:22)
	at java.base/jdk.internal.reflect.NativeMethodAccessorImpl.invoke0(Native Method)
	at java.base/jdk.internal.reflect.NativeMethodAccessorImpl.invoke(NativeMethodAccessorImpl.java:62)
	at java.base/jdk.internal.reflect.DelegatingMethodAccessorImpl.invoke(DelegatingMethodAccessorImpl.java:43)
	at java.base/java.lang.reflect.Method.invoke(Method.java:566)
	at org.testng.internal.invokers.MethodInvocationHelper.invokeMethod(MethodInvocationHelper.java:139)
	at org.testng.internal.invokers.TestInvoker.invokeMethod(TestInvoker.java:664)
	at org.testng.internal.invokers.TestInvoker.retryFailed(TestInvoker.java:248)
	at org.testng.internal.invokers.MethodRunner.runInSequence(MethodRunner.java:62)
	at org.testng.internal.invokers.TestInvoker$MethodInvocationAgent.invoke(TestInvoker.java:957)
	at org.testng.internal.invokers.TestInvoker.invokeTestMethods(TestInvoker.java:200)
	at org.testng.internal.invokers.TestMethodWorker.invokeTestMethods(TestMethodWorker.java:148)
	at org.testng.internal.invokers.TestMethodWorker.run(TestMethodWorker.java:128)
	at java.base/java.util.ArrayList.forEach(ArrayList.java:1540)
	at org.testng.TestRunner.privateRun(TestRunner.java:848)
	at org.testng.TestRunner.run(TestRunner.java:621)
	at org.testng.SuiteRunner.runTest(SuiteRunner.java:443)
	at org.testng.SuiteRunner.runSequentially(SuiteRunner.java:437)
	at org.testng.SuiteRunner.privateRun(SuiteRunner.java:397)
	at org.testng.SuiteRunner.run(SuiteRunner.java:336)
	at org.testng.SuiteRunnerWorker.runSuite(SuiteRunnerWorker.java:52)
	at org.testng.SuiteRunnerWorker.run(SuiteRunnerWorker.java:95)
	at org.testng.TestNG.runSuitesSequentially(TestNG.java:1280)
	at org.testng.TestNG.runSuitesLocally(TestNG.java:1200)
	at org.testng.TestNG.runSuites(TestNG.java:1114)
	at org.testng.TestNG.run(TestNG.java:1082)
	at org.apache.maven.surefire.testng.TestNGExecutor.run(TestNGExecutor.java:284)
	at org.apache.maven.surefire.testng.TestNGXmlTestSuite.execute(TestNGXmlTestSuite.java:75)
	at org.apache.maven.surefire.testng.TestNGProvider.invoke(TestNGProvider.java:119)
	at org.apache.maven.surefire.booter.ForkedBooter.runSuitesInProcess(ForkedBooter.java:428)
	at org.apache.maven.surefire.booter.ForkedBooter.execute(ForkedBooter.java:162)
	at org.apache.maven.surefire.booter.ForkedBooter.run(ForkedBooter.java:562)
	at org.apache.maven.surefire.booter.ForkedBooter.main(ForkedBooter.java:548)
]]></system-err>
  </testcase>
  <testcase name="allHeaderSignUpPage[https://ai-mood.com/en/register, Screenshots/](3)" classname="tests.signUpPageTests.AllPageChromeTests" time="21.746">
    <failure message="*** Images are not similar *** expected [true] but found [false]" type="java.lang.AssertionError"><![CDATA[java.lang.AssertionError: *** Images are not similar *** expected [true] but found [false]
	at tests.signUpPageTests.AllPageChromeTests.allHeaderSignUpPage(AllPageChromeTests.java:25)
]]></failure>
    <system-out><![CDATA[The two images are not similar.
Difference found. See the file D:\jenkins-agent-data\workspace\pixelPerfectMultiPlatform_AI_Mood_Prod\Screenshots\SignUp_page\EnChrome\Screenshots_allHeaderSignUpPage\difference.png for details.
]]></system-out>
    <system-err><![CDATA[org.openqa.selenium.NoSuchElementException: no such element: Unable to locate element: {"method":"xpath","selector":"//button[@class='accept-cookies-btn']"}
  (Session info: chrome=116.0.5845.182)
For documentation on this error, please visit: https://www.selenium.dev/documentation/webdriver/troubleshooting/errors#no-such-element-exception
Build info: version: '4.11.0', revision: '040bc5406b'
System info: os.name: 'Windows 10', os.arch: 'amd64', os.version: '10.0', java.version: '11.0.2'
Driver info: org.openqa.selenium.chrome.ChromeDriver
Command: [a1d376f197809a1316a2ffe5805fafcc, findElement {using=xpath, value=//button[@class='accept-cookies-btn']}]
Capabilities {acceptInsecureCerts: false, browserName: chrome, browserVersion: 116.0.5845.182, chrome: {chromedriverVersion: 116.0.5845.96 (1a3918166880..., userDataDir: C:\Users\admin\AppData\Loca...}, fedcm:accounts: true, goog:chromeOptions: {debuggerAddress: localhost:63145}, networkConnectionEnabled: false, pageLoadStrategy: normal, platformName: windows, proxy: Proxy(), se:cdp: ws://localhost:63145/devtoo..., se:cdpVersion: 116.0.5845.182, setWindowRect: true, strictFileInteractability: false, timeouts: {implicit: 0, pageLoad: 300000, script: 30000}, unhandledPromptBehavior: dismiss and notify, webauthn:extension:credBlob: true, webauthn:extension:largeBlob: true, webauthn:extension:minPinLength: true, webauthn:extension:prf: true, webauthn:virtualAuthenticators: true}
Session ID: a1d376f197809a1316a2ffe5805fafcc
	at jdk.internal.reflect.GeneratedConstructorAccessor36.newInstance(Unknown Source)
	at java.base/jdk.internal.reflect.DelegatingConstructorAccessorImpl.newInstance(DelegatingConstructorAccessorImpl.java:45)
	at java.base/java.lang.reflect.Constructor.newInstance(Constructor.java:490)
	at org.openqa.selenium.remote.codec.w3c.W3CHttpResponseCodec.createException(W3CHttpResponseCodec.java:200)
	at org.openqa.selenium.remote.codec.w3c.W3CHttpResponseCodec.decode(W3CHttpResponseCodec.java:133)
	at org.openqa.selenium.remote.codec.w3c.W3CHttpResponseCodec.decode(W3CHttpResponseCodec.java:52)
	at org.openqa.selenium.remote.HttpCommandExecutor.execute(HttpCommandExecutor.java:191)
	at org.openqa.selenium.remote.service.DriverCommandExecutor.invokeExecute(DriverCommandExecutor.java:196)
	at org.openqa.selenium.remote.service.DriverCommandExecutor.execute(DriverCommandExecutor.java:171)
	at org.openqa.selenium.remote.RemoteWebDriver.execute(RemoteWebDriver.java:518)
	at org.openqa.selenium.remote.ElementLocation$ElementFinder$2.findElement(ElementLocation.java:165)
	at org.openqa.selenium.remote.ElementLocation.findElement(ElementLocation.java:59)
	at org.openqa.selenium.remote.RemoteWebDriver.findElement(RemoteWebDriver.java:355)
	at org.openqa.selenium.remote.RemoteWebDriver.findElement(RemoteWebDriver.java:349)
	at pages.base.Action.findElementByXpath(Action.java:30)
	at pages.base.Action.ifButtonIsPresentClick(Action.java:109)
	at tests.signUpPageTests.AllPageChromeTests.allHeaderSignUpPage(AllPageChromeTests.java:22)
	at java.base/jdk.internal.reflect.NativeMethodAccessorImpl.invoke0(Native Method)
	at java.base/jdk.internal.reflect.NativeMethodAccessorImpl.invoke(NativeMethodAccessorImpl.java:62)
	at java.base/jdk.internal.reflect.DelegatingMethodAccessorImpl.invoke(DelegatingMethodAccessorImpl.java:43)
	at java.base/java.lang.reflect.Method.invoke(Method.java:566)
	at org.testng.internal.invokers.MethodInvocationHelper.invokeMethod(MethodInvocationHelper.java:139)
	at org.testng.internal.invokers.TestInvoker.invokeMethod(TestInvoker.java:664)
	at org.testng.internal.invokers.TestInvoker.retryFailed(TestInvoker.java:248)
	at org.testng.internal.invokers.MethodRunner.runInSequence(MethodRunner.java:62)
	at org.testng.internal.invokers.TestInvoker$MethodInvocationAgent.invoke(TestInvoker.java:957)
	at org.testng.internal.invokers.TestInvoker.invokeTestMethods(TestInvoker.java:200)
	at org.testng.internal.invokers.TestMethodWorker.invokeTestMethods(TestMethodWorker.java:148)
	at org.testng.internal.invokers.TestMethodWorker.run(TestMethodWorker.java:128)
	at java.base/java.util.ArrayList.forEach(ArrayList.java:1540)
	at org.testng.TestRunner.privateRun(TestRunner.java:848)
	at org.testng.TestRunner.run(TestRunner.java:621)
	at org.testng.SuiteRunner.runTest(SuiteRunner.java:443)
	at org.testng.SuiteRunner.runSequentially(SuiteRunner.java:437)
	at org.testng.SuiteRunner.privateRun(SuiteRunner.java:397)
	at org.testng.SuiteRunner.run(SuiteRunner.java:336)
	at org.testng.SuiteRunnerWorker.runSuite(SuiteRunnerWorker.java:52)
	at org.testng.SuiteRunnerWorker.run(SuiteRunnerWorker.java:95)
	at org.testng.TestNG.runSuitesSequentially(TestNG.java:1280)
	at org.testng.TestNG.runSuitesLocally(TestNG.java:1200)
	at org.testng.TestNG.runSuites(TestNG.java:1114)
	at org.testng.TestNG.run(TestNG.java:1082)
	at org.apache.maven.surefire.testng.TestNGExecutor.run(TestNGExecutor.java:284)
	at org.apache.maven.surefire.testng.TestNGXmlTestSuite.execute(TestNGXmlTestSuite.java:75)
	at org.apache.maven.surefire.testng.TestNGProvider.invoke(TestNGProvider.java:119)
	at org.apache.maven.surefire.booter.ForkedBooter.runSuitesInProcess(ForkedBooter.java:428)
	at org.apache.maven.surefire.booter.ForkedBooter.execute(ForkedBooter.java:162)
	at org.apache.maven.surefire.booter.ForkedBooter.run(ForkedBooter.java:562)
	at org.apache.maven.surefire.booter.ForkedBooter.main(ForkedBooter.java:548)
]]></system-err>
  </testcase>
  <testcase name="getStartedHeaderSignUpPage[https://ai-mood.com/en/register, Screenshots/](1)" classname="tests.signUpPageTests.AllPageChromeTests" time="0">
    <skipped message="*** Images are not similar *** expected [true] but found [false]"/>
    <system-out><![CDATA[The two images are not similar.
Difference found. See the file D:\jenkins-agent-data\workspace\pixelPerfectMultiPlatform_AI_Mood_Prod\Screenshots\SignUp_page\EnChrome\Screenshots_getStartedHeaderSignUpPage\difference.png for details.
]]></system-out>
  </testcase>
  <testcase name="getStartedHeaderSignUpPage[https://ai-mood.com/en/register, Screenshots/](2)" classname="tests.signUpPageTests.AllPageChromeTests" time="0">
    <skipped message="*** Images are not similar *** expected [true] but found [false]"/>
    <system-out><![CDATA[The two images are not similar.
Difference found. See the file D:\jenkins-agent-data\workspace\pixelPerfectMultiPlatform_AI_Mood_Prod\Screenshots\SignUp_page\EnChrome\Screenshots_getStartedHeaderSignUpPage\difference.png for details.
]]></system-out>
  </testcase>
  <testcase name="getStartedHeaderSignUpPage[https://ai-mood.com/en/register, Screenshots/](3)" classname="tests.signUpPageTests.AllPageChromeTests" time="4.966">
    <failure message="*** Images are not similar *** expected [true] but found [false]" type="java.lang.AssertionError"><![CDATA[java.lang.AssertionError: *** Images are not similar *** expected [true] but found [false]
	at tests.signUpPageTests.AllPageChromeTests.getStartedHeaderSignUpPage(AllPageChromeTests.java:43)
]]></failure>
    <system-out><![CDATA[The two images are not similar.
Difference found. See the file D:\jenkins-agent-data\workspace\pixelPerfectMultiPlatform_AI_Mood_Prod\Screenshots\SignUp_page\EnChrome\Screenshots_getStartedHeaderSignUpPage\difference.png for details.
]]></system-out>
  </testcase>
  <testcase name="learnHeaderSignUpPage[https://ai-mood.com/en/register, Screenshots/](1)" classname="tests.signUpPageTests.AllPageChromeTests" time="0">
    <skipped message="*** Images are not similar *** expected [true] but found [false]"/>
    <system-out><![CDATA[The two images are not similar.
Difference found. See the file D:\jenkins-agent-data\workspace\pixelPerfectMultiPlatform_AI_Mood_Prod\Screenshots\SignUp_page\EnChrome\Screenshots_learnHeaderSignUpPage\difference.png for details.
]]></system-out>
  </testcase>
  <testcase name="learnHeaderSignUpPage[https://ai-mood.com/en/register, Screenshots/](2)" classname="tests.signUpPageTests.AllPageChromeTests" time="0">
    <skipped message="*** Images are not similar *** expected [true] but found [false]"/>
    <system-out><![CDATA[The two images are not similar.
Difference found. See the file D:\jenkins-agent-data\workspace\pixelPerfectMultiPlatform_AI_Mood_Prod\Screenshots\SignUp_page\EnChrome\Screenshots_learnHeaderSignUpPage\difference.png for details.
]]></system-out>
  </testcase>
  <testcase name="learnHeaderSignUpPage[https://ai-mood.com/en/register, Screenshots/](3)" classname="tests.signUpPageTests.AllPageChromeTests" time="4.984">
    <failure message="*** Images are not similar *** expected [true] but found [false]" type="java.lang.AssertionError"><![CDATA[java.lang.AssertionError: *** Images are not similar *** expected [true] but found [false]
	at tests.signUpPageTests.AllPageChromeTests.learnHeaderSignUpPage(AllPageChromeTests.java:61)
]]></failure>
    <system-out><![CDATA[The two images are not similar.
Difference found. See the file D:\jenkins-agent-data\workspace\pixelPerfectMultiPlatform_AI_Mood_Prod\Screenshots\SignUp_page\EnChrome\Screenshots_learnHeaderSignUpPage\difference.png for details.
]]></system-out>
  </testcase>
  <testcase name="resourcesHeaderSignUpPage[https://ai-mood.com/en/register, Screenshots/](1)" classname="tests.signUpPageTests.AllPageChromeTests" time="0">
    <skipped message="*** Images are not similar *** expected [true] but found [false]"/>
    <system-out><![CDATA[The two images are not similar.
Difference found. See the file D:\jenkins-agent-data\workspace\pixelPerfectMultiPlatform_AI_Mood_Prod\Screenshots\SignUp_page\EnChrome\Screenshots_resourcesHeaderSignUpPage\difference.png for details.
]]></system-out>
  </testcase>
  <testcase name="resourcesHeaderSignUpPage[https://ai-mood.com/en/register, Screenshots/](2)" classname="tests.signUpPageTests.AllPageChromeTests" time="0">
    <skipped message="*** Images are not similar *** expected [true] but found [false]"/>
    <system-out><![CDATA[The two images are not similar.
Difference found. See the file D:\jenkins-agent-data\workspace\pixelPerfectMultiPlatform_AI_Mood_Prod\Screenshots\SignUp_page\EnChrome\Screenshots_resourcesHeaderSignUpPage\difference.png for details.
]]></system-out>
  </testcase>
  <testcase name="resourcesHeaderSignUpPage[https://ai-mood.com/en/register, Screenshots/](3)" classname="tests.signUpPageTests.AllPageChromeTests" time="9.349">
    <failure message="*** Images are not similar *** expected [true] but found [false]" type="java.lang.AssertionError"><![CDATA[java.lang.AssertionError: *** Images are not similar *** expected [true] but found [false]
	at tests.signUpPageTests.AllPageChromeTests.resourcesHeaderSignUpPage(AllPageChromeTests.java:79)
]]></failure>
    <system-out><![CDATA[The two images are not similar.
Difference found. See the file D:\jenkins-agent-data\workspace\pixelPerfectMultiPlatform_AI_Mood_Prod\Screenshots\SignUp_page\EnChrome\Screenshots_resourcesHeaderSignUpPage\difference.png for details.
]]></system-out>
  </testcase>
  <testcase name="mainSectionSignUpPage[https://ai-mood.com/en/register, Screenshots/](1)" classname="tests.signUpPageTests.AllPageChromeTests" time="0">
    <skipped message="*** Images are not similar *** expected [true] but found [false]"/>
    <system-out><![CDATA[The two images are not similar.
Difference found. See the file D:\jenkins-agent-data\workspace\pixelPerfectMultiPlatform_AI_Mood_Prod\Screenshots\SignUp_page\EnChrome\Screenshots_mainSectionSignUpPage\difference.png for details.
]]></system-out>
  </testcase>
  <testcase name="mainSectionSignUpPage[https://ai-mood.com/en/register, Screenshots/](2)" classname="tests.signUpPageTests.AllPageChromeTests" time="0">
    <skipped message="*** Images are not similar *** expected [true] but found [false]"/>
    <system-out><![CDATA[The two images are not similar.
Difference found. See the file D:\jenkins-agent-data\workspace\pixelPerfectMultiPlatform_AI_Mood_Prod\Screenshots\SignUp_page\EnChrome\Screenshots_mainSectionSignUpPage\difference.png for details.
]]></system-out>
  </testcase>
  <testcase name="mainSectionSignUpPage[https://ai-mood.com/en/register, Screenshots/](3)" classname="tests.signUpPageTests.AllPageChromeTests" time="7.06">
    <failure message="*** Images are not similar *** expected [true] but found [false]" type="java.lang.AssertionError"><![CDATA[java.lang.AssertionError: *** Images are not similar *** expected [true] but found [false]
	at tests.signUpPageTests.AllPageChromeTests.mainSectionSignUpPage(AllPageChromeTests.java:115)
]]></failure>
    <system-out><![CDATA[The two images are not similar.
Difference found. See the file D:\jenkins-agent-data\workspace\pixelPerfectMultiPlatform_AI_Mood_Prod\Screenshots\SignUp_page\EnChrome\Screenshots_mainSectionSignUpPage\difference.png for details.
]]></system-out>
  </testcase>
  <testcase name="allFooterSignUpPage[https://ai-mood.com/en/register, Screenshots/](1)" classname="tests.signUpPageTests.AllPageChromeTests" time="0">
    <skipped message="*** Images are not similar *** expected [true] but found [false]"/>
    <system-out><![CDATA[The two images are not similar.
Difference found. See the file D:\jenkins-agent-data\workspace\pixelPerfectMultiPlatform_AI_Mood_Prod\Screenshots\SignUp_page\EnChrome\Screenshots_allFooterSignUpPage\difference.png for details.
]]></system-out>
  </testcase>
  <testcase name="allFooterSignUpPage[https://ai-mood.com/en/register, Screenshots/](2)" classname="tests.signUpPageTests.AllPageChromeTests" time="0">
    <skipped message="*** Images are not similar *** expected [true] but found [false]"/>
    <system-out><![CDATA[The two images are not similar.
Difference found. See the file D:\jenkins-agent-data\workspace\pixelPerfectMultiPlatform_AI_Mood_Prod\Screenshots\SignUp_page\EnChrome\Screenshots_allFooterSignUpPage\difference.png for details.
]]></system-out>
  </testcase>
  <testcase name="allFooterSignUpPage[https://ai-mood.com/en/register, Screenshots/](3)" classname="tests.signUpPageTests.AllPageChromeTests" time="5.943">
    <failure message="*** Images are not similar *** expected [true] but found [false]" type="java.lang.AssertionError"><![CDATA[java.lang.AssertionError: *** Images are not similar *** expected [true] but found [false]
	at tests.signUpPageTests.AllPageChromeTests.allFooterSignUpPage(AllPageChromeTests.java:137)
]]></failure>
    <system-out><![CDATA[The two images are not similar.
Difference found. See the file D:\jenkins-agent-data\workspace\pixelPerfectMultiPlatform_AI_Mood_Prod\Screenshots\SignUp_page\EnChrome\Screenshots_allFooterSignUpPage\difference.png for details.
]]></system-out>
  </testcase>
</testsuite>