-------------------------------------------------------------------------------
Test set: TestSuite
-------------------------------------------------------------------------------
Tests run: 31, Failures: 1, Errors: 0, Skipped: 5, Time elapsed: 237.135 s <<< FAILURE! - in TestSuite
tests.mainPageTests.AllPageChromeTests.statisticsSectionMainPage[https://ai-mood.com/en, Screenshots/](3)  Time elapsed: 9.983 s  <<< FAILURE!
java.lang.AssertionError: *** Images are not similar *** expected [true] but found [false]
	at tests.mainPageTests.AllPageChromeTests.statisticsSectionMainPage(AllPageChromeTests.java:175)

