<?xml version="1.0" encoding="UTF-8"?>
<testng-results ignored="0" total="10" passed="10" failed="0" skipped="0">
  <reporter-output>
  </reporter-output>
  <suite started-at="2023-09-06T11:23:59 EEST" name="WPT" finished-at="2023-09-06T11:25:15 EEST" duration-ms="76445">
    <groups>
    </groups>
    <test started-at="2023-09-06T11:23:59 EEST" name="ai-mood - Pixel perfect regression" finished-at="2023-09-06T11:25:15 EEST" duration-ms="76445">
      <class name="tests.WhatIsAimood.WhatIsAimoodChromeTests">
        <test-method is-config="true" signature="setUp()[pri:0, instance:tests.WhatIsAimood.WhatIsAimoodChromeTests@60bd273d]" started-at="2023-09-06T11:23:59 EEST" name="setUp" finished-at="2023-09-06T11:24:02 EEST" duration-ms="2586" status="PASS">
          <reporter-output>
          </reporter-output>
        </test-method> <!-- setUp -->
        <test-method signature="allHeaderWhatIsAimoodPage(java.lang.String,java.lang.String)[pri:1, instance:tests.WhatIsAimood.WhatIsAimoodChromeTests@60bd273d]" started-at="2023-09-06T11:24:02 EEST" name="allHeaderWhatIsAimoodPage" finished-at="2023-09-06T11:24:10 EEST" duration-ms="8766" status="PASS">
          <params>
            <param index="0">
              <value>
                <![CDATA[https://aimood-stage2.intary.net/en/what-is-aimood]]>
              </value>
            </param>
            <param index="1">
              <value>
                <![CDATA[Screenshots_St1/]]>
              </value>
            </param>
          </params>
          <reporter-output>
          </reporter-output>
        </test-method> <!-- allHeaderWhatIsAimoodPage -->
        <test-method is-config="true" signature="setUp()[pri:0, instance:tests.WhatIsAimood.WhatIsAimoodChromeTests@60bd273d]" started-at="2023-09-06T11:24:10 EEST" name="setUp" finished-at="2023-09-06T11:24:10 EEST" duration-ms="1" status="PASS">
          <reporter-output>
          </reporter-output>
        </test-method> <!-- setUp -->
        <test-method signature="mainBlockWhatIsAimoodPage(java.lang.String,java.lang.String)[pri:2, instance:tests.WhatIsAimood.WhatIsAimoodChromeTests@60bd273d]" started-at="2023-09-06T11:24:10 EEST" name="mainBlockWhatIsAimoodPage" finished-at="2023-09-06T11:24:17 EEST" duration-ms="6506" status="PASS">
          <params>
            <param index="0">
              <value>
                <![CDATA[https://aimood-stage2.intary.net/en/what-is-aimood]]>
              </value>
            </param>
            <param index="1">
              <value>
                <![CDATA[Screenshots_St1/]]>
              </value>
            </param>
          </params>
          <reporter-output>
          </reporter-output>
        </test-method> <!-- mainBlockWhatIsAimoodPage -->
        <test-method signature="WhyChooseWhatIsAimoodPage(java.lang.String,java.lang.String)[pri:3, instance:tests.WhatIsAimood.WhatIsAimoodChromeTests@60bd273d]" started-at="2023-09-06T11:24:17 EEST" name="WhyChooseWhatIsAimoodPage" finished-at="2023-09-06T11:24:24 EEST" duration-ms="6634" status="PASS">
          <params>
            <param index="0">
              <value>
                <![CDATA[https://aimood-stage2.intary.net/en/what-is-aimood]]>
              </value>
            </param>
            <param index="1">
              <value>
                <![CDATA[Screenshots_St1/]]>
              </value>
            </param>
          </params>
          <reporter-output>
          </reporter-output>
        </test-method> <!-- WhyChooseWhatIsAimoodPage -->
        <test-method is-config="true" signature="setUp()[pri:0, instance:tests.WhatIsAimood.WhatIsAimoodChromeTests@60bd273d]" started-at="2023-09-06T11:24:17 EEST" name="setUp" finished-at="2023-09-06T11:24:17 EEST" duration-ms="0" status="PASS">
          <reporter-output>
          </reporter-output>
        </test-method> <!-- setUp -->
        <test-method signature="ecosystemWhatIsAimoodPage(java.lang.String,java.lang.String)[pri:4, instance:tests.WhatIsAimood.WhatIsAimoodChromeTests@60bd273d]" started-at="2023-09-06T11:24:24 EEST" name="ecosystemWhatIsAimoodPage" finished-at="2023-09-06T11:24:30 EEST" duration-ms="6744" status="PASS">
          <params>
            <param index="0">
              <value>
                <![CDATA[https://aimood-stage2.intary.net/en/what-is-aimood]]>
              </value>
            </param>
            <param index="1">
              <value>
                <![CDATA[Screenshots_St1/]]>
              </value>
            </param>
          </params>
          <reporter-output>
          </reporter-output>
        </test-method> <!-- ecosystemWhatIsAimoodPage -->
        <test-method is-config="true" signature="setUp()[pri:0, instance:tests.WhatIsAimood.WhatIsAimoodChromeTests@60bd273d]" started-at="2023-09-06T11:24:24 EEST" name="setUp" finished-at="2023-09-06T11:24:24 EEST" duration-ms="0" status="PASS">
          <reporter-output>
          </reporter-output>
        </test-method> <!-- setUp -->
        <test-method signature="allFooterWhatIsAimoodPage(java.lang.String,java.lang.String)[pri:5, instance:tests.WhatIsAimood.WhatIsAimoodChromeTests@60bd273d]" started-at="2023-09-06T11:24:30 EEST" name="allFooterWhatIsAimoodPage" finished-at="2023-09-06T11:24:37 EEST" duration-ms="6343" status="PASS">
          <params>
            <param index="0">
              <value>
                <![CDATA[https://aimood-stage2.intary.net/en/what-is-aimood]]>
              </value>
            </param>
            <param index="1">
              <value>
                <![CDATA[Screenshots_St1/]]>
              </value>
            </param>
          </params>
          <reporter-output>
          </reporter-output>
        </test-method> <!-- allFooterWhatIsAimoodPage -->
        <test-method is-config="true" signature="setUp()[pri:0, instance:tests.WhatIsAimood.WhatIsAimoodChromeTests@60bd273d]" started-at="2023-09-06T11:24:30 EEST" name="setUp" finished-at="2023-09-06T11:24:30 EEST" duration-ms="0" status="PASS">
          <reporter-output>
          </reporter-output>
        </test-method> <!-- setUp -->
        <test-method is-config="true" signature="tearDown()[pri:0, instance:tests.WhatIsAimood.WhatIsAimoodChromeTests@60bd273d]" started-at="2023-09-06T11:24:37 EEST" name="tearDown" finished-at="2023-09-06T11:24:37 EEST" duration-ms="650" status="PASS">
          <reporter-output>
          </reporter-output>
        </test-method> <!-- tearDown -->
      </class> <!-- tests.WhatIsAimood.WhatIsAimoodChromeTests -->
      <class name="tests.WhatIsAimood.WhatIsAimoodFirefoxTests">
        <test-method is-config="true" signature="setUp()[pri:0, instance:tests.WhatIsAimood.WhatIsAimoodFirefoxTests@2cf3d63b]" started-at="2023-09-06T11:24:37 EEST" name="setUp" finished-at="2023-09-06T11:24:40 EEST" duration-ms="2918" status="PASS">
          <reporter-output>
          </reporter-output>
        </test-method> <!-- setUp -->
        <test-method signature="allHeaderWhatIsAimoodPage(java.lang.String,java.lang.String)[pri:1, instance:tests.WhatIsAimood.WhatIsAimoodFirefoxTests@2cf3d63b]" started-at="2023-09-06T11:24:40 EEST" name="allHeaderWhatIsAimoodPage" finished-at="2023-09-06T11:24:49 EEST" duration-ms="9221" status="PASS">
          <params>
            <param index="0">
              <value>
                <![CDATA[https://aimood-stage2.intary.net/en/what-is-aimood]]>
              </value>
            </param>
            <param index="1">
              <value>
                <![CDATA[Screenshots_St1/]]>
              </value>
            </param>
          </params>
          <reporter-output>
          </reporter-output>
        </test-method> <!-- allHeaderWhatIsAimoodPage -->
        <test-method signature="mainBlockWhatIsAimoodPage(java.lang.String,java.lang.String)[pri:2, instance:tests.WhatIsAimood.WhatIsAimoodFirefoxTests@2cf3d63b]" started-at="2023-09-06T11:24:49 EEST" name="mainBlockWhatIsAimoodPage" finished-at="2023-09-06T11:24:56 EEST" duration-ms="6105" status="PASS">
          <params>
            <param index="0">
              <value>
                <![CDATA[https://aimood-stage2.intary.net/en/what-is-aimood]]>
              </value>
            </param>
            <param index="1">
              <value>
                <![CDATA[Screenshots_St1/]]>
              </value>
            </param>
          </params>
          <reporter-output>
          </reporter-output>
        </test-method> <!-- mainBlockWhatIsAimoodPage -->
        <test-method is-config="true" signature="setUp()[pri:0, instance:tests.WhatIsAimood.WhatIsAimoodFirefoxTests@2cf3d63b]" started-at="2023-09-06T11:24:49 EEST" name="setUp" finished-at="2023-09-06T11:24:49 EEST" duration-ms="0" status="PASS">
          <reporter-output>
          </reporter-output>
        </test-method> <!-- setUp -->
        <test-method signature="WhyChooseWhatIsAimoodPage(java.lang.String,java.lang.String)[pri:3, instance:tests.WhatIsAimood.WhatIsAimoodFirefoxTests@2cf3d63b]" started-at="2023-09-06T11:24:56 EEST" name="WhyChooseWhatIsAimoodPage" finished-at="2023-09-06T11:25:02 EEST" duration-ms="6266" status="PASS">
          <params>
            <param index="0">
              <value>
                <![CDATA[https://aimood-stage2.intary.net/en/what-is-aimood]]>
              </value>
            </param>
            <param index="1">
              <value>
                <![CDATA[Screenshots_St1/]]>
              </value>
            </param>
          </params>
          <reporter-output>
          </reporter-output>
        </test-method> <!-- WhyChooseWhatIsAimoodPage -->
        <test-method is-config="true" signature="setUp()[pri:0, instance:tests.WhatIsAimood.WhatIsAimoodFirefoxTests@2cf3d63b]" started-at="2023-09-06T11:24:56 EEST" name="setUp" finished-at="2023-09-06T11:24:56 EEST" duration-ms="0" status="PASS">
          <reporter-output>
          </reporter-output>
        </test-method> <!-- setUp -->
        <test-method is-config="true" signature="setUp()[pri:0, instance:tests.WhatIsAimood.WhatIsAimoodFirefoxTests@2cf3d63b]" started-at="2023-09-06T11:25:02 EEST" name="setUp" finished-at="2023-09-06T11:25:02 EEST" duration-ms="0" status="PASS">
          <reporter-output>
          </reporter-output>
        </test-method> <!-- setUp -->
        <test-method signature="ecosystemWhatIsAimoodPage(java.lang.String,java.lang.String)[pri:4, instance:tests.WhatIsAimood.WhatIsAimoodFirefoxTests@2cf3d63b]" started-at="2023-09-06T11:25:02 EEST" name="ecosystemWhatIsAimoodPage" finished-at="2023-09-06T11:25:08 EEST" duration-ms="6376" status="PASS">
          <params>
            <param index="0">
              <value>
                <![CDATA[https://aimood-stage2.intary.net/en/what-is-aimood]]>
              </value>
            </param>
            <param index="1">
              <value>
                <![CDATA[Screenshots_St1/]]>
              </value>
            </param>
          </params>
          <reporter-output>
          </reporter-output>
        </test-method> <!-- ecosystemWhatIsAimoodPage -->
        <test-method signature="allFooterWhatIsAimoodPage(java.lang.String,java.lang.String)[pri:5, instance:tests.WhatIsAimood.WhatIsAimoodFirefoxTests@2cf3d63b]" started-at="2023-09-06T11:25:08 EEST" name="allFooterWhatIsAimoodPage" finished-at="2023-09-06T11:25:14 EEST" duration-ms="6060" status="PASS">
          <params>
            <param index="0">
              <value>
                <![CDATA[https://aimood-stage2.intary.net/en/what-is-aimood]]>
              </value>
            </param>
            <param index="1">
              <value>
                <![CDATA[Screenshots_St1/]]>
              </value>
            </param>
          </params>
          <reporter-output>
          </reporter-output>
        </test-method> <!-- allFooterWhatIsAimoodPage -->
        <test-method is-config="true" signature="setUp()[pri:0, instance:tests.WhatIsAimood.WhatIsAimoodFirefoxTests@2cf3d63b]" started-at="2023-09-06T11:25:08 EEST" name="setUp" finished-at="2023-09-06T11:25:08 EEST" duration-ms="0" status="PASS">
          <reporter-output>
          </reporter-output>
        </test-method> <!-- setUp -->
        <test-method is-config="true" signature="tearDown()[pri:0, instance:tests.WhatIsAimood.WhatIsAimoodFirefoxTests@2cf3d63b]" started-at="2023-09-06T11:25:14 EEST" name="tearDown" finished-at="2023-09-06T11:25:15 EEST" duration-ms="1185" status="PASS">
          <reporter-output>
          </reporter-output>
        </test-method> <!-- tearDown -->
      </class> <!-- tests.WhatIsAimood.WhatIsAimoodFirefoxTests -->
    </test> <!-- ai-mood - Pixel perfect regression -->
  </suite> <!-- WPT -->
</testng-results>
