<?xml version="1.0" encoding="UTF-8"?>
<testsuite xmlns:xsi="http://www.w3.org/2001/XMLSchema-instance" xsi:noNamespaceSchemaLocation="https://maven.apache.org/surefire/maven-surefire-plugin/xsd/surefire-test-report-3.0.xsd" version="3.0" name="TestSuite" time="196.069" tests="27" errors="0" skipped="18" failures="9">
  <properties>
[...]
</properties>
  <testcase name="allHeaderWhitePaperPage[https://aimood-stage2.intary.net/en/white-paper, Screenshots_St1/](1)" classname="tests.whitePaper.WhitePaperChromeTests" time="0">
    <skipped message="*** Images are not similar *** expected [true] but found [false]"/>
    <system-out><![CDATA[The two images are not similar.
Difference found. See the file D:\jenkins-agent-data\workspace\pixelPerfectMultiPlatform_AI_Mood_St1\Screenshots_St1\WhitePaper_page\EnChromeWhitePaper\Screenshots_allHeaderWhitePaperPage\difference.png for details.
]]></system-out>
    <system-err><![CDATA[SLF4J: Failed to load class "org.slf4j.impl.StaticLoggerBinder".
SLF4J: Defaulting to no-operation (NOP) logger implementation
SLF4J: See http://www.slf4j.org/codes.html#StaticLoggerBinder for further details.
вер. 06, 2023 12:55:04 ПП org.openqa.selenium.devtools.CdpVersionFinder findNearestMatch
WARNING: Unable to find an exact match for CDP version 116, so returning the closest version found: 115
]]></system-err>
  </testcase>
  <testcase name="allHeaderWhitePaperPage[https://aimood-stage2.intary.net/en/white-paper, Screenshots_St1/](2)" classname="tests.whitePaper.WhitePaperChromeTests" time="0">
    <skipped message="*** Images are not similar *** expected [true] but found [false]"/>
    <system-out><![CDATA[The two images are not similar.
Difference found. See the file D:\jenkins-agent-data\workspace\pixelPerfectMultiPlatform_AI_Mood_St1\Screenshots_St1\WhitePaper_page\EnChromeWhitePaper\Screenshots_allHeaderWhitePaperPage\difference.png for details.
]]></system-out>
    <system-err><![CDATA[org.openqa.selenium.NoSuchElementException: no such element: Unable to locate element: {"method":"xpath","selector":"//button[@class='accept-cookies-btn']"}
  (Session info: chrome=116.0.5845.141)
For documentation on this error, please visit: https://www.selenium.dev/documentation/webdriver/troubleshooting/errors#no-such-element-exception
Build info: version: '4.11.0', revision: '040bc5406b'
System info: os.name: 'Windows 10', os.arch: 'amd64', os.version: '10.0', java.version: '11.0.2'
Driver info: org.openqa.selenium.chrome.ChromeDriver
Command: [ca1f0a83718e978c66da475b00f8cee5, findElement {using=xpath, value=//button[@class='accept-cookies-btn']}]
Capabilities {acceptInsecureCerts: false, browserName: chrome, browserVersion: 116.0.5845.141, chrome: {chromedriverVersion: 116.0.5845.96 (1a3918166880..., userDataDir: C:\Users\admin\AppData\Loca...}, fedcm:accounts: true, goog:chromeOptions: {debuggerAddress: localhost:60300}, networkConnectionEnabled: false, pageLoadStrategy: normal, platformName: windows, proxy: Proxy(), se:cdp: ws://localhost:60300/devtoo..., se:cdpVersion: 116.0.5845.141, setWindowRect: true, strictFileInteractability: false, timeouts: {implicit: 0, pageLoad: 300000, script: 30000}, unhandledPromptBehavior: dismiss and notify, webauthn:extension:credBlob: true, webauthn:extension:largeBlob: true, webauthn:extension:minPinLength: true, webauthn:extension:prf: true, webauthn:virtualAuthenticators: true}
Session ID: ca1f0a83718e978c66da475b00f8cee5
	at java.base/jdk.internal.reflect.NativeConstructorAccessorImpl.newInstance0(Native Method)
	at java.base/jdk.internal.reflect.NativeConstructorAccessorImpl.newInstance(NativeConstructorAccessorImpl.java:62)
	at java.base/jdk.internal.reflect.DelegatingConstructorAccessorImpl.newInstance(DelegatingConstructorAccessorImpl.java:45)
	at java.base/java.lang.reflect.Constructor.newInstance(Constructor.java:490)
	at org.openqa.selenium.remote.codec.w3c.W3CHttpResponseCodec.createException(W3CHttpResponseCodec.java:200)
	at org.openqa.selenium.remote.codec.w3c.W3CHttpResponseCodec.decode(W3CHttpResponseCodec.java:133)
	at org.openqa.selenium.remote.codec.w3c.W3CHttpResponseCodec.decode(W3CHttpResponseCodec.java:52)
	at org.openqa.selenium.remote.HttpCommandExecutor.execute(HttpCommandExecutor.java:191)
	at org.openqa.selenium.remote.service.DriverCommandExecutor.invokeExecute(DriverCommandExecutor.java:196)
	at org.openqa.selenium.remote.service.DriverCommandExecutor.execute(DriverCommandExecutor.java:171)
	at org.openqa.selenium.remote.RemoteWebDriver.execute(RemoteWebDriver.java:518)
	at org.openqa.selenium.remote.ElementLocation$ElementFinder$2.findElement(ElementLocation.java:165)
	at org.openqa.selenium.remote.ElementLocation.findElement(ElementLocation.java:59)
	at org.openqa.selenium.remote.RemoteWebDriver.findElement(RemoteWebDriver.java:355)
	at org.openqa.selenium.remote.RemoteWebDriver.findElement(RemoteWebDriver.java:349)
	at pages.base.Action.findElementByXpath(Action.java:30)
	at pages.base.Action.ifButtonIsPresentClick(Action.java:109)
	at tests.whitePaper.WhitePaperChromeTests.allHeaderWhitePaperPage(WhitePaperChromeTests.java:23)
	at java.base/jdk.internal.reflect.NativeMethodAccessorImpl.invoke0(Native Method)
	at java.base/jdk.internal.reflect.NativeMethodAccessorImpl.invoke(NativeMethodAccessorImpl.java:62)
	at java.base/jdk.internal.reflect.DelegatingMethodAccessorImpl.invoke(DelegatingMethodAccessorImpl.java:43)
	at java.base/java.lang.reflect.Method.invoke(Method.java:566)
	at org.testng.internal.invokers.MethodInvocationHelper.invokeMethod(MethodInvocationHelper.java:139)
	at org.testng.internal.invokers.TestInvoker.invokeMethod(TestInvoker.java:664)
	at org.testng.internal.invokers.TestInvoker.retryFailed(TestInvoker.java:248)
	at org.testng.internal.invokers.MethodRunner.runInSequence(MethodRunner.java:62)
	at org.testng.internal.invokers.TestInvoker$MethodInvocationAgent.invoke(TestInvoker.java:957)
	at org.testng.internal.invokers.TestInvoker.invokeTestMethods(TestInvoker.java:200)
	at org.testng.internal.invokers.TestMethodWorker.invokeTestMethods(TestMethodWorker.java:148)
	at org.testng.internal.invokers.TestMethodWorker.run(TestMethodWorker.java:128)
	at java.base/java.util.ArrayList.forEach(ArrayList.java:1540)
	at org.testng.TestRunner.privateRun(TestRunner.java:848)
	at org.testng.TestRunner.run(TestRunner.java:621)
	at org.testng.SuiteRunner.runTest(SuiteRunner.java:443)
	at org.testng.SuiteRunner.runSequentially(SuiteRunner.java:437)
	at org.testng.SuiteRunner.privateRun(SuiteRunner.java:397)
	at org.testng.SuiteRunner.run(SuiteRunner.java:336)
	at org.testng.SuiteRunnerWorker.runSuite(SuiteRunnerWorker.java:52)
	at org.testng.SuiteRunnerWorker.run(SuiteRunnerWorker.java:95)
	at org.testng.TestNG.runSuitesSequentially(TestNG.java:1280)
	at org.testng.TestNG.runSuitesLocally(TestNG.java:1200)
	at org.testng.TestNG.runSuites(TestNG.java:1114)
	at org.testng.TestNG.run(TestNG.java:1082)
	at org.apache.maven.surefire.testng.TestNGExecutor.run(TestNGExecutor.java:284)
	at org.apache.maven.surefire.testng.TestNGXmlTestSuite.execute(TestNGXmlTestSuite.java:75)
	at org.apache.maven.surefire.testng.TestNGProvider.invoke(TestNGProvider.java:119)
	at org.apache.maven.surefire.booter.ForkedBooter.runSuitesInProcess(ForkedBooter.java:428)
	at org.apache.maven.surefire.booter.ForkedBooter.execute(ForkedBooter.java:162)
	at org.apache.maven.surefire.booter.ForkedBooter.run(ForkedBooter.java:562)
	at org.apache.maven.surefire.booter.ForkedBooter.main(ForkedBooter.java:548)
]]></system-err>
  </testcase>
  <testcase name="allHeaderWhitePaperPage[https://aimood-stage2.intary.net/en/white-paper, Screenshots_St1/](3)" classname="tests.whitePaper.WhitePaperChromeTests" time="21.686">
    <failure message="*** Images are not similar *** expected [true] but found [false]" type="java.lang.AssertionError"><![CDATA[java.lang.AssertionError: *** Images are not similar *** expected [true] but found [false]
	at tests.whitePaper.WhitePaperChromeTests.allHeaderWhitePaperPage(WhitePaperChromeTests.java:26)
]]></failure>
    <system-out><![CDATA[The two images are not similar.
Difference found. See the file D:\jenkins-agent-data\workspace\pixelPerfectMultiPlatform_AI_Mood_St1\Screenshots_St1\WhitePaper_page\EnChromeWhitePaper\Screenshots_allHeaderWhitePaperPage\difference.png for details.
]]></system-out>
    <system-err><![CDATA[org.openqa.selenium.NoSuchElementException: no such element: Unable to locate element: {"method":"xpath","selector":"//button[@class='accept-cookies-btn']"}
  (Session info: chrome=116.0.5845.141)
For documentation on this error, please visit: https://www.selenium.dev/documentation/webdriver/troubleshooting/errors#no-such-element-exception
Build info: version: '4.11.0', revision: '040bc5406b'
System info: os.name: 'Windows 10', os.arch: 'amd64', os.version: '10.0', java.version: '11.0.2'
Driver info: org.openqa.selenium.chrome.ChromeDriver
Command: [ca1f0a83718e978c66da475b00f8cee5, findElement {using=xpath, value=//button[@class='accept-cookies-btn']}]
Capabilities {acceptInsecureCerts: false, browserName: chrome, browserVersion: 116.0.5845.141, chrome: {chromedriverVersion: 116.0.5845.96 (1a3918166880..., userDataDir: C:\Users\admin\AppData\Loca...}, fedcm:accounts: true, goog:chromeOptions: {debuggerAddress: localhost:60300}, networkConnectionEnabled: false, pageLoadStrategy: normal, platformName: windows, proxy: Proxy(), se:cdp: ws://localhost:60300/devtoo..., se:cdpVersion: 116.0.5845.141, setWindowRect: true, strictFileInteractability: false, timeouts: {implicit: 0, pageLoad: 300000, script: 30000}, unhandledPromptBehavior: dismiss and notify, webauthn:extension:credBlob: true, webauthn:extension:largeBlob: true, webauthn:extension:minPinLength: true, webauthn:extension:prf: true, webauthn:virtualAuthenticators: true}
Session ID: ca1f0a83718e978c66da475b00f8cee5
	at java.base/jdk.internal.reflect.NativeConstructorAccessorImpl.newInstance0(Native Method)
	at java.base/jdk.internal.reflect.NativeConstructorAccessorImpl.newInstance(NativeConstructorAccessorImpl.java:62)
	at java.base/jdk.internal.reflect.DelegatingConstructorAccessorImpl.newInstance(DelegatingConstructorAccessorImpl.java:45)
	at java.base/java.lang.reflect.Constructor.newInstance(Constructor.java:490)
	at org.openqa.selenium.remote.codec.w3c.W3CHttpResponseCodec.createException(W3CHttpResponseCodec.java:200)
	at org.openqa.selenium.remote.codec.w3c.W3CHttpResponseCodec.decode(W3CHttpResponseCodec.java:133)
	at org.openqa.selenium.remote.codec.w3c.W3CHttpResponseCodec.decode(W3CHttpResponseCodec.java:52)
	at org.openqa.selenium.remote.HttpCommandExecutor.execute(HttpCommandExecutor.java:191)
	at org.openqa.selenium.remote.service.DriverCommandExecutor.invokeExecute(DriverCommandExecutor.java:196)
	at org.openqa.selenium.remote.service.DriverCommandExecutor.execute(DriverCommandExecutor.java:171)
	at org.openqa.selenium.remote.RemoteWebDriver.execute(RemoteWebDriver.java:518)
	at org.openqa.selenium.remote.ElementLocation$ElementFinder$2.findElement(ElementLocation.java:165)
	at org.openqa.selenium.remote.ElementLocation.findElement(ElementLocation.java:59)
	at org.openqa.selenium.remote.RemoteWebDriver.findElement(RemoteWebDriver.java:355)
	at org.openqa.selenium.remote.RemoteWebDriver.findElement(RemoteWebDriver.java:349)
	at pages.base.Action.findElementByXpath(Action.java:30)
	at pages.base.Action.ifButtonIsPresentClick(Action.java:109)
	at tests.whitePaper.WhitePaperChromeTests.allHeaderWhitePaperPage(WhitePaperChromeTests.java:23)
	at java.base/jdk.internal.reflect.NativeMethodAccessorImpl.invoke0(Native Method)
	at java.base/jdk.internal.reflect.NativeMethodAccessorImpl.invoke(NativeMethodAccessorImpl.java:62)
	at java.base/jdk.internal.reflect.DelegatingMethodAccessorImpl.invoke(DelegatingMethodAccessorImpl.java:43)
	at java.base/java.lang.reflect.Method.invoke(Method.java:566)
	at org.testng.internal.invokers.MethodInvocationHelper.invokeMethod(MethodInvocationHelper.java:139)
	at org.testng.internal.invokers.TestInvoker.invokeMethod(TestInvoker.java:664)
	at org.testng.internal.invokers.TestInvoker.retryFailed(TestInvoker.java:248)
	at org.testng.internal.invokers.MethodRunner.runInSequence(MethodRunner.java:62)
	at org.testng.internal.invokers.TestInvoker$MethodInvocationAgent.invoke(TestInvoker.java:957)
	at org.testng.internal.invokers.TestInvoker.invokeTestMethods(TestInvoker.java:200)
	at org.testng.internal.invokers.TestMethodWorker.invokeTestMethods(TestMethodWorker.java:148)
	at org.testng.internal.invokers.TestMethodWorker.run(TestMethodWorker.java:128)
	at java.base/java.util.ArrayList.forEach(ArrayList.java:1540)
	at org.testng.TestRunner.privateRun(TestRunner.java:848)
	at org.testng.TestRunner.run(TestRunner.java:621)
	at org.testng.SuiteRunner.runTest(SuiteRunner.java:443)
	at org.testng.SuiteRunner.runSequentially(SuiteRunner.java:437)
	at org.testng.SuiteRunner.privateRun(SuiteRunner.java:397)
	at org.testng.SuiteRunner.run(SuiteRunner.java:336)
	at org.testng.SuiteRunnerWorker.runSuite(SuiteRunnerWorker.java:52)
	at org.testng.SuiteRunnerWorker.run(SuiteRunnerWorker.java:95)
	at org.testng.TestNG.runSuitesSequentially(TestNG.java:1280)
	at org.testng.TestNG.runSuitesLocally(TestNG.java:1200)
	at org.testng.TestNG.runSuites(TestNG.java:1114)
	at org.testng.TestNG.run(TestNG.java:1082)
	at org.apache.maven.surefire.testng.TestNGExecutor.run(TestNGExecutor.java:284)
	at org.apache.maven.surefire.testng.TestNGXmlTestSuite.execute(TestNGXmlTestSuite.java:75)
	at org.apache.maven.surefire.testng.TestNGProvider.invoke(TestNGProvider.java:119)
	at org.apache.maven.surefire.booter.ForkedBooter.runSuitesInProcess(ForkedBooter.java:428)
	at org.apache.maven.surefire.booter.ForkedBooter.execute(ForkedBooter.java:162)
	at org.apache.maven.surefire.booter.ForkedBooter.run(ForkedBooter.java:562)
	at org.apache.maven.surefire.booter.ForkedBooter.main(ForkedBooter.java:548)
]]></system-err>
  </testcase>
  <testcase name="getStartedHeaderWhitePaperPage[https://aimood-stage2.intary.net/en/white-paper, Screenshots_St1/](1)" classname="tests.whitePaper.WhitePaperChromeTests" time="0">
    <skipped message="*** Images are not similar *** expected [true] but found [false]"/>
    <system-out><![CDATA[The two images are not similar.
Difference found. See the file D:\jenkins-agent-data\workspace\pixelPerfectMultiPlatform_AI_Mood_St1\Screenshots_St1\WhitePaper_page\EnChromeWhitePaper\Screenshots_getStartedWhitePaperPage\difference.png for details.
]]></system-out>
  </testcase>
  <testcase name="getStartedHeaderWhitePaperPage[https://aimood-stage2.intary.net/en/white-paper, Screenshots_St1/](2)" classname="tests.whitePaper.WhitePaperChromeTests" time="0">
    <skipped message="*** Images are not similar *** expected [true] but found [false]"/>
    <system-out><![CDATA[The two images are not similar.
Difference found. See the file D:\jenkins-agent-data\workspace\pixelPerfectMultiPlatform_AI_Mood_St1\Screenshots_St1\WhitePaper_page\EnChromeWhitePaper\Screenshots_getStartedWhitePaperPage\difference.png for details.
]]></system-out>
  </testcase>
  <testcase name="getStartedHeaderWhitePaperPage[https://aimood-stage2.intary.net/en/white-paper, Screenshots_St1/](3)" classname="tests.whitePaper.WhitePaperChromeTests" time="5.732">
    <failure message="*** Images are not similar *** expected [true] but found [false]" type="java.lang.AssertionError"><![CDATA[java.lang.AssertionError: *** Images are not similar *** expected [true] but found [false]
	at tests.whitePaper.WhitePaperChromeTests.getStartedHeaderWhitePaperPage(WhitePaperChromeTests.java:43)
]]></failure>
    <system-out><![CDATA[The two images are not similar.
Difference found. See the file D:\jenkins-agent-data\workspace\pixelPerfectMultiPlatform_AI_Mood_St1\Screenshots_St1\WhitePaper_page\EnChromeWhitePaper\Screenshots_getStartedWhitePaperPage\difference.png for details.
]]></system-out>
  </testcase>
  <testcase name="marketPlaceHeaderWhitePaperPage[https://aimood-stage2.intary.net/en/white-paper, Screenshots_St1/](1)" classname="tests.whitePaper.WhitePaperChromeTests" time="0">
    <skipped message="*** Images are not similar *** expected [true] but found [false]"/>
    <system-out><![CDATA[The two images are not similar.
Difference found. See the file D:\jenkins-agent-data\workspace\pixelPerfectMultiPlatform_AI_Mood_St1\Screenshots_St1\WhitePaper_page\EnChromeWhitePaper\Screenshots_marketPlaceWhitePaperPage\difference.png for details.
]]></system-out>
  </testcase>
  <testcase name="marketPlaceHeaderWhitePaperPage[https://aimood-stage2.intary.net/en/white-paper, Screenshots_St1/](2)" classname="tests.whitePaper.WhitePaperChromeTests" time="0">
    <skipped message="*** Images are not similar *** expected [true] but found [false]"/>
    <system-out><![CDATA[The two images are not similar.
Difference found. See the file D:\jenkins-agent-data\workspace\pixelPerfectMultiPlatform_AI_Mood_St1\Screenshots_St1\WhitePaper_page\EnChromeWhitePaper\Screenshots_marketPlaceWhitePaperPage\difference.png for details.
]]></system-out>
  </testcase>
  <testcase name="marketPlaceHeaderWhitePaperPage[https://aimood-stage2.intary.net/en/white-paper, Screenshots_St1/](3)" classname="tests.whitePaper.WhitePaperChromeTests" time="5.7">
    <failure message="*** Images are not similar *** expected [true] but found [false]" type="java.lang.AssertionError"><![CDATA[java.lang.AssertionError: *** Images are not similar *** expected [true] but found [false]
	at tests.whitePaper.WhitePaperChromeTests.marketPlaceHeaderWhitePaperPage(WhitePaperChromeTests.java:80)
]]></failure>
    <system-out><![CDATA[The two images are not similar.
Difference found. See the file D:\jenkins-agent-data\workspace\pixelPerfectMultiPlatform_AI_Mood_St1\Screenshots_St1\WhitePaper_page\EnChromeWhitePaper\Screenshots_marketPlaceWhitePaperPage\difference.png for details.
]]></system-out>
  </testcase>
  <testcase name="whitePaperHeaderWhitePaperPage[https://aimood-stage2.intary.net/en/white-paper, Screenshots_St1/](1)" classname="tests.whitePaper.WhitePaperChromeTests" time="0">
    <skipped message="*** Images are not similar *** expected [true] but found [false]"/>
    <system-out><![CDATA[The two images are not similar.
Difference found. See the file D:\jenkins-agent-data\workspace\pixelPerfectMultiPlatform_AI_Mood_St1\Screenshots_St1\WhitePaper_page\EnChromeWhitePaper\Screenshots_whitePaperHeaderPlaceWhitePaperPage\difference.png for details.
]]></system-out>
  </testcase>
  <testcase name="whitePaperHeaderWhitePaperPage[https://aimood-stage2.intary.net/en/white-paper, Screenshots_St1/](2)" classname="tests.whitePaper.WhitePaperChromeTests" time="0">
    <skipped message="*** Images are not similar *** expected [true] but found [false]"/>
    <system-out><![CDATA[The two images are not similar.
Difference found. See the file D:\jenkins-agent-data\workspace\pixelPerfectMultiPlatform_AI_Mood_St1\Screenshots_St1\WhitePaper_page\EnChromeWhitePaper\Screenshots_whitePaperHeaderPlaceWhitePaperPage\difference.png for details.
]]></system-out>
  </testcase>
  <testcase name="whitePaperHeaderWhitePaperPage[https://aimood-stage2.intary.net/en/white-paper, Screenshots_St1/](3)" classname="tests.whitePaper.WhitePaperChromeTests" time="5.703">
    <failure message="*** Images are not similar *** expected [true] but found [false]" type="java.lang.AssertionError"><![CDATA[java.lang.AssertionError: *** Images are not similar *** expected [true] but found [false]
	at tests.whitePaper.WhitePaperChromeTests.whitePaperHeaderWhitePaperPage(WhitePaperChromeTests.java:98)
]]></failure>
    <system-out><![CDATA[The two images are not similar.
Difference found. See the file D:\jenkins-agent-data\workspace\pixelPerfectMultiPlatform_AI_Mood_St1\Screenshots_St1\WhitePaper_page\EnChromeWhitePaper\Screenshots_whitePaperHeaderPlaceWhitePaperPage\difference.png for details.
]]></system-out>
  </testcase>
  <testcase name="learnHeaderWhitePaperPage[https://aimood-stage2.intary.net/en/white-paper, Screenshots_St1/](1)" classname="tests.whitePaper.WhitePaperChromeTests" time="0">
    <skipped message="*** Images are not similar *** expected [true] but found [false]"/>
    <system-out><![CDATA[The two images are not similar.
Difference found. See the file D:\jenkins-agent-data\workspace\pixelPerfectMultiPlatform_AI_Mood_St1\Screenshots_St1\WhitePaper_page\EnChromeWhitePaper\Screenshots_learnWhitePaperPage\difference.png for details.
]]></system-out>
  </testcase>
  <testcase name="learnHeaderWhitePaperPage[https://aimood-stage2.intary.net/en/white-paper, Screenshots_St1/](2)" classname="tests.whitePaper.WhitePaperChromeTests" time="0">
    <skipped message="*** Images are not similar *** expected [true] but found [false]"/>
    <system-out><![CDATA[The two images are not similar.
Difference found. See the file D:\jenkins-agent-data\workspace\pixelPerfectMultiPlatform_AI_Mood_St1\Screenshots_St1\WhitePaper_page\EnChromeWhitePaper\Screenshots_learnWhitePaperPage\difference.png for details.
]]></system-out>
  </testcase>
  <testcase name="learnHeaderWhitePaperPage[https://aimood-stage2.intary.net/en/white-paper, Screenshots_St1/](3)" classname="tests.whitePaper.WhitePaperChromeTests" time="5.716">
    <failure message="*** Images are not similar *** expected [true] but found [false]" type="java.lang.AssertionError"><![CDATA[java.lang.AssertionError: *** Images are not similar *** expected [true] but found [false]
	at tests.whitePaper.WhitePaperChromeTests.learnHeaderWhitePaperPage(WhitePaperChromeTests.java:62)
]]></failure>
    <system-out><![CDATA[The two images are not similar.
Difference found. See the file D:\jenkins-agent-data\workspace\pixelPerfectMultiPlatform_AI_Mood_St1\Screenshots_St1\WhitePaper_page\EnChromeWhitePaper\Screenshots_learnWhitePaperPage\difference.png for details.
]]></system-out>
  </testcase>
  <testcase name="resourcesHeaderWhitePaperPage[https://aimood-stage2.intary.net/en/white-paper, Screenshots_St1/](1)" classname="tests.whitePaper.WhitePaperChromeTests" time="0">
    <skipped message="*** Images are not similar *** expected [true] but found [false]"/>
    <system-out><![CDATA[The two images are not similar.
Difference found. See the file D:\jenkins-agent-data\workspace\pixelPerfectMultiPlatform_AI_Mood_St1\Screenshots_St1\WhitePaper_page\EnChromeWhitePaper\Screenshots_resourcesWhitePaperPage\difference.png for details.
]]></system-out>
  </testcase>
  <testcase name="resourcesHeaderWhitePaperPage[https://aimood-stage2.intary.net/en/white-paper, Screenshots_St1/](2)" classname="tests.whitePaper.WhitePaperChromeTests" time="0">
    <skipped message="*** Images are not similar *** expected [true] but found [false]"/>
    <system-out><![CDATA[The two images are not similar.
Difference found. See the file D:\jenkins-agent-data\workspace\pixelPerfectMultiPlatform_AI_Mood_St1\Screenshots_St1\WhitePaper_page\EnChromeWhitePaper\Screenshots_resourcesWhitePaperPage\difference.png for details.
]]></system-out>
  </testcase>
  <testcase name="resourcesHeaderWhitePaperPage[https://aimood-stage2.intary.net/en/white-paper, Screenshots_St1/](3)" classname="tests.whitePaper.WhitePaperChromeTests" time="5.7">
    <failure message="*** Images are not similar *** expected [true] but found [false]" type="java.lang.AssertionError"><![CDATA[java.lang.AssertionError: *** Images are not similar *** expected [true] but found [false]
	at tests.whitePaper.WhitePaperChromeTests.resourcesHeaderWhitePaperPage(WhitePaperChromeTests.java:117)
]]></failure>
    <system-out><![CDATA[The two images are not similar.
Difference found. See the file D:\jenkins-agent-data\workspace\pixelPerfectMultiPlatform_AI_Mood_St1\Screenshots_St1\WhitePaper_page\EnChromeWhitePaper\Screenshots_resourcesWhitePaperPage\difference.png for details.
]]></system-out>
  </testcase>
  <testcase name="mainBlockWhitePaperPage[https://aimood-stage2.intary.net/en/white-paper, Screenshots_St1/](1)" classname="tests.whitePaper.WhitePaperChromeTests" time="0">
    <skipped message="*** Images are not similar *** expected [true] but found [false]"/>
    <system-out><![CDATA[The two images are not similar.
Difference found. See the file D:\jenkins-agent-data\workspace\pixelPerfectMultiPlatform_AI_Mood_St1\Screenshots_St1\WhitePaper_page\EnChromeWhitePaper\Screenshots_mainBlockWhitePaperPage\difference.png for details.
]]></system-out>
  </testcase>
  <testcase name="mainBlockWhitePaperPage[https://aimood-stage2.intary.net/en/white-paper, Screenshots_St1/](2)" classname="tests.whitePaper.WhitePaperChromeTests" time="0">
    <skipped message="*** Images are not similar *** expected [true] but found [false]"/>
    <system-out><![CDATA[The two images are not similar.
Difference found. See the file D:\jenkins-agent-data\workspace\pixelPerfectMultiPlatform_AI_Mood_St1\Screenshots_St1\WhitePaper_page\EnChromeWhitePaper\Screenshots_mainBlockWhitePaperPage\difference.png for details.
]]></system-out>
  </testcase>
  <testcase name="mainBlockWhitePaperPage[https://aimood-stage2.intary.net/en/white-paper, Screenshots_St1/](3)" classname="tests.whitePaper.WhitePaperChromeTests" time="5.85">
    <failure message="*** Images are not similar *** expected [true] but found [false]" type="java.lang.AssertionError"><![CDATA[java.lang.AssertionError: *** Images are not similar *** expected [true] but found [false]
	at tests.whitePaper.WhitePaperChromeTests.mainBlockWhitePaperPage(WhitePaperChromeTests.java:135)
]]></failure>
    <system-out><![CDATA[The two images are not similar.
Difference found. See the file D:\jenkins-agent-data\workspace\pixelPerfectMultiPlatform_AI_Mood_St1\Screenshots_St1\WhitePaper_page\EnChromeWhitePaper\Screenshots_mainBlockWhitePaperPage\difference.png for details.
]]></system-out>
  </testcase>
  <testcase name="EweuimtPage[https://aimood-stage2.intary.net/en/white-paper, Screenshots_St1/](1)" classname="tests.whitePaper.WhitePaperChromeTests" time="0">
    <skipped message="*** Images are not similar *** expected [true] but found [false]"/>
    <system-out><![CDATA[The two images are not similar.
Difference found. See the file D:\jenkins-agent-data\workspace\pixelPerfectMultiPlatform_AI_Mood_St1\Screenshots_St1\WhitePaper_page\EnChromeWhitePaper\Screenshots_EweuimtPage\difference.png for details.
]]></system-out>
  </testcase>
  <testcase name="EweuimtPage[https://aimood-stage2.intary.net/en/white-paper, Screenshots_St1/](2)" classname="tests.whitePaper.WhitePaperChromeTests" time="0">
    <skipped message="*** Images are not similar *** expected [true] but found [false]"/>
    <system-out><![CDATA[The two images are not similar.
Difference found. See the file D:\jenkins-agent-data\workspace\pixelPerfectMultiPlatform_AI_Mood_St1\Screenshots_St1\WhitePaper_page\EnChromeWhitePaper\Screenshots_EweuimtPage\difference.png for details.
]]></system-out>
  </testcase>
  <testcase name="EweuimtPage[https://aimood-stage2.intary.net/en/white-paper, Screenshots_St1/](3)" classname="tests.whitePaper.WhitePaperChromeTests" time="6.394">
    <failure message="*** Images are not similar *** expected [true] but found [false]" type="java.lang.AssertionError"><![CDATA[java.lang.AssertionError: *** Images are not similar *** expected [true] but found [false]
	at tests.whitePaper.WhitePaperChromeTests.EweuimtPage(WhitePaperChromeTests.java:154)
]]></failure>
    <system-out><![CDATA[The two images are not similar.
Difference found. See the file D:\jenkins-agent-data\workspace\pixelPerfectMultiPlatform_AI_Mood_St1\Screenshots_St1\WhitePaper_page\EnChromeWhitePaper\Screenshots_EweuimtPage\difference.png for details.
]]></system-out>
  </testcase>
  <testcase name="allFooterWhitePaperPage[https://aimood-stage2.intary.net/en/white-paper, Screenshots_St1/](1)" classname="tests.whitePaper.WhitePaperChromeTests" time="0">
    <skipped message="*** Images are not similar *** expected [true] but found [false]"/>
    <system-out><![CDATA[The two images are not similar.
Difference found. See the file D:\jenkins-agent-data\workspace\pixelPerfectMultiPlatform_AI_Mood_St1\Screenshots_St1\WhitePaper_page\EnChromeWhitePaper\Screenshots_allFooterWhitePaper\difference.png for details.
]]></system-out>
  </testcase>
  <testcase name="allFooterWhitePaperPage[https://aimood-stage2.intary.net/en/white-paper, Screenshots_St1/](2)" classname="tests.whitePaper.WhitePaperChromeTests" time="0">
    <skipped message="*** Images are not similar *** expected [true] but found [false]"/>
    <system-out><![CDATA[The two images are not similar.
Difference found. See the file D:\jenkins-agent-data\workspace\pixelPerfectMultiPlatform_AI_Mood_St1\Screenshots_St1\WhitePaper_page\EnChromeWhitePaper\Screenshots_allFooterWhitePaper\difference.png for details.
]]></system-out>
  </testcase>
  <testcase name="allFooterWhitePaperPage[https://aimood-stage2.intary.net/en/white-paper, Screenshots_St1/](3)" classname="tests.whitePaper.WhitePaperChromeTests" time="5.893">
    <failure message="*** Images are not similar *** expected [true] but found [false]" type="java.lang.AssertionError"><![CDATA[java.lang.AssertionError: *** Images are not similar *** expected [true] but found [false]
	at tests.whitePaper.WhitePaperChromeTests.allFooterWhitePaperPage(WhitePaperChromeTests.java:173)
]]></failure>
    <system-out><![CDATA[The two images are not similar.
Difference found. See the file D:\jenkins-agent-data\workspace\pixelPerfectMultiPlatform_AI_Mood_St1\Screenshots_St1\WhitePaper_page\EnChromeWhitePaper\Screenshots_allFooterWhitePaper\difference.png for details.
]]></system-out>
  </testcase>
</testsuite>