-------------------------------------------------------------------------------
Test set: TestSuite
-------------------------------------------------------------------------------
Tests run: 333, Failures: 27, Errors: 0, Skipped: 3, Time elapsed: 2,296.55 s <<< FAILURE! - in TestSuite
tests.marketPlacePageTests.AllPageChromeTests.resourcesHeaderMarketPlacePage[https://aimood-stage1.intary.net/en/market-place, Screenshots_St1/](3)  Time elapsed: 5.764 s  <<< FAILURE!
java.lang.AssertionError: *** Images are not similar *** expected [true] but found [false]
	at tests.marketPlacePageTests.AllPageChromeTests.resourcesHeaderMarketPlacePage(AllPageChromeTests.java:81)

tests.SignIn.SignInFirefoxTests.allHeaderMainPage  Time elapsed: 6.946 s  <<< FAILURE!
org.testng.TestNGException: 

Parameter 'SignIn_page' is required by @Test on method allHeaderMainPage but has not been marked @Optional or defined
in D:\jenkins-agent-data\workspace\pixelPerfectMultiPlatform_AI_Mood_St1\testngMasterStage1.xml

tests.SignIn.SignInFirefoxTests.mainBlockWhitePaperPage  Time elapsed: 6.947 s  <<< FAILURE!
org.testng.TestNGException: 

Parameter 'SignIn_page' is required by @Test on method mainBlockWhitePaperPage but has not been marked @Optional or defined
in D:\jenkins-agent-data\workspace\pixelPerfectMultiPlatform_AI_Mood_St1\testngMasterStage1.xml

tests.SignIn.SignInFirefoxTests.Forgot  Time elapsed: 6.948 s  <<< FAILURE!
org.testng.TestNGException: 

Parameter 'SignIn_page' is required by @Test on method Forgot but has not been marked @Optional or defined
in D:\jenkins-agent-data\workspace\pixelPerfectMultiPlatform_AI_Mood_St1\testngMasterStage1.xml

tests.SignIn.SignInFirefoxTests.Dont  Time elapsed: 6.948 s  <<< FAILURE!
org.testng.TestNGException: 

Parameter 'SignIn_page' is required by @Test on method Dont but has not been marked @Optional or defined
in D:\jenkins-agent-data\workspace\pixelPerfectMultiPlatform_AI_Mood_St1\testngMasterStage1.xml

tests.SignIn.SignInFirefoxTests.allPageSignInPage  Time elapsed: 6.949 s  <<< FAILURE!
org.testng.TestNGException: 

Parameter 'SignIn_page' is required by @Test on method allPageSignInPage but has not been marked @Optional or defined
in D:\jenkins-agent-data\workspace\pixelPerfectMultiPlatform_AI_Mood_St1\testngMasterStage1.xml

tests.SignIn.SignInFirefoxTests.allFooterMainPage  Time elapsed: 6.949 s  <<< FAILURE!
org.testng.TestNGException: 

Parameter 'SignIn_page' is required by @Test on method allFooterMainPage but has not been marked @Optional or defined
in D:\jenkins-agent-data\workspace\pixelPerfectMultiPlatform_AI_Mood_St1\testngMasterStage1.xml

tests.SignIn.SignInFirefoxTests.tearDown  Time elapsed: 6.95 s  <<< FAILURE!
java.lang.NullPointerException

tests.SignIn.SignInChromeTests.allHeaderMainPage  Time elapsed: 6.951 s  <<< FAILURE!
org.testng.TestNGException: 

Parameter 'SignIn_page' is required by @Test on method allHeaderMainPage but has not been marked @Optional or defined
in D:\jenkins-agent-data\workspace\pixelPerfectMultiPlatform_AI_Mood_St1\testngMasterStage1.xml

tests.SignIn.SignInChromeTests.mainBlockWhitePaperPage  Time elapsed: 6.951 s  <<< FAILURE!
org.testng.TestNGException: 

Parameter 'SignIn_page' is required by @Test on method mainBlockWhitePaperPage but has not been marked @Optional or defined
in D:\jenkins-agent-data\workspace\pixelPerfectMultiPlatform_AI_Mood_St1\testngMasterStage1.xml

tests.SignIn.SignInChromeTests.Forgot  Time elapsed: 6.952 s  <<< FAILURE!
org.testng.TestNGException: 

Parameter 'SignIn_page' is required by @Test on method Forgot but has not been marked @Optional or defined
in D:\jenkins-agent-data\workspace\pixelPerfectMultiPlatform_AI_Mood_St1\testngMasterStage1.xml

tests.SignIn.SignInChromeTests.Dont  Time elapsed: 6.952 s  <<< FAILURE!
org.testng.TestNGException: 

Parameter 'SignIn_page' is required by @Test on method Dont but has not been marked @Optional or defined
in D:\jenkins-agent-data\workspace\pixelPerfectMultiPlatform_AI_Mood_St1\testngMasterStage1.xml

tests.SignIn.SignInChromeTests.allPageSignInPage  Time elapsed: 6.953 s  <<< FAILURE!
org.testng.TestNGException: 

Parameter 'SignIn_page' is required by @Test on method allPageSignInPage but has not been marked @Optional or defined
in D:\jenkins-agent-data\workspace\pixelPerfectMultiPlatform_AI_Mood_St1\testngMasterStage1.xml

tests.SignIn.SignInChromeTests.allFooterMainPage  Time elapsed: 6.954 s  <<< FAILURE!
org.testng.TestNGException: 

Parameter 'SignIn_page' is required by @Test on method allFooterMainPage but has not been marked @Optional or defined
in D:\jenkins-agent-data\workspace\pixelPerfectMultiPlatform_AI_Mood_St1\testngMasterStage1.xml

tests.SignIn.SignInChromeTests.tearDown  Time elapsed: 6.954 s  <<< FAILURE!
java.lang.NullPointerException

tests.SignUp.SignUpFirefoxTests.allHeaderSignUpPage  Time elapsed: 6.955 s  <<< FAILURE!
org.testng.TestNGException: 

Parameter 'SignUp_page' is required by @Test on method allHeaderSignUpPage but has not been marked @Optional or defined
in D:\jenkins-agent-data\workspace\pixelPerfectMultiPlatform_AI_Mood_St1\testngMasterStage1.xml

tests.SignUp.SignUpFirefoxTests.mainBlockWhitePaperPage  Time elapsed: 6.955 s  <<< FAILURE!
org.testng.TestNGException: 

Parameter 'SignUp_page' is required by @Test on method mainBlockWhitePaperPage but has not been marked @Optional or defined
in D:\jenkins-agent-data\workspace\pixelPerfectMultiPlatform_AI_Mood_St1\testngMasterStage1.xml

tests.SignUp.SignUpFirefoxTests.Already  Time elapsed: 6.956 s  <<< FAILURE!
org.testng.TestNGException: 

Parameter 'SignUp_page' is required by @Test on method Already but has not been marked @Optional or defined
in D:\jenkins-agent-data\workspace\pixelPerfectMultiPlatform_AI_Mood_St1\testngMasterStage1.xml

tests.SignUp.SignUpFirefoxTests.allPageSignUpPage  Time elapsed: 6.956 s  <<< FAILURE!
org.testng.TestNGException: 

Parameter 'SignUp_page' is required by @Test on method allPageSignUpPage but has not been marked @Optional or defined
in D:\jenkins-agent-data\workspace\pixelPerfectMultiPlatform_AI_Mood_St1\testngMasterStage1.xml

tests.SignUp.SignUpFirefoxTests.allFooterSignUp  Time elapsed: 6.957 s  <<< FAILURE!
org.testng.TestNGException: 

Parameter 'SignUp_page' is required by @Test on method allFooterSignUp but has not been marked @Optional or defined
in D:\jenkins-agent-data\workspace\pixelPerfectMultiPlatform_AI_Mood_St1\testngMasterStage1.xml

tests.SignUp.SignUpFirefoxTests.tearDown  Time elapsed: 6.957 s  <<< FAILURE!
java.lang.NullPointerException

tests.SignUp.SignUpChromeTests.allHeaderSignUpPage  Time elapsed: 6.957 s  <<< FAILURE!
org.testng.TestNGException: 

Parameter 'SignUp_page' is required by @Test on method allHeaderSignUpPage but has not been marked @Optional or defined
in D:\jenkins-agent-data\workspace\pixelPerfectMultiPlatform_AI_Mood_St1\testngMasterStage1.xml

tests.SignUp.SignUpChromeTests.mainBlockWhitePaperPage  Time elapsed: 6.958 s  <<< FAILURE!
org.testng.TestNGException: 

Parameter 'SignUp_page' is required by @Test on method mainBlockWhitePaperPage but has not been marked @Optional or defined
in D:\jenkins-agent-data\workspace\pixelPerfectMultiPlatform_AI_Mood_St1\testngMasterStage1.xml

tests.SignUp.SignUpChromeTests.Already  Time elapsed: 6.958 s  <<< FAILURE!
org.testng.TestNGException: 

Parameter 'SignUp_page' is required by @Test on method Already but has not been marked @Optional or defined
in D:\jenkins-agent-data\workspace\pixelPerfectMultiPlatform_AI_Mood_St1\testngMasterStage1.xml

tests.SignUp.SignUpChromeTests.allPageSignUpPage  Time elapsed: 6.959 s  <<< FAILURE!
org.testng.TestNGException: 

Parameter 'SignUp_page' is required by @Test on method allPageSignUpPage but has not been marked @Optional or defined
in D:\jenkins-agent-data\workspace\pixelPerfectMultiPlatform_AI_Mood_St1\testngMasterStage1.xml

tests.SignUp.SignUpChromeTests.allFooterSignUp  Time elapsed: 6.959 s  <<< FAILURE!
org.testng.TestNGException: 

Parameter 'SignUp_page' is required by @Test on method allFooterSignUp but has not been marked @Optional or defined
in D:\jenkins-agent-data\workspace\pixelPerfectMultiPlatform_AI_Mood_St1\testngMasterStage1.xml

tests.SignUp.SignUpChromeTests.tearDown  Time elapsed: 6.96 s  <<< FAILURE!
java.lang.NullPointerException

