-------------------------------------------------------------------------------
Test set: TestSuite
-------------------------------------------------------------------------------
Tests run: 226, Failures: 27, Errors: 0, Skipped: 2, Time elapsed: 1,388.045 s <<< FAILURE! - in TestSuite
tests.SignIn.SignInFirefoxTests.allHeaderMainPage  Time elapsed: 6.932 s  <<< FAILURE!
org.testng.TestNGException: 

Parameter 'SignIn_page' is required by @Test on method allHeaderMainPage but has not been marked @Optional or defined
in D:\jenkins-agent-data\workspace\pixelPerfectMultiPlatform_AI_Mood_St1\testngMasterStage1.xml

tests.SignIn.SignInFirefoxTests.mainBlockWhitePaperPage  Time elapsed: 6.932 s  <<< FAILURE!
org.testng.TestNGException: 

Parameter 'SignIn_page' is required by @Test on method mainBlockWhitePaperPage but has not been marked @Optional or defined
in D:\jenkins-agent-data\workspace\pixelPerfectMultiPlatform_AI_Mood_St1\testngMasterStage1.xml

tests.SignIn.SignInFirefoxTests.Forgot  Time elapsed: 6.932 s  <<< FAILURE!
org.testng.TestNGException: 

Parameter 'SignIn_page' is required by @Test on method Forgot but has not been marked @Optional or defined
in D:\jenkins-agent-data\workspace\pixelPerfectMultiPlatform_AI_Mood_St1\testngMasterStage1.xml

tests.SignIn.SignInFirefoxTests.Dont  Time elapsed: 6.933 s  <<< FAILURE!
org.testng.TestNGException: 

Parameter 'SignIn_page' is required by @Test on method Dont but has not been marked @Optional or defined
in D:\jenkins-agent-data\workspace\pixelPerfectMultiPlatform_AI_Mood_St1\testngMasterStage1.xml

tests.SignIn.SignInFirefoxTests.allPageSignInPage  Time elapsed: 6.933 s  <<< FAILURE!
org.testng.TestNGException: 

Parameter 'SignIn_page' is required by @Test on method allPageSignInPage but has not been marked @Optional or defined
in D:\jenkins-agent-data\workspace\pixelPerfectMultiPlatform_AI_Mood_St1\testngMasterStage1.xml

tests.SignIn.SignInFirefoxTests.allFooterMainPage  Time elapsed: 6.934 s  <<< FAILURE!
org.testng.TestNGException: 

Parameter 'SignIn_page' is required by @Test on method allFooterMainPage but has not been marked @Optional or defined
in D:\jenkins-agent-data\workspace\pixelPerfectMultiPlatform_AI_Mood_St1\testngMasterStage1.xml

tests.SignIn.SignInFirefoxTests.tearDown  Time elapsed: 6.935 s  <<< FAILURE!
java.lang.NullPointerException

tests.SignIn.SignInChromeTests.allHeaderMainPage  Time elapsed: 6.936 s  <<< FAILURE!
org.testng.TestNGException: 

Parameter 'SignIn_page' is required by @Test on method allHeaderMainPage but has not been marked @Optional or defined
in D:\jenkins-agent-data\workspace\pixelPerfectMultiPlatform_AI_Mood_St1\testngMasterStage1.xml

tests.SignIn.SignInChromeTests.mainBlockWhitePaperPage  Time elapsed: 6.936 s  <<< FAILURE!
org.testng.TestNGException: 

Parameter 'SignIn_page' is required by @Test on method mainBlockWhitePaperPage but has not been marked @Optional or defined
in D:\jenkins-agent-data\workspace\pixelPerfectMultiPlatform_AI_Mood_St1\testngMasterStage1.xml

tests.SignIn.SignInChromeTests.Forgot  Time elapsed: 6.937 s  <<< FAILURE!
org.testng.TestNGException: 

Parameter 'SignIn_page' is required by @Test on method Forgot but has not been marked @Optional or defined
in D:\jenkins-agent-data\workspace\pixelPerfectMultiPlatform_AI_Mood_St1\testngMasterStage1.xml

tests.SignIn.SignInChromeTests.Dont  Time elapsed: 6.937 s  <<< FAILURE!
org.testng.TestNGException: 

Parameter 'SignIn_page' is required by @Test on method Dont but has not been marked @Optional or defined
in D:\jenkins-agent-data\workspace\pixelPerfectMultiPlatform_AI_Mood_St1\testngMasterStage1.xml

tests.SignIn.SignInChromeTests.allPageSignInPage  Time elapsed: 6.938 s  <<< FAILURE!
org.testng.TestNGException: 

Parameter 'SignIn_page' is required by @Test on method allPageSignInPage but has not been marked @Optional or defined
in D:\jenkins-agent-data\workspace\pixelPerfectMultiPlatform_AI_Mood_St1\testngMasterStage1.xml

tests.SignIn.SignInChromeTests.allFooterMainPage  Time elapsed: 6.938 s  <<< FAILURE!
org.testng.TestNGException: 

Parameter 'SignIn_page' is required by @Test on method allFooterMainPage but has not been marked @Optional or defined
in D:\jenkins-agent-data\workspace\pixelPerfectMultiPlatform_AI_Mood_St1\testngMasterStage1.xml

tests.SignIn.SignInChromeTests.tearDown  Time elapsed: 6.939 s  <<< FAILURE!
java.lang.NullPointerException

tests.SignUp.SignUpFirefoxTests.allHeaderSignUpPage  Time elapsed: 6.94 s  <<< FAILURE!
org.testng.TestNGException: 

Parameter 'SignUp_page' is required by @Test on method allHeaderSignUpPage but has not been marked @Optional or defined
in D:\jenkins-agent-data\workspace\pixelPerfectMultiPlatform_AI_Mood_St1\testngMasterStage1.xml

tests.SignUp.SignUpFirefoxTests.mainBlockWhitePaperPage  Time elapsed: 6.94 s  <<< FAILURE!
org.testng.TestNGException: 

Parameter 'SignUp_page' is required by @Test on method mainBlockWhitePaperPage but has not been marked @Optional or defined
in D:\jenkins-agent-data\workspace\pixelPerfectMultiPlatform_AI_Mood_St1\testngMasterStage1.xml

tests.SignUp.SignUpFirefoxTests.Already  Time elapsed: 6.941 s  <<< FAILURE!
org.testng.TestNGException: 

Parameter 'SignUp_page' is required by @Test on method Already but has not been marked @Optional or defined
in D:\jenkins-agent-data\workspace\pixelPerfectMultiPlatform_AI_Mood_St1\testngMasterStage1.xml

tests.SignUp.SignUpFirefoxTests.allPageSignUpPage  Time elapsed: 6.941 s  <<< FAILURE!
org.testng.TestNGException: 

Parameter 'SignUp_page' is required by @Test on method allPageSignUpPage but has not been marked @Optional or defined
in D:\jenkins-agent-data\workspace\pixelPerfectMultiPlatform_AI_Mood_St1\testngMasterStage1.xml

tests.SignUp.SignUpFirefoxTests.allFooterSignUp  Time elapsed: 6.941 s  <<< FAILURE!
org.testng.TestNGException: 

Parameter 'SignUp_page' is required by @Test on method allFooterSignUp but has not been marked @Optional or defined
in D:\jenkins-agent-data\workspace\pixelPerfectMultiPlatform_AI_Mood_St1\testngMasterStage1.xml

tests.SignUp.SignUpFirefoxTests.tearDown  Time elapsed: 6.942 s  <<< FAILURE!
java.lang.NullPointerException

tests.SignUp.SignUpChromeTests.allHeaderSignUpPage  Time elapsed: 6.942 s  <<< FAILURE!
org.testng.TestNGException: 

Parameter 'SignUp_page' is required by @Test on method allHeaderSignUpPage but has not been marked @Optional or defined
in D:\jenkins-agent-data\workspace\pixelPerfectMultiPlatform_AI_Mood_St1\testngMasterStage1.xml

tests.SignUp.SignUpChromeTests.mainBlockWhitePaperPage  Time elapsed: 6.943 s  <<< FAILURE!
org.testng.TestNGException: 

Parameter 'SignUp_page' is required by @Test on method mainBlockWhitePaperPage but has not been marked @Optional or defined
in D:\jenkins-agent-data\workspace\pixelPerfectMultiPlatform_AI_Mood_St1\testngMasterStage1.xml

tests.SignUp.SignUpChromeTests.Already  Time elapsed: 6.943 s  <<< FAILURE!
org.testng.TestNGException: 

Parameter 'SignUp_page' is required by @Test on method Already but has not been marked @Optional or defined
in D:\jenkins-agent-data\workspace\pixelPerfectMultiPlatform_AI_Mood_St1\testngMasterStage1.xml

tests.SignUp.SignUpChromeTests.allPageSignUpPage  Time elapsed: 6.944 s  <<< FAILURE!
org.testng.TestNGException: 

Parameter 'SignUp_page' is required by @Test on method allPageSignUpPage but has not been marked @Optional or defined
in D:\jenkins-agent-data\workspace\pixelPerfectMultiPlatform_AI_Mood_St1\testngMasterStage1.xml

tests.SignUp.SignUpChromeTests.allFooterSignUp  Time elapsed: 6.944 s  <<< FAILURE!
org.testng.TestNGException: 

Parameter 'SignUp_page' is required by @Test on method allFooterSignUp but has not been marked @Optional or defined
in D:\jenkins-agent-data\workspace\pixelPerfectMultiPlatform_AI_Mood_St1\testngMasterStage1.xml

tests.SignUp.SignUpChromeTests.tearDown  Time elapsed: 6.945 s  <<< FAILURE!
java.lang.NullPointerException

tests.signInPageTests.AllPageFirefoxTests.mainSectionSignInPage[https://aimood-stage1.intary.net/en/login, Screenshots_St1/](3)  Time elapsed: 6.694 s  <<< FAILURE!
java.lang.AssertionError: *** Images are not similar *** expected [true] but found [false]
	at tests.signInPageTests.AllPageFirefoxTests.mainSectionSignInPage(AllPageFirefoxTests.java:115)

