-------------------------------------------------------------------------------
Test set: TestSuite
-------------------------------------------------------------------------------
Tests run: 330, Failures: 38, Errors: 0, Skipped: 0, Time elapsed: 2,422.761 s <<< FAILURE! - in TestSuite
tests.stakingPageTests.AllPageChromeTests.allHeaderStakingPage[https://aimood-stage1.intary.net/en/stake-delegate, Screenshots_St1/](1)  Time elapsed: 66.796 s  <<< FAILURE!
org.openqa.selenium.NoSuchElementException: 
no such element: Unable to locate element: {"method":"xpath","selector":"//header[@class='header-wrapper']"}
  (Session info: chrome=117.0.5938.92)
For documentation on this error, please visit: https://www.selenium.dev/documentation/webdriver/troubleshooting/errors#no-such-element-exception
Build info: version: '4.11.0', revision: '040bc5406b'
System info: os.name: 'Windows 10', os.arch: 'amd64', os.version: '10.0', java.version: '11.0.2'
Driver info: org.openqa.selenium.chrome.ChromeDriver
Command: [52a658cce03da19d30060025fe8e544e, findElement {using=xpath, value=//header[@class='header-wrapper']}]
Capabilities {acceptInsecureCerts: false, browserName: chrome, browserVersion: 117.0.5938.92, chrome: {chromedriverVersion: 117.0.5938.92 (67649b10b92b..., userDataDir: C:\Users\admin\AppData\Loca...}, fedcm:accounts: true, goog:chromeOptions: {debuggerAddress: localhost:65056}, networkConnectionEnabled: false, pageLoadStrategy: normal, platformName: windows, proxy: Proxy(), se:cdp: ws://localhost:65056/devtoo..., se:cdpVersion: 117.0.5938.92, setWindowRect: true, strictFileInteractability: false, timeouts: {implicit: 0, pageLoad: 300000, script: 30000}, unhandledPromptBehavior: dismiss and notify, webauthn:extension:credBlob: true, webauthn:extension:largeBlob: true, webauthn:extension:minPinLength: true, webauthn:extension:prf: true, webauthn:virtualAuthenticators: true}
Session ID: 52a658cce03da19d30060025fe8e544e
	at tests.stakingPageTests.AllPageChromeTests.allHeaderStakingPage(AllPageChromeTests.java:26)

tests.stakingPageTests.AllPageChromeTests.mainSectionStakingPage[https://aimood-stage1.intary.net/en/stake-delegate, Screenshots_St1/](1)  Time elapsed: 7.227 s  <<< FAILURE!
java.lang.AssertionError: *** Images are not similar *** expected [true] but found [false]
	at tests.stakingPageTests.AllPageChromeTests.mainSectionStakingPage(AllPageChromeTests.java:116)

tests.stakingPageTests.AllPageChromeTests.delegatedSectionStakingPage[https://aimood-stage1.intary.net/en/stake-delegate, Screenshots_St1/](1)  Time elapsed: 9.457 s  <<< FAILURE!
java.lang.AssertionError: *** Images are not similar *** expected [true] but found [false]
	at tests.stakingPageTests.AllPageChromeTests.delegatedSectionStakingPage(AllPageChromeTests.java:135)

tests.stakingPageTests.AllPageChromeTests.calcStakSectionStakingPage[https://aimood-stage1.intary.net/en/stake-delegate, Screenshots_St1/](1)  Time elapsed: 9.918 s  <<< FAILURE!
java.lang.AssertionError: *** Images are not similar *** expected [true] but found [false]
	at tests.stakingPageTests.AllPageChromeTests.calcStakSectionStakingPage(AllPageChromeTests.java:164)

tests.stakingPageTests.AllPageChromeTests.allFooterStakingPage[https://aimood-stage1.intary.net/en/stake-delegate, Screenshots_St1/](1)  Time elapsed: 6.131 s  <<< FAILURE!
java.lang.AssertionError: *** Images are not similar *** expected [true] but found [false]
	at tests.stakingPageTests.AllPageChromeTests.allFooterStakingPage(AllPageChromeTests.java:185)

tests.SignIn.SignInFirefoxTests.allHeaderMainPage  Time elapsed: 7.145 s  <<< FAILURE!
org.testng.TestNGException: 

Parameter 'SignIn_page' is required by @Test on method allHeaderMainPage but has not been marked @Optional or defined
in D:\jenkins-agent-data\workspace\pixelPerfectMultiPlatform_AI_Mood_St1\testngMasterStage1.xml

tests.SignIn.SignInFirefoxTests.mainBlockWhitePaperPage  Time elapsed: 7.145 s  <<< FAILURE!
org.testng.TestNGException: 

Parameter 'SignIn_page' is required by @Test on method mainBlockWhitePaperPage but has not been marked @Optional or defined
in D:\jenkins-agent-data\workspace\pixelPerfectMultiPlatform_AI_Mood_St1\testngMasterStage1.xml

tests.SignIn.SignInFirefoxTests.Forgot  Time elapsed: 7.146 s  <<< FAILURE!
org.testng.TestNGException: 

Parameter 'SignIn_page' is required by @Test on method Forgot but has not been marked @Optional or defined
in D:\jenkins-agent-data\workspace\pixelPerfectMultiPlatform_AI_Mood_St1\testngMasterStage1.xml

tests.SignIn.SignInFirefoxTests.Dont  Time elapsed: 7.147 s  <<< FAILURE!
org.testng.TestNGException: 

Parameter 'SignIn_page' is required by @Test on method Dont but has not been marked @Optional or defined
in D:\jenkins-agent-data\workspace\pixelPerfectMultiPlatform_AI_Mood_St1\testngMasterStage1.xml

tests.SignIn.SignInFirefoxTests.allPageSignInPage  Time elapsed: 7.147 s  <<< FAILURE!
org.testng.TestNGException: 

Parameter 'SignIn_page' is required by @Test on method allPageSignInPage but has not been marked @Optional or defined
in D:\jenkins-agent-data\workspace\pixelPerfectMultiPlatform_AI_Mood_St1\testngMasterStage1.xml

tests.SignIn.SignInFirefoxTests.allFooterMainPage  Time elapsed: 7.148 s  <<< FAILURE!
org.testng.TestNGException: 

Parameter 'SignIn_page' is required by @Test on method allFooterMainPage but has not been marked @Optional or defined
in D:\jenkins-agent-data\workspace\pixelPerfectMultiPlatform_AI_Mood_St1\testngMasterStage1.xml

tests.SignIn.SignInFirefoxTests.tearDown  Time elapsed: 7.149 s  <<< FAILURE!
java.lang.NullPointerException

tests.SignIn.SignInChromeTests.allHeaderMainPage  Time elapsed: 7.15 s  <<< FAILURE!
org.testng.TestNGException: 

Parameter 'SignIn_page' is required by @Test on method allHeaderMainPage but has not been marked @Optional or defined
in D:\jenkins-agent-data\workspace\pixelPerfectMultiPlatform_AI_Mood_St1\testngMasterStage1.xml

tests.SignIn.SignInChromeTests.mainBlockWhitePaperPage  Time elapsed: 7.151 s  <<< FAILURE!
org.testng.TestNGException: 

Parameter 'SignIn_page' is required by @Test on method mainBlockWhitePaperPage but has not been marked @Optional or defined
in D:\jenkins-agent-data\workspace\pixelPerfectMultiPlatform_AI_Mood_St1\testngMasterStage1.xml

tests.SignIn.SignInChromeTests.Forgot  Time elapsed: 7.151 s  <<< FAILURE!
org.testng.TestNGException: 

Parameter 'SignIn_page' is required by @Test on method Forgot but has not been marked @Optional or defined
in D:\jenkins-agent-data\workspace\pixelPerfectMultiPlatform_AI_Mood_St1\testngMasterStage1.xml

tests.SignIn.SignInChromeTests.Dont  Time elapsed: 7.152 s  <<< FAILURE!
org.testng.TestNGException: 

Parameter 'SignIn_page' is required by @Test on method Dont but has not been marked @Optional or defined
in D:\jenkins-agent-data\workspace\pixelPerfectMultiPlatform_AI_Mood_St1\testngMasterStage1.xml

tests.SignIn.SignInChromeTests.allPageSignInPage  Time elapsed: 7.152 s  <<< FAILURE!
org.testng.TestNGException: 

Parameter 'SignIn_page' is required by @Test on method allPageSignInPage but has not been marked @Optional or defined
in D:\jenkins-agent-data\workspace\pixelPerfectMultiPlatform_AI_Mood_St1\testngMasterStage1.xml

tests.SignIn.SignInChromeTests.allFooterMainPage  Time elapsed: 7.152 s  <<< FAILURE!
org.testng.TestNGException: 

Parameter 'SignIn_page' is required by @Test on method allFooterMainPage but has not been marked @Optional or defined
in D:\jenkins-agent-data\workspace\pixelPerfectMultiPlatform_AI_Mood_St1\testngMasterStage1.xml

tests.SignIn.SignInChromeTests.tearDown  Time elapsed: 7.153 s  <<< FAILURE!
java.lang.NullPointerException

tests.SignUp.SignUpFirefoxTests.allHeaderSignUpPage  Time elapsed: 7.153 s  <<< FAILURE!
org.testng.TestNGException: 

Parameter 'SignUp_page' is required by @Test on method allHeaderSignUpPage but has not been marked @Optional or defined
in D:\jenkins-agent-data\workspace\pixelPerfectMultiPlatform_AI_Mood_St1\testngMasterStage1.xml

tests.SignUp.SignUpFirefoxTests.mainBlockWhitePaperPage  Time elapsed: 7.154 s  <<< FAILURE!
org.testng.TestNGException: 

Parameter 'SignUp_page' is required by @Test on method mainBlockWhitePaperPage but has not been marked @Optional or defined
in D:\jenkins-agent-data\workspace\pixelPerfectMultiPlatform_AI_Mood_St1\testngMasterStage1.xml

tests.SignUp.SignUpFirefoxTests.Already  Time elapsed: 7.154 s  <<< FAILURE!
org.testng.TestNGException: 

Parameter 'SignUp_page' is required by @Test on method Already but has not been marked @Optional or defined
in D:\jenkins-agent-data\workspace\pixelPerfectMultiPlatform_AI_Mood_St1\testngMasterStage1.xml

tests.SignUp.SignUpFirefoxTests.allPageSignUpPage  Time elapsed: 7.155 s  <<< FAILURE!
org.testng.TestNGException: 

Parameter 'SignUp_page' is required by @Test on method allPageSignUpPage but has not been marked @Optional or defined
in D:\jenkins-agent-data\workspace\pixelPerfectMultiPlatform_AI_Mood_St1\testngMasterStage1.xml

tests.SignUp.SignUpFirefoxTests.allFooterSignUp  Time elapsed: 7.155 s  <<< FAILURE!
org.testng.TestNGException: 

Parameter 'SignUp_page' is required by @Test on method allFooterSignUp but has not been marked @Optional or defined
in D:\jenkins-agent-data\workspace\pixelPerfectMultiPlatform_AI_Mood_St1\testngMasterStage1.xml

tests.SignUp.SignUpFirefoxTests.tearDown  Time elapsed: 7.156 s  <<< FAILURE!
java.lang.NullPointerException

tests.SignUp.SignUpChromeTests.allHeaderSignUpPage  Time elapsed: 7.156 s  <<< FAILURE!
org.testng.TestNGException: 

Parameter 'SignUp_page' is required by @Test on method allHeaderSignUpPage but has not been marked @Optional or defined
in D:\jenkins-agent-data\workspace\pixelPerfectMultiPlatform_AI_Mood_St1\testngMasterStage1.xml

tests.SignUp.SignUpChromeTests.mainBlockWhitePaperPage  Time elapsed: 7.156 s  <<< FAILURE!
org.testng.TestNGException: 

Parameter 'SignUp_page' is required by @Test on method mainBlockWhitePaperPage but has not been marked @Optional or defined
in D:\jenkins-agent-data\workspace\pixelPerfectMultiPlatform_AI_Mood_St1\testngMasterStage1.xml

tests.SignUp.SignUpChromeTests.Already  Time elapsed: 7.157 s  <<< FAILURE!
org.testng.TestNGException: 

Parameter 'SignUp_page' is required by @Test on method Already but has not been marked @Optional or defined
in D:\jenkins-agent-data\workspace\pixelPerfectMultiPlatform_AI_Mood_St1\testngMasterStage1.xml

tests.SignUp.SignUpChromeTests.allPageSignUpPage  Time elapsed: 7.157 s  <<< FAILURE!
org.testng.TestNGException: 

Parameter 'SignUp_page' is required by @Test on method allPageSignUpPage but has not been marked @Optional or defined
in D:\jenkins-agent-data\workspace\pixelPerfectMultiPlatform_AI_Mood_St1\testngMasterStage1.xml

tests.SignUp.SignUpChromeTests.allFooterSignUp  Time elapsed: 7.158 s  <<< FAILURE!
org.testng.TestNGException: 

Parameter 'SignUp_page' is required by @Test on method allFooterSignUp but has not been marked @Optional or defined
in D:\jenkins-agent-data\workspace\pixelPerfectMultiPlatform_AI_Mood_St1\testngMasterStage1.xml

tests.SignUp.SignUpChromeTests.tearDown  Time elapsed: 7.158 s  <<< FAILURE!
java.lang.NullPointerException

tests.accountSettingsPageTests.AllPageChromeTests.mainSectionAccountSettingsPage[https://aimood-stage1.intary.net/en/account/settings, Screenshots_St1/](1)  Time elapsed: 7.138 s  <<< FAILURE!
java.lang.AssertionError: *** Images are not similar *** expected [true] but found [false]
	at tests.accountSettingsPageTests.AllPageChromeTests.mainSectionAccountSettingsPage(AllPageChromeTests.java:179)

tests.accountFundPageTests.AllPageFirefoxTests.mainSectionAccountFundPage[https://aimood-stage1.intary.net/en/account/fund, Screenshots_St1/](1)  Time elapsed: 6.77 s  <<< FAILURE!
java.lang.AssertionError: *** Images are not similar *** expected [true] but found [false]
	at tests.accountFundPageTests.AllPageFirefoxTests.mainSectionAccountFundPage(AllPageFirefoxTests.java:177)

tests.accountFundPageTests.AllPageChromeTests.mainSectionAccountFundPage[https://aimood-stage1.intary.net/en/account/fund, Screenshots_St1/](1)  Time elapsed: 7.058 s  <<< FAILURE!
java.lang.AssertionError: *** Images are not similar *** expected [true] but found [false]
	at tests.accountFundPageTests.AllPageChromeTests.mainSectionAccountFundPage(AllPageChromeTests.java:177)

tests.accountDashboardPageTests.AllPageFirefoxTests.mainSectionAccountDashboardPage[https://aimood-stage1.intary.net/en/account/dashboard, Screenshots_St1/](1)  Time elapsed: 6.873 s  <<< FAILURE!
java.lang.AssertionError: *** Images are not similar *** expected [true] but found [false]
	at tests.accountDashboardPageTests.AllPageFirefoxTests.mainSectionAccountDashboardPage(AllPageFirefoxTests.java:177)

tests.accountDashboardPageTests.AllPageChromeTests.mainSectionAccountDashboardPage[https://aimood-stage1.intary.net/en/account/dashboard, Screenshots_St1/](1)  Time elapsed: 6.986 s  <<< FAILURE!
java.lang.AssertionError: *** Images are not similar *** expected [true] but found [false]
	at tests.accountDashboardPageTests.AllPageChromeTests.mainSectionAccountDashboardPage(AllPageChromeTests.java:177)

tests.accountAffiliateProgramPageTests.AllPageFirefoxTests.mainSectionAccountAffiliateProgramPage[https://aimood-stage1.intary.net/en/account/affiliate-program, Screenshots_St1/](1)  Time elapsed: 6.596 s  <<< FAILURE!
java.lang.AssertionError: *** Images are not similar *** expected [true] but found [false]
	at tests.accountAffiliateProgramPageTests.AllPageFirefoxTests.mainSectionAccountAffiliateProgramPage(AllPageFirefoxTests.java:179)

tests.accountAffiliateProgramPageTests.AllPageChromeTests.allFooterAccountAffiliateProgramPage[https://aimood-stage1.intary.net/en/account/affiliate-program, Screenshots_St1/](1)  Time elapsed: 6.615 s  <<< FAILURE!
java.lang.AssertionError: *** Images are not similar *** expected [true] but found [false]
	at tests.accountAffiliateProgramPageTests.AllPageChromeTests.allFooterAccountAffiliateProgramPage(AllPageChromeTests.java:204)

