-------------------------------------------------------------------------------
Test set: TestSuite
-------------------------------------------------------------------------------
Tests run: 27, Failures: 9, Errors: 0, Skipped: 18, Time elapsed: 196.069 s <<< FAILURE! - in TestSuite
tests.whitePaper.WhitePaperChromeTests.allHeaderWhitePaperPage[https://aimood-stage2.intary.net/en/white-paper, Screenshots_St1/](3)  Time elapsed: 21.686 s  <<< FAILURE!
java.lang.AssertionError: *** Images are not similar *** expected [true] but found [false]
	at tests.whitePaper.WhitePaperChromeTests.allHeaderWhitePaperPage(WhitePaperChromeTests.java:26)

tests.whitePaper.WhitePaperChromeTests.getStartedHeaderWhitePaperPage[https://aimood-stage2.intary.net/en/white-paper, Screenshots_St1/](3)  Time elapsed: 5.732 s  <<< FAILURE!
java.lang.AssertionError: *** Images are not similar *** expected [true] but found [false]
	at tests.whitePaper.WhitePaperChromeTests.getStartedHeaderWhitePaperPage(WhitePaperChromeTests.java:43)

tests.whitePaper.WhitePaperChromeTests.marketPlaceHeaderWhitePaperPage[https://aimood-stage2.intary.net/en/white-paper, Screenshots_St1/](3)  Time elapsed: 5.7 s  <<< FAILURE!
java.lang.AssertionError: *** Images are not similar *** expected [true] but found [false]
	at tests.whitePaper.WhitePaperChromeTests.marketPlaceHeaderWhitePaperPage(WhitePaperChromeTests.java:80)

tests.whitePaper.WhitePaperChromeTests.whitePaperHeaderWhitePaperPage[https://aimood-stage2.intary.net/en/white-paper, Screenshots_St1/](3)  Time elapsed: 5.703 s  <<< FAILURE!
java.lang.AssertionError: *** Images are not similar *** expected [true] but found [false]
	at tests.whitePaper.WhitePaperChromeTests.whitePaperHeaderWhitePaperPage(WhitePaperChromeTests.java:98)

tests.whitePaper.WhitePaperChromeTests.learnHeaderWhitePaperPage[https://aimood-stage2.intary.net/en/white-paper, Screenshots_St1/](3)  Time elapsed: 5.716 s  <<< FAILURE!
java.lang.AssertionError: *** Images are not similar *** expected [true] but found [false]
	at tests.whitePaper.WhitePaperChromeTests.learnHeaderWhitePaperPage(WhitePaperChromeTests.java:62)

tests.whitePaper.WhitePaperChromeTests.resourcesHeaderWhitePaperPage[https://aimood-stage2.intary.net/en/white-paper, Screenshots_St1/](3)  Time elapsed: 5.7 s  <<< FAILURE!
java.lang.AssertionError: *** Images are not similar *** expected [true] but found [false]
	at tests.whitePaper.WhitePaperChromeTests.resourcesHeaderWhitePaperPage(WhitePaperChromeTests.java:117)

tests.whitePaper.WhitePaperChromeTests.mainBlockWhitePaperPage[https://aimood-stage2.intary.net/en/white-paper, Screenshots_St1/](3)  Time elapsed: 5.85 s  <<< FAILURE!
java.lang.AssertionError: *** Images are not similar *** expected [true] but found [false]
	at tests.whitePaper.WhitePaperChromeTests.mainBlockWhitePaperPage(WhitePaperChromeTests.java:135)

tests.whitePaper.WhitePaperChromeTests.EweuimtPage[https://aimood-stage2.intary.net/en/white-paper, Screenshots_St1/](3)  Time elapsed: 6.394 s  <<< FAILURE!
java.lang.AssertionError: *** Images are not similar *** expected [true] but found [false]
	at tests.whitePaper.WhitePaperChromeTests.EweuimtPage(WhitePaperChromeTests.java:154)

tests.whitePaper.WhitePaperChromeTests.allFooterWhitePaperPage[https://aimood-stage2.intary.net/en/white-paper, Screenshots_St1/](3)  Time elapsed: 5.893 s  <<< FAILURE!
java.lang.AssertionError: *** Images are not similar *** expected [true] but found [false]
	at tests.whitePaper.WhitePaperChromeTests.allFooterWhitePaperPage(WhitePaperChromeTests.java:173)

