-------------------------------------------------------------------------------
Test set: TestSuite
-------------------------------------------------------------------------------
Tests run: 25, Failures: 1, Errors: 0, Skipped: 3, Time elapsed: 171.242 s <<< FAILURE! - in TestSuite
tests.stakingPageTests.AllPageChromeTests.calcStakSectionStakingPage[https://ai-mood.com/en/stake-delegate, Screenshots/](3)  Time elapsed: 8.561 s  <<< FAILURE!
java.lang.AssertionError: *** Images are not similar *** expected [true] but found [false]
	at tests.stakingPageTests.AllPageChromeTests.calcStakSectionStakingPage(AllPageChromeTests.java:166)

