<?xml version="1.0" encoding="UTF-8"?>
<testng-results ignored="0" total="18" passed="18" failed="0" skipped="0">
  <reporter-output>
  </reporter-output>
  <suite started-at="2023-08-25T00:31:08 EEST" name="WPT" finished-at="2023-08-25T00:32:46 EEST" duration-ms="97990">
    <groups>
    </groups>
    <test started-at="2023-08-25T00:31:08 EEST" name="ai-mood - Pixel perfect regression" finished-at="2023-08-25T00:32:46 EEST" duration-ms="97990">
      <class name="tests.fundPageTests.AllPageFirefoxTests">
        <test-method is-config="true" signature="setUp()[pri:0, instance:tests.fundPageTests.AllPageFirefoxTests@53fdffa1]" started-at="2023-08-25T00:31:08 EEST" name="setUp" finished-at="2023-08-25T00:31:12 EEST" duration-ms="4045" status="PASS">
          <reporter-output>
          </reporter-output>
        </test-method> <!-- setUp -->
        <test-method signature="allHeaderFundPage(java.lang.String,java.lang.String)[pri:1, instance:tests.fundPageTests.AllPageFirefoxTests@53fdffa1]" started-at="2023-08-25T00:31:12 EEST" name="allHeaderFundPage" finished-at="2023-08-25T00:31:20 EEST" duration-ms="7775" status="PASS">
          <params>
            <param index="0">
              <value>
                <![CDATA[https://ai-mood.com/en/fund]]>
              </value>
            </param>
            <param index="1">
              <value>
                <![CDATA[Screenshots/]]>
              </value>
            </param>
          </params>
          <reporter-output>
          </reporter-output>
        </test-method> <!-- allHeaderFundPage -->
        <test-method signature="getStartedHeaderFundPage(java.lang.String,java.lang.String)[pri:2, instance:tests.fundPageTests.AllPageFirefoxTests@53fdffa1]" started-at="2023-08-25T00:31:20 EEST" name="getStartedHeaderFundPage" finished-at="2023-08-25T00:31:24 EEST" duration-ms="4135" status="PASS">
          <params>
            <param index="0">
              <value>
                <![CDATA[https://ai-mood.com/en/fund]]>
              </value>
            </param>
            <param index="1">
              <value>
                <![CDATA[Screenshots/]]>
              </value>
            </param>
          </params>
          <reporter-output>
          </reporter-output>
        </test-method> <!-- getStartedHeaderFundPage -->
        <test-method is-config="true" signature="setUp()[pri:0, instance:tests.fundPageTests.AllPageFirefoxTests@53fdffa1]" started-at="2023-08-25T00:31:20 EEST" name="setUp" finished-at="2023-08-25T00:31:20 EEST" duration-ms="0" status="PASS">
          <reporter-output>
          </reporter-output>
        </test-method> <!-- setUp -->
        <test-method is-config="true" signature="setUp()[pri:0, instance:tests.fundPageTests.AllPageFirefoxTests@53fdffa1]" started-at="2023-08-25T00:31:24 EEST" name="setUp" finished-at="2023-08-25T00:31:24 EEST" duration-ms="0" status="PASS">
          <reporter-output>
          </reporter-output>
        </test-method> <!-- setUp -->
        <test-method signature="learnHeaderFundPage(java.lang.String,java.lang.String)[pri:3, instance:tests.fundPageTests.AllPageFirefoxTests@53fdffa1]" started-at="2023-08-25T00:31:24 EEST" name="learnHeaderFundPage" finished-at="2023-08-25T00:31:28 EEST" duration-ms="4083" status="PASS">
          <params>
            <param index="0">
              <value>
                <![CDATA[https://ai-mood.com/en/fund]]>
              </value>
            </param>
            <param index="1">
              <value>
                <![CDATA[Screenshots/]]>
              </value>
            </param>
          </params>
          <reporter-output>
          </reporter-output>
        </test-method> <!-- learnHeaderFundPage -->
        <test-method is-config="true" signature="setUp()[pri:0, instance:tests.fundPageTests.AllPageFirefoxTests@53fdffa1]" started-at="2023-08-25T00:31:28 EEST" name="setUp" finished-at="2023-08-25T00:31:28 EEST" duration-ms="0" status="PASS">
          <reporter-output>
          </reporter-output>
        </test-method> <!-- setUp -->
        <test-method signature="resourcesHeaderFundPage(java.lang.String,java.lang.String)[pri:4, instance:tests.fundPageTests.AllPageFirefoxTests@53fdffa1]" started-at="2023-08-25T00:31:28 EEST" name="resourcesHeaderFundPage" finished-at="2023-08-25T00:31:33 EEST" duration-ms="4140" status="PASS">
          <params>
            <param index="0">
              <value>
                <![CDATA[https://ai-mood.com/en/fund]]>
              </value>
            </param>
            <param index="1">
              <value>
                <![CDATA[Screenshots/]]>
              </value>
            </param>
          </params>
          <reporter-output>
          </reporter-output>
        </test-method> <!-- resourcesHeaderFundPage -->
        <test-method signature="mainSectionFundPage(java.lang.String,java.lang.String)[pri:6, instance:tests.fundPageTests.AllPageFirefoxTests@53fdffa1]" started-at="2023-08-25T00:31:33 EEST" name="mainSectionFundPage" finished-at="2023-08-25T00:31:39 EEST" duration-ms="5905" status="PASS">
          <params>
            <param index="0">
              <value>
                <![CDATA[https://ai-mood.com/en/fund]]>
              </value>
            </param>
            <param index="1">
              <value>
                <![CDATA[Screenshots/]]>
              </value>
            </param>
          </params>
          <reporter-output>
          </reporter-output>
        </test-method> <!-- mainSectionFundPage -->
        <test-method is-config="true" signature="setUp()[pri:0, instance:tests.fundPageTests.AllPageFirefoxTests@53fdffa1]" started-at="2023-08-25T00:31:33 EEST" name="setUp" finished-at="2023-08-25T00:31:33 EEST" duration-ms="0" status="PASS">
          <reporter-output>
          </reporter-output>
        </test-method> <!-- setUp -->
        <test-method signature="allFooterFundPage(java.lang.String,java.lang.String)[pri:7, instance:tests.fundPageTests.AllPageFirefoxTests@53fdffa1]" started-at="2023-08-25T00:31:39 EEST" name="allFooterFundPage" finished-at="2023-08-25T00:31:44 EEST" duration-ms="4994" status="PASS">
          <params>
            <param index="0">
              <value>
                <![CDATA[https://ai-mood.com/en/fund]]>
              </value>
            </param>
            <param index="1">
              <value>
                <![CDATA[Screenshots/]]>
              </value>
            </param>
          </params>
          <reporter-output>
          </reporter-output>
        </test-method> <!-- allFooterFundPage -->
        <test-method is-config="true" signature="setUp()[pri:0, instance:tests.fundPageTests.AllPageFirefoxTests@53fdffa1]" started-at="2023-08-25T00:31:39 EEST" name="setUp" finished-at="2023-08-25T00:31:39 EEST" duration-ms="0" status="PASS">
          <reporter-output>
          </reporter-output>
        </test-method> <!-- setUp -->
        <test-method is-config="true" signature="setUp()[pri:0, instance:tests.fundPageTests.AllPageFirefoxTests@53fdffa1]" started-at="2023-08-25T00:31:44 EEST" name="setUp" finished-at="2023-08-25T00:31:44 EEST" duration-ms="1" status="PASS">
          <reporter-output>
          </reporter-output>
        </test-method> <!-- setUp -->
        <test-method signature="partnFooterFundPage(java.lang.String,java.lang.String)[pri:8, instance:tests.fundPageTests.AllPageFirefoxTests@53fdffa1]" started-at="2023-08-25T00:31:44 EEST" name="partnFooterFundPage" finished-at="2023-08-25T00:31:48 EEST" duration-ms="4858" status="PASS">
          <params>
            <param index="0">
              <value>
                <![CDATA[https://ai-mood.com/en/fund]]>
              </value>
            </param>
            <param index="1">
              <value>
                <![CDATA[Screenshots/]]>
              </value>
            </param>
          </params>
          <reporter-output>
          </reporter-output>
        </test-method> <!-- partnFooterFundPage -->
        <test-method is-config="true" signature="setUp()[pri:0, instance:tests.fundPageTests.AllPageFirefoxTests@53fdffa1]" started-at="2023-08-25T00:31:48 EEST" name="setUp" finished-at="2023-08-25T00:31:48 EEST" duration-ms="0" status="PASS">
          <reporter-output>
          </reporter-output>
        </test-method> <!-- setUp -->
        <test-method signature="subFooterFundPage(java.lang.String,java.lang.String)[pri:9, instance:tests.fundPageTests.AllPageFirefoxTests@53fdffa1]" started-at="2023-08-25T00:31:48 EEST" name="subFooterFundPage" finished-at="2023-08-25T00:31:53 EEST" duration-ms="4893" status="PASS">
          <params>
            <param index="0">
              <value>
                <![CDATA[https://ai-mood.com/en/fund]]>
              </value>
            </param>
            <param index="1">
              <value>
                <![CDATA[Screenshots/]]>
              </value>
            </param>
          </params>
          <reporter-output>
          </reporter-output>
        </test-method> <!-- subFooterFundPage -->
        <test-method is-config="true" signature="setUp()[pri:0, instance:tests.fundPageTests.AllPageFirefoxTests@53fdffa1]" started-at="2023-08-25T00:31:53 EEST" name="setUp" finished-at="2023-08-25T00:31:53 EEST" duration-ms="0" status="PASS">
          <reporter-output>
          </reporter-output>
        </test-method> <!-- setUp -->
        <test-method signature="copFooterFundPage(java.lang.String,java.lang.String)[pri:10, instance:tests.fundPageTests.AllPageFirefoxTests@53fdffa1]" started-at="2023-08-25T00:31:53 EEST" name="copFooterFundPage" finished-at="2023-08-25T00:31:57 EEST" duration-ms="3991" status="PASS">
          <params>
            <param index="0">
              <value>
                <![CDATA[https://ai-mood.com/en/fund]]>
              </value>
            </param>
            <param index="1">
              <value>
                <![CDATA[Screenshots/]]>
              </value>
            </param>
          </params>
          <reporter-output>
          </reporter-output>
        </test-method> <!-- copFooterFundPage -->
        <test-method is-config="true" signature="tearDown()[pri:0, instance:tests.fundPageTests.AllPageFirefoxTests@53fdffa1]" started-at="2023-08-25T00:31:57 EEST" name="tearDown" finished-at="2023-08-25T00:31:59 EEST" duration-ms="1325" status="PASS">
          <reporter-output>
          </reporter-output>
        </test-method> <!-- tearDown -->
      </class> <!-- tests.fundPageTests.AllPageFirefoxTests -->
      <class name="tests.fundPageTests.AllPageChromeTests">
        <test-method is-config="true" signature="setUp()[pri:0, instance:tests.fundPageTests.AllPageChromeTests@d5b810e]" started-at="2023-08-25T00:31:59 EEST" name="setUp" finished-at="2023-08-25T00:32:00 EEST" duration-ms="1107" status="PASS">
          <reporter-output>
          </reporter-output>
        </test-method> <!-- setUp -->
        <test-method signature="allHeaderFundPage(java.lang.String,java.lang.String)[pri:1, instance:tests.fundPageTests.AllPageChromeTests@d5b810e]" started-at="2023-08-25T00:32:00 EEST" name="allHeaderFundPage" finished-at="2023-08-25T00:32:07 EEST" duration-ms="6979" status="PASS">
          <params>
            <param index="0">
              <value>
                <![CDATA[https://ai-mood.com/en/fund]]>
              </value>
            </param>
            <param index="1">
              <value>
                <![CDATA[Screenshots/]]>
              </value>
            </param>
          </params>
          <reporter-output>
          </reporter-output>
        </test-method> <!-- allHeaderFundPage -->
        <test-method is-config="true" signature="setUp()[pri:0, instance:tests.fundPageTests.AllPageChromeTests@d5b810e]" started-at="2023-08-25T00:32:07 EEST" name="setUp" finished-at="2023-08-25T00:32:07 EEST" duration-ms="0" status="PASS">
          <reporter-output>
          </reporter-output>
        </test-method> <!-- setUp -->
        <test-method signature="getStartedHeaderFundPage(java.lang.String,java.lang.String)[pri:2, instance:tests.fundPageTests.AllPageChromeTests@d5b810e]" started-at="2023-08-25T00:32:07 EEST" name="getStartedHeaderFundPage" finished-at="2023-08-25T00:32:11 EEST" duration-ms="4366" status="PASS">
          <params>
            <param index="0">
              <value>
                <![CDATA[https://ai-mood.com/en/fund]]>
              </value>
            </param>
            <param index="1">
              <value>
                <![CDATA[Screenshots/]]>
              </value>
            </param>
          </params>
          <reporter-output>
          </reporter-output>
        </test-method> <!-- getStartedHeaderFundPage -->
        <test-method signature="learnHeaderFundPage(java.lang.String,java.lang.String)[pri:3, instance:tests.fundPageTests.AllPageChromeTests@d5b810e]" started-at="2023-08-25T00:32:11 EEST" name="learnHeaderFundPage" finished-at="2023-08-25T00:32:15 EEST" duration-ms="4320" status="PASS">
          <params>
            <param index="0">
              <value>
                <![CDATA[https://ai-mood.com/en/fund]]>
              </value>
            </param>
            <param index="1">
              <value>
                <![CDATA[Screenshots/]]>
              </value>
            </param>
          </params>
          <reporter-output>
          </reporter-output>
        </test-method> <!-- learnHeaderFundPage -->
        <test-method is-config="true" signature="setUp()[pri:0, instance:tests.fundPageTests.AllPageChromeTests@d5b810e]" started-at="2023-08-25T00:32:11 EEST" name="setUp" finished-at="2023-08-25T00:32:11 EEST" duration-ms="0" status="PASS">
          <reporter-output>
          </reporter-output>
        </test-method> <!-- setUp -->
        <test-method is-config="true" signature="setUp()[pri:0, instance:tests.fundPageTests.AllPageChromeTests@d5b810e]" started-at="2023-08-25T00:32:15 EEST" name="setUp" finished-at="2023-08-25T00:32:15 EEST" duration-ms="0" status="PASS">
          <reporter-output>
          </reporter-output>
        </test-method> <!-- setUp -->
        <test-method signature="resourcesHeaderFundPage(java.lang.String,java.lang.String)[pri:4, instance:tests.fundPageTests.AllPageChromeTests@d5b810e]" started-at="2023-08-25T00:32:15 EEST" name="resourcesHeaderFundPage" finished-at="2023-08-25T00:32:20 EEST" duration-ms="4493" status="PASS">
          <params>
            <param index="0">
              <value>
                <![CDATA[https://ai-mood.com/en/fund]]>
              </value>
            </param>
            <param index="1">
              <value>
                <![CDATA[Screenshots/]]>
              </value>
            </param>
          </params>
          <reporter-output>
          </reporter-output>
        </test-method> <!-- resourcesHeaderFundPage -->
        <test-method is-config="true" signature="setUp()[pri:0, instance:tests.fundPageTests.AllPageChromeTests@d5b810e]" started-at="2023-08-25T00:32:20 EEST" name="setUp" finished-at="2023-08-25T00:32:20 EEST" duration-ms="0" status="PASS">
          <reporter-output>
          </reporter-output>
        </test-method> <!-- setUp -->
        <test-method signature="mainSectionFundPage(java.lang.String,java.lang.String)[pri:6, instance:tests.fundPageTests.AllPageChromeTests@d5b810e]" started-at="2023-08-25T00:32:20 EEST" name="mainSectionFundPage" finished-at="2023-08-25T00:32:26 EEST" duration-ms="6200" status="PASS">
          <params>
            <param index="0">
              <value>
                <![CDATA[https://ai-mood.com/en/fund]]>
              </value>
            </param>
            <param index="1">
              <value>
                <![CDATA[Screenshots/]]>
              </value>
            </param>
          </params>
          <reporter-output>
          </reporter-output>
        </test-method> <!-- mainSectionFundPage -->
        <test-method signature="allFooterFundPage(java.lang.String,java.lang.String)[pri:7, instance:tests.fundPageTests.AllPageChromeTests@d5b810e]" started-at="2023-08-25T00:32:26 EEST" name="allFooterFundPage" finished-at="2023-08-25T00:32:31 EEST" duration-ms="5269" status="PASS">
          <params>
            <param index="0">
              <value>
                <![CDATA[https://ai-mood.com/en/fund]]>
              </value>
            </param>
            <param index="1">
              <value>
                <![CDATA[Screenshots/]]>
              </value>
            </param>
          </params>
          <reporter-output>
          </reporter-output>
        </test-method> <!-- allFooterFundPage -->
        <test-method is-config="true" signature="setUp()[pri:0, instance:tests.fundPageTests.AllPageChromeTests@d5b810e]" started-at="2023-08-25T00:32:26 EEST" name="setUp" finished-at="2023-08-25T00:32:26 EEST" duration-ms="0" status="PASS">
          <reporter-output>
          </reporter-output>
        </test-method> <!-- setUp -->
        <test-method is-config="true" signature="setUp()[pri:0, instance:tests.fundPageTests.AllPageChromeTests@d5b810e]" started-at="2023-08-25T00:32:31 EEST" name="setUp" finished-at="2023-08-25T00:32:31 EEST" duration-ms="0" status="PASS">
          <reporter-output>
          </reporter-output>
        </test-method> <!-- setUp -->
        <test-method signature="partnFooterFundPage(java.lang.String,java.lang.String)[pri:8, instance:tests.fundPageTests.AllPageChromeTests@d5b810e]" started-at="2023-08-25T00:32:31 EEST" name="partnFooterFundPage" finished-at="2023-08-25T00:32:36 EEST" duration-ms="5122" status="PASS">
          <params>
            <param index="0">
              <value>
                <![CDATA[https://ai-mood.com/en/fund]]>
              </value>
            </param>
            <param index="1">
              <value>
                <![CDATA[Screenshots/]]>
              </value>
            </param>
          </params>
          <reporter-output>
          </reporter-output>
        </test-method> <!-- partnFooterFundPage -->
        <test-method signature="subFooterFundPage(java.lang.String,java.lang.String)[pri:9, instance:tests.fundPageTests.AllPageChromeTests@d5b810e]" started-at="2023-08-25T00:32:36 EEST" name="subFooterFundPage" finished-at="2023-08-25T00:32:42 EEST" duration-ms="5122" status="PASS">
          <params>
            <param index="0">
              <value>
                <![CDATA[https://ai-mood.com/en/fund]]>
              </value>
            </param>
            <param index="1">
              <value>
                <![CDATA[Screenshots/]]>
              </value>
            </param>
          </params>
          <reporter-output>
          </reporter-output>
        </test-method> <!-- subFooterFundPage -->
        <test-method is-config="true" signature="setUp()[pri:0, instance:tests.fundPageTests.AllPageChromeTests@d5b810e]" started-at="2023-08-25T00:32:36 EEST" name="setUp" finished-at="2023-08-25T00:32:36 EEST" duration-ms="0" status="PASS">
          <reporter-output>
          </reporter-output>
        </test-method> <!-- setUp -->
        <test-method is-config="true" signature="setUp()[pri:0, instance:tests.fundPageTests.AllPageChromeTests@d5b810e]" started-at="2023-08-25T00:32:42 EEST" name="setUp" finished-at="2023-08-25T00:32:42 EEST" duration-ms="0" status="PASS">
          <reporter-output>
          </reporter-output>
        </test-method> <!-- setUp -->
        <test-method signature="copFooterFundPage(java.lang.String,java.lang.String)[pri:10, instance:tests.fundPageTests.AllPageChromeTests@d5b810e]" started-at="2023-08-25T00:32:42 EEST" name="copFooterFundPage" finished-at="2023-08-25T00:32:46 EEST" duration-ms="4171" status="PASS">
          <params>
            <param index="0">
              <value>
                <![CDATA[https://ai-mood.com/en/fund]]>
              </value>
            </param>
            <param index="1">
              <value>
                <![CDATA[Screenshots/]]>
              </value>
            </param>
          </params>
          <reporter-output>
          </reporter-output>
        </test-method> <!-- copFooterFundPage -->
        <test-method is-config="true" signature="tearDown()[pri:0, instance:tests.fundPageTests.AllPageChromeTests@d5b810e]" started-at="2023-08-25T00:32:46 EEST" name="tearDown" finished-at="2023-08-25T00:32:46 EEST" duration-ms="640" status="PASS">
          <reporter-output>
          </reporter-output>
        </test-method> <!-- tearDown -->
      </class> <!-- tests.fundPageTests.AllPageChromeTests -->
    </test> <!-- ai-mood - Pixel perfect regression -->
  </suite> <!-- WPT -->
</testng-results>
