<?xml version="1.0" encoding="UTF-8"?>
<testng-results ignored="0" total="9" passed="9" failed="0" skipped="0">
  <reporter-output>
  </reporter-output>
  <suite started-at="2023-09-06T15:19:06 EEST" name="WPT" finished-at="2023-09-06T15:20:09 EEST" duration-ms="62808">
    <groups>
    </groups>
    <test started-at="2023-09-06T15:19:06 EEST" name="ai-mood - Pixel perfect regression" finished-at="2023-09-06T15:20:09 EEST" duration-ms="62808">
      <class name="tests.whitePaper.WhitePaperChromeTests">
        <test-method is-config="true" signature="setUp()[pri:0, instance:tests.whitePaper.WhitePaperChromeTests@5e600dd5]" started-at="2023-09-06T15:19:06 EEST" name="setUp" finished-at="2023-09-06T15:19:09 EEST" duration-ms="2518" status="PASS">
          <reporter-output>
          </reporter-output>
        </test-method> <!-- setUp -->
        <test-method signature="allHeaderWhitePaperPage(java.lang.String,java.lang.String)[pri:1, instance:tests.whitePaper.WhitePaperChromeTests@5e600dd5]" started-at="2023-09-06T15:19:09 EEST" name="allHeaderWhitePaperPage" finished-at="2023-09-06T15:19:18 EEST" duration-ms="9044" status="PASS">
          <params>
            <param index="0">
              <value>
                <![CDATA[https://aimood-stage2.intary.net/en/white-paper]]>
              </value>
            </param>
            <param index="1">
              <value>
                <![CDATA[Screenshots_St1/]]>
              </value>
            </param>
          </params>
          <reporter-output>
          </reporter-output>
        </test-method> <!-- allHeaderWhitePaperPage -->
        <test-method signature="getStartedHeaderWhitePaperPage(java.lang.String,java.lang.String)[pri:2, instance:tests.whitePaper.WhitePaperChromeTests@5e600dd5]" started-at="2023-09-06T15:19:18 EEST" name="getStartedHeaderWhitePaperPage" finished-at="2023-09-06T15:19:24 EEST" duration-ms="6365" status="PASS">
          <params>
            <param index="0">
              <value>
                <![CDATA[https://aimood-stage2.intary.net/en/white-paper]]>
              </value>
            </param>
            <param index="1">
              <value>
                <![CDATA[Screenshots_St1/]]>
              </value>
            </param>
          </params>
          <reporter-output>
          </reporter-output>
        </test-method> <!-- getStartedHeaderWhitePaperPage -->
        <test-method is-config="true" signature="setUp()[pri:0, instance:tests.whitePaper.WhitePaperChromeTests@5e600dd5]" started-at="2023-09-06T15:19:18 EEST" name="setUp" finished-at="2023-09-06T15:19:18 EEST" duration-ms="0" status="PASS">
          <reporter-output>
          </reporter-output>
        </test-method> <!-- setUp -->
        <test-method is-config="true" signature="setUp()[pri:0, instance:tests.whitePaper.WhitePaperChromeTests@5e600dd5]" started-at="2023-09-06T15:19:24 EEST" name="setUp" finished-at="2023-09-06T15:19:24 EEST" duration-ms="1" status="PASS">
          <reporter-output>
          </reporter-output>
        </test-method> <!-- setUp -->
        <test-method signature="marketPlaceHeaderWhitePaperPage(java.lang.String,java.lang.String)[pri:2, instance:tests.whitePaper.WhitePaperChromeTests@5e600dd5]" started-at="2023-09-06T15:19:24 EEST" name="marketPlaceHeaderWhitePaperPage" finished-at="2023-09-06T15:19:30 EEST" duration-ms="6257" status="PASS">
          <params>
            <param index="0">
              <value>
                <![CDATA[https://aimood-stage2.intary.net/en/white-paper]]>
              </value>
            </param>
            <param index="1">
              <value>
                <![CDATA[Screenshots_St1/]]>
              </value>
            </param>
          </params>
          <reporter-output>
          </reporter-output>
        </test-method> <!-- marketPlaceHeaderWhitePaperPage -->
        <test-method signature="whitePaperHeaderWhitePaperPage(java.lang.String,java.lang.String)[pri:2, instance:tests.whitePaper.WhitePaperChromeTests@5e600dd5]" started-at="2023-09-06T15:19:30 EEST" name="whitePaperHeaderWhitePaperPage" finished-at="2023-09-06T15:19:37 EEST" duration-ms="6244" status="PASS">
          <params>
            <param index="0">
              <value>
                <![CDATA[https://aimood-stage2.intary.net/en/white-paper]]>
              </value>
            </param>
            <param index="1">
              <value>
                <![CDATA[Screenshots_St1/]]>
              </value>
            </param>
          </params>
          <reporter-output>
          </reporter-output>
        </test-method> <!-- whitePaperHeaderWhitePaperPage -->
        <test-method is-config="true" signature="setUp()[pri:0, instance:tests.whitePaper.WhitePaperChromeTests@5e600dd5]" started-at="2023-09-06T15:19:30 EEST" name="setUp" finished-at="2023-09-06T15:19:30 EEST" duration-ms="0" status="PASS">
          <reporter-output>
          </reporter-output>
        </test-method> <!-- setUp -->
        <test-method signature="learnHeaderWhitePaperPage(java.lang.String,java.lang.String)[pri:3, instance:tests.whitePaper.WhitePaperChromeTests@5e600dd5]" started-at="2023-09-06T15:19:37 EEST" name="learnHeaderWhitePaperPage" finished-at="2023-09-06T15:19:43 EEST" duration-ms="6275" status="PASS">
          <params>
            <param index="0">
              <value>
                <![CDATA[https://aimood-stage2.intary.net/en/white-paper]]>
              </value>
            </param>
            <param index="1">
              <value>
                <![CDATA[Screenshots_St1/]]>
              </value>
            </param>
          </params>
          <reporter-output>
          </reporter-output>
        </test-method> <!-- learnHeaderWhitePaperPage -->
        <test-method is-config="true" signature="setUp()[pri:0, instance:tests.whitePaper.WhitePaperChromeTests@5e600dd5]" started-at="2023-09-06T15:19:37 EEST" name="setUp" finished-at="2023-09-06T15:19:37 EEST" duration-ms="0" status="PASS">
          <reporter-output>
          </reporter-output>
        </test-method> <!-- setUp -->
        <test-method signature="resourcesHeaderWhitePaperPage(java.lang.String,java.lang.String)[pri:4, instance:tests.whitePaper.WhitePaperChromeTests@5e600dd5]" started-at="2023-09-06T15:19:43 EEST" name="resourcesHeaderWhitePaperPage" finished-at="2023-09-06T15:19:49 EEST" duration-ms="6256" status="PASS">
          <params>
            <param index="0">
              <value>
                <![CDATA[https://aimood-stage2.intary.net/en/white-paper]]>
              </value>
            </param>
            <param index="1">
              <value>
                <![CDATA[Screenshots_St1/]]>
              </value>
            </param>
          </params>
          <reporter-output>
          </reporter-output>
        </test-method> <!-- resourcesHeaderWhitePaperPage -->
        <test-method is-config="true" signature="setUp()[pri:0, instance:tests.whitePaper.WhitePaperChromeTests@5e600dd5]" started-at="2023-09-06T15:19:43 EEST" name="setUp" finished-at="2023-09-06T15:19:43 EEST" duration-ms="0" status="PASS">
          <reporter-output>
          </reporter-output>
        </test-method> <!-- setUp -->
        <test-method signature="mainBlockWhitePaperPage(java.lang.String,java.lang.String)[pri:5, instance:tests.whitePaper.WhitePaperChromeTests@5e600dd5]" started-at="2023-09-06T15:19:49 EEST" name="mainBlockWhitePaperPage" finished-at="2023-09-06T15:19:55 EEST" duration-ms="6242" status="PASS">
          <params>
            <param index="0">
              <value>
                <![CDATA[https://aimood-stage2.intary.net/en/white-paper]]>
              </value>
            </param>
            <param index="1">
              <value>
                <![CDATA[Screenshots_St1/]]>
              </value>
            </param>
          </params>
          <reporter-output>
          </reporter-output>
        </test-method> <!-- mainBlockWhitePaperPage -->
        <test-method is-config="true" signature="setUp()[pri:0, instance:tests.whitePaper.WhitePaperChromeTests@5e600dd5]" started-at="2023-09-06T15:19:49 EEST" name="setUp" finished-at="2023-09-06T15:19:49 EEST" duration-ms="0" status="PASS">
          <reporter-output>
          </reporter-output>
        </test-method> <!-- setUp -->
        <test-method signature="EweuimtPage(java.lang.String,java.lang.String)[pri:6, instance:tests.whitePaper.WhitePaperChromeTests@5e600dd5]" started-at="2023-09-06T15:19:55 EEST" name="EweuimtPage" finished-at="2023-09-06T15:20:02 EEST" duration-ms="6650" status="PASS">
          <params>
            <param index="0">
              <value>
                <![CDATA[https://aimood-stage2.intary.net/en/white-paper]]>
              </value>
            </param>
            <param index="1">
              <value>
                <![CDATA[Screenshots_St1/]]>
              </value>
            </param>
          </params>
          <reporter-output>
          </reporter-output>
        </test-method> <!-- EweuimtPage -->
        <test-method is-config="true" signature="setUp()[pri:0, instance:tests.whitePaper.WhitePaperChromeTests@5e600dd5]" started-at="2023-09-06T15:19:55 EEST" name="setUp" finished-at="2023-09-06T15:19:55 EEST" duration-ms="0" status="PASS">
          <reporter-output>
          </reporter-output>
        </test-method> <!-- setUp -->
        <test-method signature="allFooterWhitePaperPage(java.lang.String,java.lang.String)[pri:7, instance:tests.whitePaper.WhitePaperChromeTests@5e600dd5]" started-at="2023-09-06T15:20:02 EEST" name="allFooterWhitePaperPage" finished-at="2023-09-06T15:20:08 EEST" duration-ms="6240" status="PASS">
          <params>
            <param index="0">
              <value>
                <![CDATA[https://aimood-stage2.intary.net/en/white-paper]]>
              </value>
            </param>
            <param index="1">
              <value>
                <![CDATA[Screenshots_St1/]]>
              </value>
            </param>
          </params>
          <reporter-output>
          </reporter-output>
        </test-method> <!-- allFooterWhitePaperPage -->
        <test-method is-config="true" signature="setUp()[pri:0, instance:tests.whitePaper.WhitePaperChromeTests@5e600dd5]" started-at="2023-09-06T15:20:02 EEST" name="setUp" finished-at="2023-09-06T15:20:02 EEST" duration-ms="0" status="PASS">
          <reporter-output>
          </reporter-output>
        </test-method> <!-- setUp -->
        <test-method is-config="true" signature="tearDown()[pri:0, instance:tests.whitePaper.WhitePaperChromeTests@5e600dd5]" started-at="2023-09-06T15:20:08 EEST" name="tearDown" finished-at="2023-09-06T15:20:09 EEST" duration-ms="644" status="PASS">
          <reporter-output>
          </reporter-output>
        </test-method> <!-- tearDown -->
      </class> <!-- tests.whitePaper.WhitePaperChromeTests -->
    </test> <!-- ai-mood - Pixel perfect regression -->
  </suite> <!-- WPT -->
</testng-results>
