-------------------------------------------------------------------------------
Test set: TestSuite
-------------------------------------------------------------------------------
Tests run: 224, Failures: 218, Errors: 0, Skipped: 0, Time elapsed: 1,506.232 s <<< FAILURE! - in TestSuite
tests.mainPageTests.AllPageFirefoxTests.allHeaderMainPage[https://aimood-stage1.intary.net/en/, Screenshots_St1/](1)  Time elapsed: 23.783 s  <<< FAILURE!
java.lang.AssertionError: *** Images are not similar *** expected [true] but found [false]
	at tests.mainPageTests.AllPageFirefoxTests.allHeaderMainPage(AllPageFirefoxTests.java:26)

tests.mainPageTests.AllPageFirefoxTests.getStartedHeaderMainPage[https://aimood-stage1.intary.net/en/, Screenshots_St1/](1)  Time elapsed: 4.894 s  <<< FAILURE!
java.lang.AssertionError: *** Images are not similar *** expected [true] but found [false]
	at tests.mainPageTests.AllPageFirefoxTests.getStartedHeaderMainPage(AllPageFirefoxTests.java:44)

tests.mainPageTests.AllPageFirefoxTests.learnHeaderMainPage[https://aimood-stage1.intary.net/en/, Screenshots_St1/](1)  Time elapsed: 4.85 s  <<< FAILURE!
java.lang.AssertionError: *** Images are not similar *** expected [true] but found [false]
	at tests.mainPageTests.AllPageFirefoxTests.learnHeaderMainPage(AllPageFirefoxTests.java:62)

tests.mainPageTests.AllPageFirefoxTests.resourcesHeaderMainPage[https://aimood-stage1.intary.net/en/, Screenshots_St1/](1)  Time elapsed: 4.852 s  <<< FAILURE!
java.lang.AssertionError: *** Images are not similar *** expected [true] but found [false]
	at tests.mainPageTests.AllPageFirefoxTests.resourcesHeaderMainPage(AllPageFirefoxTests.java:80)

tests.mainPageTests.AllPageFirefoxTests.mainSectionMainPage[https://aimood-stage1.intary.net/en/, Screenshots_St1/](1)  Time elapsed: 5.847 s  <<< FAILURE!
java.lang.AssertionError: *** Images are not similar *** expected [true] but found [false]
	at tests.mainPageTests.AllPageFirefoxTests.mainSectionMainPage(AllPageFirefoxTests.java:116)

tests.mainPageTests.AllPageFirefoxTests.videoSectionMainPage[https://aimood-stage1.intary.net/en/, Screenshots_St1/](1)  Time elapsed: 6.504 s  <<< FAILURE!
java.lang.AssertionError: *** Images are not similar *** expected [true] but found [false]
	at tests.mainPageTests.AllPageFirefoxTests.videoSectionMainPage(AllPageFirefoxTests.java:135)

tests.mainPageTests.AllPageFirefoxTests.roadmapSectionMainPage[https://aimood-stage1.intary.net/en/, Screenshots_St1/](1)  Time elapsed: 7.729 s  <<< FAILURE!
java.lang.AssertionError: *** Images are not similar *** expected [true] but found [false]
	at tests.mainPageTests.AllPageFirefoxTests.roadmapSectionMainPage(AllPageFirefoxTests.java:154)

tests.mainPageTests.AllPageFirefoxTests.statisticsSectionMainPage[https://aimood-stage1.intary.net/en/, Screenshots_St1/](1)  Time elapsed: 6.305 s  <<< FAILURE!
java.lang.AssertionError: *** Images are not similar *** expected [true] but found [false]
	at tests.mainPageTests.AllPageFirefoxTests.statisticsSectionMainPage(AllPageFirefoxTests.java:178)

tests.mainPageTests.AllPageFirefoxTests.leaningSectionMainPage[https://aimood-stage1.intary.net/en/, Screenshots_St1/](1)  Time elapsed: 6.351 s  <<< FAILURE!
java.lang.AssertionError: *** Images are not similar *** expected [true] but found [false]
	at tests.mainPageTests.AllPageFirefoxTests.leaningSectionMainPage(AllPageFirefoxTests.java:197)

tests.mainPageTests.AllPageFirefoxTests.allFooterMainPage[https://aimood-stage1.intary.net/en/, Screenshots_St1/](1)  Time elapsed: 5.754 s  <<< FAILURE!
java.lang.AssertionError: *** Images are not similar *** expected [true] but found [false]
	at tests.mainPageTests.AllPageFirefoxTests.allFooterMainPage(AllPageFirefoxTests.java:217)

tests.mainPageTests.AllPageChromeTests.allHeaderMainPage[https://aimood-stage1.intary.net/en/, Screenshots_St1/](1)  Time elapsed: 22.633 s  <<< FAILURE!
java.lang.AssertionError: *** Images are not similar *** expected [true] but found [false]
	at tests.mainPageTests.AllPageChromeTests.allHeaderMainPage(AllPageChromeTests.java:26)

tests.mainPageTests.AllPageChromeTests.getStartedHeaderMainPage[https://aimood-stage1.intary.net/en/, Screenshots_St1/](1)  Time elapsed: 5.029 s  <<< FAILURE!
java.lang.AssertionError: *** Images are not similar *** expected [true] but found [false]
	at tests.mainPageTests.AllPageChromeTests.getStartedHeaderMainPage(AllPageChromeTests.java:44)

tests.mainPageTests.AllPageChromeTests.learnHeaderMainPage[https://aimood-stage1.intary.net/en/, Screenshots_St1/](1)  Time elapsed: 8.883 s  <<< FAILURE!
java.lang.AssertionError: *** Images are not similar *** expected [true] but found [false]
	at tests.mainPageTests.AllPageChromeTests.learnHeaderMainPage(AllPageChromeTests.java:62)

tests.mainPageTests.AllPageChromeTests.resourcesHeaderMainPage[https://aimood-stage1.intary.net/en/, Screenshots_St1/](1)  Time elapsed: 4.944 s  <<< FAILURE!
java.lang.AssertionError: *** Images are not similar *** expected [true] but found [false]
	at tests.mainPageTests.AllPageChromeTests.resourcesHeaderMainPage(AllPageChromeTests.java:80)

tests.mainPageTests.AllPageChromeTests.mainSectionMainPage[https://aimood-stage1.intary.net/en/, Screenshots_St1/](1)  Time elapsed: 7.083 s  <<< FAILURE!
java.lang.AssertionError: *** Images are not similar *** expected [true] but found [false]
	at tests.mainPageTests.AllPageChromeTests.mainSectionMainPage(AllPageChromeTests.java:116)

tests.mainPageTests.AllPageChromeTests.videoSectionMainPage[https://aimood-stage1.intary.net/en/, Screenshots_St1/](1)  Time elapsed: 7.688 s  <<< FAILURE!
java.lang.AssertionError: *** Images are not similar *** expected [true] but found [false]
	at tests.mainPageTests.AllPageChromeTests.videoSectionMainPage(AllPageChromeTests.java:135)

tests.mainPageTests.AllPageChromeTests.roadmapSectionMainPage[https://aimood-stage1.intary.net/en/, Screenshots_St1/](1)  Time elapsed: 10.425 s  <<< FAILURE!
java.lang.AssertionError: *** Images are not similar *** expected [true] but found [false]
	at tests.mainPageTests.AllPageChromeTests.roadmapSectionMainPage(AllPageChromeTests.java:154)

tests.mainPageTests.AllPageChromeTests.statisticsSectionMainPage[https://aimood-stage1.intary.net/en/, Screenshots_St1/](1)  Time elapsed: 11.901 s  <<< FAILURE!
java.lang.AssertionError: *** Images are not similar *** expected [true] but found [false]
	at tests.mainPageTests.AllPageChromeTests.statisticsSectionMainPage(AllPageChromeTests.java:178)

tests.mainPageTests.AllPageChromeTests.leaningSectionMainPage[https://aimood-stage1.intary.net/en/, Screenshots_St1/](1)  Time elapsed: 10.063 s  <<< FAILURE!
java.lang.AssertionError: *** Images are not similar *** expected [true] but found [false]
	at tests.mainPageTests.AllPageChromeTests.leaningSectionMainPage(AllPageChromeTests.java:197)

tests.mainPageTests.AllPageChromeTests.allFooterMainPage[https://aimood-stage1.intary.net/en/, Screenshots_St1/](1)  Time elapsed: 6.129 s  <<< FAILURE!
java.lang.AssertionError: *** Images are not similar *** expected [true] but found [false]
	at tests.mainPageTests.AllPageChromeTests.allFooterMainPage(AllPageChromeTests.java:217)

tests.marketPlacePageTests.AllPageFirefoxTests.allHeaderMarketPlacePage[https://aimood-stage1.intary.net/en/market-place, Screenshots_St1/](1)  Time elapsed: 12.677 s  <<< FAILURE!
java.lang.AssertionError: *** Images are not similar *** expected [true] but found [false]
	at tests.marketPlacePageTests.AllPageFirefoxTests.allHeaderMarketPlacePage(AllPageFirefoxTests.java:26)

tests.marketPlacePageTests.AllPageFirefoxTests.getStartedHeaderMarketPlacePage[https://aimood-stage1.intary.net/en/market-place, Screenshots_St1/](1)  Time elapsed: 5.58 s  <<< FAILURE!
java.lang.AssertionError: *** Images are not similar *** expected [true] but found [false]
	at tests.marketPlacePageTests.AllPageFirefoxTests.getStartedHeaderMarketPlacePage(AllPageFirefoxTests.java:44)

tests.marketPlacePageTests.AllPageFirefoxTests.learnHeaderMarketPlacePage[https://aimood-stage1.intary.net/en/market-place, Screenshots_St1/](1)  Time elapsed: 5.519 s  <<< FAILURE!
java.lang.AssertionError: *** Images are not similar *** expected [true] but found [false]
	at tests.marketPlacePageTests.AllPageFirefoxTests.learnHeaderMarketPlacePage(AllPageFirefoxTests.java:62)

tests.marketPlacePageTests.AllPageFirefoxTests.resourcesHeaderMarketPlacePage[https://aimood-stage1.intary.net/en/market-place, Screenshots_St1/](1)  Time elapsed: 5.625 s  <<< FAILURE!
java.lang.AssertionError: *** Images are not similar *** expected [true] but found [false]
	at tests.marketPlacePageTests.AllPageFirefoxTests.resourcesHeaderMarketPlacePage(AllPageFirefoxTests.java:80)

tests.marketPlacePageTests.AllPageFirefoxTests.mainSectionMarketPlacePage[https://aimood-stage1.intary.net/en/market-place, Screenshots_St1/](1)  Time elapsed: 6.722 s  <<< FAILURE!
java.lang.AssertionError: *** Images are not similar *** expected [true] but found [false]
	at tests.marketPlacePageTests.AllPageFirefoxTests.mainSectionMarketPlacePage(AllPageFirefoxTests.java:116)

tests.marketPlacePageTests.AllPageFirefoxTests.statisticsSectionMarketPlacePage[https://aimood-stage1.intary.net/en/market-place, Screenshots_St1/](1)  Time elapsed: 6.234 s  <<< FAILURE!
java.lang.AssertionError: *** Images are not similar *** expected [true] but found [false]
	at tests.marketPlacePageTests.AllPageFirefoxTests.statisticsSectionMarketPlacePage(AllPageFirefoxTests.java:135)

tests.marketPlacePageTests.AllPageFirefoxTests.allFooterMarketPlacePage[https://aimood-stage1.intary.net/en/market-place, Screenshots_St1/](1)  Time elapsed: 5.609 s  <<< FAILURE!
java.lang.AssertionError: *** Images are not similar *** expected [true] but found [false]
	at tests.marketPlacePageTests.AllPageFirefoxTests.allFooterMarketPlacePage(AllPageFirefoxTests.java:156)

tests.marketPlacePageTests.AllPageChromeTests.allHeaderMarketPlacePage[https://aimood-stage1.intary.net/en/market-place, Screenshots_St1/](1)  Time elapsed: 136.095 s  <<< FAILURE!
java.lang.AssertionError: *** Images are not similar *** expected [true] but found [false]
	at tests.marketPlacePageTests.AllPageChromeTests.allHeaderMarketPlacePage(AllPageChromeTests.java:27)

tests.marketPlacePageTests.AllPageChromeTests.getStartedHeaderMarketPlacePage[https://aimood-stage1.intary.net/en/market-place, Screenshots_St1/](1)  Time elapsed: 5.776 s  <<< FAILURE!
java.lang.AssertionError: *** Images are not similar *** expected [true] but found [false]
	at tests.marketPlacePageTests.AllPageChromeTests.getStartedHeaderMarketPlacePage(AllPageChromeTests.java:45)

tests.marketPlacePageTests.AllPageChromeTests.learnHeaderMarketPlacePage[https://aimood-stage1.intary.net/en/market-place, Screenshots_St1/](1)  Time elapsed: 5.715 s  <<< FAILURE!
java.lang.AssertionError: *** Images are not similar *** expected [true] but found [false]
	at tests.marketPlacePageTests.AllPageChromeTests.learnHeaderMarketPlacePage(AllPageChromeTests.java:63)

tests.marketPlacePageTests.AllPageChromeTests.resourcesHeaderMarketPlacePage[https://aimood-stage1.intary.net/en/market-place, Screenshots_St1/](1)  Time elapsed: 5.714 s  <<< FAILURE!
java.lang.AssertionError: *** Images are not similar *** expected [true] but found [false]
	at tests.marketPlacePageTests.AllPageChromeTests.resourcesHeaderMarketPlacePage(AllPageChromeTests.java:81)

tests.marketPlacePageTests.AllPageChromeTests.mainSectionMarketPlacePage[https://aimood-stage1.intary.net/en/market-place, Screenshots_St1/](1)  Time elapsed: 6.843 s  <<< FAILURE!
java.lang.AssertionError: *** Images are not similar *** expected [true] but found [false]
	at tests.marketPlacePageTests.AllPageChromeTests.mainSectionMarketPlacePage(AllPageChromeTests.java:117)

tests.marketPlacePageTests.AllPageChromeTests.statisticsSectionMarketPlacePage[https://aimood-stage1.intary.net/en/market-place, Screenshots_St1/](1)  Time elapsed: 6.449 s  <<< FAILURE!
java.lang.AssertionError: *** Images are not similar *** expected [true] but found [false]
	at tests.marketPlacePageTests.AllPageChromeTests.statisticsSectionMarketPlacePage(AllPageChromeTests.java:136)

tests.marketPlacePageTests.AllPageChromeTests.allFooterMarketPlacePage[https://aimood-stage1.intary.net/en/market-place, Screenshots_St1/](1)  Time elapsed: 5.872 s  <<< FAILURE!
java.lang.AssertionError: *** Images are not similar *** expected [true] but found [false]
	at tests.marketPlacePageTests.AllPageChromeTests.allFooterMarketPlacePage(AllPageChromeTests.java:157)

tests.buySellMoodCoinTests.AllPageFirefoxTests.allHeaderBuySellMoodCoinPage[https://aimood-stage1.intary.net/en/buy-sell-aimood-coin, Screenshots_St1/](1)  Time elapsed: 6.662 s  <<< FAILURE!
java.lang.AssertionError: *** Images are not similar *** expected [true] but found [false]
	at tests.buySellMoodCoinTests.AllPageFirefoxTests.allHeaderBuySellMoodCoinPage(AllPageFirefoxTests.java:26)

tests.buySellMoodCoinTests.AllPageFirefoxTests.getStartedHeaderBuySellMoodCoinPage[https://aimood-stage1.intary.net/en/buy-sell-aimood-coin, Screenshots_St1/](1)  Time elapsed: 4.682 s  <<< FAILURE!
java.lang.AssertionError: *** Images are not similar *** expected [true] but found [false]
	at tests.buySellMoodCoinTests.AllPageFirefoxTests.getStartedHeaderBuySellMoodCoinPage(AllPageFirefoxTests.java:44)

tests.buySellMoodCoinTests.AllPageFirefoxTests.learnHeaderBuySellMoodCoinPage[https://aimood-stage1.intary.net/en/buy-sell-aimood-coin, Screenshots_St1/](1)  Time elapsed: 4.687 s  <<< FAILURE!
java.lang.AssertionError: *** Images are not similar *** expected [true] but found [false]
	at tests.buySellMoodCoinTests.AllPageFirefoxTests.learnHeaderBuySellMoodCoinPage(AllPageFirefoxTests.java:62)

tests.buySellMoodCoinTests.AllPageFirefoxTests.resourcesHeaderBuySellMoodCoinPage[https://aimood-stage1.intary.net/en/buy-sell-aimood-coin, Screenshots_St1/](1)  Time elapsed: 4.728 s  <<< FAILURE!
java.lang.AssertionError: *** Images are not similar *** expected [true] but found [false]
	at tests.buySellMoodCoinTests.AllPageFirefoxTests.resourcesHeaderBuySellMoodCoinPage(AllPageFirefoxTests.java:80)

tests.buySellMoodCoinTests.AllPageFirefoxTests.mainSectionBuySellMoodCoinPage[https://aimood-stage1.intary.net/en/buy-sell-aimood-coin, Screenshots_St1/](1)  Time elapsed: 6.698 s  <<< FAILURE!
java.lang.AssertionError: *** Images are not similar *** expected [true] but found [false]
	at tests.buySellMoodCoinTests.AllPageFirefoxTests.mainSectionBuySellMoodCoinPage(AllPageFirefoxTests.java:116)

tests.buySellMoodCoinTests.AllPageFirefoxTests.allFooterBuySellMoodCoinPage[https://aimood-stage1.intary.net/en/buy-sell-aimood-coin, Screenshots_St1/](1)  Time elapsed: 5.698 s  <<< FAILURE!
java.lang.AssertionError: *** Images are not similar *** expected [true] but found [false]
	at tests.buySellMoodCoinTests.AllPageFirefoxTests.allFooterBuySellMoodCoinPage(AllPageFirefoxTests.java:137)

tests.buySellMoodCoinTests.AllPageChromeTests.allHeaderBuySellMoodCoinPage[https://aimood-stage1.intary.net/en/buy-sell-aimood-coin, Screenshots_St1/](1)  Time elapsed: 6.086 s  <<< FAILURE!
java.lang.AssertionError: *** Images are not similar *** expected [true] but found [false]
	at tests.buySellMoodCoinTests.AllPageChromeTests.allHeaderBuySellMoodCoinPage(AllPageChromeTests.java:26)

tests.buySellMoodCoinTests.AllPageChromeTests.getStartedHeaderBuySellMoodCoinPage[https://aimood-stage1.intary.net/en/buy-sell-aimood-coin, Screenshots_St1/](1)  Time elapsed: 4.912 s  <<< FAILURE!
java.lang.AssertionError: *** Images are not similar *** expected [true] but found [false]
	at tests.buySellMoodCoinTests.AllPageChromeTests.getStartedHeaderBuySellMoodCoinPage(AllPageChromeTests.java:44)

tests.buySellMoodCoinTests.AllPageChromeTests.learnHeaderBuySellMoodCoinPage[https://aimood-stage1.intary.net/en/buy-sell-aimood-coin, Screenshots_St1/](1)  Time elapsed: 4.882 s  <<< FAILURE!
java.lang.AssertionError: *** Images are not similar *** expected [true] but found [false]
	at tests.buySellMoodCoinTests.AllPageChromeTests.learnHeaderBuySellMoodCoinPage(AllPageChromeTests.java:62)

tests.buySellMoodCoinTests.AllPageChromeTests.resourcesHeaderBuySellMoodCoinPage[https://aimood-stage1.intary.net/en/buy-sell-aimood-coin, Screenshots_St1/](1)  Time elapsed: 4.847 s  <<< FAILURE!
java.lang.AssertionError: *** Images are not similar *** expected [true] but found [false]
	at tests.buySellMoodCoinTests.AllPageChromeTests.resourcesHeaderBuySellMoodCoinPage(AllPageChromeTests.java:80)

tests.buySellMoodCoinTests.AllPageChromeTests.mainSectionBuySellMoodCoinPage[https://aimood-stage1.intary.net/en/buy-sell-aimood-coin, Screenshots_St1/](1)  Time elapsed: 6.95 s  <<< FAILURE!
java.lang.AssertionError: *** Images are not similar *** expected [true] but found [false]
	at tests.buySellMoodCoinTests.AllPageChromeTests.mainSectionBuySellMoodCoinPage(AllPageChromeTests.java:116)

tests.buySellMoodCoinTests.AllPageChromeTests.allFooterBuySellMoodCoinPage[https://aimood-stage1.intary.net/en/buy-sell-aimood-coin, Screenshots_St1/](1)  Time elapsed: 5.918 s  <<< FAILURE!
java.lang.AssertionError: *** Images are not similar *** expected [true] but found [false]
	at tests.buySellMoodCoinTests.AllPageChromeTests.allFooterBuySellMoodCoinPage(AllPageChromeTests.java:137)

tests.tokenMoodPageTests.AllPageFirefoxTests.allHeaderTokenMoodPage[https://aimood-stage1.intary.net/en/token-mood, Screenshots_St1/](1)  Time elapsed: 10.825 s  <<< FAILURE!
java.lang.AssertionError: *** Images are not similar *** expected [true] but found [false]
	at tests.tokenMoodPageTests.AllPageFirefoxTests.allHeaderTokenMoodPage(AllPageFirefoxTests.java:26)

tests.tokenMoodPageTests.AllPageFirefoxTests.getStartedHeaderTokenMoodPage[https://aimood-stage1.intary.net/en/token-mood, Screenshots_St1/](1)  Time elapsed: 4.641 s  <<< FAILURE!
java.lang.AssertionError: *** Images are not similar *** expected [true] but found [false]
	at tests.tokenMoodPageTests.AllPageFirefoxTests.getStartedHeaderTokenMoodPage(AllPageFirefoxTests.java:44)

tests.tokenMoodPageTests.AllPageFirefoxTests.learnHeaderTokenMoodPage[https://aimood-stage1.intary.net/en/token-mood, Screenshots_St1/](1)  Time elapsed: 4.636 s  <<< FAILURE!
java.lang.AssertionError: *** Images are not similar *** expected [true] but found [false]
	at tests.tokenMoodPageTests.AllPageFirefoxTests.learnHeaderTokenMoodPage(AllPageFirefoxTests.java:62)

tests.tokenMoodPageTests.AllPageFirefoxTests.resourcesHeaderTokenMoodPage[https://aimood-stage1.intary.net/en/token-mood, Screenshots_St1/](1)  Time elapsed: 4.701 s  <<< FAILURE!
java.lang.AssertionError: *** Images are not similar *** expected [true] but found [false]
	at tests.tokenMoodPageTests.AllPageFirefoxTests.resourcesHeaderTokenMoodPage(AllPageFirefoxTests.java:80)

tests.tokenMoodPageTests.AllPageFirefoxTests.mainSectionTokenMoodPage[https://aimood-stage1.intary.net/en/token-mood, Screenshots_St1/](1)  Time elapsed: 6.74 s  <<< FAILURE!
java.lang.AssertionError: *** Images are not similar *** expected [true] but found [false]
	at tests.tokenMoodPageTests.AllPageFirefoxTests.mainSectionTokenMoodPage(AllPageFirefoxTests.java:116)

tests.tokenMoodPageTests.AllPageFirefoxTests.statisticsSectionTokenMoodPage[https://aimood-stage1.intary.net/en/token-mood, Screenshots_St1/](1)  Time elapsed: 7.431 s  <<< FAILURE!
java.lang.AssertionError: *** Images are not similar *** expected [true] but found [false]
	at tests.tokenMoodPageTests.AllPageFirefoxTests.statisticsSectionTokenMoodPage(AllPageFirefoxTests.java:140)

tests.tokenMoodPageTests.AllPageFirefoxTests.allFooterTokenMoodPage[https://aimood-stage1.intary.net/en/token-mood, Screenshots_St1/](1)  Time elapsed: 5.728 s  <<< FAILURE!
java.lang.AssertionError: *** Images are not similar *** expected [true] but found [false]
	at tests.tokenMoodPageTests.AllPageFirefoxTests.allFooterTokenMoodPage(AllPageFirefoxTests.java:161)

tests.tokenMoodPageTests.AllPageChromeTests.allHeaderTokenMoodPage[https://aimood-stage1.intary.net/en/token-mood, Screenshots_St1/](1)  Time elapsed: 7.707 s  <<< FAILURE!
java.lang.AssertionError: *** Images are not similar *** expected [true] but found [false]
	at tests.tokenMoodPageTests.AllPageChromeTests.allHeaderTokenMoodPage(AllPageChromeTests.java:26)

tests.tokenMoodPageTests.AllPageChromeTests.getStartedHeaderTokenMoodPage[https://aimood-stage1.intary.net/en/token-mood, Screenshots_St1/](1)  Time elapsed: 4.945 s  <<< FAILURE!
java.lang.AssertionError: *** Images are not similar *** expected [true] but found [false]
	at tests.tokenMoodPageTests.AllPageChromeTests.getStartedHeaderTokenMoodPage(AllPageChromeTests.java:44)

tests.tokenMoodPageTests.AllPageChromeTests.learnHeaderTokenMoodPage[https://aimood-stage1.intary.net/en/token-mood, Screenshots_St1/](1)  Time elapsed: 4.896 s  <<< FAILURE!
java.lang.AssertionError: *** Images are not similar *** expected [true] but found [false]
	at tests.tokenMoodPageTests.AllPageChromeTests.learnHeaderTokenMoodPage(AllPageChromeTests.java:62)

tests.tokenMoodPageTests.AllPageChromeTests.resourcesHeaderTokenMoodPage[https://aimood-stage1.intary.net/en/token-mood, Screenshots_St1/](1)  Time elapsed: 4.897 s  <<< FAILURE!
java.lang.AssertionError: *** Images are not similar *** expected [true] but found [false]
	at tests.tokenMoodPageTests.AllPageChromeTests.resourcesHeaderTokenMoodPage(AllPageChromeTests.java:80)

tests.tokenMoodPageTests.AllPageChromeTests.mainSectionTokenMoodPage[https://aimood-stage1.intary.net/en/token-mood, Screenshots_St1/](1)  Time elapsed: 6.975 s  <<< FAILURE!
java.lang.AssertionError: *** Images are not similar *** expected [true] but found [false]
	at tests.tokenMoodPageTests.AllPageChromeTests.mainSectionTokenMoodPage(AllPageChromeTests.java:116)

tests.tokenMoodPageTests.AllPageChromeTests.statisticsSectionTokenMoodPage[https://aimood-stage1.intary.net/en/token-mood, Screenshots_St1/](1)  Time elapsed: 7.841 s  <<< FAILURE!
java.lang.AssertionError: *** Images are not similar *** expected [true] but found [false]
	at tests.tokenMoodPageTests.AllPageChromeTests.statisticsSectionTokenMoodPage(AllPageChromeTests.java:140)

tests.tokenMoodPageTests.AllPageChromeTests.allFooterTokenMoodPage[https://aimood-stage1.intary.net/en/token-mood, Screenshots_St1/](1)  Time elapsed: 5.974 s  <<< FAILURE!
java.lang.AssertionError: *** Images are not similar *** expected [true] but found [false]
	at tests.tokenMoodPageTests.AllPageChromeTests.allFooterTokenMoodPage(AllPageChromeTests.java:161)

tests.fundPageTests.AllPageFirefoxTests.allHeaderFundPage[https://aimood-stage1.intary.net/en/fund, Screenshots_St1/](1)  Time elapsed: 7.611 s  <<< FAILURE!
java.lang.AssertionError: *** Images are not similar *** expected [true] but found [false]
	at tests.fundPageTests.AllPageFirefoxTests.allHeaderFundPage(AllPageFirefoxTests.java:26)

tests.fundPageTests.AllPageFirefoxTests.getStartedHeaderFundPage[https://aimood-stage1.intary.net/en/fund, Screenshots_St1/](1)  Time elapsed: 4.624 s  <<< FAILURE!
java.lang.AssertionError: *** Images are not similar *** expected [true] but found [false]
	at tests.fundPageTests.AllPageFirefoxTests.getStartedHeaderFundPage(AllPageFirefoxTests.java:44)

tests.fundPageTests.AllPageFirefoxTests.learnHeaderFundPage[https://aimood-stage1.intary.net/en/fund, Screenshots_St1/](1)  Time elapsed: 4.74 s  <<< FAILURE!
java.lang.AssertionError: *** Images are not similar *** expected [true] but found [false]
	at tests.fundPageTests.AllPageFirefoxTests.learnHeaderFundPage(AllPageFirefoxTests.java:62)

tests.fundPageTests.AllPageFirefoxTests.resourcesHeaderFundPage[https://aimood-stage1.intary.net/en/fund, Screenshots_St1/](1)  Time elapsed: 4.692 s  <<< FAILURE!
java.lang.AssertionError: *** Images are not similar *** expected [true] but found [false]
	at tests.fundPageTests.AllPageFirefoxTests.resourcesHeaderFundPage(AllPageFirefoxTests.java:80)

tests.fundPageTests.AllPageFirefoxTests.mainSectionFundPage[https://aimood-stage1.intary.net/en/fund, Screenshots_St1/](1)  Time elapsed: 6.651 s  <<< FAILURE!
java.lang.AssertionError: *** Images are not similar *** expected [true] but found [false]
	at tests.fundPageTests.AllPageFirefoxTests.mainSectionFundPage(AllPageFirefoxTests.java:116)

tests.fundPageTests.AllPageFirefoxTests.allFooterFundPage[https://aimood-stage1.intary.net/en/fund, Screenshots_St1/](1)  Time elapsed: 5.698 s  <<< FAILURE!
java.lang.AssertionError: *** Images are not similar *** expected [true] but found [false]
	at tests.fundPageTests.AllPageFirefoxTests.allFooterFundPage(AllPageFirefoxTests.java:137)

tests.fundPageTests.AllPageChromeTests.allHeaderFundPage[https://aimood-stage1.intary.net/en/fund, Screenshots_St1/](1)  Time elapsed: 7.094 s  <<< FAILURE!
java.lang.AssertionError: *** Images are not similar *** expected [true] but found [false]
	at tests.fundPageTests.AllPageChromeTests.allHeaderFundPage(AllPageChromeTests.java:28)

tests.fundPageTests.AllPageChromeTests.getStartedHeaderFundPage[https://aimood-stage1.intary.net/en/fund, Screenshots_St1/](1)  Time elapsed: 4.914 s  <<< FAILURE!
java.lang.AssertionError: *** Images are not similar *** expected [true] but found [false]
	at tests.fundPageTests.AllPageChromeTests.getStartedHeaderFundPage(AllPageChromeTests.java:46)

tests.fundPageTests.AllPageChromeTests.learnHeaderFundPage[https://aimood-stage1.intary.net/en/fund, Screenshots_St1/](1)  Time elapsed: 4.848 s  <<< FAILURE!
java.lang.AssertionError: *** Images are not similar *** expected [true] but found [false]
	at tests.fundPageTests.AllPageChromeTests.learnHeaderFundPage(AllPageChromeTests.java:64)

tests.fundPageTests.AllPageChromeTests.resourcesHeaderFundPage[https://aimood-stage1.intary.net/en/fund, Screenshots_St1/](1)  Time elapsed: 4.85 s  <<< FAILURE!
java.lang.AssertionError: *** Images are not similar *** expected [true] but found [false]
	at tests.fundPageTests.AllPageChromeTests.resourcesHeaderFundPage(AllPageChromeTests.java:82)

tests.fundPageTests.AllPageChromeTests.mainSectionFundPage[https://aimood-stage1.intary.net/en/fund, Screenshots_St1/](1)  Time elapsed: 6.926 s  <<< FAILURE!
java.lang.AssertionError: *** Images are not similar *** expected [true] but found [false]
	at tests.fundPageTests.AllPageChromeTests.mainSectionFundPage(AllPageChromeTests.java:118)

tests.fundPageTests.AllPageChromeTests.allFooterFundPage[https://aimood-stage1.intary.net/en/fund, Screenshots_St1/](1)  Time elapsed: 5.951 s  <<< FAILURE!
java.lang.AssertionError: *** Images are not similar *** expected [true] but found [false]
	at tests.fundPageTests.AllPageChromeTests.allFooterFundPage(AllPageChromeTests.java:139)

tests.affiliateProgramPageTests.AllPageFirefoxTests.allHeaderAffiliateProgramPage[https://aimood-stage1.intary.net/en/affiliate-program, Screenshots_St1/](1)  Time elapsed: 8.309 s  <<< FAILURE!
java.lang.AssertionError: *** Images are not similar *** expected [true] but found [false]
	at tests.affiliateProgramPageTests.AllPageFirefoxTests.allHeaderAffiliateProgramPage(AllPageFirefoxTests.java:26)

tests.affiliateProgramPageTests.AllPageFirefoxTests.getStartedHeaderAffiliateProgramPage[https://aimood-stage1.intary.net/en/affiliate-program, Screenshots_St1/](1)  Time elapsed: 4.641 s  <<< FAILURE!
java.lang.AssertionError: *** Images are not similar *** expected [true] but found [false]
	at tests.affiliateProgramPageTests.AllPageFirefoxTests.getStartedHeaderAffiliateProgramPage(AllPageFirefoxTests.java:44)

tests.affiliateProgramPageTests.AllPageFirefoxTests.learnHeaderAffiliateProgramPage[https://aimood-stage1.intary.net/en/affiliate-program, Screenshots_St1/](1)  Time elapsed: 4.682 s  <<< FAILURE!
java.lang.AssertionError: *** Images are not similar *** expected [true] but found [false]
	at tests.affiliateProgramPageTests.AllPageFirefoxTests.learnHeaderAffiliateProgramPage(AllPageFirefoxTests.java:62)

tests.affiliateProgramPageTests.AllPageFirefoxTests.resourcesHeaderAffiliateProgramPage[https://aimood-stage1.intary.net/en/affiliate-program, Screenshots_St1/](1)  Time elapsed: 4.647 s  <<< FAILURE!
java.lang.AssertionError: *** Images are not similar *** expected [true] but found [false]
	at tests.affiliateProgramPageTests.AllPageFirefoxTests.resourcesHeaderAffiliateProgramPage(AllPageFirefoxTests.java:80)

tests.affiliateProgramPageTests.AllPageFirefoxTests.mainSectionAffiliateProgramPage[https://aimood-stage1.intary.net/en/affiliate-program, Screenshots_St1/](1)  Time elapsed: 6.69 s  <<< FAILURE!
java.lang.AssertionError: *** Images are not similar *** expected [true] but found [false]
	at tests.affiliateProgramPageTests.AllPageFirefoxTests.mainSectionAffiliateProgramPage(AllPageFirefoxTests.java:116)

tests.affiliateProgramPageTests.AllPageFirefoxTests.affiliateSectionAffiliateProgramPage[https://aimood-stage1.intary.net/en/affiliate-program, Screenshots_St1/](1)  Time elapsed: 7.207 s  <<< FAILURE!
java.lang.AssertionError: *** Images are not similar *** expected [true] but found [false]
	at tests.affiliateProgramPageTests.AllPageFirefoxTests.affiliateSectionAffiliateProgramPage(AllPageFirefoxTests.java:135)

tests.affiliateProgramPageTests.AllPageFirefoxTests.allFooterAffiliateProgramPage[https://aimood-stage1.intary.net/en/affiliate-program, Screenshots_St1/](1)  Time elapsed: 5.779 s  <<< FAILURE!
java.lang.AssertionError: *** Images are not similar *** expected [true] but found [false]
	at tests.affiliateProgramPageTests.AllPageFirefoxTests.allFooterAffiliateProgramPage(AllPageFirefoxTests.java:156)

tests.affiliateProgramPageTests.AllPageChromeTests.allHeaderAffiliateProgramPage[https://aimood-stage1.intary.net/en/affiliate-program, Screenshots_St1/](1)  Time elapsed: 7.797 s  <<< FAILURE!
java.lang.AssertionError: *** Images are not similar *** expected [true] but found [false]
	at tests.affiliateProgramPageTests.AllPageChromeTests.allHeaderAffiliateProgramPage(AllPageChromeTests.java:27)

tests.affiliateProgramPageTests.AllPageChromeTests.getStartedHeaderAffiliateProgramPage[https://aimood-stage1.intary.net/en/affiliate-program, Screenshots_St1/](1)  Time elapsed: 4.941 s  <<< FAILURE!
java.lang.AssertionError: *** Images are not similar *** expected [true] but found [false]
	at tests.affiliateProgramPageTests.AllPageChromeTests.getStartedHeaderAffiliateProgramPage(AllPageChromeTests.java:45)

tests.affiliateProgramPageTests.AllPageChromeTests.learnHeaderAffiliateProgramPage[https://aimood-stage1.intary.net/en/affiliate-program, Screenshots_St1/](1)  Time elapsed: 4.902 s  <<< FAILURE!
java.lang.AssertionError: *** Images are not similar *** expected [true] but found [false]
	at tests.affiliateProgramPageTests.AllPageChromeTests.learnHeaderAffiliateProgramPage(AllPageChromeTests.java:63)

tests.affiliateProgramPageTests.AllPageChromeTests.resourcesHeaderAffiliateProgramPage[https://aimood-stage1.intary.net/en/affiliate-program, Screenshots_St1/](1)  Time elapsed: 4.997 s  <<< FAILURE!
java.lang.AssertionError: *** Images are not similar *** expected [true] but found [false]
	at tests.affiliateProgramPageTests.AllPageChromeTests.resourcesHeaderAffiliateProgramPage(AllPageChromeTests.java:81)

tests.affiliateProgramPageTests.AllPageChromeTests.mainSectionAffiliateProgramPage[https://aimood-stage1.intary.net/en/affiliate-program, Screenshots_St1/](1)  Time elapsed: 7.008 s  <<< FAILURE!
java.lang.AssertionError: *** Images are not similar *** expected [true] but found [false]
	at tests.affiliateProgramPageTests.AllPageChromeTests.mainSectionAffiliateProgramPage(AllPageChromeTests.java:117)

tests.affiliateProgramPageTests.AllPageChromeTests.affiliateSectionAffiliateProgramPage[https://aimood-stage1.intary.net/en/affiliate-program, Screenshots_St1/](1)  Time elapsed: 7.416 s  <<< FAILURE!
java.lang.AssertionError: *** Images are not similar *** expected [true] but found [false]
	at tests.affiliateProgramPageTests.AllPageChromeTests.affiliateSectionAffiliateProgramPage(AllPageChromeTests.java:136)

tests.affiliateProgramPageTests.AllPageChromeTests.allFooterAffiliateProgramPage[https://aimood-stage1.intary.net/en/affiliate-program, Screenshots_St1/](1)  Time elapsed: 6.003 s  <<< FAILURE!
java.lang.AssertionError: *** Images are not similar *** expected [true] but found [false]
	at tests.affiliateProgramPageTests.AllPageChromeTests.allFooterAffiliateProgramPage(AllPageChromeTests.java:157)

tests.walletPageTests.AllPageFirefoxTests.allHeaderWalletPage[https://aimood-stage1.intary.net/en/the-aimood-wallet, Screenshots_St1/](1)  Time elapsed: 10.469 s  <<< FAILURE!
java.lang.AssertionError: *** Images are not similar *** expected [true] but found [false]
	at tests.walletPageTests.AllPageFirefoxTests.allHeaderWalletPage(AllPageFirefoxTests.java:26)

tests.walletPageTests.AllPageFirefoxTests.getStartedHeaderWalletPage[https://aimood-stage1.intary.net/en/the-aimood-wallet, Screenshots_St1/](1)  Time elapsed: 4.625 s  <<< FAILURE!
java.lang.AssertionError: *** Images are not similar *** expected [true] but found [false]
	at tests.walletPageTests.AllPageFirefoxTests.getStartedHeaderWalletPage(AllPageFirefoxTests.java:44)

tests.walletPageTests.AllPageFirefoxTests.learnHeaderWalletPage[https://aimood-stage1.intary.net/en/the-aimood-wallet, Screenshots_St1/](1)  Time elapsed: 4.639 s  <<< FAILURE!
java.lang.AssertionError: *** Images are not similar *** expected [true] but found [false]
	at tests.walletPageTests.AllPageFirefoxTests.learnHeaderWalletPage(AllPageFirefoxTests.java:62)

tests.walletPageTests.AllPageFirefoxTests.resourcesHeaderWalletPage[https://aimood-stage1.intary.net/en/the-aimood-wallet, Screenshots_St1/](1)  Time elapsed: 4.613 s  <<< FAILURE!
java.lang.AssertionError: *** Images are not similar *** expected [true] but found [false]
	at tests.walletPageTests.AllPageFirefoxTests.resourcesHeaderWalletPage(AllPageFirefoxTests.java:80)

tests.walletPageTests.AllPageFirefoxTests.mainSectionWalletPage[https://aimood-stage1.intary.net/en/the-aimood-wallet, Screenshots_St1/](1)  Time elapsed: 5.677 s  <<< FAILURE!
java.lang.AssertionError: *** Images are not similar *** expected [true] but found [false]
	at tests.walletPageTests.AllPageFirefoxTests.mainSectionWalletPage(AllPageFirefoxTests.java:116)

tests.walletPageTests.AllPageFirefoxTests.delegatedSectionWalletPage[https://aimood-stage1.intary.net/en/the-aimood-wallet, Screenshots_St1/](1)  Time elapsed: 6.281 s  <<< FAILURE!
java.lang.AssertionError: *** Images are not similar *** expected [true] but found [false]
	at tests.walletPageTests.AllPageFirefoxTests.delegatedSectionWalletPage(AllPageFirefoxTests.java:135)

tests.walletPageTests.AllPageFirefoxTests.allFooterWalletPage[https://aimood-stage1.intary.net/en/the-aimood-wallet, Screenshots_St1/](1)  Time elapsed: 5.797 s  <<< FAILURE!
java.lang.AssertionError: *** Images are not similar *** expected [true] but found [false]
	at tests.walletPageTests.AllPageFirefoxTests.allFooterWalletPage(AllPageFirefoxTests.java:156)

tests.walletPageTests.AllPageChromeTests.allHeaderWalletPage[https://aimood-stage1.intary.net/en/the-aimood-wallet, Screenshots_St1/](1)  Time elapsed: 7.73 s  <<< FAILURE!
java.lang.AssertionError: *** Images are not similar *** expected [true] but found [false]
	at tests.walletPageTests.AllPageChromeTests.allHeaderWalletPage(AllPageChromeTests.java:27)

tests.walletPageTests.AllPageChromeTests.getStartedHeaderWalletPage[https://aimood-stage1.intary.net/en/the-aimood-wallet, Screenshots_St1/](1)  Time elapsed: 4.914 s  <<< FAILURE!
java.lang.AssertionError: *** Images are not similar *** expected [true] but found [false]
	at tests.walletPageTests.AllPageChromeTests.getStartedHeaderWalletPage(AllPageChromeTests.java:45)

tests.walletPageTests.AllPageChromeTests.learnHeaderWalletPage[https://aimood-stage1.intary.net/en/the-aimood-wallet, Screenshots_St1/](1)  Time elapsed: 4.832 s  <<< FAILURE!
java.lang.AssertionError: *** Images are not similar *** expected [true] but found [false]
	at tests.walletPageTests.AllPageChromeTests.learnHeaderWalletPage(AllPageChromeTests.java:63)

tests.walletPageTests.AllPageChromeTests.resourcesHeaderWalletPage[https://aimood-stage1.intary.net/en/the-aimood-wallet, Screenshots_St1/](1)  Time elapsed: 4.88 s  <<< FAILURE!
java.lang.AssertionError: *** Images are not similar *** expected [true] but found [false]
	at tests.walletPageTests.AllPageChromeTests.resourcesHeaderWalletPage(AllPageChromeTests.java:81)

tests.walletPageTests.AllPageChromeTests.mainSectionWalletPage[https://aimood-stage1.intary.net/en/the-aimood-wallet, Screenshots_St1/](1)  Time elapsed: 6.074 s  <<< FAILURE!
java.lang.AssertionError: *** Images are not similar *** expected [true] but found [false]
	at tests.walletPageTests.AllPageChromeTests.mainSectionWalletPage(AllPageChromeTests.java:117)

tests.walletPageTests.AllPageChromeTests.delegatedSectionWalletPage[https://aimood-stage1.intary.net/en/the-aimood-wallet, Screenshots_St1/](1)  Time elapsed: 6.406 s  <<< FAILURE!
java.lang.AssertionError: *** Images are not similar *** expected [true] but found [false]
	at tests.walletPageTests.AllPageChromeTests.delegatedSectionWalletPage(AllPageChromeTests.java:136)

tests.walletPageTests.AllPageChromeTests.allFooterWalletPage[https://aimood-stage1.intary.net/en/the-aimood-wallet, Screenshots_St1/](1)  Time elapsed: 5.976 s  <<< FAILURE!
java.lang.AssertionError: *** Images are not similar *** expected [true] but found [false]
	at tests.walletPageTests.AllPageChromeTests.allFooterWalletPage(AllPageChromeTests.java:157)

tests.stakingPageTests.AllPageFirefoxTests.allHeaderStakingPage[https://aimood-stage1.intary.net/en/stake-delegate, Screenshots_St1/](1)  Time elapsed: 9.805 s  <<< FAILURE!
java.lang.AssertionError: *** Images are not similar *** expected [true] but found [false]
	at tests.stakingPageTests.AllPageFirefoxTests.allHeaderStakingPage(AllPageFirefoxTests.java:26)

tests.stakingPageTests.AllPageFirefoxTests.getStartedHeaderStakingPage[https://aimood-stage1.intary.net/en/stake-delegate, Screenshots_St1/](1)  Time elapsed: 5.59 s  <<< FAILURE!
java.lang.AssertionError: *** Images are not similar *** expected [true] but found [false]
	at tests.stakingPageTests.AllPageFirefoxTests.getStartedHeaderStakingPage(AllPageFirefoxTests.java:44)

tests.stakingPageTests.AllPageFirefoxTests.learnHeaderStakingPage[https://aimood-stage1.intary.net/en/stake-delegate, Screenshots_St1/](1)  Time elapsed: 5.563 s  <<< FAILURE!
java.lang.AssertionError: *** Images are not similar *** expected [true] but found [false]
	at tests.stakingPageTests.AllPageFirefoxTests.learnHeaderStakingPage(AllPageFirefoxTests.java:62)

tests.stakingPageTests.AllPageFirefoxTests.resourcesHeaderStakingPage[https://aimood-stage1.intary.net/en/stake-delegate, Screenshots_St1/](1)  Time elapsed: 5.641 s  <<< FAILURE!
java.lang.AssertionError: *** Images are not similar *** expected [true] but found [false]
	at tests.stakingPageTests.AllPageFirefoxTests.resourcesHeaderStakingPage(AllPageFirefoxTests.java:80)

tests.stakingPageTests.AllPageFirefoxTests.mainSectionStakingPage[https://aimood-stage1.intary.net/en/stake-delegate, Screenshots_St1/](1)  Time elapsed: 6.694 s  <<< FAILURE!
java.lang.AssertionError: *** Images are not similar *** expected [true] but found [false]
	at tests.stakingPageTests.AllPageFirefoxTests.mainSectionStakingPage(AllPageFirefoxTests.java:116)

tests.stakingPageTests.AllPageFirefoxTests.delegatedSectionStakingPage[https://aimood-stage1.intary.net/en/stake-delegate, Screenshots_St1/](1)  Time elapsed: 7.287 s  <<< FAILURE!
java.lang.AssertionError: *** Images are not similar *** expected [true] but found [false]
	at tests.stakingPageTests.AllPageFirefoxTests.delegatedSectionStakingPage(AllPageFirefoxTests.java:135)

tests.stakingPageTests.AllPageFirefoxTests.calcStakSectionStakingPage[https://aimood-stage1.intary.net/en/stake-delegate, Screenshots_St1/](1)  Time elapsed: 9.314 s  <<< FAILURE!
java.lang.AssertionError: *** Images are not similar *** expected [true] but found [false]
	at tests.stakingPageTests.AllPageFirefoxTests.calcStakSectionStakingPage(AllPageFirefoxTests.java:163)

tests.stakingPageTests.AllPageFirefoxTests.allFooterStakingPage[https://aimood-stage1.intary.net/en/stake-delegate, Screenshots_St1/](1)  Time elapsed: 5.66 s  <<< FAILURE!
java.lang.AssertionError: *** Images are not similar *** expected [true] but found [false]
	at tests.stakingPageTests.AllPageFirefoxTests.allFooterStakingPage(AllPageFirefoxTests.java:184)

tests.stakingPageTests.AllPageChromeTests.allHeaderStakingPage[https://aimood-stage1.intary.net/en/stake-delegate, Screenshots_St1/](1)  Time elapsed: 8.891 s  <<< FAILURE!
java.lang.AssertionError: *** Images are not similar *** expected [true] but found [false]
	at tests.stakingPageTests.AllPageChromeTests.allHeaderStakingPage(AllPageChromeTests.java:26)

tests.stakingPageTests.AllPageChromeTests.getStartedHeaderStakingPage[https://aimood-stage1.intary.net/en/stake-delegate, Screenshots_St1/](1)  Time elapsed: 5.903 s  <<< FAILURE!
java.lang.AssertionError: *** Images are not similar *** expected [true] but found [false]
	at tests.stakingPageTests.AllPageChromeTests.getStartedHeaderStakingPage(AllPageChromeTests.java:44)

tests.stakingPageTests.AllPageChromeTests.learnHeaderStakingPage[https://aimood-stage1.intary.net/en/stake-delegate, Screenshots_St1/](1)  Time elapsed: 5.831 s  <<< FAILURE!
java.lang.AssertionError: *** Images are not similar *** expected [true] but found [false]
	at tests.stakingPageTests.AllPageChromeTests.learnHeaderStakingPage(AllPageChromeTests.java:62)

tests.stakingPageTests.AllPageChromeTests.resourcesHeaderStakingPage[https://aimood-stage1.intary.net/en/stake-delegate, Screenshots_St1/](1)  Time elapsed: 5.847 s  <<< FAILURE!
java.lang.AssertionError: *** Images are not similar *** expected [true] but found [false]
	at tests.stakingPageTests.AllPageChromeTests.resourcesHeaderStakingPage(AllPageChromeTests.java:80)

tests.stakingPageTests.AllPageChromeTests.mainSectionStakingPage[https://aimood-stage1.intary.net/en/stake-delegate, Screenshots_St1/](1)  Time elapsed: 7.038 s  <<< FAILURE!
java.lang.AssertionError: *** Images are not similar *** expected [true] but found [false]
	at tests.stakingPageTests.AllPageChromeTests.mainSectionStakingPage(AllPageChromeTests.java:116)

tests.stakingPageTests.AllPageChromeTests.delegatedSectionStakingPage[https://aimood-stage1.intary.net/en/stake-delegate, Screenshots_St1/](1)  Time elapsed: 9.397 s  <<< FAILURE!
java.lang.AssertionError: *** Images are not similar *** expected [true] but found [false]
	at tests.stakingPageTests.AllPageChromeTests.delegatedSectionStakingPage(AllPageChromeTests.java:135)

tests.stakingPageTests.AllPageChromeTests.calcStakSectionStakingPage[https://aimood-stage1.intary.net/en/stake-delegate, Screenshots_St1/](1)  Time elapsed: 9.682 s  <<< FAILURE!
java.lang.AssertionError: *** Images are not similar *** expected [true] but found [false]
	at tests.stakingPageTests.AllPageChromeTests.calcStakSectionStakingPage(AllPageChromeTests.java:164)

tests.stakingPageTests.AllPageChromeTests.allFooterStakingPage[https://aimood-stage1.intary.net/en/stake-delegate, Screenshots_St1/](1)  Time elapsed: 6.002 s  <<< FAILURE!
java.lang.AssertionError: *** Images are not similar *** expected [true] but found [false]
	at tests.stakingPageTests.AllPageChromeTests.allFooterStakingPage(AllPageChromeTests.java:185)

tests.whitePaper.WhitePaperFirefoxTests.getStartedHeaderWhitePaperPage[https://aimood-stage1.intary.net/en/white-paper, Screenshots_St1/](1)  Time elapsed: 5.537 s  <<< FAILURE!
java.lang.AssertionError: *** Images are not similar *** expected [true] but found [false]
	at tests.whitePaper.WhitePaperFirefoxTests.getStartedHeaderWhitePaperPage(WhitePaperFirefoxTests.java:44)

tests.whitePaper.WhitePaperFirefoxTests.learnHeaderWhitePaperPage[https://aimood-stage1.intary.net/en/white-paper, Screenshots_St1/](1)  Time elapsed: 5.486 s  <<< FAILURE!
java.lang.AssertionError: *** Images are not similar *** expected [true] but found [false]
	at tests.whitePaper.WhitePaperFirefoxTests.learnHeaderWhitePaperPage(WhitePaperFirefoxTests.java:62)

tests.whitePaper.WhitePaperFirefoxTests.resourcesHeaderWhitePaperPage[https://aimood-stage1.intary.net/en/white-paper, Screenshots_St1/](1)  Time elapsed: 5.56 s  <<< FAILURE!
java.lang.AssertionError: *** Images are not similar *** expected [true] but found [false]
	at tests.whitePaper.WhitePaperFirefoxTests.resourcesHeaderWhitePaperPage(WhitePaperFirefoxTests.java:116)

tests.whitePaper.WhitePaperFirefoxTests.mainBlockWhitePaperPage[https://aimood-stage1.intary.net/en/white-paper, Screenshots_St1/](1)  Time elapsed: 5.687 s  <<< FAILURE!
java.lang.AssertionError: *** Images are not similar *** expected [true] but found [false]
	at tests.whitePaper.WhitePaperFirefoxTests.mainBlockWhitePaperPage(WhitePaperFirefoxTests.java:134)

tests.whitePaper.WhitePaperFirefoxTests.marketTokenWhitePaperPage[https://aimood-stage1.intary.net/en/white-paper, Screenshots_St1/](1)  Time elapsed: 6.006 s  <<< FAILURE!
java.lang.AssertionError: *** Images are not similar *** expected [true] but found [false]
	at tests.whitePaper.WhitePaperFirefoxTests.marketTokenWhitePaperPage(WhitePaperFirefoxTests.java:153)

tests.whitePaper.WhitePaperFirefoxTests.allFooterWhitePaperPage[https://aimood-stage1.intary.net/en/white-paper, Screenshots_St1/](1)  Time elapsed: 5.735 s  <<< FAILURE!
java.lang.AssertionError: *** Images are not similar *** expected [true] but found [false]
	at tests.whitePaper.WhitePaperFirefoxTests.allFooterWhitePaperPage(WhitePaperFirefoxTests.java:172)

tests.whitePaper.WhitePaperChromeTests.allHeaderWhitePaperPage[https://aimood-stage1.intary.net/en/white-paper, Screenshots_St1/](1)  Time elapsed: 8.476 s  <<< FAILURE!
java.lang.AssertionError: *** Images are not similar *** expected [true] but found [false]
	at tests.whitePaper.WhitePaperChromeTests.allHeaderWhitePaperPage(WhitePaperChromeTests.java:26)

tests.whitePaper.WhitePaperChromeTests.getStartedHeaderWhitePaperPage[https://aimood-stage1.intary.net/en/white-paper, Screenshots_St1/](1)  Time elapsed: 5.842 s  <<< FAILURE!
java.lang.AssertionError: *** Images are not similar *** expected [true] but found [false]
	at tests.whitePaper.WhitePaperChromeTests.getStartedHeaderWhitePaperPage(WhitePaperChromeTests.java:43)

tests.whitePaper.WhitePaperChromeTests.learnHeaderWhitePaperPage[https://aimood-stage1.intary.net/en/white-paper, Screenshots_St1/](1)  Time elapsed: 5.758 s  <<< FAILURE!
java.lang.AssertionError: *** Images are not similar *** expected [true] but found [false]
	at tests.whitePaper.WhitePaperChromeTests.learnHeaderWhitePaperPage(WhitePaperChromeTests.java:62)

tests.whitePaper.WhitePaperChromeTests.resourcesHeaderWhitePaperPage[https://aimood-stage1.intary.net/en/white-paper, Screenshots_St1/](1)  Time elapsed: 5.78 s  <<< FAILURE!
java.lang.AssertionError: *** Images are not similar *** expected [true] but found [false]
	at tests.whitePaper.WhitePaperChromeTests.resourcesHeaderWhitePaperPage(WhitePaperChromeTests.java:117)

tests.whitePaper.WhitePaperChromeTests.mainBlockWhitePaperPage[https://aimood-stage1.intary.net/en/white-paper, Screenshots_St1/](1)  Time elapsed: 5.986 s  <<< FAILURE!
java.lang.AssertionError: *** Images are not similar *** expected [true] but found [false]
	at tests.whitePaper.WhitePaperChromeTests.mainBlockWhitePaperPage(WhitePaperChromeTests.java:135)

tests.whitePaper.WhitePaperChromeTests.EweuimtPage[https://aimood-stage1.intary.net/en/white-paper, Screenshots_St1/](1)  Time elapsed: 6.531 s  <<< FAILURE!
java.lang.AssertionError: *** Images are not similar *** expected [true] but found [false]
	at tests.whitePaper.WhitePaperChromeTests.EweuimtPage(WhitePaperChromeTests.java:154)

tests.whitePaper.WhitePaperChromeTests.allFooterWhitePaperPage[https://aimood-stage1.intary.net/en/white-paper, Screenshots_St1/](1)  Time elapsed: 5.995 s  <<< FAILURE!
java.lang.AssertionError: *** Images are not similar *** expected [true] but found [false]
	at tests.whitePaper.WhitePaperChromeTests.allFooterWhitePaperPage(WhitePaperChromeTests.java:173)

tests.WhatIsAimood.WhatIsAimoodFirefoxTests.allHeaderWhatIsAimoodPage[https://aimood-stage1.intary.net/en/what-is-aimood, Screenshots_St1/](1)  Time elapsed: 11.225 s  <<< FAILURE!
java.lang.AssertionError: *** Images are not similar *** expected [true] but found [false]
	at tests.WhatIsAimood.WhatIsAimoodFirefoxTests.allHeaderWhatIsAimoodPage(WhatIsAimoodFirefoxTests.java:27)

tests.WhatIsAimood.WhatIsAimoodFirefoxTests.getStartedHeaderWhatIsAimoodPage[https://aimood-stage1.intary.net/en/what-is-aimood, Screenshots_St1/](1)  Time elapsed: 4.642 s  <<< FAILURE!
java.lang.AssertionError: *** Images are not similar *** expected [true] but found [false]
	at tests.WhatIsAimood.WhatIsAimoodFirefoxTests.getStartedHeaderWhatIsAimoodPage(WhatIsAimoodFirefoxTests.java:44)

tests.WhatIsAimood.WhatIsAimoodFirefoxTests.learnHeaderWhatIsAimoodPage[https://aimood-stage1.intary.net/en/what-is-aimood, Screenshots_St1/](1)  Time elapsed: 4.649 s  <<< FAILURE!
java.lang.AssertionError: *** Images are not similar *** expected [true] but found [false]
	at tests.WhatIsAimood.WhatIsAimoodFirefoxTests.learnHeaderWhatIsAimoodPage(WhatIsAimoodFirefoxTests.java:62)

tests.WhatIsAimood.WhatIsAimoodFirefoxTests.resourcesHeaderWhatIsAimoodPage[https://aimood-stage1.intary.net/en/what-is-aimood, Screenshots_St1/](1)  Time elapsed: 4.622 s  <<< FAILURE!
java.lang.AssertionError: *** Images are not similar *** expected [true] but found [false]
	at tests.WhatIsAimood.WhatIsAimoodFirefoxTests.resourcesHeaderWhatIsAimoodPage(WhatIsAimoodFirefoxTests.java:80)

tests.WhatIsAimood.WhatIsAimoodFirefoxTests.mainBlockWhatIsAimoodPage[https://aimood-stage1.intary.net/en/what-is-aimood, Screenshots_St1/](1)  Time elapsed: 5.714 s  <<< FAILURE!
java.lang.AssertionError: *** Images are not similar *** expected [true] but found [false]
	at tests.WhatIsAimood.WhatIsAimoodFirefoxTests.mainBlockWhatIsAimoodPage(WhatIsAimoodFirefoxTests.java:115)

tests.WhatIsAimood.WhatIsAimoodFirefoxTests.whyChooseWhatIsAimoodPage[https://aimood-stage1.intary.net/en/what-is-aimood, Screenshots_St1/](1)  Time elapsed: 6.232 s  <<< FAILURE!
java.lang.AssertionError: *** Images are not similar *** expected [true] but found [false]
	at tests.WhatIsAimood.WhatIsAimoodFirefoxTests.whyChooseWhatIsAimoodPage(WhatIsAimoodFirefoxTests.java:134)

tests.WhatIsAimood.WhatIsAimoodFirefoxTests.ecosystemWhatIsAimoodPage[https://aimood-stage1.intary.net/en/what-is-aimood, Screenshots_St1/](1)  Time elapsed: 6.307 s  <<< FAILURE!
java.lang.AssertionError: *** Images are not similar *** expected [true] but found [false]
	at tests.WhatIsAimood.WhatIsAimoodFirefoxTests.ecosystemWhatIsAimoodPage(WhatIsAimoodFirefoxTests.java:151)

tests.WhatIsAimood.WhatIsAimoodFirefoxTests.allFooterWhatIsAimoodPage[https://aimood-stage1.intary.net/en/what-is-aimood, Screenshots_St1/](1)  Time elapsed: 5.719 s  <<< FAILURE!
java.lang.AssertionError: *** Images are not similar *** expected [true] but found [false]
	at tests.WhatIsAimood.WhatIsAimoodFirefoxTests.allFooterWhatIsAimoodPage(WhatIsAimoodFirefoxTests.java:170)

tests.WhatIsAimood.WhatIsAimoodChromeTests.getStartedHeaderWhatIsAimoodPage[https://aimood-stage1.intary.net/en/what-is-aimood, Screenshots_St1/](1)  Time elapsed: 4.906 s  <<< FAILURE!
java.lang.AssertionError: *** Images are not similar *** expected [true] but found [false]
	at tests.WhatIsAimood.WhatIsAimoodChromeTests.getStartedHeaderWhatIsAimoodPage(WhatIsAimoodChromeTests.java:44)

tests.WhatIsAimood.WhatIsAimoodChromeTests.learnHeaderWhatIsAimoodPage[https://aimood-stage1.intary.net/en/what-is-aimood, Screenshots_St1/](1)  Time elapsed: 4.912 s  <<< FAILURE!
java.lang.AssertionError: *** Images are not similar *** expected [true] but found [false]
	at tests.WhatIsAimood.WhatIsAimoodChromeTests.learnHeaderWhatIsAimoodPage(WhatIsAimoodChromeTests.java:62)

tests.WhatIsAimood.WhatIsAimoodChromeTests.resourcesHeaderWhatIsAimoodPage[https://aimood-stage1.intary.net/en/what-is-aimood, Screenshots_St1/](1)  Time elapsed: 4.864 s  <<< FAILURE!
java.lang.AssertionError: *** Images are not similar *** expected [true] but found [false]
	at tests.WhatIsAimood.WhatIsAimoodChromeTests.resourcesHeaderWhatIsAimoodPage(WhatIsAimoodChromeTests.java:80)

tests.WhatIsAimood.WhatIsAimoodChromeTests.mainBlockWhatIsAimoodPage[https://aimood-stage1.intary.net/en/what-is-aimood, Screenshots_St1/](1)  Time elapsed: 5.948 s  <<< FAILURE!
java.lang.AssertionError: *** Images are not similar *** expected [true] but found [false]
	at tests.WhatIsAimood.WhatIsAimoodChromeTests.mainBlockWhatIsAimoodPage(WhatIsAimoodChromeTests.java:115)

tests.WhatIsAimood.WhatIsAimoodChromeTests.whyChooseWhatIsAimoodPage[https://aimood-stage1.intary.net/en/what-is-aimood, Screenshots_St1/](1)  Time elapsed: 6.36 s  <<< FAILURE!
java.lang.AssertionError: *** Images are not similar *** expected [true] but found [false]
	at tests.WhatIsAimood.WhatIsAimoodChromeTests.whyChooseWhatIsAimoodPage(WhatIsAimoodChromeTests.java:134)

tests.WhatIsAimood.WhatIsAimoodChromeTests.ecosystemWhatIsAimoodPage[https://aimood-stage1.intary.net/en/what-is-aimood, Screenshots_St1/](1)  Time elapsed: 6.517 s  <<< FAILURE!
java.lang.AssertionError: *** Images are not similar *** expected [true] but found [false]
	at tests.WhatIsAimood.WhatIsAimoodChromeTests.ecosystemWhatIsAimoodPage(WhatIsAimoodChromeTests.java:151)

tests.WhatIsAimood.WhatIsAimoodChromeTests.allFooterWhatIsAimoodPage[https://aimood-stage1.intary.net/en/what-is-aimood, Screenshots_St1/](1)  Time elapsed: 6.053 s  <<< FAILURE!
java.lang.AssertionError: *** Images are not similar *** expected [true] but found [false]
	at tests.WhatIsAimood.WhatIsAimoodChromeTests.allFooterWhatIsAimoodPage(WhatIsAimoodChromeTests.java:170)

tests.SignIn.SignInFirefoxTests.allHeaderMainPage  Time elapsed: 6.704 s  <<< FAILURE!
org.testng.TestNGException: 

Parameter 'SignIn_page' is required by @Test on method allHeaderMainPage but has not been marked @Optional or defined
in D:\jenkins-agent-data\workspace\pixelPerfectMultiPlatform_AI_Mood_St1\testngMasterStage1.xml

tests.SignIn.SignInFirefoxTests.mainBlockWhitePaperPage  Time elapsed: 6.705 s  <<< FAILURE!
org.testng.TestNGException: 

Parameter 'SignIn_page' is required by @Test on method mainBlockWhitePaperPage but has not been marked @Optional or defined
in D:\jenkins-agent-data\workspace\pixelPerfectMultiPlatform_AI_Mood_St1\testngMasterStage1.xml

tests.SignIn.SignInFirefoxTests.Forgot  Time elapsed: 6.705 s  <<< FAILURE!
org.testng.TestNGException: 

Parameter 'SignIn_page' is required by @Test on method Forgot but has not been marked @Optional or defined
in D:\jenkins-agent-data\workspace\pixelPerfectMultiPlatform_AI_Mood_St1\testngMasterStage1.xml

tests.SignIn.SignInFirefoxTests.Dont  Time elapsed: 6.706 s  <<< FAILURE!
org.testng.TestNGException: 

Parameter 'SignIn_page' is required by @Test on method Dont but has not been marked @Optional or defined
in D:\jenkins-agent-data\workspace\pixelPerfectMultiPlatform_AI_Mood_St1\testngMasterStage1.xml

tests.SignIn.SignInFirefoxTests.allPageSignInPage  Time elapsed: 6.706 s  <<< FAILURE!
org.testng.TestNGException: 

Parameter 'SignIn_page' is required by @Test on method allPageSignInPage but has not been marked @Optional or defined
in D:\jenkins-agent-data\workspace\pixelPerfectMultiPlatform_AI_Mood_St1\testngMasterStage1.xml

tests.SignIn.SignInFirefoxTests.allFooterMainPage  Time elapsed: 6.706 s  <<< FAILURE!
org.testng.TestNGException: 

Parameter 'SignIn_page' is required by @Test on method allFooterMainPage but has not been marked @Optional or defined
in D:\jenkins-agent-data\workspace\pixelPerfectMultiPlatform_AI_Mood_St1\testngMasterStage1.xml

tests.SignIn.SignInFirefoxTests.tearDown  Time elapsed: 6.707 s  <<< FAILURE!
java.lang.NullPointerException

tests.SignIn.SignInChromeTests.allHeaderMainPage  Time elapsed: 6.708 s  <<< FAILURE!
org.testng.TestNGException: 

Parameter 'SignIn_page' is required by @Test on method allHeaderMainPage but has not been marked @Optional or defined
in D:\jenkins-agent-data\workspace\pixelPerfectMultiPlatform_AI_Mood_St1\testngMasterStage1.xml

tests.SignIn.SignInChromeTests.mainBlockWhitePaperPage  Time elapsed: 6.708 s  <<< FAILURE!
org.testng.TestNGException: 

Parameter 'SignIn_page' is required by @Test on method mainBlockWhitePaperPage but has not been marked @Optional or defined
in D:\jenkins-agent-data\workspace\pixelPerfectMultiPlatform_AI_Mood_St1\testngMasterStage1.xml

tests.SignIn.SignInChromeTests.Forgot  Time elapsed: 6.709 s  <<< FAILURE!
org.testng.TestNGException: 

Parameter 'SignIn_page' is required by @Test on method Forgot but has not been marked @Optional or defined
in D:\jenkins-agent-data\workspace\pixelPerfectMultiPlatform_AI_Mood_St1\testngMasterStage1.xml

tests.SignIn.SignInChromeTests.Dont  Time elapsed: 6.709 s  <<< FAILURE!
org.testng.TestNGException: 

Parameter 'SignIn_page' is required by @Test on method Dont but has not been marked @Optional or defined
in D:\jenkins-agent-data\workspace\pixelPerfectMultiPlatform_AI_Mood_St1\testngMasterStage1.xml

tests.SignIn.SignInChromeTests.allPageSignInPage  Time elapsed: 6.71 s  <<< FAILURE!
org.testng.TestNGException: 

Parameter 'SignIn_page' is required by @Test on method allPageSignInPage but has not been marked @Optional or defined
in D:\jenkins-agent-data\workspace\pixelPerfectMultiPlatform_AI_Mood_St1\testngMasterStage1.xml

tests.SignIn.SignInChromeTests.allFooterMainPage  Time elapsed: 6.71 s  <<< FAILURE!
org.testng.TestNGException: 

Parameter 'SignIn_page' is required by @Test on method allFooterMainPage but has not been marked @Optional or defined
in D:\jenkins-agent-data\workspace\pixelPerfectMultiPlatform_AI_Mood_St1\testngMasterStage1.xml

tests.SignIn.SignInChromeTests.tearDown  Time elapsed: 6.71 s  <<< FAILURE!
java.lang.NullPointerException

tests.SignUp.SignUpFirefoxTests.allHeaderSignUpPage  Time elapsed: 6.711 s  <<< FAILURE!
org.testng.TestNGException: 

Parameter 'SignUp_page' is required by @Test on method allHeaderSignUpPage but has not been marked @Optional or defined
in D:\jenkins-agent-data\workspace\pixelPerfectMultiPlatform_AI_Mood_St1\testngMasterStage1.xml

tests.SignUp.SignUpFirefoxTests.mainBlockWhitePaperPage  Time elapsed: 6.711 s  <<< FAILURE!
org.testng.TestNGException: 

Parameter 'SignUp_page' is required by @Test on method mainBlockWhitePaperPage but has not been marked @Optional or defined
in D:\jenkins-agent-data\workspace\pixelPerfectMultiPlatform_AI_Mood_St1\testngMasterStage1.xml

tests.SignUp.SignUpFirefoxTests.Already  Time elapsed: 6.711 s  <<< FAILURE!
org.testng.TestNGException: 

Parameter 'SignUp_page' is required by @Test on method Already but has not been marked @Optional or defined
in D:\jenkins-agent-data\workspace\pixelPerfectMultiPlatform_AI_Mood_St1\testngMasterStage1.xml

tests.SignUp.SignUpFirefoxTests.allPageSignUpPage  Time elapsed: 6.712 s  <<< FAILURE!
org.testng.TestNGException: 

Parameter 'SignUp_page' is required by @Test on method allPageSignUpPage but has not been marked @Optional or defined
in D:\jenkins-agent-data\workspace\pixelPerfectMultiPlatform_AI_Mood_St1\testngMasterStage1.xml

tests.SignUp.SignUpFirefoxTests.allFooterSignUp  Time elapsed: 6.712 s  <<< FAILURE!
org.testng.TestNGException: 

Parameter 'SignUp_page' is required by @Test on method allFooterSignUp but has not been marked @Optional or defined
in D:\jenkins-agent-data\workspace\pixelPerfectMultiPlatform_AI_Mood_St1\testngMasterStage1.xml

tests.SignUp.SignUpFirefoxTests.tearDown  Time elapsed: 6.713 s  <<< FAILURE!
java.lang.NullPointerException

tests.SignUp.SignUpChromeTests.allHeaderSignUpPage  Time elapsed: 6.713 s  <<< FAILURE!
org.testng.TestNGException: 

Parameter 'SignUp_page' is required by @Test on method allHeaderSignUpPage but has not been marked @Optional or defined
in D:\jenkins-agent-data\workspace\pixelPerfectMultiPlatform_AI_Mood_St1\testngMasterStage1.xml

tests.SignUp.SignUpChromeTests.mainBlockWhitePaperPage  Time elapsed: 6.713 s  <<< FAILURE!
org.testng.TestNGException: 

Parameter 'SignUp_page' is required by @Test on method mainBlockWhitePaperPage but has not been marked @Optional or defined
in D:\jenkins-agent-data\workspace\pixelPerfectMultiPlatform_AI_Mood_St1\testngMasterStage1.xml

tests.SignUp.SignUpChromeTests.Already  Time elapsed: 6.714 s  <<< FAILURE!
org.testng.TestNGException: 

Parameter 'SignUp_page' is required by @Test on method Already but has not been marked @Optional or defined
in D:\jenkins-agent-data\workspace\pixelPerfectMultiPlatform_AI_Mood_St1\testngMasterStage1.xml

tests.SignUp.SignUpChromeTests.allPageSignUpPage  Time elapsed: 6.714 s  <<< FAILURE!
org.testng.TestNGException: 

Parameter 'SignUp_page' is required by @Test on method allPageSignUpPage but has not been marked @Optional or defined
in D:\jenkins-agent-data\workspace\pixelPerfectMultiPlatform_AI_Mood_St1\testngMasterStage1.xml

tests.SignUp.SignUpChromeTests.allFooterSignUp  Time elapsed: 6.715 s  <<< FAILURE!
org.testng.TestNGException: 

Parameter 'SignUp_page' is required by @Test on method allFooterSignUp but has not been marked @Optional or defined
in D:\jenkins-agent-data\workspace\pixelPerfectMultiPlatform_AI_Mood_St1\testngMasterStage1.xml

tests.SignUp.SignUpChromeTests.tearDown  Time elapsed: 6.715 s  <<< FAILURE!
java.lang.NullPointerException

tests.resetPasswordPageTests.AllPageFirefoxTests.allHeaderResetPasswordPage[https://aimood-stage1.intary.net/en/reset-password-1, Screenshots_St1/](1)  Time elapsed: 8.379 s  <<< FAILURE!
java.lang.AssertionError: *** Images are not similar *** expected [true] but found [false]
	at tests.resetPasswordPageTests.AllPageFirefoxTests.allHeaderResetPasswordPage(AllPageFirefoxTests.java:25)

tests.resetPasswordPageTests.AllPageFirefoxTests.getStartedHeaderResetPasswordPage[https://aimood-stage1.intary.net/en/reset-password-1, Screenshots_St1/](1)  Time elapsed: 4.7 s  <<< FAILURE!
java.lang.AssertionError: *** Images are not similar *** expected [true] but found [false]
	at tests.resetPasswordPageTests.AllPageFirefoxTests.getStartedHeaderResetPasswordPage(AllPageFirefoxTests.java:43)

tests.resetPasswordPageTests.AllPageFirefoxTests.learnHeaderResetPasswordPage[https://aimood-stage1.intary.net/en/reset-password-1, Screenshots_St1/](1)  Time elapsed: 4.657 s  <<< FAILURE!
java.lang.AssertionError: *** Images are not similar *** expected [true] but found [false]
	at tests.resetPasswordPageTests.AllPageFirefoxTests.learnHeaderResetPasswordPage(AllPageFirefoxTests.java:61)

tests.resetPasswordPageTests.AllPageFirefoxTests.resourcesHeaderResetPasswordPage[https://aimood-stage1.intary.net/en/reset-password-1, Screenshots_St1/](1)  Time elapsed: 4.703 s  <<< FAILURE!
java.lang.AssertionError: *** Images are not similar *** expected [true] but found [false]
	at tests.resetPasswordPageTests.AllPageFirefoxTests.resourcesHeaderResetPasswordPage(AllPageFirefoxTests.java:79)

tests.resetPasswordPageTests.AllPageFirefoxTests.mainSectionResetPasswordPage[https://aimood-stage1.intary.net/en/reset-password-1, Screenshots_St1/](1)  Time elapsed: 6.757 s  <<< FAILURE!
java.lang.AssertionError: *** Images are not similar *** expected [true] but found [false]
	at tests.resetPasswordPageTests.AllPageFirefoxTests.mainSectionResetPasswordPage(AllPageFirefoxTests.java:115)

tests.resetPasswordPageTests.AllPageFirefoxTests.allFooterResetPasswordPage[https://aimood-stage1.intary.net/en/reset-password-1, Screenshots_St1/](1)  Time elapsed: 5.77 s  <<< FAILURE!
java.lang.AssertionError: *** Images are not similar *** expected [true] but found [false]
	at tests.resetPasswordPageTests.AllPageFirefoxTests.allFooterResetPasswordPage(AllPageFirefoxTests.java:137)

tests.resetPasswordPageTests.AllPageChromeTests.allHeaderResetPasswordPage[https://aimood-stage1.intary.net/en/reset-password-1, Screenshots_St1/](1)  Time elapsed: 8.178 s  <<< FAILURE!
java.lang.AssertionError: *** Images are not similar *** expected [true] but found [false]
	at tests.resetPasswordPageTests.AllPageChromeTests.allHeaderResetPasswordPage(AllPageChromeTests.java:26)

tests.resetPasswordPageTests.AllPageChromeTests.getStartedHeaderResetPasswordPage[https://aimood-stage1.intary.net/en/reset-password-1, Screenshots_St1/](1)  Time elapsed: 4.925 s  <<< FAILURE!
java.lang.AssertionError: *** Images are not similar *** expected [true] but found [false]
	at tests.resetPasswordPageTests.AllPageChromeTests.getStartedHeaderResetPasswordPage(AllPageChromeTests.java:44)

tests.resetPasswordPageTests.AllPageChromeTests.learnHeaderResetPasswordPage[https://aimood-stage1.intary.net/en/reset-password-1, Screenshots_St1/](1)  Time elapsed: 4.848 s  <<< FAILURE!
java.lang.AssertionError: *** Images are not similar *** expected [true] but found [false]
	at tests.resetPasswordPageTests.AllPageChromeTests.learnHeaderResetPasswordPage(AllPageChromeTests.java:62)

tests.resetPasswordPageTests.AllPageChromeTests.resourcesHeaderResetPasswordPage[https://aimood-stage1.intary.net/en/reset-password-1, Screenshots_St1/](1)  Time elapsed: 4.914 s  <<< FAILURE!
java.lang.AssertionError: *** Images are not similar *** expected [true] but found [false]
	at tests.resetPasswordPageTests.AllPageChromeTests.resourcesHeaderResetPasswordPage(AllPageChromeTests.java:80)

tests.resetPasswordPageTests.AllPageChromeTests.mainSectionResetPasswordPage[https://aimood-stage1.intary.net/en/reset-password-1, Screenshots_St1/](1)  Time elapsed: 6.934 s  <<< FAILURE!
java.lang.AssertionError: *** Images are not similar *** expected [true] but found [false]
	at tests.resetPasswordPageTests.AllPageChromeTests.mainSectionResetPasswordPage(AllPageChromeTests.java:116)

tests.resetPasswordPageTests.AllPageChromeTests.allFooterResetPasswordPage[https://aimood-stage1.intary.net/en/reset-password-1, Screenshots_St1/](1)  Time elapsed: 5.961 s  <<< FAILURE!
java.lang.AssertionError: *** Images are not similar *** expected [true] but found [false]
	at tests.resetPasswordPageTests.AllPageChromeTests.allFooterResetPasswordPage(AllPageChromeTests.java:138)

tests.resetPasswordPage2Tests.AllPageFirefoxTests.allHeaderResetPasswordPage2[https://aimood-stage1.intary.net/en/reset-password-2, Screenshots_St1/](1)  Time elapsed: 8.493 s  <<< FAILURE!
java.lang.AssertionError: *** Images are not similar *** expected [true] but found [false]
	at tests.resetPasswordPage2Tests.AllPageFirefoxTests.allHeaderResetPasswordPage2(AllPageFirefoxTests.java:26)

tests.resetPasswordPage2Tests.AllPageFirefoxTests.getStartedHeaderResetPasswordPage2[https://aimood-stage1.intary.net/en/reset-password-2, Screenshots_St1/](1)  Time elapsed: 4.7 s  <<< FAILURE!
java.lang.AssertionError: *** Images are not similar *** expected [true] but found [false]
	at tests.resetPasswordPage2Tests.AllPageFirefoxTests.getStartedHeaderResetPasswordPage2(AllPageFirefoxTests.java:44)

tests.resetPasswordPage2Tests.AllPageFirefoxTests.learnHeaderResetPasswordPage2[https://aimood-stage1.intary.net/en/reset-password-2, Screenshots_St1/](1)  Time elapsed: 4.665 s  <<< FAILURE!
java.lang.AssertionError: *** Images are not similar *** expected [true] but found [false]
	at tests.resetPasswordPage2Tests.AllPageFirefoxTests.learnHeaderResetPasswordPage2(AllPageFirefoxTests.java:62)

tests.resetPasswordPage2Tests.AllPageFirefoxTests.resourcesHeaderResetPasswordPage2[https://aimood-stage1.intary.net/en/reset-password-2, Screenshots_St1/](1)  Time elapsed: 4.725 s  <<< FAILURE!
java.lang.AssertionError: *** Images are not similar *** expected [true] but found [false]
	at tests.resetPasswordPage2Tests.AllPageFirefoxTests.resourcesHeaderResetPasswordPage2(AllPageFirefoxTests.java:80)

tests.resetPasswordPage2Tests.AllPageFirefoxTests.mainSectionResetPasswordPage2[https://aimood-stage1.intary.net/en/reset-password-2, Screenshots_St1/](1)  Time elapsed: 6.756 s  <<< FAILURE!
java.lang.AssertionError: *** Images are not similar *** expected [true] but found [false]
	at tests.resetPasswordPage2Tests.AllPageFirefoxTests.mainSectionResetPasswordPage2(AllPageFirefoxTests.java:116)

tests.resetPasswordPage2Tests.AllPageFirefoxTests.allFooterResetPasswordPage2[https://aimood-stage1.intary.net/en/reset-password-2, Screenshots_St1/](1)  Time elapsed: 5.774 s  <<< FAILURE!
java.lang.AssertionError: *** Images are not similar *** expected [true] but found [false]
	at tests.resetPasswordPage2Tests.AllPageFirefoxTests.allFooterResetPasswordPage2(AllPageFirefoxTests.java:138)

tests.resetPasswordPage2Tests.AllPageChromeTests.allHeaderResetPasswordPage2[https://aimood-stage1.intary.net/en/reset-password-2, Screenshots_St1/](1)  Time elapsed: 8.362 s  <<< FAILURE!
java.lang.AssertionError: *** Images are not similar *** expected [true] but found [false]
	at tests.resetPasswordPage2Tests.AllPageChromeTests.allHeaderResetPasswordPage2(AllPageChromeTests.java:26)

tests.resetPasswordPage2Tests.AllPageChromeTests.getStartedHeaderResetPasswordPage2[https://aimood-stage1.intary.net/en/reset-password-2, Screenshots_St1/](1)  Time elapsed: 4.895 s  <<< FAILURE!
java.lang.AssertionError: *** Images are not similar *** expected [true] but found [false]
	at tests.resetPasswordPage2Tests.AllPageChromeTests.getStartedHeaderResetPasswordPage2(AllPageChromeTests.java:44)

tests.resetPasswordPage2Tests.AllPageChromeTests.learnHeaderResetPasswordPage2[https://aimood-stage1.intary.net/en/reset-password-2, Screenshots_St1/](1)  Time elapsed: 4.898 s  <<< FAILURE!
java.lang.AssertionError: *** Images are not similar *** expected [true] but found [false]
	at tests.resetPasswordPage2Tests.AllPageChromeTests.learnHeaderResetPasswordPage2(AllPageChromeTests.java:62)

tests.resetPasswordPage2Tests.AllPageChromeTests.resourcesHeaderResetPasswordPage2[https://aimood-stage1.intary.net/en/reset-password-2, Screenshots_St1/](1)  Time elapsed: 4.865 s  <<< FAILURE!
java.lang.AssertionError: *** Images are not similar *** expected [true] but found [false]
	at tests.resetPasswordPage2Tests.AllPageChromeTests.resourcesHeaderResetPasswordPage2(AllPageChromeTests.java:80)

tests.resetPasswordPage2Tests.AllPageChromeTests.mainSectionResetPasswordPage2[https://aimood-stage1.intary.net/en/reset-password-2, Screenshots_St1/](1)  Time elapsed: 6.959 s  <<< FAILURE!
java.lang.AssertionError: *** Images are not similar *** expected [true] but found [false]
	at tests.resetPasswordPage2Tests.AllPageChromeTests.mainSectionResetPasswordPage2(AllPageChromeTests.java:116)

tests.resetPasswordPage2Tests.AllPageChromeTests.allFooterResetPasswordPage2[https://aimood-stage1.intary.net/en/reset-password-2, Screenshots_St1/](1)  Time elapsed: 12.452 s  <<< FAILURE!
java.lang.AssertionError: *** Images are not similar *** expected [true] but found [false]
	at tests.resetPasswordPage2Tests.AllPageChromeTests.allFooterResetPasswordPage2(AllPageChromeTests.java:138)

tests.signInPageTests.AllPageFirefoxTests.allHeaderSignInPage[https://aimood-stage1.intary.net/en/login, Screenshots_St1/](1)  Time elapsed: 30.422 s  <<< FAILURE!
java.lang.AssertionError: *** Images are not similar *** expected [true] but found [false]
	at tests.signInPageTests.AllPageFirefoxTests.allHeaderSignInPage(AllPageFirefoxTests.java:25)

tests.signInPageTests.AllPageFirefoxTests.getStartedHeaderSignInPage[https://aimood-stage1.intary.net/en/login, Screenshots_St1/](1)  Time elapsed: 4.718 s  <<< FAILURE!
java.lang.AssertionError: *** Images are not similar *** expected [true] but found [false]
	at tests.signInPageTests.AllPageFirefoxTests.getStartedHeaderSignInPage(AllPageFirefoxTests.java:43)

tests.signInPageTests.AllPageFirefoxTests.learnHeaderSignInPage[https://aimood-stage1.intary.net/en/login, Screenshots_St1/](1)  Time elapsed: 4.72 s  <<< FAILURE!
java.lang.AssertionError: *** Images are not similar *** expected [true] but found [false]
	at tests.signInPageTests.AllPageFirefoxTests.learnHeaderSignInPage(AllPageFirefoxTests.java:61)

tests.signInPageTests.AllPageFirefoxTests.resourcesHeaderSignInPage[https://aimood-stage1.intary.net/en/login, Screenshots_St1/](1)  Time elapsed: 4.791 s  <<< FAILURE!
java.lang.AssertionError: *** Images are not similar *** expected [true] but found [false]
	at tests.signInPageTests.AllPageFirefoxTests.resourcesHeaderSignInPage(AllPageFirefoxTests.java:79)

tests.signInPageTests.AllPageFirefoxTests.mainSectionSignInPage[https://aimood-stage1.intary.net/en/login, Screenshots_St1/](1)  Time elapsed: 6.76 s  <<< FAILURE!
java.lang.AssertionError: *** Images are not similar *** expected [true] but found [false]
	at tests.signInPageTests.AllPageFirefoxTests.mainSectionSignInPage(AllPageFirefoxTests.java:115)

tests.signInPageTests.AllPageFirefoxTests.allFooterSignInPage[https://aimood-stage1.intary.net/en/login, Screenshots_St1/](1)  Time elapsed: 5.831 s  <<< FAILURE!
java.lang.AssertionError: *** Images are not similar *** expected [true] but found [false]
	at tests.signInPageTests.AllPageFirefoxTests.allFooterSignInPage(AllPageFirefoxTests.java:137)

tests.signInPageTests.AllPageChromeTests.allHeaderSignInPage[https://aimood-stage1.intary.net/en/login, Screenshots_St1/](1)  Time elapsed: 9.21 s  <<< FAILURE!
java.lang.AssertionError: *** Images are not similar *** expected [true] but found [false]
	at tests.signInPageTests.AllPageChromeTests.allHeaderSignInPage(AllPageChromeTests.java:26)

tests.signInPageTests.AllPageChromeTests.getStartedHeaderSignInPage[https://aimood-stage1.intary.net/en/login, Screenshots_St1/](1)  Time elapsed: 4.965 s  <<< FAILURE!
java.lang.AssertionError: *** Images are not similar *** expected [true] but found [false]
	at tests.signInPageTests.AllPageChromeTests.getStartedHeaderSignInPage(AllPageChromeTests.java:44)

tests.signInPageTests.AllPageChromeTests.learnHeaderSignInPage[https://aimood-stage1.intary.net/en/login, Screenshots_St1/](1)  Time elapsed: 4.867 s  <<< FAILURE!
java.lang.AssertionError: *** Images are not similar *** expected [true] but found [false]
	at tests.signInPageTests.AllPageChromeTests.learnHeaderSignInPage(AllPageChromeTests.java:62)

tests.signInPageTests.AllPageChromeTests.resourcesHeaderSignInPage[https://aimood-stage1.intary.net/en/login, Screenshots_St1/](1)  Time elapsed: 4.861 s  <<< FAILURE!
java.lang.AssertionError: *** Images are not similar *** expected [true] but found [false]
	at tests.signInPageTests.AllPageChromeTests.resourcesHeaderSignInPage(AllPageChromeTests.java:80)

tests.signInPageTests.AllPageChromeTests.mainSectionSignInPage[https://aimood-stage1.intary.net/en/login, Screenshots_St1/](1)  Time elapsed: 7.003 s  <<< FAILURE!
java.lang.AssertionError: *** Images are not similar *** expected [true] but found [false]
	at tests.signInPageTests.AllPageChromeTests.mainSectionSignInPage(AllPageChromeTests.java:116)

tests.signInPageTests.AllPageChromeTests.allFooterSignInPage[https://aimood-stage1.intary.net/en/login, Screenshots_St1/](1)  Time elapsed: 5.982 s  <<< FAILURE!
java.lang.AssertionError: *** Images are not similar *** expected [true] but found [false]
	at tests.signInPageTests.AllPageChromeTests.allFooterSignInPage(AllPageChromeTests.java:138)

tests.signUpPageTests.AllPageFirefoxTests.allHeaderSignUpPage[https://aimood-stage1.intary.net/en/register, Screenshots_St1/](1)  Time elapsed: 8.927 s  <<< FAILURE!
java.lang.AssertionError: *** Images are not similar *** expected [true] but found [false]
	at tests.signUpPageTests.AllPageFirefoxTests.allHeaderSignUpPage(AllPageFirefoxTests.java:26)

tests.signUpPageTests.AllPageFirefoxTests.getStartedHeaderSignUpPage[https://aimood-stage1.intary.net/en/register, Screenshots_St1/](1)  Time elapsed: 4.686 s  <<< FAILURE!
java.lang.AssertionError: *** Images are not similar *** expected [true] but found [false]
	at tests.signUpPageTests.AllPageFirefoxTests.getStartedHeaderSignUpPage(AllPageFirefoxTests.java:44)

tests.signUpPageTests.AllPageFirefoxTests.learnHeaderSignUpPage[https://aimood-stage1.intary.net/en/register, Screenshots_St1/](1)  Time elapsed: 4.669 s  <<< FAILURE!
java.lang.AssertionError: *** Images are not similar *** expected [true] but found [false]
	at tests.signUpPageTests.AllPageFirefoxTests.learnHeaderSignUpPage(AllPageFirefoxTests.java:62)

tests.signUpPageTests.AllPageFirefoxTests.resourcesHeaderSignUpPage[https://aimood-stage1.intary.net/en/register, Screenshots_St1/](1)  Time elapsed: 4.768 s  <<< FAILURE!
java.lang.AssertionError: *** Images are not similar *** expected [true] but found [false]
	at tests.signUpPageTests.AllPageFirefoxTests.resourcesHeaderSignUpPage(AllPageFirefoxTests.java:80)

tests.signUpPageTests.AllPageFirefoxTests.mainSectionSignUpPage[https://aimood-stage1.intary.net/en/register, Screenshots_St1/](1)  Time elapsed: 6.722 s  <<< FAILURE!
java.lang.AssertionError: *** Images are not similar *** expected [true] but found [false]
	at tests.signUpPageTests.AllPageFirefoxTests.mainSectionSignUpPage(AllPageFirefoxTests.java:116)

tests.signUpPageTests.AllPageFirefoxTests.allFooterSignUpPage[https://aimood-stage1.intary.net/en/register, Screenshots_St1/](1)  Time elapsed: 5.769 s  <<< FAILURE!
java.lang.AssertionError: *** Images are not similar *** expected [true] but found [false]
	at tests.signUpPageTests.AllPageFirefoxTests.allFooterSignUpPage(AllPageFirefoxTests.java:138)

tests.signUpPageTests.AllPageChromeTests.allHeaderSignUpPage[https://aimood-stage1.intary.net/en/register, Screenshots_St1/](1)  Time elapsed: 7.968 s  <<< FAILURE!
java.lang.AssertionError: *** Images are not similar *** expected [true] but found [false]
	at tests.signUpPageTests.AllPageChromeTests.allHeaderSignUpPage(AllPageChromeTests.java:25)

tests.signUpPageTests.AllPageChromeTests.getStartedHeaderSignUpPage[https://aimood-stage1.intary.net/en/register, Screenshots_St1/](1)  Time elapsed: 4.943 s  <<< FAILURE!
java.lang.AssertionError: *** Images are not similar *** expected [true] but found [false]
	at tests.signUpPageTests.AllPageChromeTests.getStartedHeaderSignUpPage(AllPageChromeTests.java:43)

tests.signUpPageTests.AllPageChromeTests.learnHeaderSignUpPage[https://aimood-stage1.intary.net/en/register, Screenshots_St1/](1)  Time elapsed: 4.897 s  <<< FAILURE!
java.lang.AssertionError: *** Images are not similar *** expected [true] but found [false]
	at tests.signUpPageTests.AllPageChromeTests.learnHeaderSignUpPage(AllPageChromeTests.java:61)

tests.signUpPageTests.AllPageChromeTests.resourcesHeaderSignUpPage[https://aimood-stage1.intary.net/en/register, Screenshots_St1/](1)  Time elapsed: 4.898 s  <<< FAILURE!
java.lang.AssertionError: *** Images are not similar *** expected [true] but found [false]
	at tests.signUpPageTests.AllPageChromeTests.resourcesHeaderSignUpPage(AllPageChromeTests.java:79)

tests.signUpPageTests.AllPageChromeTests.mainSectionSignUpPage[https://aimood-stage1.intary.net/en/register, Screenshots_St1/](1)  Time elapsed: 6.975 s  <<< FAILURE!
java.lang.AssertionError: *** Images are not similar *** expected [true] but found [false]
	at tests.signUpPageTests.AllPageChromeTests.mainSectionSignUpPage(AllPageChromeTests.java:115)

tests.signUpPageTests.AllPageChromeTests.allFooterSignUpPage[https://aimood-stage1.intary.net/en/register, Screenshots_St1/](1)  Time elapsed: 5.961 s  <<< FAILURE!
java.lang.AssertionError: *** Images are not similar *** expected [true] but found [false]
	at tests.signUpPageTests.AllPageChromeTests.allFooterSignUpPage(AllPageChromeTests.java:137)

