<?xml version="1.0" encoding="UTF-8"?>
<testng-results retried="1" ignored="0" total="83" passed="82" failed="0" skipped="0">
  <reporter-output>
  </reporter-output>
  <suite started-at="2023-08-14T19:43:16 EEST" name="WPT" finished-at="2023-08-14T19:51:11 EEST" duration-ms="474408">
    <groups>
    </groups>
    <test started-at="2023-08-14T19:43:16 EEST" name="ai-mood - Pixel perfect regression" finished-at="2023-08-14T19:51:11 EEST" duration-ms="474408">
      <class name="tests.marketPlacePageTests.AllPageFirefoxTests">
        <test-method is-config="true" signature="setUp()[pri:0, instance:tests.marketPlacePageTests.AllPageFirefoxTests@13e344d]" started-at="2023-08-14T19:46:19 EEST" name="setUp" finished-at="2023-08-14T19:46:22 EEST" duration-ms="2501" status="PASS">
          <reporter-output>
          </reporter-output>
        </test-method> <!-- setUp -->
        <test-method signature="allHeaderMarketPlacePage(java.lang.String,java.lang.String)[pri:1, instance:tests.marketPlacePageTests.AllPageFirefoxTests@13e344d]" started-at="2023-08-14T19:46:22 EEST" name="allHeaderMarketPlacePage" finished-at="2023-08-14T19:46:28 EEST" duration-ms="6567" status="PASS">
          <params>
            <param index="0">
              <value>
                <![CDATA[https://ai-mood.com/en/market-place]]>
              </value>
            </param>
            <param index="1">
              <value>
                <![CDATA[Screenshots/]]>
              </value>
            </param>
          </params>
          <reporter-output>
          </reporter-output>
        </test-method> <!-- allHeaderMarketPlacePage -->
        <test-method is-config="true" signature="setUp()[pri:0, instance:tests.marketPlacePageTests.AllPageFirefoxTests@13e344d]" started-at="2023-08-14T19:46:28 EEST" name="setUp" finished-at="2023-08-14T19:46:28 EEST" duration-ms="0" status="PASS">
          <reporter-output>
          </reporter-output>
        </test-method> <!-- setUp -->
        <test-method signature="getStartedHeaderMarketPlacePage(java.lang.String,java.lang.String)[pri:2, instance:tests.marketPlacePageTests.AllPageFirefoxTests@13e344d]" started-at="2023-08-14T19:46:28 EEST" name="getStartedHeaderMarketPlacePage" finished-at="2023-08-14T19:46:33 EEST" duration-ms="4145" status="PASS">
          <params>
            <param index="0">
              <value>
                <![CDATA[https://ai-mood.com/en/market-place]]>
              </value>
            </param>
            <param index="1">
              <value>
                <![CDATA[Screenshots/]]>
              </value>
            </param>
          </params>
          <reporter-output>
          </reporter-output>
        </test-method> <!-- getStartedHeaderMarketPlacePage -->
        <test-method is-config="true" signature="setUp()[pri:0, instance:tests.marketPlacePageTests.AllPageFirefoxTests@13e344d]" started-at="2023-08-14T19:46:33 EEST" name="setUp" finished-at="2023-08-14T19:46:33 EEST" duration-ms="0" status="PASS">
          <reporter-output>
          </reporter-output>
        </test-method> <!-- setUp -->
        <test-method signature="learnHeaderMarketPlacePage(java.lang.String,java.lang.String)[pri:3, instance:tests.marketPlacePageTests.AllPageFirefoxTests@13e344d]" started-at="2023-08-14T19:46:33 EEST" name="learnHeaderMarketPlacePage" finished-at="2023-08-14T19:46:37 EEST" duration-ms="4140" status="PASS">
          <params>
            <param index="0">
              <value>
                <![CDATA[https://ai-mood.com/en/market-place]]>
              </value>
            </param>
            <param index="1">
              <value>
                <![CDATA[Screenshots/]]>
              </value>
            </param>
          </params>
          <reporter-output>
          </reporter-output>
        </test-method> <!-- learnHeaderMarketPlacePage -->
        <test-method is-config="true" signature="setUp()[pri:0, instance:tests.marketPlacePageTests.AllPageFirefoxTests@13e344d]" started-at="2023-08-14T19:46:37 EEST" name="setUp" finished-at="2023-08-14T19:46:37 EEST" duration-ms="0" status="PASS">
          <reporter-output>
          </reporter-output>
        </test-method> <!-- setUp -->
        <test-method signature="resourcesHeaderMarketPlacePage(java.lang.String,java.lang.String)[pri:4, instance:tests.marketPlacePageTests.AllPageFirefoxTests@13e344d]" started-at="2023-08-14T19:46:37 EEST" name="resourcesHeaderMarketPlacePage" finished-at="2023-08-14T19:46:41 EEST" duration-ms="4208" status="PASS">
          <params>
            <param index="0">
              <value>
                <![CDATA[https://ai-mood.com/en/market-place]]>
              </value>
            </param>
            <param index="1">
              <value>
                <![CDATA[Screenshots/]]>
              </value>
            </param>
          </params>
          <reporter-output>
          </reporter-output>
        </test-method> <!-- resourcesHeaderMarketPlacePage -->
        <test-method signature="mainSectionMarketPlacePage(java.lang.String,java.lang.String)[pri:6, instance:tests.marketPlacePageTests.AllPageFirefoxTests@13e344d]" started-at="2023-08-14T19:46:41 EEST" name="mainSectionMarketPlacePage" finished-at="2023-08-14T19:46:46 EEST" duration-ms="4957" status="PASS">
          <params>
            <param index="0">
              <value>
                <![CDATA[https://ai-mood.com/en/market-place]]>
              </value>
            </param>
            <param index="1">
              <value>
                <![CDATA[Screenshots/]]>
              </value>
            </param>
          </params>
          <reporter-output>
          </reporter-output>
        </test-method> <!-- mainSectionMarketPlacePage -->
        <test-method is-config="true" signature="setUp()[pri:0, instance:tests.marketPlacePageTests.AllPageFirefoxTests@13e344d]" started-at="2023-08-14T19:46:41 EEST" name="setUp" finished-at="2023-08-14T19:46:41 EEST" duration-ms="0" status="PASS">
          <reporter-output>
          </reporter-output>
        </test-method> <!-- setUp -->
        <test-method signature="statisticsSectionMarketPlacePage(java.lang.String,java.lang.String)[pri:7, instance:tests.marketPlacePageTests.AllPageFirefoxTests@13e344d]" started-at="2023-08-14T19:46:46 EEST" name="statisticsSectionMarketPlacePage" finished-at="2023-08-14T19:46:51 EEST" duration-ms="5302" status="PASS">
          <params>
            <param index="0">
              <value>
                <![CDATA[https://ai-mood.com/en/market-place]]>
              </value>
            </param>
            <param index="1">
              <value>
                <![CDATA[Screenshots/]]>
              </value>
            </param>
          </params>
          <reporter-output>
          </reporter-output>
        </test-method> <!-- statisticsSectionMarketPlacePage -->
        <test-method is-config="true" signature="setUp()[pri:0, instance:tests.marketPlacePageTests.AllPageFirefoxTests@13e344d]" started-at="2023-08-14T19:46:46 EEST" name="setUp" finished-at="2023-08-14T19:46:46 EEST" duration-ms="0" status="PASS">
          <reporter-output>
          </reporter-output>
        </test-method> <!-- setUp -->
        <test-method signature="allFooterMarketPlacePage(java.lang.String,java.lang.String)[pri:8, instance:tests.marketPlacePageTests.AllPageFirefoxTests@13e344d]" started-at="2023-08-14T19:46:51 EEST" name="allFooterMarketPlacePage" finished-at="2023-08-14T19:46:56 EEST" duration-ms="5036" status="PASS">
          <params>
            <param index="0">
              <value>
                <![CDATA[https://ai-mood.com/en/market-place]]>
              </value>
            </param>
            <param index="1">
              <value>
                <![CDATA[Screenshots/]]>
              </value>
            </param>
          </params>
          <reporter-output>
          </reporter-output>
        </test-method> <!-- allFooterMarketPlacePage -->
        <test-method is-config="true" signature="setUp()[pri:0, instance:tests.marketPlacePageTests.AllPageFirefoxTests@13e344d]" started-at="2023-08-14T19:46:51 EEST" name="setUp" finished-at="2023-08-14T19:46:51 EEST" duration-ms="0" status="PASS">
          <reporter-output>
          </reporter-output>
        </test-method> <!-- setUp -->
        <test-method is-config="true" signature="setUp()[pri:0, instance:tests.marketPlacePageTests.AllPageFirefoxTests@13e344d]" started-at="2023-08-14T19:46:56 EEST" name="setUp" finished-at="2023-08-14T19:46:56 EEST" duration-ms="0" status="PASS">
          <reporter-output>
          </reporter-output>
        </test-method> <!-- setUp -->
        <test-method signature="partnFooterMarketPlacePage(java.lang.String,java.lang.String)[pri:9, instance:tests.marketPlacePageTests.AllPageFirefoxTests@13e344d]" started-at="2023-08-14T19:46:56 EEST" name="partnFooterMarketPlacePage" finished-at="2023-08-14T19:47:01 EEST" duration-ms="5029" status="PASS">
          <params>
            <param index="0">
              <value>
                <![CDATA[https://ai-mood.com/en/market-place]]>
              </value>
            </param>
            <param index="1">
              <value>
                <![CDATA[Screenshots/]]>
              </value>
            </param>
          </params>
          <reporter-output>
          </reporter-output>
        </test-method> <!-- partnFooterMarketPlacePage -->
        <test-method is-config="true" signature="setUp()[pri:0, instance:tests.marketPlacePageTests.AllPageFirefoxTests@13e344d]" started-at="2023-08-14T19:47:01 EEST" name="setUp" finished-at="2023-08-14T19:47:01 EEST" duration-ms="1" status="PASS">
          <reporter-output>
          </reporter-output>
        </test-method> <!-- setUp -->
        <test-method signature="subFooterMarketPlacePage(java.lang.String,java.lang.String)[pri:10, instance:tests.marketPlacePageTests.AllPageFirefoxTests@13e344d]" started-at="2023-08-14T19:47:01 EEST" name="subFooterMarketPlacePage" finished-at="2023-08-14T19:47:06 EEST" duration-ms="5069" status="PASS">
          <params>
            <param index="0">
              <value>
                <![CDATA[https://ai-mood.com/en/market-place]]>
              </value>
            </param>
            <param index="1">
              <value>
                <![CDATA[Screenshots/]]>
              </value>
            </param>
          </params>
          <reporter-output>
          </reporter-output>
        </test-method> <!-- subFooterMarketPlacePage -->
        <test-method signature="copFooterMarketPlacePage(java.lang.String,java.lang.String)[pri:11, instance:tests.marketPlacePageTests.AllPageFirefoxTests@13e344d]" started-at="2023-08-14T19:47:06 EEST" name="copFooterMarketPlacePage" finished-at="2023-08-14T19:47:10 EEST" duration-ms="4140" status="PASS">
          <params>
            <param index="0">
              <value>
                <![CDATA[https://ai-mood.com/en/market-place]]>
              </value>
            </param>
            <param index="1">
              <value>
                <![CDATA[Screenshots/]]>
              </value>
            </param>
          </params>
          <reporter-output>
          </reporter-output>
        </test-method> <!-- copFooterMarketPlacePage -->
        <test-method is-config="true" signature="setUp()[pri:0, instance:tests.marketPlacePageTests.AllPageFirefoxTests@13e344d]" started-at="2023-08-14T19:47:06 EEST" name="setUp" finished-at="2023-08-14T19:47:06 EEST" duration-ms="0" status="PASS">
          <reporter-output>
          </reporter-output>
        </test-method> <!-- setUp -->
        <test-method is-config="true" signature="tearDown()[pri:0, instance:tests.marketPlacePageTests.AllPageFirefoxTests@13e344d]" started-at="2023-08-14T19:47:10 EEST" name="tearDown" finished-at="2023-08-14T19:47:12 EEST" duration-ms="1878" status="PASS">
          <reporter-output>
          </reporter-output>
        </test-method> <!-- tearDown -->
      </class> <!-- tests.marketPlacePageTests.AllPageFirefoxTests -->
      <class name="tests.buySellMoodCoinTests.AllPageFirefoxTests">
        <test-method is-config="true" signature="setUp()[pri:0, instance:tests.buySellMoodCoinTests.AllPageFirefoxTests@6c1a5b54]" started-at="2023-08-14T19:48:51 EEST" name="setUp" finished-at="2023-08-14T19:48:54 EEST" duration-ms="2407" status="PASS">
          <reporter-output>
          </reporter-output>
        </test-method> <!-- setUp -->
        <test-method signature="allHeaderBuySellMoodCoinPage(java.lang.String,java.lang.String)[pri:1, instance:tests.buySellMoodCoinTests.AllPageFirefoxTests@6c1a5b54]" started-at="2023-08-14T19:48:54 EEST" name="allHeaderBuySellMoodCoinPage" finished-at="2023-08-14T19:49:00 EEST" duration-ms="5929" status="PASS">
          <params>
            <param index="0">
              <value>
                <![CDATA[https://ai-mood.com/en/buy-sell-affil-coin]]>
              </value>
            </param>
            <param index="1">
              <value>
                <![CDATA[Screenshots/]]>
              </value>
            </param>
          </params>
          <reporter-output>
          </reporter-output>
        </test-method> <!-- allHeaderBuySellMoodCoinPage -->
        <test-method is-config="true" signature="setUp()[pri:0, instance:tests.buySellMoodCoinTests.AllPageFirefoxTests@6c1a5b54]" started-at="2023-08-14T19:49:00 EEST" name="setUp" finished-at="2023-08-14T19:49:00 EEST" duration-ms="0" status="PASS">
          <reporter-output>
          </reporter-output>
        </test-method> <!-- setUp -->
        <test-method signature="getStartedHeaderBuySellMoodCoinPage(java.lang.String,java.lang.String)[pri:2, instance:tests.buySellMoodCoinTests.AllPageFirefoxTests@6c1a5b54]" started-at="2023-08-14T19:49:00 EEST" name="getStartedHeaderBuySellMoodCoinPage" finished-at="2023-08-14T19:49:04 EEST" duration-ms="4115" status="PASS">
          <params>
            <param index="0">
              <value>
                <![CDATA[https://ai-mood.com/en/buy-sell-affil-coin]]>
              </value>
            </param>
            <param index="1">
              <value>
                <![CDATA[Screenshots/]]>
              </value>
            </param>
          </params>
          <reporter-output>
          </reporter-output>
        </test-method> <!-- getStartedHeaderBuySellMoodCoinPage -->
        <test-method is-config="true" signature="setUp()[pri:0, instance:tests.buySellMoodCoinTests.AllPageFirefoxTests@6c1a5b54]" started-at="2023-08-14T19:49:04 EEST" name="setUp" finished-at="2023-08-14T19:49:04 EEST" duration-ms="0" status="PASS">
          <reporter-output>
          </reporter-output>
        </test-method> <!-- setUp -->
        <test-method signature="learnHeaderBuySellMoodCoinPage(java.lang.String,java.lang.String)[pri:3, instance:tests.buySellMoodCoinTests.AllPageFirefoxTests@6c1a5b54]" started-at="2023-08-14T19:49:04 EEST" name="learnHeaderBuySellMoodCoinPage" finished-at="2023-08-14T19:49:08 EEST" duration-ms="4129" status="PASS">
          <params>
            <param index="0">
              <value>
                <![CDATA[https://ai-mood.com/en/buy-sell-affil-coin]]>
              </value>
            </param>
            <param index="1">
              <value>
                <![CDATA[Screenshots/]]>
              </value>
            </param>
          </params>
          <reporter-output>
          </reporter-output>
        </test-method> <!-- learnHeaderBuySellMoodCoinPage -->
        <test-method signature="resourcesHeaderBuySellMoodCoinPage(java.lang.String,java.lang.String)[pri:4, instance:tests.buySellMoodCoinTests.AllPageFirefoxTests@6c1a5b54]" started-at="2023-08-14T19:49:08 EEST" name="resourcesHeaderBuySellMoodCoinPage" finished-at="2023-08-14T19:49:12 EEST" duration-ms="4204" status="PASS">
          <params>
            <param index="0">
              <value>
                <![CDATA[https://ai-mood.com/en/buy-sell-affil-coin]]>
              </value>
            </param>
            <param index="1">
              <value>
                <![CDATA[Screenshots/]]>
              </value>
            </param>
          </params>
          <reporter-output>
          </reporter-output>
        </test-method> <!-- resourcesHeaderBuySellMoodCoinPage -->
        <test-method is-config="true" signature="setUp()[pri:0, instance:tests.buySellMoodCoinTests.AllPageFirefoxTests@6c1a5b54]" started-at="2023-08-14T19:49:08 EEST" name="setUp" finished-at="2023-08-14T19:49:08 EEST" duration-ms="0" status="PASS">
          <reporter-output>
          </reporter-output>
        </test-method> <!-- setUp -->
        <test-method signature="mainSectionBuySellMoodCoinPage(java.lang.String,java.lang.String)[pri:6, instance:tests.buySellMoodCoinTests.AllPageFirefoxTests@6c1a5b54]" started-at="2023-08-14T19:49:12 EEST" name="mainSectionBuySellMoodCoinPage" finished-at="2023-08-14T19:49:17 EEST" duration-ms="4991" status="PASS">
          <params>
            <param index="0">
              <value>
                <![CDATA[https://ai-mood.com/en/buy-sell-affil-coin]]>
              </value>
            </param>
            <param index="1">
              <value>
                <![CDATA[Screenshots/]]>
              </value>
            </param>
          </params>
          <reporter-output>
          </reporter-output>
        </test-method> <!-- mainSectionBuySellMoodCoinPage -->
        <test-method is-config="true" signature="setUp()[pri:0, instance:tests.buySellMoodCoinTests.AllPageFirefoxTests@6c1a5b54]" started-at="2023-08-14T19:49:12 EEST" name="setUp" finished-at="2023-08-14T19:49:12 EEST" duration-ms="0" status="PASS">
          <reporter-output>
          </reporter-output>
        </test-method> <!-- setUp -->
        <test-method is-config="true" signature="setUp()[pri:0, instance:tests.buySellMoodCoinTests.AllPageFirefoxTests@6c1a5b54]" started-at="2023-08-14T19:49:17 EEST" name="setUp" finished-at="2023-08-14T19:49:17 EEST" duration-ms="0" status="PASS">
          <reporter-output>
          </reporter-output>
        </test-method> <!-- setUp -->
        <test-method signature="allFooterBuySellMoodCoinPage(java.lang.String,java.lang.String)[pri:7, instance:tests.buySellMoodCoinTests.AllPageFirefoxTests@6c1a5b54]" started-at="2023-08-14T19:49:17 EEST" name="allFooterBuySellMoodCoinPage" finished-at="2023-08-14T19:49:22 EEST" duration-ms="5031" status="PASS">
          <params>
            <param index="0">
              <value>
                <![CDATA[https://ai-mood.com/en/buy-sell-affil-coin]]>
              </value>
            </param>
            <param index="1">
              <value>
                <![CDATA[Screenshots/]]>
              </value>
            </param>
          </params>
          <reporter-output>
          </reporter-output>
        </test-method> <!-- allFooterBuySellMoodCoinPage -->
        <test-method is-config="true" signature="setUp()[pri:0, instance:tests.buySellMoodCoinTests.AllPageFirefoxTests@6c1a5b54]" started-at="2023-08-14T19:49:22 EEST" name="setUp" finished-at="2023-08-14T19:49:22 EEST" duration-ms="0" status="PASS">
          <reporter-output>
          </reporter-output>
        </test-method> <!-- setUp -->
        <test-method signature="partnFooterBuySellMoodCoinPage(java.lang.String,java.lang.String)[pri:8, instance:tests.buySellMoodCoinTests.AllPageFirefoxTests@6c1a5b54]" started-at="2023-08-14T19:49:22 EEST" name="partnFooterBuySellMoodCoinPage" finished-at="2023-08-14T19:49:27 EEST" duration-ms="4974" status="PASS">
          <params>
            <param index="0">
              <value>
                <![CDATA[https://ai-mood.com/en/buy-sell-affil-coin]]>
              </value>
            </param>
            <param index="1">
              <value>
                <![CDATA[Screenshots/]]>
              </value>
            </param>
          </params>
          <reporter-output>
          </reporter-output>
        </test-method> <!-- partnFooterBuySellMoodCoinPage -->
        <test-method is-config="true" signature="setUp()[pri:0, instance:tests.buySellMoodCoinTests.AllPageFirefoxTests@6c1a5b54]" started-at="2023-08-14T19:49:27 EEST" name="setUp" finished-at="2023-08-14T19:49:27 EEST" duration-ms="0" status="PASS">
          <reporter-output>
          </reporter-output>
        </test-method> <!-- setUp -->
        <test-method signature="subFooterBuySellMoodCoinPage(java.lang.String,java.lang.String)[pri:9, instance:tests.buySellMoodCoinTests.AllPageFirefoxTests@6c1a5b54]" started-at="2023-08-14T19:49:27 EEST" name="subFooterBuySellMoodCoinPage" finished-at="2023-08-14T19:49:32 EEST" duration-ms="5031" status="PASS">
          <params>
            <param index="0">
              <value>
                <![CDATA[https://ai-mood.com/en/buy-sell-affil-coin]]>
              </value>
            </param>
            <param index="1">
              <value>
                <![CDATA[Screenshots/]]>
              </value>
            </param>
          </params>
          <reporter-output>
          </reporter-output>
        </test-method> <!-- subFooterBuySellMoodCoinPage -->
        <test-method is-config="true" signature="setUp()[pri:0, instance:tests.buySellMoodCoinTests.AllPageFirefoxTests@6c1a5b54]" started-at="2023-08-14T19:49:32 EEST" name="setUp" finished-at="2023-08-14T19:49:32 EEST" duration-ms="0" status="PASS">
          <reporter-output>
          </reporter-output>
        </test-method> <!-- setUp -->
        <test-method signature="copFooterBuySellMoodCoinPage(java.lang.String,java.lang.String)[pri:10, instance:tests.buySellMoodCoinTests.AllPageFirefoxTests@6c1a5b54]" started-at="2023-08-14T19:49:32 EEST" name="copFooterBuySellMoodCoinPage" finished-at="2023-08-14T19:49:36 EEST" duration-ms="4081" status="PASS">
          <params>
            <param index="0">
              <value>
                <![CDATA[https://ai-mood.com/en/buy-sell-affil-coin]]>
              </value>
            </param>
            <param index="1">
              <value>
                <![CDATA[Screenshots/]]>
              </value>
            </param>
          </params>
          <reporter-output>
          </reporter-output>
        </test-method> <!-- copFooterBuySellMoodCoinPage -->
        <test-method is-config="true" signature="tearDown()[pri:0, instance:tests.buySellMoodCoinTests.AllPageFirefoxTests@6c1a5b54]" started-at="2023-08-14T19:49:36 EEST" name="tearDown" finished-at="2023-08-14T19:49:38 EEST" duration-ms="1815" status="PASS">
          <reporter-output>
          </reporter-output>
        </test-method> <!-- tearDown -->
      </class> <!-- tests.buySellMoodCoinTests.AllPageFirefoxTests -->
      <class name="tests.fundPageTests.AllPageFirefoxTests">
        <test-method is-config="true" signature="setUp()[pri:0, instance:tests.fundPageTests.AllPageFirefoxTests@1c7696c6]" started-at="2023-08-14T19:49:38 EEST" name="setUp" finished-at="2023-08-14T19:49:41 EEST" duration-ms="2483" status="PASS">
          <reporter-output>
          </reporter-output>
        </test-method> <!-- setUp -->
        <test-method signature="allHeaderFundPage(java.lang.String,java.lang.String)[pri:1, instance:tests.fundPageTests.AllPageFirefoxTests@1c7696c6]" started-at="2023-08-14T19:49:41 EEST" name="allHeaderFundPage" finished-at="2023-08-14T19:49:46 EEST" duration-ms="5851" status="PASS">
          <params>
            <param index="0">
              <value>
                <![CDATA[https://ai-mood.com/en/fund]]>
              </value>
            </param>
            <param index="1">
              <value>
                <![CDATA[Screenshots/]]>
              </value>
            </param>
          </params>
          <reporter-output>
          </reporter-output>
        </test-method> <!-- allHeaderFundPage -->
        <test-method is-config="true" signature="setUp()[pri:0, instance:tests.fundPageTests.AllPageFirefoxTests@1c7696c6]" started-at="2023-08-14T19:49:46 EEST" name="setUp" finished-at="2023-08-14T19:49:46 EEST" duration-ms="0" status="PASS">
          <reporter-output>
          </reporter-output>
        </test-method> <!-- setUp -->
        <test-method signature="getStartedHeaderFundPage(java.lang.String,java.lang.String)[pri:2, instance:tests.fundPageTests.AllPageFirefoxTests@1c7696c6]" started-at="2023-08-14T19:49:46 EEST" name="getStartedHeaderFundPage" finished-at="2023-08-14T19:49:50 EEST" duration-ms="4100" status="PASS">
          <params>
            <param index="0">
              <value>
                <![CDATA[https://ai-mood.com/en/fund]]>
              </value>
            </param>
            <param index="1">
              <value>
                <![CDATA[Screenshots/]]>
              </value>
            </param>
          </params>
          <reporter-output>
          </reporter-output>
        </test-method> <!-- getStartedHeaderFundPage -->
        <test-method is-config="true" signature="setUp()[pri:0, instance:tests.fundPageTests.AllPageFirefoxTests@1c7696c6]" started-at="2023-08-14T19:49:50 EEST" name="setUp" finished-at="2023-08-14T19:49:50 EEST" duration-ms="0" status="PASS">
          <reporter-output>
          </reporter-output>
        </test-method> <!-- setUp -->
        <test-method signature="learnHeaderFundPage(java.lang.String,java.lang.String)[pri:3, instance:tests.fundPageTests.AllPageFirefoxTests@1c7696c6]" started-at="2023-08-14T19:49:50 EEST" name="learnHeaderFundPage" finished-at="2023-08-14T19:49:55 EEST" duration-ms="4141" status="PASS">
          <params>
            <param index="0">
              <value>
                <![CDATA[https://ai-mood.com/en/fund]]>
              </value>
            </param>
            <param index="1">
              <value>
                <![CDATA[Screenshots/]]>
              </value>
            </param>
          </params>
          <reporter-output>
          </reporter-output>
        </test-method> <!-- learnHeaderFundPage -->
        <test-method is-config="true" signature="setUp()[pri:0, instance:tests.fundPageTests.AllPageFirefoxTests@1c7696c6]" started-at="2023-08-14T19:49:55 EEST" name="setUp" finished-at="2023-08-14T19:49:55 EEST" duration-ms="0" status="PASS">
          <reporter-output>
          </reporter-output>
        </test-method> <!-- setUp -->
        <test-method signature="resourcesHeaderFundPage(java.lang.String,java.lang.String)[pri:4, instance:tests.fundPageTests.AllPageFirefoxTests@1c7696c6]" started-at="2023-08-14T19:49:55 EEST" name="resourcesHeaderFundPage" finished-at="2023-08-14T19:49:59 EEST" duration-ms="4160" status="PASS">
          <params>
            <param index="0">
              <value>
                <![CDATA[https://ai-mood.com/en/fund]]>
              </value>
            </param>
            <param index="1">
              <value>
                <![CDATA[Screenshots/]]>
              </value>
            </param>
          </params>
          <reporter-output>
          </reporter-output>
        </test-method> <!-- resourcesHeaderFundPage -->
        <test-method signature="mainSectionFundPage(java.lang.String,java.lang.String)[pri:6, instance:tests.fundPageTests.AllPageFirefoxTests@1c7696c6]" started-at="2023-08-14T19:49:59 EEST" name="mainSectionFundPage" finished-at="2023-08-14T19:50:04 EEST" duration-ms="5001" status="PASS">
          <params>
            <param index="0">
              <value>
                <![CDATA[https://ai-mood.com/en/fund]]>
              </value>
            </param>
            <param index="1">
              <value>
                <![CDATA[Screenshots/]]>
              </value>
            </param>
          </params>
          <reporter-output>
          </reporter-output>
        </test-method> <!-- mainSectionFundPage -->
        <test-method is-config="true" signature="setUp()[pri:0, instance:tests.fundPageTests.AllPageFirefoxTests@1c7696c6]" started-at="2023-08-14T19:49:59 EEST" name="setUp" finished-at="2023-08-14T19:49:59 EEST" duration-ms="0" status="PASS">
          <reporter-output>
          </reporter-output>
        </test-method> <!-- setUp -->
        <test-method is-config="true" signature="setUp()[pri:0, instance:tests.fundPageTests.AllPageFirefoxTests@1c7696c6]" started-at="2023-08-14T19:50:04 EEST" name="setUp" finished-at="2023-08-14T19:50:04 EEST" duration-ms="0" status="PASS">
          <reporter-output>
          </reporter-output>
        </test-method> <!-- setUp -->
        <test-method signature="allFooterFundPage(java.lang.String,java.lang.String)[pri:7, instance:tests.fundPageTests.AllPageFirefoxTests@1c7696c6]" started-at="2023-08-14T19:50:04 EEST" name="allFooterFundPage" finished-at="2023-08-14T19:50:09 EEST" duration-ms="5013" status="PASS">
          <params>
            <param index="0">
              <value>
                <![CDATA[https://ai-mood.com/en/fund]]>
              </value>
            </param>
            <param index="1">
              <value>
                <![CDATA[Screenshots/]]>
              </value>
            </param>
          </params>
          <reporter-output>
          </reporter-output>
        </test-method> <!-- allFooterFundPage -->
        <test-method is-config="true" signature="setUp()[pri:0, instance:tests.fundPageTests.AllPageFirefoxTests@1c7696c6]" started-at="2023-08-14T19:50:09 EEST" name="setUp" finished-at="2023-08-14T19:50:09 EEST" duration-ms="0" status="PASS">
          <reporter-output>
          </reporter-output>
        </test-method> <!-- setUp -->
        <test-method signature="partnFooterFundPage(java.lang.String,java.lang.String)[pri:8, instance:tests.fundPageTests.AllPageFirefoxTests@1c7696c6]" started-at="2023-08-14T19:50:09 EEST" name="partnFooterFundPage" finished-at="2023-08-14T19:50:14 EEST" duration-ms="4944" status="PASS">
          <params>
            <param index="0">
              <value>
                <![CDATA[https://ai-mood.com/en/fund]]>
              </value>
            </param>
            <param index="1">
              <value>
                <![CDATA[Screenshots/]]>
              </value>
            </param>
          </params>
          <reporter-output>
          </reporter-output>
        </test-method> <!-- partnFooterFundPage -->
        <test-method signature="subFooterFundPage(java.lang.String,java.lang.String)[pri:9, instance:tests.fundPageTests.AllPageFirefoxTests@1c7696c6]" started-at="2023-08-14T19:50:14 EEST" name="subFooterFundPage" finished-at="2023-08-14T19:50:19 EEST" duration-ms="4996" status="PASS">
          <params>
            <param index="0">
              <value>
                <![CDATA[https://ai-mood.com/en/fund]]>
              </value>
            </param>
            <param index="1">
              <value>
                <![CDATA[Screenshots/]]>
              </value>
            </param>
          </params>
          <reporter-output>
          </reporter-output>
        </test-method> <!-- subFooterFundPage -->
        <test-method is-config="true" signature="setUp()[pri:0, instance:tests.fundPageTests.AllPageFirefoxTests@1c7696c6]" started-at="2023-08-14T19:50:14 EEST" name="setUp" finished-at="2023-08-14T19:50:14 EEST" duration-ms="0" status="PASS">
          <reporter-output>
          </reporter-output>
        </test-method> <!-- setUp -->
        <test-method is-config="true" signature="setUp()[pri:0, instance:tests.fundPageTests.AllPageFirefoxTests@1c7696c6]" started-at="2023-08-14T19:50:19 EEST" name="setUp" finished-at="2023-08-14T19:50:19 EEST" duration-ms="1" status="PASS">
          <reporter-output>
          </reporter-output>
        </test-method> <!-- setUp -->
        <test-method signature="copFooterFundPage(java.lang.String,java.lang.String)[pri:10, instance:tests.fundPageTests.AllPageFirefoxTests@1c7696c6]" started-at="2023-08-14T19:50:19 EEST" name="copFooterFundPage" finished-at="2023-08-14T19:50:23 EEST" duration-ms="4032" status="PASS">
          <params>
            <param index="0">
              <value>
                <![CDATA[https://ai-mood.com/en/fund]]>
              </value>
            </param>
            <param index="1">
              <value>
                <![CDATA[Screenshots/]]>
              </value>
            </param>
          </params>
          <reporter-output>
          </reporter-output>
        </test-method> <!-- copFooterFundPage -->
        <test-method is-config="true" signature="tearDown()[pri:0, instance:tests.fundPageTests.AllPageFirefoxTests@1c7696c6]" started-at="2023-08-14T19:50:23 EEST" name="tearDown" finished-at="2023-08-14T19:50:24 EEST" duration-ms="1664" status="PASS">
          <reporter-output>
          </reporter-output>
        </test-method> <!-- tearDown -->
      </class> <!-- tests.fundPageTests.AllPageFirefoxTests -->
      <class name="tests.marketPlacePageTests.AllPageChromeTests">
        <test-method is-config="true" signature="setUp()[pri:0, instance:tests.marketPlacePageTests.AllPageChromeTests@1ffaf86]" started-at="2023-08-14T19:47:12 EEST" name="setUp" finished-at="2023-08-14T19:47:14 EEST" duration-ms="1592" status="PASS">
          <reporter-output>
          </reporter-output>
        </test-method> <!-- setUp -->
        <test-method signature="allHeaderMarketPlacePage(java.lang.String,java.lang.String)[pri:1, instance:tests.marketPlacePageTests.AllPageChromeTests@1ffaf86]" started-at="2023-08-14T19:47:14 EEST" name="allHeaderMarketPlacePage" finished-at="2023-08-14T19:47:20 EEST" duration-ms="5926" status="PASS">
          <params>
            <param index="0">
              <value>
                <![CDATA[https://ai-mood.com/en/market-place]]>
              </value>
            </param>
            <param index="1">
              <value>
                <![CDATA[Screenshots/]]>
              </value>
            </param>
          </params>
          <reporter-output>
          </reporter-output>
        </test-method> <!-- allHeaderMarketPlacePage -->
        <test-method is-config="true" signature="setUp()[pri:0, instance:tests.marketPlacePageTests.AllPageChromeTests@1ffaf86]" started-at="2023-08-14T19:47:20 EEST" name="setUp" finished-at="2023-08-14T19:47:20 EEST" duration-ms="0" status="PASS">
          <reporter-output>
          </reporter-output>
        </test-method> <!-- setUp -->
        <test-method signature="getStartedHeaderMarketPlacePage(java.lang.String,java.lang.String)[pri:2, instance:tests.marketPlacePageTests.AllPageChromeTests@1ffaf86]" started-at="2023-08-14T19:47:20 EEST" name="getStartedHeaderMarketPlacePage" finished-at="2023-08-14T19:47:24 EEST" duration-ms="4555" status="PASS">
          <params>
            <param index="0">
              <value>
                <![CDATA[https://ai-mood.com/en/market-place]]>
              </value>
            </param>
            <param index="1">
              <value>
                <![CDATA[Screenshots/]]>
              </value>
            </param>
          </params>
          <reporter-output>
          </reporter-output>
        </test-method> <!-- getStartedHeaderMarketPlacePage -->
        <test-method is-config="true" signature="setUp()[pri:0, instance:tests.marketPlacePageTests.AllPageChromeTests@1ffaf86]" started-at="2023-08-14T19:47:24 EEST" name="setUp" finished-at="2023-08-14T19:47:24 EEST" duration-ms="1" status="PASS">
          <reporter-output>
          </reporter-output>
        </test-method> <!-- setUp -->
        <test-method signature="learnHeaderMarketPlacePage(java.lang.String,java.lang.String)[pri:3, instance:tests.marketPlacePageTests.AllPageChromeTests@1ffaf86]" started-at="2023-08-14T19:47:24 EEST" name="learnHeaderMarketPlacePage" finished-at="2023-08-14T19:47:29 EEST" duration-ms="4393" status="PASS">
          <params>
            <param index="0">
              <value>
                <![CDATA[https://ai-mood.com/en/market-place]]>
              </value>
            </param>
            <param index="1">
              <value>
                <![CDATA[Screenshots/]]>
              </value>
            </param>
          </params>
          <reporter-output>
          </reporter-output>
        </test-method> <!-- learnHeaderMarketPlacePage -->
        <test-method is-config="true" signature="setUp()[pri:0, instance:tests.marketPlacePageTests.AllPageChromeTests@1ffaf86]" started-at="2023-08-14T19:47:29 EEST" name="setUp" finished-at="2023-08-14T19:47:29 EEST" duration-ms="1" status="PASS">
          <reporter-output>
          </reporter-output>
        </test-method> <!-- setUp -->
        <test-method signature="resourcesHeaderMarketPlacePage(java.lang.String,java.lang.String)[pri:4, instance:tests.marketPlacePageTests.AllPageChromeTests@1ffaf86]" started-at="2023-08-14T19:47:29 EEST" name="resourcesHeaderMarketPlacePage" finished-at="2023-08-14T19:47:33 EEST" duration-ms="4499" status="PASS">
          <params>
            <param index="0">
              <value>
                <![CDATA[https://ai-mood.com/en/market-place]]>
              </value>
            </param>
            <param index="1">
              <value>
                <![CDATA[Screenshots/]]>
              </value>
            </param>
          </params>
          <reporter-output>
          </reporter-output>
        </test-method> <!-- resourcesHeaderMarketPlacePage -->
        <test-method signature="mainSectionMarketPlacePage(java.lang.String,java.lang.String)[pri:6, instance:tests.marketPlacePageTests.AllPageChromeTests@1ffaf86]" started-at="2023-08-14T19:47:33 EEST" name="mainSectionMarketPlacePage" finished-at="2023-08-14T19:47:39 EEST" duration-ms="5321" status="PASS">
          <params>
            <param index="0">
              <value>
                <![CDATA[https://ai-mood.com/en/market-place]]>
              </value>
            </param>
            <param index="1">
              <value>
                <![CDATA[Screenshots/]]>
              </value>
            </param>
          </params>
          <reporter-output>
          </reporter-output>
        </test-method> <!-- mainSectionMarketPlacePage -->
        <test-method is-config="true" signature="setUp()[pri:0, instance:tests.marketPlacePageTests.AllPageChromeTests@1ffaf86]" started-at="2023-08-14T19:47:33 EEST" name="setUp" finished-at="2023-08-14T19:47:33 EEST" duration-ms="0" status="PASS">
          <reporter-output>
          </reporter-output>
        </test-method> <!-- setUp -->
        <test-method is-config="true" signature="setUp()[pri:0, instance:tests.marketPlacePageTests.AllPageChromeTests@1ffaf86]" started-at="2023-08-14T19:47:39 EEST" name="setUp" finished-at="2023-08-14T19:47:39 EEST" duration-ms="0" status="PASS">
          <reporter-output>
          </reporter-output>
        </test-method> <!-- setUp -->
        <test-method signature="statisticsSectionMarketPlacePage(java.lang.String,java.lang.String)[pri:7, instance:tests.marketPlacePageTests.AllPageChromeTests@1ffaf86]" started-at="2023-08-14T19:47:39 EEST" name="statisticsSectionMarketPlacePage" finished-at="2023-08-14T19:47:45 EEST" duration-ms="5884" status="PASS">
          <params>
            <param index="0">
              <value>
                <![CDATA[https://ai-mood.com/en/market-place]]>
              </value>
            </param>
            <param index="1">
              <value>
                <![CDATA[Screenshots/]]>
              </value>
            </param>
          </params>
          <reporter-output>
          </reporter-output>
        </test-method> <!-- statisticsSectionMarketPlacePage -->
        <test-method signature="allFooterMarketPlacePage(java.lang.String,java.lang.String)[pri:8, instance:tests.marketPlacePageTests.AllPageChromeTests@1ffaf86]" started-at="2023-08-14T19:47:45 EEST" name="allFooterMarketPlacePage" finished-at="2023-08-14T19:47:50 EEST" duration-ms="5415" status="PASS">
          <params>
            <param index="0">
              <value>
                <![CDATA[https://ai-mood.com/en/market-place]]>
              </value>
            </param>
            <param index="1">
              <value>
                <![CDATA[Screenshots/]]>
              </value>
            </param>
          </params>
          <reporter-output>
          </reporter-output>
        </test-method> <!-- allFooterMarketPlacePage -->
        <test-method is-config="true" signature="setUp()[pri:0, instance:tests.marketPlacePageTests.AllPageChromeTests@1ffaf86]" started-at="2023-08-14T19:47:45 EEST" name="setUp" finished-at="2023-08-14T19:47:45 EEST" duration-ms="0" status="PASS">
          <reporter-output>
          </reporter-output>
        </test-method> <!-- setUp -->
        <test-method is-config="true" signature="setUp()[pri:0, instance:tests.marketPlacePageTests.AllPageChromeTests@1ffaf86]" started-at="2023-08-14T19:47:50 EEST" name="setUp" finished-at="2023-08-14T19:47:50 EEST" duration-ms="1" status="PASS">
          <reporter-output>
          </reporter-output>
        </test-method> <!-- setUp -->
        <test-method signature="partnFooterMarketPlacePage(java.lang.String,java.lang.String)[pri:9, instance:tests.marketPlacePageTests.AllPageChromeTests@1ffaf86]" started-at="2023-08-14T19:47:50 EEST" name="partnFooterMarketPlacePage" finished-at="2023-08-14T19:47:55 EEST" duration-ms="5220" status="PASS">
          <params>
            <param index="0">
              <value>
                <![CDATA[https://ai-mood.com/en/market-place]]>
              </value>
            </param>
            <param index="1">
              <value>
                <![CDATA[Screenshots/]]>
              </value>
            </param>
          </params>
          <reporter-output>
          </reporter-output>
        </test-method> <!-- partnFooterMarketPlacePage -->
        <test-method is-config="true" signature="setUp()[pri:0, instance:tests.marketPlacePageTests.AllPageChromeTests@1ffaf86]" started-at="2023-08-14T19:47:55 EEST" name="setUp" finished-at="2023-08-14T19:47:55 EEST" duration-ms="0" status="PASS">
          <reporter-output>
          </reporter-output>
        </test-method> <!-- setUp -->
        <test-method signature="subFooterMarketPlacePage(java.lang.String,java.lang.String)[pri:10, instance:tests.marketPlacePageTests.AllPageChromeTests@1ffaf86]" started-at="2023-08-14T19:47:55 EEST" name="subFooterMarketPlacePage" finished-at="2023-08-14T19:48:00 EEST" duration-ms="5210" status="PASS">
          <params>
            <param index="0">
              <value>
                <![CDATA[https://ai-mood.com/en/market-place]]>
              </value>
            </param>
            <param index="1">
              <value>
                <![CDATA[Screenshots/]]>
              </value>
            </param>
          </params>
          <reporter-output>
          </reporter-output>
        </test-method> <!-- subFooterMarketPlacePage -->
        <test-method is-config="true" signature="setUp()[pri:0, instance:tests.marketPlacePageTests.AllPageChromeTests@1ffaf86]" started-at="2023-08-14T19:48:00 EEST" name="setUp" finished-at="2023-08-14T19:48:00 EEST" duration-ms="1" status="PASS">
          <reporter-output>
          </reporter-output>
        </test-method> <!-- setUp -->
        <test-method signature="copFooterMarketPlacePage(java.lang.String,java.lang.String)[pri:11, instance:tests.marketPlacePageTests.AllPageChromeTests@1ffaf86]" started-at="2023-08-14T19:48:00 EEST" name="copFooterMarketPlacePage" finished-at="2023-08-14T19:48:05 EEST" duration-ms="4275" status="PASS">
          <params>
            <param index="0">
              <value>
                <![CDATA[https://ai-mood.com/en/market-place]]>
              </value>
            </param>
            <param index="1">
              <value>
                <![CDATA[Screenshots/]]>
              </value>
            </param>
          </params>
          <reporter-output>
          </reporter-output>
        </test-method> <!-- copFooterMarketPlacePage -->
        <test-method is-config="true" signature="tearDown()[pri:0, instance:tests.marketPlacePageTests.AllPageChromeTests@1ffaf86]" started-at="2023-08-14T19:48:05 EEST" name="tearDown" finished-at="2023-08-14T19:48:05 EEST" duration-ms="655" status="PASS">
          <reporter-output>
          </reporter-output>
        </test-method> <!-- tearDown -->
      </class> <!-- tests.marketPlacePageTests.AllPageChromeTests -->
      <class name="tests.buySellMoodCoinTests.AllPageChromeTests">
        <test-method is-config="true" signature="setUp()[pri:0, instance:tests.buySellMoodCoinTests.AllPageChromeTests@6574a52c]" started-at="2023-08-14T19:48:05 EEST" name="setUp" finished-at="2023-08-14T19:48:07 EEST" duration-ms="1589" status="PASS">
          <reporter-output>
          </reporter-output>
        </test-method> <!-- setUp -->
        <test-method signature="allHeaderBuySellMoodCoinPage(java.lang.String,java.lang.String)[pri:1, instance:tests.buySellMoodCoinTests.AllPageChromeTests@6574a52c]" started-at="2023-08-14T19:48:07 EEST" name="allHeaderBuySellMoodCoinPage" finished-at="2023-08-14T19:48:12 EEST" duration-ms="5360" status="PASS">
          <params>
            <param index="0">
              <value>
                <![CDATA[https://ai-mood.com/en/buy-sell-affil-coin]]>
              </value>
            </param>
            <param index="1">
              <value>
                <![CDATA[Screenshots/]]>
              </value>
            </param>
          </params>
          <reporter-output>
          </reporter-output>
        </test-method> <!-- allHeaderBuySellMoodCoinPage -->
        <test-method signature="getStartedHeaderBuySellMoodCoinPage(java.lang.String,java.lang.String)[pri:2, instance:tests.buySellMoodCoinTests.AllPageChromeTests@6574a52c]" started-at="2023-08-14T19:48:12 EEST" name="getStartedHeaderBuySellMoodCoinPage" finished-at="2023-08-14T19:48:17 EEST" duration-ms="4443" status="PASS">
          <params>
            <param index="0">
              <value>
                <![CDATA[https://ai-mood.com/en/buy-sell-affil-coin]]>
              </value>
            </param>
            <param index="1">
              <value>
                <![CDATA[Screenshots/]]>
              </value>
            </param>
          </params>
          <reporter-output>
          </reporter-output>
        </test-method> <!-- getStartedHeaderBuySellMoodCoinPage -->
        <test-method is-config="true" signature="setUp()[pri:0, instance:tests.buySellMoodCoinTests.AllPageChromeTests@6574a52c]" started-at="2023-08-14T19:48:12 EEST" name="setUp" finished-at="2023-08-14T19:48:12 EEST" duration-ms="0" status="PASS">
          <reporter-output>
          </reporter-output>
        </test-method> <!-- setUp -->
        <test-method signature="learnHeaderBuySellMoodCoinPage(java.lang.String,java.lang.String)[pri:3, instance:tests.buySellMoodCoinTests.AllPageChromeTests@6574a52c]" started-at="2023-08-14T19:48:17 EEST" name="learnHeaderBuySellMoodCoinPage" finished-at="2023-08-14T19:48:21 EEST" duration-ms="4351" status="PASS">
          <params>
            <param index="0">
              <value>
                <![CDATA[https://ai-mood.com/en/buy-sell-affil-coin]]>
              </value>
            </param>
            <param index="1">
              <value>
                <![CDATA[Screenshots/]]>
              </value>
            </param>
          </params>
          <reporter-output>
          </reporter-output>
        </test-method> <!-- learnHeaderBuySellMoodCoinPage -->
        <test-method is-config="true" signature="setUp()[pri:0, instance:tests.buySellMoodCoinTests.AllPageChromeTests@6574a52c]" started-at="2023-08-14T19:48:17 EEST" name="setUp" finished-at="2023-08-14T19:48:17 EEST" duration-ms="0" status="PASS">
          <reporter-output>
          </reporter-output>
        </test-method> <!-- setUp -->
        <test-method is-config="true" signature="setUp()[pri:0, instance:tests.buySellMoodCoinTests.AllPageChromeTests@6574a52c]" started-at="2023-08-14T19:48:21 EEST" name="setUp" finished-at="2023-08-14T19:48:21 EEST" duration-ms="1" status="PASS">
          <reporter-output>
          </reporter-output>
        </test-method> <!-- setUp -->
        <test-method signature="resourcesHeaderBuySellMoodCoinPage(java.lang.String,java.lang.String)[pri:4, instance:tests.buySellMoodCoinTests.AllPageChromeTests@6574a52c]" started-at="2023-08-14T19:48:21 EEST" name="resourcesHeaderBuySellMoodCoinPage" finished-at="2023-08-14T19:48:25 EEST" duration-ms="4406" status="PASS">
          <params>
            <param index="0">
              <value>
                <![CDATA[https://ai-mood.com/en/buy-sell-affil-coin]]>
              </value>
            </param>
            <param index="1">
              <value>
                <![CDATA[Screenshots/]]>
              </value>
            </param>
          </params>
          <reporter-output>
          </reporter-output>
        </test-method> <!-- resourcesHeaderBuySellMoodCoinPage -->
        <test-method is-config="true" signature="setUp()[pri:0, instance:tests.buySellMoodCoinTests.AllPageChromeTests@6574a52c]" started-at="2023-08-14T19:48:25 EEST" name="setUp" finished-at="2023-08-14T19:48:25 EEST" duration-ms="0" status="PASS">
          <reporter-output>
          </reporter-output>
        </test-method> <!-- setUp -->
        <test-method signature="mainSectionBuySellMoodCoinPage(java.lang.String,java.lang.String)[pri:6, instance:tests.buySellMoodCoinTests.AllPageChromeTests@6574a52c]" started-at="2023-08-14T19:48:25 EEST" name="mainSectionBuySellMoodCoinPage" finished-at="2023-08-14T19:48:31 EEST" duration-ms="5241" status="PASS">
          <params>
            <param index="0">
              <value>
                <![CDATA[https://ai-mood.com/en/buy-sell-affil-coin]]>
              </value>
            </param>
            <param index="1">
              <value>
                <![CDATA[Screenshots/]]>
              </value>
            </param>
          </params>
          <reporter-output>
          </reporter-output>
        </test-method> <!-- mainSectionBuySellMoodCoinPage -->
        <test-method is-config="true" signature="setUp()[pri:0, instance:tests.buySellMoodCoinTests.AllPageChromeTests@6574a52c]" started-at="2023-08-14T19:48:31 EEST" name="setUp" finished-at="2023-08-14T19:48:31 EEST" duration-ms="0" status="PASS">
          <reporter-output>
          </reporter-output>
        </test-method> <!-- setUp -->
        <test-method signature="allFooterBuySellMoodCoinPage(java.lang.String,java.lang.String)[pri:7, instance:tests.buySellMoodCoinTests.AllPageChromeTests@6574a52c]" started-at="2023-08-14T19:48:31 EEST" name="allFooterBuySellMoodCoinPage" finished-at="2023-08-14T19:48:36 EEST" duration-ms="5333" status="PASS">
          <params>
            <param index="0">
              <value>
                <![CDATA[https://ai-mood.com/en/buy-sell-affil-coin]]>
              </value>
            </param>
            <param index="1">
              <value>
                <![CDATA[Screenshots/]]>
              </value>
            </param>
          </params>
          <reporter-output>
          </reporter-output>
        </test-method> <!-- allFooterBuySellMoodCoinPage -->
        <test-method signature="partnFooterBuySellMoodCoinPage(java.lang.String,java.lang.String)[pri:8, instance:tests.buySellMoodCoinTests.AllPageChromeTests@6574a52c]" started-at="2023-08-14T19:48:36 EEST" name="partnFooterBuySellMoodCoinPage" finished-at="2023-08-14T19:48:41 EEST" duration-ms="5169" status="PASS">
          <params>
            <param index="0">
              <value>
                <![CDATA[https://ai-mood.com/en/buy-sell-affil-coin]]>
              </value>
            </param>
            <param index="1">
              <value>
                <![CDATA[Screenshots/]]>
              </value>
            </param>
          </params>
          <reporter-output>
          </reporter-output>
        </test-method> <!-- partnFooterBuySellMoodCoinPage -->
        <test-method is-config="true" signature="setUp()[pri:0, instance:tests.buySellMoodCoinTests.AllPageChromeTests@6574a52c]" started-at="2023-08-14T19:48:36 EEST" name="setUp" finished-at="2023-08-14T19:48:36 EEST" duration-ms="0" status="PASS">
          <reporter-output>
          </reporter-output>
        </test-method> <!-- setUp -->
        <test-method signature="subFooterBuySellMoodCoinPage(java.lang.String,java.lang.String)[pri:9, instance:tests.buySellMoodCoinTests.AllPageChromeTests@6574a52c]" started-at="2023-08-14T19:48:41 EEST" name="subFooterBuySellMoodCoinPage" finished-at="2023-08-14T19:48:46 EEST" duration-ms="5179" status="PASS">
          <params>
            <param index="0">
              <value>
                <![CDATA[https://ai-mood.com/en/buy-sell-affil-coin]]>
              </value>
            </param>
            <param index="1">
              <value>
                <![CDATA[Screenshots/]]>
              </value>
            </param>
          </params>
          <reporter-output>
          </reporter-output>
        </test-method> <!-- subFooterBuySellMoodCoinPage -->
        <test-method is-config="true" signature="setUp()[pri:0, instance:tests.buySellMoodCoinTests.AllPageChromeTests@6574a52c]" started-at="2023-08-14T19:48:41 EEST" name="setUp" finished-at="2023-08-14T19:48:41 EEST" duration-ms="0" status="PASS">
          <reporter-output>
          </reporter-output>
        </test-method> <!-- setUp -->
        <test-method signature="copFooterBuySellMoodCoinPage(java.lang.String,java.lang.String)[pri:10, instance:tests.buySellMoodCoinTests.AllPageChromeTests@6574a52c]" started-at="2023-08-14T19:48:46 EEST" name="copFooterBuySellMoodCoinPage" finished-at="2023-08-14T19:48:51 EEST" duration-ms="4242" status="PASS">
          <params>
            <param index="0">
              <value>
                <![CDATA[https://ai-mood.com/en/buy-sell-affil-coin]]>
              </value>
            </param>
            <param index="1">
              <value>
                <![CDATA[Screenshots/]]>
              </value>
            </param>
          </params>
          <reporter-output>
          </reporter-output>
        </test-method> <!-- copFooterBuySellMoodCoinPage -->
        <test-method is-config="true" signature="setUp()[pri:0, instance:tests.buySellMoodCoinTests.AllPageChromeTests@6574a52c]" started-at="2023-08-14T19:48:46 EEST" name="setUp" finished-at="2023-08-14T19:48:46 EEST" duration-ms="0" status="PASS">
          <reporter-output>
          </reporter-output>
        </test-method> <!-- setUp -->
        <test-method is-config="true" signature="tearDown()[pri:0, instance:tests.buySellMoodCoinTests.AllPageChromeTests@6574a52c]" started-at="2023-08-14T19:48:51 EEST" name="tearDown" finished-at="2023-08-14T19:48:51 EEST" duration-ms="670" status="PASS">
          <reporter-output>
          </reporter-output>
        </test-method> <!-- tearDown -->
      </class> <!-- tests.buySellMoodCoinTests.AllPageChromeTests -->
      <class name="tests.fundPageTests.AllPageChromeTests">
        <test-method is-config="true" signature="setUp()[pri:0, instance:tests.fundPageTests.AllPageChromeTests@60099951]" started-at="2023-08-14T19:50:24 EEST" name="setUp" finished-at="2023-08-14T19:50:26 EEST" duration-ms="1570" status="PASS">
          <reporter-output>
          </reporter-output>
        </test-method> <!-- setUp -->
        <test-method signature="allHeaderFundPage(java.lang.String,java.lang.String)[pri:1, instance:tests.fundPageTests.AllPageChromeTests@60099951]" started-at="2023-08-14T19:50:26 EEST" name="allHeaderFundPage" finished-at="2023-08-14T19:50:31 EEST" duration-ms="5360" status="PASS">
          <params>
            <param index="0">
              <value>
                <![CDATA[https://ai-mood.com/en/fund]]>
              </value>
            </param>
            <param index="1">
              <value>
                <![CDATA[Screenshots/]]>
              </value>
            </param>
          </params>
          <reporter-output>
          </reporter-output>
        </test-method> <!-- allHeaderFundPage -->
        <test-method is-config="true" signature="setUp()[pri:0, instance:tests.fundPageTests.AllPageChromeTests@60099951]" started-at="2023-08-14T19:50:31 EEST" name="setUp" finished-at="2023-08-14T19:50:31 EEST" duration-ms="0" status="PASS">
          <reporter-output>
          </reporter-output>
        </test-method> <!-- setUp -->
        <test-method signature="getStartedHeaderFundPage(java.lang.String,java.lang.String)[pri:2, instance:tests.fundPageTests.AllPageChromeTests@60099951]" started-at="2023-08-14T19:50:31 EEST" name="getStartedHeaderFundPage" finished-at="2023-08-14T19:50:36 EEST" duration-ms="4531" status="PASS">
          <params>
            <param index="0">
              <value>
                <![CDATA[https://ai-mood.com/en/fund]]>
              </value>
            </param>
            <param index="1">
              <value>
                <![CDATA[Screenshots/]]>
              </value>
            </param>
          </params>
          <reporter-output>
          </reporter-output>
        </test-method> <!-- getStartedHeaderFundPage -->
        <test-method is-config="true" signature="setUp()[pri:0, instance:tests.fundPageTests.AllPageChromeTests@60099951]" started-at="2023-08-14T19:50:36 EEST" name="setUp" finished-at="2023-08-14T19:50:36 EEST" duration-ms="0" status="PASS">
          <reporter-output>
          </reporter-output>
        </test-method> <!-- setUp -->
        <test-method signature="learnHeaderFundPage(java.lang.String,java.lang.String)[pri:3, instance:tests.fundPageTests.AllPageChromeTests@60099951]" started-at="2023-08-14T19:50:36 EEST" name="learnHeaderFundPage" finished-at="2023-08-14T19:50:40 EEST" duration-ms="4383" status="PASS">
          <params>
            <param index="0">
              <value>
                <![CDATA[https://ai-mood.com/en/fund]]>
              </value>
            </param>
            <param index="1">
              <value>
                <![CDATA[Screenshots/]]>
              </value>
            </param>
          </params>
          <reporter-output>
          </reporter-output>
        </test-method> <!-- learnHeaderFundPage -->
        <test-method is-config="true" signature="setUp()[pri:0, instance:tests.fundPageTests.AllPageChromeTests@60099951]" started-at="2023-08-14T19:50:40 EEST" name="setUp" finished-at="2023-08-14T19:50:40 EEST" duration-ms="1" status="PASS">
          <reporter-output>
          </reporter-output>
        </test-method> <!-- setUp -->
        <test-method signature="resourcesHeaderFundPage(java.lang.String,java.lang.String)[pri:4, instance:tests.fundPageTests.AllPageChromeTests@60099951]" started-at="2023-08-14T19:50:40 EEST" name="resourcesHeaderFundPage" finished-at="2023-08-14T19:50:45 EEST" duration-ms="4491" status="PASS">
          <params>
            <param index="0">
              <value>
                <![CDATA[https://ai-mood.com/en/fund]]>
              </value>
            </param>
            <param index="1">
              <value>
                <![CDATA[Screenshots/]]>
              </value>
            </param>
          </params>
          <reporter-output>
          </reporter-output>
        </test-method> <!-- resourcesHeaderFundPage -->
        <test-method is-config="true" signature="setUp()[pri:0, instance:tests.fundPageTests.AllPageChromeTests@60099951]" started-at="2023-08-14T19:50:45 EEST" name="setUp" finished-at="2023-08-14T19:50:45 EEST" duration-ms="0" status="PASS">
          <reporter-output>
          </reporter-output>
        </test-method> <!-- setUp -->
        <test-method signature="mainSectionFundPage(java.lang.String,java.lang.String)[pri:6, instance:tests.fundPageTests.AllPageChromeTests@60099951]" started-at="2023-08-14T19:50:45 EEST" name="mainSectionFundPage" finished-at="2023-08-14T19:50:50 EEST" duration-ms="5210" status="PASS">
          <params>
            <param index="0">
              <value>
                <![CDATA[https://ai-mood.com/en/fund]]>
              </value>
            </param>
            <param index="1">
              <value>
                <![CDATA[Screenshots/]]>
              </value>
            </param>
          </params>
          <reporter-output>
          </reporter-output>
        </test-method> <!-- mainSectionFundPage -->
        <test-method is-config="true" signature="setUp()[pri:0, instance:tests.fundPageTests.AllPageChromeTests@60099951]" started-at="2023-08-14T19:50:50 EEST" name="setUp" finished-at="2023-08-14T19:50:50 EEST" duration-ms="0" status="PASS">
          <reporter-output>
          </reporter-output>
        </test-method> <!-- setUp -->
        <test-method signature="allFooterFundPage(java.lang.String,java.lang.String)[pri:7, instance:tests.fundPageTests.AllPageChromeTests@60099951]" started-at="2023-08-14T19:50:50 EEST" name="allFooterFundPage" finished-at="2023-08-14T19:50:55 EEST" duration-ms="5338" status="PASS">
          <params>
            <param index="0">
              <value>
                <![CDATA[https://ai-mood.com/en/fund]]>
              </value>
            </param>
            <param index="1">
              <value>
                <![CDATA[Screenshots/]]>
              </value>
            </param>
          </params>
          <reporter-output>
          </reporter-output>
        </test-method> <!-- allFooterFundPage -->
        <test-method is-config="true" signature="setUp()[pri:0, instance:tests.fundPageTests.AllPageChromeTests@60099951]" started-at="2023-08-14T19:50:55 EEST" name="setUp" finished-at="2023-08-14T19:50:55 EEST" duration-ms="0" status="PASS">
          <reporter-output>
          </reporter-output>
        </test-method> <!-- setUp -->
        <test-method signature="partnFooterFundPage(java.lang.String,java.lang.String)[pri:8, instance:tests.fundPageTests.AllPageChromeTests@60099951]" started-at="2023-08-14T19:50:55 EEST" name="partnFooterFundPage" finished-at="2023-08-14T19:51:00 EEST" duration-ms="5176" status="PASS">
          <params>
            <param index="0">
              <value>
                <![CDATA[https://ai-mood.com/en/fund]]>
              </value>
            </param>
            <param index="1">
              <value>
                <![CDATA[Screenshots/]]>
              </value>
            </param>
          </params>
          <reporter-output>
          </reporter-output>
        </test-method> <!-- partnFooterFundPage -->
        <test-method signature="subFooterFundPage(java.lang.String,java.lang.String)[pri:9, instance:tests.fundPageTests.AllPageChromeTests@60099951]" started-at="2023-08-14T19:51:00 EEST" name="subFooterFundPage" finished-at="2023-08-14T19:51:06 EEST" duration-ms="5193" status="PASS">
          <params>
            <param index="0">
              <value>
                <![CDATA[https://ai-mood.com/en/fund]]>
              </value>
            </param>
            <param index="1">
              <value>
                <![CDATA[Screenshots/]]>
              </value>
            </param>
          </params>
          <reporter-output>
          </reporter-output>
        </test-method> <!-- subFooterFundPage -->
        <test-method is-config="true" signature="setUp()[pri:0, instance:tests.fundPageTests.AllPageChromeTests@60099951]" started-at="2023-08-14T19:51:00 EEST" name="setUp" finished-at="2023-08-14T19:51:00 EEST" duration-ms="0" status="PASS">
          <reporter-output>
          </reporter-output>
        </test-method> <!-- setUp -->
        <test-method signature="copFooterFundPage(java.lang.String,java.lang.String)[pri:10, instance:tests.fundPageTests.AllPageChromeTests@60099951]" started-at="2023-08-14T19:51:06 EEST" name="copFooterFundPage" finished-at="2023-08-14T19:51:10 EEST" duration-ms="4245" status="PASS">
          <params>
            <param index="0">
              <value>
                <![CDATA[https://ai-mood.com/en/fund]]>
              </value>
            </param>
            <param index="1">
              <value>
                <![CDATA[Screenshots/]]>
              </value>
            </param>
          </params>
          <reporter-output>
          </reporter-output>
        </test-method> <!-- copFooterFundPage -->
        <test-method is-config="true" signature="setUp()[pri:0, instance:tests.fundPageTests.AllPageChromeTests@60099951]" started-at="2023-08-14T19:51:06 EEST" name="setUp" finished-at="2023-08-14T19:51:06 EEST" duration-ms="0" status="PASS">
          <reporter-output>
          </reporter-output>
        </test-method> <!-- setUp -->
        <test-method is-config="true" signature="tearDown()[pri:0, instance:tests.fundPageTests.AllPageChromeTests@60099951]" started-at="2023-08-14T19:51:10 EEST" name="tearDown" finished-at="2023-08-14T19:51:11 EEST" duration-ms="652" status="PASS">
          <reporter-output>
          </reporter-output>
        </test-method> <!-- tearDown -->
      </class> <!-- tests.fundPageTests.AllPageChromeTests -->
      <class name="tests.mainPageTests.AllPageFirefoxTests">
        <test-method is-config="true" signature="setUp()[pri:0, instance:tests.mainPageTests.AllPageFirefoxTests@4c1909a3]" started-at="2023-08-14T19:43:16 EEST" name="setUp" finished-at="2023-08-14T19:43:20 EEST" duration-ms="3627" status="PASS">
          <reporter-output>
          </reporter-output>
        </test-method> <!-- setUp -->
        <test-method signature="allHeaderMainPage(java.lang.String,java.lang.String)[pri:1, instance:tests.mainPageTests.AllPageFirefoxTests@4c1909a3]" started-at="2023-08-14T19:43:20 EEST" name="allHeaderMainPage" finished-at="2023-08-14T19:43:44 EEST" duration-ms="24455" status="PASS">
          <params>
            <param index="0">
              <value>
                <![CDATA[https://ai-mood.com/en]]>
              </value>
            </param>
            <param index="1">
              <value>
                <![CDATA[Screenshots/]]>
              </value>
            </param>
          </params>
          <reporter-output>
          </reporter-output>
        </test-method> <!-- allHeaderMainPage -->
        <test-method is-config="true" signature="setUp()[pri:0, instance:tests.mainPageTests.AllPageFirefoxTests@4c1909a3]" started-at="2023-08-14T19:43:44 EEST" name="setUp" finished-at="2023-08-14T19:43:44 EEST" duration-ms="1" status="PASS">
          <reporter-output>
          </reporter-output>
        </test-method> <!-- setUp -->
        <test-method signature="getStartedHeaderMainPage(java.lang.String,java.lang.String)[pri:2, instance:tests.mainPageTests.AllPageFirefoxTests@4c1909a3]" started-at="2023-08-14T19:43:44 EEST" name="getStartedHeaderMainPage" finished-at="2023-08-14T19:43:49 EEST" duration-ms="4228" status="PASS">
          <params>
            <param index="0">
              <value>
                <![CDATA[https://ai-mood.com/en]]>
              </value>
            </param>
            <param index="1">
              <value>
                <![CDATA[Screenshots/]]>
              </value>
            </param>
          </params>
          <reporter-output>
          </reporter-output>
        </test-method> <!-- getStartedHeaderMainPage -->
        <test-method is-config="true" signature="setUp()[pri:0, instance:tests.mainPageTests.AllPageFirefoxTests@4c1909a3]" started-at="2023-08-14T19:43:49 EEST" name="setUp" finished-at="2023-08-14T19:43:49 EEST" duration-ms="1" status="PASS">
          <reporter-output>
          </reporter-output>
        </test-method> <!-- setUp -->
        <test-method signature="learnHeaderMainPage(java.lang.String,java.lang.String)[pri:3, instance:tests.mainPageTests.AllPageFirefoxTests@4c1909a3]" started-at="2023-08-14T19:43:49 EEST" name="learnHeaderMainPage" finished-at="2023-08-14T19:43:53 EEST" duration-ms="4234" status="PASS">
          <params>
            <param index="0">
              <value>
                <![CDATA[https://ai-mood.com/en]]>
              </value>
            </param>
            <param index="1">
              <value>
                <![CDATA[Screenshots/]]>
              </value>
            </param>
          </params>
          <reporter-output>
          </reporter-output>
        </test-method> <!-- learnHeaderMainPage -->
        <test-method is-config="true" signature="setUp()[pri:0, instance:tests.mainPageTests.AllPageFirefoxTests@4c1909a3]" started-at="2023-08-14T19:43:53 EEST" name="setUp" finished-at="2023-08-14T19:43:53 EEST" duration-ms="0" status="PASS">
          <reporter-output>
          </reporter-output>
        </test-method> <!-- setUp -->
        <test-method signature="resourcesHeaderMainPage(java.lang.String,java.lang.String)[pri:4, instance:tests.mainPageTests.AllPageFirefoxTests@4c1909a3]" started-at="2023-08-14T19:43:53 EEST" name="resourcesHeaderMainPage" finished-at="2023-08-14T19:43:57 EEST" duration-ms="4359" status="PASS">
          <params>
            <param index="0">
              <value>
                <![CDATA[https://ai-mood.com/en]]>
              </value>
            </param>
            <param index="1">
              <value>
                <![CDATA[Screenshots/]]>
              </value>
            </param>
          </params>
          <reporter-output>
          </reporter-output>
        </test-method> <!-- resourcesHeaderMainPage -->
        <test-method signature="mainSectionMainPage(java.lang.String,java.lang.String)[pri:6, instance:tests.mainPageTests.AllPageFirefoxTests@4c1909a3]" started-at="2023-08-14T19:43:57 EEST" name="mainSectionMainPage" finished-at="2023-08-14T19:44:02 EEST" duration-ms="5332" status="PASS">
          <params>
            <param index="0">
              <value>
                <![CDATA[https://ai-mood.com/en]]>
              </value>
            </param>
            <param index="1">
              <value>
                <![CDATA[Screenshots/]]>
              </value>
            </param>
          </params>
          <reporter-output>
          </reporter-output>
        </test-method> <!-- mainSectionMainPage -->
        <test-method is-config="true" signature="setUp()[pri:0, instance:tests.mainPageTests.AllPageFirefoxTests@4c1909a3]" started-at="2023-08-14T19:43:57 EEST" name="setUp" finished-at="2023-08-14T19:43:57 EEST" duration-ms="0" status="PASS">
          <reporter-output>
          </reporter-output>
        </test-method> <!-- setUp -->
        <test-method is-config="true" signature="setUp()[pri:0, instance:tests.mainPageTests.AllPageFirefoxTests@4c1909a3]" started-at="2023-08-14T19:44:02 EEST" name="setUp" finished-at="2023-08-14T19:44:02 EEST" duration-ms="1" status="PASS">
          <reporter-output>
          </reporter-output>
        </test-method> <!-- setUp -->
        <test-method signature="videoSectionMainPage(java.lang.String,java.lang.String)[pri:7, instance:tests.mainPageTests.AllPageFirefoxTests@4c1909a3]" started-at="2023-08-14T19:44:02 EEST" name="videoSectionMainPage" finished-at="2023-08-14T19:44:08 EEST" duration-ms="5413" status="PASS">
          <params>
            <param index="0">
              <value>
                <![CDATA[https://ai-mood.com/en]]>
              </value>
            </param>
            <param index="1">
              <value>
                <![CDATA[Screenshots/]]>
              </value>
            </param>
          </params>
          <reporter-output>
          </reporter-output>
        </test-method> <!-- videoSectionMainPage -->
        <test-method is-config="true" signature="setUp()[pri:0, instance:tests.mainPageTests.AllPageFirefoxTests@4c1909a3]" started-at="2023-08-14T19:44:08 EEST" name="setUp" finished-at="2023-08-14T19:44:08 EEST" duration-ms="1" status="PASS">
          <reporter-output>
          </reporter-output>
        </test-method> <!-- setUp -->
        <test-method signature="roadmapSectionMainPage(java.lang.String,java.lang.String)[pri:8, instance:tests.mainPageTests.AllPageFirefoxTests@4c1909a3]" started-at="2023-08-14T19:44:08 EEST" name="roadmapSectionMainPage" finished-at="2023-08-14T19:44:13 EEST" duration-ms="5296" status="PASS">
          <params>
            <param index="0">
              <value>
                <![CDATA[https://ai-mood.com/en]]>
              </value>
            </param>
            <param index="1">
              <value>
                <![CDATA[Screenshots/]]>
              </value>
            </param>
          </params>
          <reporter-output>
          </reporter-output>
        </test-method> <!-- roadmapSectionMainPage -->
        <test-method is-config="true" signature="setUp()[pri:0, instance:tests.mainPageTests.AllPageFirefoxTests@4c1909a3]" started-at="2023-08-14T19:44:13 EEST" name="setUp" finished-at="2023-08-14T19:44:13 EEST" duration-ms="1" status="PASS">
          <reporter-output>
          </reporter-output>
        </test-method> <!-- setUp -->
        <test-method signature="statisticsSectionMainPage(java.lang.String,java.lang.String)[pri:9, instance:tests.mainPageTests.AllPageFirefoxTests@4c1909a3]" started-at="2023-08-14T19:44:13 EEST" name="statisticsSectionMainPage" finished-at="2023-08-14T19:44:19 EEST" duration-ms="5567" status="PASS">
          <params>
            <param index="0">
              <value>
                <![CDATA[https://ai-mood.com/en]]>
              </value>
            </param>
            <param index="1">
              <value>
                <![CDATA[Screenshots/]]>
              </value>
            </param>
          </params>
          <reporter-output>
          </reporter-output>
        </test-method> <!-- statisticsSectionMainPage -->
        <test-method signature="leaningSectionMainPage(java.lang.String,java.lang.String)[pri:10, instance:tests.mainPageTests.AllPageFirefoxTests@4c1909a3]" started-at="2023-08-14T19:44:19 EEST" name="leaningSectionMainPage" finished-at="2023-08-14T19:44:24 EEST" duration-ms="5427" status="PASS">
          <params>
            <param index="0">
              <value>
                <![CDATA[https://ai-mood.com/en]]>
              </value>
            </param>
            <param index="1">
              <value>
                <![CDATA[Screenshots/]]>
              </value>
            </param>
          </params>
          <reporter-output>
          </reporter-output>
        </test-method> <!-- leaningSectionMainPage -->
        <test-method is-config="true" signature="setUp()[pri:0, instance:tests.mainPageTests.AllPageFirefoxTests@4c1909a3]" started-at="2023-08-14T19:44:19 EEST" name="setUp" finished-at="2023-08-14T19:44:19 EEST" duration-ms="0" status="PASS">
          <reporter-output>
          </reporter-output>
        </test-method> <!-- setUp -->
        <test-method is-config="true" signature="setUp()[pri:0, instance:tests.mainPageTests.AllPageFirefoxTests@4c1909a3]" started-at="2023-08-14T19:44:24 EEST" name="setUp" finished-at="2023-08-14T19:44:24 EEST" duration-ms="1" status="PASS">
          <reporter-output>
          </reporter-output>
        </test-method> <!-- setUp -->
        <test-method signature="allFooterMainPage(java.lang.String,java.lang.String)[pri:11, instance:tests.mainPageTests.AllPageFirefoxTests@4c1909a3]" started-at="2023-08-14T19:44:24 EEST" name="allFooterMainPage" finished-at="2023-08-14T19:44:29 EEST" duration-ms="5059" status="PASS">
          <params>
            <param index="0">
              <value>
                <![CDATA[https://ai-mood.com/en]]>
              </value>
            </param>
            <param index="1">
              <value>
                <![CDATA[Screenshots/]]>
              </value>
            </param>
          </params>
          <reporter-output>
          </reporter-output>
        </test-method> <!-- allFooterMainPage -->
        <test-method is-config="true" signature="setUp()[pri:0, instance:tests.mainPageTests.AllPageFirefoxTests@4c1909a3]" started-at="2023-08-14T19:44:29 EEST" name="setUp" finished-at="2023-08-14T19:44:29 EEST" duration-ms="1" status="PASS">
          <reporter-output>
          </reporter-output>
        </test-method> <!-- setUp -->
        <test-method signature="partnFooterMainPage(java.lang.String,java.lang.String)[pri:12, instance:tests.mainPageTests.AllPageFirefoxTests@4c1909a3]" started-at="2023-08-14T19:44:29 EEST" name="partnFooterMainPage" finished-at="2023-08-14T19:44:34 EEST" duration-ms="5153" status="PASS">
          <params>
            <param index="0">
              <value>
                <![CDATA[https://ai-mood.com/en]]>
              </value>
            </param>
            <param index="1">
              <value>
                <![CDATA[Screenshots/]]>
              </value>
            </param>
          </params>
          <reporter-output>
          </reporter-output>
        </test-method> <!-- partnFooterMainPage -->
        <test-method is-config="true" signature="setUp()[pri:0, instance:tests.mainPageTests.AllPageFirefoxTests@4c1909a3]" started-at="2023-08-14T19:44:34 EEST" name="setUp" finished-at="2023-08-14T19:44:34 EEST" duration-ms="0" status="PASS">
          <reporter-output>
          </reporter-output>
        </test-method> <!-- setUp -->
        <test-method signature="subFooterMainPage(java.lang.String,java.lang.String)[pri:13, instance:tests.mainPageTests.AllPageFirefoxTests@4c1909a3]" started-at="2023-08-14T19:44:34 EEST" name="subFooterMainPage" finished-at="2023-08-14T19:44:39 EEST" duration-ms="4988" status="PASS">
          <params>
            <param index="0">
              <value>
                <![CDATA[https://ai-mood.com/en]]>
              </value>
            </param>
            <param index="1">
              <value>
                <![CDATA[Screenshots/]]>
              </value>
            </param>
          </params>
          <reporter-output>
          </reporter-output>
        </test-method> <!-- subFooterMainPage -->
        <test-method signature="copFooterMainPage(java.lang.String,java.lang.String)[pri:14, instance:tests.mainPageTests.AllPageFirefoxTests@4c1909a3]" started-at="2023-08-14T19:44:39 EEST" name="copFooterMainPage" finished-at="2023-08-14T19:44:43 EEST" duration-ms="4034" status="PASS">
          <params>
            <param index="0">
              <value>
                <![CDATA[https://ai-mood.com/en]]>
              </value>
            </param>
            <param index="1">
              <value>
                <![CDATA[Screenshots/]]>
              </value>
            </param>
          </params>
          <reporter-output>
          </reporter-output>
        </test-method> <!-- copFooterMainPage -->
        <test-method is-config="true" signature="setUp()[pri:0, instance:tests.mainPageTests.AllPageFirefoxTests@4c1909a3]" started-at="2023-08-14T19:44:39 EEST" name="setUp" finished-at="2023-08-14T19:44:39 EEST" duration-ms="0" status="PASS">
          <reporter-output>
          </reporter-output>
        </test-method> <!-- setUp -->
        <test-method is-config="true" signature="tearDown()[pri:0, instance:tests.mainPageTests.AllPageFirefoxTests@4c1909a3]" started-at="2023-08-14T19:44:43 EEST" name="tearDown" finished-at="2023-08-14T19:44:45 EEST" duration-ms="1662" status="PASS">
          <reporter-output>
          </reporter-output>
        </test-method> <!-- tearDown -->
      </class> <!-- tests.mainPageTests.AllPageFirefoxTests -->
      <class name="tests.mainPageTests.AllPageChromeTests">
        <test-method is-config="true" signature="setUp()[pri:0, instance:tests.mainPageTests.AllPageChromeTests@45099dd3]" started-at="2023-08-14T19:44:45 EEST" name="setUp" finished-at="2023-08-14T19:44:47 EEST" duration-ms="1887" status="PASS">
          <reporter-output>
          </reporter-output>
        </test-method> <!-- setUp -->
        <test-method signature="allHeaderMainPage(java.lang.String,java.lang.String)[pri:1, instance:tests.mainPageTests.AllPageChromeTests@45099dd3]" started-at="2023-08-14T19:44:47 EEST" name="allHeaderMainPage" finished-at="2023-08-14T19:45:10 EEST" duration-ms="23267" status="PASS">
          <params>
            <param index="0">
              <value>
                <![CDATA[https://ai-mood.com/en]]>
              </value>
            </param>
            <param index="1">
              <value>
                <![CDATA[Screenshots/]]>
              </value>
            </param>
          </params>
          <reporter-output>
          </reporter-output>
        </test-method> <!-- allHeaderMainPage -->
        <test-method signature="getStartedHeaderMainPage(java.lang.String,java.lang.String)[pri:2, instance:tests.mainPageTests.AllPageChromeTests@45099dd3]" started-at="2023-08-14T19:45:10 EEST" name="getStartedHeaderMainPage" finished-at="2023-08-14T19:45:15 EEST" duration-ms="4477" status="PASS">
          <params>
            <param index="0">
              <value>
                <![CDATA[https://ai-mood.com/en]]>
              </value>
            </param>
            <param index="1">
              <value>
                <![CDATA[Screenshots/]]>
              </value>
            </param>
          </params>
          <reporter-output>
          </reporter-output>
        </test-method> <!-- getStartedHeaderMainPage -->
        <test-method is-config="true" signature="setUp()[pri:0, instance:tests.mainPageTests.AllPageChromeTests@45099dd3]" started-at="2023-08-14T19:45:10 EEST" name="setUp" finished-at="2023-08-14T19:45:10 EEST" duration-ms="0" status="PASS">
          <reporter-output>
          </reporter-output>
        </test-method> <!-- setUp -->
        <test-method is-config="true" signature="setUp()[pri:0, instance:tests.mainPageTests.AllPageChromeTests@45099dd3]" started-at="2023-08-14T19:45:15 EEST" name="setUp" finished-at="2023-08-14T19:45:15 EEST" duration-ms="1" status="PASS">
          <reporter-output>
          </reporter-output>
        </test-method> <!-- setUp -->
        <test-method signature="learnHeaderMainPage(java.lang.String,java.lang.String)[pri:3, instance:tests.mainPageTests.AllPageChromeTests@45099dd3]" started-at="2023-08-14T19:45:15 EEST" name="learnHeaderMainPage" finished-at="2023-08-14T19:45:19 EEST" duration-ms="4426" status="PASS">
          <params>
            <param index="0">
              <value>
                <![CDATA[https://ai-mood.com/en]]>
              </value>
            </param>
            <param index="1">
              <value>
                <![CDATA[Screenshots/]]>
              </value>
            </param>
          </params>
          <reporter-output>
          </reporter-output>
        </test-method> <!-- learnHeaderMainPage -->
        <test-method signature="resourcesHeaderMainPage(java.lang.String,java.lang.String)[pri:4, instance:tests.mainPageTests.AllPageChromeTests@45099dd3]" started-at="2023-08-14T19:45:19 EEST" name="resourcesHeaderMainPage" finished-at="2023-08-14T19:45:24 EEST" duration-ms="4423" status="PASS">
          <params>
            <param index="0">
              <value>
                <![CDATA[https://ai-mood.com/en]]>
              </value>
            </param>
            <param index="1">
              <value>
                <![CDATA[Screenshots/]]>
              </value>
            </param>
          </params>
          <reporter-output>
          </reporter-output>
        </test-method> <!-- resourcesHeaderMainPage -->
        <test-method is-config="true" signature="setUp()[pri:0, instance:tests.mainPageTests.AllPageChromeTests@45099dd3]" started-at="2023-08-14T19:45:19 EEST" name="setUp" finished-at="2023-08-14T19:45:19 EEST" duration-ms="0" status="PASS">
          <reporter-output>
          </reporter-output>
        </test-method> <!-- setUp -->
        <test-method is-config="true" signature="setUp()[pri:0, instance:tests.mainPageTests.AllPageChromeTests@45099dd3]" started-at="2023-08-14T19:45:24 EEST" name="setUp" finished-at="2023-08-14T19:45:24 EEST" duration-ms="0" status="PASS">
          <reporter-output>
          </reporter-output>
        </test-method> <!-- setUp -->
        <test-method signature="mainSectionMainPage(java.lang.String,java.lang.String)[pri:6, instance:tests.mainPageTests.AllPageChromeTests@45099dd3]" started-at="2023-08-14T19:45:24 EEST" name="mainSectionMainPage" finished-at="2023-08-14T19:45:29 EEST" duration-ms="5525" status="PASS">
          <params>
            <param index="0">
              <value>
                <![CDATA[https://ai-mood.com/en]]>
              </value>
            </param>
            <param index="1">
              <value>
                <![CDATA[Screenshots/]]>
              </value>
            </param>
          </params>
          <reporter-output>
          </reporter-output>
        </test-method> <!-- mainSectionMainPage -->
        <test-method retried="true" signature="videoSectionMainPage(java.lang.String,java.lang.String)[pri:7, instance:tests.mainPageTests.AllPageChromeTests@45099dd3]" started-at="2023-08-14T19:45:29 EEST" name="videoSectionMainPage" finished-at="2023-08-14T19:45:35 EEST" duration-ms="5528" status="SKIP">
          <params>
            <param index="0">
              <value>
                <![CDATA[https://ai-mood.com/en]]>
              </value>
            </param>
            <param index="1">
              <value>
                <![CDATA[Screenshots/]]>
              </value>
            </param>
          </params>
          <exception class="java.lang.AssertionError">
            <message>
              <![CDATA[*** Images are not similar *** expected [true] but found [false]]]>
            </message>
            <full-stacktrace>
              <![CDATA[java.lang.AssertionError: *** Images are not similar *** expected [true] but found [false]
at org.testng.Assert.fail(Assert.java:110)
at org.testng.Assert.failNotEquals(Assert.java:1413)
at org.testng.Assert.assertTrue(Assert.java:56)
at pages.pixel_perfect.PixelPerfectAssert.byElement(PixelPerfectAssert.java:109)
at tests.mainPageTests.AllPageChromeTests.videoSectionMainPage(AllPageChromeTests.java:137)
at java.base/jdk.internal.reflect.NativeMethodAccessorImpl.invoke0(Native Method)
at java.base/jdk.internal.reflect.NativeMethodAccessorImpl.invoke(NativeMethodAccessorImpl.java:62)
at java.base/jdk.internal.reflect.DelegatingMethodAccessorImpl.invoke(DelegatingMethodAccessorImpl.java:43)
at java.base/java.lang.reflect.Method.invoke(Method.java:564)
at org.testng.internal.invokers.MethodInvocationHelper.invokeMethod(MethodInvocationHelper.java:135)
at org.testng.internal.invokers.TestInvoker.invokeMethod(TestInvoker.java:673)
at org.testng.internal.invokers.TestInvoker.invokeTestMethod(TestInvoker.java:220)
at org.testng.internal.invokers.MethodRunner.runInSequence(MethodRunner.java:50)
at org.testng.internal.invokers.TestInvoker$MethodInvocationAgent.invoke(TestInvoker.java:945)
at org.testng.internal.invokers.TestInvoker.invokeTestMethods(TestInvoker.java:193)
at org.testng.internal.invokers.TestMethodWorker.invokeTestMethods(TestMethodWorker.java:146)
at org.testng.internal.invokers.TestMethodWorker.run(TestMethodWorker.java:128)
at java.base/java.util.ArrayList.forEach(ArrayList.java:1380)
at org.testng.TestRunner.privateRun(TestRunner.java:808)
at org.testng.TestRunner.run(TestRunner.java:603)
at org.testng.SuiteRunner.runTest(SuiteRunner.java:429)
at org.testng.SuiteRunner.runSequentially(SuiteRunner.java:423)
at org.testng.SuiteRunner.privateRun(SuiteRunner.java:383)
at org.testng.SuiteRunner.run(SuiteRunner.java:326)
at org.testng.SuiteRunnerWorker.runSuite(SuiteRunnerWorker.java:52)
at org.testng.SuiteRunnerWorker.run(SuiteRunnerWorker.java:95)
at org.testng.TestNG.runSuitesSequentially(TestNG.java:1249)
at org.testng.TestNG.runSuitesLocally(TestNG.java:1169)
at org.testng.TestNG.runSuites(TestNG.java:1092)
at org.testng.TestNG.run(TestNG.java:1060)
at org.apache.maven.surefire.testng.TestNGExecutor.run(TestNGExecutor.java:284)
at org.apache.maven.surefire.testng.TestNGXmlTestSuite.execute(TestNGXmlTestSuite.java:75)
at org.apache.maven.surefire.testng.TestNGProvider.invoke(TestNGProvider.java:119)
at org.apache.maven.surefire.booter.ForkedBooter.runSuitesInProcess(ForkedBooter.java:428)
at org.apache.maven.surefire.booter.ForkedBooter.execute(ForkedBooter.java:162)
at org.apache.maven.surefire.booter.ForkedBooter.run(ForkedBooter.java:562)
at org.apache.maven.surefire.booter.ForkedBooter.main(ForkedBooter.java:548)
]]>
            </full-stacktrace>
          </exception> <!-- java.lang.AssertionError -->
          <reporter-output>
          </reporter-output>
        </test-method> <!-- videoSectionMainPage -->
        <test-method is-config="true" signature="setUp()[pri:0, instance:tests.mainPageTests.AllPageChromeTests@45099dd3]" started-at="2023-08-14T19:45:29 EEST" name="setUp" finished-at="2023-08-14T19:45:29 EEST" duration-ms="0" status="PASS">
          <reporter-output>
          </reporter-output>
        </test-method> <!-- setUp -->
        <test-method is-config="true" signature="setUp()[pri:0, instance:tests.mainPageTests.AllPageChromeTests@45099dd3]" started-at="2023-08-14T19:45:35 EEST" name="setUp" finished-at="2023-08-14T19:45:35 EEST" duration-ms="0" status="PASS">
          <reporter-output>
          </reporter-output>
        </test-method> <!-- setUp -->
        <test-method signature="videoSectionMainPage(java.lang.String,java.lang.String)[pri:7, instance:tests.mainPageTests.AllPageChromeTests@45099dd3]" started-at="2023-08-14T19:45:35 EEST" name="videoSectionMainPage" finished-at="2023-08-14T19:45:40 EEST" duration-ms="5770" status="PASS">
          <params>
            <param index="0">
              <value>
                <![CDATA[https://ai-mood.com/en]]>
              </value>
            </param>
            <param index="1">
              <value>
                <![CDATA[Screenshots/]]>
              </value>
            </param>
          </params>
          <reporter-output>
          </reporter-output>
        </test-method> <!-- videoSectionMainPage -->
        <test-method signature="roadmapSectionMainPage(java.lang.String,java.lang.String)[pri:8, instance:tests.mainPageTests.AllPageChromeTests@45099dd3]" started-at="2023-08-14T19:45:40 EEST" name="roadmapSectionMainPage" finished-at="2023-08-14T19:45:46 EEST" duration-ms="5815" status="PASS">
          <params>
            <param index="0">
              <value>
                <![CDATA[https://ai-mood.com/en]]>
              </value>
            </param>
            <param index="1">
              <value>
                <![CDATA[Screenshots/]]>
              </value>
            </param>
          </params>
          <reporter-output>
          </reporter-output>
        </test-method> <!-- roadmapSectionMainPage -->
        <test-method is-config="true" signature="setUp()[pri:0, instance:tests.mainPageTests.AllPageChromeTests@45099dd3]" started-at="2023-08-14T19:45:40 EEST" name="setUp" finished-at="2023-08-14T19:45:40 EEST" duration-ms="0" status="PASS">
          <reporter-output>
          </reporter-output>
        </test-method> <!-- setUp -->
        <test-method is-config="true" signature="setUp()[pri:0, instance:tests.mainPageTests.AllPageChromeTests@45099dd3]" started-at="2023-08-14T19:45:46 EEST" name="setUp" finished-at="2023-08-14T19:45:46 EEST" duration-ms="0" status="PASS">
          <reporter-output>
          </reporter-output>
        </test-method> <!-- setUp -->
        <test-method signature="statisticsSectionMainPage(java.lang.String,java.lang.String)[pri:9, instance:tests.mainPageTests.AllPageChromeTests@45099dd3]" started-at="2023-08-14T19:45:46 EEST" name="statisticsSectionMainPage" finished-at="2023-08-14T19:45:52 EEST" duration-ms="5863" status="PASS">
          <params>
            <param index="0">
              <value>
                <![CDATA[https://ai-mood.com/en]]>
              </value>
            </param>
            <param index="1">
              <value>
                <![CDATA[Screenshots/]]>
              </value>
            </param>
          </params>
          <reporter-output>
          </reporter-output>
        </test-method> <!-- statisticsSectionMainPage -->
        <test-method is-config="true" signature="setUp()[pri:0, instance:tests.mainPageTests.AllPageChromeTests@45099dd3]" started-at="2023-08-14T19:45:52 EEST" name="setUp" finished-at="2023-08-14T19:45:52 EEST" duration-ms="1" status="PASS">
          <reporter-output>
          </reporter-output>
        </test-method> <!-- setUp -->
        <test-method signature="leaningSectionMainPage(java.lang.String,java.lang.String)[pri:10, instance:tests.mainPageTests.AllPageChromeTests@45099dd3]" started-at="2023-08-14T19:45:52 EEST" name="leaningSectionMainPage" finished-at="2023-08-14T19:45:58 EEST" duration-ms="6286" status="PASS">
          <params>
            <param index="0">
              <value>
                <![CDATA[https://ai-mood.com/en]]>
              </value>
            </param>
            <param index="1">
              <value>
                <![CDATA[Screenshots/]]>
              </value>
            </param>
          </params>
          <reporter-output>
          </reporter-output>
        </test-method> <!-- leaningSectionMainPage -->
        <test-method is-config="true" signature="setUp()[pri:0, instance:tests.mainPageTests.AllPageChromeTests@45099dd3]" started-at="2023-08-14T19:45:58 EEST" name="setUp" finished-at="2023-08-14T19:45:58 EEST" duration-ms="1" status="PASS">
          <reporter-output>
          </reporter-output>
        </test-method> <!-- setUp -->
        <test-method signature="allFooterMainPage(java.lang.String,java.lang.String)[pri:11, instance:tests.mainPageTests.AllPageChromeTests@45099dd3]" started-at="2023-08-14T19:45:58 EEST" name="allFooterMainPage" finished-at="2023-08-14T19:46:04 EEST" duration-ms="5465" status="PASS">
          <params>
            <param index="0">
              <value>
                <![CDATA[https://ai-mood.com/en]]>
              </value>
            </param>
            <param index="1">
              <value>
                <![CDATA[Screenshots/]]>
              </value>
            </param>
          </params>
          <reporter-output>
          </reporter-output>
        </test-method> <!-- allFooterMainPage -->
        <test-method signature="partnFooterMainPage(java.lang.String,java.lang.String)[pri:12, instance:tests.mainPageTests.AllPageChromeTests@45099dd3]" started-at="2023-08-14T19:46:04 EEST" name="partnFooterMainPage" finished-at="2023-08-14T19:46:09 EEST" duration-ms="5289" status="PASS">
          <params>
            <param index="0">
              <value>
                <![CDATA[https://ai-mood.com/en]]>
              </value>
            </param>
            <param index="1">
              <value>
                <![CDATA[Screenshots/]]>
              </value>
            </param>
          </params>
          <reporter-output>
          </reporter-output>
        </test-method> <!-- partnFooterMainPage -->
        <test-method is-config="true" signature="setUp()[pri:0, instance:tests.mainPageTests.AllPageChromeTests@45099dd3]" started-at="2023-08-14T19:46:04 EEST" name="setUp" finished-at="2023-08-14T19:46:04 EEST" duration-ms="0" status="PASS">
          <reporter-output>
          </reporter-output>
        </test-method> <!-- setUp -->
        <test-method is-config="true" signature="setUp()[pri:0, instance:tests.mainPageTests.AllPageChromeTests@45099dd3]" started-at="2023-08-14T19:46:09 EEST" name="setUp" finished-at="2023-08-14T19:46:09 EEST" duration-ms="0" status="PASS">
          <reporter-output>
          </reporter-output>
        </test-method> <!-- setUp -->
        <test-method signature="subFooterMainPage(java.lang.String,java.lang.String)[pri:13, instance:tests.mainPageTests.AllPageChromeTests@45099dd3]" started-at="2023-08-14T19:46:09 EEST" name="subFooterMainPage" finished-at="2023-08-14T19:46:14 EEST" duration-ms="5279" status="PASS">
          <params>
            <param index="0">
              <value>
                <![CDATA[https://ai-mood.com/en]]>
              </value>
            </param>
            <param index="1">
              <value>
                <![CDATA[Screenshots/]]>
              </value>
            </param>
          </params>
          <reporter-output>
          </reporter-output>
        </test-method> <!-- subFooterMainPage -->
        <test-method signature="copFooterMainPage(java.lang.String,java.lang.String)[pri:14, instance:tests.mainPageTests.AllPageChromeTests@45099dd3]" started-at="2023-08-14T19:46:14 EEST" name="copFooterMainPage" finished-at="2023-08-14T19:46:19 EEST" duration-ms="4366" status="PASS">
          <params>
            <param index="0">
              <value>
                <![CDATA[https://ai-mood.com/en]]>
              </value>
            </param>
            <param index="1">
              <value>
                <![CDATA[Screenshots/]]>
              </value>
            </param>
          </params>
          <reporter-output>
          </reporter-output>
        </test-method> <!-- copFooterMainPage -->
        <test-method is-config="true" signature="setUp()[pri:0, instance:tests.mainPageTests.AllPageChromeTests@45099dd3]" started-at="2023-08-14T19:46:14 EEST" name="setUp" finished-at="2023-08-14T19:46:14 EEST" duration-ms="0" status="PASS">
          <reporter-output>
          </reporter-output>
        </test-method> <!-- setUp -->
        <test-method is-config="true" signature="tearDown()[pri:0, instance:tests.mainPageTests.AllPageChromeTests@45099dd3]" started-at="2023-08-14T19:46:19 EEST" name="tearDown" finished-at="2023-08-14T19:46:19 EEST" duration-ms="669" status="PASS">
          <reporter-output>
          </reporter-output>
        </test-method> <!-- tearDown -->
      </class> <!-- tests.mainPageTests.AllPageChromeTests -->
    </test> <!-- ai-mood - Pixel perfect regression -->
  </suite> <!-- WPT -->
</testng-results>
