<?xml version="1.0" encoding="UTF-8"?>
<!-- Generated by org.testng.reporters.JUnitXMLReporter -->
<testsuite ignored="0" hostname="WIN-RU0SR3DOB67" failures="12" tests="42" name="ai-mood - Pixel perfect regression" time="255.343" errors="0" timestamp="2023-08-24T17:38:53 EEST">
  <testcase classname="tests.fundPageTests.AllPageFirefoxTests" name="allHeaderFundPage" time="7.146">
    <skipped/>
  </testcase> <!-- allHeaderFundPage -->
  <testcase classname="tests.fundPageTests.AllPageFirefoxTests" name="allHeaderFundPage" time="18.562">
    <skipped/>
  </testcase> <!-- allHeaderFundPage -->
  <testcase classname="tests.fundPageTests.AllPageFirefoxTests" name="allHeaderFundPage" time="18.55">
    <failure type="java.lang.AssertionError" message="*** Images are not similar *** expected [true] but found [false]">
      <![CDATA[java.lang.AssertionError: *** Images are not similar *** expected [true] but found [false]
at pages.pixel_perfect.PixelPerfectAssert.byElement(PixelPerfectAssert.java:109)
at tests.fundPageTests.AllPageFirefoxTests.allHeaderFundPage(AllPageFirefoxTests.java:26)
at java.base/java.util.ArrayList.forEach(ArrayList.java:1540)
... Removed 34 stack frames]]>
    </failure>
  </testcase> <!-- allHeaderFundPage -->
  <testcase classname="tests.fundPageTests.AllPageFirefoxTests" name="getStartedHeaderFundPage" time="4.231"/>
  <testcase classname="tests.fundPageTests.AllPageFirefoxTests" name="learnHeaderFundPage" time="4.04"/>
  <testcase classname="tests.fundPageTests.AllPageFirefoxTests" name="resourcesHeaderFundPage" time="3.629">
    <skipped/>
  </testcase> <!-- resourcesHeaderFundPage -->
  <testcase classname="tests.fundPageTests.AllPageFirefoxTests" name="resourcesHeaderFundPage" time="3.506">
    <skipped/>
  </testcase> <!-- resourcesHeaderFundPage -->
  <testcase classname="tests.fundPageTests.AllPageFirefoxTests" name="resourcesHeaderFundPage" time="3.527">
    <failure type="java.lang.AssertionError" message="*** Images are not similar *** expected [true] but found [false]">
      <![CDATA[java.lang.AssertionError: *** Images are not similar *** expected [true] but found [false]
at pages.pixel_perfect.PixelPerfectAssert.byElement(PixelPerfectAssert.java:109)
at tests.fundPageTests.AllPageFirefoxTests.resourcesHeaderFundPage(AllPageFirefoxTests.java:80)
at java.base/java.util.ArrayList.forEach(ArrayList.java:1540)
... Removed 34 stack frames]]>
    </failure>
  </testcase> <!-- resourcesHeaderFundPage -->
  <testcase classname="tests.fundPageTests.AllPageFirefoxTests" name="mainSectionFundPage" time="5.581">
    <skipped/>
  </testcase> <!-- mainSectionFundPage -->
  <testcase classname="tests.fundPageTests.AllPageFirefoxTests" name="mainSectionFundPage" time="5.504">
    <skipped/>
  </testcase> <!-- mainSectionFundPage -->
  <testcase classname="tests.fundPageTests.AllPageFirefoxTests" name="mainSectionFundPage" time="5.62">
    <failure type="java.lang.AssertionError" message="*** Images are not similar *** expected [true] but found [false]">
      <![CDATA[java.lang.AssertionError: *** Images are not similar *** expected [true] but found [false]
at pages.pixel_perfect.PixelPerfectAssert.byElement(PixelPerfectAssert.java:109)
at tests.fundPageTests.AllPageFirefoxTests.mainSectionFundPage(AllPageFirefoxTests.java:118)
at java.base/java.util.ArrayList.forEach(ArrayList.java:1540)
... Removed 34 stack frames]]>
    </failure>
  </testcase> <!-- mainSectionFundPage -->
  <testcase classname="tests.fundPageTests.AllPageFirefoxTests" name="allFooterFundPage" time="4.632">
    <skipped/>
  </testcase> <!-- allFooterFundPage -->
  <testcase classname="tests.fundPageTests.AllPageFirefoxTests" name="allFooterFundPage" time="4.592">
    <skipped/>
  </testcase> <!-- allFooterFundPage -->
  <testcase classname="tests.fundPageTests.AllPageFirefoxTests" name="allFooterFundPage" time="4.589">
    <failure type="java.lang.AssertionError" message="*** Images are not similar *** expected [true] but found [false]">
      <![CDATA[java.lang.AssertionError: *** Images are not similar *** expected [true] but found [false]
at pages.pixel_perfect.PixelPerfectAssert.byElement(PixelPerfectAssert.java:109)
at tests.fundPageTests.AllPageFirefoxTests.allFooterFundPage(AllPageFirefoxTests.java:139)
at java.base/java.util.ArrayList.forEach(ArrayList.java:1540)
... Removed 34 stack frames]]>
    </failure>
  </testcase> <!-- allFooterFundPage -->
  <testcase classname="tests.fundPageTests.AllPageFirefoxTests" name="partnFooterFundPage" time="4.842"/>
  <testcase classname="tests.fundPageTests.AllPageFirefoxTests" name="subFooterFundPage" time="4.36">
    <skipped/>
  </testcase> <!-- subFooterFundPage -->
  <testcase classname="tests.fundPageTests.AllPageFirefoxTests" name="subFooterFundPage" time="4.378">
    <skipped/>
  </testcase> <!-- subFooterFundPage -->
  <testcase classname="tests.fundPageTests.AllPageFirefoxTests" name="subFooterFundPage" time="4.355">
    <failure type="java.lang.AssertionError" message="*** Images are not similar *** expected [true] but found [false]">
      <![CDATA[java.lang.AssertionError: *** Images are not similar *** expected [true] but found [false]
at pages.pixel_perfect.PixelPerfectAssert.byElement(PixelPerfectAssert.java:109)
at tests.fundPageTests.AllPageFirefoxTests.subFooterFundPage(AllPageFirefoxTests.java:177)
at java.base/java.util.ArrayList.forEach(ArrayList.java:1540)
... Removed 34 stack frames]]>
    </failure>
  </testcase> <!-- subFooterFundPage -->
  <testcase classname="tests.fundPageTests.AllPageFirefoxTests" name="copFooterFundPage" time="3.435">
    <skipped/>
  </testcase> <!-- copFooterFundPage -->
  <testcase classname="tests.fundPageTests.AllPageFirefoxTests" name="copFooterFundPage" time="3.406">
    <skipped/>
  </testcase> <!-- copFooterFundPage -->
  <testcase classname="tests.fundPageTests.AllPageFirefoxTests" name="copFooterFundPage" time="3.422">
    <failure type="java.lang.AssertionError" message="*** Images are not similar *** expected [true] but found [false]">
      <![CDATA[java.lang.AssertionError: *** Images are not similar *** expected [true] but found [false]
at pages.pixel_perfect.PixelPerfectAssert.byElement(PixelPerfectAssert.java:109)
at tests.fundPageTests.AllPageFirefoxTests.copFooterFundPage(AllPageFirefoxTests.java:196)
at java.base/java.util.ArrayList.forEach(ArrayList.java:1540)
... Removed 34 stack frames]]>
    </failure>
  </testcase> <!-- copFooterFundPage -->
  <testcase classname="tests.fundPageTests.AllPageChromeTests" name="allHeaderFundPage" time="6.672">
    <skipped/>
  </testcase> <!-- allHeaderFundPage -->
  <testcase classname="tests.fundPageTests.AllPageChromeTests" name="allHeaderFundPage" time="18.752">
    <skipped/>
  </testcase> <!-- allHeaderFundPage -->
  <testcase classname="tests.fundPageTests.AllPageChromeTests" name="allHeaderFundPage" time="18.683">
    <failure type="java.lang.AssertionError" message="*** Images are not similar *** expected [true] but found [false]">
      <![CDATA[java.lang.AssertionError: *** Images are not similar *** expected [true] but found [false]
at pages.pixel_perfect.PixelPerfectAssert.byElement(PixelPerfectAssert.java:109)
at tests.fundPageTests.AllPageChromeTests.allHeaderFundPage(AllPageChromeTests.java:28)
at java.base/java.util.ArrayList.forEach(ArrayList.java:1540)
... Removed 34 stack frames]]>
    </failure>
  </testcase> <!-- allHeaderFundPage -->
  <testcase classname="tests.fundPageTests.AllPageChromeTests" name="getStartedHeaderFundPage" time="4.284"/>
  <testcase classname="tests.fundPageTests.AllPageChromeTests" name="learnHeaderFundPage" time="4.26"/>
  <testcase classname="tests.fundPageTests.AllPageChromeTests" name="resourcesHeaderFundPage" time="3.796">
    <skipped/>
  </testcase> <!-- resourcesHeaderFundPage -->
  <testcase classname="tests.fundPageTests.AllPageChromeTests" name="resourcesHeaderFundPage" time="3.765">
    <skipped/>
  </testcase> <!-- resourcesHeaderFundPage -->
  <testcase classname="tests.fundPageTests.AllPageChromeTests" name="resourcesHeaderFundPage" time="3.751">
    <failure type="java.lang.AssertionError" message="*** Images are not similar *** expected [true] but found [false]">
      <![CDATA[java.lang.AssertionError: *** Images are not similar *** expected [true] but found [false]
at pages.pixel_perfect.PixelPerfectAssert.byElement(PixelPerfectAssert.java:109)
at tests.fundPageTests.AllPageChromeTests.resourcesHeaderFundPage(AllPageChromeTests.java:82)
at java.base/java.util.ArrayList.forEach(ArrayList.java:1540)
... Removed 34 stack frames]]>
    </failure>
  </testcase> <!-- resourcesHeaderFundPage -->
  <testcase classname="tests.fundPageTests.AllPageChromeTests" name="mainSectionFundPage" time="5.798">
    <skipped/>
  </testcase> <!-- mainSectionFundPage -->
  <testcase classname="tests.fundPageTests.AllPageChromeTests" name="mainSectionFundPage" time="5.813">
    <skipped/>
  </testcase> <!-- mainSectionFundPage -->
  <testcase classname="tests.fundPageTests.AllPageChromeTests" name="mainSectionFundPage" time="5.832">
    <failure type="java.lang.AssertionError" message="*** Images are not similar *** expected [true] but found [false]">
      <![CDATA[java.lang.AssertionError: *** Images are not similar *** expected [true] but found [false]
at pages.pixel_perfect.PixelPerfectAssert.byElement(PixelPerfectAssert.java:109)
at tests.fundPageTests.AllPageChromeTests.mainSectionFundPage(AllPageChromeTests.java:120)
at java.base/java.util.ArrayList.forEach(ArrayList.java:1540)
... Removed 34 stack frames]]>
    </failure>
  </testcase> <!-- mainSectionFundPage -->
  <testcase classname="tests.fundPageTests.AllPageChromeTests" name="allFooterFundPage" time="4.918">
    <skipped/>
  </testcase> <!-- allFooterFundPage -->
  <testcase classname="tests.fundPageTests.AllPageChromeTests" name="allFooterFundPage" time="4.868">
    <skipped/>
  </testcase> <!-- allFooterFundPage -->
  <testcase classname="tests.fundPageTests.AllPageChromeTests" name="allFooterFundPage" time="4.872">
    <failure type="java.lang.AssertionError" message="*** Images are not similar *** expected [true] but found [false]">
      <![CDATA[java.lang.AssertionError: *** Images are not similar *** expected [true] but found [false]
at pages.pixel_perfect.PixelPerfectAssert.byElement(PixelPerfectAssert.java:109)
at tests.fundPageTests.AllPageChromeTests.allFooterFundPage(AllPageChromeTests.java:141)
at java.base/java.util.ArrayList.forEach(ArrayList.java:1540)
... Removed 34 stack frames]]>
    </failure>
  </testcase> <!-- allFooterFundPage -->
  <testcase classname="tests.fundPageTests.AllPageChromeTests" name="partnFooterFundPage" time="5.133"/>
  <testcase classname="tests.fundPageTests.AllPageChromeTests" name="subFooterFundPage" time="4.656">
    <skipped/>
  </testcase> <!-- subFooterFundPage -->
  <testcase classname="tests.fundPageTests.AllPageChromeTests" name="subFooterFundPage" time="4.619">
    <skipped/>
  </testcase> <!-- subFooterFundPage -->
  <testcase classname="tests.fundPageTests.AllPageChromeTests" name="subFooterFundPage" time="4.636">
    <failure type="java.lang.AssertionError" message="*** Images are not similar *** expected [true] but found [false]">
      <![CDATA[java.lang.AssertionError: *** Images are not similar *** expected [true] but found [false]
at pages.pixel_perfect.PixelPerfectAssert.byElement(PixelPerfectAssert.java:109)
at tests.fundPageTests.AllPageChromeTests.subFooterFundPage(AllPageChromeTests.java:179)
at java.base/java.util.ArrayList.forEach(ArrayList.java:1540)
... Removed 34 stack frames]]>
    </failure>
  </testcase> <!-- subFooterFundPage -->
  <testcase classname="tests.fundPageTests.AllPageChromeTests" name="copFooterFundPage" time="3.701">
    <skipped/>
  </testcase> <!-- copFooterFundPage -->
  <testcase classname="tests.fundPageTests.AllPageChromeTests" name="copFooterFundPage" time="3.727">
    <skipped/>
  </testcase> <!-- copFooterFundPage -->
  <testcase classname="tests.fundPageTests.AllPageChromeTests" name="copFooterFundPage" time="3.666">
    <failure type="java.lang.AssertionError" message="*** Images are not similar *** expected [true] but found [false]">
      <![CDATA[java.lang.AssertionError: *** Images are not similar *** expected [true] but found [false]
at pages.pixel_perfect.PixelPerfectAssert.byElement(PixelPerfectAssert.java:109)
at tests.fundPageTests.AllPageChromeTests.copFooterFundPage(AllPageChromeTests.java:198)
at java.base/java.util.ArrayList.forEach(ArrayList.java:1540)
... Removed 34 stack frames]]>
    </failure>
  </testcase> <!-- copFooterFundPage -->
</testsuite> <!-- ai-mood - Pixel perfect regression -->
